     50  lim, limit on number of iterations
 100.00  h1,  thickness of negative electrode (microns)
  25.00  h2,  thickness of separator (microns)
 100.00  h3,  thickness of positive electrode (microns)
  25.00  hcn, thickness of negative electrode current collector (microns)
  25.00  hcp, thickness of positive electrode current collector (microns)
     80  n1,  number of nodes in negative electrode
     40  n2,  number of nodes in separator
     80  n3,  number of nodes in positive electrode
 298.00  T,   temperature (K)

 1000.0  xx(1,n1+2), initial concentration (mol/m3)
 0.6000  csx,   initial stoichiometric parameter for negative
 0.5000  csy,   initial stoichiometric parameter for positive
   30.0  tmmax, maximum time step size (s)
 .4E-13  dfs1, diffusion coefficient in negative solid (m2/s)
 .1E-12  dfs3, diffusion coefficient in positive solid (m2/s)
  10.00  Rad1,  radius of negative particles (microns)
  10.00  Rad3,  radius of positive particles (microns)

  0.300  ep1,   volume fraction of electrolyte in negative electrode
  0.000  epp1,  volume fraction of polymer phase in negative electrode
  0.100  epf1,  volume fraction of inert filler in negative electrode
  1.000  ep2,   volume fraction of electrolyte in separator
  0.000  epp2,  volume fraction of polymer phase in separator
  0.300  ep3,   volume fraction of electrolyte in positive electrode
  0.000  epp3,  volume fraction of polymer phase in positive electrode
  0.200  epf3,  volume fraction of inert filler in positive electrode
 0.10E+03  sig1,  conductivity of negative matrix (S/m)
  10.      sig3,  conductivity of positive matrix (S/m)
  372.00  cot1,  coulombic capacity of negative material (mAh/g)
  274.00  cot3,  coulombic capacity of positive material (mAh/g)
 .1E-04  rka1,  reaction rate constant for negative reaction 
 .3E-10  rka3,  reaction rate constant for positive reaction

 1324.0  re,   density of electrolyte (kg/m3)
 1800.0  rs1,  density of negative insertion material (kg/m3)
 5010.0  rs3,  density of positive insertion material (kg/m3)
 1800.0  rf,   density of inert filler (kg/m3)
 1780.0  rpl,  density of polymer phase (kg/m3)
    0.0  rc,   density of separator material (kg/m3)
 8954.0  rcn,  density of negative current collector (kg/m3)
 2707.0  rcp,  density of positive current collector (kg/m3)

   0.001000  ranode,   anode film resistance (ohm-m2)
   0.000000  rcathde,  cathode film resistance (ohm-m2)
   0.00  htc,   heat-transfer coefficient with external medium (W/m2K)
   0.000000  dUdT,  temperature coefficient of EMF (V/K)
 2000.0  Cp,    heat capacity of cell (J/kg-K)
   0.00  residm,    residual mass (kg/m2)
 298.00  Tam,   ambient temperature (K)
      1  ncell, number of cells in a cell stack
      2  lht,   0 uses htc,  1 calcs htc,  2 isothermal

      0    nside, side reaction flag 

      1  il1,   1 for long print-out  0 for short print-out
     10  il2,   prints every il2 th node in long print-out
     10  il3,   prints every il3 th time step in long print-out
      1  lflag, 0 for electrolyte in separator only, 1 for uniform
      1  imp, 0 for no impedance, 1 for impedance
   0.00  capp1,  capacitance of negative material (F/m2)
   0.00  capp3,  capacitance of positive material (F/m2)
      1  lcurs, number of current changes
  
 MCMB 2528 Graphite (Bellcore)
 LiPF6 in EC:DMC
 LiCoO2 (Cobalt dioxide)
 open-circuit potential, negative   0.178978294
 delta S negative   0.
 open-circuit potential, positive   4.24165195
 delta S positive   0.
  
      DUAL INSERTION CELL VERSION 5.1
  
          IMPEDANCE OPTION   
  
   Omega                Z real         Z imag  
  (Rad/s)              (ohm cm2)      (ohm cm2)  
7943282.34724         10.481827        -0.000104
6309573.44480         10.481839        -0.000117
5011872.33627         10.481854        -0.000131
3981071.70553         10.481870        -0.000147
3162277.66017         10.481888        -0.000165
2511886.43151         10.481908        -0.000186
1995262.31497         10.481930        -0.000208
1584893.19246         10.481956        -0.000234
1258925.41179         10.481984        -0.000262
1000000.00000         10.482016        -0.000294
 794328.23472         10.482052        -0.000330
 630957.34448         10.482092        -0.000370
 501187.23363         10.482138        -0.000416
 398107.17055         10.482188        -0.000466
 316227.76602         10.482245        -0.000523
 251188.64315         10.482309        -0.000587
 199526.23150         10.482380        -0.000659
 158489.31925         10.482461        -0.000740
 125892.54118         10.482551        -0.000830
 100000.00000         10.482652        -0.000931
  79432.82347         10.482765        -0.001045
  63095.73445         10.482892        -0.001173
  50118.72336         10.483035        -0.001317
  39810.71706         10.483195        -0.001478
  31622.77660         10.483375        -0.001659
  25118.86432         10.483577        -0.001862
  19952.62315         10.483803        -0.002091
  15848.93192         10.484057        -0.002347
  12589.25412         10.484342        -0.002635
  10000.00000         10.484661        -0.002959
   7943.28235         10.485020        -0.003323
   6309.57344         10.485423        -0.003732
   5011.87234         10.485874        -0.004191
   3981.07171         10.486381        -0.004708
   3162.27766         10.486949        -0.005290
   2511.88643         10.487587        -0.005944
   1995.26231         10.488303        -0.006680
   1584.89319         10.489106        -0.007508
   1258.92541         10.490007        -0.008442
   1000.00000         10.491018        -0.009493
    794.32823         10.492152        -0.010679
    630.95734         10.493426        -0.012016
    501.18723         10.494855        -0.013525
    398.10717         10.496458        -0.015229
    316.22777         10.498258        -0.017154
    251.18864         10.500279        -0.019332
    199.52623         10.502547        -0.021797
    158.48932         10.505093        -0.024589
    125.89254         10.507952        -0.027756
    100.00000         10.511163        -0.031350
     79.43282         10.514770        -0.035436
     63.09573         10.518823        -0.040085
     50.11872         10.523378        -0.045381
     39.81072         10.528501        -0.051425
     31.62278         10.534263        -0.058329
     25.11886         10.540750        -0.066229
     19.95262         10.548056        -0.075282
     15.84893         10.556292        -0.085674
     12.58925         10.565584        -0.097623
     10.00000         10.576082        -0.111387
      7.94328         10.587962        -0.127270
      6.30957         10.601438        -0.145625
      5.01187         10.616767        -0.166864
      3.98107         10.634258        -0.191455
      3.16228         10.654276        -0.219933
      2.51189         10.677249        -0.252901
      1.99526         10.703676        -0.291042
      1.58489         10.734128        -0.335135
      1.25893         10.769269        -0.386066
      1.00000         10.809864        -0.444841
      0.79433         10.856792        -0.512596
      0.63096         10.911037        -0.590602
      0.50119         10.973634        -0.680326
      0.39811         11.045645        -0.783619
      0.31623         11.128354        -0.903042
      0.25119         11.223833        -1.042043
      0.19953         11.335709        -1.204665
      0.15849         11.469762        -1.394670
      0.12589         11.634008        -1.614206
      0.10000         11.838011        -1.862188
      0.07943         12.090918        -2.132716
      0.06310         12.397850        -2.414676
      0.05012         12.755537        -2.694237
      0.03981         13.150024        -2.960808
      0.03162         13.559054        -3.213804
      0.02512         13.958047        -3.466198
      0.01995         14.325756        -3.743882
      0.01585         14.647500        -4.083323
      0.01259         14.916729        -4.529095
      0.01000         15.134967        -5.131337
      0.00794         15.309634        -5.944215
      0.00631         15.450735        -7.026940
      0.00501         15.568163        -8.447287
      0.00398         15.670288       -10.286636
      0.00316         15.763692       -12.645936
      0.00251         15.853868       -15.652284
      0.00200         15.946345       -19.465788
      0.00158         16.047176       -24.287083
      0.00126         16.162033       -30.366856
      0.00100         16.294091       -38.019138
      0.00079         16.441616       -47.639934
      0.00063         16.596767       -59.732251
      0.00050         16.747255       -74.937375
      0.00040         16.880814       -94.071100
      0.00032         16.989703      -118.165027
      0.00025         17.072260      -148.516837
      0.00020         17.131386      -186.755496
      0.00016         17.172000      -234.926444
      0.00013         17.199097      -295.600745
      0.00010         17.216823      -372.012914
 
   Omega            Z real        Z imag  
  (Rad/s)          (ohmcm2)      (ohmcm2) 
   0.794328E+07,    0.104818E+02,   -0.104307E-03
   0.630957E+07,    0.104818E+02,   -0.117038E-03
   0.501187E+07,    0.104819E+02,   -0.131323E-03
   0.398107E+07,    0.104819E+02,   -0.147353E-03
   0.316228E+07,    0.104819E+02,   -0.165339E-03
   0.251189E+07,    0.104819E+02,   -0.185522E-03
   0.199526E+07,    0.104819E+02,   -0.208170E-03
   0.158489E+07,    0.104820E+02,   -0.233584E-03
   0.125893E+07,    0.104820E+02,   -0.262103E-03
   0.100000E+07,    0.104820E+02,   -0.294107E-03
   0.794328E+06,    0.104821E+02,   -0.330020E-03
   0.630957E+06,    0.104821E+02,   -0.370323E-03
   0.501187E+06,    0.104821E+02,   -0.415553E-03
   0.398107E+06,    0.104822E+02,   -0.466313E-03
   0.316228E+06,    0.104822E+02,   -0.523280E-03
   0.251189E+06,    0.104823E+02,   -0.587216E-03
   0.199526E+06,    0.104824E+02,   -0.658976E-03
   0.158489E+06,    0.104825E+02,   -0.739521E-03
   0.125893E+06,    0.104826E+02,   -0.829929E-03
   0.100000E+06,    0.104827E+02,   -0.931412E-03
   0.794328E+05,    0.104828E+02,   -0.104534E-02
   0.630957E+05,    0.104829E+02,   -0.117323E-02
   0.501187E+05,    0.104830E+02,   -0.131682E-02
   0.398107E+05,    0.104832E+02,   -0.147804E-02
   0.316228E+05,    0.104834E+02,   -0.165908E-02
   0.251189E+05,    0.104836E+02,   -0.186238E-02
   0.199526E+05,    0.104838E+02,   -0.209071E-02
   0.158489E+05,    0.104841E+02,   -0.234719E-02
   0.125893E+05,    0.104843E+02,   -0.263531E-02
   0.100000E+05,    0.104847E+02,   -0.295904E-02
   0.794328E+04,    0.104850E+02,   -0.332283E-02
   0.630957E+04,    0.104854E+02,   -0.373171E-02
   0.501187E+04,    0.104859E+02,   -0.419137E-02
   0.398107E+04,    0.104864E+02,   -0.470823E-02
   0.316228E+04,    0.104869E+02,   -0.528956E-02
   0.251189E+04,    0.104876E+02,   -0.594359E-02
   0.199526E+04,    0.104883E+02,   -0.667965E-02
   0.158489E+04,    0.104891E+02,   -0.750832E-02
   0.125893E+04,    0.104900E+02,   -0.844162E-02
   0.100000E+04,    0.104910E+02,   -0.949322E-02
   0.794328E+03,    0.104922E+02,   -0.106787E-01
   0.630957E+03,    0.104934E+02,   -0.120157E-01
   0.501187E+03,    0.104949E+02,   -0.135246E-01
   0.398107E+03,    0.104965E+02,   -0.152286E-01
   0.316228E+03,    0.104983E+02,   -0.171542E-01
   0.251189E+03,    0.105003E+02,   -0.193318E-01
   0.199526E+03,    0.105025E+02,   -0.217966E-01
   0.158489E+03,    0.105051E+02,   -0.245890E-01
   0.125893E+03,    0.105080E+02,   -0.277556E-01
   0.100000E+03,    0.105112E+02,   -0.313503E-01
   0.794328E+02,    0.105148E+02,   -0.354358E-01
   0.630957E+02,    0.105188E+02,   -0.400847E-01
   0.501187E+02,    0.105234E+02,   -0.453815E-01
   0.398107E+02,    0.105285E+02,   -0.514246E-01
   0.316228E+02,    0.105343E+02,   -0.583291E-01
   0.251189E+02,    0.105408E+02,   -0.662292E-01
   0.199526E+02,    0.105481E+02,   -0.752825E-01
   0.158489E+02,    0.105563E+02,   -0.856744E-01
   0.125893E+02,    0.105656E+02,   -0.976235E-01
   0.100000E+02,    0.105761E+02,   -0.111387E+00
   0.794328E+01,    0.105880E+02,   -0.127270E+00
   0.630957E+01,    0.106014E+02,   -0.145625E+00
   0.501187E+01,    0.106168E+02,   -0.166864E+00
   0.398107E+01,    0.106343E+02,   -0.191455E+00
   0.316228E+01,    0.106543E+02,   -0.219933E+00
   0.251189E+01,    0.106772E+02,   -0.252901E+00
   0.199526E+01,    0.107037E+02,   -0.291042E+00
   0.158489E+01,    0.107341E+02,   -0.335135E+00
   0.125893E+01,    0.107693E+02,   -0.386066E+00
   0.100000E+01,    0.108099E+02,   -0.444841E+00
   0.794328E+00,    0.108568E+02,   -0.512596E+00
   0.630957E+00,    0.109110E+02,   -0.590602E+00
   0.501187E+00,    0.109736E+02,   -0.680326E+00
   0.398107E+00,    0.110456E+02,   -0.783619E+00
   0.316228E+00,    0.111284E+02,   -0.903042E+00
   0.251189E+00,    0.112238E+02,   -0.104204E+01
   0.199526E+00,    0.113357E+02,   -0.120467E+01
   0.158489E+00,    0.114698E+02,   -0.139467E+01
   0.125893E+00,    0.116340E+02,   -0.161421E+01
   0.100000E+00,    0.118380E+02,   -0.186219E+01
   0.794328E-01,    0.120909E+02,   -0.213272E+01
   0.630957E-01,    0.123979E+02,   -0.241468E+01
   0.501187E-01,    0.127555E+02,   -0.269424E+01
   0.398107E-01,    0.131500E+02,   -0.296081E+01
   0.316228E-01,    0.135591E+02,   -0.321380E+01
   0.251189E-01,    0.139580E+02,   -0.346620E+01
   0.199526E-01,    0.143258E+02,   -0.374388E+01
   0.158489E-01,    0.146475E+02,   -0.408332E+01
   0.125893E-01,    0.149167E+02,   -0.452910E+01
   0.100000E-01,    0.151350E+02,   -0.513134E+01
   0.794328E-02,    0.153096E+02,   -0.594422E+01
   0.630957E-02,    0.154507E+02,   -0.702694E+01
   0.501187E-02,    0.155682E+02,   -0.844729E+01
   0.398107E-02,    0.156703E+02,   -0.102866E+02
   0.316228E-02,    0.157637E+02,   -0.126459E+02
   0.251189E-02,    0.158539E+02,   -0.156523E+02
   0.199526E-02,    0.159463E+02,   -0.194658E+02
   0.158489E-02,    0.160472E+02,   -0.242871E+02
   0.125893E-02,    0.161620E+02,   -0.303669E+02
   0.100000E-02,    0.162941E+02,   -0.380191E+02
   0.794328E-03,    0.164416E+02,   -0.476399E+02
   0.630957E-03,    0.165968E+02,   -0.597323E+02
   0.501187E-03,    0.167473E+02,   -0.749374E+02
   0.398107E-03,    0.168808E+02,   -0.940711E+02
   0.316228E-03,    0.169897E+02,   -0.118165E+03
   0.251189E-03,    0.170723E+02,   -0.148517E+03
   0.199526E-03,    0.171314E+02,   -0.186755E+03
   0.158489E-03,    0.171720E+02,   -0.234926E+03
   0.125893E-03,    0.171991E+02,   -0.295601E+03
   0.100000E-03,    0.172168E+02,   -0.372013E+03
 
   Omega           Z reala       Z imaga  
  (Rad/s)          (ohmcm2)      (ohmcm2) 
   0.794328E+07,    0.199180E+01,   -0.735491E-05
   0.630957E+07,    0.199180E+01,   -0.825459E-05
   0.501187E+07,    0.199180E+01,   -0.926463E-05
   0.398107E+07,    0.199180E+01,   -0.103986E-04
   0.316228E+07,    0.199180E+01,   -0.116719E-04
   0.251189E+07,    0.199181E+01,   -0.131018E-04
   0.199526E+07,    0.199181E+01,   -0.147075E-04
   0.158489E+07,    0.199181E+01,   -0.165111E-04
   0.125893E+07,    0.199181E+01,   -0.185370E-04
   0.100000E+07,    0.199181E+01,   -0.208130E-04
   0.794328E+06,    0.199182E+01,   -0.233704E-04
   0.630957E+06,    0.199182E+01,   -0.262445E-04
   0.501187E+06,    0.199182E+01,   -0.294750E-04
   0.398107E+06,    0.199183E+01,   -0.331071E-04
   0.316228E+06,    0.199183E+01,   -0.371916E-04
   0.251189E+06,    0.199183E+01,   -0.417860E-04
   0.199526E+06,    0.199184E+01,   -0.469556E-04
   0.158489E+06,    0.199184E+01,   -0.527744E-04
   0.125893E+06,    0.199185E+01,   -0.593263E-04
   0.100000E+06,    0.199186E+01,   -0.667068E-04
   0.794328E+05,    0.199187E+01,   -0.750244E-04
   0.630957E+05,    0.199187E+01,   -0.844029E-04
   0.501187E+05,    0.199189E+01,   -0.949836E-04
   0.398107E+05,    0.199190E+01,   -0.106928E-03
   0.316228E+05,    0.199191E+01,   -0.120421E-03
   0.251189E+05,    0.199192E+01,   -0.135673E-03
   0.199526E+05,    0.199194E+01,   -0.152928E-03
   0.158489E+05,    0.199196E+01,   -0.172464E-03
   0.125893E+05,    0.199198E+01,   -0.194599E-03
   0.100000E+05,    0.199200E+01,   -0.219698E-03
   0.794328E+04,    0.199203E+01,   -0.248177E-03
   0.630957E+04,    0.199205E+01,   -0.280515E-03
   0.501187E+04,    0.199209E+01,   -0.317261E-03
   0.398107E+04,    0.199212E+01,   -0.359058E-03
   0.316228E+04,    0.199216E+01,   -0.406662E-03
   0.251189E+04,    0.199221E+01,   -0.460972E-03
   0.199526E+04,    0.199226E+01,   -0.523059E-03
   0.158489E+04,    0.199232E+01,   -0.594204E-03
   0.125893E+04,    0.199238E+01,   -0.675939E-03
   0.100000E+04,    0.199245E+01,   -0.770094E-03
   0.794328E+03,    0.199253E+01,   -0.878857E-03
   0.630957E+03,    0.199262E+01,   -0.100484E-02
   0.501187E+03,    0.199273E+01,   -0.115116E-02
   0.398107E+03,    0.199284E+01,   -0.132156E-02
   0.316228E+03,    0.199297E+01,   -0.152051E-02
   0.251189E+03,    0.199311E+01,   -0.175342E-02
   0.199526E+03,    0.199328E+01,   -0.202681E-02
   0.158489E+03,    0.199346E+01,   -0.234856E-02
   0.125893E+03,    0.199367E+01,   -0.272822E-02
   0.100000E+03,    0.199391E+01,   -0.317739E-02
   0.794328E+02,    0.199418E+01,   -0.371015E-02
   0.630957E+02,    0.199448E+01,   -0.434348E-02
   0.501187E+02,    0.199484E+01,   -0.509764E-02
   0.398107E+02,    0.199524E+01,   -0.599692E-02
   0.316228E+02,    0.199570E+01,   -0.707143E-02
   0.251189E+02,    0.199623E+01,   -0.836014E-02
   0.199526E+02,    0.199684E+01,   -0.991404E-02
   0.158489E+02,    0.199755E+01,   -0.117980E-01
   0.125893E+02,    0.199840E+01,   -0.140899E-01
   0.100000E+02,    0.199945E+01,   -0.168769E-01
   0.794328E+01,    0.200079E+01,   -0.202478E-01
   0.630957E+01,    0.200252E+01,   -0.242837E-01
   0.501187E+01,    0.200478E+01,   -0.290479E-01
   0.398107E+01,    0.200771E+01,   -0.345804E-01
   0.316228E+01,    0.201143E+01,   -0.409025E-01
   0.251189E+01,    0.201608E+01,   -0.480274E-01
   0.199526E+01,    0.202177E+01,   -0.559704E-01
   0.158489E+01,    0.202860E+01,   -0.647517E-01
   0.125893E+01,    0.203669E+01,   -0.743916E-01
   0.100000E+01,    0.204614E+01,   -0.849030E-01
   0.794328E+00,    0.205704E+01,   -0.962835E-01
   0.630957E+00,    0.206939E+01,   -0.108515E+00
   0.501187E+00,    0.208308E+01,   -0.121614E+00
   0.398107E+00,    0.209779E+01,   -0.135791E+00
   0.316228E+00,    0.211315E+01,   -0.151682E+00
   0.251189E+00,    0.212903E+01,   -0.170470E+00
   0.199526E+00,    0.214602E+01,   -0.193750E+00
   0.158489E+00,    0.216566E+01,   -0.223131E+00
   0.125893E+00,    0.219065E+01,   -0.259637E+00
   0.100000E+00,    0.222454E+01,   -0.302943E+00
   0.794328E-01,    0.227105E+01,   -0.350631E+00
   0.630957E-01,    0.233256E+01,   -0.397941E+00
   0.501187E-01,    0.240850E+01,   -0.438655E+00
   0.398107E-01,    0.249448E+01,   -0.467310E+00
   0.316228E-01,    0.258334E+01,   -0.481730E+00
   0.251189E-01,    0.266794E+01,   -0.484078E+00
   0.199526E-01,    0.274367E+01,   -0.479660E+00
   0.158489E-01,    0.280926E+01,   -0.474561E+00
   0.125893E-01,    0.286590E+01,   -0.473780E+00
   0.100000E-01,    0.291560E+01,   -0.480687E+00
   0.794328E-02,    0.295997E+01,   -0.497680E+00
   0.630957E-02,    0.299998E+01,   -0.527334E+00
   0.501187E-02,    0.303660E+01,   -0.573173E+00
   0.398107E-02,    0.307165E+01,   -0.639629E+00
   0.316228E-02,    0.310820E+01,   -0.731479E+00
   0.251189E-02,    0.315057E+01,   -0.853218E+00
   0.199526E-02,    0.320389E+01,   -0.100856E+01
   0.158489E-02,    0.327342E+01,   -0.120007E+01
   0.125893E-02,    0.336339E+01,   -0.142898E+01
   0.100000E-02,    0.347530E+01,   -0.169580E+01
   0.794328E-03,    0.360602E+01,   -0.200219E+01
   0.630957E-03,    0.374688E+01,   -0.235463E+01
   0.501187E-03,    0.388532E+01,   -0.276878E+01
   0.398107E-03,    0.400908E+01,   -0.327210E+01
   0.316228E-03,    0.411040E+01,   -0.390318E+01
   0.251189E-03,    0.418740E+01,   -0.470931E+01
   0.199526E-03,    0.424262E+01,   -0.574531E+01
   0.158489E-03,    0.428059E+01,   -0.707489E+01
   0.125893E-03,    0.430593E+01,   -0.877433E+01
   0.100000E-03,    0.432252E+01,   -0.109373E+02
 
   Omega           Z realc       Z imagc  
  (Rad/s)          (ohmcm2)      (ohmcm2) 
   0.794328E+07,    0.849003E+01,   -0.969523E-04
   0.630957E+07,    0.849004E+01,   -0.108783E-03
   0.501187E+07,    0.849005E+01,   -0.122059E-03
   0.398107E+07,    0.849007E+01,   -0.136954E-03
   0.316228E+07,    0.849008E+01,   -0.153667E-03
   0.251189E+07,    0.849010E+01,   -0.172420E-03
   0.199526E+07,    0.849012E+01,   -0.193463E-03
   0.158489E+07,    0.849015E+01,   -0.217073E-03
   0.125893E+07,    0.849017E+01,   -0.243566E-03
   0.100000E+07,    0.849020E+01,   -0.273294E-03
   0.794328E+06,    0.849024E+01,   -0.306650E-03
   0.630957E+06,    0.849027E+01,   -0.344079E-03
   0.501187E+06,    0.849032E+01,   -0.386078E-03
   0.398107E+06,    0.849036E+01,   -0.433206E-03
   0.316228E+06,    0.849042E+01,   -0.486089E-03
   0.251189E+06,    0.849047E+01,   -0.545430E-03
   0.199526E+06,    0.849054E+01,   -0.612021E-03
   0.158489E+06,    0.849062E+01,   -0.686746E-03
   0.125893E+06,    0.849070E+01,   -0.770602E-03
   0.100000E+06,    0.849079E+01,   -0.864706E-03
   0.794328E+05,    0.849090E+01,   -0.970311E-03
   0.630957E+05,    0.849102E+01,   -0.108883E-02
   0.501187E+05,    0.849115E+01,   -0.122184E-02
   0.398107E+05,    0.849130E+01,   -0.137111E-02
   0.316228E+05,    0.849147E+01,   -0.153866E-02
   0.251189E+05,    0.849165E+01,   -0.172671E-02
   0.199526E+05,    0.849186E+01,   -0.193778E-02
   0.158489E+05,    0.849210E+01,   -0.217472E-02
   0.125893E+05,    0.849236E+01,   -0.244071E-02
   0.100000E+05,    0.849266E+01,   -0.273934E-02
   0.794328E+04,    0.849299E+01,   -0.307465E-02
   0.630957E+04,    0.849337E+01,   -0.345119E-02
   0.501187E+04,    0.849379E+01,   -0.387411E-02
   0.398107E+04,    0.849426E+01,   -0.434917E-02
   0.316228E+04,    0.849479E+01,   -0.488290E-02
   0.251189E+04,    0.849538E+01,   -0.548262E-02
   0.199526E+04,    0.849604E+01,   -0.615660E-02
   0.158489E+04,    0.849679E+01,   -0.691412E-02
   0.125893E+04,    0.849763E+01,   -0.776568E-02
   0.100000E+04,    0.849856E+01,   -0.872312E-02
   0.794328E+03,    0.849962E+01,   -0.979981E-02
   0.630957E+03,    0.850080E+01,   -0.110109E-01
   0.501187E+03,    0.850213E+01,   -0.123735E-01
   0.398107E+03,    0.850362E+01,   -0.139071E-01
   0.316228E+03,    0.850529E+01,   -0.156337E-01
   0.251189E+03,    0.850716E+01,   -0.175784E-01
   0.199526E+03,    0.850927E+01,   -0.197698E-01
   0.158489E+03,    0.851163E+01,   -0.222404E-01
   0.125893E+03,    0.851428E+01,   -0.250274E-01
   0.100000E+03,    0.851725E+01,   -0.281729E-01
   0.794328E+02,    0.852059E+01,   -0.317257E-01
   0.630957E+02,    0.852434E+01,   -0.357412E-01
   0.501187E+02,    0.852854E+01,   -0.402838E-01
   0.398107E+02,    0.853326E+01,   -0.454277E-01
   0.316228E+02,    0.853857E+01,   -0.512577E-01
   0.251189E+02,    0.854452E+01,   -0.578690E-01
   0.199526E+02,    0.855122E+01,   -0.653685E-01
   0.158489E+02,    0.855874E+01,   -0.738764E-01
   0.125893E+02,    0.856718E+01,   -0.835335E-01
   0.100000E+02,    0.857663E+01,   -0.945106E-01
   0.794328E+01,    0.858717E+01,   -0.107022E+00
   0.630957E+01,    0.859892E+01,   -0.121341E+00
   0.501187E+01,    0.861199E+01,   -0.137816E+00
   0.398107E+01,    0.862655E+01,   -0.156875E+00
   0.316228E+01,    0.864284E+01,   -0.179031E+00
   0.251189E+01,    0.866117E+01,   -0.204873E+00
   0.199526E+01,    0.868191E+01,   -0.235071E+00
   0.158489E+01,    0.870553E+01,   -0.270383E+00
   0.125893E+01,    0.873258E+01,   -0.311675E+00
   0.100000E+01,    0.876372E+01,   -0.359938E+00
   0.794328E+00,    0.879975E+01,   -0.416312E+00
   0.630957E+00,    0.884164E+01,   -0.482088E+00
   0.501187E+00,    0.889055E+01,   -0.558712E+00
   0.398107E+00,    0.894785E+01,   -0.647828E+00
   0.316228E+00,    0.901521E+01,   -0.751360E+00
   0.251189E+00,    0.909480E+01,   -0.871574E+00
   0.199526E+00,    0.918969E+01,   -0.101092E+01
   0.158489E+00,    0.930410E+01,   -0.117154E+01
   0.125893E+00,    0.944336E+01,   -0.135457E+01
   0.100000E+00,    0.961347E+01,   -0.155924E+01
   0.794328E-01,    0.981987E+01,   -0.178208E+01
   0.630957E-01,    0.100653E+02,   -0.201674E+01
   0.501187E-01,    0.103470E+02,   -0.225558E+01
   0.398107E-01,    0.106555E+02,   -0.249350E+01
   0.316228E-01,    0.109757E+02,   -0.273207E+01
   0.251189E-01,    0.112901E+02,   -0.298212E+01
   0.199526E-01,    0.115821E+02,   -0.326422E+01
   0.158489E-01,    0.118382E+02,   -0.360876E+01
   0.125893E-01,    0.120508E+02,   -0.405532E+01
   0.100000E-01,    0.122194E+02,   -0.465065E+01
   0.794328E-02,    0.123497E+02,   -0.544654E+01
   0.630957E-02,    0.124508E+02,   -0.649961E+01
   0.501187E-02,    0.125316E+02,   -0.787411E+01
   0.398107E-02,    0.125986E+02,   -0.964701E+01
   0.316228E-02,    0.126555E+02,   -0.119145E+02
   0.251189E-02,    0.127033E+02,   -0.147991E+02
   0.199526E-02,    0.127425E+02,   -0.184572E+02
   0.158489E-02,    0.127738E+02,   -0.230870E+02
   0.125893E-02,    0.127986E+02,   -0.289379E+02
   0.100000E-02,    0.128188E+02,   -0.363233E+02
   0.794328E-03,    0.128356E+02,   -0.456377E+02
   0.630957E-03,    0.128499E+02,   -0.573776E+02
   0.501187E-03,    0.128619E+02,   -0.721686E+02
   0.398107E-03,    0.128717E+02,   -0.907990E+02
   0.316228E-03,    0.128793E+02,   -0.114262E+03
   0.251189E-03,    0.128849E+02,   -0.143808E+03
   0.199526E-03,    0.128888E+02,   -0.181010E+03
   0.158489E-03,    0.128914E+02,   -0.227852E+03
   0.125893E-03,    0.128932E+02,   -0.286826E+03
   0.100000E-03,    0.128943E+02,   -0.361076E+03
 
   Omega             Z mag         phi  
  (Rad/s)           (ohmcm2)      (deg) 
   0.794328E+07,    0.104818E+02,    0.570164E-03
   0.630957E+07,    0.104818E+02,    0.639753E-03
   0.501187E+07,    0.104819E+02,    0.717837E-03
   0.398107E+07,    0.104819E+02,    0.805455E-03
   0.316228E+07,    0.104819E+02,    0.903772E-03
   0.251189E+07,    0.104819E+02,    0.101409E-02
   0.199526E+07,    0.104819E+02,    0.113789E-02
   0.158489E+07,    0.104820E+02,    0.127680E-02
   0.125893E+07,    0.104820E+02,    0.143269E-02
   0.100000E+07,    0.104820E+02,    0.160762E-02
   0.794328E+06,    0.104821E+02,    0.180392E-02
   0.630957E+06,    0.104821E+02,    0.202421E-02
   0.501187E+06,    0.104821E+02,    0.227143E-02
   0.398107E+06,    0.104822E+02,    0.254887E-02
   0.316228E+06,    0.104822E+02,    0.286024E-02
   0.251189E+06,    0.104823E+02,    0.320970E-02
   0.199526E+06,    0.104824E+02,    0.360191E-02
   0.158489E+06,    0.104825E+02,    0.404213E-02
   0.125893E+06,    0.104826E+02,    0.453624E-02
   0.100000E+06,    0.104827E+02,    0.509089E-02
   0.794328E+05,    0.104828E+02,    0.571350E-02
   0.630957E+05,    0.104829E+02,    0.641246E-02
   0.501187E+05,    0.104830E+02,    0.719717E-02
   0.398107E+05,    0.104832E+02,    0.807821E-02
   0.316228E+05,    0.104834E+02,    0.906750E-02
   0.251189E+05,    0.104836E+02,    0.101784E-01
   0.199526E+05,    0.104838E+02,    0.114261E-01
   0.158489E+05,    0.104841E+02,    0.128275E-01
   0.125893E+05,    0.104843E+02,    0.144017E-01
   0.100000E+05,    0.104847E+02,    0.161703E-01
   0.794328E+04,    0.104850E+02,    0.181577E-01
   0.630957E+04,    0.104854E+02,    0.203913E-01
   0.501187E+04,    0.104859E+02,    0.229020E-01
   0.398107E+04,    0.104864E+02,    0.257249E-01
   0.316228E+04,    0.104870E+02,    0.288997E-01
   0.251189E+04,    0.104876E+02,    0.324710E-01
   0.199526E+04,    0.104883E+02,    0.364898E-01
   0.158489E+04,    0.104891E+02,    0.410135E-01
   0.125893E+04,    0.104900E+02,    0.461076E-01
   0.100000E+04,    0.104910E+02,    0.518464E-01
   0.794328E+03,    0.104922E+02,    0.583143E-01
   0.630957E+03,    0.104934E+02,    0.656078E-01
   0.501187E+03,    0.104949E+02,    0.738366E-01
   0.398107E+03,    0.104965E+02,    0.831266E-01
   0.316228E+03,    0.104983E+02,    0.936214E-01
   0.251189E+03,    0.105003E+02,    0.105486E+00
   0.199526E+03,    0.105026E+02,    0.118910E+00
   0.158489E+03,    0.105051E+02,    0.134111E+00
   0.125893E+03,    0.105080E+02,    0.151340E+00
   0.100000E+03,    0.105112E+02,    0.170888E+00
   0.794328E+02,    0.105148E+02,    0.193092E+00
   0.630957E+02,    0.105189E+02,    0.218339E+00
   0.501187E+02,    0.105235E+02,    0.247083E+00
   0.398107E+02,    0.105286E+02,    0.279849E+00
   0.316228E+02,    0.105344E+02,    0.317248E+00
   0.251189E+02,    0.105410E+02,    0.359994E+00
   0.199526E+02,    0.105483E+02,    0.408919E+00
   0.158489E+02,    0.105566E+02,    0.465000E+00
   0.125893E+02,    0.105660E+02,    0.529384E+00
   0.100000E+02,    0.105767E+02,    0.603418E+00
   0.794328E+01,    0.105887E+02,    0.688675E+00
   0.630957E+01,    0.106024E+02,    0.786985E+00
   0.501187E+01,    0.106181E+02,    0.900444E+00
   0.398107E+01,    0.106360E+02,    0.103142E+01
   0.316228E+01,    0.106565E+02,    0.118257E+01
   0.251189E+01,    0.106802E+02,    0.135685E+01
   0.199526E+01,    0.107076E+02,    0.155754E+01
   0.158489E+01,    0.107394E+02,    0.178828E+01
   0.125893E+01,    0.107762E+02,    0.205311E+01
   0.100000E+01,    0.108190E+02,    0.235647E+01
   0.794328E+00,    0.108689E+02,    0.270317E+01
   0.630957E+00,    0.109270E+02,    0.309833E+01
   0.501187E+00,    0.109947E+02,    0.354759E+01
   0.398107E+00,    0.110734E+02,    0.405798E+01
   0.316228E+00,    0.111649E+02,    0.463926E+01
   0.251189E+00,    0.112721E+02,    0.530425E+01
   0.199526E+00,    0.113995E+02,    0.606615E+01
   0.158489E+00,    0.115542E+02,    0.693287E+01
   0.125893E+00,    0.117455E+02,    0.789930E+01
   0.100000E+00,    0.119836E+02,    0.893970E+01
   0.794328E-01,    0.122776E+02,    0.100035E+02
   0.630957E-01,    0.126308E+02,    0.110213E+02
   0.501187E-01,    0.130370E+02,    0.119268E+02
   0.398107E-01,    0.134792E+02,    0.126889E+02
   0.316228E-01,    0.139347E+02,    0.133343E+02
   0.251189E-01,    0.143820E+02,    0.139461E+02
   0.199526E-01,    0.148069E+02,    0.146461E+02
   0.158489E-01,    0.152060E+02,    0.155770E+02
   0.125893E-01,    0.155891E+02,    0.168896E+02
   0.100000E-01,    0.159812E+02,    0.187286E+02
   0.794328E-02,    0.164231E+02,    0.212195E+02
   0.630957E-02,    0.169736E+02,    0.244559E+02
   0.501187E-02,    0.177123E+02,    0.284843E+02
   0.398107E-02,    0.187449E+02,    0.332826E+02
   0.316228E-02,    0.202092E+02,    0.387373E+02
   0.251189E-02,    0.222787E+02,    0.446334E+02
   0.199526E-02,    0.251635E+02,    0.506757E+02
   0.158489E-02,    0.291097E+02,    0.565461E+02
   0.125893E-02,    0.344000E+02,    0.619769E+02
   0.100000E-02,    0.413637E+02,    0.668012E+02
   0.794328E-03,    0.503973E+02,    0.709593E+02
   0.630957E-03,    0.619951E+02,    0.744719E+02
   0.501187E-03,    0.767859E+02,    0.774024E+02
   0.398107E-03,    0.955737E+02,    0.798267E+02
   0.316228E-03,    0.119380E+03,    0.818181E+02
   0.251189E-03,    0.149495E+03,    0.834425E+02
   0.199526E-03,    0.187540E+03,    0.847588E+02
   0.158489E-03,    0.235553E+03,    0.858194E+02
   0.125893E-03,    0.296101E+03,    0.866701E+02
   0.100000E-03,    0.372411E+03,    0.873502E+02
 
   Omega            Z maga        phia  
  (Rad/s)           (ohmcm2)      (deg) 
   0.794328E+07,    0.199180E+01,    0.211570E-03
   0.630957E+07,    0.199180E+01,    0.237450E-03
   0.501187E+07,    0.199180E+01,    0.266505E-03
   0.398107E+07,    0.199180E+01,    0.299125E-03
   0.316228E+07,    0.199180E+01,    0.335753E-03
   0.251189E+07,    0.199181E+01,    0.376883E-03
   0.199526E+07,    0.199181E+01,    0.423073E-03
   0.158489E+07,    0.199181E+01,    0.474952E-03
   0.125893E+07,    0.199181E+01,    0.533228E-03
   0.100000E+07,    0.199181E+01,    0.598699E-03
   0.794328E+06,    0.199182E+01,    0.672263E-03
   0.630957E+06,    0.199182E+01,    0.754936E-03
   0.501187E+06,    0.199182E+01,    0.847864E-03
   0.398107E+06,    0.199183E+01,    0.952341E-03
   0.316228E+06,    0.199183E+01,    0.106983E-02
   0.251189E+06,    0.199183E+01,    0.120199E-02
   0.199526E+06,    0.199184E+01,    0.135069E-02
   0.158489E+06,    0.199184E+01,    0.151807E-02
   0.125893E+06,    0.199185E+01,    0.170653E-02
   0.100000E+06,    0.199186E+01,    0.191882E-02
   0.794328E+05,    0.199187E+01,    0.215807E-02
   0.630957E+05,    0.199187E+01,    0.242783E-02
   0.501187E+05,    0.199189E+01,    0.273217E-02
   0.398107E+05,    0.199190E+01,    0.307572E-02
   0.316228E+05,    0.199191E+01,    0.346381E-02
   0.251189E+05,    0.199192E+01,    0.390251E-02
   0.199526E+05,    0.199194E+01,    0.439880E-02
   0.158489E+05,    0.199196E+01,    0.496069E-02
   0.125893E+05,    0.199198E+01,    0.559731E-02
   0.100000E+05,    0.199200E+01,    0.631917E-02
   0.794328E+04,    0.199203E+01,    0.713822E-02
   0.630957E+04,    0.199205E+01,    0.806821E-02
   0.501187E+04,    0.199209E+01,    0.912497E-02
   0.398107E+04,    0.199212E+01,    0.103269E-01
   0.316228E+04,    0.199216E+01,    0.116958E-01
   0.251189E+04,    0.199221E+01,    0.132575E-01
   0.199526E+04,    0.199226E+01,    0.150427E-01
   0.158489E+04,    0.199232E+01,    0.170883E-01
   0.125893E+04,    0.199238E+01,    0.194383E-01
   0.100000E+04,    0.199245E+01,    0.221451E-01
   0.794328E+03,    0.199253E+01,    0.252717E-01
   0.630957E+03,    0.199262E+01,    0.288931E-01
   0.501187E+03,    0.199273E+01,    0.330987E-01
   0.398107E+03,    0.199284E+01,    0.379958E-01
   0.316228E+03,    0.199297E+01,    0.437130E-01
   0.251189E+03,    0.199311E+01,    0.504053E-01
   0.199526E+03,    0.199328E+01,    0.582596E-01
   0.158489E+03,    0.199346E+01,    0.675018E-01
   0.125893E+03,    0.199367E+01,    0.784058E-01
   0.100000E+03,    0.199391E+01,    0.913036E-01
   0.794328E+02,    0.199418E+01,    0.106598E+00
   0.630957E+02,    0.199449E+01,    0.124776E+00
   0.501187E+02,    0.199484E+01,    0.146414E+00
   0.398107E+02,    0.199525E+01,    0.172209E+00
   0.316228E+02,    0.199571E+01,    0.203017E+00
   0.251189E+02,    0.199624E+01,    0.239952E+00
   0.199526E+02,    0.199686E+01,    0.284464E+00
   0.158489E+02,    0.199758E+01,    0.338399E+00
   0.125893E+02,    0.199845E+01,    0.403963E+00
   0.100000E+02,    0.199952E+01,    0.483608E+00
   0.794328E+01,    0.200089E+01,    0.579808E+00
   0.630957E+01,    0.200267E+01,    0.694768E+00
   0.501187E+01,    0.200499E+01,    0.830118E+00
   0.398107E+01,    0.200800E+01,    0.986755E+00
   0.316228E+01,    0.201185E+01,    0.116495E+01
   0.251189E+01,    0.201665E+01,    0.136465E+01
   0.199526E+01,    0.202254E+01,    0.158577E+01
   0.158489E+01,    0.202963E+01,    0.182823E+01
   0.125893E+01,    0.203805E+01,    0.209184E+01
   0.100000E+01,    0.204790E+01,    0.237608E+01
   0.794328E+00,    0.205929E+01,    0.267988E+01
   0.630957E+00,    0.207224E+01,    0.300173E+01
   0.501187E+00,    0.208663E+01,    0.334124E+01
   0.398107E+00,    0.210218E+01,    0.370363E+01
   0.316228E+00,    0.211858E+01,    0.410567E+01
   0.251189E+00,    0.213585E+01,    0.457786E+01
   0.199526E+00,    0.215474E+01,    0.515887E+01
   0.158489E+00,    0.217713E+01,    0.588251E+01
   0.125893E+00,    0.220598E+01,    0.675921E+01
   0.100000E+00,    0.224508E+01,    0.775495E+01
   0.794328E-01,    0.229796E+01,    0.877670E+01
   0.630957E-01,    0.236626E+01,    0.968159E+01
   0.501187E-01,    0.244812E+01,    0.103220E+02
   0.398107E-01,    0.253787E+01,    0.106107E+02
   0.316228E-01,    0.262787E+01,    0.105629E+02
   0.251189E-01,    0.271150E+01,    0.102840E+02
   0.199526E-01,    0.278528E+01,    0.991647E+01
   0.158489E-01,    0.284907E+01,    0.958829E+01
   0.125893E-01,    0.290480E+01,    0.938701E+01
   0.100000E-01,    0.295496E+01,    0.936198E+01
   0.794328E-02,    0.300152E+01,    0.954426E+01
   0.630957E-02,    0.304598E+01,    0.996956E+01
   0.501187E-02,    0.309023E+01,    0.106891E+02
   0.398107E-02,    0.313754E+01,    0.117630E+02
   0.316228E-02,    0.319312E+01,    0.132429E+02
   0.251189E-02,    0.326406E+01,    0.151530E+02
   0.199526E-02,    0.335889E+01,    0.174737E+02
   0.158489E-02,    0.348646E+01,    0.201334E+02
   0.125893E-02,    0.365436E+01,    0.230189E+02
   0.100000E-02,    0.386697E+01,    0.260104E+02
   0.794328E-03,    0.412458E+01,    0.290406E+02
   0.630957E-03,    0.442531E+01,    0.321463E+02
   0.501187E-03,    0.477093E+01,    0.354747E+02
   0.398107E-03,    0.517487E+01,    0.392204E+02
   0.316228E-03,    0.566835E+01,    0.435187E+02
   0.251189E-03,    0.630174E+01,    0.483573E+02
   0.199526E-03,    0.714202E+01,    0.535560E+02
   0.158489E-03,    0.826907E+01,    0.588244E+02
   0.125893E-03,    0.977394E+01,    0.638609E+02
   0.100000E-03,    0.117605E+02,    0.684356E+02
 
   Omega             Z magc       phic  
  (Rad/s)           (ohmcm2)      (deg) 
   0.794328E+07,    0.849003E+01,    0.654292E-03
   0.630957E+07,    0.849004E+01,    0.734135E-03
   0.501187E+07,    0.849005E+01,    0.823722E-03
   0.398107E+07,    0.849007E+01,    0.924242E-03
   0.316228E+07,    0.849008E+01,    0.103703E-02
   0.251189E+07,    0.849010E+01,    0.116359E-02
   0.199526E+07,    0.849012E+01,    0.130559E-02
   0.158489E+07,    0.849015E+01,    0.146492E-02
   0.125893E+07,    0.849017E+01,    0.164370E-02
   0.100000E+07,    0.849020E+01,    0.184431E-02
   0.794328E+06,    0.849024E+01,    0.206941E-02
   0.630957E+06,    0.849027E+01,    0.232198E-02
   0.501187E+06,    0.849032E+01,    0.260540E-02
   0.398107E+06,    0.849036E+01,    0.292341E-02
   0.316228E+06,    0.849042E+01,    0.328027E-02
   0.251189E+06,    0.849047E+01,    0.368070E-02
   0.199526E+06,    0.849054E+01,    0.413003E-02
   0.158489E+06,    0.849062E+01,    0.463425E-02
   0.125893E+06,    0.849070E+01,    0.520007E-02
   0.100000E+06,    0.849079E+01,    0.583502E-02
   0.794328E+05,    0.849090E+01,    0.654757E-02
   0.630957E+05,    0.849102E+01,    0.734720E-02
   0.501187E+05,    0.849115E+01,    0.824459E-02
   0.398107E+05,    0.849130E+01,    0.925170E-02
   0.316228E+05,    0.849147E+01,    0.103820E-01
   0.251189E+05,    0.849165E+01,    0.116506E-01
   0.199526E+05,    0.849186E+01,    0.130745E-01
   0.158489E+05,    0.849210E+01,    0.146727E-01
   0.125893E+05,    0.849236E+01,    0.164668E-01
   0.100000E+05,    0.849266E+01,    0.184810E-01
   0.794328E+04,    0.849300E+01,    0.207423E-01
   0.630957E+04,    0.849337E+01,    0.232815E-01
   0.501187E+04,    0.849379E+01,    0.261332E-01
   0.398107E+04,    0.849426E+01,    0.293362E-01
   0.316228E+04,    0.849479E+01,    0.329343E-01
   0.251189E+04,    0.849538E+01,    0.369767E-01
   0.199526E+04,    0.849605E+01,    0.415190E-01
   0.158489E+04,    0.849679E+01,    0.466235E-01
   0.125893E+04,    0.849763E+01,    0.523606E-01
   0.100000E+04,    0.849857E+01,    0.588097E-01
   0.794328E+03,    0.849962E+01,    0.660603E-01
   0.630957E+03,    0.850081E+01,    0.742138E-01
   0.501187E+03,    0.850214E+01,    0.833848E-01
   0.398107E+03,    0.850363E+01,    0.937030E-01
   0.316228E+03,    0.850530E+01,    0.105316E+00
   0.251189E+03,    0.850718E+01,    0.118391E+00
   0.199526E+03,    0.850929E+01,    0.133117E+00
   0.158489E+03,    0.851166E+01,    0.149711E+00
   0.125893E+03,    0.851432E+01,    0.168418E+00
   0.100000E+03,    0.851730E+01,    0.189519E+00
   0.794328E+02,    0.852065E+01,    0.213335E+00
   0.630957E+02,    0.852441E+01,    0.240231E+00
   0.501187E+02,    0.852864E+01,    0.270630E+00
   0.398107E+02,    0.853338E+01,    0.305017E+00
   0.316228E+02,    0.853872E+01,    0.343947E+00
   0.251189E+02,    0.854472E+01,    0.388038E+00
   0.199526E+02,    0.855147E+01,    0.437980E+00
   0.158489E+02,    0.855906E+01,    0.494547E+00
   0.125893E+02,    0.856759E+01,    0.558640E+00
   0.100000E+02,    0.857715E+01,    0.631348E+00
   0.794328E+01,    0.858784E+01,    0.714040E+00
   0.630957E+01,    0.859977E+01,    0.808460E+00
   0.501187E+01,    0.861309E+01,    0.916814E+00
   0.398107E+01,    0.862798E+01,    0.104182E+01
   0.316228E+01,    0.864470E+01,    0.118667E+01
   0.251189E+01,    0.866359E+01,    0.135503E+01
   0.199526E+01,    0.868509E+01,    0.155096E+01
   0.158489E+01,    0.870973E+01,    0.177897E+01
   0.125893E+01,    0.873814E+01,    0.204408E+01
   0.100000E+01,    0.877111E+01,    0.235189E+01
   0.794328E+00,    0.880960E+01,    0.270862E+01
   0.630957E+00,    0.885478E+01,    0.312094E+01
   0.501187E+00,    0.890809E+01,    0.359593E+01
   0.398107E+00,    0.897128E+01,    0.414101E+01
   0.316228E+00,    0.904647E+01,    0.476422E+01
   0.251189E+00,    0.913647E+01,    0.547406E+01
   0.199526E+00,    0.924513E+01,    0.627760E+01
   0.158489E+00,    0.937757E+01,    0.717671E+01
   0.125893E+00,    0.954002E+01,    0.816291E+01
   0.100000E+00,    0.973910E+01,    0.921279E+01
   0.794328E-01,    0.998026E+01,    0.102859E+02
   0.630957E-01,    0.102653E+02,    0.113301E+02
   0.501187E-01,    0.105900E+02,    0.122977E+02
   0.398107E-01,    0.109434E+02,    0.131707E+02
   0.316228E-01,    0.113106E+02,    0.139780E+02
   0.251189E-01,    0.116773E+02,    0.147960E+02
   0.199526E-01,    0.120333E+02,    0.157396E+02
   0.158489E-01,    0.123761E+02,    0.169533E+02
   0.125893E-01,    0.127149E+02,    0.185990E+02
   0.100000E-01,    0.130745E+02,    0.208367E+02
   0.794328E-02,    0.134974E+02,    0.237988E+02
   0.630957E-02,    0.140451E+02,    0.275657E+02
   0.501187E-02,    0.148001E+02,    0.321429E+02
   0.398107E-02,    0.158679E+02,    0.374419E+02
   0.316228E-02,    0.173815E+02,    0.432725E+02
   0.251189E-02,    0.195035E+02,    0.493577E+02
   0.199526E-02,    0.224285E+02,    0.553797E+02
   0.158489E-02,    0.263852E+02,    0.610448E+02
   0.125893E-02,    0.316418E+02,    0.661412E+02
   0.100000E-02,    0.385189E+02,    0.705617E+02
   0.794328E-03,    0.474084E+02,    0.742914E+02
   0.630957E-03,    0.587989E+02,    0.773767E+02
   0.501187E-03,    0.733058E+02,    0.798948E+02
   0.398107E-03,    0.917068E+02,    0.819315E+02
   0.316228E-03,    0.114985E+03,    0.835689E+02
   0.251189E-03,    0.144384E+03,    0.848801E+02
   0.199526E-03,    0.181468E+03,    0.859271E+02
   0.158489E-03,    0.228216E+03,    0.867618E+02
   0.125893E-03,    0.287116E+03,    0.874262E+02
   0.100000E-03,    0.361306E+03,    0.879548E+02
 
