     50  lim, limit on number of iterations
 100.00  h1,  thickness of negative electrode (microns)
  25.00  h2,  thickness of separator (microns)
 100.00  h3,  thickness of positive electrode (microns)
  25.00  hcn, thickness of negative electrode current collector (microns)
  25.00  hcp, thickness of positive electrode current collector (microns)
     80  n1,  number of nodes in negative electrode
     40  n2,  number of nodes in separator
     80  n3,  number of nodes in positive electrode
 298.00  T,   temperature (K)

 1000.0  xx(1,n1+2), initial concentration (mol/m3)
 0.6000  csx,   initial stoichiometric parameter for negative
 0.5000  csy,   initial stoichiometric parameter for positive
   30.0  tmmax, maximum time step size (s)
 .4E-13  dfs1, diffusion coefficient in negative solid (m2/s)
 .1E-12  dfs3, diffusion coefficient in positive solid (m2/s)
  10.00  Rad1,  radius of negative particles (microns)
  10.00  Rad3,  radius of positive particles (microns)

  0.300  ep1,   volume fraction of electrolyte in negative electrode
  0.000  epp1,  volume fraction of polymer phase in negative electrode
  0.100  epf1,  volume fraction of inert filler in negative electrode
  1.000  ep2,   volume fraction of electrolyte in separator
  0.000  epp2,  volume fraction of polymer phase in separator
  0.300  ep3,   volume fraction of electrolyte in positive electrode
  0.000  epp3,  volume fraction of polymer phase in positive electrode
  0.200  epf3,  volume fraction of inert filler in positive electrode
 0.10E+03  sig1,  conductivity of negative matrix (S/m)
  10.      sig3,  conductivity of positive matrix (S/m)
  372.00  cot1,  coulombic capacity of negative material (mAh/g)
  274.00  cot3,  coulombic capacity of positive material (mAh/g)
 .1E-04  rka1,  reaction rate constant for negative reaction 
 .3E-10  rka3,  reaction rate constant for positive reaction

 1324.0  re,   density of electrolyte (kg/m3)
 1800.0  rs1,  density of negative insertion material (kg/m3)
 5010.0  rs3,  density of positive insertion material (kg/m3)
 1800.0  rf,   density of inert filler (kg/m3)
 1780.0  rpl,  density of polymer phase (kg/m3)
    0.0  rc,   density of separator material (kg/m3)
 8954.0  rcn,  density of negative current collector (kg/m3)
 2707.0  rcp,  density of positive current collector (kg/m3)

   0.001000  ranode,   anode film resistance (ohm-m2)
   0.000000  rcathde,  cathode film resistance (ohm-m2)
   0.00  htc,   heat-transfer coefficient with external medium (W/m2K)
   0.000000  dUdT,  temperature coefficient of EMF (V/K)
 2000.0  Cp,    heat capacity of cell (J/kg-K)
   0.00  residm,    residual mass (kg/m2)
 298.00  Tam,   ambient temperature (K)
      1  ncell, number of cells in a cell stack
      2  lht,   0 uses htc,  1 calcs htc,  2 isothermal

      0    nside, side reaction flag 

      1  il1,   1 for long print-out  0 for short print-out
     10  il2,   prints every il2 th node in long print-out
     10  il3,   prints every il3 th time step in long print-out
      1  lflag, 0 for electrolyte in separator only, 1 for uniform
      0  imp, 0 for no impedance, 1 for impedance
   0.00  capp1,  capacitance of negative material (F/m2)
   0.00  capp3,  capacitance of positive material (F/m2)
      4  lcurs, number of current changes
  
 MCMB 2528 Graphite (Bellcore)
 LiPF6 in EC:DMC
 LiCoO2 (Cobalt dioxide)
 open-circuit potential, negative   0.178978294
 delta S negative   0.
 open-circuit potential, positive   4.24165195
 delta S positive   0.
  
      DUAL INSERTION CELL VERSION 5.1
  
   Time     Util N  Util P  Cell Pot   Uocp      Curr      Temp   heatgen
   (min)       x       y      (V)       (V)      (A/m2)    (C)    (W/m2)
  
    0.000, 0.6000, 0.5000,  4.03730,  4.06267,    23.00,  24.85,   0.58, 
    0.001, 0.6000, 0.5000,  4.03722,  4.06267,    23.00,  24.85,   0.59, 
    0.001, 0.6000, 0.5000,  4.03715,  4.06267,    23.00,  24.85,   0.59, 
    0.001, 0.6000, 0.5000,  4.03709,  4.06267,    23.00,  24.85,   0.59, 
    0.002, 0.6000, 0.5000,  4.03703,  4.06266,    23.00,  24.85,   0.59, 
    0.002, 0.6000, 0.5000,  4.03697,  4.06266,    23.00,  24.85,   0.59, 
    0.003, 0.6000, 0.5000,  4.03691,  4.06266,    23.00,  24.85,   0.59, 
    0.003, 0.6000, 0.5000,  4.03685,  4.06265,    23.00,  24.85,   0.59, 
    0.004, 0.6000, 0.5000,  4.03679,  4.06265,    23.00,  24.85,   0.59, 
    0.005, 0.6000, 0.5000,  4.03673,  4.06265,    23.00,  24.85,   0.60, 
    0.006, 0.5999, 0.5000,  4.03666,  4.06264,    23.00,  24.85,   0.60, 
    0.007, 0.5999, 0.5000,  4.03660,  4.06264,    23.00,  24.85,   0.60, 
    0.007, 0.5999, 0.5000,  4.03653,  4.06263,    23.00,  24.85,   0.60, 
    0.009, 0.5999, 0.5000,  4.03645,  4.06263,    23.00,  24.85,   0.60, 
    0.010, 0.5999, 0.5001,  4.03638,  4.06262,    23.00,  24.85,   0.60, 
    0.011, 0.5999, 0.5001,  4.03630,  4.06262,    23.00,  24.85,   0.61, 
    0.012, 0.5999, 0.5001,  4.03622,  4.06261,    23.00,  24.85,   0.61, 
    0.014, 0.5999, 0.5001,  4.03613,  4.06260,    23.00,  24.85,   0.61, 
    0.016, 0.5999, 0.5001,  4.03604,  4.06259,    23.00,  24.85,   0.61, 
    0.017, 0.5998, 0.5001,  4.03594,  4.06258,    23.00,  24.85,   0.61, 
    0.019, 0.5998, 0.5001,  4.03584,  4.06257,    23.00,  24.85,   0.61, 
    0.022, 0.5998, 0.5001,  4.03573,  4.06256,    23.00,  24.85,   0.62, 
    0.024, 0.5998, 0.5001,  4.03562,  4.06254,    23.00,  24.85,   0.62, 
    0.027, 0.5997, 0.5001,  4.03550,  4.06253,    23.00,  24.85,   0.62, 
    0.030, 0.5997, 0.5002,  4.03538,  4.06251,    23.00,  24.85,   0.62, 
    0.033, 0.5997, 0.5002,  4.03524,  4.06250,    23.00,  24.85,   0.63, 
    0.037, 0.5996, 0.5002,  4.03510,  4.06248,    23.00,  24.85,   0.63, 
    0.041, 0.5996, 0.5002,  4.03496,  4.06246,    23.00,  24.85,   0.63, 
    0.045, 0.5996, 0.5003,  4.03480,  4.06243,    23.00,  24.85,   0.64, 
    0.050, 0.5995, 0.5003,  4.03463,  4.06241,    23.00,  24.85,   0.64, 
    0.055, 0.5995, 0.5003,  4.03446,  4.06238,    23.00,  24.85,   0.64, 
    0.061, 0.5994, 0.5003,  4.03428,  4.06235,    23.00,  24.85,   0.65, 
    0.067, 0.5994, 0.5004,  4.03408,  4.06231,    23.00,  24.85,   0.65, 
    0.074, 0.5993, 0.5004,  4.03387,  4.06228,    23.00,  24.85,   0.65, 
    0.082, 0.5992, 0.5005,  4.03366,  4.06224,    23.00,  24.85,   0.66, 
    0.091, 0.5991, 0.5005,  4.03343,  4.06219,    23.00,  24.85,   0.66, 
    0.100, 0.5990, 0.5006,  4.03318,  4.06214,    23.00,  24.85,   0.67, 
    0.110, 0.5989, 0.5006,  4.03292,  4.06209,    23.00,  24.85,   0.67, 
    0.122, 0.5988, 0.5007,  4.03265,  4.06203,    23.00,  24.85,   0.68, 
    0.134, 0.5987, 0.5007,  4.03236,  4.06196,    23.00,  24.85,   0.68, 
    0.148, 0.5986, 0.5008,  4.03206,  4.06189,    23.00,  24.85,   0.69, 
    0.163, 0.5984, 0.5009,  4.03173,  4.06181,    23.00,  24.85,   0.69, 
    0.180, 0.5983, 0.5010,  4.03139,  4.06172,    23.00,  24.85,   0.70, 
    0.198, 0.5981, 0.5011,  4.03103,  4.06163,    23.00,  24.85,   0.70, 
    0.218, 0.5979, 0.5012,  4.03065,  4.06152,    23.00,  24.85,   0.71, 
    0.240, 0.5977, 0.5013,  4.03025,  4.06141,    23.00,  24.85,   0.72, 
    0.264, 0.5975, 0.5015,  4.02983,  4.06128,    23.00,  24.85,   0.72, 
    0.291, 0.5972, 0.5016,  4.02938,  4.06114,    23.00,  24.85,   0.73, 
    0.320, 0.5969, 0.5018,  4.02891,  4.06099,    23.00,  24.85,   0.74, 
    0.353, 0.5966, 0.5020,  4.02842,  4.06082,    23.00,  24.85,   0.74, 
    0.388, 0.5963, 0.5022,  4.02790,  4.06064,    23.00,  24.85,   0.75, 
    0.427, 0.5959, 0.5024,  4.02736,  4.06044,    23.00,  24.85,   0.76, 
    0.470, 0.5955, 0.5026,  4.02679,  4.06022,    23.00,  24.85,   0.77, 
    0.518, 0.5951, 0.5029,  4.02620,  4.05998,    23.00,  24.85,   0.77, 
    0.570, 0.5946, 0.5032,  4.02558,  4.05972,    23.00,  24.85,   0.78, 
    0.627, 0.5940, 0.5035,  4.02493,  4.05943,    23.00,  24.85,   0.79, 
    0.690, 0.5934, 0.5039,  4.02425,  4.05911,    23.00,  24.85,   0.80, 
    0.760, 0.5928, 0.5042,  4.02354,  4.05877,    23.00,  24.85,   0.81, 
    0.836, 0.5920, 0.5047,  4.02279,  4.05840,    23.00,  24.85,   0.82, 
    0.920, 0.5912, 0.5051,  4.02199,  4.05799,    23.00,  24.85,   0.82, 
    1.012, 0.5903, 0.5057,  4.02115,  4.05754,    23.00,  24.85,   0.83, 
    1.113, 0.5894, 0.5062,  4.02025,  4.05706,    23.00,  24.85,   0.84, 
    1.225, 0.5883, 0.5068,  4.01928,  4.05653,    23.00,  24.85,   0.85, 
    1.348, 0.5871, 0.5075,  4.01820,  4.05595,    23.00,  24.85,   0.86, 
    1.483, 0.5859, 0.5083,  4.01701,  4.05532,    23.00,  24.85,   0.88, 
    1.632, 0.5844, 0.5091,  4.01564,  4.05464,    23.00,  24.85,   0.89, 
    1.795, 0.5829, 0.5100,  4.01404,  4.05388,    23.00,  24.85,   0.91, 
    1.975, 0.5812, 0.5110,  4.01213,  4.05303,    23.00,  24.85,   0.94, 
    2.173, 0.5793, 0.5121,  4.00977,  4.05208,    23.00,  24.85,   0.97, 
    2.390, 0.5772, 0.5133,  4.00680,  4.05097,    23.00,  24.85,   1.01, 
    2.629, 0.5749, 0.5147,  4.00296,  4.04964,    23.00,  24.85,   1.07, 
    2.893, 0.5724, 0.5162,  3.99796,  4.04792,    23.00,  24.85,   1.14, 
    3.182, 0.5696, 0.5178,  3.99159,  4.04557,    23.00,  24.85,   1.23, 
    3.501, 0.5666, 0.5196,  3.98412,  4.04211,    23.00,  24.85,   1.32, 
    3.851, 0.5633, 0.5215,  3.97650,  4.03686,    23.00,  24.85,   1.38, 
    4.237, 0.5596, 0.5237,  3.96988,  4.02923,    23.00,  24.85,   1.35, 
    4.661, 0.5555, 0.5260,  3.96477,  4.01972,    23.00,  24.85,   1.26, 
    5.127, 0.5511, 0.5286,  3.96079,  4.01053,    23.00,  24.85,   1.14, 
    5.640, 0.5462, 0.5315,  3.95720,  4.00374,    23.00,  24.85,   1.07, 
    6.153, 0.5413, 0.5344,  3.95360,  3.99966,    23.00,  24.85,   1.06, 
    6.666, 0.5364, 0.5372,  3.94954,  3.99683,    23.00,  24.85,   1.08, 
    7.179, 0.5315, 0.5401,  3.94476,  3.99420,    23.00,  24.85,   1.13, 
    7.692, 0.5266, 0.5430,  3.93912,  3.99117,    23.00,  24.85,   1.19, 
    8.205, 0.5217, 0.5458,  3.93247,  3.98737,    23.00,  24.85,   1.25, 
    8.718, 0.5168, 0.5487,  3.92473,  3.98250,    23.00,  24.85,   1.32, 
    9.231, 0.5119, 0.5516,  3.91588,  3.97632,    23.00,  24.85,   1.38, 
    9.744, 0.5070, 0.5544,  3.90603,  3.96869,    23.00,  24.85,   1.43, 
   10.257, 0.5021, 0.5573,  3.89544,  3.95959,    23.00,  24.85,   1.47, 
   10.770, 0.4972, 0.5601,  3.88450,  3.94918,    23.00,  24.85,   1.48, 
   11.283, 0.4923, 0.5630,  3.87370,  3.93776,    23.00,  24.85,   1.46, 
   11.796, 0.4875, 0.5659,  3.86351,  3.92582,    23.00,  24.85,   1.43, 
   12.309, 0.4826, 0.5687,  3.85429,  3.91394,    23.00,  24.85,   1.37, 
   12.822, 0.4777, 0.5716,  3.84624,  3.90265,    23.00,  24.85,   1.29, 
   13.335, 0.4728, 0.5745,  3.83943,  3.89240,    23.00,  24.85,   1.22, 
   13.848, 0.4679, 0.5773,  3.83376,  3.88344,    23.00,  24.85,   1.14, 
   14.361, 0.4630, 0.5802,  3.82909,  3.87585,    23.00,  24.85,   1.08, 
   14.874, 0.4581, 0.5831,  3.82521,  3.86954,    23.00,  24.85,   1.02, 
   15.387, 0.4532, 0.5859,  3.82192,  3.86436,    23.00,  24.85,   0.97, 
   15.900, 0.4483, 0.5888,  3.81906,  3.86008,    23.00,  24.85,   0.94, 
   16.413, 0.4434, 0.5917,  3.81644,  3.85649,    23.00,  24.85,   0.92, 
   16.926, 0.4385, 0.5945,  3.81394,  3.85338,    23.00,  24.85,   0.90, 
   17.439, 0.4336, 0.5974,  3.81145,  3.85060,    23.00,  24.85,   0.89, 
   17.952, 0.4287, 0.6003,  3.80893,  3.84801,    23.00,  24.85,   0.89, 
   18.465, 0.4238, 0.6031,  3.80634,  3.84551,    23.00,  24.85,   0.89, 
   18.978, 0.4189, 0.6060,  3.80367,  3.84303,    23.00,  24.85,   0.90, 
   19.491, 0.4140, 0.6089,  3.80089,  3.84051,    23.00,  24.85,   0.91, 
   20.004, 0.4091, 0.6117,  3.79800,  3.83793,    23.00,  24.85,   0.91, 
   20.517, 0.4042, 0.6146,  3.79501,  3.83526,    23.00,  24.85,   0.92, 
   21.030, 0.3993, 0.6175,  3.79192,  3.83250,    23.00,  24.85,   0.93, 
   21.543, 0.3945, 0.6203,  3.78873,  3.82966,    23.00,  24.85,   0.94, 
   22.056, 0.3896, 0.6232,  3.78547,  3.82672,    23.00,  24.85,   0.95, 
   22.569, 0.3847, 0.6260,  3.78213,  3.82371,    23.00,  24.85,   0.96, 
   23.082, 0.3798, 0.6289,  3.77874,  3.82064,    23.00,  24.85,   0.97, 
   23.595, 0.3749, 0.6318,  3.77529,  3.81752,    23.00,  24.85,   0.98, 
   24.108, 0.3700, 0.6346,  3.77181,  3.81436,    23.00,  24.85,   0.99, 
   24.621, 0.3651, 0.6375,  3.76830,  3.81117,    23.00,  24.85,   1.00, 
   25.134, 0.3602, 0.6404,  3.76478,  3.80797,    23.00,  24.85,   1.00, 
   25.647, 0.3553, 0.6432,  3.76125,  3.80478,    23.00,  24.85,   1.01, 
   26.160, 0.3504, 0.6461,  3.75772,  3.80160,    23.00,  24.85,   1.02, 
   26.673, 0.3455, 0.6490,  3.75420,  3.79844,    23.00,  24.85,   1.02, 
   27.186, 0.3406, 0.6518,  3.75070,  3.79530,    23.00,  24.85,   1.03, 
   27.699, 0.3357, 0.6547,  3.74723,  3.79221,    23.00,  24.85,   1.04, 
   28.212, 0.3308, 0.6576,  3.74378,  3.78915,    23.00,  24.85,   1.04, 
   28.725, 0.3259, 0.6604,  3.74037,  3.78614,    23.00,  24.85,   1.05, 
   29.238, 0.3210, 0.6633,  3.73699,  3.78317,    23.00,  24.85,   1.05, 
   29.751, 0.3161, 0.6662,  3.73366,  3.78024,    23.00,  24.85,   1.06, 
   30.264, 0.3112, 0.6690,  3.73037,  3.77734,    23.00,  24.85,   1.07, 
   30.777, 0.3063, 0.6719,  3.72712,  3.77447,    23.00,  24.85,   1.07, 
   31.290, 0.3015, 0.6748,  3.72393,  3.77162,    23.00,  24.85,   1.08, 
   31.803, 0.2966, 0.6776,  3.72077,  3.76877,    23.00,  24.85,   1.09, 
   32.316, 0.2917, 0.6805,  3.71766,  3.76593,    23.00,  24.85,   1.09, 
   32.829, 0.2868, 0.6833,  3.71456,  3.76306,    23.00,  24.85,   1.10, 
   33.342, 0.2819, 0.6862,  3.71143,  3.76017,    23.00,  24.85,   1.11, 
   33.855, 0.2770, 0.6891,  3.70822,  3.75724,    23.00,  24.85,   1.12, 
   34.368, 0.2721, 0.6919,  3.70488,  3.75425,    23.00,  24.85,   1.13, 
   34.881, 0.2672, 0.6948,  3.70140,  3.75120,    23.00,  24.85,   1.15, 
   35.394, 0.2623, 0.6977,  3.69779,  3.74808,    23.00,  24.85,   1.16, 
   35.907, 0.2574, 0.7005,  3.69404,  3.74487,    23.00,  24.85,   1.18, 
   36.420, 0.2525, 0.7034,  3.69017,  3.74156,    23.00,  24.85,   1.19, 
   36.933, 0.2476, 0.7063,  3.68619,  3.73817,    23.00,  24.85,   1.21, 
   37.446, 0.2427, 0.7091,  3.68211,  3.73467,    23.00,  24.85,   1.22, 
   37.959, 0.2378, 0.7120,  3.67795,  3.73108,    23.00,  24.85,   1.24, 
   38.472, 0.2329, 0.7149,  3.67372,  3.72739,    23.00,  24.85,   1.25, 
   38.985, 0.2280, 0.7177,  3.66943,  3.72361,    23.00,  24.85,   1.26, 
   39.498, 0.2231, 0.7206,  3.66510,  3.71974,    23.00,  24.85,   1.27, 
   40.011, 0.2182, 0.7235,  3.66074,  3.71579,    23.00,  24.85,   1.28, 
   40.524, 0.2133, 0.7263,  3.65635,  3.71177,    23.00,  24.85,   1.29, 
   41.037, 0.2085, 0.7292,  3.65196,  3.70769,    23.00,  24.85,   1.29, 
   41.550, 0.2036, 0.7321,  3.64756,  3.70356,    23.00,  24.85,   1.30, 
   42.063, 0.1987, 0.7349,  3.64317,  3.69939,    23.00,  24.85,   1.30, 
   42.576, 0.1938, 0.7378,  3.63878,  3.69519,    23.00,  24.85,   1.31, 
   43.089, 0.1889, 0.7406,  3.63439,  3.69097,    23.00,  24.85,   1.31, 
   43.602, 0.1840, 0.7435,  3.62997,  3.68674,    23.00,  24.85,   1.31, 
   44.115, 0.1791, 0.7464,  3.62553,  3.68251,    23.00,  24.85,   1.32, 
   44.628, 0.1742, 0.7492,  3.62103,  3.67829,    23.00,  24.85,   1.32, 
   45.141, 0.1693, 0.7521,  3.61646,  3.67408,    23.00,  24.85,   1.33, 
   45.654, 0.1644, 0.7550,  3.61183,  3.66988,    23.00,  24.85,   1.34, 
   46.167, 0.1595, 0.7578,  3.60720,  3.66568,    23.00,  24.85,   1.35, 
   46.680, 0.1546, 0.7607,  3.60274,  3.66146,    23.00,  24.85,   1.35, 
   47.193, 0.1497, 0.7636,  3.59868,  3.65719,    23.00,  24.85,   1.34, 
   47.706, 0.1448, 0.7664,  3.59532,  3.65286,    23.00,  24.85,   1.31, 
   48.219, 0.1399, 0.7693,  3.59272,  3.64842,    23.00,  24.85,   1.26, 
   48.732, 0.1350, 0.7722,  3.59049,  3.64391,    23.00,  24.85,   1.20, 
   49.245, 0.1301, 0.7750,  3.58841,  3.63940,    23.00,  24.85,   1.15, 
   49.758, 0.1252, 0.7779,  3.58642,  3.63506,    23.00,  24.85,   1.11, 
   50.271, 0.1203, 0.7808,  3.58449,  3.63109,    23.00,  24.85,   1.08, 
   50.784, 0.1155, 0.7836,  3.58260,  3.62771,    23.00,  24.85,   1.06, 
   51.297, 0.1106, 0.7865,  3.58074,  3.62502,    23.00,  24.85,   1.05, 
   51.810, 0.1057, 0.7894,  3.57887,  3.62298,    23.00,  24.85,   1.04, 
   52.323, 0.1008, 0.7922,  3.57697,  3.62144,    23.00,  24.85,   1.04, 
   52.836, 0.0959, 0.7951,  3.57494,  3.62021,    23.00,  24.85,   1.05, 
   53.349, 0.0910, 0.7979,  3.57271,  3.61909,    23.00,  24.85,   1.07, 
   53.862, 0.0861, 0.8008,  3.57018,  3.61794,    23.00,  24.85,   1.10, 
   54.375, 0.0812, 0.8037,  3.56723,  3.61667,    23.00,  24.85,   1.14, 
   54.888, 0.0763, 0.8065,  3.56356,  3.61524,    23.00,  24.85,   1.19, 
   55.401, 0.0714, 0.8094,  3.55858,  3.61364,    23.00,  24.85,   1.27, 
   55.914, 0.0665, 0.8123,  3.55112,  3.61183,    23.00,  24.85,   1.40, 
   56.427, 0.0616, 0.8151,  3.53902,  3.60979,    23.00,  24.85,   1.63, 
   56.940, 0.0567, 0.8180,  3.51851,  3.60738,    23.00,  24.85,   2.05, 
   57.453, 0.0518, 0.8209,  3.48280,  3.60438,    23.00,  24.85,   2.80, 
   57.966, 0.0469, 0.8237,  3.41976,  3.60034,    23.00,  24.85,   4.15, 
   58.479, 0.0420, 0.8266,  3.30752,  3.59442,    23.00,  24.85,   6.60, 
   58.992, 0.0371, 0.8295,  3.10674,  3.58511,    23.00,  24.85,  11.00, 
   59.505, 0.0322, 0.8323,  2.74665,  3.56969,    23.00,  24.85,  18.92, 
   60.000, 0.0275, 0.8351,  2.12914,  3.54438,    23.00,  24.85,  32.54, 
   60.000, 0.0275, 0.8351,  2.16158,  3.54438,     0.00,  24.85,   0.21, 
 specific energy segment =   104.81 W-h/kg
 specific power segment  =   104.81 W/kg
 total heat =          1.7302 W-h/m2
  
   60.000, 0.0275, 0.8351,  2.16158,  3.54438,     0.00,  24.85,   0.21, 
   60.000, 0.0275, 0.8351,  2.21897,  3.54438,     0.00,  24.85,   0.02, 
   60.001, 0.0275, 0.8351,  2.25296,  3.54438,     0.00,  24.85,   0.02, 
   60.001, 0.0275, 0.8351,  2.27960,  3.54438,     0.00,  24.85,   0.02, 
   60.002, 0.0275, 0.8351,  2.30273,  3.54438,     0.00,  24.85,   0.02, 
   60.002, 0.0275, 0.8351,  2.32388,  3.54438,     0.00,  24.85,   0.02, 
   60.003, 0.0275, 0.8351,  2.34382,  3.54438,     0.00,  24.85,   0.02, 
   60.003, 0.0275, 0.8351,  2.36298,  3.54438,     0.00,  24.85,   0.02, 
   60.004, 0.0275, 0.8351,  2.38166,  3.54438,     0.00,  24.85,   0.02, 
   60.005, 0.0275, 0.8351,  2.40003,  3.54438,     0.00,  24.85,   0.02, 
   60.005, 0.0275, 0.8351,  2.41825,  3.54438,     0.00,  24.85,   0.02, 
   60.006, 0.0275, 0.8351,  2.43640,  3.54438,     0.00,  24.85,   0.02, 
   60.007, 0.0275, 0.8351,  2.45458,  3.54438,     0.00,  24.85,   0.02, 
   60.008, 0.0275, 0.8351,  2.47284,  3.54438,     0.00,  24.85,   0.02, 
   60.009, 0.0275, 0.8351,  2.49123,  3.54438,     0.00,  24.85,   0.02, 
   60.011, 0.0275, 0.8351,  2.50979,  3.54438,     0.00,  24.85,   0.02, 
   60.012, 0.0275, 0.8351,  2.52855,  3.54438,     0.00,  24.85,   0.02, 
   60.014, 0.0275, 0.8351,  2.54754,  3.54438,     0.00,  24.85,   0.02, 
   60.015, 0.0275, 0.8351,  2.56678,  3.54438,     0.00,  24.85,   0.02, 
   60.017, 0.0275, 0.8351,  2.58628,  3.54438,     0.00,  24.85,   0.02, 
   60.019, 0.0275, 0.8351,  2.60606,  3.54438,     0.00,  24.85,   0.02, 
   60.021, 0.0275, 0.8351,  2.62612,  3.54438,     0.00,  24.85,   0.01, 
   60.024, 0.0275, 0.8351,  2.64648,  3.54438,     0.00,  24.85,   0.01, 
   60.027, 0.0275, 0.8351,  2.66713,  3.54438,     0.00,  24.85,   0.01, 
   60.029, 0.0275, 0.8351,  2.68806,  3.54438,     0.00,  24.85,   0.01, 
   60.033, 0.0275, 0.8351,  2.70929,  3.54438,     0.00,  24.85,   0.01, 
   60.036, 0.0275, 0.8351,  2.73079,  3.54438,     0.00,  24.85,   0.01, 
   60.040, 0.0275, 0.8351,  2.75255,  3.54438,     0.00,  24.85,   0.01, 
   60.045, 0.0275, 0.8351,  2.77457,  3.54438,     0.00,  24.85,   0.01, 
   60.050, 0.0275, 0.8351,  2.79683,  3.54438,     0.00,  24.85,   0.01, 
   60.055, 0.0275, 0.8351,  2.81930,  3.54438,     0.00,  24.85,   0.01, 
   60.061, 0.0275, 0.8351,  2.84197,  3.54438,     0.00,  24.85,   0.01, 
   60.067, 0.0275, 0.8351,  2.86481,  3.54438,     0.00,  24.85,   0.01, 
   60.074, 0.0275, 0.8351,  2.88779,  3.54438,     0.00,  24.85,   0.01, 
   60.082, 0.0275, 0.8351,  2.91089,  3.54438,     0.00,  24.85,   0.01, 
   60.090, 0.0275, 0.8351,  2.93407,  3.54438,     0.00,  24.85,   0.01, 
   60.100, 0.0275, 0.8351,  2.95729,  3.54438,     0.00,  24.85,   0.01, 
   60.110, 0.0275, 0.8351,  2.98052,  3.54438,     0.00,  24.85,   0.01, 
   60.121, 0.0275, 0.8351,  3.00373,  3.54438,     0.00,  24.85,   0.01, 
   60.134, 0.0275, 0.8351,  3.02686,  3.54438,     0.00,  24.85,   0.01, 
   60.148, 0.0275, 0.8351,  3.04988,  3.54438,     0.00,  24.85,   0.01, 
   60.163, 0.0275, 0.8351,  3.07275,  3.54438,     0.00,  24.85,   0.01, 
   60.179, 0.0275, 0.8351,  3.09541,  3.54438,     0.00,  24.85,   0.01, 
   60.197, 0.0275, 0.8351,  3.11784,  3.54438,     0.00,  24.85,   0.01, 
   60.218, 0.0275, 0.8351,  3.13997,  3.54438,     0.00,  24.85,   0.01, 
   60.240, 0.0275, 0.8351,  3.16177,  3.54438,     0.00,  24.85,   0.01, 
   60.264, 0.0275, 0.8351,  3.18319,  3.54438,     0.00,  24.85,   0.01, 
   60.291, 0.0275, 0.8351,  3.20419,  3.54438,     0.00,  24.85,   0.01, 
   60.320, 0.0275, 0.8351,  3.22472,  3.54438,     0.00,  24.85,   0.01, 
   60.352, 0.0275, 0.8351,  3.24476,  3.54438,     0.00,  24.85,   0.01, 
   60.388, 0.0275, 0.8351,  3.26424,  3.54438,     0.00,  24.85,   0.01, 
   60.427, 0.0275, 0.8351,  3.28315,  3.54438,     0.00,  24.85,   0.01, 
   60.470, 0.0275, 0.8351,  3.30144,  3.54438,     0.00,  24.85,   0.01, 
   60.517, 0.0275, 0.8351,  3.31909,  3.54438,     0.00,  24.85,   0.01, 
   60.570, 0.0275, 0.8351,  3.33607,  3.54438,     0.00,  24.85,   0.01, 
   60.627, 0.0275, 0.8351,  3.35235,  3.54438,     0.00,  24.85,   0.01, 
   60.690, 0.0275, 0.8351,  3.36791,  3.54438,     0.00,  24.85,   0.01, 
   60.759, 0.0275, 0.8351,  3.38275,  3.54438,     0.00,  24.85,   0.01, 
   60.835, 0.0275, 0.8351,  3.39684,  3.54438,     0.00,  24.85,   0.01, 
   60.919, 0.0275, 0.8351,  3.41019,  3.54438,     0.00,  24.85,   0.01, 
   61.012, 0.0275, 0.8351,  3.42278,  3.54438,     0.00,  24.85,   0.01, 
   61.113, 0.0275, 0.8351,  3.43462,  3.54438,     0.00,  24.85,   0.01, 
   61.225, 0.0275, 0.8351,  3.44572,  3.54438,     0.00,  24.85,   0.01, 
   61.348, 0.0275, 0.8351,  3.45608,  3.54438,     0.00,  24.85,   0.01, 
   61.483, 0.0275, 0.8351,  3.46572,  3.54438,     0.00,  24.85,   0.01, 
   61.631, 0.0275, 0.8351,  3.47466,  3.54438,     0.00,  24.85,   0.01, 
   61.795, 0.0275, 0.8351,  3.48291,  3.54438,     0.00,  24.85,   0.01, 
   61.974, 0.0275, 0.8351,  3.49049,  3.54438,     0.00,  24.85,   0.01, 
   62.172, 0.0275, 0.8351,  3.49744,  3.54438,     0.00,  24.85,   0.01, 
   62.390, 0.0275, 0.8351,  3.50377,  3.54438,     0.00,  24.85,   0.00, 
   62.629, 0.0275, 0.8351,  3.50951,  3.54438,     0.00,  24.85,   0.00, 
   62.892, 0.0275, 0.8351,  3.51470,  3.54438,     0.00,  24.85,   0.00, 
   63.182, 0.0275, 0.8351,  3.51934,  3.54438,     0.00,  24.85,   0.00, 
   63.501, 0.0275, 0.8351,  3.52348,  3.54438,     0.00,  24.85,   0.00, 
   63.851, 0.0275, 0.8351,  3.52713,  3.54438,     0.00,  24.85,   0.00, 
   64.236, 0.0275, 0.8351,  3.53032,  3.54438,     0.00,  24.85,   0.00, 
   64.660, 0.0275, 0.8351,  3.53309,  3.54438,     0.00,  24.85,   0.00, 
   65.127, 0.0275, 0.8351,  3.53545,  3.54438,     0.00,  24.85,   0.00, 
   65.640, 0.0275, 0.8351,  3.53745,  3.54438,     0.00,  24.85,   0.00, 
   66.153, 0.0275, 0.8351,  3.53897,  3.54438,     0.00,  24.85,   0.00, 
   66.666, 0.0275, 0.8351,  3.54015,  3.54438,     0.00,  24.85,   0.00, 
   67.179, 0.0275, 0.8351,  3.54106,  3.54438,     0.00,  24.85,   0.00, 
   67.692, 0.0275, 0.8351,  3.54177,  3.54438,     0.00,  24.85,   0.00, 
   68.205, 0.0275, 0.8351,  3.54232,  3.54438,     0.00,  24.85,   0.00, 
   68.718, 0.0275, 0.8351,  3.54275,  3.54438,     0.00,  24.85,   0.00, 
   69.231, 0.0275, 0.8351,  3.54309,  3.54438,     0.00,  24.85,   0.00, 
   69.744, 0.0275, 0.8351,  3.54335,  3.54438,     0.00,  24.85,   0.00, 
   70.257, 0.0275, 0.8351,  3.54356,  3.54438,     0.00,  24.85,   0.00, 
   70.770, 0.0275, 0.8351,  3.54372,  3.54438,     0.00,  24.85,   0.00, 
   71.283, 0.0275, 0.8351,  3.54385,  3.54438,     0.00,  24.85,   0.00, 
   71.796, 0.0275, 0.8351,  3.54395,  3.54438,     0.00,  24.85,   0.00, 
   72.309, 0.0275, 0.8351,  3.54403,  3.54438,     0.00,  24.85,   0.00, 
   72.822, 0.0275, 0.8351,  3.54409,  3.54438,     0.00,  24.85,   0.00, 
   73.335, 0.0275, 0.8351,  3.54414,  3.54438,     0.00,  24.85,   0.00, 
   73.848, 0.0275, 0.8351,  3.54418,  3.54438,     0.00,  24.85,   0.00, 
   74.361, 0.0275, 0.8351,  3.54421,  3.54438,     0.00,  24.85,   0.00, 
   74.874, 0.0275, 0.8351,  3.54423,  3.54438,     0.00,  24.85,   0.00, 
   75.387, 0.0275, 0.8351,  3.54425,  3.54438,     0.00,  24.85,   0.00, 
   75.900, 0.0275, 0.8351,  3.54427,  3.54438,     0.00,  24.85,   0.00, 
   76.413, 0.0275, 0.8351,  3.54428,  3.54438,     0.00,  24.85,   0.00, 
   76.926, 0.0275, 0.8351,  3.54429,  3.54438,     0.00,  24.85,   0.00, 
   77.439, 0.0275, 0.8351,  3.54430,  3.54438,     0.00,  24.85,   0.00, 
   77.952, 0.0275, 0.8351,  3.54430,  3.54438,     0.00,  24.85,   0.00, 
   78.465, 0.0275, 0.8351,  3.54431,  3.54438,     0.00,  24.85,   0.00, 
   78.978, 0.0275, 0.8351,  3.54431,  3.54438,     0.00,  24.85,   0.00, 
   79.491, 0.0275, 0.8351,  3.54431,  3.54438,     0.00,  24.85,   0.00, 
   80.000, 0.0275, 0.8351,  3.54431,  3.54438,     0.00,  24.85,   0.00, 
   80.000, 0.0275, 0.8351,  3.54021,  3.54438,     3.00,  24.85,   0.02, 
 specific energy segment =     0.00 W-h/kg
 specific power segment  =     0.00 W/kg
 total heat =          1.7309 W-h/m2
  
   80.000, 0.0275, 0.8351,  3.54021,  3.54438,     3.00,  24.85,   0.02, 
   80.000, 0.0275, 0.8351,  3.53981,  3.54438,     3.00,  24.85,   0.02, 
   80.001, 0.0275, 0.8351,  3.53959,  3.54438,     3.00,  24.85,   0.02, 
   80.001, 0.0275, 0.8351,  3.53942,  3.54437,     3.00,  24.85,   0.02, 
   80.002, 0.0275, 0.8351,  3.53927,  3.54437,     3.00,  24.85,   0.02, 
   80.002, 0.0275, 0.8351,  3.53913,  3.54437,     3.00,  24.85,   0.02, 
   80.003, 0.0275, 0.8351,  3.53900,  3.54436,     3.00,  24.85,   0.02, 
   80.003, 0.0275, 0.8351,  3.53887,  3.54436,     3.00,  24.85,   0.02, 
   80.004, 0.0275, 0.8351,  3.53874,  3.54435,     3.00,  24.85,   0.02, 
   80.005, 0.0275, 0.8351,  3.53862,  3.54434,     3.00,  24.85,   0.02, 
   80.005, 0.0275, 0.8351,  3.53849,  3.54434,     3.00,  24.85,   0.02, 
   80.006, 0.0275, 0.8351,  3.53836,  3.54433,     3.00,  24.85,   0.02, 
   80.007, 0.0275, 0.8351,  3.53822,  3.54432,     3.00,  24.85,   0.02, 
   80.008, 0.0275, 0.8351,  3.53808,  3.54431,     3.00,  24.85,   0.02, 
   80.009, 0.0275, 0.8351,  3.53794,  3.54430,     3.00,  24.85,   0.02, 
   80.011, 0.0275, 0.8351,  3.53779,  3.54429,     3.00,  24.85,   0.02, 
   80.012, 0.0275, 0.8351,  3.53764,  3.54428,     3.00,  24.85,   0.02, 
   80.014, 0.0275, 0.8351,  3.53748,  3.54427,     3.00,  24.85,   0.02, 
   80.015, 0.0275, 0.8351,  3.53732,  3.54425,     3.00,  24.85,   0.02, 
   80.017, 0.0275, 0.8351,  3.53715,  3.54424,     3.00,  24.85,   0.02, 
   80.019, 0.0275, 0.8351,  3.53697,  3.54422,     3.00,  24.85,   0.02, 
   80.021, 0.0275, 0.8351,  3.53678,  3.54420,     3.00,  24.85,   0.02, 
   80.024, 0.0275, 0.8351,  3.53658,  3.54418,     3.00,  24.85,   0.02, 
   80.027, 0.0275, 0.8351,  3.53638,  3.54415,     3.00,  24.85,   0.02, 
   80.029, 0.0275, 0.8351,  3.53616,  3.54413,     3.00,  24.85,   0.02, 
   80.033, 0.0275, 0.8351,  3.53593,  3.54410,     3.00,  24.85,   0.03, 
   80.036, 0.0275, 0.8351,  3.53570,  3.54407,     3.00,  24.85,   0.03, 
   80.040, 0.0275, 0.8351,  3.53545,  3.54403,     3.00,  24.85,   0.03, 
   80.045, 0.0275, 0.8351,  3.53518,  3.54400,     3.00,  24.85,   0.03, 
   80.050, 0.0275, 0.8351,  3.53491,  3.54395,     3.00,  24.85,   0.03, 
   80.055, 0.0275, 0.8351,  3.53461,  3.54391,     3.00,  24.85,   0.03, 
   80.061, 0.0274, 0.8351,  3.53431,  3.54386,     3.00,  24.85,   0.03, 
   80.067, 0.0274, 0.8351,  3.53398,  3.54380,     3.00,  24.85,   0.03, 
   80.074, 0.0274, 0.8352,  3.53364,  3.54374,     3.00,  24.85,   0.03, 
   80.082, 0.0274, 0.8352,  3.53328,  3.54367,     3.00,  24.85,   0.03, 
   80.090, 0.0274, 0.8352,  3.53289,  3.54360,     3.00,  24.85,   0.03, 
   80.100, 0.0274, 0.8352,  3.53249,  3.54352,     3.00,  24.85,   0.03, 
   80.110, 0.0274, 0.8352,  3.53206,  3.54343,     3.00,  24.85,   0.03, 
   80.121, 0.0274, 0.8352,  3.53160,  3.54333,     3.00,  24.85,   0.04, 
   80.134, 0.0274, 0.8352,  3.53112,  3.54322,     3.00,  24.85,   0.04, 
   80.148, 0.0273, 0.8352,  3.53061,  3.54310,     3.00,  24.85,   0.04, 
   80.163, 0.0273, 0.8352,  3.53007,  3.54297,     3.00,  24.85,   0.04, 
   80.179, 0.0273, 0.8352,  3.52950,  3.54282,     3.00,  24.85,   0.04, 
   80.197, 0.0273, 0.8352,  3.52889,  3.54266,     3.00,  24.85,   0.04, 
   80.218, 0.0272, 0.8353,  3.52824,  3.54248,     3.00,  24.85,   0.04, 
   80.240, 0.0272, 0.8353,  3.52755,  3.54228,     3.00,  24.85,   0.04, 
   80.264, 0.0272, 0.8353,  3.52681,  3.54207,     3.00,  24.85,   0.05, 
   80.291, 0.0272, 0.8353,  3.52603,  3.54183,     3.00,  24.85,   0.05, 
   80.320, 0.0271, 0.8353,  3.52519,  3.54156,     3.00,  24.85,   0.05, 
   80.352, 0.0271, 0.8354,  3.52430,  3.54127,     3.00,  24.85,   0.05, 
   80.388, 0.0270, 0.8354,  3.52335,  3.54095,     3.00,  24.85,   0.05, 
   80.427, 0.0270, 0.8354,  3.52233,  3.54059,     3.00,  24.85,   0.05, 
   80.470, 0.0269, 0.8354,  3.52124,  3.54020,     3.00,  24.85,   0.06, 
   80.517, 0.0269, 0.8355,  3.52008,  3.53976,     3.00,  24.85,   0.06, 
   80.570, 0.0268, 0.8355,  3.51883,  3.53927,     3.00,  24.85,   0.06, 
   80.627, 0.0267, 0.8356,  3.51749,  3.53874,     3.00,  24.85,   0.06, 
   80.690, 0.0267, 0.8356,  3.51604,  3.53814,     3.00,  24.85,   0.07, 
   80.759, 0.0266, 0.8356,  3.51448,  3.53748,     3.00,  24.85,   0.07, 
   80.835, 0.0265, 0.8357,  3.51281,  3.53674,     3.00,  24.85,   0.07, 
   80.919, 0.0264, 0.8358,  3.51099,  3.53593,     3.00,  24.85,   0.07, 
   81.012, 0.0263, 0.8358,  3.50902,  3.53501,     3.00,  24.85,   0.08, 
   81.113, 0.0261, 0.8359,  3.50688,  3.53400,     3.00,  24.85,   0.08, 
   81.225, 0.0260, 0.8360,  3.50456,  3.53286,     3.00,  24.85,   0.08, 
   81.348, 0.0258, 0.8361,  3.50202,  3.53159,     3.00,  24.85,   0.09, 
   81.483, 0.0257, 0.8362,  3.49924,  3.53017,     3.00,  24.85,   0.09, 
   81.631, 0.0255, 0.8363,  3.49619,  3.52857,     3.00,  24.85,   0.10, 
   81.795, 0.0253, 0.8364,  3.49283,  3.52677,     3.00,  24.85,   0.10, 
   81.974, 0.0251, 0.8365,  3.48912,  3.52474,     3.00,  24.85,   0.11, 
   82.172, 0.0248, 0.8367,  3.48501,  3.52245,     3.00,  24.85,   0.11, 
   82.390, 0.0245, 0.8368,  3.48043,  3.51985,     3.00,  24.85,   0.12, 
   82.629, 0.0242, 0.8370,  3.47531,  3.51689,     3.00,  24.85,   0.12, 
   82.892, 0.0239, 0.8372,  3.46956,  3.51352,     3.00,  24.85,   0.13, 
   83.182, 0.0236, 0.8374,  3.46308,  3.50966,     3.00,  24.85,   0.14, 
   83.501, 0.0232, 0.8376,  3.45573,  3.50523,     3.00,  24.85,   0.15, 
   83.851, 0.0227, 0.8379,  3.44735,  3.50010,     3.00,  24.85,   0.16, 
   84.236, 0.0222, 0.8382,  3.43774,  3.49415,     3.00,  24.85,   0.17, 
   84.660, 0.0217, 0.8385,  3.42664,  3.48721,     3.00,  24.85,   0.18, 
   85.127, 0.0211, 0.8388,  3.41374,  3.47907,     3.00,  24.85,   0.20, 
   85.640, 0.0205, 0.8392,  3.39862,  3.46944,     3.00,  24.85,   0.21, 
   86.153, 0.0199, 0.8396,  3.38242,  3.45906,     3.00,  24.85,   0.23, 
   86.666, 0.0192, 0.8400,  3.36505,  3.44787,     3.00,  24.85,   0.25, 
   87.179, 0.0186, 0.8403,  3.34639,  3.43581,     3.00,  24.85,   0.27, 
   87.692, 0.0179, 0.8407,  3.32633,  3.42279,     3.00,  24.85,   0.29, 
   88.205, 0.0173, 0.8411,  3.30476,  3.40876,     3.00,  24.85,   0.31, 
   88.718, 0.0167, 0.8414,  3.28153,  3.39363,     3.00,  24.85,   0.33, 
   89.231, 0.0160, 0.8418,  3.25651,  3.37730,     3.00,  24.85,   0.36, 
   89.744, 0.0154, 0.8422,  3.22955,  3.35969,     3.00,  24.85,   0.39, 
   90.257, 0.0148, 0.8426,  3.20049,  3.34069,     3.00,  24.85,   0.42, 
   90.770, 0.0141, 0.8429,  3.16916,  3.32019,     3.00,  24.85,   0.45, 
   91.283, 0.0135, 0.8433,  3.13537,  3.29807,     3.00,  24.85,   0.49, 
   91.796, 0.0128, 0.8437,  3.09892,  3.27421,     3.00,  24.85,   0.52, 
   92.309, 0.0122, 0.8441,  3.05960,  3.24846,     3.00,  24.85,   0.56, 
   92.822, 0.0116, 0.8444,  3.01718,  3.22067,     3.00,  24.85,   0.61, 
   93.335, 0.0109, 0.8448,  2.97141,  3.19069,     3.00,  24.85,   0.65, 
   93.848, 0.0103, 0.8452,  2.92201,  3.15833,     3.00,  24.85,   0.71, 
   94.361, 0.0096, 0.8456,  2.86871,  3.12341,     3.00,  24.85,   0.76, 
   94.874, 0.0090, 0.8459,  2.81118,  3.08572,     3.00,  24.85,   0.82, 
   95.387, 0.0084, 0.8463,  2.74909,  3.04505,     3.00,  24.85,   0.88, 
   95.900, 0.0077, 0.8467,  2.68207,  3.00115,     3.00,  24.85,   0.95, 
   96.413, 0.0071, 0.8471,  2.60974,  2.95377,     3.00,  24.85,   1.03, 
   96.926, 0.0065, 0.8474,  2.53167,  2.90262,     3.00,  24.85,   1.11, 
   97.439, 0.0058, 0.8478,  2.44739,  2.84742,     3.00,  24.85,   1.19, 
   97.952, 0.0052, 0.8482,  2.35642,  2.78784,     3.00,  24.85,   1.29, 
   98.465, 0.0045, 0.8485,  2.25822,  2.72353,     3.00,  24.85,   1.39, 
   98.978, 0.0039, 0.8489,  2.15222,  2.65411,     3.00,  24.85,   1.50, 
   99.000, 0.0039, 0.8489,  2.14740,  2.65095,     3.00,  24.85,   1.50, 
   99.000, 0.0039, 0.8489,  2.18338,  2.65095,   -23.00,  24.85, -12.06, 
 specific energy segment =     3.62 W-h/kg
 specific power segment  =    11.45 W/kg
 total heat =          1.8956 W-h/m2
  
   99.000, 0.0039, 0.8489,  2.18338,  2.65095,   -23.00,  24.85, -12.06, 
   99.000, 0.0039, 0.8489,  2.24934,  2.65131,   -23.00,  24.85,  -9.24, 
   99.001, 0.0039, 0.8489,  2.28847,  2.65171,   -23.00,  24.85,  -8.32, 
   99.001, 0.0039, 0.8489,  2.31920,  2.65214,   -23.00,  24.85,  -7.61, 
   99.002, 0.0039, 0.8489,  2.34593,  2.65262,   -23.00,  24.85,  -7.01, 
   99.002, 0.0039, 0.8489,  2.37042,  2.65315,   -23.00,  24.85,  -6.45, 
   99.003, 0.0039, 0.8489,  2.39354,  2.65373,   -23.00,  24.85,  -5.93, 
   99.003, 0.0039, 0.8489,  2.41579,  2.65436,   -23.00,  24.85,  -5.44, 
   99.004, 0.0039, 0.8489,  2.43751,  2.65506,   -23.00,  24.85,  -4.95, 
   99.005, 0.0039, 0.8489,  2.45890,  2.65583,   -23.00,  24.85,  -4.48, 
   99.005, 0.0039, 0.8489,  2.48014,  2.65668,   -23.00,  24.85,  -4.01, 
   99.006, 0.0039, 0.8489,  2.50134,  2.65760,   -23.00,  24.85,  -3.54, 
   99.007, 0.0039, 0.8489,  2.52258,  2.65863,   -23.00,  24.85,  -3.07, 
   99.008, 0.0040, 0.8489,  2.54395,  2.65975,   -23.00,  24.85,  -2.61, 
   99.009, 0.0040, 0.8489,  2.56549,  2.66098,   -23.00,  24.85,  -2.14, 
   99.011, 0.0040, 0.8489,  2.58726,  2.66233,   -23.00,  24.85,  -1.67, 
   99.012, 0.0040, 0.8489,  2.60929,  2.66382,   -23.00,  24.85,  -1.20, 
   99.014, 0.0040, 0.8489,  2.63160,  2.66545,   -23.00,  24.85,  -0.72, 
   99.015, 0.0040, 0.8489,  2.65424,  2.66724,   -23.00,  24.85,  -0.24, 
   99.017, 0.0040, 0.8488,  2.67721,  2.66921,   -23.00,  24.85,   0.24, 
   99.019, 0.0041, 0.8488,  2.70052,  2.67137,   -23.00,  24.85,   0.73, 
   99.021, 0.0041, 0.8488,  2.72419,  2.67374,   -23.00,  24.85,   1.22, 
   99.024, 0.0041, 0.8488,  2.74821,  2.67634,   -23.00,  24.85,   1.71, 
   99.027, 0.0041, 0.8488,  2.77260,  2.67919,   -23.00,  24.85,   2.20, 
   99.029, 0.0042, 0.8488,  2.79734,  2.68231,   -23.00,  24.85,   2.70, 
   99.033, 0.0042, 0.8488,  2.82243,  2.68574,   -23.00,  24.85,   3.20, 
   99.036, 0.0042, 0.8487,  2.84785,  2.68949,   -23.00,  24.85,   3.70, 
   99.040, 0.0043, 0.8487,  2.87358,  2.69361,   -23.00,  24.85,   4.19, 
   99.045, 0.0043, 0.8487,  2.89962,  2.69811,   -23.00,  24.85,   4.69, 
   99.050, 0.0043, 0.8487,  2.92592,  2.70303,   -23.00,  24.85,   5.18, 
   99.055, 0.0044, 0.8486,  2.95247,  2.70842,   -23.00,  24.85,   5.67, 
   99.061, 0.0045, 0.8486,  2.97922,  2.71431,   -23.00,  24.85,   6.15, 
   99.067, 0.0045, 0.8486,  3.00615,  2.72074,   -23.00,  24.85,   6.62, 
   99.074, 0.0046, 0.8485,  3.03320,  2.72776,   -23.00,  24.85,   7.08, 
   99.082, 0.0047, 0.8485,  3.06034,  2.73542,   -23.00,  24.85,   7.53, 
   99.090, 0.0047, 0.8484,  3.08751,  2.74376,   -23.00,  24.85,   7.96, 
   99.100, 0.0048, 0.8484,  3.11465,  2.75285,   -23.00,  24.85,   8.37, 
   99.110, 0.0049, 0.8483,  3.14172,  2.76273,   -23.00,  24.85,   8.77, 
   99.121, 0.0050, 0.8483,  3.16864,  2.77347,   -23.00,  24.85,   9.14, 
   99.134, 0.0051, 0.8482,  3.19536,  2.78512,   -23.00,  24.85,   9.48, 
   99.148, 0.0053, 0.8481,  3.22181,  2.79775,   -23.00,  24.85,   9.80, 
   99.163, 0.0054, 0.8480,  3.24791,  2.81142,   -23.00,  24.85,  10.09, 
   99.179, 0.0056, 0.8479,  3.27361,  2.82618,   -23.00,  24.85,  10.34, 
   99.197, 0.0058, 0.8478,  3.29881,  2.84210,   -23.00,  24.85,  10.55, 
   99.218, 0.0059, 0.8477,  3.32346,  2.85923,   -23.00,  24.85,  10.72, 
   99.240, 0.0062, 0.8476,  3.34748,  2.87762,   -23.00,  24.85,  10.85, 
   99.264, 0.0064, 0.8475,  3.37080,  2.89733,   -23.00,  24.85,  10.93, 
   99.291, 0.0066, 0.8473,  3.39335,  2.91839,   -23.00,  24.85,  10.96, 
   99.320, 0.0069, 0.8471,  3.41506,  2.94082,   -23.00,  24.85,  10.94, 
   99.352, 0.0072, 0.8470,  3.43588,  2.96464,   -23.00,  24.85,  10.87, 
   99.388, 0.0076, 0.8468,  3.45575,  2.98985,   -23.00,  24.85,  10.75, 
   99.427, 0.0079, 0.8466,  3.47461,  3.01642,   -23.00,  24.85,  10.57, 
   99.470, 0.0084, 0.8463,  3.49242,  3.04431,   -23.00,  24.85,  10.33, 
   99.517, 0.0088, 0.8460,  3.50914,  3.07345,   -23.00,  24.85,  10.05, 
   99.570, 0.0093, 0.8458,  3.52475,  3.10374,   -23.00,  24.85,   9.71, 
   99.627, 0.0099, 0.8454,  3.53924,  3.13504,   -23.00,  24.85,   9.32, 
   99.690, 0.0105, 0.8451,  3.55258,  3.16720,   -23.00,  24.85,   8.88, 
   99.759, 0.0111, 0.8447,  3.56479,  3.20000,   -23.00,  24.85,   8.41, 
   99.835, 0.0118, 0.8443,  3.57587,  3.23322,   -23.00,  24.85,   7.89, 
   99.919, 0.0126, 0.8438,  3.58586,  3.26658,   -23.00,  24.85,   7.35, 
  100.012, 0.0135, 0.8433,  3.59479,  3.29978,   -23.00,  24.85,   6.79, 
  100.113, 0.0145, 0.8427,  3.60270,  3.33250,   -23.00,  24.85,   6.22, 
  100.225, 0.0156, 0.8421,  3.60964,  3.36439,   -23.00,  24.85,   5.64, 
  100.348, 0.0167, 0.8414,  3.61569,  3.39512,   -23.00,  24.85,   5.07, 
  100.483, 0.0180, 0.8407,  3.62091,  3.42433,   -23.00,  24.85,   4.52, 
  100.631, 0.0194, 0.8398,  3.62538,  3.45171,   -23.00,  24.85,   3.99, 
  100.795, 0.0210, 0.8389,  3.62917,  3.47699,   -23.00,  24.85,   3.49, 
  100.974, 0.0227, 0.8379,  3.63239,  3.49993,   -23.00,  24.85,   3.04, 
  101.172, 0.0246, 0.8368,  3.63512,  3.52038,   -23.00,  24.85,   2.63, 
  101.390, 0.0267, 0.8356,  3.63745,  3.53826,   -23.00,  24.85,   2.27, 
  101.629, 0.0290, 0.8343,  3.63947,  3.55357,   -23.00,  24.85,   1.97, 
  101.892, 0.0315, 0.8328,  3.64127,  3.56640,   -23.00,  24.85,   1.72, 
  102.182, 0.0342, 0.8312,  3.64289,  3.57695,   -23.00,  24.85,   1.52, 
  102.501, 0.0373, 0.8294,  3.64436,  3.58543,   -23.00,  24.85,   1.36, 
  102.851, 0.0406, 0.8274,  3.64571,  3.59216,   -23.00,  24.85,   1.24, 
  103.236, 0.0443, 0.8253,  3.64696,  3.59746,   -23.00,  24.85,   1.14, 
  103.660, 0.0483, 0.8229,  3.64825,  3.60165,   -23.00,  24.85,   1.07, 
  104.127, 0.0528, 0.8203,  3.64965,  3.60504,   -23.00,  24.85,   1.03, 
  104.640, 0.0577, 0.8174,  3.65121,  3.60789,   -23.00,  24.85,   1.00, 
  105.153, 0.0626, 0.8146,  3.65282,  3.61021,   -23.00,  24.85,   0.98, 
  105.666, 0.0675, 0.8117,  3.65448,  3.61221,   -23.00,  24.85,   0.98, 
  106.179, 0.0724, 0.8088,  3.65620,  3.61397,   -23.00,  24.85,   0.98, 
  106.692, 0.0773, 0.8060,  3.65801,  3.61554,   -23.00,  24.85,   0.99, 
  107.205, 0.0822, 0.8031,  3.65992,  3.61694,   -23.00,  24.85,   1.00, 
  107.718, 0.0871, 0.8002,  3.66207,  3.61818,   -23.00,  24.85,   1.02, 
  108.231, 0.0919, 0.7974,  3.66471,  3.61931,   -23.00,  24.85,   1.05, 
  108.744, 0.0968, 0.7945,  3.66801,  3.62044,   -23.00,  24.85,   1.09, 
  109.257, 0.1017, 0.7917,  3.67183,  3.62172,   -23.00,  24.85,   1.14, 
  109.770, 0.1066, 0.7888,  3.67595,  3.62334,   -23.00,  24.85,   1.20, 
  110.283, 0.1115, 0.7859,  3.68017,  3.62550,   -23.00,  24.85,   1.24, 
  110.796, 0.1164, 0.7831,  3.68437,  3.62833,   -23.00,  24.85,   1.28, 
  111.309, 0.1213, 0.7802,  3.68852,  3.63183,   -23.00,  24.85,   1.29, 
  111.822, 0.1262, 0.7773,  3.69260,  3.63589,   -23.00,  24.85,   1.30, 
  112.335, 0.1311, 0.7745,  3.69664,  3.64029,   -23.00,  24.85,   1.29, 
  112.848, 0.1360, 0.7716,  3.70065,  3.64481,   -23.00,  24.85,   1.28, 
  113.361, 0.1409, 0.7687,  3.70466,  3.64931,   -23.00,  24.85,   1.27, 
  113.874, 0.1458, 0.7659,  3.70867,  3.65372,   -23.00,  24.85,   1.26, 
  114.387, 0.1507, 0.7630,  3.71268,  3.65804,   -23.00,  24.85,   1.26, 
  114.900, 0.1556, 0.7601,  3.71669,  3.66229,   -23.00,  24.85,   1.25, 
  115.413, 0.1605, 0.7573,  3.72069,  3.66651,   -23.00,  24.85,   1.24, 
  115.926, 0.1654, 0.7544,  3.72469,  3.67071,   -23.00,  24.85,   1.24, 
  116.439, 0.1703, 0.7515,  3.72866,  3.67491,   -23.00,  24.85,   1.23, 
  116.952, 0.1752, 0.7487,  3.73259,  3.67912,   -23.00,  24.85,   1.23, 
  117.465, 0.1801, 0.7458,  3.73648,  3.68334,   -23.00,  24.85,   1.22, 
  117.978, 0.1849, 0.7429,  3.74031,  3.68757,   -23.00,  24.85,   1.21, 
  118.491, 0.1898, 0.7401,  3.74407,  3.69180,   -23.00,  24.85,   1.20, 
  119.004, 0.1947, 0.7372,  3.74775,  3.69602,   -23.00,  24.85,   1.19, 
  119.517, 0.1996, 0.7344,  3.75133,  3.70021,   -23.00,  24.85,   1.17, 
  120.030, 0.2045, 0.7315,  3.75481,  3.70438,   -23.00,  24.85,   1.15, 
  120.543, 0.2094, 0.7286,  3.75818,  3.70850,   -23.00,  24.85,   1.14, 
  121.056, 0.2143, 0.7258,  3.76142,  3.71257,   -23.00,  24.85,   1.12, 
  121.569, 0.2192, 0.7229,  3.76451,  3.71658,   -23.00,  24.85,   1.09, 
  122.082, 0.2241, 0.7200,  3.76746,  3.72051,   -23.00,  24.85,   1.07, 
  122.595, 0.2290, 0.7172,  3.77023,  3.72436,   -23.00,  24.85,   1.04, 
  123.108, 0.2339, 0.7143,  3.77282,  3.72812,   -23.00,  24.85,   1.01, 
  123.621, 0.2388, 0.7114,  3.77529,  3.73180,   -23.00,  24.85,   0.98, 
  124.134, 0.2437, 0.7086,  3.77773,  3.73537,   -23.00,  24.85,   0.96, 
  124.647, 0.2486, 0.7057,  3.78019,  3.73884,   -23.00,  24.85,   0.94, 
  125.160, 0.2535, 0.7028,  3.78271,  3.74222,   -23.00,  24.85,   0.92, 
  125.673, 0.2584, 0.7000,  3.78529,  3.74551,   -23.00,  24.85,   0.91, 
  126.186, 0.2633, 0.6971,  3.78793,  3.74870,   -23.00,  24.85,   0.91, 
  126.699, 0.2682, 0.6942,  3.79062,  3.75181,   -23.00,  24.85,   0.90, 
  127.212, 0.2730, 0.6914,  3.79339,  3.75485,   -23.00,  24.85,   0.90, 
  127.725, 0.2779, 0.6885,  3.79621,  3.75782,   -23.00,  24.85,   0.90, 
  128.238, 0.2828, 0.6856,  3.79910,  3.76075,   -23.00,  24.85,   0.90, 
  128.751, 0.2877, 0.6828,  3.80205,  3.76363,   -23.00,  24.85,   0.90, 
  129.264, 0.2926, 0.6799,  3.80506,  3.76649,   -23.00,  24.85,   0.90, 
  129.777, 0.2975, 0.6771,  3.80814,  3.76933,   -23.00,  24.85,   0.91, 
  130.290, 0.3024, 0.6742,  3.81127,  3.77218,   -23.00,  24.85,   0.91, 
  130.803, 0.3073, 0.6713,  3.81446,  3.77503,   -23.00,  24.85,   0.91, 
  131.316, 0.3122, 0.6685,  3.81769,  3.77791,   -23.00,  24.85,   0.92, 
  131.829, 0.3171, 0.6656,  3.82098,  3.78081,   -23.00,  24.85,   0.92, 
  132.342, 0.3220, 0.6627,  3.82430,  3.78375,   -23.00,  24.85,   0.93, 
  132.855, 0.3269, 0.6599,  3.82766,  3.78673,   -23.00,  24.85,   0.93, 
  133.368, 0.3318, 0.6570,  3.83105,  3.78975,   -23.00,  24.85,   0.94, 
  133.881, 0.3367, 0.6541,  3.83446,  3.79282,   -23.00,  24.85,   0.94, 
  134.394, 0.3416, 0.6513,  3.83788,  3.79592,   -23.00,  24.85,   0.95, 
  134.907, 0.3465, 0.6484,  3.84130,  3.79906,   -23.00,  24.85,   0.95, 
  135.420, 0.3514, 0.6455,  3.84471,  3.80222,   -23.00,  24.85,   0.96, 
  135.933, 0.3563, 0.6427,  3.84811,  3.80541,   -23.00,  24.85,   0.96, 
  136.446, 0.3612, 0.6398,  3.85148,  3.80861,   -23.00,  24.85,   0.97, 
  136.959, 0.3660, 0.6369,  3.85480,  3.81180,   -23.00,  24.85,   0.97, 
  137.472, 0.3709, 0.6341,  3.85807,  3.81498,   -23.00,  24.85,   0.97, 
  137.984, 0.3758, 0.6312,  3.86128,  3.81814,   -23.00,  24.85,   0.98, 
  138.497, 0.3807, 0.6283,  3.86441,  3.82125,   -23.00,  24.85,   0.98, 
  139.010, 0.3856, 0.6255,  3.86747,  3.82431,   -23.00,  24.85,   0.98, 
  139.523, 0.3905, 0.6226,  3.87044,  3.82731,   -23.00,  24.85,   0.98, 
  140.036, 0.3954, 0.6198,  3.87333,  3.83022,   -23.00,  24.85,   0.99, 
  140.549, 0.4003, 0.6169,  3.87615,  3.83305,   -23.00,  24.85,   0.99, 
  141.062, 0.4052, 0.6140,  3.87892,  3.83579,   -23.00,  24.85,   0.99, 
  141.575, 0.4101, 0.6112,  3.88165,  3.83844,   -23.00,  24.85,   1.00, 
  142.088, 0.4150, 0.6083,  3.88441,  3.84101,   -23.00,  24.85,   1.00, 
  142.601, 0.4199, 0.6054,  3.88724,  3.84352,   -23.00,  24.85,   1.01, 
  143.114, 0.4248, 0.6026,  3.89022,  3.84600,   -23.00,  24.85,   1.02, 
  143.627, 0.4297, 0.5997,  3.89346,  3.84851,   -23.00,  24.85,   1.04, 
  144.140, 0.4346, 0.5968,  3.89708,  3.85113,   -23.00,  24.85,   1.06, 
  144.653, 0.4395, 0.5940,  3.90124,  3.85397,   -23.00,  24.85,   1.10, 
  145.166, 0.4444, 0.5911,  3.90613,  3.85715,   -23.00,  24.85,   1.13, 
  145.679, 0.4493, 0.5882,  3.91197,  3.86086,   -23.00,  24.85,   1.18, 
  146.192, 0.4542, 0.5854,  3.91899,  3.86530,   -23.00,  24.85,   1.24, 
  146.705, 0.4590, 0.5825,  3.92732,  3.87069,   -23.00,  24.85,   1.31, 
  147.218, 0.4639, 0.5796,  3.93700,  3.87724,   -23.00,  24.85,   1.38, 
  147.731, 0.4688, 0.5768,  3.94783,  3.88510,   -23.00,  24.85,   1.45, 
  148.244, 0.4737, 0.5739,  3.95941,  3.89433,   -23.00,  24.85,   1.50, 
  148.757, 0.4786, 0.5710,  3.97119,  3.90481,   -23.00,  24.85,   1.53, 
  149.270, 0.4835, 0.5682,  3.98256,  3.91625,   -23.00,  24.85,   1.53, 
  149.783, 0.4884, 0.5653,  3.99294,  3.92819,   -23.00,  24.85,   1.49, 
  150.296, 0.4933, 0.5624,  4.00195,  3.94007,   -23.00,  24.85,   1.42, 
  150.809, 0.4982, 0.5596,  4.00939,  3.95132,   -23.00,  24.85,   1.33, 
  151.322, 0.5031, 0.5567,  4.01526,  3.96150,   -23.00,  24.85,   1.23, 
  151.835, 0.5080, 0.5539,  4.01974,  3.97031,   -23.00,  24.85,   1.13, 
  152.348, 0.5129, 0.5510,  4.02310,  3.97765,   -23.00,  24.85,   1.05, 
  152.861, 0.5178, 0.5481,  4.02568,  3.98355,   -23.00,  24.85,   0.97, 
  153.374, 0.5227, 0.5453,  4.02789,  3.98820,   -23.00,  24.85,   0.92, 
  153.887, 0.5276, 0.5424,  4.03025,  3.99182,   -23.00,  24.85,   0.90, 
  154.400, 0.5325, 0.5395,  4.03334,  3.99473,   -23.00,  24.85,   0.90, 
  154.913, 0.5374, 0.5367,  4.03800,  3.99734,   -23.00,  24.85,   0.95, 
  155.426, 0.5423, 0.5338,  4.04549,  4.00033,   -23.00,  24.85,   1.05, 
  155.939, 0.5472, 0.5309,  4.05593,  4.00481,   -23.00,  24.85,   1.19, 
  156.452, 0.5520, 0.5281,  4.06626,  4.01229,   -23.00,  24.85,   1.25, 
  156.965, 0.5569, 0.5252,  4.07361,  4.02304,   -23.00,  24.85,   1.17, 
  157.478, 0.5618, 0.5223,  4.07823,  4.03413,   -23.00,  24.85,   1.03, 
  157.991, 0.5667, 0.5195,  4.08141,  4.04229,   -23.00,  24.85,   0.92, 
  158.504, 0.5716, 0.5166,  4.08403,  4.04732,   -23.00,  24.85,   0.86, 
  159.000, 0.5764, 0.5138,  4.08645,  4.05050,   -23.00,  24.85,   0.83, 

            mass  =  0.8166 kg/m2
 specific energy segment =  -107.45 W-h/kg
 specific power segment  =  -107.45 W/kg
 total heat =          3.1791 W-h/m2
  
