     50  lim, limit on number of iterations
 100.00  h1,  thickness of negative electrode (microns)
  25.00  h2,  thickness of separator (microns)
 100.00  h3,  thickness of positive electrode (microns)
  25.00  hcn, thickness of negative electrode current collector (microns)
  25.00  hcp, thickness of positive electrode current collector (microns)
     80  n1,  number of nodes in negative electrode
     40  n2,  number of nodes in separator
     80  n3,  number of nodes in positive electrode
 363.00  T,   temperature (K)

 1000.0  xx(1,n1+2), initial concentration (mol/m3)
 0.6000  csx,   initial stoichiometric parameter for negative
 0.5000  csy,   initial stoichiometric parameter for positive
   30.0  tmmax, maximum time step size (s)
 .4E-13  dfs1, diffusion coefficient in negative solid (m2/s)
 .1E-12  dfs3, diffusion coefficient in positive solid (m2/s)
  10.00  Rad1,  radius of negative particles (microns)
  10.00  Rad3,  radius of positive particles (microns)

  0.300  ep1,   volume fraction of electrolyte in negative electrode
  0.000  epp1,  volume fraction of polymer phase in negative electrode
  0.100  epf1,  volume fraction of inert filler in negative electrode
  1.000  ep2,   volume fraction of electrolyte in separator
  0.000  epp2,  volume fraction of polymer phase in separator
  0.300  ep3,   volume fraction of electrolyte in positive electrode
  0.000  epp3,  volume fraction of polymer phase in positive electrode
  0.200  epf3,  volume fraction of inert filler in positive electrode
 0.10E+03  sig1,  conductivity of negative matrix (S/m)
  10.      sig3,  conductivity of positive matrix (S/m)
  372.00  cot1,  coulombic capacity of negative material (mAh/g)
  274.00  cot3,  coulombic capacity of positive material (mAh/g)
 .1E-04  rka1,  reaction rate constant for negative reaction 
 .3E-10  rka3,  reaction rate constant for positive reaction

 1324.0  re,   density of electrolyte (kg/m3)
 1800.0  rs1,  density of negative insertion material (kg/m3)
 5010.0  rs3,  density of positive insertion material (kg/m3)
 1800.0  rf,   density of inert filler (kg/m3)
 1780.0  rpl,  density of polymer phase (kg/m3)
    0.0  rc,   density of separator material (kg/m3)
 8954.0  rcn,  density of negative current collector (kg/m3)
 2707.0  rcp,  density of positive current collector (kg/m3)

   0.001000  ranode,   anode film resistance (ohm-m2)
   0.000000  rcathde,  cathode film resistance (ohm-m2)
   0.00  htc,   heat-transfer coefficient with external medium (W/m2K)
   0.000000  dUdT,  temperature coefficient of EMF (V/K)
 2000.0  Cp,    heat capacity of cell (J/kg-K)
   0.00  residm,    residual mass (kg/m2)
 298.00  Tam,   ambient temperature (K)
      1  ncell, number of cells in a cell stack
      2  lht,   0 uses htc,  1 calcs htc,  2 isothermal

      0    nside, side reaction flag 

      1  il1,   1 for long print-out  0 for short print-out
     10  il2,   prints every il2 th node in long print-out
     10  il3,   prints every il3 th time step in long print-out
      1  lflag, 0 for electrolyte in separator only, 1 for uniform
      0  imp, 0 for no impedance, 1 for impedance
   0.00  capp1,  capacitance of negative material (F/m2)
   0.00  capp3,  capacitance of positive material (F/m2)
     24  lcurs, number of current changes
  
 MCMB 2528 Graphite (Bellcore)
 LiPF6 in EC:DMC
 LiCoO2 (Cobalt dioxide)
 open-circuit potential, negative   0.178978294
 delta S negative   0.
 open-circuit potential, positive   4.24165195
 delta S positive   0.
  
      DUAL INSERTION CELL VERSION 5.1
  
   Time     Util N  Util P  Cell Pot   Uocp      Curr      Temp   heatgen
   (min)       x       y      (V)       (V)      (A/m2)    (C)    (W/m2)
  
    0.000, 0.6000, 0.5000,  4.06140,  4.06267,    10.00,  89.85,   0.01, 
    0.001, 0.6000, 0.5000,  4.06137,  4.06267,    10.00,  89.85,   0.01, 
    0.001, 0.6000, 0.5000,  4.06134,  4.06267,    10.00,  89.85,   0.01, 
    0.001, 0.6000, 0.5000,  4.06131,  4.06267,    10.00,  89.85,   0.01, 
    0.002, 0.6000, 0.5000,  4.06129,  4.06267,    10.00,  89.85,   0.01, 
    0.002, 0.6000, 0.5000,  4.06126,  4.06267,    10.00,  89.85,   0.01, 
    0.003, 0.6000, 0.5000,  4.06124,  4.06267,    10.00,  89.85,   0.01, 
    0.003, 0.6000, 0.5000,  4.06122,  4.06267,    10.00,  89.85,   0.01, 
    0.004, 0.6000, 0.5000,  4.06119,  4.06266,    10.00,  89.85,   0.01, 
    0.005, 0.6000, 0.5000,  4.06117,  4.06266,    10.00,  89.85,   0.01, 
    0.006, 0.6000, 0.5000,  4.06114,  4.06266,    10.00,  89.85,   0.02, 
    0.007, 0.6000, 0.5000,  4.06112,  4.06266,    10.00,  89.85,   0.02, 
    0.007, 0.6000, 0.5000,  4.06109,  4.06266,    10.00,  89.85,   0.02, 
    0.009, 0.6000, 0.5000,  4.06106,  4.06265,    10.00,  89.85,   0.02, 
    0.010, 0.6000, 0.5000,  4.06103,  4.06265,    10.00,  89.85,   0.02, 
    0.011, 0.6000, 0.5000,  4.06100,  4.06265,    10.00,  89.85,   0.02, 
    0.012, 0.5999, 0.5000,  4.06097,  4.06264,    10.00,  89.85,   0.02, 
    0.014, 0.5999, 0.5000,  4.06094,  4.06264,    10.00,  89.85,   0.02, 
    0.016, 0.5999, 0.5000,  4.06090,  4.06264,    10.00,  89.85,   0.02, 
    0.017, 0.5999, 0.5000,  4.06087,  4.06263,    10.00,  89.85,   0.02, 
    0.019, 0.5999, 0.5000,  4.06083,  4.06263,    10.00,  89.85,   0.02, 
    0.022, 0.5999, 0.5001,  4.06079,  4.06262,    10.00,  89.85,   0.02, 
    0.024, 0.5999, 0.5001,  4.06075,  4.06262,    10.00,  89.85,   0.02, 
    0.027, 0.5999, 0.5001,  4.06071,  4.06261,    10.00,  89.85,   0.02, 
    0.030, 0.5999, 0.5001,  4.06067,  4.06260,    10.00,  89.85,   0.02, 
    0.033, 0.5999, 0.5001,  4.06062,  4.06260,    10.00,  89.85,   0.02, 
    0.037, 0.5998, 0.5001,  4.06057,  4.06259,    10.00,  89.85,   0.02, 
    0.041, 0.5998, 0.5001,  4.06052,  4.06258,    10.00,  89.85,   0.02, 
    0.045, 0.5998, 0.5001,  4.06047,  4.06257,    10.00,  89.85,   0.02, 
    0.050, 0.5998, 0.5001,  4.06042,  4.06256,    10.00,  89.85,   0.02, 
    0.055, 0.5998, 0.5001,  4.06036,  4.06255,    10.00,  89.85,   0.02, 
    0.061, 0.5997, 0.5001,  4.06031,  4.06253,    10.00,  89.85,   0.02, 
    0.067, 0.5997, 0.5002,  4.06025,  4.06252,    10.00,  89.85,   0.02, 
    0.074, 0.5997, 0.5002,  4.06019,  4.06250,    10.00,  89.85,   0.02, 
    0.082, 0.5997, 0.5002,  4.06012,  4.06248,    10.00,  89.85,   0.02, 
    0.091, 0.5996, 0.5002,  4.06006,  4.06246,    10.00,  89.85,   0.02, 
    0.100, 0.5996, 0.5002,  4.05999,  4.06244,    10.00,  89.85,   0.02, 
    0.110, 0.5995, 0.5003,  4.05992,  4.06242,    10.00,  89.85,   0.02, 
    0.122, 0.5995, 0.5003,  4.05984,  4.06239,    10.00,  89.85,   0.03, 
    0.134, 0.5994, 0.5003,  4.05976,  4.06236,    10.00,  89.85,   0.03, 
    0.148, 0.5994, 0.5004,  4.05968,  4.06233,    10.00,  89.85,   0.03, 
    0.163, 0.5993, 0.5004,  4.05960,  4.06230,    10.00,  89.85,   0.03, 
    0.180, 0.5993, 0.5004,  4.05951,  4.06226,    10.00,  89.85,   0.03, 
    0.198, 0.5992, 0.5005,  4.05942,  4.06222,    10.00,  89.85,   0.03, 
    0.218, 0.5991, 0.5005,  4.05932,  4.06217,    10.00,  89.85,   0.03, 
    0.240, 0.5990, 0.5006,  4.05921,  4.06212,    10.00,  89.85,   0.03, 
    0.264, 0.5989, 0.5006,  4.05911,  4.06206,    10.00,  89.85,   0.03, 
    0.291, 0.5988, 0.5007,  4.05899,  4.06200,    10.00,  89.85,   0.03, 
    0.320, 0.5987, 0.5008,  4.05887,  4.06193,    10.00,  89.85,   0.03, 
    0.353, 0.5985, 0.5009,  4.05874,  4.06186,    10.00,  89.85,   0.03, 
    0.388, 0.5984, 0.5009,  4.05860,  4.06178,    10.00,  89.85,   0.03, 
    0.427, 0.5982, 0.5010,  4.05846,  4.06169,    10.00,  89.85,   0.03, 
    0.470, 0.5980, 0.5011,  4.05831,  4.06159,    10.00,  89.85,   0.03, 
    0.518, 0.5979, 0.5013,  4.05815,  4.06148,    10.00,  89.85,   0.03, 
    0.570, 0.5976, 0.5014,  4.05797,  4.06136,    10.00,  89.85,   0.03, 
    0.627, 0.5974, 0.5015,  4.05779,  4.06123,    10.00,  89.85,   0.03, 
    0.690, 0.5971, 0.5017,  4.05760,  4.06109,    10.00,  89.85,   0.03, 
    0.760, 0.5968, 0.5018,  4.05739,  4.06094,    10.00,  89.85,   0.04, 
    0.836, 0.5965, 0.5020,  4.05717,  4.06077,    10.00,  89.85,   0.04, 
    0.920, 0.5962, 0.5022,  4.05694,  4.06058,    10.00,  89.85,   0.04, 
    1.012, 0.5958, 0.5025,  4.05669,  4.06037,    10.00,  89.85,   0.04, 
    1.113, 0.5954, 0.5027,  4.05643,  4.06015,    10.00,  89.85,   0.04, 
    1.225, 0.5949, 0.5030,  4.05614,  4.05990,    10.00,  89.85,   0.04, 
    1.348, 0.5944, 0.5033,  4.05584,  4.05963,    10.00,  89.85,   0.04, 
    1.483, 0.5938, 0.5036,  4.05551,  4.05934,    10.00,  89.85,   0.04, 
    1.632, 0.5932, 0.5040,  4.05517,  4.05902,    10.00,  89.85,   0.04, 
    1.795, 0.5926, 0.5044,  4.05479,  4.05867,    10.00,  89.85,   0.04, 
    1.975, 0.5918, 0.5048,  4.05439,  4.05829,    10.00,  89.85,   0.04, 
    2.173, 0.5910, 0.5053,  4.05395,  4.05787,    10.00,  89.85,   0.04, 
    2.390, 0.5901, 0.5058,  4.05348,  4.05741,    10.00,  89.85,   0.04, 
    2.629, 0.5891, 0.5064,  4.05297,  4.05692,    10.00,  89.85,   0.04, 
    2.893, 0.5880, 0.5070,  4.05241,  4.05638,    10.00,  89.85,   0.04, 
    3.182, 0.5868, 0.5077,  4.05180,  4.05579,    10.00,  89.85,   0.04, 
    3.501, 0.5855, 0.5085,  4.05113,  4.05514,    10.00,  89.85,   0.04, 
    3.851, 0.5840, 0.5094,  4.05037,  4.05444,    10.00,  89.85,   0.04, 
    4.237, 0.5824, 0.5103,  4.04950,  4.05366,    10.00,  89.85,   0.04, 
    4.661, 0.5807, 0.5113,  4.04849,  4.05279,    10.00,  89.85,   0.04, 
    5.127, 0.5787, 0.5124,  4.04727,  4.05180,    10.00,  89.85,   0.05, 
    5.640, 0.5766, 0.5137,  4.04572,  4.05064,    10.00,  89.85,   0.05, 
    6.153, 0.5745, 0.5149,  4.04387,  4.04936,    10.00,  89.85,   0.05, 
    6.666, 0.5723, 0.5162,  4.04158,  4.04788,    10.00,  89.85,   0.06, 
    7.179, 0.5702, 0.5174,  4.03875,  4.04612,    10.00,  89.85,   0.07, 
    7.692, 0.5681, 0.5187,  4.03525,  4.04395,    10.00,  89.85,   0.09, 
    8.205, 0.5660, 0.5199,  4.03107,  4.04124,    10.00,  89.85,   0.10, 
    8.718, 0.5638, 0.5212,  4.02631,  4.03789,    10.00,  89.85,   0.12, 
    9.231, 0.5617, 0.5224,  4.02124,  4.03386,    10.00,  89.85,   0.13, 
    9.744, 0.5596, 0.5237,  4.01620,  4.02924,    10.00,  89.85,   0.13, 
   10.000, 0.5585, 0.5243,  4.01381,  4.02677,    10.00,  89.85,   0.13, 
   10.000, 0.5585, 0.5243,  4.00410,  4.02677,    90.00,  89.85,   2.03, 
 specific energy segment =     8.25 W-h/kg
 specific power segment  =    49.52 W/kg
 total heat =          0.0107 W-h/m2
  
   10.000, 0.5585, 0.5243,  4.00410,  4.02677,    90.00,  89.85,   2.03, 
   10.000, 0.5585, 0.5243,  4.00236,  4.02674,    90.00,  89.85,   2.19, 
   10.001, 0.5585, 0.5243,  4.00128,  4.02671,    90.00,  89.85,   2.28, 
   10.001, 0.5585, 0.5243,  4.00043,  4.02667,    90.00,  89.85,   2.36, 
   10.002, 0.5585, 0.5243,  3.99969,  4.02663,    90.00,  89.85,   2.42, 
   10.002, 0.5584, 0.5243,  3.99901,  4.02659,    90.00,  89.85,   2.48, 
   10.003, 0.5584, 0.5243,  3.99836,  4.02654,    90.00,  89.85,   2.53, 
   10.003, 0.5584, 0.5244,  3.99774,  4.02649,    90.00,  89.85,   2.58, 
   10.004, 0.5584, 0.5244,  3.99713,  4.02643,    90.00,  89.85,   2.63, 
   10.005, 0.5583, 0.5244,  3.99654,  4.02637,    90.00,  89.85,   2.68, 
   10.005, 0.5583, 0.5244,  3.99594,  4.02630,    90.00,  89.85,   2.73, 
   10.006, 0.5583, 0.5244,  3.99535,  4.02623,    90.00,  89.85,   2.78, 
   10.007, 0.5582, 0.5244,  3.99476,  4.02614,    90.00,  89.85,   2.82, 
   10.008, 0.5582, 0.5245,  3.99416,  4.02605,    90.00,  89.85,   2.87, 
   10.009, 0.5582, 0.5245,  3.99356,  4.02595,    90.00,  89.85,   2.91, 
   10.011, 0.5581, 0.5245,  3.99296,  4.02584,    90.00,  89.85,   2.96, 
   10.012, 0.5581, 0.5245,  3.99235,  4.02571,    90.00,  89.85,   3.00, 
   10.014, 0.5580, 0.5246,  3.99173,  4.02558,    90.00,  89.85,   3.04, 
   10.015, 0.5579, 0.5246,  3.99111,  4.02543,    90.00,  89.85,   3.09, 
   10.017, 0.5579, 0.5247,  3.99047,  4.02526,    90.00,  89.85,   3.13, 
   10.019, 0.5578, 0.5247,  3.98984,  4.02508,    90.00,  89.85,   3.17, 
   10.021, 0.5577, 0.5247,  3.98919,  4.02489,    90.00,  89.85,   3.21, 
   10.024, 0.5576, 0.5248,  3.98854,  4.02467,    90.00,  89.85,   3.25, 
   10.027, 0.5575, 0.5249,  3.98787,  4.02443,    90.00,  89.85,   3.29, 
   10.029, 0.5574, 0.5249,  3.98720,  4.02416,    90.00,  89.85,   3.32, 
   10.033, 0.5573, 0.5250,  3.98653,  4.02387,    90.00,  89.85,   3.36, 
   10.036, 0.5572, 0.5251,  3.98584,  4.02355,    90.00,  89.85,   3.39, 
   10.040, 0.5570, 0.5252,  3.98515,  4.02320,    90.00,  89.85,   3.42, 
   10.045, 0.5568, 0.5253,  3.98445,  4.02281,    90.00,  89.85,   3.45, 
   10.050, 0.5567, 0.5254,  3.98373,  4.02238,    90.00,  89.85,   3.47, 
   10.055, 0.5565, 0.5255,  3.98301,  4.02192,    90.00,  89.85,   3.50, 
   10.061, 0.5563, 0.5256,  3.98228,  4.02140,    90.00,  89.85,   3.52, 
   10.067, 0.5560, 0.5257,  3.98152,  4.02084,    90.00,  89.85,   3.53, 
   10.074, 0.5557, 0.5259,  3.98075,  4.02023,    90.00,  89.85,   3.55, 
   10.082, 0.5555, 0.5261,  3.97996,  4.01956,    90.00,  89.85,   3.56, 
   10.090, 0.5551, 0.5263,  3.97913,  4.01883,    90.00,  89.85,   3.57, 
   10.100, 0.5548, 0.5265,  3.97827,  4.01803,    90.00,  89.85,   3.57, 
   10.110, 0.5544, 0.5267,  3.97737,  4.01718,    90.00,  89.85,   3.58, 
   10.121, 0.5540, 0.5269,  3.97642,  4.01625,    90.00,  89.85,   3.58, 
   10.134, 0.5535, 0.5272,  3.97540,  4.01525,    90.00,  89.85,   3.58, 
   10.148, 0.5530, 0.5275,  3.97431,  4.01419,    90.00,  89.85,   3.58, 
   10.163, 0.5524, 0.5278,  3.97312,  4.01306,    90.00,  89.85,   3.59, 
   10.179, 0.5518, 0.5282,  3.97184,  4.01187,    90.00,  89.85,   3.60, 
   10.197, 0.5511, 0.5286,  3.97043,  4.01064,    90.00,  89.85,   3.62, 
   10.218, 0.5504, 0.5290,  3.96889,  4.00936,    90.00,  89.85,   3.64, 
   10.240, 0.5496, 0.5295,  3.96719,  4.00805,    90.00,  89.85,   3.68, 
   10.264, 0.5487, 0.5301,  3.96531,  4.00674,    90.00,  89.85,   3.73, 
   10.291, 0.5477, 0.5306,  3.96322,  4.00543,    90.00,  89.85,   3.80, 
   10.320, 0.5466, 0.5313,  3.96091,  4.00415,    90.00,  89.85,   3.89, 
   10.352, 0.5454, 0.5320,  3.95833,  4.00290,    90.00,  89.85,   4.01, 
   10.388, 0.5440, 0.5328,  3.95545,  4.00170,    90.00,  89.85,   4.16, 
   10.427, 0.5426, 0.5336,  3.95223,  4.00055,    90.00,  89.85,   4.35, 
   10.470, 0.5410, 0.5346,  3.94861,  3.99945,    90.00,  89.85,   4.57, 
   10.517, 0.5392, 0.5356,  3.94453,  3.99837,    90.00,  89.85,   4.84, 
   10.570, 0.5373, 0.5367,  3.93990,  3.99728,    90.00,  89.85,   5.16, 
   10.627, 0.5351, 0.5380,  3.93465,  3.99614,    90.00,  89.85,   5.53, 
   10.690, 0.5328, 0.5394,  3.92868,  3.99489,    90.00,  89.85,   5.95, 
   10.759, 0.5302, 0.5409,  3.92191,  3.99343,    90.00,  89.85,   6.43, 
   10.835, 0.5273, 0.5425,  3.91430,  3.99166,    90.00,  89.85,   6.95, 
   10.919, 0.5242, 0.5444,  3.90588,  3.98941,    90.00,  89.85,   7.50, 
   11.012, 0.5207, 0.5464,  3.89676,  3.98650,    90.00,  89.85,   8.05, 
   11.113, 0.5170, 0.5486,  3.88717,  3.98265,    90.00,  89.85,   8.56, 
   11.225, 0.5128, 0.5510,  3.87749,  3.97751,    90.00,  89.85,   8.96, 
   11.348, 0.5082, 0.5537,  3.86815,  3.97065,    90.00,  89.85,   9.18, 
   11.483, 0.5032, 0.5567,  3.85956,  3.96162,    90.00,  89.85,   9.13, 
   11.631, 0.4976, 0.5599,  3.85202,  3.95001,    90.00,  89.85,   8.77, 
   11.795, 0.4915, 0.5635,  3.84566,  3.93574,    90.00,  89.85,   8.07, 
   11.974, 0.4848, 0.5674,  3.84039,  3.91933,    90.00,  89.85,   7.07, 
   12.172, 0.4774, 0.5718,  3.83588,  3.90210,    90.00,  89.85,   5.93, 
   12.390, 0.4693, 0.5765,  3.83162,  3.88590,    90.00,  89.85,   4.88, 
   12.629, 0.4604, 0.5817,  3.82716,  3.87232,    90.00,  89.85,   4.07, 
   12.892, 0.4505, 0.5875,  3.82212,  3.86193,    90.00,  89.85,   3.59, 
   13.182, 0.4397, 0.5938,  3.81616,  3.85412,    90.00,  89.85,   3.42, 
   13.501, 0.4278, 0.6008,  3.80904,  3.84755,    90.00,  89.85,   3.47, 
   13.851, 0.4147, 0.6084,  3.80067,  3.84088,    90.00,  89.85,   3.63, 
   14.236, 0.4003, 0.6169,  3.79104,  3.83308,    90.00,  89.85,   3.80, 
   14.660, 0.3845, 0.6261,  3.78028,  3.82363,    90.00,  89.85,   3.93, 
   15.000, 0.3718, 0.6336,  3.77132,  3.81556,    90.00,  89.85,   4.00, 
   15.000, 0.3718, 0.6336,  3.78149,  3.81556,    10.00,  89.85,   0.39, 
 specific energy segment =    35.32 W-h/kg
 specific power segment  =   423.89 W/kg
 total heat =          0.4352 W-h/m2
  
   15.000, 0.3718, 0.6336,  3.78149,  3.81556,    10.00,  89.85,   0.39, 
   15.000, 0.3718, 0.6336,  3.78230,  3.81556,    10.00,  89.85,   0.37, 
   15.001, 0.3718, 0.6336,  3.78277,  3.81556,    10.00,  89.85,   0.36, 
   15.001, 0.3718, 0.6336,  3.78315,  3.81556,    10.00,  89.85,   0.36, 
   15.002, 0.3718, 0.6336,  3.78347,  3.81556,    10.00,  89.85,   0.35, 
   15.002, 0.3718, 0.6336,  3.78377,  3.81556,    10.00,  89.85,   0.35, 
   15.003, 0.3718, 0.6336,  3.78406,  3.81555,    10.00,  89.85,   0.34, 
   15.003, 0.3718, 0.6336,  3.78433,  3.81555,    10.00,  89.85,   0.34, 
   15.004, 0.3718, 0.6336,  3.78461,  3.81555,    10.00,  89.85,   0.33, 
   15.005, 0.3718, 0.6336,  3.78488,  3.81555,    10.00,  89.85,   0.33, 
   15.005, 0.3718, 0.6336,  3.78515,  3.81555,    10.00,  89.85,   0.33, 
   15.006, 0.3718, 0.6336,  3.78542,  3.81554,    10.00,  89.85,   0.32, 
   15.007, 0.3718, 0.6336,  3.78570,  3.81554,    10.00,  89.85,   0.32, 
   15.008, 0.3718, 0.6336,  3.78599,  3.81554,    10.00,  89.85,   0.32, 
   15.009, 0.3718, 0.6336,  3.78628,  3.81554,    10.00,  89.85,   0.31, 
   15.011, 0.3718, 0.6336,  3.78658,  3.81553,    10.00,  89.85,   0.31, 
   15.012, 0.3718, 0.6336,  3.78689,  3.81553,    10.00,  89.85,   0.31, 
   15.014, 0.3718, 0.6336,  3.78720,  3.81552,    10.00,  89.85,   0.30, 
   15.015, 0.3718, 0.6336,  3.78753,  3.81552,    10.00,  89.85,   0.30, 
   15.017, 0.3718, 0.6336,  3.78787,  3.81552,    10.00,  89.85,   0.29, 
   15.019, 0.3718, 0.6336,  3.78821,  3.81551,    10.00,  89.85,   0.29, 
   15.021, 0.3717, 0.6336,  3.78857,  3.81550,    10.00,  89.85,   0.29, 
   15.024, 0.3717, 0.6336,  3.78893,  3.81550,    10.00,  89.85,   0.28, 
   15.027, 0.3717, 0.6336,  3.78931,  3.81549,    10.00,  89.85,   0.28, 
   15.029, 0.3717, 0.6336,  3.78970,  3.81548,    10.00,  89.85,   0.27, 
   15.033, 0.3717, 0.6336,  3.79009,  3.81547,    10.00,  89.85,   0.27, 
   15.036, 0.3717, 0.6336,  3.79050,  3.81546,    10.00,  89.85,   0.27, 
   15.040, 0.3717, 0.6337,  3.79091,  3.81545,    10.00,  89.85,   0.26, 
   15.045, 0.3717, 0.6337,  3.79134,  3.81544,    10.00,  89.85,   0.26, 
   15.050, 0.3716, 0.6337,  3.79177,  3.81543,    10.00,  89.85,   0.25, 
   15.055, 0.3716, 0.6337,  3.79220,  3.81541,    10.00,  89.85,   0.25, 
   15.061, 0.3716, 0.6337,  3.79264,  3.81540,    10.00,  89.85,   0.24, 
   15.067, 0.3716, 0.6337,  3.79309,  3.81538,    10.00,  89.85,   0.24, 
   15.074, 0.3715, 0.6337,  3.79354,  3.81536,    10.00,  89.85,   0.23, 
   15.082, 0.3715, 0.6338,  3.79399,  3.81534,    10.00,  89.85,   0.23, 
   15.090, 0.3715, 0.6338,  3.79444,  3.81532,    10.00,  89.85,   0.22, 
   15.100, 0.3714, 0.6338,  3.79490,  3.81529,    10.00,  89.85,   0.22, 
   15.110, 0.3714, 0.6338,  3.79535,  3.81527,    10.00,  89.85,   0.21, 
   15.121, 0.3713, 0.6338,  3.79580,  3.81524,    10.00,  89.85,   0.20, 
   15.134, 0.3713, 0.6339,  3.79625,  3.81520,    10.00,  89.85,   0.20, 
   15.148, 0.3712, 0.6339,  3.79671,  3.81517,    10.00,  89.85,   0.19, 
   15.163, 0.3712, 0.6339,  3.79716,  3.81512,    10.00,  89.85,   0.19, 
   15.179, 0.3711, 0.6340,  3.79761,  3.81508,    10.00,  89.85,   0.18, 
   15.197, 0.3710, 0.6340,  3.79805,  3.81503,    10.00,  89.85,   0.18, 
   15.218, 0.3709, 0.6341,  3.79850,  3.81498,    10.00,  89.85,   0.17, 
   15.240, 0.3708, 0.6341,  3.79895,  3.81492,    10.00,  89.85,   0.16, 
   15.264, 0.3707, 0.6342,  3.79939,  3.81485,    10.00,  89.85,   0.16, 
   15.291, 0.3706, 0.6343,  3.79983,  3.81478,    10.00,  89.85,   0.15, 
   15.320, 0.3705, 0.6343,  3.80027,  3.81470,    10.00,  89.85,   0.15, 
   15.352, 0.3704, 0.6344,  3.80070,  3.81461,    10.00,  89.85,   0.14, 
   15.388, 0.3702, 0.6345,  3.80113,  3.81452,    10.00,  89.85,   0.14, 
   15.427, 0.3701, 0.6346,  3.80155,  3.81441,    10.00,  89.85,   0.13, 
   15.470, 0.3699, 0.6347,  3.80196,  3.81430,    10.00,  89.85,   0.12, 
   15.517, 0.3697, 0.6348,  3.80235,  3.81417,    10.00,  89.85,   0.12, 
   15.570, 0.3695, 0.6349,  3.80273,  3.81403,    10.00,  89.85,   0.11, 
   15.627, 0.3692, 0.6351,  3.80309,  3.81388,    10.00,  89.85,   0.11, 
   15.690, 0.3690, 0.6352,  3.80343,  3.81371,    10.00,  89.85,   0.10, 
   15.759, 0.3687, 0.6354,  3.80374,  3.81352,    10.00,  89.85,   0.10, 
   15.835, 0.3684, 0.6356,  3.80402,  3.81331,    10.00,  89.85,   0.09, 
   15.919, 0.3680, 0.6358,  3.80426,  3.81309,    10.00,  89.85,   0.09, 
   16.012, 0.3676, 0.6360,  3.80447,  3.81284,    10.00,  89.85,   0.08, 
   16.113, 0.3672, 0.6363,  3.80464,  3.81256,    10.00,  89.85,   0.08, 
   16.225, 0.3668, 0.6365,  3.80475,  3.81226,    10.00,  89.85,   0.08, 
   16.348, 0.3662, 0.6368,  3.80481,  3.81193,    10.00,  89.85,   0.07, 
   16.483, 0.3657, 0.6372,  3.80481,  3.81156,    10.00,  89.85,   0.07, 
   16.631, 0.3651, 0.6375,  3.80475,  3.81116,    10.00,  89.85,   0.06, 
   16.795, 0.3644, 0.6379,  3.80461,  3.81072,    10.00,  89.85,   0.06, 
   16.974, 0.3636, 0.6383,  3.80440,  3.81023,    10.00,  89.85,   0.06, 
   17.172, 0.3628, 0.6388,  3.80411,  3.80970,    10.00,  89.85,   0.06, 
   17.390, 0.3619, 0.6394,  3.80374,  3.80911,    10.00,  89.85,   0.05, 
   17.629, 0.3609, 0.6399,  3.80327,  3.80846,    10.00,  89.85,   0.05, 
   17.892, 0.3598, 0.6406,  3.80270,  3.80775,    10.00,  89.85,   0.05, 
   18.182, 0.3586, 0.6413,  3.80204,  3.80696,    10.00,  89.85,   0.05, 
   18.501, 0.3573, 0.6421,  3.80128,  3.80610,    10.00,  89.85,   0.05, 
   18.851, 0.3559, 0.6429,  3.80041,  3.80515,    10.00,  89.85,   0.05, 
   19.236, 0.3543, 0.6438,  3.79943,  3.80411,    10.00,  89.85,   0.05, 
   19.660, 0.3525, 0.6449,  3.79832,  3.80296,    10.00,  89.85,   0.05, 
   20.127, 0.3506, 0.6460,  3.79710,  3.80171,    10.00,  89.85,   0.05, 
   20.640, 0.3484, 0.6472,  3.79574,  3.80033,    10.00,  89.85,   0.05, 
   21.153, 0.3463, 0.6485,  3.79438,  3.79896,    10.00,  89.85,   0.05, 
   21.666, 0.3442, 0.6497,  3.79302,  3.79759,    10.00,  89.85,   0.05, 
   22.179, 0.3421, 0.6510,  3.79166,  3.79623,    10.00,  89.85,   0.05, 
   22.692, 0.3399, 0.6522,  3.79031,  3.79487,    10.00,  89.85,   0.05, 
   23.205, 0.3378, 0.6535,  3.78896,  3.79352,    10.00,  89.85,   0.05, 
   23.718, 0.3357, 0.6547,  3.78761,  3.79218,    10.00,  89.85,   0.05, 
   24.231, 0.3335, 0.6560,  3.78627,  3.79085,    10.00,  89.85,   0.05, 
   24.744, 0.3314, 0.6572,  3.78494,  3.78952,    10.00,  89.85,   0.05, 
   25.000, 0.3304, 0.6578,  3.78427,  3.78886,    10.00,  89.85,   0.05, 
   25.000, 0.3304, 0.6578,  3.77422,  3.78886,    90.00,  89.85,   1.32, 
 specific energy segment =     7.75 W-h/kg
 specific power segment  =    46.49 W/kg
 total heat =          0.4450 W-h/m2
  
   25.000, 0.3304, 0.6578,  3.77422,  3.78886,    90.00,  89.85,   1.32, 
   25.000, 0.3303, 0.6578,  3.77366,  3.78886,    90.00,  89.85,   1.37, 
   25.001, 0.3303, 0.6579,  3.77329,  3.78885,    90.00,  89.85,   1.40, 
   25.001, 0.3303, 0.6579,  3.77299,  3.78884,    90.00,  89.85,   1.43, 
   25.002, 0.3303, 0.6579,  3.77272,  3.78883,    90.00,  89.85,   1.45, 
   25.002, 0.3303, 0.6579,  3.77246,  3.78882,    90.00,  89.85,   1.47, 
   25.003, 0.3303, 0.6579,  3.77221,  3.78880,    90.00,  89.85,   1.50, 
   25.003, 0.3302, 0.6579,  3.77196,  3.78879,    90.00,  89.85,   1.52, 
   25.004, 0.3302, 0.6579,  3.77170,  3.78878,    90.00,  89.85,   1.54, 
   25.005, 0.3302, 0.6579,  3.77145,  3.78876,    90.00,  89.85,   1.56, 
   25.005, 0.3302, 0.6580,  3.77119,  3.78874,    90.00,  89.85,   1.58, 
   25.006, 0.3301, 0.6580,  3.77093,  3.78872,    90.00,  89.85,   1.60, 
   25.007, 0.3301, 0.6580,  3.77066,  3.78870,    90.00,  89.85,   1.63, 
   25.008, 0.3300, 0.6580,  3.77037,  3.78868,    90.00,  89.85,   1.65, 
   25.009, 0.3300, 0.6580,  3.77008,  3.78865,    90.00,  89.85,   1.67, 
   25.011, 0.3300, 0.6581,  3.76978,  3.78862,    90.00,  89.85,   1.70, 
   25.012, 0.3299, 0.6581,  3.76947,  3.78859,    90.00,  89.85,   1.72, 
   25.014, 0.3298, 0.6581,  3.76914,  3.78855,    90.00,  89.85,   1.75, 
   25.015, 0.3298, 0.6582,  3.76880,  3.78851,    90.00,  89.85,   1.78, 
   25.017, 0.3297, 0.6582,  3.76845,  3.78847,    90.00,  89.85,   1.80, 
   25.019, 0.3296, 0.6583,  3.76807,  3.78842,    90.00,  89.85,   1.83, 
   25.021, 0.3296, 0.6583,  3.76769,  3.78837,    90.00,  89.85,   1.86, 
   25.024, 0.3295, 0.6584,  3.76728,  3.78831,    90.00,  89.85,   1.89, 
   25.027, 0.3294, 0.6584,  3.76686,  3.78825,    90.00,  89.85,   1.93, 
   25.029, 0.3293, 0.6585,  3.76642,  3.78818,    90.00,  89.85,   1.96, 
   25.033, 0.3291, 0.6586,  3.76596,  3.78811,    90.00,  89.85,   1.99, 
   25.036, 0.3290, 0.6586,  3.76549,  3.78802,    90.00,  89.85,   2.03, 
   25.040, 0.3288, 0.6587,  3.76499,  3.78793,    90.00,  89.85,   2.07, 
   25.045, 0.3287, 0.6588,  3.76447,  3.78783,    90.00,  89.85,   2.10, 
   25.050, 0.3285, 0.6589,  3.76393,  3.78772,    90.00,  89.85,   2.14, 
   25.055, 0.3283, 0.6590,  3.76338,  3.78760,    90.00,  89.85,   2.18, 
   25.061, 0.3281, 0.6592,  3.76280,  3.78747,    90.00,  89.85,   2.22, 
   25.067, 0.3278, 0.6593,  3.76220,  3.78732,    90.00,  89.85,   2.26, 
   25.074, 0.3276, 0.6595,  3.76157,  3.78716,    90.00,  89.85,   2.30, 
   25.082, 0.3273, 0.6596,  3.76093,  3.78698,    90.00,  89.85,   2.34, 
   25.090, 0.3270, 0.6598,  3.76026,  3.78679,    90.00,  89.85,   2.39, 
   25.100, 0.3266, 0.6600,  3.75957,  3.78657,    90.00,  89.85,   2.43, 
   25.110, 0.3262, 0.6602,  3.75885,  3.78634,    90.00,  89.85,   2.47, 
   25.121, 0.3258, 0.6605,  3.75810,  3.78608,    90.00,  89.85,   2.52, 
   25.134, 0.3254, 0.6608,  3.75732,  3.78579,    90.00,  89.85,   2.56, 
   25.148, 0.3248, 0.6611,  3.75651,  3.78548,    90.00,  89.85,   2.61, 
   25.163, 0.3243, 0.6614,  3.75566,  3.78514,    90.00,  89.85,   2.65, 
   25.179, 0.3237, 0.6618,  3.75476,  3.78476,    90.00,  89.85,   2.70, 
   25.197, 0.3230, 0.6622,  3.75382,  3.78435,    90.00,  89.85,   2.74, 
   25.218, 0.3222, 0.6626,  3.75282,  3.78389,    90.00,  89.85,   2.79, 
   25.240, 0.3214, 0.6631,  3.75175,  3.78339,    90.00,  89.85,   2.84, 
   25.264, 0.3205, 0.6636,  3.75060,  3.78285,    90.00,  89.85,   2.90, 
   25.291, 0.3195, 0.6642,  3.74936,  3.78225,    90.00,  89.85,   2.95, 
   25.320, 0.3184, 0.6648,  3.74800,  3.78159,    90.00,  89.85,   3.02, 
   25.352, 0.3172, 0.6655,  3.74653,  3.78087,    90.00,  89.85,   3.08, 
   25.388, 0.3159, 0.6663,  3.74491,  3.78008,    90.00,  89.85,   3.16, 
   25.427, 0.3144, 0.6672,  3.74314,  3.77921,    90.00,  89.85,   3.24, 
   25.470, 0.3128, 0.6681,  3.74119,  3.77826,    90.00,  89.85,   3.33, 
   25.517, 0.3110, 0.6691,  3.73904,  3.77721,    90.00,  89.85,   3.42, 
   25.570, 0.3091, 0.6703,  3.73668,  3.77607,    90.00,  89.85,   3.53, 
   25.627, 0.3069, 0.6715,  3.73407,  3.77482,    90.00,  89.85,   3.65, 
   25.690, 0.3046, 0.6729,  3.73119,  3.77345,    90.00,  89.85,   3.79, 
   25.759, 0.3020, 0.6744,  3.72801,  3.77194,    90.00,  89.85,   3.94, 
   25.835, 0.2992, 0.6761,  3.72450,  3.77028,    90.00,  89.85,   4.10, 
   25.919, 0.2960, 0.6779,  3.72062,  3.76846,    90.00,  89.85,   4.29, 
   26.012, 0.2926, 0.6799,  3.71634,  3.76646,    90.00,  89.85,   4.49, 
   26.113, 0.2888, 0.6822,  3.71163,  3.76425,    90.00,  89.85,   4.72, 
   26.225, 0.2846, 0.6846,  3.70646,  3.76180,    90.00,  89.85,   4.96, 
   26.348, 0.2800, 0.6873,  3.70080,  3.75908,    90.00,  89.85,   5.23, 
   26.483, 0.2750, 0.6902,  3.69463,  3.75604,    90.00,  89.85,   5.51, 
   26.631, 0.2694, 0.6935,  3.68793,  3.75262,    90.00,  89.85,   5.81, 
   26.795, 0.2633, 0.6971,  3.68068,  3.74876,    90.00,  89.85,   6.11, 
   26.974, 0.2566, 0.7010,  3.67288,  3.74435,    90.00,  89.85,   6.42, 
   27.172, 0.2492, 0.7053,  3.66448,  3.73931,    90.00,  89.85,   6.73, 
   27.390, 0.2411, 0.7101,  3.65534,  3.73352,    90.00,  89.85,   7.03, 
   27.629, 0.2322, 0.7153,  3.64515,  3.72683,    90.00,  89.85,   7.35, 
   27.892, 0.2224, 0.7210,  3.63389,  3.71912,    90.00,  89.85,   7.67, 
   28.182, 0.2116, 0.7274,  3.62346,  3.71028,    90.00,  89.85,   7.81, 
   28.501, 0.1997, 0.7343,  3.61684,  3.70024,    90.00,  89.85,   7.47, 
   28.851, 0.1866, 0.7420,  3.61180,  3.68898,    90.00,  89.85,   6.92, 
   29.236, 0.1722, 0.7504,  3.60629,  3.67657,    90.00,  89.85,   6.35, 
   29.660, 0.1564, 0.7597,  3.59795,  3.66297,    90.00,  89.85,   5.87, 
   30.000, 0.1437, 0.7671,  3.58491,  3.65183,    90.00,  89.85,   6.04, 
   30.000, 0.1437, 0.7671,  3.59623,  3.65183,    10.00,  89.85,   0.78, 
 specific energy segment =    33.62 W-h/kg
 specific power segment  =   403.46 W/kg
 total heat =          0.9381 W-h/m2
  
   30.000, 0.1437, 0.7671,  3.59623,  3.65183,    10.00,  89.85,   0.78, 
   30.000, 0.1437, 0.7671,  3.59825,  3.65182,    10.00,  89.85,   0.61, 
   30.001, 0.1437, 0.7671,  3.59928,  3.65182,    10.00,  89.85,   0.57, 
   30.001, 0.1437, 0.7671,  3.60004,  3.65182,    10.00,  89.85,   0.56, 
   30.002, 0.1437, 0.7671,  3.60068,  3.65182,    10.00,  89.85,   0.54, 
   30.002, 0.1437, 0.7671,  3.60126,  3.65182,    10.00,  89.85,   0.54, 
   30.003, 0.1437, 0.7671,  3.60179,  3.65182,    10.00,  89.85,   0.53, 
   30.003, 0.1437, 0.7671,  3.60229,  3.65181,    10.00,  89.85,   0.52, 
   30.004, 0.1437, 0.7671,  3.60278,  3.65181,    10.00,  89.85,   0.52, 
   30.005, 0.1437, 0.7671,  3.60325,  3.65181,    10.00,  89.85,   0.51, 
   30.005, 0.1437, 0.7671,  3.60371,  3.65181,    10.00,  89.85,   0.50, 
   30.006, 0.1436, 0.7671,  3.60417,  3.65180,    10.00,  89.85,   0.50, 
   30.007, 0.1436, 0.7671,  3.60462,  3.65180,    10.00,  89.85,   0.49, 
   30.008, 0.1436, 0.7671,  3.60507,  3.65180,    10.00,  89.85,   0.49, 
   30.009, 0.1436, 0.7671,  3.60551,  3.65179,    10.00,  89.85,   0.48, 
   30.011, 0.1436, 0.7671,  3.60596,  3.65179,    10.00,  89.85,   0.48, 
   30.012, 0.1436, 0.7671,  3.60641,  3.65178,    10.00,  89.85,   0.47, 
   30.014, 0.1436, 0.7671,  3.60686,  3.65178,    10.00,  89.85,   0.47, 
   30.015, 0.1436, 0.7671,  3.60732,  3.65177,    10.00,  89.85,   0.47, 
   30.017, 0.1436, 0.7671,  3.60777,  3.65176,    10.00,  89.85,   0.46, 
   30.019, 0.1436, 0.7672,  3.60823,  3.65175,    10.00,  89.85,   0.46, 
   30.021, 0.1436, 0.7672,  3.60870,  3.65175,    10.00,  89.85,   0.45, 
   30.024, 0.1436, 0.7672,  3.60916,  3.65174,    10.00,  89.85,   0.45, 
   30.027, 0.1436, 0.7672,  3.60963,  3.65173,    10.00,  89.85,   0.44, 
   30.029, 0.1436, 0.7672,  3.61010,  3.65172,    10.00,  89.85,   0.44, 
   30.033, 0.1435, 0.7672,  3.61058,  3.65170,    10.00,  89.85,   0.43, 
   30.036, 0.1435, 0.7672,  3.61105,  3.65169,    10.00,  89.85,   0.43, 
   30.040, 0.1435, 0.7672,  3.61153,  3.65167,    10.00,  89.85,   0.42, 
   30.045, 0.1435, 0.7672,  3.61201,  3.65166,    10.00,  89.85,   0.42, 
   30.050, 0.1435, 0.7672,  3.61248,  3.65164,    10.00,  89.85,   0.42, 
   30.055, 0.1434, 0.7672,  3.61296,  3.65162,    10.00,  89.85,   0.41, 
   30.061, 0.1434, 0.7673,  3.61343,  3.65160,    10.00,  89.85,   0.41, 
   30.067, 0.1434, 0.7673,  3.61390,  3.65158,    10.00,  89.85,   0.40, 
   30.074, 0.1434, 0.7673,  3.61436,  3.65155,    10.00,  89.85,   0.40, 
   30.082, 0.1433, 0.7673,  3.61482,  3.65152,    10.00,  89.85,   0.39, 
   30.090, 0.1433, 0.7673,  3.61527,  3.65149,    10.00,  89.85,   0.39, 
   30.100, 0.1433, 0.7673,  3.61572,  3.65145,    10.00,  89.85,   0.38, 
   30.110, 0.1432, 0.7674,  3.61616,  3.65141,    10.00,  89.85,   0.38, 
   30.121, 0.1432, 0.7674,  3.61659,  3.65137,    10.00,  89.85,   0.37, 
   30.134, 0.1431, 0.7674,  3.61702,  3.65133,    10.00,  89.85,   0.36, 
   30.148, 0.1431, 0.7675,  3.61744,  3.65127,    10.00,  89.85,   0.36, 
   30.163, 0.1430, 0.7675,  3.61785,  3.65122,    10.00,  89.85,   0.35, 
   30.179, 0.1429, 0.7675,  3.61825,  3.65116,    10.00,  89.85,   0.35, 
   30.197, 0.1429, 0.7676,  3.61865,  3.65109,    10.00,  89.85,   0.34, 
   30.218, 0.1428, 0.7676,  3.61904,  3.65101,    10.00,  89.85,   0.34, 
   30.240, 0.1427, 0.7677,  3.61942,  3.65093,    10.00,  89.85,   0.33, 
   30.264, 0.1426, 0.7677,  3.61979,  3.65084,    10.00,  89.85,   0.33, 
   30.291, 0.1425, 0.7678,  3.62016,  3.65074,    10.00,  89.85,   0.32, 
   30.320, 0.1423, 0.7679,  3.62051,  3.65063,    10.00,  89.85,   0.32, 
   30.352, 0.1422, 0.7680,  3.62085,  3.65051,    10.00,  89.85,   0.31, 
   30.388, 0.1421, 0.7680,  3.62118,  3.65037,    10.00,  89.85,   0.30, 
   30.427, 0.1419, 0.7681,  3.62150,  3.65022,    10.00,  89.85,   0.30, 
   30.470, 0.1417, 0.7682,  3.62180,  3.65006,    10.00,  89.85,   0.29, 
   30.517, 0.1415, 0.7684,  3.62209,  3.64988,    10.00,  89.85,   0.29, 
   30.570, 0.1413, 0.7685,  3.62237,  3.64969,    10.00,  89.85,   0.28, 
   30.627, 0.1411, 0.7686,  3.62263,  3.64947,    10.00,  89.85,   0.28, 
   30.690, 0.1408, 0.7688,  3.62287,  3.64923,    10.00,  89.85,   0.27, 
   30.759, 0.1405, 0.7689,  3.62310,  3.64897,    10.00,  89.85,   0.27, 
   30.835, 0.1402, 0.7691,  3.62333,  3.64868,    10.00,  89.85,   0.26, 
   30.919, 0.1399, 0.7693,  3.62354,  3.64836,    10.00,  89.85,   0.26, 
   31.012, 0.1395, 0.7696,  3.62375,  3.64801,    10.00,  89.85,   0.25, 
   31.113, 0.1391, 0.7698,  3.62395,  3.64763,    10.00,  89.85,   0.25, 
   31.225, 0.1386, 0.7701,  3.62414,  3.64720,    10.00,  89.85,   0.24, 
   31.348, 0.1381, 0.7704,  3.62434,  3.64673,    10.00,  89.85,   0.23, 
   31.483, 0.1375, 0.7707,  3.62453,  3.64622,    10.00,  89.85,   0.22, 
   31.631, 0.1369, 0.7711,  3.62472,  3.64565,    10.00,  89.85,   0.22, 
   31.795, 0.1362, 0.7715,  3.62489,  3.64502,    10.00,  89.85,   0.21, 
   31.974, 0.1355, 0.7719,  3.62505,  3.64433,    10.00,  89.85,   0.20, 
   32.172, 0.1347, 0.7724,  3.62518,  3.64357,    10.00,  89.85,   0.19, 
   32.390, 0.1338, 0.7729,  3.62527,  3.64274,    10.00,  89.85,   0.18, 
   32.629, 0.1328, 0.7735,  3.62530,  3.64182,    10.00,  89.85,   0.17, 
   32.892, 0.1317, 0.7741,  3.62528,  3.64081,    10.00,  89.85,   0.16, 
   33.182, 0.1305, 0.7748,  3.62517,  3.63971,    10.00,  89.85,   0.15, 
   33.501, 0.1292, 0.7756,  3.62498,  3.63851,    10.00,  89.85,   0.14, 
   33.851, 0.1277, 0.7765,  3.62470,  3.63720,    10.00,  89.85,   0.13, 
   34.236, 0.1261, 0.7774,  3.62433,  3.63580,    10.00,  89.85,   0.12, 
   34.660, 0.1243, 0.7784,  3.62386,  3.63429,    10.00,  89.85,   0.10, 
   35.127, 0.1224, 0.7796,  3.62330,  3.63270,    10.00,  89.85,   0.09, 
   35.640, 0.1203, 0.7808,  3.62267,  3.63104,    10.00,  89.85,   0.08, 
   36.153, 0.1182, 0.7820,  3.62205,  3.62949,    10.00,  89.85,   0.07, 
   36.666, 0.1160, 0.7833,  3.62146,  3.62807,    10.00,  89.85,   0.07, 
   37.179, 0.1139, 0.7845,  3.62088,  3.62678,    10.00,  89.85,   0.06, 
   37.692, 0.1118, 0.7858,  3.62034,  3.62562,    10.00,  89.85,   0.05, 
   38.205, 0.1096, 0.7870,  3.61982,  3.62459,    10.00,  89.85,   0.05, 
   38.718, 0.1075, 0.7883,  3.61932,  3.62368,    10.00,  89.85,   0.04, 
   39.231, 0.1054, 0.7895,  3.61882,  3.62288,    10.00,  89.85,   0.04, 
   39.744, 0.1033, 0.7908,  3.61833,  3.62217,    10.00,  89.85,   0.04, 
   40.000, 0.1022, 0.7914,  3.61808,  3.62185,    10.00,  89.85,   0.04, 
   40.000, 0.1022, 0.7914,  3.60686,  3.62185,    90.00,  89.85,   1.35, 
 specific energy segment =     7.39 W-h/kg
 specific power segment  =    44.36 W/kg
 total heat =          0.9583 W-h/m2
  
   40.000, 0.1022, 0.7914,  3.60686,  3.62185,    90.00,  89.85,   1.35, 
   40.000, 0.1022, 0.7914,  3.60653,  3.62185,    90.00,  89.85,   1.38, 
   40.001, 0.1022, 0.7914,  3.60631,  3.62184,    90.00,  89.85,   1.40, 
   40.001, 0.1021, 0.7914,  3.60612,  3.62184,    90.00,  89.85,   1.42, 
   40.002, 0.1021, 0.7914,  3.60596,  3.62183,    90.00,  89.85,   1.43, 
   40.002, 0.1021, 0.7914,  3.60580,  3.62183,    90.00,  89.85,   1.44, 
   40.003, 0.1021, 0.7914,  3.60564,  3.62182,    90.00,  89.85,   1.46, 
   40.003, 0.1021, 0.7915,  3.60548,  3.62181,    90.00,  89.85,   1.47, 
   40.004, 0.1020, 0.7915,  3.60533,  3.62181,    90.00,  89.85,   1.48, 
   40.005, 0.1020, 0.7915,  3.60517,  3.62180,    90.00,  89.85,   1.50, 
   40.005, 0.1020, 0.7915,  3.60500,  3.62179,    90.00,  89.85,   1.51, 
   40.006, 0.1020, 0.7915,  3.60483,  3.62178,    90.00,  89.85,   1.53, 
   40.007, 0.1019, 0.7915,  3.60466,  3.62177,    90.00,  89.85,   1.54, 
   40.008, 0.1019, 0.7916,  3.60447,  3.62176,    90.00,  89.85,   1.56, 
   40.009, 0.1018, 0.7916,  3.60428,  3.62175,    90.00,  89.85,   1.57, 
   40.011, 0.1018, 0.7916,  3.60408,  3.62173,    90.00,  89.85,   1.59, 
   40.012, 0.1017, 0.7916,  3.60387,  3.62172,    90.00,  89.85,   1.61, 
   40.014, 0.1017, 0.7917,  3.60365,  3.62170,    90.00,  89.85,   1.63, 
   40.015, 0.1016, 0.7917,  3.60341,  3.62168,    90.00,  89.85,   1.64, 
   40.017, 0.1016, 0.7918,  3.60316,  3.62166,    90.00,  89.85,   1.66, 
   40.019, 0.1015, 0.7918,  3.60290,  3.62164,    90.00,  89.85,   1.69, 
   40.021, 0.1014, 0.7919,  3.60263,  3.62162,    90.00,  89.85,   1.71, 
   40.024, 0.1013, 0.7919,  3.60234,  3.62159,    90.00,  89.85,   1.73, 
   40.027, 0.1012, 0.7920,  3.60203,  3.62156,    90.00,  89.85,   1.76, 
   40.029, 0.1011, 0.7920,  3.60171,  3.62153,    90.00,  89.85,   1.78, 
   40.033, 0.1010, 0.7921,  3.60137,  3.62150,    90.00,  89.85,   1.81, 
   40.036, 0.1008, 0.7922,  3.60101,  3.62146,    90.00,  89.85,   1.84, 
   40.040, 0.1007, 0.7923,  3.60063,  3.62142,    90.00,  89.85,   1.87, 
   40.045, 0.1005, 0.7924,  3.60023,  3.62138,    90.00,  89.85,   1.90, 
   40.050, 0.1003, 0.7925,  3.59980,  3.62133,    90.00,  89.85,   1.94, 
   40.055, 0.1001, 0.7926,  3.59936,  3.62127,    90.00,  89.85,   1.97, 
   40.061, 0.0999, 0.7927,  3.59889,  3.62122,    90.00,  89.85,   2.01, 
   40.067, 0.0997, 0.7929,  3.59839,  3.62115,    90.00,  89.85,   2.05, 
   40.074, 0.0994, 0.7930,  3.59787,  3.62108,    90.00,  89.85,   2.09, 
   40.082, 0.0991, 0.7932,  3.59731,  3.62101,    90.00,  89.85,   2.13, 
   40.090, 0.0988, 0.7934,  3.59671,  3.62093,    90.00,  89.85,   2.18, 
   40.100, 0.0985, 0.7936,  3.59607,  3.62084,    90.00,  89.85,   2.23, 
   40.110, 0.0981, 0.7938,  3.59538,  3.62074,    90.00,  89.85,   2.28, 
   40.121, 0.0977, 0.7940,  3.59462,  3.62064,    90.00,  89.85,   2.34, 
   40.134, 0.0972, 0.7943,  3.59379,  3.62053,    90.00,  89.85,   2.40, 
   40.148, 0.0967, 0.7946,  3.59287,  3.62040,    90.00,  89.85,   2.48, 
   40.163, 0.0961, 0.7949,  3.59182,  3.62027,    90.00,  89.85,   2.56, 
   40.179, 0.0955, 0.7953,  3.59061,  3.62012,    90.00,  89.85,   2.65, 
   40.197, 0.0948, 0.7957,  3.58919,  3.61997,    90.00,  89.85,   2.77, 
   40.218, 0.0941, 0.7961,  3.58749,  3.61980,    90.00,  89.85,   2.91, 
   40.240, 0.0932, 0.7966,  3.58538,  3.61961,    90.00,  89.85,   3.08, 
   40.264, 0.0923, 0.7972,  3.58271,  3.61940,    90.00,  89.85,   3.30, 
   40.291, 0.0913, 0.7977,  3.57922,  3.61918,    90.00,  89.85,   3.59, 
   40.320, 0.0902, 0.7984,  3.57450,  3.61892,    90.00,  89.85,   4.00, 
   40.352, 0.0890, 0.7991,  3.56794,  3.61865,    90.00,  89.85,   4.56, 
   40.388, 0.0877, 0.7999,  3.55851,  3.61833,    90.00,  89.85,   5.38, 
   40.427, 0.0862, 0.8007,  3.54454,  3.61798,    90.00,  89.85,   6.61, 
   40.470, 0.0846, 0.8017,  3.52318,  3.61758,    90.00,  89.85,   8.49, 
   40.517, 0.0829, 0.8027,  3.48954,  3.61713,    90.00,  89.85,  11.48, 
   40.570, 0.0809, 0.8038,  3.43488,  3.61660,    90.00,  89.85,  16.35, 
   40.627, 0.0788, 0.8051,  3.34325,  3.61599,    90.00,  89.85,  24.54, 
   40.690, 0.0764, 0.8065,  3.18461,  3.61529,    90.00,  89.85,  38.76, 
   40.753, 0.0741, 0.8078,  2.93247,  3.61454,    90.00,  89.85,  61.38, 
   40.816, 0.0717, 0.8092,  2.53599,  3.61375,    90.00,  89.85,  97.00, 
   40.847, 0.0706, 0.8099,  2.25994,  3.61334,    90.00,  89.85, 121.80, 
   40.855, 0.0703, 0.8101,  2.18069,  3.61323,    90.00,  89.85, 128.93, 
   40.864, 0.0699, 0.8103,  2.08844,  3.61312,    90.00,  89.85, 137.22, 
   40.865, 0.0699, 0.8103,  2.08188,  3.61311,    90.00,  89.85, 137.81, 
   40.865, 0.0699, 0.8103,  2.07726,  3.61311,    90.00,  89.85, 138.22, 
   40.865, 0.0699, 0.8103,  2.07679,  3.61311,    90.00,  89.85, 138.27, 
 mass is   0.816565
 energy is   5.34091913
 power is   7.84181703
 491 this time step did not converge
 Solid concentration driven to zero.
 Consider changing vcut or the current density.
  
 dV/dt at point of failure is (V/s) -0.688858173
 Moving on to next leg if not the last
  
 comp 7 not converged
 comp 15 not converged
 

     this run just did not converge


