     50  lim, limit on number of iterations
 100.00  h1,  thickness of negative electrode (microns)
  25.00  h2,  thickness of separator (microns)
 100.00  h3,  thickness of positive electrode (microns)
  25.00  hcn, thickness of negative electrode current collector (microns)
  25.00  hcp, thickness of positive electrode current collector (microns)
     80  n1,  number of nodes in negative electrode
     40  n2,  number of nodes in separator
     80  n3,  number of nodes in positive electrode
 298.00  T,   temperature (K)

 1000.0  xx(1,n1+2), initial concentration (mol/m3)
 0.6000  csx,   initial stoichiometric parameter for negative
 0.5000  csy,   initial stoichiometric parameter for positive
   30.0  tmmax, maximum time step size (s)
 .4E-13  dfs1, diffusion coefficient in negative solid (m2/s)
 .1E-12  dfs3, diffusion coefficient in positive solid (m2/s)
  10.00  Rad1,  radius of negative particles (microns)
  10.00  Rad3,  radius of positive particles (microns)

  0.300  ep1,   volume fraction of electrolyte in negative electrode
  0.000  epp1,  volume fraction of polymer phase in negative electrode
  0.100  epf1,  volume fraction of inert filler in negative electrode
  1.000  ep2,   volume fraction of electrolyte in separator
  0.000  epp2,  volume fraction of polymer phase in separator
  0.300  ep3,   volume fraction of electrolyte in positive electrode
  0.000  epp3,  volume fraction of polymer phase in positive electrode
  0.200  epf3,  volume fraction of inert filler in positive electrode
 0.10E+03  sig1,  conductivity of negative matrix (S/m)
  10.      sig3,  conductivity of positive matrix (S/m)
  372.00  cot1,  coulombic capacity of negative material (mAh/g)
  274.00  cot3,  coulombic capacity of positive material (mAh/g)
 .1E-04  rka1,  reaction rate constant for negative reaction 
 .3E-10  rka3,  reaction rate constant for positive reaction

 1324.0  re,   density of electrolyte (kg/m3)
 1800.0  rs1,  density of negative insertion material (kg/m3)
 5010.0  rs3,  density of positive insertion material (kg/m3)
 1800.0  rf,   density of inert filler (kg/m3)
 1780.0  rpl,  density of polymer phase (kg/m3)
    0.0  rc,   density of separator material (kg/m3)
 8954.0  rcn,  density of negative current collector (kg/m3)
 2707.0  rcp,  density of positive current collector (kg/m3)

   0.001000  ranode,   anode film resistance (ohm-m2)
   0.000000  rcathde,  cathode film resistance (ohm-m2)
   0.00  htc,   heat-transfer coefficient with external medium (W/m2K)
   0.000000  dUdT,  temperature coefficient of EMF (V/K)
 2000.0  Cp,    heat capacity of cell (J/kg-K)
   0.00  residm,    residual mass (kg/m2)
 298.00  Tam,   ambient temperature (K)
      1  ncell, number of cells in a cell stack
      2  lht,   0 uses htc,  1 calcs htc,  2 isothermal

      0    nside, side reaction flag 

      1  il1,   1 for long print-out  0 for short print-out
     10  il2,   prints every il2 th node in long print-out
     10  il3,   prints every il3 th time step in long print-out
      1  lflag, 0 for electrolyte in separator only, 1 for uniform
      0  imp, 0 for no impedance, 1 for impedance
   0.00  capp1,  capacitance of negative material (F/m2)
   0.00  capp3,  capacitance of positive material (F/m2)
      3  lcurs, number of current changes
  
 MCMB 2528 Graphite (Bellcore)
 LiPF6 in EC:DMC
 LiCoO2 (Cobalt dioxide)
 open-circuit potential, negative   0.178978294
 delta S negative   0.
 open-circuit potential, positive   4.24165195
 delta S positive   0.
  
      DUAL INSERTION CELL VERSION 5.1
  
   Time     Util N  Util P  Cell Pot   Uocp      Curr      Temp   heatgen
   (min)       x       y      (V)       (V)      (A/m2)    (C)    (W/m2)
  
    0.000, 0.6000, 0.5000,  4.06267,  4.06267,     0.00,  24.85,   0.00, 
    0.001, 0.6000, 0.5000,  4.06267,  4.06267,     0.00,  24.85,   0.00, 
    0.001, 0.6000, 0.5000,  4.06267,  4.06267,     0.00,  24.85,   0.00, 
    0.001, 0.6000, 0.5000,  4.06267,  4.06267,     0.00,  24.85,   0.00, 
    0.002, 0.6000, 0.5000,  4.06267,  4.06267,     0.00,  24.85,   0.00, 
    0.002, 0.6000, 0.5000,  4.06267,  4.06267,     0.00,  24.85,   0.00, 
    0.003, 0.6000, 0.5000,  4.06267,  4.06267,     0.00,  24.85,   0.00, 
    0.003, 0.6000, 0.5000,  4.06267,  4.06267,     0.00,  24.85,   0.00, 
    0.004, 0.6000, 0.5000,  4.06267,  4.06267,     0.00,  24.85,   0.00, 
    0.005, 0.6000, 0.5000,  4.06267,  4.06267,     0.00,  24.85,   0.00, 
    0.006, 0.6000, 0.5000,  4.06267,  4.06267,     0.00,  24.85,   0.00, 
    0.007, 0.6000, 0.5000,  4.06267,  4.06267,     0.00,  24.85,   0.00, 
    0.007, 0.6000, 0.5000,  4.06267,  4.06267,     0.00,  24.85,   0.00, 
    0.009, 0.6000, 0.5000,  4.06267,  4.06267,     0.00,  24.85,   0.00, 
    0.010, 0.6000, 0.5000,  4.06267,  4.06267,     0.00,  24.85,   0.00, 
    0.011, 0.6000, 0.5000,  4.06267,  4.06267,     0.00,  24.85,   0.00, 
    0.012, 0.6000, 0.5000,  4.06267,  4.06267,     0.00,  24.85,   0.00, 
    0.014, 0.6000, 0.5000,  4.06267,  4.06267,     0.00,  24.85,   0.00, 
    0.016, 0.6000, 0.5000,  4.06267,  4.06267,     0.00,  24.85,   0.00, 
    0.017, 0.6000, 0.5000,  4.06267,  4.06267,     0.00,  24.85,   0.00, 
    0.019, 0.6000, 0.5000,  4.06267,  4.06267,     0.00,  24.85,   0.00, 
    0.022, 0.6000, 0.5000,  4.06267,  4.06267,     0.00,  24.85,   0.00, 
    0.024, 0.6000, 0.5000,  4.06267,  4.06267,     0.00,  24.85,   0.00, 
    0.027, 0.6000, 0.5000,  4.06267,  4.06267,     0.00,  24.85,   0.00, 
    0.030, 0.6000, 0.5000,  4.06267,  4.06267,     0.00,  24.85,   0.00, 
    0.033, 0.6000, 0.5000,  4.06267,  4.06267,     0.00,  24.85,   0.00, 
    0.037, 0.6000, 0.5000,  4.06267,  4.06267,     0.00,  24.85,   0.00, 
    0.041, 0.6000, 0.5000,  4.06267,  4.06267,     0.00,  24.85,   0.00, 
    0.045, 0.6000, 0.5000,  4.06267,  4.06267,     0.00,  24.85,   0.00, 
    0.050, 0.6000, 0.5000,  4.06267,  4.06267,     0.00,  24.85,   0.00, 
    0.055, 0.6000, 0.5000,  4.06267,  4.06267,     0.00,  24.85,   0.00, 
    0.061, 0.6000, 0.5000,  4.06267,  4.06267,     0.00,  24.85,   0.00, 
    0.067, 0.6000, 0.5000,  4.06267,  4.06267,     0.00,  24.85,   0.00, 
    0.074, 0.6000, 0.5000,  4.06267,  4.06267,     0.00,  24.85,   0.00, 
    0.082, 0.6000, 0.5000,  4.06267,  4.06267,     0.00,  24.85,   0.00, 
    0.091, 0.6000, 0.5000,  4.06267,  4.06267,     0.00,  24.85,   0.00, 
    0.100, 0.6000, 0.5000,  4.06267,  4.06267,     0.00,  24.85,   0.00, 
    0.110, 0.6000, 0.5000,  4.06267,  4.06267,     0.00,  24.85,   0.00, 
    0.122, 0.6000, 0.5000,  4.06267,  4.06267,     0.00,  24.85,   0.00, 
    0.134, 0.6000, 0.5000,  4.06267,  4.06267,     0.00,  24.85,   0.00, 
    0.148, 0.6000, 0.5000,  4.06267,  4.06267,     0.00,  24.85,   0.00, 
    0.163, 0.6000, 0.5000,  4.06267,  4.06267,     0.00,  24.85,   0.00, 
    0.180, 0.6000, 0.5000,  4.06267,  4.06267,     0.00,  24.85,   0.00, 
    0.198, 0.6000, 0.5000,  4.06267,  4.06267,     0.00,  24.85,   0.00, 
    0.218, 0.6000, 0.5000,  4.06267,  4.06267,     0.00,  24.85,   0.00, 
    0.240, 0.6000, 0.5000,  4.06267,  4.06267,     0.00,  24.85,   0.00, 
    0.264, 0.6000, 0.5000,  4.06267,  4.06267,     0.00,  24.85,   0.00, 
    0.291, 0.6000, 0.5000,  4.06267,  4.06267,     0.00,  24.85,   0.00, 
    0.320, 0.6000, 0.5000,  4.06267,  4.06267,     0.00,  24.85,   0.00, 
    0.353, 0.6000, 0.5000,  4.06267,  4.06267,     0.00,  24.85,   0.00, 
    0.388, 0.6000, 0.5000,  4.06267,  4.06267,     0.00,  24.85,   0.00, 
    0.427, 0.6000, 0.5000,  4.06267,  4.06267,     0.00,  24.85,   0.00, 
    0.470, 0.6000, 0.5000,  4.06267,  4.06267,     0.00,  24.85,   0.00, 
    0.518, 0.6000, 0.5000,  4.06267,  4.06267,     0.00,  24.85,   0.00, 
    0.570, 0.6000, 0.5000,  4.06267,  4.06267,     0.00,  24.85,   0.00, 
    0.627, 0.6000, 0.5000,  4.06267,  4.06267,     0.00,  24.85,   0.00, 
    0.690, 0.6000, 0.5000,  4.06267,  4.06267,     0.00,  24.85,   0.00, 
    0.760, 0.6000, 0.5000,  4.06267,  4.06267,     0.00,  24.85,   0.00, 
    0.836, 0.6000, 0.5000,  4.06267,  4.06267,     0.00,  24.85,   0.00, 
    0.920, 0.6000, 0.5000,  4.06267,  4.06267,     0.00,  24.85,   0.00, 
    1.012, 0.6000, 0.5000,  4.06267,  4.06267,     0.00,  24.85,   0.00, 
    1.113, 0.6000, 0.5000,  4.06267,  4.06267,     0.00,  24.85,   0.00, 
    1.225, 0.6000, 0.5000,  4.06267,  4.06267,     0.00,  24.85,   0.00, 
    1.348, 0.6000, 0.5000,  4.06267,  4.06267,     0.00,  24.85,   0.00, 
    1.483, 0.6000, 0.5000,  4.06267,  4.06267,     0.00,  24.85,   0.00, 
    1.632, 0.6000, 0.5000,  4.06267,  4.06267,     0.00,  24.85,   0.00, 
    1.795, 0.6000, 0.5000,  4.06267,  4.06267,     0.00,  24.85,   0.00, 
    1.975, 0.6000, 0.5000,  4.06267,  4.06267,     0.00,  24.85,   0.00, 
    2.173, 0.6000, 0.5000,  4.06267,  4.06267,     0.00,  24.85,   0.00, 
    2.390, 0.6000, 0.5000,  4.06267,  4.06267,     0.00,  24.85,   0.00, 
    2.629, 0.6000, 0.5000,  4.06267,  4.06267,     0.00,  24.85,   0.00, 
    2.893, 0.6000, 0.5000,  4.06267,  4.06267,     0.00,  24.85,   0.00, 
    3.182, 0.6000, 0.5000,  4.06267,  4.06267,     0.00,  24.85,   0.00, 
    3.501, 0.6000, 0.5000,  4.06267,  4.06267,     0.00,  24.85,   0.00, 
    3.851, 0.6000, 0.5000,  4.06267,  4.06267,     0.00,  24.85,   0.00, 
    4.237, 0.6000, 0.5000,  4.06267,  4.06267,     0.00,  24.85,   0.00, 
    4.661, 0.6000, 0.5000,  4.06267,  4.06267,     0.00,  24.85,   0.00, 
    5.127, 0.6000, 0.5000,  4.06267,  4.06267,     0.00,  24.85,   0.00, 
    5.640, 0.6000, 0.5000,  4.06267,  4.06267,     0.00,  24.85,   0.00, 
    6.153, 0.6000, 0.5000,  4.06267,  4.06267,     0.00,  24.85,   0.00, 
    6.666, 0.6000, 0.5000,  4.06267,  4.06267,     0.00,  24.85,   0.00, 
    7.179, 0.6000, 0.5000,  4.06267,  4.06267,     0.00,  24.85,   0.00, 
    7.692, 0.6000, 0.5000,  4.06267,  4.06267,     0.00,  24.85,   0.00, 
    8.205, 0.6000, 0.5000,  4.06267,  4.06267,     0.00,  24.85,   0.00, 
    8.718, 0.6000, 0.5000,  4.06267,  4.06267,     0.00,  24.85,   0.00, 
    9.231, 0.6000, 0.5000,  4.06267,  4.06267,     0.00,  24.85,   0.00, 
    9.744, 0.6000, 0.5000,  4.06267,  4.06267,     0.00,  24.85,   0.00, 
   10.000, 0.6000, 0.5000,  4.06267,  4.06267,     0.00,  24.85,   0.00, 
   10.000, 0.6000, 0.5000,  4.04175,  4.06267,    19.00,  24.85,   0.40, 
 specific energy segment =     0.00 W-h/kg
 specific power segment  =     0.00 W/kg
 total heat =          0.0000 W-h/m2
  
   10.000, 0.6000, 0.5000,  4.04175,  4.06267,    19.00,  24.85,   0.40, 
   10.000, 0.6000, 0.5000,  4.04164,  4.06267,    19.00,  24.85,   0.40, 
   10.001, 0.6000, 0.5000,  4.04156,  4.06267,    19.00,  24.85,   0.40, 
   10.001, 0.6000, 0.5000,  4.04150,  4.06267,    19.00,  24.85,   0.40, 
   10.002, 0.6000, 0.5000,  4.04145,  4.06267,    19.00,  24.85,   0.40, 
   10.002, 0.6000, 0.5000,  4.04140,  4.06266,    19.00,  24.85,   0.40, 
   10.003, 0.6000, 0.5000,  4.04135,  4.06266,    19.00,  24.85,   0.41, 
   10.003, 0.6000, 0.5000,  4.04129,  4.06266,    19.00,  24.85,   0.41, 
   10.004, 0.6000, 0.5000,  4.04124,  4.06266,    19.00,  24.85,   0.41, 
   10.005, 0.6000, 0.5000,  4.04119,  4.06265,    19.00,  24.85,   0.41, 
   10.005, 0.6000, 0.5000,  4.04113,  4.06265,    19.00,  24.85,   0.41, 
   10.006, 0.6000, 0.5000,  4.04108,  4.06265,    19.00,  24.85,   0.41, 
   10.007, 0.5999, 0.5000,  4.04102,  4.06264,    19.00,  24.85,   0.41, 
   10.008, 0.5999, 0.5000,  4.04096,  4.06264,    19.00,  24.85,   0.41, 
   10.009, 0.5999, 0.5000,  4.04090,  4.06263,    19.00,  24.85,   0.41, 
   10.011, 0.5999, 0.5000,  4.04083,  4.06263,    19.00,  24.85,   0.41, 
   10.012, 0.5999, 0.5001,  4.04076,  4.06262,    19.00,  24.85,   0.42, 
   10.014, 0.5999, 0.5001,  4.04069,  4.06261,    19.00,  24.85,   0.42, 
   10.015, 0.5999, 0.5001,  4.04061,  4.06261,    19.00,  24.85,   0.42, 
   10.017, 0.5999, 0.5001,  4.04053,  4.06260,    19.00,  24.85,   0.42, 
   10.019, 0.5998, 0.5001,  4.04045,  4.06259,    19.00,  24.85,   0.42, 
   10.021, 0.5998, 0.5001,  4.04036,  4.06258,    19.00,  24.85,   0.42, 
   10.024, 0.5998, 0.5001,  4.04027,  4.06257,    19.00,  24.85,   0.42, 
   10.027, 0.5998, 0.5001,  4.04017,  4.06256,    19.00,  24.85,   0.43, 
   10.029, 0.5998, 0.5001,  4.04006,  4.06254,    19.00,  24.85,   0.43, 
   10.033, 0.5997, 0.5002,  4.03995,  4.06253,    19.00,  24.85,   0.43, 
   10.036, 0.5997, 0.5002,  4.03984,  4.06251,    19.00,  24.85,   0.43, 
   10.040, 0.5997, 0.5002,  4.03972,  4.06250,    19.00,  24.85,   0.43, 
   10.045, 0.5996, 0.5002,  4.03959,  4.06248,    19.00,  24.85,   0.43, 
   10.050, 0.5996, 0.5002,  4.03945,  4.06245,    19.00,  24.85,   0.44, 
   10.055, 0.5996, 0.5003,  4.03931,  4.06243,    19.00,  24.85,   0.44, 
   10.061, 0.5995, 0.5003,  4.03916,  4.06241,    19.00,  24.85,   0.44, 
   10.067, 0.5995, 0.5003,  4.03900,  4.06238,    19.00,  24.85,   0.44, 
   10.074, 0.5994, 0.5003,  4.03883,  4.06235,    19.00,  24.85,   0.45, 
   10.082, 0.5994, 0.5004,  4.03865,  4.06231,    19.00,  24.85,   0.45, 
   10.090, 0.5993, 0.5004,  4.03846,  4.06228,    19.00,  24.85,   0.45, 
   10.100, 0.5992, 0.5005,  4.03826,  4.06223,    19.00,  24.85,   0.46, 
   10.110, 0.5991, 0.5005,  4.03805,  4.06219,    19.00,  24.85,   0.46, 
   10.121, 0.5990, 0.5006,  4.03782,  4.06214,    19.00,  24.85,   0.46, 
   10.134, 0.5989, 0.5006,  4.03759,  4.06209,    19.00,  24.85,   0.47, 
   10.148, 0.5988, 0.5007,  4.03734,  4.06203,    19.00,  24.85,   0.47, 
   10.163, 0.5987, 0.5008,  4.03707,  4.06196,    19.00,  24.85,   0.47, 
   10.179, 0.5986, 0.5008,  4.03679,  4.06189,    19.00,  24.85,   0.48, 
   10.197, 0.5984, 0.5009,  4.03650,  4.06181,    19.00,  24.85,   0.48, 
   10.218, 0.5983, 0.5010,  4.03619,  4.06172,    19.00,  24.85,   0.48, 
   10.240, 0.5981, 0.5011,  4.03586,  4.06162,    19.00,  24.85,   0.49, 
   10.264, 0.5979, 0.5012,  4.03552,  4.06152,    19.00,  24.85,   0.49, 
   10.291, 0.5977, 0.5013,  4.03516,  4.06140,    19.00,  24.85,   0.50, 
   10.320, 0.5975, 0.5015,  4.03477,  4.06128,    19.00,  24.85,   0.50, 
   10.352, 0.5972, 0.5016,  4.03438,  4.06114,    19.00,  24.85,   0.51, 
   10.388, 0.5969, 0.5018,  4.03396,  4.06099,    19.00,  24.85,   0.51, 
   10.427, 0.5966, 0.5020,  4.03352,  4.06082,    19.00,  24.85,   0.52, 
   10.470, 0.5963, 0.5022,  4.03306,  4.06064,    19.00,  24.85,   0.52, 
   10.517, 0.5959, 0.5024,  4.03259,  4.06044,    19.00,  24.85,   0.53, 
   10.570, 0.5955, 0.5026,  4.03209,  4.06022,    19.00,  24.85,   0.53, 
   10.627, 0.5951, 0.5029,  4.03157,  4.05998,    19.00,  24.85,   0.54, 
   10.690, 0.5946, 0.5032,  4.03103,  4.05972,    19.00,  24.85,   0.54, 
   10.759, 0.5940, 0.5035,  4.03046,  4.05943,    19.00,  24.85,   0.55, 
   10.835, 0.5934, 0.5039,  4.02987,  4.05911,    19.00,  24.85,   0.55, 
   10.919, 0.5928, 0.5042,  4.02925,  4.05877,    19.00,  24.85,   0.56, 
   11.012, 0.5920, 0.5047,  4.02860,  4.05840,    19.00,  24.85,   0.56, 
   11.113, 0.5912, 0.5051,  4.02792,  4.05799,    19.00,  24.85,   0.57, 
   11.225, 0.5903, 0.5057,  4.02719,  4.05754,    19.00,  24.85,   0.57, 
   11.348, 0.5894, 0.5062,  4.02641,  4.05706,    19.00,  24.85,   0.58, 
   11.483, 0.5883, 0.5068,  4.02557,  4.05653,    19.00,  24.85,   0.58, 
   11.631, 0.5871, 0.5075,  4.02465,  4.05596,    19.00,  24.85,   0.59, 
   11.795, 0.5859, 0.5083,  4.02363,  4.05533,    19.00,  24.85,   0.60, 
   11.974, 0.5844, 0.5091,  4.02247,  4.05464,    19.00,  24.85,   0.61, 
   12.172, 0.5829, 0.5100,  4.02113,  4.05388,    19.00,  24.85,   0.62, 
   12.390, 0.5812, 0.5110,  4.01953,  4.05304,    19.00,  24.85,   0.63, 
   12.629, 0.5793, 0.5121,  4.01758,  4.05208,    19.00,  24.85,   0.65, 
   12.892, 0.5772, 0.5133,  4.01511,  4.05098,    19.00,  24.85,   0.68, 
   13.182, 0.5749, 0.5147,  4.01190,  4.04964,    19.00,  24.85,   0.71, 
   13.501, 0.5724, 0.5162,  4.00763,  4.04793,    19.00,  24.85,   0.76, 
   13.851, 0.5696, 0.5178,  4.00195,  4.04558,    19.00,  24.85,   0.82, 
   14.236, 0.5666, 0.5195,  3.99480,  4.04213,    19.00,  24.85,   0.89, 
   14.660, 0.5633, 0.5215,  3.98679,  4.03689,    19.00,  24.85,   0.95, 
   15.127, 0.5596, 0.5237,  3.97928,  4.02927,    19.00,  24.85,   0.94, 
   15.640, 0.5555, 0.5260,  3.97330,  4.01976,    19.00,  24.85,   0.88, 
   16.153, 0.5515, 0.5284,  3.96922,  4.01128,    19.00,  24.85,   0.80, 
   16.666, 0.5475, 0.5308,  3.96614,  4.00518,    19.00,  24.85,   0.74, 
   17.179, 0.5434, 0.5331,  3.96339,  4.00120,    19.00,  24.85,   0.72, 
   17.692, 0.5394, 0.5355,  3.96054,  3.99847,    19.00,  24.85,   0.72, 
   18.205, 0.5353, 0.5379,  3.95737,  3.99626,    19.00,  24.85,   0.74, 
   18.718, 0.5313, 0.5402,  3.95370,  3.99407,    19.00,  24.85,   0.76, 
   19.231, 0.5272, 0.5426,  3.94943,  3.99160,    19.00,  24.85,   0.80, 
   19.744, 0.5232, 0.5450,  3.94447,  3.98863,    19.00,  24.85,   0.83, 
   20.257, 0.5192, 0.5473,  3.93876,  3.98498,    19.00,  24.85,   0.87, 
   20.770, 0.5151, 0.5497,  3.93223,  3.98050,    19.00,  24.85,   0.91, 
   21.283, 0.5111, 0.5521,  3.92491,  3.97509,    19.00,  24.85,   0.95, 
   21.796, 0.5070, 0.5544,  3.91684,  3.96869,    19.00,  24.85,   0.98, 
   22.309, 0.5030, 0.5568,  3.90816,  3.96127,    19.00,  24.85,   1.01, 
   22.822, 0.4989, 0.5592,  3.89909,  3.95293,    19.00,  24.85,   1.02, 
   23.335, 0.4949, 0.5615,  3.88988,  3.94381,    19.00,  24.85,   1.02, 
   23.848, 0.4909, 0.5639,  3.88082,  3.93415,    19.00,  24.85,   1.01, 
   24.361, 0.4868, 0.5663,  3.87217,  3.92425,    19.00,  24.85,   0.99, 
   24.874, 0.4828, 0.5686,  3.86416,  3.91444,    19.00,  24.85,   0.95, 
   25.387, 0.4787, 0.5710,  3.85692,  3.90503,    19.00,  24.85,   0.91, 
   25.900, 0.4747, 0.5734,  3.85054,  3.89626,    19.00,  24.85,   0.87, 
   26.413, 0.4706, 0.5757,  3.84500,  3.88833,    19.00,  24.85,   0.82, 
   26.926, 0.4666, 0.5781,  3.84025,  3.88133,    19.00,  24.85,   0.78, 
   27.439, 0.4625, 0.5805,  3.83620,  3.87525,    19.00,  24.85,   0.74, 
   27.952, 0.4585, 0.5828,  3.83272,  3.87004,    19.00,  24.85,   0.71, 
   28.465, 0.4545, 0.5852,  3.82971,  3.86561,    19.00,  24.85,   0.68, 
   28.978, 0.4504, 0.5876,  3.82706,  3.86184,    19.00,  24.85,   0.66, 
   29.491, 0.4464, 0.5899,  3.82467,  3.85860,    19.00,  24.85,   0.64, 
   30.004, 0.4423, 0.5923,  3.82249,  3.85577,    19.00,  24.85,   0.63, 
   30.517, 0.4383, 0.5947,  3.82042,  3.85326,    19.00,  24.85,   0.62, 
   31.030, 0.4342, 0.5970,  3.81842,  3.85095,    19.00,  24.85,   0.61, 
   31.543, 0.4302, 0.5994,  3.81643,  3.84879,    19.00,  24.85,   0.61, 
   32.056, 0.4262, 0.6018,  3.81440,  3.84670,    19.00,  24.85,   0.61, 
   32.569, 0.4221, 0.6041,  3.81232,  3.84465,    19.00,  24.85,   0.61, 
   33.082, 0.4181, 0.6065,  3.81017,  3.84259,    19.00,  24.85,   0.61, 
   33.595, 0.4140, 0.6089,  3.80795,  3.84051,    19.00,  24.85,   0.61, 
   34.108, 0.4100, 0.6112,  3.80566,  3.83838,    19.00,  24.85,   0.62, 
   34.621, 0.4059, 0.6136,  3.80329,  3.83620,    19.00,  24.85,   0.62, 
   35.134, 0.4019, 0.6160,  3.80085,  3.83395,    19.00,  24.85,   0.63, 
   35.647, 0.3979, 0.6183,  3.79834,  3.83164,    19.00,  24.85,   0.63, 
   36.160, 0.3938, 0.6207,  3.79577,  3.82928,    19.00,  24.85,   0.64, 
   36.673, 0.3898, 0.6231,  3.79314,  3.82685,    19.00,  24.85,   0.64, 
   37.186, 0.3857, 0.6254,  3.79045,  3.82437,    19.00,  24.85,   0.65, 
   37.699, 0.3817, 0.6278,  3.78772,  3.82185,    19.00,  24.85,   0.65, 
   38.212, 0.3776, 0.6302,  3.78495,  3.81929,    19.00,  24.85,   0.66, 
   38.725, 0.3736, 0.6325,  3.78215,  3.81670,    19.00,  24.85,   0.66, 
   39.238, 0.3696, 0.6349,  3.77932,  3.81408,    19.00,  24.85,   0.67, 
   39.751, 0.3655, 0.6373,  3.77647,  3.81145,    19.00,  24.85,   0.67, 
   40.264, 0.3615, 0.6396,  3.77360,  3.80881,    19.00,  24.85,   0.68, 
   40.777, 0.3574, 0.6420,  3.77073,  3.80617,    19.00,  24.85,   0.68, 
   41.290, 0.3534, 0.6444,  3.76786,  3.80353,    19.00,  24.85,   0.68, 
   41.803, 0.3493, 0.6467,  3.76498,  3.80091,    19.00,  24.85,   0.69, 
   42.316, 0.3453, 0.6491,  3.76212,  3.79830,    19.00,  24.85,   0.69, 
   42.829, 0.3412, 0.6515,  3.75926,  3.79571,    19.00,  24.85,   0.70, 
   43.342, 0.3372, 0.6538,  3.75642,  3.79315,    19.00,  24.85,   0.70, 
   43.855, 0.3332, 0.6562,  3.75359,  3.79061,    19.00,  24.85,   0.70, 
   44.368, 0.3291, 0.6586,  3.75079,  3.78810,    19.00,  24.85,   0.71, 
   44.881, 0.3251, 0.6609,  3.74801,  3.78562,    19.00,  24.85,   0.71, 
   45.394, 0.3210, 0.6633,  3.74525,  3.78317,    19.00,  24.85,   0.71, 
   45.907, 0.3170, 0.6657,  3.74253,  3.78074,    19.00,  24.85,   0.72, 
   46.420, 0.3129, 0.6680,  3.73983,  3.77834,    19.00,  24.85,   0.72, 
   46.933, 0.3089, 0.6704,  3.73717,  3.77596,    19.00,  24.85,   0.73, 
   47.446, 0.3049, 0.6728,  3.73454,  3.77360,    19.00,  24.85,   0.73, 
   47.959, 0.3008, 0.6751,  3.73194,  3.77124,    19.00,  24.85,   0.73, 
   48.472, 0.2968, 0.6775,  3.72937,  3.76889,    19.00,  24.85,   0.74, 
   48.984, 0.2927, 0.6799,  3.72683,  3.76654,    19.00,  24.85,   0.74, 
   49.497, 0.2887, 0.6822,  3.72431,  3.76418,    19.00,  24.85,   0.75, 
   50.010, 0.2846, 0.6846,  3.72180,  3.76181,    19.00,  24.85,   0.75, 
   50.523, 0.2806, 0.6870,  3.71927,  3.75941,    19.00,  24.85,   0.76, 
   51.036, 0.2766, 0.6893,  3.71669,  3.75698,    19.00,  24.85,   0.76, 
   51.549, 0.2725, 0.6917,  3.71402,  3.75452,    19.00,  24.85,   0.77, 
   52.062, 0.2685, 0.6941,  3.71127,  3.75200,    19.00,  24.85,   0.78, 
   52.575, 0.2644, 0.6964,  3.70842,  3.74944,    19.00,  24.85,   0.79, 
   53.088, 0.2604, 0.6988,  3.70547,  3.74683,    19.00,  24.85,   0.79, 
   53.601, 0.2563, 0.7012,  3.70244,  3.74415,    19.00,  24.85,   0.80, 
   54.114, 0.2523, 0.7035,  3.69932,  3.74142,    19.00,  24.85,   0.81, 
   54.627, 0.2482, 0.7059,  3.69612,  3.73861,    19.00,  24.85,   0.82, 
   55.140, 0.2442, 0.7083,  3.69285,  3.73574,    19.00,  24.85,   0.83, 
   55.653, 0.2402, 0.7106,  3.68951,  3.73281,    19.00,  24.85,   0.83, 
   56.166, 0.2361, 0.7130,  3.68611,  3.72980,    19.00,  24.85,   0.84, 
   56.679, 0.2321, 0.7154,  3.68267,  3.72674,    19.00,  24.85,   0.85, 
   57.192, 0.2280, 0.7177,  3.67918,  3.72361,    19.00,  24.85,   0.85, 
   57.705, 0.2240, 0.7201,  3.67565,  3.72042,    19.00,  24.85,   0.86, 
   58.218, 0.2199, 0.7225,  3.67209,  3.71717,    19.00,  24.85,   0.86, 
   58.731, 0.2159, 0.7248,  3.66851,  3.71388,    19.00,  24.85,   0.87, 
   59.000, 0.2138, 0.7261,  3.66663,  3.71213,    19.00,  24.85,   0.87, 
   59.000, 0.2138, 0.7261,  3.69003,  3.71213,     0.00,  24.85,   0.07, 
 specific energy segment =    72.65 W-h/kg
 specific power segment  =    88.96 W/kg
 total heat =          0.6136 W-h/m2
  
   59.000, 0.2138, 0.7261,  3.69003,  3.71213,     0.00,  24.85,   0.07, 
   59.000, 0.2138, 0.7261,  3.69035,  3.71213,     0.00,  24.85,   0.07, 
   59.001, 0.2138, 0.7261,  3.69054,  3.71213,     0.00,  24.85,   0.07, 
   59.001, 0.2138, 0.7261,  3.69070,  3.71213,     0.00,  24.85,   0.06, 
   59.002, 0.2138, 0.7261,  3.69083,  3.71213,     0.00,  24.85,   0.06, 
   59.002, 0.2138, 0.7261,  3.69096,  3.71213,     0.00,  24.85,   0.06, 
   59.003, 0.2138, 0.7261,  3.69108,  3.71213,     0.00,  24.85,   0.06, 
   59.003, 0.2138, 0.7261,  3.69119,  3.71213,     0.00,  24.85,   0.06, 
   59.004, 0.2138, 0.7261,  3.69131,  3.71213,     0.00,  24.85,   0.06, 
   59.005, 0.2138, 0.7261,  3.69142,  3.71213,     0.00,  24.85,   0.06, 
   59.005, 0.2138, 0.7261,  3.69154,  3.71213,     0.00,  24.85,   0.05, 
   59.006, 0.2138, 0.7261,  3.69166,  3.71213,     0.00,  24.85,   0.05, 
   59.007, 0.2138, 0.7261,  3.69177,  3.71213,     0.00,  24.85,   0.05, 
   59.008, 0.2138, 0.7261,  3.69189,  3.71213,     0.00,  24.85,   0.05, 
   59.009, 0.2138, 0.7261,  3.69202,  3.71213,     0.00,  24.85,   0.05, 
   59.011, 0.2138, 0.7261,  3.69214,  3.71213,     0.00,  24.85,   0.05, 
   59.012, 0.2138, 0.7261,  3.69227,  3.71213,     0.00,  24.85,   0.05, 
   59.014, 0.2138, 0.7261,  3.69241,  3.71213,     0.00,  24.85,   0.05, 
   59.015, 0.2138, 0.7261,  3.69254,  3.71213,     0.00,  24.85,   0.05, 
   59.017, 0.2138, 0.7261,  3.69269,  3.71213,     0.00,  24.85,   0.04, 
   59.019, 0.2138, 0.7261,  3.69283,  3.71213,     0.00,  24.85,   0.04, 
   59.021, 0.2138, 0.7261,  3.69299,  3.71213,     0.00,  24.85,   0.04, 
   59.024, 0.2138, 0.7261,  3.69315,  3.71213,     0.00,  24.85,   0.04, 
   59.027, 0.2138, 0.7261,  3.69331,  3.71213,     0.00,  24.85,   0.04, 
   59.029, 0.2138, 0.7261,  3.69348,  3.71213,     0.00,  24.85,   0.04, 
   59.033, 0.2138, 0.7261,  3.69366,  3.71213,     0.00,  24.85,   0.04, 
   59.036, 0.2138, 0.7261,  3.69384,  3.71213,     0.00,  24.85,   0.04, 
   59.040, 0.2138, 0.7261,  3.69403,  3.71213,     0.00,  24.85,   0.04, 
   59.045, 0.2138, 0.7261,  3.69423,  3.71213,     0.00,  24.85,   0.04, 
   59.050, 0.2138, 0.7261,  3.69444,  3.71213,     0.00,  24.85,   0.04, 
   59.055, 0.2138, 0.7261,  3.69466,  3.71213,     0.00,  24.85,   0.04, 
   59.061, 0.2138, 0.7261,  3.69488,  3.71213,     0.00,  24.85,   0.03, 
   59.067, 0.2138, 0.7261,  3.69512,  3.71213,     0.00,  24.85,   0.03, 
   59.074, 0.2138, 0.7261,  3.69537,  3.71213,     0.00,  24.85,   0.03, 
   59.082, 0.2138, 0.7261,  3.69562,  3.71213,     0.00,  24.85,   0.03, 
   59.090, 0.2138, 0.7261,  3.69589,  3.71213,     0.00,  24.85,   0.03, 
   59.100, 0.2138, 0.7261,  3.69617,  3.71213,     0.00,  24.85,   0.03, 
   59.110, 0.2138, 0.7261,  3.69646,  3.71213,     0.00,  24.85,   0.03, 
   59.121, 0.2138, 0.7261,  3.69676,  3.71213,     0.00,  24.85,   0.03, 
   59.134, 0.2138, 0.7261,  3.69708,  3.71213,     0.00,  24.85,   0.03, 
   59.148, 0.2138, 0.7261,  3.69741,  3.71213,     0.00,  24.85,   0.03, 
   59.163, 0.2138, 0.7261,  3.69775,  3.71213,     0.00,  24.85,   0.03, 
   59.179, 0.2138, 0.7261,  3.69811,  3.71213,     0.00,  24.85,   0.03, 
   59.197, 0.2138, 0.7261,  3.69848,  3.71213,     0.00,  24.85,   0.03, 
   59.218, 0.2138, 0.7261,  3.69886,  3.71213,     0.00,  24.85,   0.03, 
   59.240, 0.2138, 0.7261,  3.69926,  3.71213,     0.00,  24.85,   0.03, 
   59.264, 0.2138, 0.7261,  3.69967,  3.71213,     0.00,  24.85,   0.03, 
   59.291, 0.2138, 0.7261,  3.70010,  3.71213,     0.00,  24.85,   0.03, 
   59.320, 0.2138, 0.7261,  3.70054,  3.71213,     0.00,  24.85,   0.03, 
   59.352, 0.2138, 0.7261,  3.70098,  3.71213,     0.00,  24.85,   0.03, 
   59.388, 0.2138, 0.7261,  3.70144,  3.71213,     0.00,  24.85,   0.02, 
   59.427, 0.2138, 0.7261,  3.70191,  3.71213,     0.00,  24.85,   0.02, 
   59.470, 0.2138, 0.7261,  3.70239,  3.71213,     0.00,  24.85,   0.02, 
   59.517, 0.2138, 0.7261,  3.70287,  3.71213,     0.00,  24.85,   0.02, 
   59.570, 0.2138, 0.7261,  3.70335,  3.71213,     0.00,  24.85,   0.02, 
   59.627, 0.2138, 0.7261,  3.70384,  3.71213,     0.00,  24.85,   0.02, 
   59.690, 0.2138, 0.7261,  3.70432,  3.71213,     0.00,  24.85,   0.02, 
   59.759, 0.2138, 0.7261,  3.70480,  3.71213,     0.00,  24.85,   0.02, 
   59.835, 0.2138, 0.7261,  3.70527,  3.71213,     0.00,  24.85,   0.02, 
   59.919, 0.2138, 0.7261,  3.70574,  3.71213,     0.00,  24.85,   0.02, 
   60.012, 0.2138, 0.7261,  3.70619,  3.71213,     0.00,  24.85,   0.02, 
   60.113, 0.2138, 0.7261,  3.70663,  3.71213,     0.00,  24.85,   0.02, 
   60.225, 0.2138, 0.7261,  3.70706,  3.71213,     0.00,  24.85,   0.02, 
   60.348, 0.2138, 0.7261,  3.70746,  3.71213,     0.00,  24.85,   0.01, 
   60.483, 0.2138, 0.7261,  3.70785,  3.71213,     0.00,  24.85,   0.01, 
   60.631, 0.2138, 0.7261,  3.70823,  3.71213,     0.00,  24.85,   0.01, 
   60.795, 0.2138, 0.7261,  3.70858,  3.71213,     0.00,  24.85,   0.01, 
   60.974, 0.2138, 0.7261,  3.70891,  3.71213,     0.00,  24.85,   0.01, 
   61.172, 0.2138, 0.7261,  3.70923,  3.71213,     0.00,  24.85,   0.01, 
   61.390, 0.2138, 0.7261,  3.70953,  3.71213,     0.00,  24.85,   0.01, 
   61.629, 0.2138, 0.7261,  3.70981,  3.71213,     0.00,  24.85,   0.01, 
   61.892, 0.2138, 0.7261,  3.71007,  3.71213,     0.00,  24.85,   0.01, 
   62.182, 0.2138, 0.7261,  3.71031,  3.71213,     0.00,  24.85,   0.01, 
   62.501, 0.2138, 0.7261,  3.71054,  3.71213,     0.00,  24.85,   0.01, 
   62.851, 0.2138, 0.7261,  3.71075,  3.71213,     0.00,  24.85,   0.00, 
   63.236, 0.2138, 0.7261,  3.71094,  3.71213,     0.00,  24.85,   0.00, 
   63.660, 0.2138, 0.7261,  3.71111,  3.71213,     0.00,  24.85,   0.00, 
   64.127, 0.2138, 0.7261,  3.71127,  3.71213,     0.00,  24.85,   0.00, 
   64.640, 0.2138, 0.7261,  3.71140,  3.71213,     0.00,  24.85,   0.00, 
   65.153, 0.2138, 0.7261,  3.71152,  3.71213,     0.00,  24.85,   0.00, 
   65.666, 0.2138, 0.7261,  3.71161,  3.71213,     0.00,  24.85,   0.00, 
   66.179, 0.2138, 0.7261,  3.71168,  3.71213,     0.00,  24.85,   0.00, 
   66.692, 0.2138, 0.7261,  3.71174,  3.71213,     0.00,  24.85,   0.00, 
   67.205, 0.2138, 0.7261,  3.71179,  3.71213,     0.00,  24.85,   0.00, 
   67.718, 0.2138, 0.7261,  3.71184,  3.71213,     0.00,  24.85,   0.00, 
   68.231, 0.2138, 0.7261,  3.71187,  3.71213,     0.00,  24.85,   0.00, 
   68.744, 0.2138, 0.7261,  3.71190,  3.71213,     0.00,  24.85,   0.00, 
   69.257, 0.2138, 0.7261,  3.71193,  3.71213,     0.00,  24.85,   0.00, 
   69.770, 0.2138, 0.7261,  3.71195,  3.71213,     0.00,  24.85,   0.00, 
   70.283, 0.2138, 0.7261,  3.71197,  3.71213,     0.00,  24.85,   0.00, 
   70.796, 0.2138, 0.7261,  3.71199,  3.71213,     0.00,  24.85,   0.00, 
   71.309, 0.2138, 0.7261,  3.71200,  3.71213,     0.00,  24.85,   0.00, 
   71.822, 0.2138, 0.7261,  3.71201,  3.71213,     0.00,  24.85,   0.00, 
   72.335, 0.2138, 0.7261,  3.71202,  3.71213,     0.00,  24.85,   0.00, 
   72.848, 0.2138, 0.7261,  3.71203,  3.71213,     0.00,  24.85,   0.00, 
   73.361, 0.2138, 0.7261,  3.71204,  3.71213,     0.00,  24.85,   0.00, 
   73.874, 0.2138, 0.7261,  3.71205,  3.71213,     0.00,  24.85,   0.00, 
   74.387, 0.2138, 0.7261,  3.71206,  3.71213,     0.00,  24.85,   0.00, 
   74.900, 0.2138, 0.7261,  3.71206,  3.71213,     0.00,  24.85,   0.00, 
   75.413, 0.2138, 0.7261,  3.71207,  3.71213,     0.00,  24.85,   0.00, 
   75.926, 0.2138, 0.7261,  3.71207,  3.71213,     0.00,  24.85,   0.00, 
   76.439, 0.2138, 0.7261,  3.71208,  3.71213,     0.00,  24.85,   0.00, 
   76.952, 0.2138, 0.7261,  3.71208,  3.71213,     0.00,  24.85,   0.00, 
   77.465, 0.2138, 0.7261,  3.71209,  3.71213,     0.00,  24.85,   0.00, 
   77.978, 0.2138, 0.7261,  3.71209,  3.71213,     0.00,  24.85,   0.00, 
   78.491, 0.2138, 0.7261,  3.71209,  3.71213,     0.00,  24.85,   0.00, 
   79.004, 0.2138, 0.7261,  3.71210,  3.71213,     0.00,  24.85,   0.00, 
   79.517, 0.2138, 0.7261,  3.71210,  3.71213,     0.00,  24.85,   0.00, 
   80.030, 0.2138, 0.7261,  3.71210,  3.71213,     0.00,  24.85,   0.00, 
   80.543, 0.2138, 0.7261,  3.71210,  3.71213,     0.00,  24.85,   0.00, 
   81.056, 0.2138, 0.7261,  3.71211,  3.71213,     0.00,  24.85,   0.00, 
   81.569, 0.2138, 0.7261,  3.71211,  3.71213,     0.00,  24.85,   0.00, 
   82.082, 0.2138, 0.7261,  3.71211,  3.71213,     0.00,  24.85,   0.00, 
   82.595, 0.2138, 0.7261,  3.71211,  3.71213,     0.00,  24.85,   0.00, 
   83.108, 0.2138, 0.7261,  3.71211,  3.71213,     0.00,  24.85,   0.00, 
   83.621, 0.2138, 0.7261,  3.71212,  3.71213,     0.00,  24.85,   0.00, 
   84.134, 0.2138, 0.7261,  3.71212,  3.71213,     0.00,  24.85,   0.00, 
   84.647, 0.2138, 0.7261,  3.71212,  3.71213,     0.00,  24.85,   0.00, 
   85.160, 0.2138, 0.7261,  3.71212,  3.71213,     0.00,  24.85,   0.00, 
   85.673, 0.2138, 0.7261,  3.71212,  3.71213,     0.00,  24.85,   0.00, 
   86.186, 0.2138, 0.7261,  3.71212,  3.71213,     0.00,  24.85,   0.00, 
   86.699, 0.2138, 0.7261,  3.71212,  3.71213,     0.00,  24.85,   0.00, 
   87.212, 0.2138, 0.7261,  3.71212,  3.71213,     0.00,  24.85,   0.00, 
   87.725, 0.2138, 0.7261,  3.71212,  3.71213,     0.00,  24.85,   0.00, 
   88.238, 0.2138, 0.7261,  3.71212,  3.71213,     0.00,  24.85,   0.00, 
   88.751, 0.2138, 0.7261,  3.71212,  3.71213,     0.00,  24.85,   0.00, 
   89.264, 0.2138, 0.7261,  3.71213,  3.71213,     0.00,  24.85,   0.00, 
   89.777, 0.2138, 0.7261,  3.71213,  3.71213,     0.00,  24.85,   0.00, 
   90.290, 0.2138, 0.7261,  3.71213,  3.71213,     0.00,  24.85,   0.00, 
   90.803, 0.2138, 0.7261,  3.71213,  3.71213,     0.00,  24.85,   0.00, 
   91.316, 0.2138, 0.7261,  3.71213,  3.71213,     0.00,  24.85,   0.00, 
   91.829, 0.2138, 0.7261,  3.71213,  3.71213,     0.00,  24.85,   0.00, 
   92.342, 0.2138, 0.7261,  3.71213,  3.71213,     0.00,  24.85,   0.00, 
   92.855, 0.2138, 0.7261,  3.71213,  3.71213,     0.00,  24.85,   0.00, 
   93.368, 0.2138, 0.7261,  3.71213,  3.71213,     0.00,  24.85,   0.00, 
   93.881, 0.2138, 0.7261,  3.71213,  3.71213,     0.00,  24.85,   0.00, 
   94.394, 0.2138, 0.7261,  3.71213,  3.71213,     0.00,  24.85,   0.00, 
   94.907, 0.2138, 0.7261,  3.71213,  3.71213,     0.00,  24.85,   0.00, 
   95.420, 0.2138, 0.7261,  3.71213,  3.71213,     0.00,  24.85,   0.00, 
   95.933, 0.2138, 0.7261,  3.71213,  3.71213,     0.00,  24.85,   0.00, 
   96.446, 0.2138, 0.7261,  3.71213,  3.71213,     0.00,  24.85,   0.00, 
   96.959, 0.2138, 0.7261,  3.71213,  3.71213,     0.00,  24.85,   0.00, 
   97.472, 0.2138, 0.7261,  3.71213,  3.71213,     0.00,  24.85,   0.00, 
   97.984, 0.2138, 0.7261,  3.71213,  3.71213,     0.00,  24.85,   0.00, 
   98.497, 0.2138, 0.7261,  3.71213,  3.71213,     0.00,  24.85,   0.00, 
   99.010, 0.2138, 0.7261,  3.71213,  3.71213,     0.00,  24.85,   0.00, 
   99.523, 0.2138, 0.7261,  3.71213,  3.71213,     0.00,  24.85,   0.00, 
  100.036, 0.2138, 0.7261,  3.71213,  3.71213,     0.00,  24.85,   0.00, 
  100.549, 0.2138, 0.7261,  3.71213,  3.71213,     0.00,  24.85,   0.00, 
  101.062, 0.2138, 0.7261,  3.71213,  3.71213,     0.00,  24.85,   0.00, 
  101.575, 0.2138, 0.7261,  3.71213,  3.71213,     0.00,  24.85,   0.00, 
  102.088, 0.2138, 0.7261,  3.71213,  3.71213,     0.00,  24.85,   0.00, 
  102.601, 0.2138, 0.7261,  3.71213,  3.71213,     0.00,  24.85,   0.00, 
  103.114, 0.2138, 0.7261,  3.71213,  3.71213,     0.00,  24.85,   0.00, 
  103.627, 0.2138, 0.7261,  3.71213,  3.71213,     0.00,  24.85,   0.00, 
  104.140, 0.2138, 0.7261,  3.71213,  3.71213,     0.00,  24.85,   0.00, 
  104.653, 0.2138, 0.7261,  3.71213,  3.71213,     0.00,  24.85,   0.00, 
  105.166, 0.2138, 0.7261,  3.71213,  3.71213,     0.00,  24.85,   0.00, 
  105.679, 0.2138, 0.7261,  3.71213,  3.71213,     0.00,  24.85,   0.00, 
  106.192, 0.2138, 0.7261,  3.71213,  3.71213,     0.00,  24.85,   0.00, 
  106.705, 0.2138, 0.7261,  3.71213,  3.71213,     0.00,  24.85,   0.00, 
  107.218, 0.2138, 0.7261,  3.71213,  3.71213,     0.00,  24.85,   0.00, 
  107.731, 0.2138, 0.7261,  3.71213,  3.71213,     0.00,  24.85,   0.00, 
  108.244, 0.2138, 0.7261,  3.71213,  3.71213,     0.00,  24.85,   0.00, 
  108.757, 0.2138, 0.7261,  3.71213,  3.71213,     0.00,  24.85,   0.00, 
  109.270, 0.2138, 0.7261,  3.71213,  3.71213,     0.00,  24.85,   0.00, 
  109.783, 0.2138, 0.7261,  3.71213,  3.71213,     0.00,  24.85,   0.00, 
  110.296, 0.2138, 0.7261,  3.71213,  3.71213,     0.00,  24.85,   0.00, 
  110.809, 0.2138, 0.7261,  3.71213,  3.71213,     0.00,  24.85,   0.00, 
  111.322, 0.2138, 0.7261,  3.71213,  3.71213,     0.00,  24.85,   0.00, 
  111.835, 0.2138, 0.7261,  3.71213,  3.71213,     0.00,  24.85,   0.00, 
  112.348, 0.2138, 0.7261,  3.71213,  3.71213,     0.00,  24.85,   0.00, 
  112.861, 0.2138, 0.7261,  3.71213,  3.71213,     0.00,  24.85,   0.00, 
  113.374, 0.2138, 0.7261,  3.71213,  3.71213,     0.00,  24.85,   0.00, 
  113.887, 0.2138, 0.7261,  3.71213,  3.71213,     0.00,  24.85,   0.00, 
  114.400, 0.2138, 0.7261,  3.71213,  3.71213,     0.00,  24.85,   0.00, 
  114.913, 0.2138, 0.7261,  3.71213,  3.71213,     0.00,  24.85,   0.00, 
  115.426, 0.2138, 0.7261,  3.71213,  3.71213,     0.00,  24.85,   0.00, 
  115.939, 0.2138, 0.7261,  3.71213,  3.71213,     0.00,  24.85,   0.00, 
  116.452, 0.2138, 0.7261,  3.71213,  3.71213,     0.00,  24.85,   0.00, 
  116.965, 0.2138, 0.7261,  3.71213,  3.71213,     0.00,  24.85,   0.00, 
  117.478, 0.2138, 0.7261,  3.71213,  3.71213,     0.00,  24.85,   0.00, 
  117.991, 0.2138, 0.7261,  3.71213,  3.71213,     0.00,  24.85,   0.00, 
  118.504, 0.2138, 0.7261,  3.71213,  3.71213,     0.00,  24.85,   0.00, 
  119.017, 0.2138, 0.7261,  3.71213,  3.71213,     0.00,  24.85,   0.00, 
  119.530, 0.2138, 0.7261,  3.71213,  3.71213,     0.00,  24.85,   0.00, 
  120.043, 0.2138, 0.7261,  3.71213,  3.71213,     0.00,  24.85,   0.00, 
  120.556, 0.2138, 0.7261,  3.71213,  3.71213,     0.00,  24.85,   0.00, 
  121.069, 0.2138, 0.7261,  3.71213,  3.71213,     0.00,  24.85,   0.00, 
  121.582, 0.2138, 0.7261,  3.71213,  3.71213,     0.00,  24.85,   0.00, 
  122.095, 0.2138, 0.7261,  3.71213,  3.71213,     0.00,  24.85,   0.00, 
  122.608, 0.2138, 0.7261,  3.71213,  3.71213,     0.00,  24.85,   0.00, 
  123.121, 0.2138, 0.7261,  3.71213,  3.71213,     0.00,  24.85,   0.00, 
  123.634, 0.2138, 0.7261,  3.71213,  3.71213,     0.00,  24.85,   0.00, 
  124.147, 0.2138, 0.7261,  3.71213,  3.71213,     0.00,  24.85,   0.00, 
  124.660, 0.2138, 0.7261,  3.71213,  3.71213,     0.00,  24.85,   0.00, 
  125.173, 0.2138, 0.7261,  3.71213,  3.71213,     0.00,  24.85,   0.00, 
  125.686, 0.2138, 0.7261,  3.71213,  3.71213,     0.00,  24.85,   0.00, 
  126.199, 0.2138, 0.7261,  3.71213,  3.71213,     0.00,  24.85,   0.00, 
  126.712, 0.2138, 0.7261,  3.71213,  3.71213,     0.00,  24.85,   0.00, 
  127.225, 0.2138, 0.7261,  3.71213,  3.71213,     0.00,  24.85,   0.00, 
  127.738, 0.2138, 0.7261,  3.71213,  3.71213,     0.00,  24.85,   0.00, 
  128.251, 0.2138, 0.7261,  3.71213,  3.71213,     0.00,  24.85,   0.00, 
  128.764, 0.2138, 0.7261,  3.71213,  3.71213,     0.00,  24.85,   0.00, 
  129.277, 0.2138, 0.7261,  3.71213,  3.71213,     0.00,  24.85,   0.00, 
  129.790, 0.2138, 0.7261,  3.71213,  3.71213,     0.00,  24.85,   0.00, 
  130.303, 0.2138, 0.7261,  3.71213,  3.71213,     0.00,  24.85,   0.00, 
  130.816, 0.2138, 0.7261,  3.71213,  3.71213,     0.00,  24.85,   0.00, 
  131.329, 0.2138, 0.7261,  3.71213,  3.71213,     0.00,  24.85,   0.00, 
  131.842, 0.2138, 0.7261,  3.71213,  3.71213,     0.00,  24.85,   0.00, 
  132.355, 0.2138, 0.7261,  3.71213,  3.71213,     0.00,  24.85,   0.00, 
  132.868, 0.2138, 0.7261,  3.71213,  3.71213,     0.00,  24.85,   0.00, 
  133.381, 0.2138, 0.7261,  3.71213,  3.71213,     0.00,  24.85,   0.00, 
  133.894, 0.2138, 0.7261,  3.71213,  3.71213,     0.00,  24.85,   0.00, 
  134.407, 0.2138, 0.7261,  3.71213,  3.71213,     0.00,  24.85,   0.00, 
  134.920, 0.2138, 0.7261,  3.71213,  3.71213,     0.00,  24.85,   0.00, 
  135.433, 0.2138, 0.7261,  3.71213,  3.71213,     0.00,  24.85,   0.00, 
  135.946, 0.2138, 0.7261,  3.71213,  3.71213,     0.00,  24.85,   0.00, 
  136.459, 0.2138, 0.7261,  3.71213,  3.71213,     0.00,  24.85,   0.00, 
  136.972, 0.2138, 0.7261,  3.71213,  3.71213,     0.00,  24.85,   0.00, 
  137.485, 0.2138, 0.7261,  3.71213,  3.71213,     0.00,  24.85,   0.00, 
  137.998, 0.2138, 0.7261,  3.71213,  3.71213,     0.00,  24.85,   0.00, 
  138.511, 0.2138, 0.7261,  3.71213,  3.71213,     0.00,  24.85,   0.00, 
  139.024, 0.2138, 0.7261,  3.71213,  3.71213,     0.00,  24.85,   0.00, 
  139.537, 0.2138, 0.7261,  3.71213,  3.71213,     0.00,  24.85,   0.00, 
  140.050, 0.2138, 0.7261,  3.71213,  3.71213,     0.00,  24.85,   0.00, 
  140.563, 0.2138, 0.7261,  3.71213,  3.71213,     0.00,  24.85,   0.00, 
  141.076, 0.2138, 0.7261,  3.71213,  3.71213,     0.00,  24.85,   0.00, 
  141.589, 0.2138, 0.7261,  3.71213,  3.71213,     0.00,  24.85,   0.00, 
  142.102, 0.2138, 0.7261,  3.71213,  3.71213,     0.00,  24.85,   0.00, 
  142.615, 0.2138, 0.7261,  3.71213,  3.71213,     0.00,  24.85,   0.00, 
  143.128, 0.2138, 0.7261,  3.71213,  3.71213,     0.00,  24.85,   0.00, 
  143.641, 0.2138, 0.7261,  3.71213,  3.71213,     0.00,  24.85,   0.00, 
  144.154, 0.2138, 0.7261,  3.71213,  3.71213,     0.00,  24.85,   0.00, 
  144.667, 0.2138, 0.7261,  3.71213,  3.71213,     0.00,  24.85,   0.00, 
  145.180, 0.2138, 0.7261,  3.71213,  3.71213,     0.00,  24.85,   0.00, 
  145.693, 0.2138, 0.7261,  3.71213,  3.71213,     0.00,  24.85,   0.00, 
  146.206, 0.2138, 0.7261,  3.71213,  3.71213,     0.00,  24.85,   0.00, 
  146.719, 0.2138, 0.7261,  3.71213,  3.71213,     0.00,  24.85,   0.00, 
  147.232, 0.2138, 0.7261,  3.71213,  3.71213,     0.00,  24.85,   0.00, 
  147.745, 0.2138, 0.7261,  3.71213,  3.71213,     0.00,  24.85,   0.00, 
  148.258, 0.2138, 0.7261,  3.71213,  3.71213,     0.00,  24.85,   0.00, 
  148.771, 0.2138, 0.7261,  3.71213,  3.71213,     0.00,  24.85,   0.00, 
  149.284, 0.2138, 0.7261,  3.71213,  3.71213,     0.00,  24.85,   0.00, 
  149.797, 0.2138, 0.7261,  3.71213,  3.71213,     0.00,  24.85,   0.00, 
  150.310, 0.2138, 0.7261,  3.71213,  3.71213,     0.00,  24.85,   0.00, 
  150.823, 0.2138, 0.7261,  3.71213,  3.71213,     0.00,  24.85,   0.00, 
  151.336, 0.2138, 0.7261,  3.71213,  3.71213,     0.00,  24.85,   0.00, 
  151.849, 0.2138, 0.7261,  3.71213,  3.71213,     0.00,  24.85,   0.00, 
  152.362, 0.2138, 0.7261,  3.71213,  3.71213,     0.00,  24.85,   0.00, 
  152.875, 0.2138, 0.7261,  3.71213,  3.71213,     0.00,  24.85,   0.00, 
  153.388, 0.2138, 0.7261,  3.71213,  3.71213,     0.00,  24.85,   0.00, 
  153.901, 0.2138, 0.7261,  3.71213,  3.71213,     0.00,  24.85,   0.00, 
  154.414, 0.2138, 0.7261,  3.71213,  3.71213,     0.00,  24.85,   0.00, 
  154.927, 0.2138, 0.7261,  3.71213,  3.71213,     0.00,  24.85,   0.00, 
  155.440, 0.2138, 0.7261,  3.71213,  3.71213,     0.00,  24.85,   0.00, 
  155.953, 0.2138, 0.7261,  3.71213,  3.71213,     0.00,  24.85,   0.00, 
  156.466, 0.2138, 0.7261,  3.71213,  3.71213,     0.00,  24.85,   0.00, 
  156.979, 0.2138, 0.7261,  3.71213,  3.71213,     0.00,  24.85,   0.00, 
  157.492, 0.2138, 0.7261,  3.71213,  3.71213,     0.00,  24.85,   0.00, 
  158.005, 0.2138, 0.7261,  3.71213,  3.71213,     0.00,  24.85,   0.00, 
  158.518, 0.2138, 0.7261,  3.71213,  3.71213,     0.00,  24.85,   0.00, 
  159.000, 0.2138, 0.7261,  3.71213,  3.71213,     0.00,  24.85,   0.00, 

            mass  =  0.8166 kg/m2
 specific energy segment =     0.00 W-h/kg
 specific power segment  =     0.00 W/kg
 total heat =          0.6147 W-h/m2
  
