     50  lim, limit on number of iterations
 100.00  h1,  thickness of negative electrode (microns)
  25.00  h2,  thickness of separator (microns)
 100.00  h3,  thickness of positive electrode (microns)
  25.00  hcn, thickness of negative electrode current collector (microns)
  25.00  hcp, thickness of positive electrode current collector (microns)
     80  n1,  number of nodes in negative electrode
     40  n2,  number of nodes in separator
     80  n3,  number of nodes in positive electrode
 298.00  T,   temperature (K)

 1000.0  xx(1,n1+2), initial concentration (mol/m3)
 0.6000  csx,   initial stoichiometric parameter for negative
 0.5000  csy,   initial stoichiometric parameter for positive
   30.0  tmmax, maximum time step size (s)
 .4E-13  dfs1, diffusion coefficient in negative solid (m2/s)
 .1E-12  dfs3, diffusion coefficient in positive solid (m2/s)
  10.00  Rad1,  radius of negative particles (microns)
  10.00  Rad3,  radius of positive particles (microns)

  0.300  ep1,   volume fraction of electrolyte in negative electrode
  0.000  epp1,  volume fraction of polymer phase in negative electrode
  0.100  epf1,  volume fraction of inert filler in negative electrode
  1.000  ep2,   volume fraction of electrolyte in separator
  0.000  epp2,  volume fraction of polymer phase in separator
  0.300  ep3,   volume fraction of electrolyte in positive electrode
  0.000  epp3,  volume fraction of polymer phase in positive electrode
  0.200  epf3,  volume fraction of inert filler in positive electrode
 0.10E+03  sig1,  conductivity of negative matrix (S/m)
  10.      sig3,  conductivity of positive matrix (S/m)
  372.00  cot1,  coulombic capacity of negative material (mAh/g)
  274.00  cot3,  coulombic capacity of positive material (mAh/g)
 .1E-04  rka1,  reaction rate constant for negative reaction 
 .3E-10  rka3,  reaction rate constant for positive reaction

 1324.0  re,   density of electrolyte (kg/m3)
 1800.0  rs1,  density of negative insertion material (kg/m3)
 5010.0  rs3,  density of positive insertion material (kg/m3)
 1800.0  rf,   density of inert filler (kg/m3)
 1780.0  rpl,  density of polymer phase (kg/m3)
    0.0  rc,   density of separator material (kg/m3)
 8954.0  rcn,  density of negative current collector (kg/m3)
 2707.0  rcp,  density of positive current collector (kg/m3)

   0.001000  ranode,   anode film resistance (ohm-m2)
   0.000000  rcathde,  cathode film resistance (ohm-m2)
   0.00  htc,   heat-transfer coefficient with external medium (W/m2K)
   0.000000  dUdT,  temperature coefficient of EMF (V/K)
 2000.0  Cp,    heat capacity of cell (J/kg-K)
   0.00  residm,    residual mass (kg/m2)
 298.00  Tam,   ambient temperature (K)
      1  ncell, number of cells in a cell stack
      2  lht,   0 uses htc,  1 calcs htc,  2 isothermal

      0    nside, side reaction flag 

      1  il1,   1 for long print-out  0 for short print-out
     10  il2,   prints every il2 th node in long print-out
     10  il3,   prints every il3 th time step in long print-out
      1  lflag, 0 for electrolyte in separator only, 1 for uniform
      0  imp, 0 for no impedance, 1 for impedance
   0.00  capp1,  capacitance of negative material (F/m2)
   0.00  capp3,  capacitance of positive material (F/m2)
      2  lcurs, number of current changes
  
 MCMB 2528 Graphite (Bellcore)
 LiPF6 in EC:DMC
 LiCoO2 (Cobalt dioxide)
 open-circuit potential, negative   0.178978294
 delta S negative   0.
 open-circuit potential, positive   4.24165195
 delta S positive   0.
  
      DUAL INSERTION CELL VERSION 5.1
  
   Time     Util N  Util P  Cell Pot   Uocp      Curr      Temp   heatgen
   (min)       x       y      (V)       (V)      (A/m2)    (C)    (W/m2)
  
    0.000, 0.6000, 0.5000,  4.06267,  4.06267,     0.00,  24.85,   0.00, 
    0.001, 0.6000, 0.5000,  4.06267,  4.06267,     0.00,  24.85,   0.00, 
    0.001, 0.6000, 0.5000,  4.06267,  4.06267,     0.00,  24.85,   0.00, 
    0.001, 0.6000, 0.5000,  4.06267,  4.06267,     0.00,  24.85,   0.00, 
    0.002, 0.6000, 0.5000,  4.06267,  4.06267,     0.00,  24.85,   0.00, 
    0.002, 0.6000, 0.5000,  4.06267,  4.06267,     0.00,  24.85,   0.00, 
    0.003, 0.6000, 0.5000,  4.06267,  4.06267,     0.00,  24.85,   0.00, 
    0.003, 0.6000, 0.5000,  4.06267,  4.06267,     0.00,  24.85,   0.00, 
    0.004, 0.6000, 0.5000,  4.06267,  4.06267,     0.00,  24.85,   0.00, 
    0.005, 0.6000, 0.5000,  4.06267,  4.06267,     0.00,  24.85,   0.00, 
    0.006, 0.6000, 0.5000,  4.06267,  4.06267,     0.00,  24.85,   0.00, 
    0.007, 0.6000, 0.5000,  4.06267,  4.06267,     0.00,  24.85,   0.00, 
    0.007, 0.6000, 0.5000,  4.06267,  4.06267,     0.00,  24.85,   0.00, 
    0.009, 0.6000, 0.5000,  4.06267,  4.06267,     0.00,  24.85,   0.00, 
    0.010, 0.6000, 0.5000,  4.06267,  4.06267,     0.00,  24.85,   0.00, 
    0.011, 0.6000, 0.5000,  4.06267,  4.06267,     0.00,  24.85,   0.00, 
    0.012, 0.6000, 0.5000,  4.06267,  4.06267,     0.00,  24.85,   0.00, 
    0.014, 0.6000, 0.5000,  4.06267,  4.06267,     0.00,  24.85,   0.00, 
    0.016, 0.6000, 0.5000,  4.06267,  4.06267,     0.00,  24.85,   0.00, 
    0.017, 0.6000, 0.5000,  4.06267,  4.06267,     0.00,  24.85,   0.00, 
    0.019, 0.6000, 0.5000,  4.06267,  4.06267,     0.00,  24.85,   0.00, 
    0.022, 0.6000, 0.5000,  4.06267,  4.06267,     0.00,  24.85,   0.00, 
    0.024, 0.6000, 0.5000,  4.06267,  4.06267,     0.00,  24.85,   0.00, 
    0.027, 0.6000, 0.5000,  4.06267,  4.06267,     0.00,  24.85,   0.00, 
    0.030, 0.6000, 0.5000,  4.06267,  4.06267,     0.00,  24.85,   0.00, 
    0.033, 0.6000, 0.5000,  4.06267,  4.06267,     0.00,  24.85,   0.00, 
    0.037, 0.6000, 0.5000,  4.06267,  4.06267,     0.00,  24.85,   0.00, 
    0.041, 0.6000, 0.5000,  4.06267,  4.06267,     0.00,  24.85,   0.00, 
    0.045, 0.6000, 0.5000,  4.06267,  4.06267,     0.00,  24.85,   0.00, 
    0.050, 0.6000, 0.5000,  4.06267,  4.06267,     0.00,  24.85,   0.00, 
    0.055, 0.6000, 0.5000,  4.06267,  4.06267,     0.00,  24.85,   0.00, 
    0.061, 0.6000, 0.5000,  4.06267,  4.06267,     0.00,  24.85,   0.00, 
    0.067, 0.6000, 0.5000,  4.06267,  4.06267,     0.00,  24.85,   0.00, 
    0.074, 0.6000, 0.5000,  4.06267,  4.06267,     0.00,  24.85,   0.00, 
    0.082, 0.6000, 0.5000,  4.06267,  4.06267,     0.00,  24.85,   0.00, 
    0.091, 0.6000, 0.5000,  4.06267,  4.06267,     0.00,  24.85,   0.00, 
    0.100, 0.6000, 0.5000,  4.06267,  4.06267,     0.00,  24.85,   0.00, 
    0.110, 0.6000, 0.5000,  4.06267,  4.06267,     0.00,  24.85,   0.00, 
    0.122, 0.6000, 0.5000,  4.06267,  4.06267,     0.00,  24.85,   0.00, 
    0.134, 0.6000, 0.5000,  4.06267,  4.06267,     0.00,  24.85,   0.00, 
    0.148, 0.6000, 0.5000,  4.06267,  4.06267,     0.00,  24.85,   0.00, 
    0.163, 0.6000, 0.5000,  4.06267,  4.06267,     0.00,  24.85,   0.00, 
    0.180, 0.6000, 0.5000,  4.06267,  4.06267,     0.00,  24.85,   0.00, 
    0.198, 0.6000, 0.5000,  4.06267,  4.06267,     0.00,  24.85,   0.00, 
    0.218, 0.6000, 0.5000,  4.06267,  4.06267,     0.00,  24.85,   0.00, 
    0.240, 0.6000, 0.5000,  4.06267,  4.06267,     0.00,  24.85,   0.00, 
    0.264, 0.6000, 0.5000,  4.06267,  4.06267,     0.00,  24.85,   0.00, 
    0.291, 0.6000, 0.5000,  4.06267,  4.06267,     0.00,  24.85,   0.00, 
    0.320, 0.6000, 0.5000,  4.06267,  4.06267,     0.00,  24.85,   0.00, 
    0.353, 0.6000, 0.5000,  4.06267,  4.06267,     0.00,  24.85,   0.00, 
    0.388, 0.6000, 0.5000,  4.06267,  4.06267,     0.00,  24.85,   0.00, 
    0.427, 0.6000, 0.5000,  4.06267,  4.06267,     0.00,  24.85,   0.00, 
    0.470, 0.6000, 0.5000,  4.06267,  4.06267,     0.00,  24.85,   0.00, 
    0.518, 0.6000, 0.5000,  4.06267,  4.06267,     0.00,  24.85,   0.00, 
    0.570, 0.6000, 0.5000,  4.06267,  4.06267,     0.00,  24.85,   0.00, 
    0.627, 0.6000, 0.5000,  4.06267,  4.06267,     0.00,  24.85,   0.00, 
    0.690, 0.6000, 0.5000,  4.06267,  4.06267,     0.00,  24.85,   0.00, 
    0.760, 0.6000, 0.5000,  4.06267,  4.06267,     0.00,  24.85,   0.00, 
    0.836, 0.6000, 0.5000,  4.06267,  4.06267,     0.00,  24.85,   0.00, 
    0.920, 0.6000, 0.5000,  4.06267,  4.06267,     0.00,  24.85,   0.00, 
    1.000, 0.6000, 0.5000,  4.06267,  4.06267,     0.00,  24.85,   0.00, 
    1.000, 0.6000, 0.5000,  4.04829,  4.06267,    13.00,  24.85,   0.19, 
 specific energy segment =     0.00 W-h/kg
 specific power segment  =     0.00 W/kg
 total heat =          0.0000 W-h/m2
  
    1.000, 0.6000, 0.5000,  4.04829,  4.06267,    13.00,  24.85,   0.19, 
    1.000, 0.6000, 0.5000,  4.04822,  4.06267,    13.00,  24.85,   0.19, 
    1.001, 0.6000, 0.5000,  4.04817,  4.06267,    13.00,  24.85,   0.19, 
    1.001, 0.6000, 0.5000,  4.04813,  4.06267,    13.00,  24.85,   0.19, 
    1.002, 0.6000, 0.5000,  4.04809,  4.06267,    13.00,  24.85,   0.19, 
    1.002, 0.6000, 0.5000,  4.04805,  4.06267,    13.00,  24.85,   0.19, 
    1.003, 0.6000, 0.5000,  4.04802,  4.06267,    13.00,  24.85,   0.19, 
    1.003, 0.6000, 0.5000,  4.04798,  4.06266,    13.00,  24.85,   0.19, 
    1.004, 0.6000, 0.5000,  4.04795,  4.06266,    13.00,  24.85,   0.19, 
    1.005, 0.6000, 0.5000,  4.04791,  4.06266,    13.00,  24.85,   0.19, 
    1.005, 0.6000, 0.5000,  4.04788,  4.06266,    13.00,  24.85,   0.19, 
    1.006, 0.6000, 0.5000,  4.04784,  4.06265,    13.00,  24.85,   0.19, 
    1.007, 0.6000, 0.5000,  4.04780,  4.06265,    13.00,  24.85,   0.19, 
    1.008, 0.6000, 0.5000,  4.04776,  4.06265,    13.00,  24.85,   0.19, 
    1.009, 0.5999, 0.5000,  4.04771,  4.06265,    13.00,  24.85,   0.19, 
    1.011, 0.5999, 0.5000,  4.04767,  4.06264,    13.00,  24.85,   0.19, 
    1.012, 0.5999, 0.5000,  4.04762,  4.06264,    13.00,  24.85,   0.20, 
    1.014, 0.5999, 0.5000,  4.04757,  4.06263,    13.00,  24.85,   0.20, 
    1.015, 0.5999, 0.5000,  4.04752,  4.06263,    13.00,  24.85,   0.20, 
    1.017, 0.5999, 0.5001,  4.04747,  4.06262,    13.00,  24.85,   0.20, 
    1.019, 0.5999, 0.5001,  4.04741,  4.06262,    13.00,  24.85,   0.20, 
    1.021, 0.5999, 0.5001,  4.04735,  4.06261,    13.00,  24.85,   0.20, 
    1.024, 0.5999, 0.5001,  4.04729,  4.06260,    13.00,  24.85,   0.20, 
    1.027, 0.5999, 0.5001,  4.04722,  4.06259,    13.00,  24.85,   0.20, 
    1.029, 0.5998, 0.5001,  4.04715,  4.06258,    13.00,  24.85,   0.20, 
    1.033, 0.5998, 0.5001,  4.04707,  4.06257,    13.00,  24.85,   0.20, 
    1.036, 0.5998, 0.5001,  4.04700,  4.06256,    13.00,  24.85,   0.20, 
    1.040, 0.5998, 0.5001,  4.04691,  4.06255,    13.00,  24.85,   0.20, 
    1.045, 0.5998, 0.5001,  4.04683,  4.06254,    13.00,  24.85,   0.20, 
    1.050, 0.5997, 0.5002,  4.04673,  4.06252,    13.00,  24.85,   0.21, 
    1.055, 0.5997, 0.5002,  4.04664,  4.06251,    13.00,  24.85,   0.21, 
    1.061, 0.5997, 0.5002,  4.04654,  4.06249,    13.00,  24.85,   0.21, 
    1.067, 0.5996, 0.5002,  4.04643,  4.06247,    13.00,  24.85,   0.21, 
    1.074, 0.5996, 0.5002,  4.04631,  4.06245,    13.00,  24.85,   0.21, 
    1.082, 0.5996, 0.5003,  4.04619,  4.06243,    13.00,  24.85,   0.21, 
    1.090, 0.5995, 0.5003,  4.04606,  4.06240,    13.00,  24.85,   0.21, 
    1.100, 0.5995, 0.5003,  4.04593,  4.06237,    13.00,  24.85,   0.21, 
    1.110, 0.5994, 0.5003,  4.04578,  4.06234,    13.00,  24.85,   0.22, 
    1.121, 0.5993, 0.5004,  4.04563,  4.06231,    13.00,  24.85,   0.22, 
    1.134, 0.5993, 0.5004,  4.04547,  4.06227,    13.00,  24.85,   0.22, 
    1.148, 0.5992, 0.5005,  4.04530,  4.06223,    13.00,  24.85,   0.22, 
    1.163, 0.5991, 0.5005,  4.04513,  4.06218,    13.00,  24.85,   0.22, 
    1.179, 0.5990, 0.5006,  4.04494,  4.06213,    13.00,  24.85,   0.22, 
    1.197, 0.5989, 0.5006,  4.04474,  4.06208,    13.00,  24.85,   0.23, 
    1.218, 0.5988, 0.5007,  4.04453,  4.06202,    13.00,  24.85,   0.23, 
    1.240, 0.5987, 0.5008,  4.04431,  4.06195,    13.00,  24.85,   0.23, 
    1.264, 0.5986, 0.5008,  4.04408,  4.06188,    13.00,  24.85,   0.23, 
    1.291, 0.5984, 0.5009,  4.04383,  4.06180,    13.00,  24.85,   0.23, 
    1.320, 0.5983, 0.5010,  4.04358,  4.06171,    13.00,  24.85,   0.24, 
    1.352, 0.5981, 0.5011,  4.04331,  4.06162,    13.00,  24.85,   0.24, 
    1.388, 0.5979, 0.5012,  4.04303,  4.06151,    13.00,  24.85,   0.24, 
    1.427, 0.5977, 0.5013,  4.04274,  4.06140,    13.00,  24.85,   0.24, 
    1.470, 0.5975, 0.5015,  4.04243,  4.06127,    13.00,  24.85,   0.24, 
    1.517, 0.5972, 0.5016,  4.04212,  4.06113,    13.00,  24.85,   0.25, 
    1.570, 0.5969, 0.5018,  4.04179,  4.06098,    13.00,  24.85,   0.25, 
    1.627, 0.5966, 0.5020,  4.04144,  4.06081,    13.00,  24.85,   0.25, 
    1.690, 0.5963, 0.5022,  4.04109,  4.06063,    13.00,  24.85,   0.25, 
    1.759, 0.5959, 0.5024,  4.04072,  4.06043,    13.00,  24.85,   0.26, 
    1.835, 0.5955, 0.5026,  4.04033,  4.06021,    13.00,  24.85,   0.26, 
    1.919, 0.5950, 0.5029,  4.03993,  4.05997,    13.00,  24.85,   0.26, 
    2.012, 0.5945, 0.5032,  4.03951,  4.05971,    13.00,  24.85,   0.26, 
    2.113, 0.5940, 0.5035,  4.03907,  4.05942,    13.00,  24.85,   0.26, 
    2.225, 0.5934, 0.5039,  4.03861,  4.05910,    13.00,  24.85,   0.26, 
    2.348, 0.5927, 0.5043,  4.03812,  4.05876,    13.00,  24.85,   0.27, 
    2.483, 0.5920, 0.5047,  4.03761,  4.05839,    13.00,  24.85,   0.27, 
    2.631, 0.5912, 0.5051,  4.03706,  4.05798,    13.00,  24.85,   0.27, 
    2.795, 0.5903, 0.5057,  4.03648,  4.05753,    13.00,  24.85,   0.27, 
    2.974, 0.5894, 0.5062,  4.03585,  4.05705,    13.00,  24.85,   0.27, 
    3.172, 0.5883, 0.5069,  4.03517,  4.05652,    13.00,  24.85,   0.28, 
    3.390, 0.5871, 0.5075,  4.03442,  4.05594,    13.00,  24.85,   0.28, 
    3.629, 0.5858, 0.5083,  4.03359,  4.05531,    13.00,  24.85,   0.28, 
    3.892, 0.5844, 0.5091,  4.03267,  4.05462,    13.00,  24.85,   0.28, 
    4.182, 0.5828, 0.5100,  4.03161,  4.05386,    13.00,  24.85,   0.29, 
    4.501, 0.5811, 0.5111,  4.03037,  4.05302,    13.00,  24.85,   0.29, 
    4.851, 0.5792, 0.5122,  4.02887,  4.05206,    13.00,  24.85,   0.30, 
    5.236, 0.5772, 0.5134,  4.02701,  4.05095,    13.00,  24.85,   0.31, 
    5.660, 0.5749, 0.5147,  4.02459,  4.04961,    13.00,  24.85,   0.32, 
    6.127, 0.5724, 0.5162,  4.02133,  4.04789,    13.00,  24.85,   0.34, 
    6.640, 0.5696, 0.5178,  4.01681,  4.04552,    13.00,  24.85,   0.37, 
    7.153, 0.5668, 0.5194,  4.01122,  4.04240,    13.00,  24.85,   0.40, 
    7.666, 0.5641, 0.5210,  4.00479,  4.03827,    13.00,  24.85,   0.43, 
    8.179, 0.5613, 0.5227,  3.99817,  4.03299,    13.00,  24.85,   0.45, 
    8.692, 0.5585, 0.5243,  3.99212,  4.02678,    13.00,  24.85,   0.45, 
    9.205, 0.5558, 0.5259,  3.98715,  4.02024,    13.00,  24.85,   0.43, 
    9.718, 0.5530, 0.5275,  3.98332,  4.01415,    13.00,  24.85,   0.40, 
   10.231, 0.5502, 0.5291,  3.98042,  4.00907,    13.00,  24.85,   0.37, 
   10.744, 0.5475, 0.5308,  3.97817,  4.00517,    13.00,  24.85,   0.35, 
   11.257, 0.5447, 0.5324,  3.97627,  4.00227,    13.00,  24.85,   0.34, 
   11.770, 0.5419, 0.5340,  3.97454,  4.00009,    13.00,  24.85,   0.33, 
   12.283, 0.5392, 0.5356,  3.97281,  3.99835,    13.00,  24.85,   0.33, 
   12.796, 0.5364, 0.5372,  3.97099,  3.99682,    13.00,  24.85,   0.34, 
   13.309, 0.5336, 0.5389,  3.96900,  3.99535,    13.00,  24.85,   0.34, 
   13.822, 0.5309, 0.5405,  3.96678,  3.99383,    13.00,  24.85,   0.35, 
   14.335, 0.5281, 0.5421,  3.96429,  3.99215,    13.00,  24.85,   0.36, 
   14.848, 0.5253, 0.5437,  3.96149,  3.99026,    13.00,  24.85,   0.37, 
   15.361, 0.5226, 0.5453,  3.95835,  3.98809,    13.00,  24.85,   0.39, 
   15.874, 0.5198, 0.5470,  3.95484,  3.98560,    13.00,  24.85,   0.40, 
   16.387, 0.5170, 0.5486,  3.95092,  3.98272,    13.00,  24.85,   0.41, 
   16.900, 0.5143, 0.5502,  3.94660,  3.97943,    13.00,  24.85,   0.43, 
   17.413, 0.5115, 0.5518,  3.94186,  3.97570,    13.00,  24.85,   0.44, 
   17.926, 0.5087, 0.5534,  3.93672,  3.97149,    13.00,  24.85,   0.45, 
   18.439, 0.5060, 0.5550,  3.93120,  3.96682,    13.00,  24.85,   0.46, 
   18.952, 0.5032, 0.5567,  3.92533,  3.96167,    13.00,  24.85,   0.47, 
   19.465, 0.5004, 0.5583,  3.91919,  3.95609,    13.00,  24.85,   0.48, 
   19.978, 0.4977, 0.5599,  3.91285,  3.95010,    13.00,  24.85,   0.49, 
   20.491, 0.4949, 0.5615,  3.90639,  3.94379,    13.00,  24.85,   0.49, 
   21.004, 0.4921, 0.5631,  3.89991,  3.93722,    13.00,  24.85,   0.49, 
   21.517, 0.4894, 0.5648,  3.89351,  3.93049,    13.00,  24.85,   0.48, 
   22.030, 0.4866, 0.5664,  3.88728,  3.92371,    13.00,  24.85,   0.47, 
   22.543, 0.4838, 0.5680,  3.88129,  3.91697,    13.00,  24.85,   0.46, 
   23.056, 0.4811, 0.5696,  3.87562,  3.91039,    13.00,  24.85,   0.45, 
   23.569, 0.4783, 0.5712,  3.87033,  3.90405,    13.00,  24.85,   0.44, 
   24.082, 0.4755, 0.5729,  3.86543,  3.89803,    13.00,  24.85,   0.42, 
   24.595, 0.4728, 0.5745,  3.86095,  3.89238,    13.00,  24.85,   0.41, 
   25.108, 0.4700, 0.5761,  3.85688,  3.88715,    13.00,  24.85,   0.39, 
   25.621, 0.4672, 0.5777,  3.85321,  3.88236,    13.00,  24.85,   0.38, 
   26.134, 0.4645, 0.5793,  3.84991,  3.87800,    13.00,  24.85,   0.36, 
   26.647, 0.4617, 0.5810,  3.84695,  3.87407,    13.00,  24.85,   0.35, 
   27.160, 0.4589, 0.5826,  3.84430,  3.87054,    13.00,  24.85,   0.34, 
   27.673, 0.4562, 0.5842,  3.84191,  3.86738,    13.00,  24.85,   0.33, 
   28.186, 0.4534, 0.5858,  3.83974,  3.86455,    13.00,  24.85,   0.32, 
   28.699, 0.4506, 0.5874,  3.83777,  3.86202,    13.00,  24.85,   0.31, 
   29.212, 0.4479, 0.5891,  3.83595,  3.85973,    13.00,  24.85,   0.31, 
   29.725, 0.4451, 0.5907,  3.83426,  3.85766,    13.00,  24.85,   0.30, 
   30.238, 0.4423, 0.5923,  3.83266,  3.85577,    13.00,  24.85,   0.30, 
   30.751, 0.4396, 0.5939,  3.83114,  3.85402,    13.00,  24.85,   0.30, 
   31.264, 0.4368, 0.5955,  3.82968,  3.85238,    13.00,  24.85,   0.29, 
   31.777, 0.4340, 0.5972,  3.82825,  3.85083,    13.00,  24.85,   0.29, 
   32.290, 0.4313, 0.5988,  3.82685,  3.84934,    13.00,  24.85,   0.29, 
   32.803, 0.4285, 0.6004,  3.82547,  3.84790,    13.00,  24.85,   0.29, 
   33.316, 0.4257, 0.6020,  3.82409,  3.84648,    13.00,  24.85,   0.29, 
   33.829, 0.4230, 0.6036,  3.82271,  3.84508,    13.00,  24.85,   0.29, 
   34.342, 0.4202, 0.6052,  3.82132,  3.84367,    13.00,  24.85,   0.29, 
   34.855, 0.4174, 0.6069,  3.81992,  3.84226,    13.00,  24.85,   0.29, 
   35.368, 0.4147, 0.6085,  3.81850,  3.84084,    13.00,  24.85,   0.29, 
   35.881, 0.4119, 0.6101,  3.81705,  3.83939,    13.00,  24.85,   0.29, 
   36.394, 0.4091, 0.6117,  3.81556,  3.83792,    13.00,  24.85,   0.29, 
   36.907, 0.4064, 0.6133,  3.81404,  3.83642,    13.00,  24.85,   0.29, 
   37.420, 0.4036, 0.6150,  3.81247,  3.83490,    13.00,  24.85,   0.29, 
   37.933, 0.4008, 0.6166,  3.81087,  3.83335,    13.00,  24.85,   0.29, 
   38.446, 0.3981, 0.6182,  3.80924,  3.83176,    13.00,  24.85,   0.29, 
   38.959, 0.3953, 0.6198,  3.80757,  3.83015,    13.00,  24.85,   0.29, 
   39.472, 0.3925, 0.6214,  3.80587,  3.82851,    13.00,  24.85,   0.29, 
   39.984, 0.3898, 0.6231,  3.80414,  3.82685,    13.00,  24.85,   0.30, 
   40.497, 0.3870, 0.6247,  3.80238,  3.82516,    13.00,  24.85,   0.30, 
   41.010, 0.3842, 0.6263,  3.80060,  3.82344,    13.00,  24.85,   0.30, 
   41.523, 0.3815, 0.6279,  3.79879,  3.82171,    13.00,  24.85,   0.30, 
   42.036, 0.3787, 0.6295,  3.79696,  3.81996,    13.00,  24.85,   0.30, 
   42.549, 0.3759, 0.6312,  3.79512,  3.81819,    13.00,  24.85,   0.30, 
   43.062, 0.3732, 0.6328,  3.79326,  3.81642,    13.00,  24.85,   0.30, 
   43.575, 0.3704, 0.6344,  3.79138,  3.81463,    13.00,  24.85,   0.31, 
   44.088, 0.3676, 0.6360,  3.78949,  3.81283,    13.00,  24.85,   0.31, 
   44.601, 0.3649, 0.6376,  3.78759,  3.81103,    13.00,  24.85,   0.31, 
   45.114, 0.3621, 0.6393,  3.78569,  3.80922,    13.00,  24.85,   0.31, 
   45.627, 0.3593, 0.6409,  3.78377,  3.80741,    13.00,  24.85,   0.31, 
   46.140, 0.3566, 0.6425,  3.78186,  3.80561,    13.00,  24.85,   0.31, 
   46.653, 0.3538, 0.6441,  3.77994,  3.80380,    13.00,  24.85,   0.31, 
   47.166, 0.3510, 0.6457,  3.77802,  3.80200,    13.00,  24.85,   0.31, 
   47.679, 0.3483, 0.6474,  3.77610,  3.80021,    13.00,  24.85,   0.32, 
   48.192, 0.3455, 0.6490,  3.77418,  3.79843,    13.00,  24.85,   0.32, 
   48.705, 0.3427, 0.6506,  3.77227,  3.79665,    13.00,  24.85,   0.32, 
   49.218, 0.3400, 0.6522,  3.77036,  3.79489,    13.00,  24.85,   0.32, 
   49.731, 0.3372, 0.6538,  3.76846,  3.79314,    13.00,  24.85,   0.32, 
   50.244, 0.3344, 0.6555,  3.76656,  3.79140,    13.00,  24.85,   0.32, 
   50.757, 0.3317, 0.6571,  3.76468,  3.78968,    13.00,  24.85,   0.32, 
   51.270, 0.3289, 0.6587,  3.76280,  3.78796,    13.00,  24.85,   0.33, 
   51.783, 0.3261, 0.6603,  3.76093,  3.78626,    13.00,  24.85,   0.33, 
   52.296, 0.3234, 0.6619,  3.75908,  3.78458,    13.00,  24.85,   0.33, 
   52.809, 0.3206, 0.6635,  3.75724,  3.78291,    13.00,  24.85,   0.33, 
   53.322, 0.3178, 0.6652,  3.75541,  3.78125,    13.00,  24.85,   0.33, 
   53.835, 0.3151, 0.6668,  3.75359,  3.77960,    13.00,  24.85,   0.33, 
   54.348, 0.3123, 0.6684,  3.75179,  3.77796,    13.00,  24.85,   0.33, 
   54.861, 0.3095, 0.6700,  3.75001,  3.77633,    13.00,  24.85,   0.34, 
   55.374, 0.3068, 0.6716,  3.74824,  3.77471,    13.00,  24.85,   0.34, 
   55.887, 0.3040, 0.6733,  3.74648,  3.77310,    13.00,  24.85,   0.34, 
   56.400, 0.3012, 0.6749,  3.74474,  3.77149,    13.00,  24.85,   0.34, 
   56.913, 0.2985, 0.6765,  3.74302,  3.76988,    13.00,  24.85,   0.34, 
   57.426, 0.2957, 0.6781,  3.74131,  3.76827,    13.00,  24.85,   0.34, 
   57.939, 0.2929, 0.6797,  3.73961,  3.76666,    13.00,  24.85,   0.35, 
   58.452, 0.2902, 0.6814,  3.73793,  3.76505,    13.00,  24.85,   0.35, 
   58.965, 0.2874, 0.6830,  3.73626,  3.76343,    13.00,  24.85,   0.35, 
   59.478, 0.2846, 0.6846,  3.73460,  3.76180,    13.00,  24.85,   0.35, 
   59.991, 0.2819, 0.6862,  3.73293,  3.76017,    13.00,  24.85,   0.35, 
   60.504, 0.2791, 0.6878,  3.73125,  3.75851,    13.00,  24.85,   0.35, 
   61.017, 0.2763, 0.6895,  3.72955,  3.75685,    13.00,  24.85,   0.36, 
   61.530, 0.2736, 0.6911,  3.72782,  3.75516,    13.00,  24.85,   0.36, 
   62.043, 0.2708, 0.6927,  3.72605,  3.75346,    13.00,  24.85,   0.36, 
   62.556, 0.2680, 0.6943,  3.72423,  3.75173,    13.00,  24.85,   0.36, 
   63.069, 0.2653, 0.6959,  3.72237,  3.74998,    13.00,  24.85,   0.37, 
   63.582, 0.2625, 0.6976,  3.72047,  3.74821,    13.00,  24.85,   0.37, 
   64.095, 0.2597, 0.6992,  3.71853,  3.74641,    13.00,  24.85,   0.37, 
   64.608, 0.2570, 0.7008,  3.71654,  3.74457,    13.00,  24.85,   0.37, 
   65.121, 0.2542, 0.7024,  3.71452,  3.74272,    13.00,  24.85,   0.37, 
   65.634, 0.2514, 0.7040,  3.71245,  3.74083,    13.00,  24.85,   0.38, 
   66.147, 0.2487, 0.7057,  3.71035,  3.73891,    13.00,  24.85,   0.38, 
   66.660, 0.2459, 0.7073,  3.70821,  3.73695,    13.00,  24.85,   0.38, 
   67.173, 0.2431, 0.7089,  3.70603,  3.73497,    13.00,  24.85,   0.38, 
   67.686, 0.2404, 0.7105,  3.70383,  3.73296,    13.00,  24.85,   0.38, 
   68.199, 0.2376, 0.7121,  3.70159,  3.73091,    13.00,  24.85,   0.39, 
   68.712, 0.2348, 0.7137,  3.69932,  3.72884,    13.00,  24.85,   0.39, 
   69.225, 0.2321, 0.7154,  3.69703,  3.72673,    13.00,  24.85,   0.39, 
   69.738, 0.2293, 0.7170,  3.69471,  3.72460,    13.00,  24.85,   0.39, 
   70.251, 0.2265, 0.7186,  3.69236,  3.72243,    13.00,  24.85,   0.39, 
   70.764, 0.2238, 0.7202,  3.69000,  3.72024,    13.00,  24.85,   0.40, 
   71.277, 0.2210, 0.7218,  3.68762,  3.71802,    13.00,  24.85,   0.40, 
   71.790, 0.2182, 0.7235,  3.68522,  3.71578,    13.00,  24.85,   0.40, 
   72.303, 0.2155, 0.7251,  3.68281,  3.71352,    13.00,  24.85,   0.40, 
   72.816, 0.2127, 0.7267,  3.68039,  3.71124,    13.00,  24.85,   0.40, 
   73.329, 0.2099, 0.7283,  3.67796,  3.70893,    13.00,  24.85,   0.40, 
   73.842, 0.2072, 0.7299,  3.67551,  3.70661,    13.00,  24.85,   0.41, 
   74.355, 0.2044, 0.7316,  3.67307,  3.70427,    13.00,  24.85,   0.41, 
   74.868, 0.2016, 0.7332,  3.67062,  3.70192,    13.00,  24.85,   0.41, 
   75.381, 0.1989, 0.7348,  3.66817,  3.69956,    13.00,  24.85,   0.41, 
   75.894, 0.1961, 0.7364,  3.66572,  3.69719,    13.00,  24.85,   0.41, 
   76.407, 0.1933, 0.7380,  3.66326,  3.69481,    13.00,  24.85,   0.41, 
   76.920, 0.1906, 0.7397,  3.66082,  3.69243,    13.00,  24.85,   0.41, 
   77.433, 0.1878, 0.7413,  3.65837,  3.69004,    13.00,  24.85,   0.41, 
   77.946, 0.1850, 0.7429,  3.65593,  3.68765,    13.00,  24.85,   0.41, 
   78.459, 0.1823, 0.7445,  3.65349,  3.68526,    13.00,  24.85,   0.41, 
   78.972, 0.1795, 0.7461,  3.65104,  3.68287,    13.00,  24.85,   0.41, 
   79.485, 0.1767, 0.7478,  3.64860,  3.68048,    13.00,  24.85,   0.41, 
   79.998, 0.1740, 0.7494,  3.64616,  3.67810,    13.00,  24.85,   0.42, 
   80.511, 0.1712, 0.7510,  3.64370,  3.67572,    13.00,  24.85,   0.42, 
   81.024, 0.1684, 0.7526,  3.64124,  3.67334,    13.00,  24.85,   0.42, 
   81.537, 0.1657, 0.7542,  3.63876,  3.67097,    13.00,  24.85,   0.42, 
   82.050, 0.1629, 0.7559,  3.63625,  3.66859,    13.00,  24.85,   0.42, 
   82.563, 0.1601, 0.7575,  3.63372,  3.66622,    13.00,  24.85,   0.42, 
   83.076, 0.1574, 0.7591,  3.63117,  3.66384,    13.00,  24.85,   0.42, 
   83.589, 0.1546, 0.7607,  3.62858,  3.66145,    13.00,  24.85,   0.43, 
   84.102, 0.1518, 0.7623,  3.62598,  3.65905,    13.00,  24.85,   0.43, 
   84.615, 0.1491, 0.7639,  3.62337,  3.65662,    13.00,  24.85,   0.43, 
   85.128, 0.1463, 0.7656,  3.62078,  3.65418,    13.00,  24.85,   0.43, 
   85.641, 0.1435, 0.7672,  3.61824,  3.65170,    13.00,  24.85,   0.43, 
   86.154, 0.1408, 0.7688,  3.61578,  3.64919,    13.00,  24.85,   0.43, 
   86.667, 0.1380, 0.7704,  3.61346,  3.64666,    13.00,  24.85,   0.43, 
   87.180, 0.1352, 0.7720,  3.61132,  3.64410,    13.00,  24.85,   0.42, 
   87.693, 0.1325, 0.7737,  3.60940,  3.64154,    13.00,  24.85,   0.42, 
   88.206, 0.1297, 0.7753,  3.60774,  3.63901,    13.00,  24.85,   0.40, 
   88.719, 0.1269, 0.7769,  3.60633,  3.63653,    13.00,  24.85,   0.39, 
   89.232, 0.1242, 0.7785,  3.60513,  3.63415,    13.00,  24.85,   0.37, 
   89.745, 0.1214, 0.7801,  3.60406,  3.63190,    13.00,  24.85,   0.36, 
   90.258, 0.1186, 0.7818,  3.60306,  3.62984,    13.00,  24.85,   0.34, 
   90.771, 0.1159, 0.7834,  3.60210,  3.62797,    13.00,  24.85,   0.33, 
   91.284, 0.1131, 0.7850,  3.60117,  3.62633,    13.00,  24.85,   0.33, 
   91.797, 0.1103, 0.7866,  3.60026,  3.62491,    13.00,  24.85,   0.32, 
   92.310, 0.1076, 0.7882,  3.59935,  3.62370,    13.00,  24.85,   0.32, 
   92.823, 0.1048, 0.7899,  3.59846,  3.62268,    13.00,  24.85,   0.32, 
   93.336, 0.1020, 0.7915,  3.59758,  3.62180,    13.00,  24.85,   0.32, 
   93.849, 0.0993, 0.7931,  3.59669,  3.62104,    13.00,  24.85,   0.32, 
   94.362, 0.0965, 0.7947,  3.59579,  3.62036,    13.00,  24.85,   0.32, 
   94.875, 0.0937, 0.7963,  3.59488,  3.61972,    13.00,  24.85,   0.32, 
   95.388, 0.0910, 0.7980,  3.59394,  3.61909,    13.00,  24.85,   0.33, 
   95.901, 0.0882, 0.7996,  3.59296,  3.61845,    13.00,  24.85,   0.33, 
   96.414, 0.0854, 0.8012,  3.59192,  3.61778,    13.00,  24.85,   0.34, 
   96.927, 0.0827, 0.8028,  3.59082,  3.61707,    13.00,  24.85,   0.34, 
   97.440, 0.0799, 0.8044,  3.58965,  3.61631,    13.00,  24.85,   0.35, 
   97.953, 0.0771, 0.8061,  3.58838,  3.61550,    13.00,  24.85,   0.35, 
   98.466, 0.0744, 0.8077,  3.58701,  3.61463,    13.00,  24.85,   0.36, 
   98.979, 0.0716, 0.8093,  3.58549,  3.61371,    13.00,  24.85,   0.37, 
   99.492, 0.0688, 0.8109,  3.58379,  3.61272,    13.00,  24.85,   0.38, 
  100.005, 0.0661, 0.8125,  3.58183,  3.61166,    13.00,  24.85,   0.39, 
  100.518, 0.0633, 0.8141,  3.57951,  3.61053,    13.00,  24.85,   0.40, 
  101.031, 0.0605, 0.8158,  3.57670,  3.60929,    13.00,  24.85,   0.43, 
  101.544, 0.0578, 0.8174,  3.57317,  3.60794,    13.00,  24.85,   0.45, 
  102.057, 0.0550, 0.8190,  3.56865,  3.60641,    13.00,  24.85,   0.49, 
  102.570, 0.0522, 0.8206,  3.56271,  3.60467,    13.00,  24.85,   0.55, 
  103.083, 0.0495, 0.8222,  3.55481,  3.60261,    13.00,  24.85,   0.62, 
  103.596, 0.0467, 0.8239,  3.54415,  3.60012,    13.00,  24.85,   0.73, 
  104.109, 0.0439, 0.8255,  3.52965,  3.59702,    13.00,  24.85,   0.88, 
  104.622, 0.0412, 0.8271,  3.50979,  3.59309,    13.00,  24.85,   1.08, 
  105.135, 0.0384, 0.8287,  3.48245,  3.58797,    13.00,  24.85,   1.37, 
  105.648, 0.0356, 0.8303,  3.44469,  3.58121,    13.00,  24.85,   1.78, 
  106.161, 0.0329, 0.8320,  3.39240,  3.57215,    13.00,  24.85,   2.34, 
  106.674, 0.0301, 0.8336,  3.31985,  3.55988,    13.00,  24.85,   3.12, 
  107.187, 0.0273, 0.8352,  3.21905,  3.54313,    13.00,  24.85,   4.21, 
  107.700, 0.0246, 0.8368,  3.07888,  3.52012,    13.00,  24.85,   5.74, 
  108.213, 0.0218, 0.8384,  2.88383,  3.48839,    13.00,  24.85,   7.86, 
  108.726, 0.0190, 0.8401,  2.61229,  3.44449,    13.00,  24.85,  10.82, 
  109.239, 0.0163, 0.8417,  2.23413,  3.38362,    13.00,  24.85,  14.94, 
  109.367, 0.0156, 0.8421,  2.11833,  3.36502,    13.00,  24.85,  16.21, 
  109.403, 0.0154, 0.8422,  2.08476,  3.35963,    13.00,  24.85,  16.57, 
  109.412, 0.0153, 0.8422,  2.07539,  3.35813,    13.00,  24.85,  16.68, 
  109.418, 0.0153, 0.8422,  2.06864,  3.35730,    13.00,  24.85,  16.75, 
  109.418, 0.0153, 0.8422,  2.06782,  3.35727,    13.00,  24.85,  16.76, 
 mass is   0.816565
 energy is   107.536517
 power is   58.9683117
 347 this time step did not converge
 Solid concentration driven to zero.
 Consider changing vcut or the current density.
  
 dV/dt at point of failure is (V/s) -0.0748615881
 Moving on to next leg if not the last
  
 comp 7 not converged

            mass  =  0.8166 kg/m2
 specific energy segment =   107.54 W-h/kg
 specific power segment  =    59.51 W/kg
 total heat =          1.1374 W-h/m2
  
