     50  lim, limit on number of iterations
 100.00  h1,  thickness of negative electrode (microns)
  25.00  h2,  thickness of separator (microns)
 100.00  h3,  thickness of positive electrode (microns)
  25.00  hcn, thickness of negative electrode current collector (microns)
  25.00  hcp, thickness of positive electrode current collector (microns)
     80  n1,  number of nodes in negative electrode
     40  n2,  number of nodes in separator
     80  n3,  number of nodes in positive electrode
 298.00  T,   temperature (K)

 1000.0  xx(1,n1+2), initial concentration (mol/m3)
 0.6000  csx,   initial stoichiometric parameter for negative
 0.5000  csy,   initial stoichiometric parameter for positive
   30.0  tmmax, maximum time step size (s)
 .4E-13  dfs1, diffusion coefficient in negative solid (m2/s)
 .1E-12  dfs3, diffusion coefficient in positive solid (m2/s)
  10.00  Rad1,  radius of negative particles (microns)
  10.00  Rad3,  radius of positive particles (microns)

  0.300  ep1,   volume fraction of electrolyte in negative electrode
  0.000  epp1,  volume fraction of polymer phase in negative electrode
  0.100  epf1,  volume fraction of inert filler in negative electrode
  1.000  ep2,   volume fraction of electrolyte in separator
  0.000  epp2,  volume fraction of polymer phase in separator
  0.300  ep3,   volume fraction of electrolyte in positive electrode
  0.000  epp3,  volume fraction of polymer phase in positive electrode
  0.200  epf3,  volume fraction of inert filler in positive electrode
 0.10E+03  sig1,  conductivity of negative matrix (S/m)
  10.      sig3,  conductivity of positive matrix (S/m)
  372.00  cot1,  coulombic capacity of negative material (mAh/g)
  274.00  cot3,  coulombic capacity of positive material (mAh/g)
 .1E-04  rka1,  reaction rate constant for negative reaction 
 .3E-10  rka3,  reaction rate constant for positive reaction

 1324.0  re,   density of electrolyte (kg/m3)
 1800.0  rs1,  density of negative insertion material (kg/m3)
 5010.0  rs3,  density of positive insertion material (kg/m3)
 1800.0  rf,   density of inert filler (kg/m3)
 1780.0  rpl,  density of polymer phase (kg/m3)
    0.0  rc,   density of separator material (kg/m3)
 8954.0  rcn,  density of negative current collector (kg/m3)
 2707.0  rcp,  density of positive current collector (kg/m3)

   0.001000  ranode,   anode film resistance (ohm-m2)
   0.000000  rcathde,  cathode film resistance (ohm-m2)
   0.00  htc,   heat-transfer coefficient with external medium (W/m2K)
   0.000000  dUdT,  temperature coefficient of EMF (V/K)
 2000.0  Cp,    heat capacity of cell (J/kg-K)
   0.00  residm,    residual mass (kg/m2)
 298.00  Tam,   ambient temperature (K)
      1  ncell, number of cells in a cell stack
      2  lht,   0 uses htc,  1 calcs htc,  2 isothermal

      0    nside, side reaction flag 

      1  il1,   1 for long print-out  0 for short print-out
     10  il2,   prints every il2 th node in long print-out
     10  il3,   prints every il3 th time step in long print-out
      1  lflag, 0 for electrolyte in separator only, 1 for uniform
      0  imp, 0 for no impedance, 1 for impedance
   0.00  capp1,  capacitance of negative material (F/m2)
   0.00  capp3,  capacitance of positive material (F/m2)
      2  lcurs, number of current changes
  
 MCMB 2528 Graphite (Bellcore)
 LiPF6 in EC:DMC
 LiCoO2 (Cobalt dioxide)
 open-circuit potential, negative   0.178978294
 delta S negative   0.
 open-circuit potential, positive   4.24165195
 delta S positive   0.
  
      DUAL INSERTION CELL VERSION 5.1
  
   Time     Util N  Util P  Cell Pot   Uocp      Curr      Temp   heatgen
   (min)       x       y      (V)       (V)      (A/m2)    (C)    (W/m2)
  
    0.000, 0.6000, 0.5000,  4.06267,  4.06267,     0.00,  24.85,   0.00, 
    0.001, 0.6000, 0.5000,  4.06267,  4.06267,     0.00,  24.85,   0.00, 
    0.001, 0.6000, 0.5000,  4.06267,  4.06267,     0.00,  24.85,   0.00, 
    0.001, 0.6000, 0.5000,  4.06267,  4.06267,     0.00,  24.85,   0.00, 
    0.002, 0.6000, 0.5000,  4.06267,  4.06267,     0.00,  24.85,   0.00, 
    0.002, 0.6000, 0.5000,  4.06267,  4.06267,     0.00,  24.85,   0.00, 
    0.003, 0.6000, 0.5000,  4.06267,  4.06267,     0.00,  24.85,   0.00, 
    0.003, 0.6000, 0.5000,  4.06267,  4.06267,     0.00,  24.85,   0.00, 
    0.004, 0.6000, 0.5000,  4.06267,  4.06267,     0.00,  24.85,   0.00, 
    0.005, 0.6000, 0.5000,  4.06267,  4.06267,     0.00,  24.85,   0.00, 
    0.006, 0.6000, 0.5000,  4.06267,  4.06267,     0.00,  24.85,   0.00, 
    0.007, 0.6000, 0.5000,  4.06267,  4.06267,     0.00,  24.85,   0.00, 
    0.007, 0.6000, 0.5000,  4.06267,  4.06267,     0.00,  24.85,   0.00, 
    0.009, 0.6000, 0.5000,  4.06267,  4.06267,     0.00,  24.85,   0.00, 
    0.010, 0.6000, 0.5000,  4.06267,  4.06267,     0.00,  24.85,   0.00, 
    0.011, 0.6000, 0.5000,  4.06267,  4.06267,     0.00,  24.85,   0.00, 
    0.012, 0.6000, 0.5000,  4.06267,  4.06267,     0.00,  24.85,   0.00, 
    0.014, 0.6000, 0.5000,  4.06267,  4.06267,     0.00,  24.85,   0.00, 
    0.016, 0.6000, 0.5000,  4.06267,  4.06267,     0.00,  24.85,   0.00, 
    0.017, 0.6000, 0.5000,  4.06267,  4.06267,     0.00,  24.85,   0.00, 
    0.019, 0.6000, 0.5000,  4.06267,  4.06267,     0.00,  24.85,   0.00, 
    0.022, 0.6000, 0.5000,  4.06267,  4.06267,     0.00,  24.85,   0.00, 
    0.024, 0.6000, 0.5000,  4.06267,  4.06267,     0.00,  24.85,   0.00, 
    0.027, 0.6000, 0.5000,  4.06267,  4.06267,     0.00,  24.85,   0.00, 
    0.030, 0.6000, 0.5000,  4.06267,  4.06267,     0.00,  24.85,   0.00, 
    0.033, 0.6000, 0.5000,  4.06267,  4.06267,     0.00,  24.85,   0.00, 
    0.037, 0.6000, 0.5000,  4.06267,  4.06267,     0.00,  24.85,   0.00, 
    0.041, 0.6000, 0.5000,  4.06267,  4.06267,     0.00,  24.85,   0.00, 
    0.045, 0.6000, 0.5000,  4.06267,  4.06267,     0.00,  24.85,   0.00, 
    0.050, 0.6000, 0.5000,  4.06267,  4.06267,     0.00,  24.85,   0.00, 
    0.055, 0.6000, 0.5000,  4.06267,  4.06267,     0.00,  24.85,   0.00, 
    0.061, 0.6000, 0.5000,  4.06267,  4.06267,     0.00,  24.85,   0.00, 
    0.067, 0.6000, 0.5000,  4.06267,  4.06267,     0.00,  24.85,   0.00, 
    0.074, 0.6000, 0.5000,  4.06267,  4.06267,     0.00,  24.85,   0.00, 
    0.082, 0.6000, 0.5000,  4.06267,  4.06267,     0.00,  24.85,   0.00, 
    0.091, 0.6000, 0.5000,  4.06267,  4.06267,     0.00,  24.85,   0.00, 
    0.100, 0.6000, 0.5000,  4.06267,  4.06267,     0.00,  24.85,   0.00, 
    0.110, 0.6000, 0.5000,  4.06267,  4.06267,     0.00,  24.85,   0.00, 
    0.122, 0.6000, 0.5000,  4.06267,  4.06267,     0.00,  24.85,   0.00, 
    0.134, 0.6000, 0.5000,  4.06267,  4.06267,     0.00,  24.85,   0.00, 
    0.148, 0.6000, 0.5000,  4.06267,  4.06267,     0.00,  24.85,   0.00, 
    0.163, 0.6000, 0.5000,  4.06267,  4.06267,     0.00,  24.85,   0.00, 
    0.180, 0.6000, 0.5000,  4.06267,  4.06267,     0.00,  24.85,   0.00, 
    0.198, 0.6000, 0.5000,  4.06267,  4.06267,     0.00,  24.85,   0.00, 
    0.218, 0.6000, 0.5000,  4.06267,  4.06267,     0.00,  24.85,   0.00, 
    0.240, 0.6000, 0.5000,  4.06267,  4.06267,     0.00,  24.85,   0.00, 
    0.264, 0.6000, 0.5000,  4.06267,  4.06267,     0.00,  24.85,   0.00, 
    0.291, 0.6000, 0.5000,  4.06267,  4.06267,     0.00,  24.85,   0.00, 
    0.320, 0.6000, 0.5000,  4.06267,  4.06267,     0.00,  24.85,   0.00, 
    0.353, 0.6000, 0.5000,  4.06267,  4.06267,     0.00,  24.85,   0.00, 
    0.388, 0.6000, 0.5000,  4.06267,  4.06267,     0.00,  24.85,   0.00, 
    0.427, 0.6000, 0.5000,  4.06267,  4.06267,     0.00,  24.85,   0.00, 
    0.470, 0.6000, 0.5000,  4.06267,  4.06267,     0.00,  24.85,   0.00, 
    0.518, 0.6000, 0.5000,  4.06267,  4.06267,     0.00,  24.85,   0.00, 
    0.570, 0.6000, 0.5000,  4.06267,  4.06267,     0.00,  24.85,   0.00, 
    0.627, 0.6000, 0.5000,  4.06267,  4.06267,     0.00,  24.85,   0.00, 
    0.690, 0.6000, 0.5000,  4.06267,  4.06267,     0.00,  24.85,   0.00, 
    0.760, 0.6000, 0.5000,  4.06267,  4.06267,     0.00,  24.85,   0.00, 
    0.836, 0.6000, 0.5000,  4.06267,  4.06267,     0.00,  24.85,   0.00, 
    0.920, 0.6000, 0.5000,  4.06267,  4.06267,     0.00,  24.85,   0.00, 
    1.000, 0.6000, 0.5000,  4.06267,  4.06267,     0.00,  24.85,   0.00, 
    1.000, 0.6000, 0.5000,  4.05491,  4.06267,     7.00,  24.85,   0.05, 
 specific energy segment =     0.00 W-h/kg
 specific power segment  =     0.00 W/kg
 total heat =          0.0000 W-h/m2
  
    1.000, 0.6000, 0.5000,  4.05491,  4.06267,     7.00,  24.85,   0.05, 
    1.000, 0.6000, 0.5000,  4.05487,  4.06267,     7.00,  24.85,   0.05, 
    1.001, 0.6000, 0.5000,  4.05484,  4.06267,     7.00,  24.85,   0.05, 
    1.001, 0.6000, 0.5000,  4.05482,  4.06267,     7.00,  24.85,   0.05, 
    1.002, 0.6000, 0.5000,  4.05480,  4.06267,     7.00,  24.85,   0.06, 
    1.002, 0.6000, 0.5000,  4.05478,  4.06267,     7.00,  24.85,   0.06, 
    1.003, 0.6000, 0.5000,  4.05476,  4.06267,     7.00,  24.85,   0.06, 
    1.003, 0.6000, 0.5000,  4.05474,  4.06267,     7.00,  24.85,   0.06, 
    1.004, 0.6000, 0.5000,  4.05472,  4.06267,     7.00,  24.85,   0.06, 
    1.005, 0.6000, 0.5000,  4.05470,  4.06267,     7.00,  24.85,   0.06, 
    1.005, 0.6000, 0.5000,  4.05468,  4.06267,     7.00,  24.85,   0.06, 
    1.006, 0.6000, 0.5000,  4.05466,  4.06266,     7.00,  24.85,   0.06, 
    1.007, 0.6000, 0.5000,  4.05464,  4.06266,     7.00,  24.85,   0.06, 
    1.008, 0.6000, 0.5000,  4.05462,  4.06266,     7.00,  24.85,   0.06, 
    1.009, 0.6000, 0.5000,  4.05460,  4.06266,     7.00,  24.85,   0.06, 
    1.011, 0.6000, 0.5000,  4.05457,  4.06266,     7.00,  24.85,   0.06, 
    1.012, 0.6000, 0.5000,  4.05455,  4.06265,     7.00,  24.85,   0.06, 
    1.014, 0.6000, 0.5000,  4.05452,  4.06265,     7.00,  24.85,   0.06, 
    1.015, 0.6000, 0.5000,  4.05449,  4.06265,     7.00,  24.85,   0.06, 
    1.017, 0.6000, 0.5000,  4.05447,  4.06265,     7.00,  24.85,   0.06, 
    1.019, 0.5999, 0.5000,  4.05444,  4.06264,     7.00,  24.85,   0.06, 
    1.021, 0.5999, 0.5000,  4.05440,  4.06264,     7.00,  24.85,   0.06, 
    1.024, 0.5999, 0.5000,  4.05437,  4.06263,     7.00,  24.85,   0.06, 
    1.027, 0.5999, 0.5000,  4.05433,  4.06263,     7.00,  24.85,   0.06, 
    1.029, 0.5999, 0.5001,  4.05430,  4.06263,     7.00,  24.85,   0.06, 
    1.033, 0.5999, 0.5001,  4.05426,  4.06262,     7.00,  24.85,   0.06, 
    1.036, 0.5999, 0.5001,  4.05422,  4.06261,     7.00,  24.85,   0.06, 
    1.040, 0.5999, 0.5001,  4.05417,  4.06261,     7.00,  24.85,   0.06, 
    1.045, 0.5999, 0.5001,  4.05412,  4.06260,     7.00,  24.85,   0.06, 
    1.050, 0.5999, 0.5001,  4.05408,  4.06259,     7.00,  24.85,   0.06, 
    1.055, 0.5998, 0.5001,  4.05402,  4.06258,     7.00,  24.85,   0.06, 
    1.061, 0.5998, 0.5001,  4.05397,  4.06257,     7.00,  24.85,   0.06, 
    1.067, 0.5998, 0.5001,  4.05391,  4.06256,     7.00,  24.85,   0.06, 
    1.074, 0.5998, 0.5001,  4.05385,  4.06255,     7.00,  24.85,   0.06, 
    1.082, 0.5998, 0.5001,  4.05379,  4.06254,     7.00,  24.85,   0.06, 
    1.090, 0.5997, 0.5002,  4.05372,  4.06253,     7.00,  24.85,   0.06, 
    1.100, 0.5997, 0.5002,  4.05365,  4.06251,     7.00,  24.85,   0.06, 
    1.110, 0.5997, 0.5002,  4.05357,  4.06249,     7.00,  24.85,   0.06, 
    1.121, 0.5996, 0.5002,  4.05349,  4.06248,     7.00,  24.85,   0.06, 
    1.134, 0.5996, 0.5002,  4.05340,  4.06246,     7.00,  24.85,   0.06, 
    1.148, 0.5996, 0.5003,  4.05331,  4.06243,     7.00,  24.85,   0.06, 
    1.163, 0.5995, 0.5003,  4.05322,  4.06241,     7.00,  24.85,   0.06, 
    1.179, 0.5995, 0.5003,  4.05312,  4.06238,     7.00,  24.85,   0.06, 
    1.197, 0.5994, 0.5003,  4.05301,  4.06235,     7.00,  24.85,   0.07, 
    1.218, 0.5994, 0.5004,  4.05290,  4.06232,     7.00,  24.85,   0.07, 
    1.240, 0.5993, 0.5004,  4.05278,  4.06228,     7.00,  24.85,   0.07, 
    1.264, 0.5992, 0.5004,  4.05266,  4.06225,     7.00,  24.85,   0.07, 
    1.291, 0.5992, 0.5005,  4.05253,  4.06220,     7.00,  24.85,   0.07, 
    1.320, 0.5991, 0.5005,  4.05240,  4.06215,     7.00,  24.85,   0.07, 
    1.352, 0.5990, 0.5006,  4.05225,  4.06210,     7.00,  24.85,   0.07, 
    1.388, 0.5989, 0.5007,  4.05210,  4.06205,     7.00,  24.85,   0.07, 
    1.427, 0.5988, 0.5007,  4.05195,  4.06198,     7.00,  24.85,   0.07, 
    1.470, 0.5986, 0.5008,  4.05179,  4.06191,     7.00,  24.85,   0.07, 
    1.517, 0.5985, 0.5009,  4.05162,  4.06184,     7.00,  24.85,   0.07, 
    1.570, 0.5983, 0.5010,  4.05144,  4.06175,     7.00,  24.85,   0.07, 
    1.627, 0.5982, 0.5011,  4.05126,  4.06166,     7.00,  24.85,   0.07, 
    1.690, 0.5980, 0.5012,  4.05107,  4.06156,     7.00,  24.85,   0.07, 
    1.759, 0.5978, 0.5013,  4.05088,  4.06145,     7.00,  24.85,   0.07, 
    1.835, 0.5976, 0.5014,  4.05067,  4.06133,     7.00,  24.85,   0.07, 
    1.919, 0.5973, 0.5016,  4.05046,  4.06120,     7.00,  24.85,   0.07, 
    2.012, 0.5971, 0.5017,  4.05024,  4.06105,     7.00,  24.85,   0.08, 
    2.113, 0.5968, 0.5019,  4.05001,  4.06089,     7.00,  24.85,   0.08, 
    2.225, 0.5964, 0.5021,  4.04977,  4.06072,     7.00,  24.85,   0.08, 
    2.348, 0.5961, 0.5023,  4.04951,  4.06053,     7.00,  24.85,   0.08, 
    2.483, 0.5957, 0.5025,  4.04924,  4.06032,     7.00,  24.85,   0.08, 
    2.631, 0.5953, 0.5028,  4.04896,  4.06009,     7.00,  24.85,   0.08, 
    2.795, 0.5948, 0.5031,  4.04866,  4.05983,     7.00,  24.85,   0.08, 
    2.974, 0.5943, 0.5034,  4.04833,  4.05956,     7.00,  24.85,   0.08, 
    3.172, 0.5937, 0.5037,  4.04798,  4.05926,     7.00,  24.85,   0.08, 
    3.390, 0.5931, 0.5041,  4.04761,  4.05893,     7.00,  24.85,   0.08, 
    3.629, 0.5924, 0.5045,  4.04721,  4.05857,     7.00,  24.85,   0.08, 
    3.892, 0.5916, 0.5049,  4.04677,  4.05818,     7.00,  24.85,   0.08, 
    4.182, 0.5908, 0.5054,  4.04630,  4.05775,     7.00,  24.85,   0.08, 
    4.501, 0.5898, 0.5060,  4.04579,  4.05729,     7.00,  24.85,   0.08, 
    4.851, 0.5888, 0.5065,  4.04523,  4.05678,     7.00,  24.85,   0.08, 
    5.236, 0.5877, 0.5072,  4.04462,  4.05623,     7.00,  24.85,   0.08, 
    5.660, 0.5865, 0.5079,  4.04395,  4.05563,     7.00,  24.85,   0.08, 
    6.127, 0.5851, 0.5087,  4.04320,  4.05497,     7.00,  24.85,   0.08, 
    6.640, 0.5836, 0.5096,  4.04238,  4.05424,     7.00,  24.85,   0.08, 
    7.153, 0.5821, 0.5105,  4.04153,  4.05351,     7.00,  24.85,   0.08, 
    7.666, 0.5806, 0.5113,  4.04064,  4.05278,     7.00,  24.85,   0.08, 
    8.179, 0.5792, 0.5122,  4.03970,  4.05202,     7.00,  24.85,   0.08, 
    8.692, 0.5777, 0.5131,  4.03869,  4.05123,     7.00,  24.85,   0.09, 
    9.205, 0.5762, 0.5139,  4.03759,  4.05040,     7.00,  24.85,   0.09, 
    9.718, 0.5747, 0.5148,  4.03636,  4.04949,     7.00,  24.85,   0.09, 
   10.231, 0.5732, 0.5157,  4.03497,  4.04850,     7.00,  24.85,   0.09, 
   10.744, 0.5717, 0.5166,  4.03339,  4.04739,     7.00,  24.85,   0.10, 
   11.257, 0.5702, 0.5174,  4.03157,  4.04612,     7.00,  24.85,   0.10, 
   11.770, 0.5687, 0.5183,  4.02947,  4.04465,     7.00,  24.85,   0.11, 
   12.283, 0.5672, 0.5192,  4.02705,  4.04293,     7.00,  24.85,   0.11, 
   12.796, 0.5657, 0.5200,  4.02431,  4.04093,     7.00,  24.85,   0.12, 
   13.309, 0.5643, 0.5209,  4.02125,  4.03861,     7.00,  24.85,   0.12, 
   13.822, 0.5628, 0.5218,  4.01792,  4.03596,     7.00,  24.85,   0.13, 
   14.335, 0.5613, 0.5227,  4.01442,  4.03298,     7.00,  24.85,   0.13, 
   14.848, 0.5598, 0.5235,  4.01085,  4.02971,     7.00,  24.85,   0.13, 
   15.361, 0.5583, 0.5244,  4.00736,  4.02626,     7.00,  24.85,   0.13, 
   15.874, 0.5568, 0.5253,  4.00405,  4.02272,     7.00,  24.85,   0.13, 
   16.387, 0.5553, 0.5262,  4.00102,  4.01923,     7.00,  24.85,   0.13, 
   16.900, 0.5538, 0.5270,  3.99832,  4.01591,     7.00,  24.85,   0.12, 
   17.413, 0.5523, 0.5279,  3.99597,  4.01286,     7.00,  24.85,   0.12, 
   17.926, 0.5508, 0.5288,  3.99395,  4.01012,     7.00,  24.85,   0.11, 
   18.439, 0.5494, 0.5296,  3.99222,  4.00774,     7.00,  24.85,   0.11, 
   18.952, 0.5479, 0.5305,  3.99075,  4.00569,     7.00,  24.85,   0.10, 
   19.465, 0.5464, 0.5314,  3.98948,  4.00394,     7.00,  24.85,   0.10, 
   19.978, 0.5449, 0.5323,  3.98836,  4.00246,     7.00,  24.85,   0.10, 
   20.491, 0.5434, 0.5331,  3.98736,  4.00119,     7.00,  24.85,   0.10, 
   21.004, 0.5419, 0.5340,  3.98644,  4.00008,     7.00,  24.85,   0.10, 
   21.517, 0.5404, 0.5349,  3.98556,  3.99911,     7.00,  24.85,   0.10, 
   22.030, 0.5389, 0.5357,  3.98471,  3.99822,     7.00,  24.85,   0.10, 
   22.543, 0.5374, 0.5366,  3.98386,  3.99739,     7.00,  24.85,   0.10, 
   23.056, 0.5360, 0.5375,  3.98300,  3.99659,     7.00,  24.85,   0.10, 
   23.569, 0.5345, 0.5384,  3.98210,  3.99580,     7.00,  24.85,   0.10, 
   24.082, 0.5330, 0.5392,  3.98116,  3.99501,     7.00,  24.85,   0.10, 
   24.595, 0.5315, 0.5401,  3.98016,  3.99418,     7.00,  24.85,   0.10, 
   25.108, 0.5300, 0.5410,  3.97911,  3.99333,     7.00,  24.85,   0.10, 
   25.621, 0.5285, 0.5418,  3.97798,  3.99242,     7.00,  24.85,   0.10, 
   26.134, 0.5270, 0.5427,  3.97677,  3.99145,     7.00,  24.85,   0.10, 
   26.647, 0.5255, 0.5436,  3.97547,  3.99041,     7.00,  24.85,   0.10, 
   27.160, 0.5240, 0.5445,  3.97408,  3.98929,     7.00,  24.85,   0.11, 
   27.673, 0.5225, 0.5453,  3.97259,  3.98809,     7.00,  24.85,   0.11, 
   28.186, 0.5211, 0.5462,  3.97099,  3.98678,     7.00,  24.85,   0.11, 
   28.699, 0.5196, 0.5471,  3.96929,  3.98538,     7.00,  24.85,   0.11, 
   29.212, 0.5181, 0.5480,  3.96746,  3.98386,     7.00,  24.85,   0.12, 
   29.725, 0.5166, 0.5488,  3.96551,  3.98223,     7.00,  24.85,   0.12, 
   30.238, 0.5151, 0.5497,  3.96344,  3.98048,     7.00,  24.85,   0.12, 
   30.751, 0.5136, 0.5506,  3.96124,  3.97860,     7.00,  24.85,   0.12, 
   31.264, 0.5121, 0.5514,  3.95892,  3.97659,     7.00,  24.85,   0.12, 
   31.777, 0.5106, 0.5523,  3.95646,  3.97444,     7.00,  24.85,   0.13, 
   32.290, 0.5091, 0.5532,  3.95387,  3.97216,     7.00,  24.85,   0.13, 
   32.803, 0.5076, 0.5541,  3.95115,  3.96974,     7.00,  24.85,   0.13, 
   33.316, 0.5062, 0.5549,  3.94831,  3.96718,     7.00,  24.85,   0.13, 
   33.829, 0.5047, 0.5558,  3.94535,  3.96448,     7.00,  24.85,   0.13, 
   34.342, 0.5032, 0.5567,  3.94228,  3.96166,     7.00,  24.85,   0.14, 
   34.855, 0.5017, 0.5575,  3.93910,  3.95870,     7.00,  24.85,   0.14, 
   35.368, 0.5002, 0.5584,  3.93583,  3.95562,     7.00,  24.85,   0.14, 
   35.881, 0.4987, 0.5593,  3.93247,  3.95243,     7.00,  24.85,   0.14, 
   36.394, 0.4972, 0.5602,  3.92904,  3.94913,     7.00,  24.85,   0.14, 
   36.907, 0.4957, 0.5610,  3.92555,  3.94574,     7.00,  24.85,   0.14, 
   37.420, 0.4942, 0.5619,  3.92201,  3.94227,     7.00,  24.85,   0.14, 
   37.933, 0.4928, 0.5628,  3.91845,  3.93873,     7.00,  24.85,   0.14, 
   38.446, 0.4913, 0.5636,  3.91487,  3.93514,     7.00,  24.85,   0.14, 
   38.959, 0.4898, 0.5645,  3.91129,  3.93151,     7.00,  24.85,   0.14, 
   39.472, 0.4883, 0.5654,  3.90773,  3.92786,     7.00,  24.85,   0.14, 
   39.984, 0.4868, 0.5663,  3.90420,  3.92421,     7.00,  24.85,   0.14, 
   40.497, 0.4853, 0.5671,  3.90072,  3.92057,     7.00,  24.85,   0.14, 
   41.010, 0.4838, 0.5680,  3.89730,  3.91695,     7.00,  24.85,   0.14, 
   41.523, 0.4823, 0.5689,  3.89396,  3.91339,     7.00,  24.85,   0.14, 
   42.036, 0.4808, 0.5698,  3.89070,  3.90987,     7.00,  24.85,   0.13, 
   42.549, 0.4793, 0.5706,  3.88754,  3.90644,     7.00,  24.85,   0.13, 
   43.062, 0.4779, 0.5715,  3.88449,  3.90308,     7.00,  24.85,   0.13, 
   43.575, 0.4764, 0.5724,  3.88155,  3.89982,     7.00,  24.85,   0.13, 
   44.088, 0.4749, 0.5732,  3.87872,  3.89667,     7.00,  24.85,   0.13, 
   44.601, 0.4734, 0.5741,  3.87602,  3.89363,     7.00,  24.85,   0.12, 
   45.114, 0.4719, 0.5750,  3.87344,  3.89071,     7.00,  24.85,   0.12, 
   45.627, 0.4704, 0.5759,  3.87098,  3.88791,     7.00,  24.85,   0.12, 
   46.140, 0.4689, 0.5767,  3.86865,  3.88524,     7.00,  24.85,   0.12, 
   46.653, 0.4674, 0.5776,  3.86644,  3.88270,     7.00,  24.85,   0.11, 
   47.166, 0.4659, 0.5785,  3.86436,  3.88028,     7.00,  24.85,   0.11, 
   47.679, 0.4644, 0.5793,  3.86238,  3.87799,     7.00,  24.85,   0.11, 
   48.192, 0.4630, 0.5802,  3.86052,  3.87582,     7.00,  24.85,   0.11, 
   48.705, 0.4615, 0.5811,  3.85877,  3.87377,     7.00,  24.85,   0.10, 
   49.218, 0.4600, 0.5820,  3.85712,  3.87184,     7.00,  24.85,   0.10, 
   49.731, 0.4585, 0.5828,  3.85556,  3.87002,     7.00,  24.85,   0.10, 
   50.244, 0.4570, 0.5837,  3.85410,  3.86831,     7.00,  24.85,   0.10, 
   50.757, 0.4555, 0.5846,  3.85271,  3.86669,     7.00,  24.85,   0.10, 
   51.270, 0.4540, 0.5854,  3.85141,  3.86517,     7.00,  24.85,   0.10, 
   51.783, 0.4525, 0.5863,  3.85017,  3.86373,     7.00,  24.85,   0.09, 
   52.296, 0.4510, 0.5872,  3.84900,  3.86238,     7.00,  24.85,   0.09, 
   52.809, 0.4496, 0.5881,  3.84788,  3.86110,     7.00,  24.85,   0.09, 
   53.322, 0.4481, 0.5889,  3.84682,  3.85989,     7.00,  24.85,   0.09, 
   53.835, 0.4466, 0.5898,  3.84581,  3.85875,     7.00,  24.85,   0.09, 
   54.348, 0.4451, 0.5907,  3.84484,  3.85766,     7.00,  24.85,   0.09, 
   54.861, 0.4436, 0.5916,  3.84391,  3.85662,     7.00,  24.85,   0.09, 
   55.374, 0.4421, 0.5924,  3.84301,  3.85562,     7.00,  24.85,   0.09, 
   55.887, 0.4406, 0.5933,  3.84214,  3.85467,     7.00,  24.85,   0.09, 
   56.400, 0.4391, 0.5942,  3.84129,  3.85376,     7.00,  24.85,   0.09, 
   56.913, 0.4376, 0.5950,  3.84047,  3.85287,     7.00,  24.85,   0.09, 
   57.426, 0.4361, 0.5959,  3.83966,  3.85201,     7.00,  24.85,   0.09, 
   57.939, 0.4347, 0.5968,  3.83886,  3.85118,     7.00,  24.85,   0.09, 
   58.452, 0.4332, 0.5977,  3.83808,  3.85036,     7.00,  24.85,   0.09, 
   58.965, 0.4317, 0.5985,  3.83731,  3.84956,     7.00,  24.85,   0.09, 
   59.478, 0.4302, 0.5994,  3.83654,  3.84878,     7.00,  24.85,   0.08, 
   59.991, 0.4287, 0.6003,  3.83578,  3.84800,     7.00,  24.85,   0.08, 
   60.504, 0.4272, 0.6011,  3.83503,  3.84724,     7.00,  24.85,   0.08, 
   61.017, 0.4257, 0.6020,  3.83427,  3.84648,     7.00,  24.85,   0.08, 
   61.530, 0.4242, 0.6029,  3.83351,  3.84572,     7.00,  24.85,   0.08, 
   62.043, 0.4227, 0.6038,  3.83276,  3.84496,     7.00,  24.85,   0.08, 
   62.556, 0.4212, 0.6046,  3.83200,  3.84421,     7.00,  24.85,   0.08, 
   63.069, 0.4198, 0.6055,  3.83123,  3.84345,     7.00,  24.85,   0.08, 
   63.582, 0.4183, 0.6064,  3.83047,  3.84269,     7.00,  24.85,   0.08, 
   64.095, 0.4168, 0.6072,  3.82969,  3.84193,     7.00,  24.85,   0.08, 
   64.608, 0.4153, 0.6081,  3.82891,  3.84116,     7.00,  24.85,   0.09, 
   65.121, 0.4138, 0.6090,  3.82813,  3.84039,     7.00,  24.85,   0.09, 
   65.634, 0.4123, 0.6099,  3.82734,  3.83961,     7.00,  24.85,   0.09, 
   66.147, 0.4108, 0.6107,  3.82654,  3.83882,     7.00,  24.85,   0.09, 
   66.660, 0.4093, 0.6116,  3.82574,  3.83803,     7.00,  24.85,   0.09, 
   67.173, 0.4078, 0.6125,  3.82493,  3.83723,     7.00,  24.85,   0.09, 
   67.686, 0.4064, 0.6134,  3.82411,  3.83642,     7.00,  24.85,   0.09, 
   68.199, 0.4049, 0.6142,  3.82329,  3.83560,     7.00,  24.85,   0.09, 
   68.712, 0.4034, 0.6151,  3.82246,  3.83478,     7.00,  24.85,   0.09, 
   69.225, 0.4019, 0.6160,  3.82162,  3.83394,     7.00,  24.85,   0.09, 
   69.738, 0.4004, 0.6168,  3.82078,  3.83310,     7.00,  24.85,   0.09, 
   70.251, 0.3989, 0.6177,  3.81993,  3.83225,     7.00,  24.85,   0.09, 
   70.764, 0.3974, 0.6186,  3.81908,  3.83139,     7.00,  24.85,   0.09, 
   71.277, 0.3959, 0.6195,  3.81822,  3.83052,     7.00,  24.85,   0.09, 
   71.790, 0.3944, 0.6203,  3.81736,  3.82964,     7.00,  24.85,   0.09, 
   72.303, 0.3929, 0.6212,  3.81649,  3.82876,     7.00,  24.85,   0.09, 
   72.816, 0.3915, 0.6221,  3.81561,  3.82787,     7.00,  24.85,   0.09, 
   73.329, 0.3900, 0.6229,  3.81473,  3.82697,     7.00,  24.85,   0.08, 
   73.842, 0.3885, 0.6238,  3.81384,  3.82606,     7.00,  24.85,   0.08, 
   74.355, 0.3870, 0.6247,  3.81294,  3.82515,     7.00,  24.85,   0.08, 
   74.868, 0.3855, 0.6256,  3.81204,  3.82423,     7.00,  24.85,   0.08, 
   75.381, 0.3840, 0.6264,  3.81112,  3.82331,     7.00,  24.85,   0.08, 
   75.894, 0.3825, 0.6273,  3.81020,  3.82237,     7.00,  24.85,   0.08, 
   76.407, 0.3810, 0.6282,  3.80927,  3.82144,     7.00,  24.85,   0.08, 
   76.920, 0.3795, 0.6290,  3.80833,  3.82050,     7.00,  24.85,   0.09, 
   77.433, 0.3780, 0.6299,  3.80739,  3.81955,     7.00,  24.85,   0.09, 
   77.946, 0.3766, 0.6308,  3.80644,  3.81860,     7.00,  24.85,   0.09, 
   78.459, 0.3751, 0.6317,  3.80548,  3.81764,     7.00,  24.85,   0.09, 
   78.972, 0.3736, 0.6325,  3.80451,  3.81668,     7.00,  24.85,   0.09, 
   79.485, 0.3721, 0.6334,  3.80355,  3.81572,     7.00,  24.85,   0.09, 
   79.998, 0.3706, 0.6343,  3.80257,  3.81476,     7.00,  24.85,   0.09, 
   80.511, 0.3691, 0.6352,  3.80160,  3.81379,     7.00,  24.85,   0.09, 
   81.024, 0.3676, 0.6360,  3.80061,  3.81282,     7.00,  24.85,   0.09, 
   81.537, 0.3661, 0.6369,  3.79963,  3.81185,     7.00,  24.85,   0.09, 
   82.050, 0.3646, 0.6378,  3.79864,  3.81088,     7.00,  24.85,   0.09, 
   82.563, 0.3631, 0.6386,  3.79765,  3.80991,     7.00,  24.85,   0.09, 
   83.076, 0.3617, 0.6395,  3.79665,  3.80894,     7.00,  24.85,   0.09, 
   83.589, 0.3602, 0.6404,  3.79566,  3.80796,     7.00,  24.85,   0.09, 
   84.102, 0.3587, 0.6413,  3.79466,  3.80699,     7.00,  24.85,   0.09, 
   84.615, 0.3572, 0.6421,  3.79366,  3.80602,     7.00,  24.85,   0.09, 
   85.128, 0.3557, 0.6430,  3.79266,  3.80504,     7.00,  24.85,   0.09, 
   85.641, 0.3542, 0.6439,  3.79166,  3.80407,     7.00,  24.85,   0.09, 
   86.154, 0.3527, 0.6447,  3.79065,  3.80310,     7.00,  24.85,   0.09, 
   86.667, 0.3512, 0.6456,  3.78965,  3.80214,     7.00,  24.85,   0.09, 
   87.180, 0.3497, 0.6465,  3.78865,  3.80117,     7.00,  24.85,   0.09, 
   87.693, 0.3483, 0.6474,  3.78764,  3.80021,     7.00,  24.85,   0.09, 
   88.206, 0.3468, 0.6482,  3.78664,  3.79925,     7.00,  24.85,   0.09, 
   88.719, 0.3453, 0.6491,  3.78564,  3.79829,     7.00,  24.85,   0.09, 
   89.232, 0.3438, 0.6500,  3.78463,  3.79733,     7.00,  24.85,   0.09, 
   89.745, 0.3423, 0.6508,  3.78363,  3.79638,     7.00,  24.85,   0.09, 
   90.258, 0.3408, 0.6517,  3.78263,  3.79543,     7.00,  24.85,   0.09, 
   90.771, 0.3393, 0.6526,  3.78163,  3.79448,     7.00,  24.85,   0.09, 
   91.284, 0.3378, 0.6535,  3.78064,  3.79354,     7.00,  24.85,   0.09, 
   91.797, 0.3363, 0.6543,  3.77964,  3.79260,     7.00,  24.85,   0.09, 
   92.310, 0.3348, 0.6552,  3.77865,  3.79166,     7.00,  24.85,   0.09, 
   92.823, 0.3334, 0.6561,  3.77766,  3.79073,     7.00,  24.85,   0.09, 
   93.336, 0.3319, 0.6569,  3.77667,  3.78980,     7.00,  24.85,   0.09, 
   93.849, 0.3304, 0.6578,  3.77569,  3.78888,     7.00,  24.85,   0.09, 
   94.362, 0.3289, 0.6587,  3.77470,  3.78796,     7.00,  24.85,   0.09, 
   94.875, 0.3274, 0.6596,  3.77372,  3.78704,     7.00,  24.85,   0.09, 
   95.388, 0.3259, 0.6604,  3.77275,  3.78613,     7.00,  24.85,   0.09, 
   95.901, 0.3244, 0.6613,  3.77177,  3.78522,     7.00,  24.85,   0.09, 
   96.414, 0.3229, 0.6622,  3.77080,  3.78432,     7.00,  24.85,   0.09, 
   96.927, 0.3214, 0.6631,  3.76984,  3.78341,     7.00,  24.85,   0.09, 
   97.440, 0.3199, 0.6639,  3.76888,  3.78252,     7.00,  24.85,   0.09, 
   97.953, 0.3185, 0.6648,  3.76792,  3.78162,     7.00,  24.85,   0.09, 
   98.466, 0.3170, 0.6657,  3.76696,  3.78073,     7.00,  24.85,   0.09, 
   98.979, 0.3155, 0.6665,  3.76601,  3.77984,     7.00,  24.85,   0.09, 
   99.492, 0.3140, 0.6674,  3.76506,  3.77896,     7.00,  24.85,   0.10, 
  100.005, 0.3125, 0.6683,  3.76412,  3.77808,     7.00,  24.85,   0.10, 
  100.518, 0.3110, 0.6692,  3.76318,  3.77720,     7.00,  24.85,   0.10, 
  101.031, 0.3095, 0.6700,  3.76225,  3.77633,     7.00,  24.85,   0.10, 
  101.544, 0.3080, 0.6709,  3.76132,  3.77545,     7.00,  24.85,   0.10, 
  102.057, 0.3065, 0.6718,  3.76040,  3.77458,     7.00,  24.85,   0.10, 
  102.570, 0.3051, 0.6726,  3.75947,  3.77371,     7.00,  24.85,   0.10, 
  103.083, 0.3036, 0.6735,  3.75856,  3.77284,     7.00,  24.85,   0.10, 
  103.596, 0.3021, 0.6744,  3.75765,  3.77198,     7.00,  24.85,   0.10, 
  104.109, 0.3006, 0.6753,  3.75674,  3.77111,     7.00,  24.85,   0.10, 
  104.622, 0.2991, 0.6761,  3.75584,  3.77024,     7.00,  24.85,   0.10, 
  105.135, 0.2976, 0.6770,  3.75494,  3.76938,     7.00,  24.85,   0.10, 
  105.648, 0.2961, 0.6779,  3.75405,  3.76851,     7.00,  24.85,   0.10, 
  106.161, 0.2946, 0.6787,  3.75316,  3.76765,     7.00,  24.85,   0.10, 
  106.674, 0.2931, 0.6796,  3.75228,  3.76678,     7.00,  24.85,   0.10, 
  107.187, 0.2916, 0.6805,  3.75140,  3.76591,     7.00,  24.85,   0.10, 
  107.700, 0.2902, 0.6814,  3.75052,  3.76505,     7.00,  24.85,   0.10, 
  108.213, 0.2887, 0.6822,  3.74965,  3.76417,     7.00,  24.85,   0.10, 
  108.726, 0.2872, 0.6831,  3.74878,  3.76330,     7.00,  24.85,   0.10, 
  109.239, 0.2857, 0.6840,  3.74791,  3.76243,     7.00,  24.85,   0.10, 
  109.752, 0.2842, 0.6849,  3.74705,  3.76155,     7.00,  24.85,   0.10, 
  110.265, 0.2827, 0.6857,  3.74618,  3.76067,     7.00,  24.85,   0.10, 
  110.778, 0.2812, 0.6866,  3.74531,  3.75978,     7.00,  24.85,   0.10, 
  111.291, 0.2797, 0.6875,  3.74444,  3.75889,     7.00,  24.85,   0.10, 
  111.804, 0.2782, 0.6883,  3.74356,  3.75800,     7.00,  24.85,   0.10, 
  112.317, 0.2767, 0.6892,  3.74267,  3.75710,     7.00,  24.85,   0.10, 
  112.830, 0.2753, 0.6901,  3.74177,  3.75620,     7.00,  24.85,   0.10, 
  113.343, 0.2738, 0.6910,  3.74086,  3.75529,     7.00,  24.85,   0.10, 
  113.856, 0.2723, 0.6918,  3.73995,  3.75437,     7.00,  24.85,   0.10, 
  114.369, 0.2708, 0.6927,  3.73902,  3.75345,     7.00,  24.85,   0.10, 
  114.882, 0.2693, 0.6936,  3.73808,  3.75253,     7.00,  24.85,   0.10, 
  115.395, 0.2678, 0.6944,  3.73713,  3.75159,     7.00,  24.85,   0.10, 
  115.908, 0.2663, 0.6953,  3.73617,  3.75065,     7.00,  24.85,   0.10, 
  116.421, 0.2648, 0.6962,  3.73519,  3.74971,     7.00,  24.85,   0.10, 
  116.934, 0.2633, 0.6971,  3.73421,  3.74875,     7.00,  24.85,   0.10, 
  117.447, 0.2619, 0.6979,  3.73321,  3.74779,     7.00,  24.85,   0.10, 
  117.960, 0.2604, 0.6988,  3.73220,  3.74682,     7.00,  24.85,   0.10, 
  118.473, 0.2589, 0.6997,  3.73119,  3.74584,     7.00,  24.85,   0.10, 
  118.986, 0.2574, 0.7005,  3.73016,  3.74485,     7.00,  24.85,   0.10, 
  119.499, 0.2559, 0.7014,  3.72911,  3.74386,     7.00,  24.85,   0.11, 
  120.012, 0.2544, 0.7023,  3.72806,  3.74285,     7.00,  24.85,   0.11, 
  120.525, 0.2529, 0.7032,  3.72700,  3.74184,     7.00,  24.85,   0.11, 
  121.038, 0.2514, 0.7040,  3.72592,  3.74082,     7.00,  24.85,   0.11, 
  121.551, 0.2499, 0.7049,  3.72484,  3.73979,     7.00,  24.85,   0.11, 
  122.064, 0.2484, 0.7058,  3.72374,  3.73875,     7.00,  24.85,   0.11, 
  122.577, 0.2470, 0.7067,  3.72264,  3.73770,     7.00,  24.85,   0.11, 
  123.090, 0.2455, 0.7075,  3.72152,  3.73665,     7.00,  24.85,   0.11, 
  123.603, 0.2440, 0.7084,  3.72039,  3.73558,     7.00,  24.85,   0.11, 
  124.116, 0.2425, 0.7093,  3.71926,  3.73450,     7.00,  24.85,   0.11, 
  124.629, 0.2410, 0.7101,  3.71811,  3.73342,     7.00,  24.85,   0.11, 
  125.142, 0.2395, 0.7110,  3.71696,  3.73233,     7.00,  24.85,   0.11, 
  125.655, 0.2380, 0.7119,  3.71579,  3.73122,     7.00,  24.85,   0.11, 
  126.168, 0.2365, 0.7128,  3.71462,  3.73011,     7.00,  24.85,   0.11, 
  126.681, 0.2350, 0.7136,  3.71344,  3.72899,     7.00,  24.85,   0.11, 
  127.194, 0.2335, 0.7145,  3.71225,  3.72786,     7.00,  24.85,   0.11, 
  127.707, 0.2321, 0.7154,  3.71105,  3.72672,     7.00,  24.85,   0.11, 
  128.220, 0.2306, 0.7162,  3.70984,  3.72558,     7.00,  24.85,   0.11, 
  128.733, 0.2291, 0.7171,  3.70863,  3.72442,     7.00,  24.85,   0.11, 
  129.246, 0.2276, 0.7180,  3.70741,  3.72326,     7.00,  24.85,   0.11, 
  129.759, 0.2261, 0.7189,  3.70618,  3.72209,     7.00,  24.85,   0.11, 
  130.272, 0.2246, 0.7197,  3.70494,  3.72091,     7.00,  24.85,   0.11, 
  130.785, 0.2231, 0.7206,  3.70370,  3.71973,     7.00,  24.85,   0.11, 
  131.298, 0.2216, 0.7215,  3.70245,  3.71853,     7.00,  24.85,   0.11, 
  131.811, 0.2201, 0.7223,  3.70120,  3.71733,     7.00,  24.85,   0.11, 
  132.324, 0.2186, 0.7232,  3.69994,  3.71612,     7.00,  24.85,   0.11, 
  132.837, 0.2172, 0.7241,  3.69867,  3.71491,     7.00,  24.85,   0.11, 
  133.350, 0.2157, 0.7250,  3.69740,  3.71369,     7.00,  24.85,   0.11, 
  133.863, 0.2142, 0.7258,  3.69613,  3.71246,     7.00,  24.85,   0.11, 
  134.376, 0.2127, 0.7267,  3.69485,  3.71123,     7.00,  24.85,   0.11, 
  134.889, 0.2112, 0.7276,  3.69356,  3.70999,     7.00,  24.85,   0.12, 
  135.402, 0.2097, 0.7285,  3.69227,  3.70875,     7.00,  24.85,   0.12, 
  135.915, 0.2082, 0.7293,  3.69098,  3.70750,     7.00,  24.85,   0.12, 
  136.428, 0.2067, 0.7302,  3.68969,  3.70625,     7.00,  24.85,   0.12, 
  136.941, 0.2052, 0.7311,  3.68839,  3.70499,     7.00,  24.85,   0.12, 
  137.454, 0.2038, 0.7319,  3.68709,  3.70373,     7.00,  24.85,   0.12, 
  137.967, 0.2023, 0.7328,  3.68579,  3.70246,     7.00,  24.85,   0.12, 
  138.480, 0.2008, 0.7337,  3.68449,  3.70119,     7.00,  24.85,   0.12, 
  138.993, 0.1993, 0.7346,  3.68319,  3.69992,     7.00,  24.85,   0.12, 
  139.506, 0.1978, 0.7354,  3.68188,  3.69864,     7.00,  24.85,   0.12, 
  140.019, 0.1963, 0.7363,  3.68057,  3.69737,     7.00,  24.85,   0.12, 
  140.532, 0.1948, 0.7372,  3.67927,  3.69609,     7.00,  24.85,   0.12, 
  141.045, 0.1933, 0.7380,  3.67796,  3.69480,     7.00,  24.85,   0.12, 
  141.558, 0.1918, 0.7389,  3.67665,  3.69352,     7.00,  24.85,   0.12, 
  142.071, 0.1903, 0.7398,  3.67534,  3.69224,     7.00,  24.85,   0.12, 
  142.584, 0.1889, 0.7407,  3.67404,  3.69095,     7.00,  24.85,   0.12, 
  143.097, 0.1874, 0.7415,  3.67273,  3.68966,     7.00,  24.85,   0.12, 
  143.610, 0.1859, 0.7424,  3.67142,  3.68838,     7.00,  24.85,   0.12, 
  144.123, 0.1844, 0.7433,  3.67012,  3.68709,     7.00,  24.85,   0.12, 
  144.636, 0.1829, 0.7441,  3.66882,  3.68580,     7.00,  24.85,   0.12, 
  145.149, 0.1814, 0.7450,  3.66751,  3.68452,     7.00,  24.85,   0.12, 
  145.662, 0.1799, 0.7459,  3.66621,  3.68323,     7.00,  24.85,   0.12, 
  146.175, 0.1784, 0.7468,  3.66491,  3.68194,     7.00,  24.85,   0.12, 
  146.688, 0.1769, 0.7476,  3.66361,  3.68066,     7.00,  24.85,   0.12, 
  147.201, 0.1754, 0.7485,  3.66231,  3.67938,     7.00,  24.85,   0.12, 
  147.714, 0.1740, 0.7494,  3.66101,  3.67809,     7.00,  24.85,   0.12, 
  148.227, 0.1725, 0.7503,  3.65971,  3.67681,     7.00,  24.85,   0.12, 
  148.740, 0.1710, 0.7511,  3.65841,  3.67553,     7.00,  24.85,   0.12, 
  149.253, 0.1695, 0.7520,  3.65711,  3.67425,     7.00,  24.85,   0.12, 
  149.766, 0.1680, 0.7529,  3.65581,  3.67297,     7.00,  24.85,   0.12, 
  150.279, 0.1665, 0.7537,  3.65451,  3.67169,     7.00,  24.85,   0.12, 
  150.792, 0.1650, 0.7546,  3.65321,  3.67041,     7.00,  24.85,   0.12, 
  151.305, 0.1635, 0.7555,  3.65190,  3.66913,     7.00,  24.85,   0.12, 
  151.818, 0.1620, 0.7564,  3.65059,  3.66786,     7.00,  24.85,   0.12, 
  152.331, 0.1606, 0.7572,  3.64928,  3.66658,     7.00,  24.85,   0.12, 
  152.844, 0.1591, 0.7581,  3.64796,  3.66530,     7.00,  24.85,   0.12, 
  153.357, 0.1576, 0.7590,  3.64663,  3.66401,     7.00,  24.85,   0.12, 
  153.870, 0.1561, 0.7598,  3.64530,  3.66273,     7.00,  24.85,   0.12, 
  154.383, 0.1546, 0.7607,  3.64396,  3.66144,     7.00,  24.85,   0.12, 
  154.896, 0.1531, 0.7616,  3.64261,  3.66015,     7.00,  24.85,   0.12, 
  155.409, 0.1516, 0.7625,  3.64125,  3.65885,     7.00,  24.85,   0.12, 
  155.922, 0.1501, 0.7633,  3.63988,  3.65755,     7.00,  24.85,   0.12, 
  156.435, 0.1486, 0.7642,  3.63851,  3.65624,     7.00,  24.85,   0.12, 
  156.948, 0.1471, 0.7651,  3.63712,  3.65493,     7.00,  24.85,   0.12, 
  157.461, 0.1457, 0.7659,  3.63573,  3.65360,     7.00,  24.85,   0.13, 
  157.974, 0.1442, 0.7668,  3.63434,  3.65227,     7.00,  24.85,   0.13, 
  158.487, 0.1427, 0.7677,  3.63295,  3.65092,     7.00,  24.85,   0.13, 
  159.000, 0.1412, 0.7686,  3.63155,  3.64957,     7.00,  24.85,   0.13, 
  159.513, 0.1397, 0.7694,  3.63017,  3.64821,     7.00,  24.85,   0.13, 
  160.026, 0.1382, 0.7703,  3.62879,  3.64684,     7.00,  24.85,   0.13, 
  160.539, 0.1367, 0.7712,  3.62743,  3.64547,     7.00,  24.85,   0.13, 
  161.052, 0.1352, 0.7721,  3.62609,  3.64409,     7.00,  24.85,   0.13, 
  161.565, 0.1337, 0.7729,  3.62478,  3.64271,     7.00,  24.85,   0.13, 
  162.078, 0.1322, 0.7738,  3.62351,  3.64134,     7.00,  24.85,   0.12, 
  162.591, 0.1308, 0.7747,  3.62228,  3.63997,     7.00,  24.85,   0.12, 
  163.104, 0.1293, 0.7755,  3.62109,  3.63861,     7.00,  24.85,   0.12, 
  163.617, 0.1278, 0.7764,  3.61997,  3.63727,     7.00,  24.85,   0.12, 
  164.130, 0.1263, 0.7773,  3.61890,  3.63596,     7.00,  24.85,   0.12, 
  164.643, 0.1248, 0.7782,  3.61790,  3.63468,     7.00,  24.85,   0.12, 
  165.156, 0.1233, 0.7790,  3.61696,  3.63343,     7.00,  24.85,   0.11, 
  165.669, 0.1218, 0.7799,  3.61609,  3.63223,     7.00,  24.85,   0.11, 
  166.182, 0.1203, 0.7808,  3.61529,  3.63108,     7.00,  24.85,   0.11, 
  166.695, 0.1188, 0.7816,  3.61457,  3.62998,     7.00,  24.85,   0.11, 
  167.208, 0.1174, 0.7825,  3.61390,  3.62894,     7.00,  24.85,   0.10, 
  167.721, 0.1159, 0.7834,  3.61330,  3.62797,     7.00,  24.85,   0.10, 
  168.234, 0.1144, 0.7843,  3.61275,  3.62706,     7.00,  24.85,   0.10, 
  168.747, 0.1129, 0.7851,  3.61223,  3.62621,     7.00,  24.85,   0.10, 
  169.260, 0.1114, 0.7860,  3.61175,  3.62543,     7.00,  24.85,   0.10, 
  169.773, 0.1099, 0.7869,  3.61129,  3.62471,     7.00,  24.85,   0.09, 
  170.286, 0.1084, 0.7877,  3.61084,  3.62405,     7.00,  24.85,   0.09, 
  170.799, 0.1069, 0.7886,  3.61040,  3.62345,     7.00,  24.85,   0.09, 
  171.312, 0.1054, 0.7895,  3.60996,  3.62290,     7.00,  24.85,   0.09, 
  171.825, 0.1039, 0.7904,  3.60954,  3.62239,     7.00,  24.85,   0.09, 
  172.338, 0.1025, 0.7912,  3.60911,  3.62193,     7.00,  24.85,   0.09, 
  172.851, 0.1010, 0.7921,  3.60869,  3.62150,     7.00,  24.85,   0.09, 
  173.364, 0.0995, 0.7930,  3.60828,  3.62110,     7.00,  24.85,   0.09, 
  173.877, 0.0980, 0.7938,  3.60786,  3.62072,     7.00,  24.85,   0.09, 
  174.390, 0.0965, 0.7947,  3.60744,  3.62036,     7.00,  24.85,   0.09, 
  174.903, 0.0950, 0.7956,  3.60702,  3.62001,     7.00,  24.85,   0.09, 
  175.416, 0.0935, 0.7965,  3.60660,  3.61967,     7.00,  24.85,   0.09, 
  175.929, 0.0920, 0.7973,  3.60617,  3.61933,     7.00,  24.85,   0.09, 
  176.442, 0.0905, 0.7982,  3.60574,  3.61899,     7.00,  24.85,   0.09, 
  176.955, 0.0890, 0.7991,  3.60530,  3.61865,     7.00,  24.85,   0.09, 
  177.468, 0.0876, 0.8000,  3.60485,  3.61830,     7.00,  24.85,   0.09, 
  177.981, 0.0861, 0.8008,  3.60439,  3.61794,     7.00,  24.85,   0.09, 
  178.494, 0.0846, 0.8017,  3.60392,  3.61757,     7.00,  24.85,   0.10, 
  179.007, 0.0831, 0.8026,  3.60343,  3.61718,     7.00,  24.85,   0.10, 
  179.520, 0.0816, 0.8034,  3.60293,  3.61678,     7.00,  24.85,   0.10, 
  180.033, 0.0801, 0.8043,  3.60241,  3.61637,     7.00,  24.85,   0.10, 
  180.546, 0.0786, 0.8052,  3.60187,  3.61594,     7.00,  24.85,   0.10, 
  181.059, 0.0771, 0.8061,  3.60132,  3.61550,     7.00,  24.85,   0.10, 
  181.572, 0.0756, 0.8069,  3.60074,  3.61504,     7.00,  24.85,   0.10, 
  182.085, 0.0741, 0.8078,  3.60015,  3.61456,     7.00,  24.85,   0.10, 
  182.598, 0.0727, 0.8087,  3.59953,  3.61407,     7.00,  24.85,   0.10, 
  183.111, 0.0712, 0.8095,  3.59888,  3.61356,     7.00,  24.85,   0.10, 
  183.624, 0.0697, 0.8104,  3.59820,  3.61303,     7.00,  24.85,   0.10, 
  184.137, 0.0682, 0.8113,  3.59750,  3.61248,     7.00,  24.85,   0.11, 
  184.650, 0.0667, 0.8122,  3.59675,  3.61191,     7.00,  24.85,   0.11, 
  185.163, 0.0652, 0.8130,  3.59596,  3.61132,     7.00,  24.85,   0.11, 
  185.676, 0.0637, 0.8139,  3.59511,  3.61070,     7.00,  24.85,   0.11, 
  186.189, 0.0622, 0.8148,  3.59421,  3.61006,     7.00,  24.85,   0.11, 
  186.702, 0.0607, 0.8156,  3.59323,  3.60939,     7.00,  24.85,   0.11, 
  187.215, 0.0593, 0.8165,  3.59217,  3.60868,     7.00,  24.85,   0.12, 
  187.728, 0.0578, 0.8174,  3.59101,  3.60793,     7.00,  24.85,   0.12, 
  188.241, 0.0563, 0.8183,  3.58973,  3.60714,     7.00,  24.85,   0.12, 
  188.754, 0.0548, 0.8191,  3.58829,  3.60628,     7.00,  24.85,   0.13, 
  189.267, 0.0533, 0.8200,  3.58669,  3.60536,     7.00,  24.85,   0.13, 
  189.780, 0.0518, 0.8209,  3.58487,  3.60437,     7.00,  24.85,   0.14, 
  190.293, 0.0503, 0.8218,  3.58279,  3.60327,     7.00,  24.85,   0.14, 
  190.806, 0.0488, 0.8226,  3.58042,  3.60207,     7.00,  24.85,   0.15, 
  191.319, 0.0473, 0.8235,  3.57768,  3.60073,     7.00,  24.85,   0.16, 
  191.832, 0.0458, 0.8244,  3.57450,  3.59923,     7.00,  24.85,   0.17, 
  192.345, 0.0444, 0.8252,  3.57080,  3.59754,     7.00,  24.85,   0.19, 
  192.858, 0.0429, 0.8261,  3.56647,  3.59561,     7.00,  24.85,   0.20, 
  193.371, 0.0414, 0.8270,  3.56140,  3.59341,     7.00,  24.85,   0.22, 
  193.884, 0.0399, 0.8279,  3.55542,  3.59088,     7.00,  24.85,   0.25, 
  194.397, 0.0384, 0.8287,  3.54838,  3.58795,     7.00,  24.85,   0.28, 
  194.910, 0.0369, 0.8296,  3.54004,  3.58455,     7.00,  24.85,   0.31, 
  195.423, 0.0354, 0.8305,  3.53018,  3.58058,     7.00,  24.85,   0.35, 
  195.936, 0.0339, 0.8313,  3.51847,  3.57593,     7.00,  24.85,   0.40, 
  196.449, 0.0324, 0.8322,  3.50457,  3.57047,     7.00,  24.85,   0.46, 
  196.962, 0.0309, 0.8331,  3.48803,  3.56403,     7.00,  24.85,   0.53, 
  197.475, 0.0295, 0.8340,  3.46835,  3.55642,     7.00,  24.85,   0.62, 
  197.988, 0.0280, 0.8348,  3.44490,  3.54742,     7.00,  24.85,   0.72, 
  198.501, 0.0265, 0.8357,  3.41696,  3.53675,     7.00,  24.85,   0.84, 
  199.014, 0.0250, 0.8366,  3.38363,  3.52408,     7.00,  24.85,   0.98, 
  199.527, 0.0235, 0.8374,  3.34387,  3.50902,     7.00,  24.85,   1.16, 
  200.040, 0.0220, 0.8383,  3.29640,  3.49110,     7.00,  24.85,   1.36, 
  200.553, 0.0205, 0.8392,  3.23974,  3.46976,     7.00,  24.85,   1.61, 
  201.066, 0.0190, 0.8401,  3.17206,  3.44433,     7.00,  24.85,   1.91, 
  201.579, 0.0175, 0.8409,  3.09122,  3.41401,     7.00,  24.85,   2.26, 
  202.092, 0.0161, 0.8418,  2.99463,  3.37784,     7.00,  24.85,   2.68, 
  202.605, 0.0146, 0.8427,  2.87922,  3.33467,     7.00,  24.85,   3.19, 
  203.118, 0.0131, 0.8436,  2.74130,  3.28314,     7.00,  24.85,   3.79, 
  203.631, 0.0116, 0.8444,  2.57646,  3.22160,     7.00,  24.85,   4.51, 
  204.144, 0.0101, 0.8453,  2.37943,  3.14809,     7.00,  24.85,   5.38, 
  204.657, 0.0086, 0.8462,  2.14391,  3.06027,     7.00,  24.85,   6.41, 
  204.721, 0.0084, 0.8463,  2.11141,  3.04815,     7.00,  24.85,   6.55, 
  204.756, 0.0083, 0.8463,  2.09322,  3.04137,     7.00,  24.85,   6.63, 
  204.776, 0.0083, 0.8464,  2.08311,  3.03761,     7.00,  24.85,   6.68, 
  204.778, 0.0083, 0.8464,  2.08163,  3.03709,     7.00,  24.85,   6.68, 
  204.780, 0.0082, 0.8464,  2.08057,  3.03680,     7.00,  24.85,   6.69, 
  204.781, 0.0082, 0.8464,  2.07973,  3.03664,     7.00,  24.85,   6.69, 
  204.781, 0.0082, 0.8464,  2.07925,  3.03660,     7.00,  24.85,   6.69, 
  204.781, 0.0082, 0.8464,  2.07920,  3.03660,     7.00,  24.85,   6.69, 
 mass is   0.816565
 energy is   109.152943
 power is   31.9814073
 336 this time step did not converge
 Solid concentration driven to zero.
 Consider changing vcut or the current density.
  
 dV/dt at point of failure is (V/s) -0.213637932
 Moving on to next leg if not the last
  
 comp 7 not converged

            mass  =  0.8166 kg/m2
 specific energy segment =   109.15 W-h/kg
 specific power segment  =    32.14 W/kg
 total heat =          0.6944 W-h/m2
  
