     50  lim, limit on number of iterations
 100.00  h1,  thickness of negative electrode (microns)
  25.00  h2,  thickness of separator (microns)
 100.00  h3,  thickness of positive electrode (microns)
  25.00  hcn, thickness of negative electrode current collector (microns)
  25.00  hcp, thickness of positive electrode current collector (microns)
     80  n1,  number of nodes in negative electrode
     40  n2,  number of nodes in separator
     80  n3,  number of nodes in positive electrode
 298.00  T,   temperature (K)

 1000.0  xx(1,n1+2), initial concentration (mol/m3)
 0.6000  csx,   initial stoichiometric parameter for negative
 0.5000  csy,   initial stoichiometric parameter for positive
   30.0  tmmax, maximum time step size (s)
 .4E-13  dfs1, diffusion coefficient in negative solid (m2/s)
 .1E-12  dfs3, diffusion coefficient in positive solid (m2/s)
  10.00  Rad1,  radius of negative particles (microns)
  10.00  Rad3,  radius of positive particles (microns)

  0.300  ep1,   volume fraction of electrolyte in negative electrode
  0.000  epp1,  volume fraction of polymer phase in negative electrode
  0.100  epf1,  volume fraction of inert filler in negative electrode
  1.000  ep2,   volume fraction of electrolyte in separator
  0.000  epp2,  volume fraction of polymer phase in separator
  0.300  ep3,   volume fraction of electrolyte in positive electrode
  0.000  epp3,  volume fraction of polymer phase in positive electrode
  0.200  epf3,  volume fraction of inert filler in positive electrode
 0.10E+03  sig1,  conductivity of negative matrix (S/m)
  10.      sig3,  conductivity of positive matrix (S/m)
  372.00  cot1,  coulombic capacity of negative material (mAh/g)
  274.00  cot3,  coulombic capacity of positive material (mAh/g)
 .1E-04  rka1,  reaction rate constant for negative reaction 
 .3E-10  rka3,  reaction rate constant for positive reaction

 1324.0  re,   density of electrolyte (kg/m3)
 1800.0  rs1,  density of negative insertion material (kg/m3)
 5010.0  rs3,  density of positive insertion material (kg/m3)
 1800.0  rf,   density of inert filler (kg/m3)
 1780.0  rpl,  density of polymer phase (kg/m3)
    0.0  rc,   density of separator material (kg/m3)
 8954.0  rcn,  density of negative current collector (kg/m3)
 2707.0  rcp,  density of positive current collector (kg/m3)

   0.001000  ranode,   anode film resistance (ohm-m2)
   0.000000  rcathde,  cathode film resistance (ohm-m2)
   0.00  htc,   heat-transfer coefficient with external medium (W/m2K)
   0.000000  dUdT,  temperature coefficient of EMF (V/K)
 2000.0  Cp,    heat capacity of cell (J/kg-K)
   0.00  residm,    residual mass (kg/m2)
 298.00  Tam,   ambient temperature (K)
      1  ncell, number of cells in a cell stack
      2  lht,   0 uses htc,  1 calcs htc,  2 isothermal

      0    nside, side reaction flag 

      1  il1,   1 for long print-out  0 for short print-out
     10  il2,   prints every il2 th node in long print-out
     10  il3,   prints every il3 th time step in long print-out
      1  lflag, 0 for electrolyte in separator only, 1 for uniform
      0  imp, 0 for no impedance, 1 for impedance
   0.00  capp1,  capacitance of negative material (F/m2)
   0.00  capp3,  capacitance of positive material (F/m2)
      2  lcurs, number of current changes
  
 MCMB 2528 Graphite (Bellcore)
 LiPF6 in EC:DMC
 LiCoO2 (Cobalt dioxide)
 open-circuit potential, negative   0.178978294
 delta S negative   0.
 open-circuit potential, positive   4.24165195
 delta S positive   0.
  
      DUAL INSERTION CELL VERSION 5.1
  
   Time     Util N  Util P  Cell Pot   Uocp      Curr      Temp   heatgen
   (min)       x       y      (V)       (V)      (A/m2)    (C)    (W/m2)
  
    0.000, 0.6000, 0.5000,  4.06267,  4.06267,     0.00,  24.85,   0.00, 
    0.001, 0.6000, 0.5000,  4.06267,  4.06267,     0.00,  24.85,   0.00, 
    0.001, 0.6000, 0.5000,  4.06267,  4.06267,     0.00,  24.85,   0.00, 
    0.001, 0.6000, 0.5000,  4.06267,  4.06267,     0.00,  24.85,   0.00, 
    0.002, 0.6000, 0.5000,  4.06267,  4.06267,     0.00,  24.85,   0.00, 
    0.002, 0.6000, 0.5000,  4.06267,  4.06267,     0.00,  24.85,   0.00, 
    0.003, 0.6000, 0.5000,  4.06267,  4.06267,     0.00,  24.85,   0.00, 
    0.003, 0.6000, 0.5000,  4.06267,  4.06267,     0.00,  24.85,   0.00, 
    0.004, 0.6000, 0.5000,  4.06267,  4.06267,     0.00,  24.85,   0.00, 
    0.005, 0.6000, 0.5000,  4.06267,  4.06267,     0.00,  24.85,   0.00, 
    0.006, 0.6000, 0.5000,  4.06267,  4.06267,     0.00,  24.85,   0.00, 
    0.007, 0.6000, 0.5000,  4.06267,  4.06267,     0.00,  24.85,   0.00, 
    0.007, 0.6000, 0.5000,  4.06267,  4.06267,     0.00,  24.85,   0.00, 
    0.009, 0.6000, 0.5000,  4.06267,  4.06267,     0.00,  24.85,   0.00, 
    0.010, 0.6000, 0.5000,  4.06267,  4.06267,     0.00,  24.85,   0.00, 
    0.011, 0.6000, 0.5000,  4.06267,  4.06267,     0.00,  24.85,   0.00, 
    0.012, 0.6000, 0.5000,  4.06267,  4.06267,     0.00,  24.85,   0.00, 
    0.014, 0.6000, 0.5000,  4.06267,  4.06267,     0.00,  24.85,   0.00, 
    0.016, 0.6000, 0.5000,  4.06267,  4.06267,     0.00,  24.85,   0.00, 
    0.017, 0.6000, 0.5000,  4.06267,  4.06267,     0.00,  24.85,   0.00, 
    0.019, 0.6000, 0.5000,  4.06267,  4.06267,     0.00,  24.85,   0.00, 
    0.022, 0.6000, 0.5000,  4.06267,  4.06267,     0.00,  24.85,   0.00, 
    0.024, 0.6000, 0.5000,  4.06267,  4.06267,     0.00,  24.85,   0.00, 
    0.027, 0.6000, 0.5000,  4.06267,  4.06267,     0.00,  24.85,   0.00, 
    0.030, 0.6000, 0.5000,  4.06267,  4.06267,     0.00,  24.85,   0.00, 
    0.033, 0.6000, 0.5000,  4.06267,  4.06267,     0.00,  24.85,   0.00, 
    0.037, 0.6000, 0.5000,  4.06267,  4.06267,     0.00,  24.85,   0.00, 
    0.041, 0.6000, 0.5000,  4.06267,  4.06267,     0.00,  24.85,   0.00, 
    0.045, 0.6000, 0.5000,  4.06267,  4.06267,     0.00,  24.85,   0.00, 
    0.050, 0.6000, 0.5000,  4.06267,  4.06267,     0.00,  24.85,   0.00, 
    0.055, 0.6000, 0.5000,  4.06267,  4.06267,     0.00,  24.85,   0.00, 
    0.061, 0.6000, 0.5000,  4.06267,  4.06267,     0.00,  24.85,   0.00, 
    0.067, 0.6000, 0.5000,  4.06267,  4.06267,     0.00,  24.85,   0.00, 
    0.074, 0.6000, 0.5000,  4.06267,  4.06267,     0.00,  24.85,   0.00, 
    0.082, 0.6000, 0.5000,  4.06267,  4.06267,     0.00,  24.85,   0.00, 
    0.091, 0.6000, 0.5000,  4.06267,  4.06267,     0.00,  24.85,   0.00, 
    0.100, 0.6000, 0.5000,  4.06267,  4.06267,     0.00,  24.85,   0.00, 
    0.110, 0.6000, 0.5000,  4.06267,  4.06267,     0.00,  24.85,   0.00, 
    0.122, 0.6000, 0.5000,  4.06267,  4.06267,     0.00,  24.85,   0.00, 
    0.134, 0.6000, 0.5000,  4.06267,  4.06267,     0.00,  24.85,   0.00, 
    0.148, 0.6000, 0.5000,  4.06267,  4.06267,     0.00,  24.85,   0.00, 
    0.163, 0.6000, 0.5000,  4.06267,  4.06267,     0.00,  24.85,   0.00, 
    0.180, 0.6000, 0.5000,  4.06267,  4.06267,     0.00,  24.85,   0.00, 
    0.198, 0.6000, 0.5000,  4.06267,  4.06267,     0.00,  24.85,   0.00, 
    0.218, 0.6000, 0.5000,  4.06267,  4.06267,     0.00,  24.85,   0.00, 
    0.240, 0.6000, 0.5000,  4.06267,  4.06267,     0.00,  24.85,   0.00, 
    0.264, 0.6000, 0.5000,  4.06267,  4.06267,     0.00,  24.85,   0.00, 
    0.291, 0.6000, 0.5000,  4.06267,  4.06267,     0.00,  24.85,   0.00, 
    0.320, 0.6000, 0.5000,  4.06267,  4.06267,     0.00,  24.85,   0.00, 
    0.353, 0.6000, 0.5000,  4.06267,  4.06267,     0.00,  24.85,   0.00, 
    0.388, 0.6000, 0.5000,  4.06267,  4.06267,     0.00,  24.85,   0.00, 
    0.427, 0.6000, 0.5000,  4.06267,  4.06267,     0.00,  24.85,   0.00, 
    0.470, 0.6000, 0.5000,  4.06267,  4.06267,     0.00,  24.85,   0.00, 
    0.518, 0.6000, 0.5000,  4.06267,  4.06267,     0.00,  24.85,   0.00, 
    0.570, 0.6000, 0.5000,  4.06267,  4.06267,     0.00,  24.85,   0.00, 
    0.627, 0.6000, 0.5000,  4.06267,  4.06267,     0.00,  24.85,   0.00, 
    0.690, 0.6000, 0.5000,  4.06267,  4.06267,     0.00,  24.85,   0.00, 
    0.760, 0.6000, 0.5000,  4.06267,  4.06267,     0.00,  24.85,   0.00, 
    0.836, 0.6000, 0.5000,  4.06267,  4.06267,     0.00,  24.85,   0.00, 
    0.920, 0.6000, 0.5000,  4.06267,  4.06267,     0.00,  24.85,   0.00, 
    1.000, 0.6000, 0.5000,  4.06267,  4.06267,     0.00,  24.85,   0.00, 
    1.000, 0.6000, 0.5000,  4.05602,  4.06267,     6.00,  24.85,   0.04, 
 specific energy segment =     0.00 W-h/kg
 specific power segment  =     0.00 W/kg
 total heat =          0.0000 W-h/m2
  
    1.000, 0.6000, 0.5000,  4.05602,  4.06267,     6.00,  24.85,   0.04, 
    1.000, 0.6000, 0.5000,  4.05598,  4.06267,     6.00,  24.85,   0.04, 
    1.001, 0.6000, 0.5000,  4.05596,  4.06267,     6.00,  24.85,   0.04, 
    1.001, 0.6000, 0.5000,  4.05594,  4.06267,     6.00,  24.85,   0.04, 
    1.002, 0.6000, 0.5000,  4.05592,  4.06267,     6.00,  24.85,   0.04, 
    1.002, 0.6000, 0.5000,  4.05591,  4.06267,     6.00,  24.85,   0.04, 
    1.003, 0.6000, 0.5000,  4.05589,  4.06267,     6.00,  24.85,   0.04, 
    1.003, 0.6000, 0.5000,  4.05587,  4.06267,     6.00,  24.85,   0.04, 
    1.004, 0.6000, 0.5000,  4.05586,  4.06267,     6.00,  24.85,   0.04, 
    1.005, 0.6000, 0.5000,  4.05584,  4.06267,     6.00,  24.85,   0.04, 
    1.005, 0.6000, 0.5000,  4.05582,  4.06267,     6.00,  24.85,   0.04, 
    1.006, 0.6000, 0.5000,  4.05581,  4.06267,     6.00,  24.85,   0.04, 
    1.007, 0.6000, 0.5000,  4.05579,  4.06266,     6.00,  24.85,   0.04, 
    1.008, 0.6000, 0.5000,  4.05577,  4.06266,     6.00,  24.85,   0.04, 
    1.009, 0.6000, 0.5000,  4.05575,  4.06266,     6.00,  24.85,   0.04, 
    1.011, 0.6000, 0.5000,  4.05573,  4.06266,     6.00,  24.85,   0.04, 
    1.012, 0.6000, 0.5000,  4.05571,  4.06266,     6.00,  24.85,   0.04, 
    1.014, 0.6000, 0.5000,  4.05569,  4.06265,     6.00,  24.85,   0.04, 
    1.015, 0.6000, 0.5000,  4.05566,  4.06265,     6.00,  24.85,   0.04, 
    1.017, 0.6000, 0.5000,  4.05564,  4.06265,     6.00,  24.85,   0.04, 
    1.019, 0.6000, 0.5000,  4.05561,  4.06265,     6.00,  24.85,   0.04, 
    1.021, 0.5999, 0.5000,  4.05558,  4.06264,     6.00,  24.85,   0.04, 
    1.024, 0.5999, 0.5000,  4.05555,  4.06264,     6.00,  24.85,   0.04, 
    1.027, 0.5999, 0.5000,  4.05552,  4.06264,     6.00,  24.85,   0.04, 
    1.029, 0.5999, 0.5000,  4.05549,  4.06263,     6.00,  24.85,   0.04, 
    1.033, 0.5999, 0.5000,  4.05546,  4.06263,     6.00,  24.85,   0.04, 
    1.036, 0.5999, 0.5001,  4.05542,  4.06262,     6.00,  24.85,   0.04, 
    1.040, 0.5999, 0.5001,  4.05538,  4.06262,     6.00,  24.85,   0.04, 
    1.045, 0.5999, 0.5001,  4.05534,  4.06261,     6.00,  24.85,   0.04, 
    1.050, 0.5999, 0.5001,  4.05530,  4.06260,     6.00,  24.85,   0.04, 
    1.055, 0.5999, 0.5001,  4.05526,  4.06260,     6.00,  24.85,   0.04, 
    1.061, 0.5998, 0.5001,  4.05521,  4.06259,     6.00,  24.85,   0.04, 
    1.067, 0.5998, 0.5001,  4.05516,  4.06258,     6.00,  24.85,   0.04, 
    1.074, 0.5998, 0.5001,  4.05511,  4.06257,     6.00,  24.85,   0.04, 
    1.082, 0.5998, 0.5001,  4.05505,  4.06256,     6.00,  24.85,   0.05, 
    1.090, 0.5998, 0.5001,  4.05500,  4.06255,     6.00,  24.85,   0.05, 
    1.100, 0.5998, 0.5001,  4.05493,  4.06253,     6.00,  24.85,   0.05, 
    1.110, 0.5997, 0.5002,  4.05487,  4.06252,     6.00,  24.85,   0.05, 
    1.121, 0.5997, 0.5002,  4.05480,  4.06250,     6.00,  24.85,   0.05, 
    1.134, 0.5997, 0.5002,  4.05473,  4.06249,     6.00,  24.85,   0.05, 
    1.148, 0.5996, 0.5002,  4.05465,  4.06247,     6.00,  24.85,   0.05, 
    1.163, 0.5996, 0.5002,  4.05457,  4.06245,     6.00,  24.85,   0.05, 
    1.179, 0.5996, 0.5003,  4.05448,  4.06242,     6.00,  24.85,   0.05, 
    1.197, 0.5995, 0.5003,  4.05439,  4.06240,     6.00,  24.85,   0.05, 
    1.218, 0.5995, 0.5003,  4.05430,  4.06237,     6.00,  24.85,   0.05, 
    1.240, 0.5994, 0.5003,  4.05420,  4.06234,     6.00,  24.85,   0.05, 
    1.264, 0.5993, 0.5004,  4.05409,  4.06231,     6.00,  24.85,   0.05, 
    1.291, 0.5993, 0.5004,  4.05398,  4.06227,     6.00,  24.85,   0.05, 
    1.320, 0.5992, 0.5005,  4.05387,  4.06223,     6.00,  24.85,   0.05, 
    1.352, 0.5991, 0.5005,  4.05374,  4.06218,     6.00,  24.85,   0.05, 
    1.388, 0.5990, 0.5006,  4.05362,  4.06213,     6.00,  24.85,   0.05, 
    1.427, 0.5989, 0.5006,  4.05348,  4.06208,     6.00,  24.85,   0.05, 
    1.470, 0.5988, 0.5007,  4.05334,  4.06202,     6.00,  24.85,   0.05, 
    1.517, 0.5987, 0.5008,  4.05320,  4.06196,     6.00,  24.85,   0.05, 
    1.570, 0.5986, 0.5008,  4.05305,  4.06188,     6.00,  24.85,   0.05, 
    1.627, 0.5984, 0.5009,  4.05289,  4.06181,     6.00,  24.85,   0.05, 
    1.690, 0.5983, 0.5010,  4.05273,  4.06172,     6.00,  24.85,   0.05, 
    1.759, 0.5981, 0.5011,  4.05256,  4.06162,     6.00,  24.85,   0.05, 
    1.835, 0.5979, 0.5012,  4.05239,  4.06152,     6.00,  24.85,   0.05, 
    1.919, 0.5977, 0.5013,  4.05221,  4.06141,     6.00,  24.85,   0.05, 
    2.012, 0.5975, 0.5015,  4.05202,  4.06128,     6.00,  24.85,   0.06, 
    2.113, 0.5972, 0.5016,  4.05182,  4.06114,     6.00,  24.85,   0.06, 
    2.225, 0.5970, 0.5018,  4.05161,  4.06099,     6.00,  24.85,   0.06, 
    2.348, 0.5966, 0.5020,  4.05139,  4.06083,     6.00,  24.85,   0.06, 
    2.483, 0.5963, 0.5022,  4.05116,  4.06065,     6.00,  24.85,   0.06, 
    2.631, 0.5959, 0.5024,  4.05092,  4.06045,     6.00,  24.85,   0.06, 
    2.795, 0.5955, 0.5026,  4.05066,  4.06023,     6.00,  24.85,   0.06, 
    2.974, 0.5951, 0.5029,  4.05038,  4.05999,     6.00,  24.85,   0.06, 
    3.172, 0.5946, 0.5032,  4.05009,  4.05973,     6.00,  24.85,   0.06, 
    3.390, 0.5941, 0.5035,  4.04977,  4.05945,     6.00,  24.85,   0.06, 
    3.629, 0.5935, 0.5038,  4.04942,  4.05914,     6.00,  24.85,   0.06, 
    3.892, 0.5928, 0.5042,  4.04905,  4.05880,     6.00,  24.85,   0.06, 
    4.182, 0.5921, 0.5046,  4.04864,  4.05843,     6.00,  24.85,   0.06, 
    4.501, 0.5913, 0.5051,  4.04820,  4.05802,     6.00,  24.85,   0.06, 
    4.851, 0.5904, 0.5056,  4.04773,  4.05758,     6.00,  24.85,   0.06, 
    5.236, 0.5895, 0.5062,  4.04721,  4.05710,     6.00,  24.85,   0.06, 
    5.660, 0.5884, 0.5068,  4.04664,  4.05657,     6.00,  24.85,   0.06, 
    6.127, 0.5872, 0.5075,  4.04602,  4.05600,     6.00,  24.85,   0.06, 
    6.640, 0.5860, 0.5082,  4.04533,  4.05538,     6.00,  24.85,   0.06, 
    7.153, 0.5847, 0.5090,  4.04464,  4.05476,     6.00,  24.85,   0.06, 
    7.666, 0.5834, 0.5097,  4.04395,  4.05414,     6.00,  24.85,   0.06, 
    8.179, 0.5821, 0.5105,  4.04324,  4.05351,     6.00,  24.85,   0.06, 
    8.692, 0.5809, 0.5112,  4.04250,  4.05288,     6.00,  24.85,   0.06, 
    9.205, 0.5796, 0.5120,  4.04174,  4.05224,     6.00,  24.85,   0.06, 
    9.718, 0.5783, 0.5127,  4.04093,  4.05157,     6.00,  24.85,   0.06, 
   10.231, 0.5770, 0.5134,  4.04006,  4.05088,     6.00,  24.85,   0.06, 
   10.744, 0.5757, 0.5142,  4.03913,  4.05015,     6.00,  24.85,   0.07, 
   11.257, 0.5745, 0.5149,  4.03810,  4.04936,     6.00,  24.85,   0.07, 
   11.770, 0.5732, 0.5157,  4.03696,  4.04850,     6.00,  24.85,   0.07, 
   12.283, 0.5719, 0.5164,  4.03569,  4.04756,     6.00,  24.85,   0.07, 
   12.796, 0.5706, 0.5172,  4.03425,  4.04650,     6.00,  24.85,   0.07, 
   13.309, 0.5694, 0.5179,  4.03262,  4.04530,     6.00,  24.85,   0.08, 
   13.822, 0.5681, 0.5187,  4.03078,  4.04394,     6.00,  24.85,   0.08, 
   14.335, 0.5668, 0.5194,  4.02870,  4.04239,     6.00,  24.85,   0.08, 
   14.848, 0.5655, 0.5202,  4.02638,  4.04062,     6.00,  24.85,   0.09, 
   15.361, 0.5643, 0.5209,  4.02383,  4.03861,     6.00,  24.85,   0.09, 
   15.874, 0.5630, 0.5217,  4.02106,  4.03636,     6.00,  24.85,   0.09, 
   16.387, 0.5617, 0.5224,  4.01812,  4.03386,     6.00,  24.85,   0.09, 
   16.900, 0.5604, 0.5232,  4.01510,  4.03114,     6.00,  24.85,   0.10, 
   17.413, 0.5591, 0.5239,  4.01205,  4.02825,     6.00,  24.85,   0.10, 
   17.926, 0.5579, 0.5247,  4.00906,  4.02525,     6.00,  24.85,   0.10, 
   18.439, 0.5566, 0.5254,  4.00621,  4.02221,     6.00,  24.85,   0.10, 
   18.952, 0.5553, 0.5262,  4.00356,  4.01923,     6.00,  24.85,   0.09, 
   19.465, 0.5540, 0.5269,  4.00114,  4.01637,     6.00,  24.85,   0.09, 
   19.978, 0.5528, 0.5276,  3.99897,  4.01370,     6.00,  24.85,   0.09, 
   20.491, 0.5515, 0.5284,  3.99705,  4.01125,     6.00,  24.85,   0.09, 
   21.004, 0.5502, 0.5291,  3.99538,  4.00906,     6.00,  24.85,   0.08, 
   21.517, 0.5489, 0.5299,  3.99391,  4.00712,     6.00,  24.85,   0.08, 
   22.030, 0.5477, 0.5306,  3.99264,  4.00542,     6.00,  24.85,   0.08, 
   22.543, 0.5464, 0.5314,  3.99152,  4.00394,     6.00,  24.85,   0.08, 
   23.056, 0.5451, 0.5321,  3.99052,  4.00265,     6.00,  24.85,   0.07, 
   23.569, 0.5438, 0.5329,  3.98962,  4.00153,     6.00,  24.85,   0.07, 
   24.082, 0.5425, 0.5336,  3.98880,  4.00054,     6.00,  24.85,   0.07, 
   24.595, 0.5413, 0.5344,  3.98803,  3.99965,     6.00,  24.85,   0.07, 
   25.108, 0.5400, 0.5351,  3.98729,  3.99884,     6.00,  24.85,   0.07, 
   25.621, 0.5387, 0.5359,  3.98657,  3.99810,     6.00,  24.85,   0.07, 
   26.134, 0.5374, 0.5366,  3.98585,  3.99739,     6.00,  24.85,   0.07, 
   26.647, 0.5362, 0.5374,  3.98512,  3.99670,     6.00,  24.85,   0.07, 
   27.160, 0.5349, 0.5381,  3.98438,  3.99603,     6.00,  24.85,   0.07, 
   27.673, 0.5336, 0.5389,  3.98361,  3.99535,     6.00,  24.85,   0.07, 
   28.186, 0.5323, 0.5396,  3.98280,  3.99466,     6.00,  24.85,   0.07, 
   28.699, 0.5311, 0.5404,  3.98196,  3.99394,     6.00,  24.85,   0.07, 
   29.212, 0.5298, 0.5411,  3.98107,  3.99320,     6.00,  24.85,   0.07, 
   29.725, 0.5285, 0.5418,  3.98012,  3.99242,     6.00,  24.85,   0.07, 
   30.238, 0.5272, 0.5426,  3.97912,  3.99159,     6.00,  24.85,   0.08, 
   30.751, 0.5259, 0.5433,  3.97806,  3.99071,     6.00,  24.85,   0.08, 
   31.264, 0.5247, 0.5441,  3.97693,  3.98978,     6.00,  24.85,   0.08, 
   31.777, 0.5234, 0.5448,  3.97573,  3.98879,     6.00,  24.85,   0.08, 
   32.290, 0.5221, 0.5456,  3.97446,  3.98772,     6.00,  24.85,   0.08, 
   32.803, 0.5208, 0.5463,  3.97311,  3.98659,     6.00,  24.85,   0.08, 
   33.316, 0.5196, 0.5471,  3.97168,  3.98538,     6.00,  24.85,   0.08, 
   33.829, 0.5183, 0.5478,  3.97016,  3.98409,     6.00,  24.85,   0.08, 
   34.342, 0.5170, 0.5486,  3.96855,  3.98271,     6.00,  24.85,   0.09, 
   34.855, 0.5157, 0.5493,  3.96685,  3.98125,     6.00,  24.85,   0.09, 
   35.368, 0.5145, 0.5501,  3.96506,  3.97969,     6.00,  24.85,   0.09, 
   35.881, 0.5132, 0.5508,  3.96317,  3.97804,     6.00,  24.85,   0.09, 
   36.394, 0.5119, 0.5516,  3.96118,  3.97629,     6.00,  24.85,   0.09, 
   36.907, 0.5106, 0.5523,  3.95910,  3.97444,     6.00,  24.85,   0.09, 
   37.420, 0.5094, 0.5531,  3.95692,  3.97249,     6.00,  24.85,   0.09, 
   37.933, 0.5081, 0.5538,  3.95465,  3.97044,     6.00,  24.85,   0.10, 
   38.446, 0.5068, 0.5546,  3.95228,  3.96829,     6.00,  24.85,   0.10, 
   38.959, 0.5055, 0.5553,  3.94982,  3.96604,     6.00,  24.85,   0.10, 
   39.472, 0.5042, 0.5561,  3.94728,  3.96369,     6.00,  24.85,   0.10, 
   39.984, 0.5030, 0.5568,  3.94465,  3.96124,     6.00,  24.85,   0.10, 
   40.497, 0.5017, 0.5575,  3.94194,  3.95870,     6.00,  24.85,   0.10, 
   41.010, 0.5004, 0.5583,  3.93915,  3.95607,     6.00,  24.85,   0.10, 
   41.523, 0.4991, 0.5590,  3.93630,  3.95335,     6.00,  24.85,   0.10, 
   42.036, 0.4979, 0.5598,  3.93339,  3.95056,     6.00,  24.85,   0.10, 
   42.549, 0.4966, 0.5605,  3.93043,  3.94769,     6.00,  24.85,   0.10, 
   43.062, 0.4953, 0.5613,  3.92743,  3.94476,     6.00,  24.85,   0.10, 
   43.575, 0.4940, 0.5620,  3.92439,  3.94177,     6.00,  24.85,   0.10, 
   44.088, 0.4928, 0.5628,  3.92133,  3.93873,     6.00,  24.85,   0.10, 
   44.601, 0.4915, 0.5635,  3.91825,  3.93565,     6.00,  24.85,   0.10, 
   45.114, 0.4902, 0.5643,  3.91517,  3.93255,     6.00,  24.85,   0.10, 
   45.627, 0.4889, 0.5650,  3.91210,  3.92943,     6.00,  24.85,   0.10, 
   46.140, 0.4876, 0.5658,  3.90904,  3.92629,     6.00,  24.85,   0.10, 
   46.653, 0.4864, 0.5665,  3.90601,  3.92316,     6.00,  24.85,   0.10, 
   47.166, 0.4851, 0.5673,  3.90301,  3.92005,     6.00,  24.85,   0.10, 
   47.679, 0.4838, 0.5680,  3.90005,  3.91695,     6.00,  24.85,   0.10, 
   48.192, 0.4825, 0.5688,  3.89715,  3.91389,     6.00,  24.85,   0.10, 
   48.705, 0.4813, 0.5695,  3.89431,  3.91087,     6.00,  24.85,   0.10, 
   49.218, 0.4800, 0.5703,  3.89153,  3.90790,     6.00,  24.85,   0.10, 
   49.731, 0.4787, 0.5710,  3.88883,  3.90498,     6.00,  24.85,   0.10, 
   50.244, 0.4774, 0.5717,  3.88620,  3.90214,     6.00,  24.85,   0.10, 
   50.757, 0.4762, 0.5725,  3.88366,  3.89936,     6.00,  24.85,   0.09, 
   51.270, 0.4749, 0.5732,  3.88121,  3.89667,     6.00,  24.85,   0.09, 
   51.783, 0.4736, 0.5740,  3.87884,  3.89406,     6.00,  24.85,   0.09, 
   52.296, 0.4723, 0.5747,  3.87656,  3.89153,     6.00,  24.85,   0.09, 
   52.809, 0.4710, 0.5755,  3.87438,  3.88909,     6.00,  24.85,   0.09, 
   53.322, 0.4698, 0.5762,  3.87228,  3.88675,     6.00,  24.85,   0.09, 
   53.835, 0.4685, 0.5770,  3.87028,  3.88450,     6.00,  24.85,   0.09, 
   54.348, 0.4672, 0.5777,  3.86837,  3.88234,     6.00,  24.85,   0.08, 
   54.861, 0.4659, 0.5785,  3.86655,  3.88028,     6.00,  24.85,   0.08, 
   55.374, 0.4647, 0.5792,  3.86482,  3.87831,     6.00,  24.85,   0.08, 
   55.887, 0.4634, 0.5800,  3.86317,  3.87642,     6.00,  24.85,   0.08, 
   56.400, 0.4621, 0.5807,  3.86160,  3.87463,     6.00,  24.85,   0.08, 
   56.913, 0.4608, 0.5815,  3.86010,  3.87293,     6.00,  24.85,   0.08, 
   57.426, 0.4596, 0.5822,  3.85869,  3.87131,     6.00,  24.85,   0.08, 
   57.939, 0.4583, 0.5830,  3.85734,  3.86977,     6.00,  24.85,   0.07, 
   58.452, 0.4570, 0.5837,  3.85606,  3.86830,     6.00,  24.85,   0.07, 
   58.965, 0.4557, 0.5845,  3.85484,  3.86691,     6.00,  24.85,   0.07, 
   59.478, 0.4544, 0.5852,  3.85369,  3.86559,     6.00,  24.85,   0.07, 
   59.991, 0.4532, 0.5859,  3.85258,  3.86434,     6.00,  24.85,   0.07, 
   60.504, 0.4519, 0.5867,  3.85153,  3.86314,     6.00,  24.85,   0.07, 
   61.017, 0.4506, 0.5874,  3.85053,  3.86201,     6.00,  24.85,   0.07, 
   61.530, 0.4493, 0.5882,  3.84957,  3.86093,     6.00,  24.85,   0.07, 
   62.043, 0.4481, 0.5889,  3.84864,  3.85989,     6.00,  24.85,   0.07, 
   62.556, 0.4468, 0.5897,  3.84776,  3.85891,     6.00,  24.85,   0.07, 
   63.069, 0.4455, 0.5904,  3.84691,  3.85796,     6.00,  24.85,   0.07, 
   63.582, 0.4442, 0.5912,  3.84609,  3.85706,     6.00,  24.85,   0.07, 
   64.095, 0.4430, 0.5919,  3.84529,  3.85619,     6.00,  24.85,   0.06, 
   64.608, 0.4417, 0.5927,  3.84452,  3.85535,     6.00,  24.85,   0.06, 
   65.121, 0.4404, 0.5934,  3.84377,  3.85454,     6.00,  24.85,   0.06, 
   65.634, 0.4391, 0.5942,  3.84304,  3.85375,     6.00,  24.85,   0.06, 
   66.147, 0.4378, 0.5949,  3.84233,  3.85299,     6.00,  24.85,   0.06, 
   66.660, 0.4366, 0.5957,  3.84162,  3.85225,     6.00,  24.85,   0.06, 
   67.173, 0.4353, 0.5964,  3.84094,  3.85153,     6.00,  24.85,   0.06, 
   67.686, 0.4340, 0.5972,  3.84026,  3.85083,     6.00,  24.85,   0.06, 
   68.199, 0.4327, 0.5979,  3.83959,  3.85013,     6.00,  24.85,   0.06, 
   68.712, 0.4315, 0.5987,  3.83893,  3.84945,     6.00,  24.85,   0.06, 
   69.225, 0.4302, 0.5994,  3.83827,  3.84878,     6.00,  24.85,   0.06, 
   69.738, 0.4289, 0.6001,  3.83762,  3.84811,     6.00,  24.85,   0.06, 
   70.251, 0.4276, 0.6009,  3.83697,  3.84745,     6.00,  24.85,   0.06, 
   70.764, 0.4264, 0.6016,  3.83632,  3.84680,     6.00,  24.85,   0.06, 
   71.277, 0.4251, 0.6024,  3.83567,  3.84615,     6.00,  24.85,   0.06, 
   71.790, 0.4238, 0.6031,  3.83502,  3.84550,     6.00,  24.85,   0.06, 
   72.303, 0.4225, 0.6039,  3.83437,  3.84485,     6.00,  24.85,   0.06, 
   72.816, 0.4212, 0.6046,  3.83372,  3.84421,     6.00,  24.85,   0.06, 
   73.329, 0.4200, 0.6054,  3.83307,  3.84356,     6.00,  24.85,   0.06, 
   73.842, 0.4187, 0.6061,  3.83241,  3.84291,     6.00,  24.85,   0.06, 
   74.355, 0.4174, 0.6069,  3.83175,  3.84226,     6.00,  24.85,   0.06, 
   74.868, 0.4161, 0.6076,  3.83109,  3.84160,     6.00,  24.85,   0.06, 
   75.381, 0.4149, 0.6084,  3.83042,  3.84094,     6.00,  24.85,   0.06, 
   75.894, 0.4136, 0.6091,  3.82974,  3.84028,     6.00,  24.85,   0.06, 
   76.407, 0.4123, 0.6099,  3.82907,  3.83961,     6.00,  24.85,   0.06, 
   76.920, 0.4110, 0.6106,  3.82838,  3.83894,     6.00,  24.85,   0.06, 
   77.433, 0.4098, 0.6114,  3.82770,  3.83826,     6.00,  24.85,   0.06, 
   77.946, 0.4085, 0.6121,  3.82700,  3.83757,     6.00,  24.85,   0.06, 
   78.459, 0.4072, 0.6129,  3.82631,  3.83688,     6.00,  24.85,   0.06, 
   78.972, 0.4059, 0.6136,  3.82560,  3.83619,     6.00,  24.85,   0.06, 
   79.485, 0.4046, 0.6143,  3.82489,  3.83548,     6.00,  24.85,   0.06, 
   79.998, 0.4034, 0.6151,  3.82418,  3.83478,     6.00,  24.85,   0.06, 
   80.511, 0.4021, 0.6158,  3.82346,  3.83406,     6.00,  24.85,   0.06, 
   81.024, 0.4008, 0.6166,  3.82273,  3.83334,     6.00,  24.85,   0.06, 
   81.537, 0.3995, 0.6173,  3.82200,  3.83261,     6.00,  24.85,   0.06, 
   82.050, 0.3983, 0.6181,  3.82127,  3.83188,     6.00,  24.85,   0.06, 
   82.563, 0.3970, 0.6188,  3.82053,  3.83114,     6.00,  24.85,   0.06, 
   83.076, 0.3957, 0.6196,  3.81979,  3.83040,     6.00,  24.85,   0.06, 
   83.589, 0.3944, 0.6203,  3.81904,  3.82964,     6.00,  24.85,   0.06, 
   84.102, 0.3932, 0.6211,  3.81829,  3.82889,     6.00,  24.85,   0.06, 
   84.615, 0.3919, 0.6218,  3.81754,  3.82812,     6.00,  24.85,   0.06, 
   85.128, 0.3906, 0.6226,  3.81678,  3.82736,     6.00,  24.85,   0.06, 
   85.641, 0.3893, 0.6233,  3.81602,  3.82658,     6.00,  24.85,   0.06, 
   86.154, 0.3880, 0.6241,  3.81526,  3.82580,     6.00,  24.85,   0.06, 
   86.667, 0.3868, 0.6248,  3.81449,  3.82502,     6.00,  24.85,   0.06, 
   87.180, 0.3855, 0.6256,  3.81372,  3.82423,     6.00,  24.85,   0.06, 
   87.693, 0.3842, 0.6263,  3.81294,  3.82344,     6.00,  24.85,   0.06, 
   88.206, 0.3829, 0.6271,  3.81216,  3.82264,     6.00,  24.85,   0.06, 
   88.719, 0.3817, 0.6278,  3.81138,  3.82184,     6.00,  24.85,   0.06, 
   89.232, 0.3804, 0.6285,  3.81058,  3.82103,     6.00,  24.85,   0.06, 
   89.745, 0.3791, 0.6293,  3.80979,  3.82022,     6.00,  24.85,   0.06, 
   90.258, 0.3778, 0.6300,  3.80899,  3.81941,     6.00,  24.85,   0.06, 
   90.771, 0.3766, 0.6308,  3.80818,  3.81860,     6.00,  24.85,   0.06, 
   91.284, 0.3753, 0.6315,  3.80737,  3.81778,     6.00,  24.85,   0.06, 
   91.797, 0.3740, 0.6323,  3.80655,  3.81696,     6.00,  24.85,   0.06, 
   92.310, 0.3727, 0.6330,  3.80573,  3.81613,     6.00,  24.85,   0.06, 
   92.823, 0.3714, 0.6338,  3.80490,  3.81531,     6.00,  24.85,   0.06, 
   93.336, 0.3702, 0.6345,  3.80408,  3.81448,     6.00,  24.85,   0.06, 
   93.849, 0.3689, 0.6353,  3.80324,  3.81365,     6.00,  24.85,   0.06, 
   94.362, 0.3676, 0.6360,  3.80241,  3.81282,     6.00,  24.85,   0.06, 
   94.875, 0.3663, 0.6368,  3.80157,  3.81199,     6.00,  24.85,   0.06, 
   95.388, 0.3651, 0.6375,  3.80073,  3.81116,     6.00,  24.85,   0.06, 
   95.901, 0.3638, 0.6383,  3.79989,  3.81032,     6.00,  24.85,   0.06, 
   96.414, 0.3625, 0.6390,  3.79904,  3.80949,     6.00,  24.85,   0.06, 
   96.927, 0.3612, 0.6398,  3.79819,  3.80866,     6.00,  24.85,   0.06, 
   97.440, 0.3600, 0.6405,  3.79735,  3.80782,     6.00,  24.85,   0.06, 
   97.953, 0.3587, 0.6413,  3.79649,  3.80699,     6.00,  24.85,   0.06, 
   98.466, 0.3574, 0.6420,  3.79564,  3.80615,     6.00,  24.85,   0.06, 
   98.979, 0.3561, 0.6427,  3.79479,  3.80532,     6.00,  24.85,   0.06, 
   99.492, 0.3548, 0.6435,  3.79394,  3.80449,     6.00,  24.85,   0.06, 
  100.005, 0.3536, 0.6442,  3.79308,  3.80366,     6.00,  24.85,   0.06, 
  100.518, 0.3523, 0.6450,  3.79223,  3.80283,     6.00,  24.85,   0.06, 
  101.031, 0.3510, 0.6457,  3.79137,  3.80200,     6.00,  24.85,   0.06, 
  101.544, 0.3497, 0.6465,  3.79052,  3.80117,     6.00,  24.85,   0.06, 
  102.057, 0.3485, 0.6472,  3.78966,  3.80034,     6.00,  24.85,   0.06, 
  102.570, 0.3472, 0.6480,  3.78881,  3.79952,     6.00,  24.85,   0.06, 
  103.083, 0.3459, 0.6487,  3.78795,  3.79870,     6.00,  24.85,   0.07, 
  103.596, 0.3446, 0.6495,  3.78710,  3.79788,     6.00,  24.85,   0.07, 
  104.109, 0.3434, 0.6502,  3.78624,  3.79706,     6.00,  24.85,   0.07, 
  104.622, 0.3421, 0.6510,  3.78539,  3.79624,     6.00,  24.85,   0.07, 
  105.135, 0.3408, 0.6517,  3.78454,  3.79543,     6.00,  24.85,   0.07, 
  105.648, 0.3395, 0.6525,  3.78369,  3.79462,     6.00,  24.85,   0.07, 
  106.161, 0.3382, 0.6532,  3.78284,  3.79381,     6.00,  24.85,   0.07, 
  106.674, 0.3370, 0.6540,  3.78199,  3.79300,     6.00,  24.85,   0.07, 
  107.187, 0.3357, 0.6547,  3.78114,  3.79220,     6.00,  24.85,   0.07, 
  107.700, 0.3344, 0.6555,  3.78030,  3.79140,     6.00,  24.85,   0.07, 
  108.213, 0.3331, 0.6562,  3.77945,  3.79060,     6.00,  24.85,   0.07, 
  108.726, 0.3319, 0.6570,  3.77861,  3.78980,     6.00,  24.85,   0.07, 
  109.239, 0.3306, 0.6577,  3.77777,  3.78901,     6.00,  24.85,   0.07, 
  109.752, 0.3293, 0.6584,  3.77693,  3.78822,     6.00,  24.85,   0.07, 
  110.265, 0.3280, 0.6592,  3.77610,  3.78743,     6.00,  24.85,   0.07, 
  110.778, 0.3268, 0.6599,  3.77526,  3.78665,     6.00,  24.85,   0.07, 
  111.291, 0.3255, 0.6607,  3.77443,  3.78587,     6.00,  24.85,   0.07, 
  111.804, 0.3242, 0.6614,  3.77360,  3.78509,     6.00,  24.85,   0.07, 
  112.317, 0.3229, 0.6622,  3.77278,  3.78431,     6.00,  24.85,   0.07, 
  112.830, 0.3216, 0.6629,  3.77195,  3.78354,     6.00,  24.85,   0.07, 
  113.343, 0.3204, 0.6637,  3.77113,  3.78277,     6.00,  24.85,   0.07, 
  113.856, 0.3191, 0.6644,  3.77031,  3.78200,     6.00,  24.85,   0.07, 
  114.369, 0.3178, 0.6652,  3.76950,  3.78124,     6.00,  24.85,   0.07, 
  114.882, 0.3165, 0.6659,  3.76868,  3.78048,     6.00,  24.85,   0.07, 
  115.395, 0.3153, 0.6667,  3.76787,  3.77972,     6.00,  24.85,   0.07, 
  115.908, 0.3140, 0.6674,  3.76707,  3.77896,     6.00,  24.85,   0.07, 
  116.421, 0.3127, 0.6682,  3.76626,  3.77820,     6.00,  24.85,   0.07, 
  116.934, 0.3114, 0.6689,  3.76546,  3.77745,     6.00,  24.85,   0.07, 
  117.447, 0.3102, 0.6697,  3.76467,  3.77670,     6.00,  24.85,   0.07, 
  117.960, 0.3089, 0.6704,  3.76387,  3.77595,     6.00,  24.85,   0.07, 
  118.473, 0.3076, 0.6712,  3.76308,  3.77520,     6.00,  24.85,   0.07, 
  118.986, 0.3063, 0.6719,  3.76229,  3.77446,     6.00,  24.85,   0.07, 
  119.499, 0.3050, 0.6726,  3.76151,  3.77371,     6.00,  24.85,   0.07, 
  120.012, 0.3038, 0.6734,  3.76073,  3.77297,     6.00,  24.85,   0.07, 
  120.525, 0.3025, 0.6741,  3.75995,  3.77222,     6.00,  24.85,   0.07, 
  121.038, 0.3012, 0.6749,  3.75918,  3.77148,     6.00,  24.85,   0.07, 
  121.551, 0.2999, 0.6756,  3.75841,  3.77074,     6.00,  24.85,   0.07, 
  122.064, 0.2987, 0.6764,  3.75764,  3.77000,     6.00,  24.85,   0.07, 
  122.577, 0.2974, 0.6771,  3.75688,  3.76925,     6.00,  24.85,   0.07, 
  123.090, 0.2961, 0.6779,  3.75612,  3.76851,     6.00,  24.85,   0.07, 
  123.603, 0.2948, 0.6786,  3.75536,  3.76777,     6.00,  24.85,   0.07, 
  124.116, 0.2936, 0.6794,  3.75461,  3.76703,     6.00,  24.85,   0.07, 
  124.629, 0.2923, 0.6801,  3.75386,  3.76629,     6.00,  24.85,   0.07, 
  125.142, 0.2910, 0.6809,  3.75311,  3.76554,     6.00,  24.85,   0.07, 
  125.655, 0.2897, 0.6816,  3.75236,  3.76480,     6.00,  24.85,   0.07, 
  126.168, 0.2885, 0.6824,  3.75162,  3.76405,     6.00,  24.85,   0.07, 
  126.681, 0.2872, 0.6831,  3.75088,  3.76330,     6.00,  24.85,   0.07, 
  127.194, 0.2859, 0.6839,  3.75014,  3.76255,     6.00,  24.85,   0.07, 
  127.707, 0.2846, 0.6846,  3.74940,  3.76180,     6.00,  24.85,   0.08, 
  128.220, 0.2833, 0.6854,  3.74866,  3.76104,     6.00,  24.85,   0.08, 
  128.733, 0.2821, 0.6861,  3.74792,  3.76029,     6.00,  24.85,   0.08, 
  129.246, 0.2808, 0.6868,  3.74718,  3.75953,     6.00,  24.85,   0.08, 
  129.759, 0.2795, 0.6876,  3.74643,  3.75876,     6.00,  24.85,   0.08, 
  130.272, 0.2782, 0.6883,  3.74568,  3.75800,     6.00,  24.85,   0.08, 
  130.785, 0.2770, 0.6891,  3.74492,  3.75723,     6.00,  24.85,   0.08, 
  131.298, 0.2757, 0.6898,  3.74416,  3.75646,     6.00,  24.85,   0.08, 
  131.811, 0.2744, 0.6906,  3.74338,  3.75568,     6.00,  24.85,   0.08, 
  132.324, 0.2731, 0.6913,  3.74261,  3.75490,     6.00,  24.85,   0.08, 
  132.837, 0.2719, 0.6921,  3.74182,  3.75411,     6.00,  24.85,   0.08, 
  133.350, 0.2706, 0.6928,  3.74102,  3.75332,     6.00,  24.85,   0.08, 
  133.863, 0.2693, 0.6936,  3.74022,  3.75253,     6.00,  24.85,   0.08, 
  134.376, 0.2680, 0.6943,  3.73941,  3.75173,     6.00,  24.85,   0.08, 
  134.889, 0.2667, 0.6951,  3.73859,  3.75092,     6.00,  24.85,   0.08, 
  135.402, 0.2655, 0.6958,  3.73776,  3.75011,     6.00,  24.85,   0.08, 
  135.915, 0.2642, 0.6966,  3.73693,  3.74930,     6.00,  24.85,   0.08, 
  136.428, 0.2629, 0.6973,  3.73608,  3.74848,     6.00,  24.85,   0.08, 
  136.941, 0.2616, 0.6981,  3.73523,  3.74765,     6.00,  24.85,   0.08, 
  137.454, 0.2604, 0.6988,  3.73437,  3.74682,     6.00,  24.85,   0.08, 
  137.967, 0.2591, 0.6996,  3.73350,  3.74598,     6.00,  24.85,   0.08, 
  138.480, 0.2578, 0.7003,  3.73262,  3.74513,     6.00,  24.85,   0.08, 
  138.993, 0.2565, 0.7010,  3.73174,  3.74428,     6.00,  24.85,   0.08, 
  139.506, 0.2553, 0.7018,  3.73085,  3.74343,     6.00,  24.85,   0.08, 
  140.019, 0.2540, 0.7025,  3.72995,  3.74256,     6.00,  24.85,   0.08, 
  140.532, 0.2527, 0.7033,  3.72904,  3.74170,     6.00,  24.85,   0.08, 
  141.045, 0.2514, 0.7040,  3.72812,  3.74082,     6.00,  24.85,   0.08, 
  141.558, 0.2501, 0.7048,  3.72720,  3.73994,     6.00,  24.85,   0.08, 
  142.071, 0.2489, 0.7055,  3.72627,  3.73905,     6.00,  24.85,   0.08, 
  142.584, 0.2476, 0.7063,  3.72533,  3.73815,     6.00,  24.85,   0.08, 
  143.097, 0.2463, 0.7070,  3.72438,  3.73725,     6.00,  24.85,   0.08, 
  143.610, 0.2450, 0.7078,  3.72343,  3.73634,     6.00,  24.85,   0.08, 
  144.123, 0.2438, 0.7085,  3.72247,  3.73543,     6.00,  24.85,   0.08, 
  144.636, 0.2425, 0.7093,  3.72150,  3.73450,     6.00,  24.85,   0.08, 
  145.149, 0.2412, 0.7100,  3.72052,  3.73357,     6.00,  24.85,   0.08, 
  145.662, 0.2399, 0.7108,  3.71954,  3.73264,     6.00,  24.85,   0.08, 
  146.175, 0.2387, 0.7115,  3.71855,  3.73170,     6.00,  24.85,   0.08, 
  146.688, 0.2374, 0.7123,  3.71756,  3.73075,     6.00,  24.85,   0.08, 
  147.201, 0.2361, 0.7130,  3.71655,  3.72979,     6.00,  24.85,   0.08, 
  147.714, 0.2348, 0.7138,  3.71555,  3.72883,     6.00,  24.85,   0.08, 
  148.227, 0.2335, 0.7145,  3.71453,  3.72786,     6.00,  24.85,   0.08, 
  148.740, 0.2323, 0.7152,  3.71351,  3.72689,     6.00,  24.85,   0.08, 
  149.253, 0.2310, 0.7160,  3.71248,  3.72591,     6.00,  24.85,   0.08, 
  149.766, 0.2297, 0.7167,  3.71145,  3.72492,     6.00,  24.85,   0.08, 
  150.279, 0.2284, 0.7175,  3.71041,  3.72393,     6.00,  24.85,   0.08, 
  150.792, 0.2272, 0.7182,  3.70937,  3.72293,     6.00,  24.85,   0.08, 
  151.305, 0.2259, 0.7190,  3.70832,  3.72192,     6.00,  24.85,   0.08, 
  151.818, 0.2246, 0.7197,  3.70727,  3.72091,     6.00,  24.85,   0.08, 
  152.331, 0.2233, 0.7205,  3.70621,  3.71989,     6.00,  24.85,   0.08, 
  152.844, 0.2221, 0.7212,  3.70514,  3.71887,     6.00,  24.85,   0.08, 
  153.357, 0.2208, 0.7220,  3.70408,  3.71785,     6.00,  24.85,   0.08, 
  153.870, 0.2195, 0.7227,  3.70300,  3.71681,     6.00,  24.85,   0.08, 
  154.383, 0.2182, 0.7235,  3.70193,  3.71578,     6.00,  24.85,   0.08, 
  154.896, 0.2169, 0.7242,  3.70085,  3.71473,     6.00,  24.85,   0.08, 
  155.409, 0.2157, 0.7250,  3.69976,  3.71369,     6.00,  24.85,   0.08, 
  155.922, 0.2144, 0.7257,  3.69867,  3.71264,     6.00,  24.85,   0.08, 
  156.435, 0.2131, 0.7265,  3.69758,  3.71158,     6.00,  24.85,   0.08, 
  156.948, 0.2118, 0.7272,  3.69649,  3.71052,     6.00,  24.85,   0.08, 
  157.461, 0.2106, 0.7280,  3.69539,  3.70946,     6.00,  24.85,   0.08, 
  157.974, 0.2093, 0.7287,  3.69429,  3.70839,     6.00,  24.85,   0.08, 
  158.487, 0.2080, 0.7294,  3.69319,  3.70732,     6.00,  24.85,   0.08, 
  159.000, 0.2067, 0.7302,  3.69208,  3.70624,     6.00,  24.85,   0.08, 
  159.513, 0.2055, 0.7309,  3.69097,  3.70517,     6.00,  24.85,   0.09, 
  160.026, 0.2042, 0.7317,  3.68987,  3.70409,     6.00,  24.85,   0.09, 
  160.539, 0.2029, 0.7324,  3.68875,  3.70300,     6.00,  24.85,   0.09, 
  161.052, 0.2016, 0.7332,  3.68764,  3.70192,     6.00,  24.85,   0.09, 
  161.565, 0.2003, 0.7339,  3.68653,  3.70083,     6.00,  24.85,   0.09, 
  162.078, 0.1991, 0.7347,  3.68541,  3.69974,     6.00,  24.85,   0.09, 
  162.591, 0.1978, 0.7354,  3.68430,  3.69864,     6.00,  24.85,   0.09, 
  163.104, 0.1965, 0.7362,  3.68318,  3.69755,     6.00,  24.85,   0.09, 
  163.617, 0.1952, 0.7369,  3.68206,  3.69645,     6.00,  24.85,   0.09, 
  164.130, 0.1940, 0.7377,  3.68094,  3.69535,     6.00,  24.85,   0.09, 
  164.643, 0.1927, 0.7384,  3.67983,  3.69425,     6.00,  24.85,   0.09, 
  165.156, 0.1914, 0.7392,  3.67871,  3.69315,     6.00,  24.85,   0.09, 
  165.669, 0.1901, 0.7399,  3.67759,  3.69205,     6.00,  24.85,   0.09, 
  166.182, 0.1889, 0.7407,  3.67647,  3.69095,     6.00,  24.85,   0.09, 
  166.695, 0.1876, 0.7414,  3.67535,  3.68985,     6.00,  24.85,   0.09, 
  167.208, 0.1863, 0.7422,  3.67423,  3.68874,     6.00,  24.85,   0.09, 
  167.721, 0.1850, 0.7429,  3.67312,  3.68764,     6.00,  24.85,   0.09, 
  168.234, 0.1837, 0.7436,  3.67200,  3.68654,     6.00,  24.85,   0.09, 
  168.747, 0.1825, 0.7444,  3.67089,  3.68543,     6.00,  24.85,   0.09, 
  169.260, 0.1812, 0.7451,  3.66977,  3.68433,     6.00,  24.85,   0.09, 
  169.773, 0.1799, 0.7459,  3.66866,  3.68323,     6.00,  24.85,   0.09, 
  170.286, 0.1786, 0.7466,  3.66754,  3.68213,     6.00,  24.85,   0.09, 
  170.799, 0.1774, 0.7474,  3.66643,  3.68103,     6.00,  24.85,   0.09, 
  171.312, 0.1761, 0.7481,  3.66532,  3.67992,     6.00,  24.85,   0.09, 
  171.825, 0.1748, 0.7489,  3.66421,  3.67882,     6.00,  24.85,   0.09, 
  172.338, 0.1735, 0.7496,  3.66309,  3.67772,     6.00,  24.85,   0.09, 
  172.851, 0.1723, 0.7504,  3.66198,  3.67663,     6.00,  24.85,   0.09, 
  173.364, 0.1710, 0.7511,  3.66087,  3.67553,     6.00,  24.85,   0.09, 
  173.877, 0.1697, 0.7519,  3.65976,  3.67443,     6.00,  24.85,   0.09, 
  174.390, 0.1684, 0.7526,  3.65865,  3.67333,     6.00,  24.85,   0.09, 
  174.903, 0.1671, 0.7534,  3.65754,  3.67224,     6.00,  24.85,   0.09, 
  175.416, 0.1659, 0.7541,  3.65643,  3.67114,     6.00,  24.85,   0.09, 
  175.929, 0.1646, 0.7549,  3.65531,  3.67005,     6.00,  24.85,   0.09, 
  176.442, 0.1633, 0.7556,  3.65420,  3.66895,     6.00,  24.85,   0.09, 
  176.955, 0.1620, 0.7564,  3.65308,  3.66785,     6.00,  24.85,   0.09, 
  177.468, 0.1608, 0.7571,  3.65196,  3.66676,     6.00,  24.85,   0.09, 
  177.981, 0.1595, 0.7579,  3.65083,  3.66566,     6.00,  24.85,   0.09, 
  178.494, 0.1582, 0.7586,  3.64970,  3.66456,     6.00,  24.85,   0.09, 
  179.007, 0.1569, 0.7593,  3.64857,  3.66346,     6.00,  24.85,   0.09, 
  179.520, 0.1557, 0.7601,  3.64743,  3.66236,     6.00,  24.85,   0.09, 
  180.033, 0.1544, 0.7608,  3.64629,  3.66126,     6.00,  24.85,   0.09, 
  180.546, 0.1531, 0.7616,  3.64514,  3.66015,     6.00,  24.85,   0.09, 
  181.059, 0.1518, 0.7623,  3.64399,  3.65904,     6.00,  24.85,   0.09, 
  181.572, 0.1505, 0.7631,  3.64283,  3.65792,     6.00,  24.85,   0.09, 
  182.085, 0.1493, 0.7638,  3.64166,  3.65680,     6.00,  24.85,   0.09, 
  182.598, 0.1480, 0.7646,  3.64048,  3.65568,     6.00,  24.85,   0.09, 
  183.111, 0.1467, 0.7653,  3.63930,  3.65455,     6.00,  24.85,   0.09, 
  183.624, 0.1454, 0.7661,  3.63812,  3.65341,     6.00,  24.85,   0.09, 
  184.137, 0.1442, 0.7668,  3.63693,  3.65227,     6.00,  24.85,   0.09, 
  184.650, 0.1429, 0.7676,  3.63573,  3.65112,     6.00,  24.85,   0.09, 
  185.163, 0.1416, 0.7683,  3.63454,  3.64996,     6.00,  24.85,   0.09, 
  185.676, 0.1403, 0.7691,  3.63335,  3.64879,     6.00,  24.85,   0.09, 
  186.189, 0.1391, 0.7698,  3.63216,  3.64763,     6.00,  24.85,   0.09, 
  186.702, 0.1378, 0.7706,  3.63097,  3.64645,     6.00,  24.85,   0.09, 
  187.215, 0.1365, 0.7713,  3.62980,  3.64527,     6.00,  24.85,   0.09, 
  187.728, 0.1352, 0.7721,  3.62864,  3.64409,     6.00,  24.85,   0.09, 
  188.241, 0.1339, 0.7728,  3.62750,  3.64291,     6.00,  24.85,   0.09, 
  188.754, 0.1327, 0.7735,  3.62637,  3.64173,     6.00,  24.85,   0.09, 
  189.267, 0.1314, 0.7743,  3.62528,  3.64055,     6.00,  24.85,   0.09, 
  189.780, 0.1301, 0.7750,  3.62421,  3.63938,     6.00,  24.85,   0.09, 
  190.293, 0.1288, 0.7758,  3.62318,  3.63823,     6.00,  24.85,   0.09, 
  190.806, 0.1276, 0.7765,  3.62219,  3.63708,     6.00,  24.85,   0.09, 
  191.319, 0.1263, 0.7773,  3.62123,  3.63596,     6.00,  24.85,   0.09, 
  191.832, 0.1250, 0.7780,  3.62032,  3.63486,     6.00,  24.85,   0.09, 
  192.345, 0.1237, 0.7788,  3.61946,  3.63378,     6.00,  24.85,   0.09, 
  192.858, 0.1225, 0.7795,  3.61865,  3.63274,     6.00,  24.85,   0.08, 
  193.371, 0.1212, 0.7803,  3.61788,  3.63173,     6.00,  24.85,   0.08, 
  193.884, 0.1199, 0.7810,  3.61717,  3.63076,     6.00,  24.85,   0.08, 
  194.397, 0.1186, 0.7818,  3.61651,  3.62983,     6.00,  24.85,   0.08, 
  194.910, 0.1173, 0.7825,  3.61589,  3.62894,     6.00,  24.85,   0.08, 
  195.423, 0.1161, 0.7833,  3.61533,  3.62810,     6.00,  24.85,   0.08, 
  195.936, 0.1148, 0.7840,  3.61480,  3.62731,     6.00,  24.85,   0.07, 
  196.449, 0.1135, 0.7848,  3.61432,  3.62656,     6.00,  24.85,   0.07, 
  196.962, 0.1122, 0.7855,  3.61387,  3.62587,     6.00,  24.85,   0.07, 
  197.475, 0.1110, 0.7863,  3.61345,  3.62522,     6.00,  24.85,   0.07, 
  197.988, 0.1097, 0.7870,  3.61305,  3.62461,     6.00,  24.85,   0.07, 
  198.501, 0.1084, 0.7877,  3.61266,  3.62405,     6.00,  24.85,   0.07, 
  199.014, 0.1071, 0.7885,  3.61228,  3.62353,     6.00,  24.85,   0.07, 
  199.527, 0.1059, 0.7892,  3.61192,  3.62305,     6.00,  24.85,   0.07, 
  200.040, 0.1046, 0.7900,  3.61156,  3.62260,     6.00,  24.85,   0.07, 
  200.553, 0.1033, 0.7907,  3.61120,  3.62219,     6.00,  24.85,   0.07, 
  201.066, 0.1020, 0.7915,  3.61084,  3.62180,     6.00,  24.85,   0.07, 
  201.579, 0.1007, 0.7922,  3.61049,  3.62144,     6.00,  24.85,   0.07, 
  202.092, 0.0995, 0.7930,  3.61014,  3.62110,     6.00,  24.85,   0.07, 
  202.605, 0.0982, 0.7937,  3.60980,  3.62077,     6.00,  24.85,   0.07, 
  203.118, 0.0969, 0.7945,  3.60945,  3.62046,     6.00,  24.85,   0.07, 
  203.631, 0.0956, 0.7952,  3.60910,  3.62016,     6.00,  24.85,   0.07, 
  204.144, 0.0944, 0.7960,  3.60875,  3.61986,     6.00,  24.85,   0.07, 
  204.657, 0.0931, 0.7967,  3.60840,  3.61957,     6.00,  24.85,   0.07, 
  205.170, 0.0918, 0.7975,  3.60804,  3.61928,     6.00,  24.85,   0.07, 
  205.683, 0.0905, 0.7982,  3.60768,  3.61899,     6.00,  24.85,   0.07, 
  206.196, 0.0893, 0.7990,  3.60732,  3.61870,     6.00,  24.85,   0.07, 
  206.709, 0.0880, 0.7997,  3.60694,  3.61840,     6.00,  24.85,   0.07, 
  207.222, 0.0867, 0.8005,  3.60657,  3.61809,     6.00,  24.85,   0.07, 
  207.735, 0.0854, 0.8012,  3.60618,  3.61778,     6.00,  24.85,   0.07, 
  208.248, 0.0842, 0.8019,  3.60578,  3.61746,     6.00,  24.85,   0.07, 
  208.761, 0.0829, 0.8027,  3.60538,  3.61713,     6.00,  24.85,   0.07, 
  209.274, 0.0816, 0.8034,  3.60496,  3.61678,     6.00,  24.85,   0.07, 
  209.787, 0.0803, 0.8042,  3.60453,  3.61643,     6.00,  24.85,   0.07, 
  210.300, 0.0790, 0.8049,  3.60409,  3.61607,     6.00,  24.85,   0.07, 
  210.813, 0.0778, 0.8057,  3.60363,  3.61569,     6.00,  24.85,   0.07, 
  211.326, 0.0765, 0.8064,  3.60317,  3.61530,     6.00,  24.85,   0.07, 
  211.839, 0.0752, 0.8072,  3.60268,  3.61490,     6.00,  24.85,   0.07, 
  212.352, 0.0739, 0.8079,  3.60219,  3.61449,     6.00,  24.85,   0.07, 
  212.865, 0.0727, 0.8087,  3.60167,  3.61407,     6.00,  24.85,   0.07, 
  213.378, 0.0714, 0.8094,  3.60114,  3.61363,     6.00,  24.85,   0.08, 
  213.891, 0.0701, 0.8102,  3.60059,  3.61318,     6.00,  24.85,   0.08, 
  214.404, 0.0688, 0.8109,  3.60002,  3.61272,     6.00,  24.85,   0.08, 
  214.917, 0.0676, 0.8117,  3.59942,  3.61224,     6.00,  24.85,   0.08, 
  215.430, 0.0663, 0.8124,  3.59880,  3.61174,     6.00,  24.85,   0.08, 
  215.943, 0.0650, 0.8132,  3.59814,  3.61123,     6.00,  24.85,   0.08, 
  216.456, 0.0637, 0.8139,  3.59746,  3.61070,     6.00,  24.85,   0.08, 
  216.969, 0.0624, 0.8147,  3.59673,  3.61015,     6.00,  24.85,   0.08, 
  217.482, 0.0612, 0.8154,  3.59596,  3.60958,     6.00,  24.85,   0.08, 
  217.995, 0.0599, 0.8161,  3.59513,  3.60899,     6.00,  24.85,   0.08, 
  218.508, 0.0586, 0.8169,  3.59425,  3.60837,     6.00,  24.85,   0.08, 
  219.021, 0.0573, 0.8176,  3.59329,  3.60771,     6.00,  24.85,   0.09, 
  219.534, 0.0561, 0.8184,  3.59226,  3.60702,     6.00,  24.85,   0.09, 
  220.047, 0.0548, 0.8191,  3.59112,  3.60628,     6.00,  24.85,   0.09, 
  220.560, 0.0535, 0.8199,  3.58988,  3.60550,     6.00,  24.85,   0.09, 
  221.073, 0.0522, 0.8206,  3.58850,  3.60466,     6.00,  24.85,   0.10, 
  221.586, 0.0510, 0.8214,  3.58697,  3.60375,     6.00,  24.85,   0.10, 
  222.099, 0.0497, 0.8221,  3.58526,  3.60277,     6.00,  24.85,   0.11, 
  222.612, 0.0484, 0.8229,  3.58334,  3.60170,     6.00,  24.85,   0.11, 
  223.125, 0.0471, 0.8236,  3.58118,  3.60052,     6.00,  24.85,   0.12, 
  223.638, 0.0458, 0.8244,  3.57873,  3.59923,     6.00,  24.85,   0.12, 
  224.151, 0.0446, 0.8251,  3.57595,  3.59779,     6.00,  24.85,   0.13, 
  224.664, 0.0433, 0.8259,  3.57279,  3.59619,     6.00,  24.85,   0.14, 
  225.177, 0.0420, 0.8266,  3.56916,  3.59439,     6.00,  24.85,   0.15, 
  225.690, 0.0407, 0.8274,  3.56501,  3.59237,     6.00,  24.85,   0.16, 
  226.203, 0.0395, 0.8281,  3.56024,  3.59009,     6.00,  24.85,   0.18, 
  226.716, 0.0382, 0.8289,  3.55475,  3.58750,     6.00,  24.85,   0.20, 
  227.229, 0.0369, 0.8296,  3.54843,  3.58455,     6.00,  24.85,   0.22, 
  227.742, 0.0356, 0.8303,  3.54112,  3.58118,     6.00,  24.85,   0.24, 
  228.255, 0.0344, 0.8311,  3.53267,  3.57733,     6.00,  24.85,   0.27, 
  228.768, 0.0331, 0.8318,  3.52289,  3.57291,     6.00,  24.85,   0.30, 
  229.281, 0.0318, 0.8326,  3.51156,  3.56783,     6.00,  24.85,   0.34, 
  229.794, 0.0305, 0.8333,  3.49841,  3.56197,     6.00,  24.85,   0.38, 
  230.307, 0.0292, 0.8341,  3.48316,  3.55522,     6.00,  24.85,   0.43, 
  230.820, 0.0280, 0.8348,  3.46545,  3.54741,     6.00,  24.85,   0.49, 
  231.333, 0.0267, 0.8356,  3.44486,  3.53837,     6.00,  24.85,   0.56, 
  231.846, 0.0254, 0.8363,  3.42094,  3.52791,     6.00,  24.85,   0.64, 
  232.359, 0.0241, 0.8371,  3.39311,  3.51578,     6.00,  24.85,   0.74, 
  232.872, 0.0229, 0.8378,  3.36074,  3.50170,     6.00,  24.85,   0.85, 
  233.385, 0.0216, 0.8386,  3.32307,  3.48536,     6.00,  24.85,   0.97, 
  233.898, 0.0203, 0.8393,  3.27923,  3.46637,     6.00,  24.85,   1.12, 
  234.411, 0.0190, 0.8401,  3.22818,  3.44431,     6.00,  24.85,   1.30, 
  234.924, 0.0178, 0.8408,  3.16875,  3.41865,     6.00,  24.85,   1.50, 
  235.437, 0.0165, 0.8416,  3.09953,  3.38880,     6.00,  24.85,   1.73, 
  235.950, 0.0152, 0.8423,  3.01890,  3.35407,     6.00,  24.85,   2.01, 
  236.463, 0.0139, 0.8431,  2.92499,  3.31365,     6.00,  24.85,   2.33, 
  236.976, 0.0126, 0.8438,  2.81558,  3.26660,     6.00,  24.85,   2.70, 
  237.489, 0.0114, 0.8445,  2.68811,  3.21181,     6.00,  24.85,   3.14, 
  238.002, 0.0101, 0.8453,  2.53959,  3.14801,     6.00,  24.85,   3.65, 
  238.515, 0.0088, 0.8460,  2.36653,  3.07371,     6.00,  24.85,   4.24, 
  239.028, 0.0075, 0.8468,  2.16487,  2.98715,     6.00,  24.85,   4.93, 
  239.156, 0.0072, 0.8470,  2.10945,  2.96336,     6.00,  24.85,   5.12, 
  239.191, 0.0071, 0.8470,  2.09383,  2.95666,     6.00,  24.85,   5.17, 
  239.211, 0.0071, 0.8471,  2.08517,  2.95295,     6.00,  24.85,   5.20, 
  239.216, 0.0071, 0.8471,  2.08255,  2.95192,     6.00,  24.85,   5.21, 
  239.217, 0.0071, 0.8471,  2.08202,  2.95178,     6.00,  24.85,   5.21, 
  239.217, 0.0071, 0.8471,  2.08163,  2.95170,     6.00,  24.85,   5.21, 
  239.217, 0.0071, 0.8471,  2.08132,  2.95166,     6.00,  24.85,   5.22, 
  239.217, 0.0071, 0.8471,  2.08116,  2.95165,     6.00,  24.85,   5.22, 
  239.217, 0.0071, 0.8471,  2.08085,  2.95165,     6.00,  24.85,   5.22, 
 mass is   0.816565
 energy is   109.422708
 power is   27.44518
 404 this time step did not converge
 Solid concentration driven to zero.
 Consider changing vcut or the current density.
  
 dV/dt at point of failure is (V/s) -0.612939093
 Moving on to next leg if not the last
  
 comp 7 not converged

            mass  =  0.8166 kg/m2
 specific energy segment =   109.42 W-h/kg
 specific power segment  =    27.56 W/kg
 total heat =          0.6098 W-h/m2
  
