     50  lim, limit on number of iterations
 100.00  h1,  thickness of negative electrode (microns)
  25.00  h2,  thickness of separator (microns)
 100.00  h3,  thickness of positive electrode (microns)
  25.00  hcn, thickness of negative electrode current collector (microns)
  25.00  hcp, thickness of positive electrode current collector (microns)
     80  n1,  number of nodes in negative electrode
     40  n2,  number of nodes in separator
     80  n3,  number of nodes in positive electrode
 298.00  T,   temperature (K)

 1000.0  xx(1,n1+2), initial concentration (mol/m3)
 0.6000  csx,   initial stoichiometric parameter for negative
 0.5000  csy,   initial stoichiometric parameter for positive
   30.0  tmmax, maximum time step size (s)
 .4E-13  dfs1, diffusion coefficient in negative solid (m2/s)
 .1E-12  dfs3, diffusion coefficient in positive solid (m2/s)
  10.00  Rad1,  radius of negative particles (microns)
  10.00  Rad3,  radius of positive particles (microns)

  0.300  ep1,   volume fraction of electrolyte in negative electrode
  0.000  epp1,  volume fraction of polymer phase in negative electrode
  0.100  epf1,  volume fraction of inert filler in negative electrode
  1.000  ep2,   volume fraction of electrolyte in separator
  0.000  epp2,  volume fraction of polymer phase in separator
  0.300  ep3,   volume fraction of electrolyte in positive electrode
  0.000  epp3,  volume fraction of polymer phase in positive electrode
  0.200  epf3,  volume fraction of inert filler in positive electrode
 0.10E+03  sig1,  conductivity of negative matrix (S/m)
  10.      sig3,  conductivity of positive matrix (S/m)
  372.00  cot1,  coulombic capacity of negative material (mAh/g)
  274.00  cot3,  coulombic capacity of positive material (mAh/g)
 .1E-04  rka1,  reaction rate constant for negative reaction 
 .3E-10  rka3,  reaction rate constant for positive reaction

 1324.0  re,   density of electrolyte (kg/m3)
 1800.0  rs1,  density of negative insertion material (kg/m3)
 5010.0  rs3,  density of positive insertion material (kg/m3)
 1800.0  rf,   density of inert filler (kg/m3)
 1780.0  rpl,  density of polymer phase (kg/m3)
    0.0  rc,   density of separator material (kg/m3)
 8954.0  rcn,  density of negative current collector (kg/m3)
 2707.0  rcp,  density of positive current collector (kg/m3)

   0.001000  ranode,   anode film resistance (ohm-m2)
   0.000000  rcathde,  cathode film resistance (ohm-m2)
   0.00  htc,   heat-transfer coefficient with external medium (W/m2K)
   0.000000  dUdT,  temperature coefficient of EMF (V/K)
 2000.0  Cp,    heat capacity of cell (J/kg-K)
   0.00  residm,    residual mass (kg/m2)
 298.00  Tam,   ambient temperature (K)
      1  ncell, number of cells in a cell stack
      2  lht,   0 uses htc,  1 calcs htc,  2 isothermal

      0    nside, side reaction flag 

      1  il1,   1 for long print-out  0 for short print-out
     10  il2,   prints every il2 th node in long print-out
     10  il3,   prints every il3 th time step in long print-out
      1  lflag, 0 for electrolyte in separator only, 1 for uniform
      0  imp, 0 for no impedance, 1 for impedance
   0.00  capp1,  capacitance of negative material (F/m2)
   0.00  capp3,  capacitance of positive material (F/m2)
      3  lcurs, number of current changes
  
 MCMB 2528 Graphite (Bellcore)
 LiPF6 in EC:DMC
 LiCoO2 (Cobalt dioxide)
 open-circuit potential, negative   0.178978294
 delta S negative   0.
 open-circuit potential, positive   4.24165195
 delta S positive   0.
  
      DUAL INSERTION CELL VERSION 5.1
  
   Time     Util N  Util P  Cell Pot   Uocp      Curr      Temp   heatgen
   (min)       x       y      (V)       (V)      (A/m2)    (C)    (W/m2)
  
    0.000, 0.6000, 0.5000,  4.06267,  4.06267,     0.00,  24.85,   0.00, 
    0.001, 0.6000, 0.5000,  4.06267,  4.06267,     0.00,  24.85,   0.00, 
    0.001, 0.6000, 0.5000,  4.06267,  4.06267,     0.00,  24.85,   0.00, 
    0.001, 0.6000, 0.5000,  4.06267,  4.06267,     0.00,  24.85,   0.00, 
    0.002, 0.6000, 0.5000,  4.06267,  4.06267,     0.00,  24.85,   0.00, 
    0.002, 0.6000, 0.5000,  4.06267,  4.06267,     0.00,  24.85,   0.00, 
    0.003, 0.6000, 0.5000,  4.06267,  4.06267,     0.00,  24.85,   0.00, 
    0.003, 0.6000, 0.5000,  4.06267,  4.06267,     0.00,  24.85,   0.00, 
    0.004, 0.6000, 0.5000,  4.06267,  4.06267,     0.00,  24.85,   0.00, 
    0.005, 0.6000, 0.5000,  4.06267,  4.06267,     0.00,  24.85,   0.00, 
    0.006, 0.6000, 0.5000,  4.06267,  4.06267,     0.00,  24.85,   0.00, 
    0.007, 0.6000, 0.5000,  4.06267,  4.06267,     0.00,  24.85,   0.00, 
    0.007, 0.6000, 0.5000,  4.06267,  4.06267,     0.00,  24.85,   0.00, 
    0.009, 0.6000, 0.5000,  4.06267,  4.06267,     0.00,  24.85,   0.00, 
    0.010, 0.6000, 0.5000,  4.06267,  4.06267,     0.00,  24.85,   0.00, 
    0.011, 0.6000, 0.5000,  4.06267,  4.06267,     0.00,  24.85,   0.00, 
    0.012, 0.6000, 0.5000,  4.06267,  4.06267,     0.00,  24.85,   0.00, 
    0.014, 0.6000, 0.5000,  4.06267,  4.06267,     0.00,  24.85,   0.00, 
    0.016, 0.6000, 0.5000,  4.06267,  4.06267,     0.00,  24.85,   0.00, 
    0.017, 0.6000, 0.5000,  4.06267,  4.06267,     0.00,  24.85,   0.00, 
    0.019, 0.6000, 0.5000,  4.06267,  4.06267,     0.00,  24.85,   0.00, 
    0.022, 0.6000, 0.5000,  4.06267,  4.06267,     0.00,  24.85,   0.00, 
    0.024, 0.6000, 0.5000,  4.06267,  4.06267,     0.00,  24.85,   0.00, 
    0.027, 0.6000, 0.5000,  4.06267,  4.06267,     0.00,  24.85,   0.00, 
    0.030, 0.6000, 0.5000,  4.06267,  4.06267,     0.00,  24.85,   0.00, 
    0.033, 0.6000, 0.5000,  4.06267,  4.06267,     0.00,  24.85,   0.00, 
    0.037, 0.6000, 0.5000,  4.06267,  4.06267,     0.00,  24.85,   0.00, 
    0.041, 0.6000, 0.5000,  4.06267,  4.06267,     0.00,  24.85,   0.00, 
    0.045, 0.6000, 0.5000,  4.06267,  4.06267,     0.00,  24.85,   0.00, 
    0.050, 0.6000, 0.5000,  4.06267,  4.06267,     0.00,  24.85,   0.00, 
    0.055, 0.6000, 0.5000,  4.06267,  4.06267,     0.00,  24.85,   0.00, 
    0.061, 0.6000, 0.5000,  4.06267,  4.06267,     0.00,  24.85,   0.00, 
    0.067, 0.6000, 0.5000,  4.06267,  4.06267,     0.00,  24.85,   0.00, 
    0.074, 0.6000, 0.5000,  4.06267,  4.06267,     0.00,  24.85,   0.00, 
    0.082, 0.6000, 0.5000,  4.06267,  4.06267,     0.00,  24.85,   0.00, 
    0.091, 0.6000, 0.5000,  4.06267,  4.06267,     0.00,  24.85,   0.00, 
    0.100, 0.6000, 0.5000,  4.06267,  4.06267,     0.00,  24.85,   0.00, 
    0.110, 0.6000, 0.5000,  4.06267,  4.06267,     0.00,  24.85,   0.00, 
    0.122, 0.6000, 0.5000,  4.06267,  4.06267,     0.00,  24.85,   0.00, 
    0.134, 0.6000, 0.5000,  4.06267,  4.06267,     0.00,  24.85,   0.00, 
    0.148, 0.6000, 0.5000,  4.06267,  4.06267,     0.00,  24.85,   0.00, 
    0.163, 0.6000, 0.5000,  4.06267,  4.06267,     0.00,  24.85,   0.00, 
    0.180, 0.6000, 0.5000,  4.06267,  4.06267,     0.00,  24.85,   0.00, 
    0.198, 0.6000, 0.5000,  4.06267,  4.06267,     0.00,  24.85,   0.00, 
    0.218, 0.6000, 0.5000,  4.06267,  4.06267,     0.00,  24.85,   0.00, 
    0.240, 0.6000, 0.5000,  4.06267,  4.06267,     0.00,  24.85,   0.00, 
    0.264, 0.6000, 0.5000,  4.06267,  4.06267,     0.00,  24.85,   0.00, 
    0.291, 0.6000, 0.5000,  4.06267,  4.06267,     0.00,  24.85,   0.00, 
    0.320, 0.6000, 0.5000,  4.06267,  4.06267,     0.00,  24.85,   0.00, 
    0.353, 0.6000, 0.5000,  4.06267,  4.06267,     0.00,  24.85,   0.00, 
    0.388, 0.6000, 0.5000,  4.06267,  4.06267,     0.00,  24.85,   0.00, 
    0.427, 0.6000, 0.5000,  4.06267,  4.06267,     0.00,  24.85,   0.00, 
    0.470, 0.6000, 0.5000,  4.06267,  4.06267,     0.00,  24.85,   0.00, 
    0.518, 0.6000, 0.5000,  4.06267,  4.06267,     0.00,  24.85,   0.00, 
    0.570, 0.6000, 0.5000,  4.06267,  4.06267,     0.00,  24.85,   0.00, 
    0.627, 0.6000, 0.5000,  4.06267,  4.06267,     0.00,  24.85,   0.00, 
    0.690, 0.6000, 0.5000,  4.06267,  4.06267,     0.00,  24.85,   0.00, 
    0.760, 0.6000, 0.5000,  4.06267,  4.06267,     0.00,  24.85,   0.00, 
    0.836, 0.6000, 0.5000,  4.06267,  4.06267,     0.00,  24.85,   0.00, 
    0.920, 0.6000, 0.5000,  4.06267,  4.06267,     0.00,  24.85,   0.00, 
    1.012, 0.6000, 0.5000,  4.06267,  4.06267,     0.00,  24.85,   0.00, 
    1.113, 0.6000, 0.5000,  4.06267,  4.06267,     0.00,  24.85,   0.00, 
    1.225, 0.6000, 0.5000,  4.06267,  4.06267,     0.00,  24.85,   0.00, 
    1.348, 0.6000, 0.5000,  4.06267,  4.06267,     0.00,  24.85,   0.00, 
    1.483, 0.6000, 0.5000,  4.06267,  4.06267,     0.00,  24.85,   0.00, 
    1.632, 0.6000, 0.5000,  4.06267,  4.06267,     0.00,  24.85,   0.00, 
    1.795, 0.6000, 0.5000,  4.06267,  4.06267,     0.00,  24.85,   0.00, 
    1.975, 0.6000, 0.5000,  4.06267,  4.06267,     0.00,  24.85,   0.00, 
    2.173, 0.6000, 0.5000,  4.06267,  4.06267,     0.00,  24.85,   0.00, 
    2.390, 0.6000, 0.5000,  4.06267,  4.06267,     0.00,  24.85,   0.00, 
    2.629, 0.6000, 0.5000,  4.06267,  4.06267,     0.00,  24.85,   0.00, 
    2.893, 0.6000, 0.5000,  4.06267,  4.06267,     0.00,  24.85,   0.00, 
    3.182, 0.6000, 0.5000,  4.06267,  4.06267,     0.00,  24.85,   0.00, 
    3.501, 0.6000, 0.5000,  4.06267,  4.06267,     0.00,  24.85,   0.00, 
    3.851, 0.6000, 0.5000,  4.06267,  4.06267,     0.00,  24.85,   0.00, 
    4.237, 0.6000, 0.5000,  4.06267,  4.06267,     0.00,  24.85,   0.00, 
    4.661, 0.6000, 0.5000,  4.06267,  4.06267,     0.00,  24.85,   0.00, 
    5.127, 0.6000, 0.5000,  4.06267,  4.06267,     0.00,  24.85,   0.00, 
    5.640, 0.6000, 0.5000,  4.06267,  4.06267,     0.00,  24.85,   0.00, 
    6.153, 0.6000, 0.5000,  4.06267,  4.06267,     0.00,  24.85,   0.00, 
    6.666, 0.6000, 0.5000,  4.06267,  4.06267,     0.00,  24.85,   0.00, 
    7.179, 0.6000, 0.5000,  4.06267,  4.06267,     0.00,  24.85,   0.00, 
    7.692, 0.6000, 0.5000,  4.06267,  4.06267,     0.00,  24.85,   0.00, 
    8.205, 0.6000, 0.5000,  4.06267,  4.06267,     0.00,  24.85,   0.00, 
    8.718, 0.6000, 0.5000,  4.06267,  4.06267,     0.00,  24.85,   0.00, 
    9.231, 0.6000, 0.5000,  4.06267,  4.06267,     0.00,  24.85,   0.00, 
    9.744, 0.6000, 0.5000,  4.06267,  4.06267,     0.00,  24.85,   0.00, 
   10.000, 0.6000, 0.5000,  4.06267,  4.06267,     0.00,  24.85,   0.00, 
   10.000, 0.6000, 0.5000,  4.04175,  4.06267,    19.00,  24.85,   0.40, 
 specific energy segment =     0.00 W-h/kg
 specific power segment  =     0.00 W/kg
 total heat =          0.0000 W-h/m2
  
   10.000, 0.6000, 0.5000,  4.04175,  4.06267,    19.00,  24.85,   0.40, 
   10.000, 0.6000, 0.5000,  4.04164,  4.06267,    19.00,  24.85,   0.40, 
   10.001, 0.6000, 0.5000,  4.04156,  4.06267,    19.00,  24.85,   0.40, 
   10.001, 0.6000, 0.5000,  4.04150,  4.06267,    19.00,  24.85,   0.40, 
   10.002, 0.6000, 0.5000,  4.04145,  4.06267,    19.00,  24.85,   0.40, 
   10.002, 0.6000, 0.5000,  4.04140,  4.06266,    19.00,  24.85,   0.40, 
   10.003, 0.6000, 0.5000,  4.04135,  4.06266,    19.00,  24.85,   0.41, 
   10.003, 0.6000, 0.5000,  4.04129,  4.06266,    19.00,  24.85,   0.41, 
   10.004, 0.6000, 0.5000,  4.04124,  4.06266,    19.00,  24.85,   0.41, 
   10.005, 0.6000, 0.5000,  4.04119,  4.06265,    19.00,  24.85,   0.41, 
   10.005, 0.6000, 0.5000,  4.04113,  4.06265,    19.00,  24.85,   0.41, 
   10.006, 0.6000, 0.5000,  4.04108,  4.06265,    19.00,  24.85,   0.41, 
   10.007, 0.5999, 0.5000,  4.04102,  4.06264,    19.00,  24.85,   0.41, 
   10.008, 0.5999, 0.5000,  4.04096,  4.06264,    19.00,  24.85,   0.41, 
   10.009, 0.5999, 0.5000,  4.04090,  4.06263,    19.00,  24.85,   0.41, 
   10.011, 0.5999, 0.5000,  4.04083,  4.06263,    19.00,  24.85,   0.41, 
   10.012, 0.5999, 0.5001,  4.04076,  4.06262,    19.00,  24.85,   0.42, 
   10.014, 0.5999, 0.5001,  4.04069,  4.06261,    19.00,  24.85,   0.42, 
   10.015, 0.5999, 0.5001,  4.04061,  4.06261,    19.00,  24.85,   0.42, 
   10.017, 0.5999, 0.5001,  4.04053,  4.06260,    19.00,  24.85,   0.42, 
   10.019, 0.5998, 0.5001,  4.04045,  4.06259,    19.00,  24.85,   0.42, 
   10.021, 0.5998, 0.5001,  4.04036,  4.06258,    19.00,  24.85,   0.42, 
   10.024, 0.5998, 0.5001,  4.04027,  4.06257,    19.00,  24.85,   0.42, 
   10.027, 0.5998, 0.5001,  4.04017,  4.06256,    19.00,  24.85,   0.43, 
   10.029, 0.5998, 0.5001,  4.04006,  4.06254,    19.00,  24.85,   0.43, 
   10.033, 0.5997, 0.5002,  4.03995,  4.06253,    19.00,  24.85,   0.43, 
   10.036, 0.5997, 0.5002,  4.03984,  4.06251,    19.00,  24.85,   0.43, 
   10.040, 0.5997, 0.5002,  4.03972,  4.06250,    19.00,  24.85,   0.43, 
   10.045, 0.5996, 0.5002,  4.03959,  4.06248,    19.00,  24.85,   0.43, 
   10.050, 0.5996, 0.5002,  4.03945,  4.06245,    19.00,  24.85,   0.44, 
   10.055, 0.5996, 0.5003,  4.03931,  4.06243,    19.00,  24.85,   0.44, 
   10.061, 0.5995, 0.5003,  4.03916,  4.06241,    19.00,  24.85,   0.44, 
   10.067, 0.5995, 0.5003,  4.03900,  4.06238,    19.00,  24.85,   0.44, 
   10.074, 0.5994, 0.5003,  4.03883,  4.06235,    19.00,  24.85,   0.45, 
   10.082, 0.5994, 0.5004,  4.03865,  4.06231,    19.00,  24.85,   0.45, 
   10.090, 0.5993, 0.5004,  4.03846,  4.06228,    19.00,  24.85,   0.45, 
   10.100, 0.5992, 0.5005,  4.03826,  4.06223,    19.00,  24.85,   0.46, 
   10.110, 0.5991, 0.5005,  4.03805,  4.06219,    19.00,  24.85,   0.46, 
   10.121, 0.5990, 0.5006,  4.03782,  4.06214,    19.00,  24.85,   0.46, 
   10.134, 0.5989, 0.5006,  4.03759,  4.06209,    19.00,  24.85,   0.47, 
   10.148, 0.5988, 0.5007,  4.03734,  4.06203,    19.00,  24.85,   0.47, 
   10.163, 0.5987, 0.5008,  4.03707,  4.06196,    19.00,  24.85,   0.47, 
   10.179, 0.5986, 0.5008,  4.03679,  4.06189,    19.00,  24.85,   0.48, 
   10.197, 0.5984, 0.5009,  4.03650,  4.06181,    19.00,  24.85,   0.48, 
   10.218, 0.5983, 0.5010,  4.03619,  4.06172,    19.00,  24.85,   0.48, 
   10.240, 0.5981, 0.5011,  4.03586,  4.06162,    19.00,  24.85,   0.49, 
   10.264, 0.5979, 0.5012,  4.03552,  4.06152,    19.00,  24.85,   0.49, 
   10.291, 0.5977, 0.5013,  4.03516,  4.06140,    19.00,  24.85,   0.50, 
   10.320, 0.5975, 0.5015,  4.03477,  4.06128,    19.00,  24.85,   0.50, 
   10.352, 0.5972, 0.5016,  4.03438,  4.06114,    19.00,  24.85,   0.51, 
   10.388, 0.5969, 0.5018,  4.03396,  4.06099,    19.00,  24.85,   0.51, 
   10.427, 0.5966, 0.5020,  4.03352,  4.06082,    19.00,  24.85,   0.52, 
   10.470, 0.5963, 0.5022,  4.03306,  4.06064,    19.00,  24.85,   0.52, 
   10.517, 0.5959, 0.5024,  4.03259,  4.06044,    19.00,  24.85,   0.53, 
   10.570, 0.5955, 0.5026,  4.03209,  4.06022,    19.00,  24.85,   0.53, 
   10.627, 0.5951, 0.5029,  4.03157,  4.05998,    19.00,  24.85,   0.54, 
   10.690, 0.5946, 0.5032,  4.03103,  4.05972,    19.00,  24.85,   0.54, 
   10.759, 0.5940, 0.5035,  4.03046,  4.05943,    19.00,  24.85,   0.55, 
   10.835, 0.5934, 0.5039,  4.02987,  4.05911,    19.00,  24.85,   0.55, 
   10.919, 0.5928, 0.5042,  4.02925,  4.05877,    19.00,  24.85,   0.56, 
   11.012, 0.5920, 0.5047,  4.02860,  4.05840,    19.00,  24.85,   0.56, 
   11.113, 0.5912, 0.5051,  4.02792,  4.05799,    19.00,  24.85,   0.57, 
   11.225, 0.5903, 0.5057,  4.02719,  4.05754,    19.00,  24.85,   0.57, 
   11.348, 0.5894, 0.5062,  4.02641,  4.05706,    19.00,  24.85,   0.58, 
   11.483, 0.5883, 0.5068,  4.02557,  4.05653,    19.00,  24.85,   0.58, 
   11.631, 0.5871, 0.5075,  4.02465,  4.05596,    19.00,  24.85,   0.59, 
   11.795, 0.5859, 0.5083,  4.02363,  4.05533,    19.00,  24.85,   0.60, 
   11.974, 0.5844, 0.5091,  4.02247,  4.05464,    19.00,  24.85,   0.61, 
   12.172, 0.5829, 0.5100,  4.02113,  4.05388,    19.00,  24.85,   0.62, 
   12.390, 0.5812, 0.5110,  4.01953,  4.05304,    19.00,  24.85,   0.63, 
   12.629, 0.5793, 0.5121,  4.01758,  4.05208,    19.00,  24.85,   0.65, 
   12.892, 0.5772, 0.5133,  4.01511,  4.05098,    19.00,  24.85,   0.68, 
   13.182, 0.5749, 0.5147,  4.01190,  4.04964,    19.00,  24.85,   0.71, 
   13.501, 0.5724, 0.5162,  4.00763,  4.04793,    19.00,  24.85,   0.76, 
   13.851, 0.5696, 0.5178,  4.00195,  4.04558,    19.00,  24.85,   0.82, 
   14.236, 0.5666, 0.5195,  3.99480,  4.04213,    19.00,  24.85,   0.89, 
   14.660, 0.5633, 0.5215,  3.98679,  4.03689,    19.00,  24.85,   0.95, 
   15.127, 0.5596, 0.5237,  3.97928,  4.02927,    19.00,  24.85,   0.94, 
   15.640, 0.5555, 0.5260,  3.97330,  4.01976,    19.00,  24.85,   0.88, 
   16.153, 0.5515, 0.5284,  3.96922,  4.01128,    19.00,  24.85,   0.80, 
   16.666, 0.5475, 0.5308,  3.96614,  4.00518,    19.00,  24.85,   0.74, 
   17.179, 0.5434, 0.5331,  3.96339,  4.00120,    19.00,  24.85,   0.72, 
   17.692, 0.5394, 0.5355,  3.96054,  3.99847,    19.00,  24.85,   0.72, 
   18.205, 0.5353, 0.5379,  3.95737,  3.99626,    19.00,  24.85,   0.74, 
   18.718, 0.5313, 0.5402,  3.95370,  3.99407,    19.00,  24.85,   0.76, 
   19.231, 0.5272, 0.5426,  3.94943,  3.99160,    19.00,  24.85,   0.80, 
   19.744, 0.5232, 0.5450,  3.94447,  3.98863,    19.00,  24.85,   0.83, 
   20.257, 0.5192, 0.5473,  3.93876,  3.98498,    19.00,  24.85,   0.87, 
   20.770, 0.5151, 0.5497,  3.93223,  3.98050,    19.00,  24.85,   0.91, 
   21.283, 0.5111, 0.5521,  3.92491,  3.97509,    19.00,  24.85,   0.95, 
   21.796, 0.5070, 0.5544,  3.91684,  3.96869,    19.00,  24.85,   0.98, 
   22.309, 0.5030, 0.5568,  3.90816,  3.96127,    19.00,  24.85,   1.01, 
   22.822, 0.4989, 0.5592,  3.89909,  3.95293,    19.00,  24.85,   1.02, 
   23.335, 0.4949, 0.5615,  3.88988,  3.94381,    19.00,  24.85,   1.02, 
   23.848, 0.4909, 0.5639,  3.88082,  3.93415,    19.00,  24.85,   1.01, 
   24.361, 0.4868, 0.5663,  3.87217,  3.92425,    19.00,  24.85,   0.99, 
   24.874, 0.4828, 0.5686,  3.86416,  3.91444,    19.00,  24.85,   0.95, 
   25.387, 0.4787, 0.5710,  3.85692,  3.90503,    19.00,  24.85,   0.91, 
   25.900, 0.4747, 0.5734,  3.85054,  3.89626,    19.00,  24.85,   0.87, 
   26.413, 0.4706, 0.5757,  3.84500,  3.88833,    19.00,  24.85,   0.82, 
   26.926, 0.4666, 0.5781,  3.84025,  3.88133,    19.00,  24.85,   0.78, 
   27.439, 0.4625, 0.5805,  3.83620,  3.87525,    19.00,  24.85,   0.74, 
   27.952, 0.4585, 0.5828,  3.83272,  3.87004,    19.00,  24.85,   0.71, 
   28.465, 0.4545, 0.5852,  3.82971,  3.86561,    19.00,  24.85,   0.68, 
   28.978, 0.4504, 0.5876,  3.82706,  3.86184,    19.00,  24.85,   0.66, 
   29.491, 0.4464, 0.5899,  3.82467,  3.85860,    19.00,  24.85,   0.64, 
   30.004, 0.4423, 0.5923,  3.82249,  3.85577,    19.00,  24.85,   0.63, 
   30.517, 0.4383, 0.5947,  3.82042,  3.85326,    19.00,  24.85,   0.62, 
   31.030, 0.4342, 0.5970,  3.81842,  3.85095,    19.00,  24.85,   0.61, 
   31.543, 0.4302, 0.5994,  3.81643,  3.84879,    19.00,  24.85,   0.61, 
   32.056, 0.4262, 0.6018,  3.81440,  3.84670,    19.00,  24.85,   0.61, 
   32.569, 0.4221, 0.6041,  3.81232,  3.84465,    19.00,  24.85,   0.61, 
   33.000, 0.4187, 0.6061,  3.81052,  3.84292,    19.00,  24.85,   0.61, 
   33.000, 0.4187, 0.6061,  3.83240,  3.84292,     0.00,  24.85,   0.01, 
 specific energy segment =    34.92 W-h/kg
 specific power segment  =    91.09 W/kg
 total heat =          0.2970 W-h/m2
  
   33.000, 0.4187, 0.6061,  3.83240,  3.84292,     0.00,  24.85,   0.01, 
   33.000, 0.4187, 0.6061,  3.83251,  3.84292,     0.00,  24.85,   0.01, 
   33.001, 0.4187, 0.6061,  3.83258,  3.84292,     0.00,  24.85,   0.01, 
   33.001, 0.4187, 0.6061,  3.83264,  3.84292,     0.00,  24.85,   0.01, 
   33.002, 0.4187, 0.6061,  3.83269,  3.84292,     0.00,  24.85,   0.01, 
   33.002, 0.4187, 0.6061,  3.83274,  3.84292,     0.00,  24.85,   0.01, 
   33.003, 0.4187, 0.6061,  3.83279,  3.84292,     0.00,  24.85,   0.01, 
   33.003, 0.4187, 0.6061,  3.83284,  3.84292,     0.00,  24.85,   0.01, 
   33.004, 0.4187, 0.6061,  3.83289,  3.84292,     0.00,  24.85,   0.01, 
   33.005, 0.4187, 0.6061,  3.83294,  3.84292,     0.00,  24.85,   0.01, 
   33.005, 0.4187, 0.6061,  3.83299,  3.84292,     0.00,  24.85,   0.01, 
   33.006, 0.4187, 0.6061,  3.83304,  3.84292,     0.00,  24.85,   0.01, 
   33.007, 0.4187, 0.6061,  3.83309,  3.84292,     0.00,  24.85,   0.01, 
   33.008, 0.4187, 0.6061,  3.83314,  3.84292,     0.00,  24.85,   0.01, 
   33.009, 0.4187, 0.6061,  3.83320,  3.84292,     0.00,  24.85,   0.01, 
   33.011, 0.4187, 0.6061,  3.83326,  3.84292,     0.00,  24.85,   0.01, 
   33.012, 0.4187, 0.6061,  3.83332,  3.84292,     0.00,  24.85,   0.01, 
   33.014, 0.4187, 0.6061,  3.83338,  3.84292,     0.00,  24.85,   0.01, 
   33.015, 0.4187, 0.6061,  3.83345,  3.84292,     0.00,  24.85,   0.01, 
   33.017, 0.4187, 0.6061,  3.83352,  3.84292,     0.00,  24.85,   0.01, 
   33.019, 0.4187, 0.6061,  3.83359,  3.84292,     0.00,  24.85,   0.01, 
   33.021, 0.4187, 0.6061,  3.83367,  3.84292,     0.00,  24.85,   0.01, 
   33.024, 0.4187, 0.6061,  3.83375,  3.84292,     0.00,  24.85,   0.01, 
   33.027, 0.4187, 0.6061,  3.83383,  3.84292,     0.00,  24.85,   0.01, 
   33.029, 0.4187, 0.6061,  3.83392,  3.84292,     0.00,  24.85,   0.01, 
   33.033, 0.4187, 0.6061,  3.83401,  3.84292,     0.00,  24.85,   0.01, 
   33.036, 0.4187, 0.6061,  3.83410,  3.84292,     0.00,  24.85,   0.01, 
   33.040, 0.4187, 0.6061,  3.83420,  3.84292,     0.00,  24.85,   0.01, 
   33.045, 0.4187, 0.6061,  3.83430,  3.84292,     0.00,  24.85,   0.01, 
   33.050, 0.4187, 0.6061,  3.83441,  3.84292,     0.00,  24.85,   0.01, 
   33.055, 0.4187, 0.6061,  3.83453,  3.84292,     0.00,  24.85,   0.01, 
   33.061, 0.4187, 0.6061,  3.83464,  3.84292,     0.00,  24.85,   0.01, 
   33.067, 0.4187, 0.6061,  3.83477,  3.84292,     0.00,  24.85,   0.01, 
   33.074, 0.4187, 0.6061,  3.83490,  3.84292,     0.00,  24.85,   0.01, 
   33.082, 0.4187, 0.6061,  3.83503,  3.84292,     0.00,  24.85,   0.01, 
   33.090, 0.4187, 0.6061,  3.83518,  3.84292,     0.00,  24.85,   0.01, 
   33.100, 0.4187, 0.6061,  3.83533,  3.84292,     0.00,  24.85,   0.01, 
   33.110, 0.4187, 0.6061,  3.83548,  3.84292,     0.00,  24.85,   0.01, 
   33.121, 0.4187, 0.6061,  3.83564,  3.84292,     0.00,  24.85,   0.01, 
   33.134, 0.4187, 0.6061,  3.83581,  3.84292,     0.00,  24.85,   0.01, 
   33.148, 0.4187, 0.6061,  3.83599,  3.84292,     0.00,  24.85,   0.01, 
   33.163, 0.4187, 0.6061,  3.83617,  3.84292,     0.00,  24.85,   0.01, 
   33.179, 0.4187, 0.6061,  3.83636,  3.84292,     0.00,  24.85,   0.01, 
   33.197, 0.4187, 0.6061,  3.83655,  3.84292,     0.00,  24.85,   0.01, 
   33.218, 0.4187, 0.6061,  3.83675,  3.84292,     0.00,  24.85,   0.01, 
   33.240, 0.4187, 0.6061,  3.83696,  3.84292,     0.00,  24.85,   0.01, 
   33.264, 0.4187, 0.6061,  3.83718,  3.84292,     0.00,  24.85,   0.01, 
   33.291, 0.4187, 0.6061,  3.83739,  3.84292,     0.00,  24.85,   0.01, 
   33.320, 0.4187, 0.6061,  3.83762,  3.84292,     0.00,  24.85,   0.02, 
   33.352, 0.4187, 0.6061,  3.83785,  3.84292,     0.00,  24.85,   0.02, 
   33.388, 0.4187, 0.6061,  3.83808,  3.84292,     0.00,  24.85,   0.02, 
   33.427, 0.4187, 0.6061,  3.83831,  3.84292,     0.00,  24.85,   0.02, 
   33.470, 0.4187, 0.6061,  3.83854,  3.84292,     0.00,  24.85,   0.02, 
   33.517, 0.4187, 0.6061,  3.83877,  3.84292,     0.00,  24.85,   0.02, 
   33.570, 0.4187, 0.6061,  3.83899,  3.84292,     0.00,  24.85,   0.02, 
   33.627, 0.4187, 0.6061,  3.83922,  3.84292,     0.00,  24.85,   0.02, 
   33.690, 0.4187, 0.6061,  3.83943,  3.84292,     0.00,  24.85,   0.02, 
   33.759, 0.4187, 0.6061,  3.83964,  3.84292,     0.00,  24.85,   0.02, 
   33.835, 0.4187, 0.6061,  3.83985,  3.84292,     0.00,  24.85,   0.02, 
   33.919, 0.4187, 0.6061,  3.84004,  3.84292,     0.00,  24.85,   0.02, 
   34.012, 0.4187, 0.6061,  3.84022,  3.84292,     0.00,  24.85,   0.02, 
   34.113, 0.4187, 0.6061,  3.84039,  3.84292,     0.00,  24.85,   0.02, 
   34.225, 0.4187, 0.6061,  3.84055,  3.84292,     0.00,  24.85,   0.02, 
   34.348, 0.4187, 0.6061,  3.84070,  3.84292,     0.00,  24.85,   0.02, 
   34.483, 0.4187, 0.6061,  3.84083,  3.84292,     0.00,  24.85,   0.02, 
   34.631, 0.4187, 0.6061,  3.84096,  3.84292,     0.00,  24.85,   0.02, 
   34.795, 0.4187, 0.6061,  3.84108,  3.84292,     0.00,  24.85,   0.01, 
   34.974, 0.4187, 0.6061,  3.84119,  3.84292,     0.00,  24.85,   0.01, 
   35.172, 0.4187, 0.6061,  3.84129,  3.84292,     0.00,  24.85,   0.01, 
   35.390, 0.4187, 0.6061,  3.84139,  3.84292,     0.00,  24.85,   0.01, 
   35.629, 0.4187, 0.6061,  3.84148,  3.84292,     0.00,  24.85,   0.01, 
   35.892, 0.4187, 0.6061,  3.84157,  3.84292,     0.00,  24.85,   0.01, 
   36.182, 0.4187, 0.6061,  3.84165,  3.84292,     0.00,  24.85,   0.01, 
   36.501, 0.4187, 0.6061,  3.84174,  3.84292,     0.00,  24.85,   0.01, 
   36.851, 0.4187, 0.6061,  3.84181,  3.84292,     0.00,  24.85,   0.01, 
   37.236, 0.4187, 0.6061,  3.84189,  3.84292,     0.00,  24.85,   0.01, 
   37.660, 0.4187, 0.6061,  3.84196,  3.84292,     0.00,  24.85,   0.01, 
   38.127, 0.4187, 0.6061,  3.84203,  3.84292,     0.00,  24.85,   0.01, 
   38.640, 0.4187, 0.6061,  3.84209,  3.84292,     0.00,  24.85,   0.01, 
   39.153, 0.4187, 0.6061,  3.84215,  3.84292,     0.00,  24.85,   0.01, 
   39.666, 0.4187, 0.6061,  3.84221,  3.84292,     0.00,  24.85,   0.00, 
   40.179, 0.4187, 0.6061,  3.84226,  3.84292,     0.00,  24.85,   0.00, 
   40.692, 0.4187, 0.6061,  3.84230,  3.84292,     0.00,  24.85,   0.00, 
   41.205, 0.4187, 0.6061,  3.84234,  3.84292,     0.00,  24.85,   0.00, 
   41.718, 0.4187, 0.6061,  3.84237,  3.84292,     0.00,  24.85,   0.00, 
   42.231, 0.4187, 0.6061,  3.84241,  3.84292,     0.00,  24.85,   0.00, 
   42.744, 0.4187, 0.6061,  3.84244,  3.84292,     0.00,  24.85,   0.00, 
   43.257, 0.4187, 0.6061,  3.84247,  3.84292,     0.00,  24.85,   0.00, 
   43.770, 0.4187, 0.6061,  3.84250,  3.84292,     0.00,  24.85,   0.00, 
   44.283, 0.4187, 0.6061,  3.84252,  3.84292,     0.00,  24.85,   0.00, 
   44.796, 0.4187, 0.6061,  3.84254,  3.84292,     0.00,  24.85,   0.00, 
   45.309, 0.4187, 0.6061,  3.84257,  3.84292,     0.00,  24.85,   0.00, 
   45.822, 0.4187, 0.6061,  3.84259,  3.84292,     0.00,  24.85,   0.00, 
   46.335, 0.4187, 0.6061,  3.84261,  3.84292,     0.00,  24.85,   0.00, 
   46.848, 0.4187, 0.6061,  3.84262,  3.84292,     0.00,  24.85,   0.00, 
   47.361, 0.4187, 0.6061,  3.84264,  3.84292,     0.00,  24.85,   0.00, 
   47.874, 0.4187, 0.6061,  3.84266,  3.84292,     0.00,  24.85,   0.00, 
   48.387, 0.4187, 0.6061,  3.84267,  3.84292,     0.00,  24.85,   0.00, 
   48.900, 0.4187, 0.6061,  3.84269,  3.84292,     0.00,  24.85,   0.00, 
   49.413, 0.4187, 0.6061,  3.84270,  3.84292,     0.00,  24.85,   0.00, 
   49.926, 0.4187, 0.6061,  3.84271,  3.84292,     0.00,  24.85,   0.00, 
   50.439, 0.4187, 0.6061,  3.84272,  3.84292,     0.00,  24.85,   0.00, 
   50.952, 0.4187, 0.6061,  3.84274,  3.84292,     0.00,  24.85,   0.00, 
   51.465, 0.4187, 0.6061,  3.84275,  3.84292,     0.00,  24.85,   0.00, 
   51.978, 0.4187, 0.6061,  3.84276,  3.84292,     0.00,  24.85,   0.00, 
   52.491, 0.4187, 0.6061,  3.84277,  3.84292,     0.00,  24.85,   0.00, 
   53.004, 0.4187, 0.6061,  3.84277,  3.84292,     0.00,  24.85,   0.00, 
   53.517, 0.4187, 0.6061,  3.84278,  3.84292,     0.00,  24.85,   0.00, 
   54.030, 0.4187, 0.6061,  3.84279,  3.84292,     0.00,  24.85,   0.00, 
   54.543, 0.4187, 0.6061,  3.84280,  3.84292,     0.00,  24.85,   0.00, 
   55.056, 0.4187, 0.6061,  3.84280,  3.84292,     0.00,  24.85,   0.00, 
   55.569, 0.4187, 0.6061,  3.84281,  3.84292,     0.00,  24.85,   0.00, 
   56.082, 0.4187, 0.6061,  3.84282,  3.84292,     0.00,  24.85,   0.00, 
   56.595, 0.4187, 0.6061,  3.84282,  3.84292,     0.00,  24.85,   0.00, 
   57.108, 0.4187, 0.6061,  3.84283,  3.84292,     0.00,  24.85,   0.00, 
   57.621, 0.4187, 0.6061,  3.84283,  3.84292,     0.00,  24.85,   0.00, 
   58.134, 0.4187, 0.6061,  3.84284,  3.84292,     0.00,  24.85,   0.00, 
   58.647, 0.4187, 0.6061,  3.84284,  3.84292,     0.00,  24.85,   0.00, 
   59.160, 0.4187, 0.6061,  3.84285,  3.84292,     0.00,  24.85,   0.00, 
   59.673, 0.4187, 0.6061,  3.84285,  3.84292,     0.00,  24.85,   0.00, 
   60.186, 0.4187, 0.6061,  3.84286,  3.84292,     0.00,  24.85,   0.00, 
   60.699, 0.4187, 0.6061,  3.84286,  3.84292,     0.00,  24.85,   0.00, 
   61.212, 0.4187, 0.6061,  3.84286,  3.84292,     0.00,  24.85,   0.00, 
   61.725, 0.4187, 0.6061,  3.84287,  3.84292,     0.00,  24.85,   0.00, 
   62.238, 0.4187, 0.6061,  3.84287,  3.84292,     0.00,  24.85,   0.00, 
   62.751, 0.4187, 0.6061,  3.84287,  3.84292,     0.00,  24.85,   0.00, 
   63.264, 0.4187, 0.6061,  3.84287,  3.84292,     0.00,  24.85,   0.00, 
   63.777, 0.4187, 0.6061,  3.84288,  3.84292,     0.00,  24.85,   0.00, 
   64.290, 0.4187, 0.6061,  3.84288,  3.84292,     0.00,  24.85,   0.00, 
   64.803, 0.4187, 0.6061,  3.84288,  3.84292,     0.00,  24.85,   0.00, 
   65.316, 0.4187, 0.6061,  3.84288,  3.84292,     0.00,  24.85,   0.00, 
   65.829, 0.4187, 0.6061,  3.84289,  3.84292,     0.00,  24.85,   0.00, 
   66.342, 0.4187, 0.6061,  3.84289,  3.84292,     0.00,  24.85,   0.00, 
   66.855, 0.4187, 0.6061,  3.84289,  3.84292,     0.00,  24.85,   0.00, 
   67.368, 0.4187, 0.6061,  3.84289,  3.84292,     0.00,  24.85,   0.00, 
   67.881, 0.4187, 0.6061,  3.84289,  3.84292,     0.00,  24.85,   0.00, 
   68.394, 0.4187, 0.6061,  3.84289,  3.84292,     0.00,  24.85,   0.00, 
   68.907, 0.4187, 0.6061,  3.84290,  3.84292,     0.00,  24.85,   0.00, 
   69.420, 0.4187, 0.6061,  3.84290,  3.84292,     0.00,  24.85,   0.00, 
   69.933, 0.4187, 0.6061,  3.84290,  3.84292,     0.00,  24.85,   0.00, 
   70.446, 0.4187, 0.6061,  3.84290,  3.84292,     0.00,  24.85,   0.00, 
   70.959, 0.4187, 0.6061,  3.84290,  3.84292,     0.00,  24.85,   0.00, 
   71.472, 0.4187, 0.6061,  3.84290,  3.84292,     0.00,  24.85,   0.00, 
   71.984, 0.4187, 0.6061,  3.84290,  3.84292,     0.00,  24.85,   0.00, 
   72.497, 0.4187, 0.6061,  3.84290,  3.84292,     0.00,  24.85,   0.00, 
   73.010, 0.4187, 0.6061,  3.84290,  3.84292,     0.00,  24.85,   0.00, 
   73.523, 0.4187, 0.6061,  3.84291,  3.84292,     0.00,  24.85,   0.00, 
   74.036, 0.4187, 0.6061,  3.84291,  3.84292,     0.00,  24.85,   0.00, 
   74.549, 0.4187, 0.6061,  3.84291,  3.84292,     0.00,  24.85,   0.00, 
   75.062, 0.4187, 0.6061,  3.84291,  3.84292,     0.00,  24.85,   0.00, 
   75.575, 0.4187, 0.6061,  3.84291,  3.84292,     0.00,  24.85,   0.00, 
   76.088, 0.4187, 0.6061,  3.84291,  3.84292,     0.00,  24.85,   0.00, 
   76.601, 0.4187, 0.6061,  3.84291,  3.84292,     0.00,  24.85,   0.00, 
   77.114, 0.4187, 0.6061,  3.84291,  3.84292,     0.00,  24.85,   0.00, 
   77.627, 0.4187, 0.6061,  3.84291,  3.84292,     0.00,  24.85,   0.00, 
   78.140, 0.4187, 0.6061,  3.84291,  3.84292,     0.00,  24.85,   0.00, 
   78.653, 0.4187, 0.6061,  3.84291,  3.84292,     0.00,  24.85,   0.00, 
   79.166, 0.4187, 0.6061,  3.84291,  3.84292,     0.00,  24.85,   0.00, 
   79.679, 0.4187, 0.6061,  3.84291,  3.84292,     0.00,  24.85,   0.00, 
   80.192, 0.4187, 0.6061,  3.84291,  3.84292,     0.00,  24.85,   0.00, 
   80.705, 0.4187, 0.6061,  3.84291,  3.84292,     0.00,  24.85,   0.00, 
   81.218, 0.4187, 0.6061,  3.84291,  3.84292,     0.00,  24.85,   0.00, 
   81.731, 0.4187, 0.6061,  3.84291,  3.84292,     0.00,  24.85,   0.00, 
   82.244, 0.4187, 0.6061,  3.84291,  3.84292,     0.00,  24.85,   0.00, 
   82.757, 0.4187, 0.6061,  3.84292,  3.84292,     0.00,  24.85,   0.00, 
   83.270, 0.4187, 0.6061,  3.84292,  3.84292,     0.00,  24.85,   0.00, 
   83.783, 0.4187, 0.6061,  3.84292,  3.84292,     0.00,  24.85,   0.00, 
   84.296, 0.4187, 0.6061,  3.84292,  3.84292,     0.00,  24.85,   0.00, 
   84.809, 0.4187, 0.6061,  3.84292,  3.84292,     0.00,  24.85,   0.00, 
   85.322, 0.4187, 0.6061,  3.84292,  3.84292,     0.00,  24.85,   0.00, 
   85.835, 0.4187, 0.6061,  3.84292,  3.84292,     0.00,  24.85,   0.00, 
   86.348, 0.4187, 0.6061,  3.84292,  3.84292,     0.00,  24.85,   0.00, 
   86.861, 0.4187, 0.6061,  3.84292,  3.84292,     0.00,  24.85,   0.00, 
   87.374, 0.4187, 0.6061,  3.84292,  3.84292,     0.00,  24.85,   0.00, 
   87.887, 0.4187, 0.6061,  3.84292,  3.84292,     0.00,  24.85,   0.00, 
   88.400, 0.4187, 0.6061,  3.84292,  3.84292,     0.00,  24.85,   0.00, 
   88.913, 0.4187, 0.6061,  3.84292,  3.84292,     0.00,  24.85,   0.00, 
   89.426, 0.4187, 0.6061,  3.84292,  3.84292,     0.00,  24.85,   0.00, 
   89.939, 0.4187, 0.6061,  3.84292,  3.84292,     0.00,  24.85,   0.00, 
   90.452, 0.4187, 0.6061,  3.84292,  3.84292,     0.00,  24.85,   0.00, 
   90.965, 0.4187, 0.6061,  3.84292,  3.84292,     0.00,  24.85,   0.00, 
   91.478, 0.4187, 0.6061,  3.84292,  3.84292,     0.00,  24.85,   0.00, 
   91.991, 0.4187, 0.6061,  3.84292,  3.84292,     0.00,  24.85,   0.00, 
   92.504, 0.4187, 0.6061,  3.84292,  3.84292,     0.00,  24.85,   0.00, 
   93.017, 0.4187, 0.6061,  3.84292,  3.84292,     0.00,  24.85,   0.00, 
   93.530, 0.4187, 0.6061,  3.84292,  3.84292,     0.00,  24.85,   0.00, 
   94.043, 0.4187, 0.6061,  3.84292,  3.84292,     0.00,  24.85,   0.00, 
   94.556, 0.4187, 0.6061,  3.84292,  3.84292,     0.00,  24.85,   0.00, 
   95.069, 0.4187, 0.6061,  3.84292,  3.84292,     0.00,  24.85,   0.00, 
   95.582, 0.4187, 0.6061,  3.84292,  3.84292,     0.00,  24.85,   0.00, 
   96.095, 0.4187, 0.6061,  3.84292,  3.84292,     0.00,  24.85,   0.00, 
   96.608, 0.4187, 0.6061,  3.84292,  3.84292,     0.00,  24.85,   0.00, 
   97.121, 0.4187, 0.6061,  3.84292,  3.84292,     0.00,  24.85,   0.00, 
   97.634, 0.4187, 0.6061,  3.84292,  3.84292,     0.00,  24.85,   0.00, 
   98.147, 0.4187, 0.6061,  3.84292,  3.84292,     0.00,  24.85,   0.00, 
   98.660, 0.4187, 0.6061,  3.84292,  3.84292,     0.00,  24.85,   0.00, 
   99.173, 0.4187, 0.6061,  3.84292,  3.84292,     0.00,  24.85,   0.00, 
   99.686, 0.4187, 0.6061,  3.84292,  3.84292,     0.00,  24.85,   0.00, 
  100.199, 0.4187, 0.6061,  3.84292,  3.84292,     0.00,  24.85,   0.00, 
  100.712, 0.4187, 0.6061,  3.84292,  3.84292,     0.00,  24.85,   0.00, 
  101.225, 0.4187, 0.6061,  3.84292,  3.84292,     0.00,  24.85,   0.00, 
  101.738, 0.4187, 0.6061,  3.84292,  3.84292,     0.00,  24.85,   0.00, 
  102.251, 0.4187, 0.6061,  3.84292,  3.84292,     0.00,  24.85,   0.00, 
  102.764, 0.4187, 0.6061,  3.84292,  3.84292,     0.00,  24.85,   0.00, 
  103.277, 0.4187, 0.6061,  3.84292,  3.84292,     0.00,  24.85,   0.00, 
  103.790, 0.4187, 0.6061,  3.84292,  3.84292,     0.00,  24.85,   0.00, 
  104.303, 0.4187, 0.6061,  3.84292,  3.84292,     0.00,  24.85,   0.00, 
  104.816, 0.4187, 0.6061,  3.84292,  3.84292,     0.00,  24.85,   0.00, 
  105.329, 0.4187, 0.6061,  3.84292,  3.84292,     0.00,  24.85,   0.00, 
  105.842, 0.4187, 0.6061,  3.84292,  3.84292,     0.00,  24.85,   0.00, 
  106.355, 0.4187, 0.6061,  3.84292,  3.84292,     0.00,  24.85,   0.00, 
  106.868, 0.4187, 0.6061,  3.84292,  3.84292,     0.00,  24.85,   0.00, 
  107.381, 0.4187, 0.6061,  3.84292,  3.84292,     0.00,  24.85,   0.00, 
  107.894, 0.4187, 0.6061,  3.84292,  3.84292,     0.00,  24.85,   0.00, 
  108.407, 0.4187, 0.6061,  3.84292,  3.84292,     0.00,  24.85,   0.00, 
  108.920, 0.4187, 0.6061,  3.84292,  3.84292,     0.00,  24.85,   0.00, 
  109.433, 0.4187, 0.6061,  3.84292,  3.84292,     0.00,  24.85,   0.00, 
  109.946, 0.4187, 0.6061,  3.84292,  3.84292,     0.00,  24.85,   0.00, 
  110.459, 0.4187, 0.6061,  3.84292,  3.84292,     0.00,  24.85,   0.00, 
  110.972, 0.4187, 0.6061,  3.84292,  3.84292,     0.00,  24.85,   0.00, 
  111.485, 0.4187, 0.6061,  3.84292,  3.84292,     0.00,  24.85,   0.00, 
  111.998, 0.4187, 0.6061,  3.84292,  3.84292,     0.00,  24.85,   0.00, 
  112.511, 0.4187, 0.6061,  3.84292,  3.84292,     0.00,  24.85,   0.00, 
  113.024, 0.4187, 0.6061,  3.84292,  3.84292,     0.00,  24.85,   0.00, 
  113.537, 0.4187, 0.6061,  3.84292,  3.84292,     0.00,  24.85,   0.00, 
  114.050, 0.4187, 0.6061,  3.84292,  3.84292,     0.00,  24.85,   0.00, 
  114.563, 0.4187, 0.6061,  3.84292,  3.84292,     0.00,  24.85,   0.00, 
  115.076, 0.4187, 0.6061,  3.84292,  3.84292,     0.00,  24.85,   0.00, 
  115.589, 0.4187, 0.6061,  3.84292,  3.84292,     0.00,  24.85,   0.00, 
  116.102, 0.4187, 0.6061,  3.84292,  3.84292,     0.00,  24.85,   0.00, 
  116.615, 0.4187, 0.6061,  3.84292,  3.84292,     0.00,  24.85,   0.00, 
  117.128, 0.4187, 0.6061,  3.84292,  3.84292,     0.00,  24.85,   0.00, 
  117.641, 0.4187, 0.6061,  3.84292,  3.84292,     0.00,  24.85,   0.00, 
  118.154, 0.4187, 0.6061,  3.84292,  3.84292,     0.00,  24.85,   0.00, 
  118.667, 0.4187, 0.6061,  3.84292,  3.84292,     0.00,  24.85,   0.00, 
  119.180, 0.4187, 0.6061,  3.84292,  3.84292,     0.00,  24.85,   0.00, 
  119.693, 0.4187, 0.6061,  3.84292,  3.84292,     0.00,  24.85,   0.00, 
  120.206, 0.4187, 0.6061,  3.84292,  3.84292,     0.00,  24.85,   0.00, 
  120.719, 0.4187, 0.6061,  3.84292,  3.84292,     0.00,  24.85,   0.00, 
  121.232, 0.4187, 0.6061,  3.84292,  3.84292,     0.00,  24.85,   0.00, 
  121.745, 0.4187, 0.6061,  3.84292,  3.84292,     0.00,  24.85,   0.00, 
  122.258, 0.4187, 0.6061,  3.84292,  3.84292,     0.00,  24.85,   0.00, 
  122.771, 0.4187, 0.6061,  3.84292,  3.84292,     0.00,  24.85,   0.00, 
  123.284, 0.4187, 0.6061,  3.84292,  3.84292,     0.00,  24.85,   0.00, 
  123.797, 0.4187, 0.6061,  3.84292,  3.84292,     0.00,  24.85,   0.00, 
  124.310, 0.4187, 0.6061,  3.84292,  3.84292,     0.00,  24.85,   0.00, 
  124.823, 0.4187, 0.6061,  3.84292,  3.84292,     0.00,  24.85,   0.00, 
  125.336, 0.4187, 0.6061,  3.84292,  3.84292,     0.00,  24.85,   0.00, 
  125.849, 0.4187, 0.6061,  3.84292,  3.84292,     0.00,  24.85,   0.00, 
  126.362, 0.4187, 0.6061,  3.84292,  3.84292,     0.00,  24.85,   0.00, 
  126.875, 0.4187, 0.6061,  3.84292,  3.84292,     0.00,  24.85,   0.00, 
  127.388, 0.4187, 0.6061,  3.84292,  3.84292,     0.00,  24.85,   0.00, 
  127.901, 0.4187, 0.6061,  3.84292,  3.84292,     0.00,  24.85,   0.00, 
  128.414, 0.4187, 0.6061,  3.84292,  3.84292,     0.00,  24.85,   0.00, 
  128.927, 0.4187, 0.6061,  3.84292,  3.84292,     0.00,  24.85,   0.00, 
  129.440, 0.4187, 0.6061,  3.84292,  3.84292,     0.00,  24.85,   0.00, 
  129.953, 0.4187, 0.6061,  3.84292,  3.84292,     0.00,  24.85,   0.00, 
  130.466, 0.4187, 0.6061,  3.84292,  3.84292,     0.00,  24.85,   0.00, 
  130.979, 0.4187, 0.6061,  3.84292,  3.84292,     0.00,  24.85,   0.00, 
  131.492, 0.4187, 0.6061,  3.84292,  3.84292,     0.00,  24.85,   0.00, 
  132.005, 0.4187, 0.6061,  3.84292,  3.84292,     0.00,  24.85,   0.00, 
  132.518, 0.4187, 0.6061,  3.84292,  3.84292,     0.00,  24.85,   0.00, 
  133.000, 0.4187, 0.6061,  3.84292,  3.84292,     0.00,  24.85,   0.00, 

            mass  =  0.8166 kg/m2
 specific energy segment =     0.00 W-h/kg
 specific power segment  =     0.00 W/kg
 total heat =          0.2984 W-h/m2
  
