     50  lim, limit on number of iterations
 100.00  h1,  thickness of negative electrode (microns)
  25.00  h2,  thickness of separator (microns)
 100.00  h3,  thickness of positive electrode (microns)
  25.00  hcn, thickness of negative electrode current collector (microns)
  25.00  hcp, thickness of positive electrode current collector (microns)
     80  n1,  number of nodes in negative electrode
     40  n2,  number of nodes in separator
     80  n3,  number of nodes in positive electrode
 298.00  T,   temperature (K)

 1000.0  xx(1,n1+2), initial concentration (mol/m3)
 0.6000  csx,   initial stoichiometric parameter for negative
 0.5000  csy,   initial stoichiometric parameter for positive
   30.0  tmmax, maximum time step size (s)
 .4E-13  dfs1, diffusion coefficient in negative solid (m2/s)
 .1E-12  dfs3, diffusion coefficient in positive solid (m2/s)
  10.00  Rad1,  radius of negative particles (microns)
  10.00  Rad3,  radius of positive particles (microns)

  0.300  ep1,   volume fraction of electrolyte in negative electrode
  0.000  epp1,  volume fraction of polymer phase in negative electrode
  0.100  epf1,  volume fraction of inert filler in negative electrode
  1.000  ep2,   volume fraction of electrolyte in separator
  0.000  epp2,  volume fraction of polymer phase in separator
  0.300  ep3,   volume fraction of electrolyte in positive electrode
  0.000  epp3,  volume fraction of polymer phase in positive electrode
  0.200  epf3,  volume fraction of inert filler in positive electrode
 0.10E+03  sig1,  conductivity of negative matrix (S/m)
  10.      sig3,  conductivity of positive matrix (S/m)
  372.00  cot1,  coulombic capacity of negative material (mAh/g)
  274.00  cot3,  coulombic capacity of positive material (mAh/g)
 .1E-04  rka1,  reaction rate constant for negative reaction 
 .3E-10  rka3,  reaction rate constant for positive reaction

 1324.0  re,   density of electrolyte (kg/m3)
 1800.0  rs1,  density of negative insertion material (kg/m3)
 5010.0  rs3,  density of positive insertion material (kg/m3)
 1800.0  rf,   density of inert filler (kg/m3)
 1780.0  rpl,  density of polymer phase (kg/m3)
    0.0  rc,   density of separator material (kg/m3)
 8954.0  rcn,  density of negative current collector (kg/m3)
 2707.0  rcp,  density of positive current collector (kg/m3)

   0.001000  ranode,   anode film resistance (ohm-m2)
   0.000000  rcathde,  cathode film resistance (ohm-m2)
   0.00  htc,   heat-transfer coefficient with external medium (W/m2K)
   0.000000  dUdT,  temperature coefficient of EMF (V/K)
 2000.0  Cp,    heat capacity of cell (J/kg-K)
   0.00  residm,    residual mass (kg/m2)
 298.00  Tam,   ambient temperature (K)
      1  ncell, number of cells in a cell stack
      2  lht,   0 uses htc,  1 calcs htc,  2 isothermal

      0    nside, side reaction flag 

      1  il1,   1 for long print-out  0 for short print-out
     10  il2,   prints every il2 th node in long print-out
     10  il3,   prints every il3 th time step in long print-out
      1  lflag, 0 for electrolyte in separator only, 1 for uniform
      0  imp, 0 for no impedance, 1 for impedance
   0.00  capp1,  capacitance of negative material (F/m2)
   0.00  capp3,  capacitance of positive material (F/m2)
      3  lcurs, number of current changes
  
 MCMB 2528 Graphite (Bellcore)
 LiPF6 in EC:DMC
 LiCoO2 (Cobalt dioxide)
 open-circuit potential, negative   0.178978294
 delta S negative   0.
 open-circuit potential, positive   4.24165195
 delta S positive   0.
  
      DUAL INSERTION CELL VERSION 5.1
  
   Time     Util N  Util P  Cell Pot   Uocp      Curr      Temp   heatgen
   (min)       x       y      (V)       (V)      (A/m2)    (C)    (W/m2)
  
    0.000, 0.6000, 0.5000,  4.06267,  4.06267,     0.00,  24.85,   0.00, 
    0.001, 0.6000, 0.5000,  4.06267,  4.06267,     0.00,  24.85,   0.00, 
    0.001, 0.6000, 0.5000,  4.06267,  4.06267,     0.00,  24.85,   0.00, 
    0.001, 0.6000, 0.5000,  4.06267,  4.06267,     0.00,  24.85,   0.00, 
    0.002, 0.6000, 0.5000,  4.06267,  4.06267,     0.00,  24.85,   0.00, 
    0.002, 0.6000, 0.5000,  4.06267,  4.06267,     0.00,  24.85,   0.00, 
    0.003, 0.6000, 0.5000,  4.06267,  4.06267,     0.00,  24.85,   0.00, 
    0.003, 0.6000, 0.5000,  4.06267,  4.06267,     0.00,  24.85,   0.00, 
    0.004, 0.6000, 0.5000,  4.06267,  4.06267,     0.00,  24.85,   0.00, 
    0.005, 0.6000, 0.5000,  4.06267,  4.06267,     0.00,  24.85,   0.00, 
    0.006, 0.6000, 0.5000,  4.06267,  4.06267,     0.00,  24.85,   0.00, 
    0.007, 0.6000, 0.5000,  4.06267,  4.06267,     0.00,  24.85,   0.00, 
    0.007, 0.6000, 0.5000,  4.06267,  4.06267,     0.00,  24.85,   0.00, 
    0.009, 0.6000, 0.5000,  4.06267,  4.06267,     0.00,  24.85,   0.00, 
    0.010, 0.6000, 0.5000,  4.06267,  4.06267,     0.00,  24.85,   0.00, 
    0.011, 0.6000, 0.5000,  4.06267,  4.06267,     0.00,  24.85,   0.00, 
    0.012, 0.6000, 0.5000,  4.06267,  4.06267,     0.00,  24.85,   0.00, 
    0.014, 0.6000, 0.5000,  4.06267,  4.06267,     0.00,  24.85,   0.00, 
    0.016, 0.6000, 0.5000,  4.06267,  4.06267,     0.00,  24.85,   0.00, 
    0.017, 0.6000, 0.5000,  4.06267,  4.06267,     0.00,  24.85,   0.00, 
    0.019, 0.6000, 0.5000,  4.06267,  4.06267,     0.00,  24.85,   0.00, 
    0.022, 0.6000, 0.5000,  4.06267,  4.06267,     0.00,  24.85,   0.00, 
    0.024, 0.6000, 0.5000,  4.06267,  4.06267,     0.00,  24.85,   0.00, 
    0.027, 0.6000, 0.5000,  4.06267,  4.06267,     0.00,  24.85,   0.00, 
    0.030, 0.6000, 0.5000,  4.06267,  4.06267,     0.00,  24.85,   0.00, 
    0.033, 0.6000, 0.5000,  4.06267,  4.06267,     0.00,  24.85,   0.00, 
    0.037, 0.6000, 0.5000,  4.06267,  4.06267,     0.00,  24.85,   0.00, 
    0.041, 0.6000, 0.5000,  4.06267,  4.06267,     0.00,  24.85,   0.00, 
    0.045, 0.6000, 0.5000,  4.06267,  4.06267,     0.00,  24.85,   0.00, 
    0.050, 0.6000, 0.5000,  4.06267,  4.06267,     0.00,  24.85,   0.00, 
    0.055, 0.6000, 0.5000,  4.06267,  4.06267,     0.00,  24.85,   0.00, 
    0.061, 0.6000, 0.5000,  4.06267,  4.06267,     0.00,  24.85,   0.00, 
    0.067, 0.6000, 0.5000,  4.06267,  4.06267,     0.00,  24.85,   0.00, 
    0.074, 0.6000, 0.5000,  4.06267,  4.06267,     0.00,  24.85,   0.00, 
    0.082, 0.6000, 0.5000,  4.06267,  4.06267,     0.00,  24.85,   0.00, 
    0.091, 0.6000, 0.5000,  4.06267,  4.06267,     0.00,  24.85,   0.00, 
    0.100, 0.6000, 0.5000,  4.06267,  4.06267,     0.00,  24.85,   0.00, 
    0.110, 0.6000, 0.5000,  4.06267,  4.06267,     0.00,  24.85,   0.00, 
    0.122, 0.6000, 0.5000,  4.06267,  4.06267,     0.00,  24.85,   0.00, 
    0.134, 0.6000, 0.5000,  4.06267,  4.06267,     0.00,  24.85,   0.00, 
    0.148, 0.6000, 0.5000,  4.06267,  4.06267,     0.00,  24.85,   0.00, 
    0.163, 0.6000, 0.5000,  4.06267,  4.06267,     0.00,  24.85,   0.00, 
    0.180, 0.6000, 0.5000,  4.06267,  4.06267,     0.00,  24.85,   0.00, 
    0.198, 0.6000, 0.5000,  4.06267,  4.06267,     0.00,  24.85,   0.00, 
    0.218, 0.6000, 0.5000,  4.06267,  4.06267,     0.00,  24.85,   0.00, 
    0.240, 0.6000, 0.5000,  4.06267,  4.06267,     0.00,  24.85,   0.00, 
    0.264, 0.6000, 0.5000,  4.06267,  4.06267,     0.00,  24.85,   0.00, 
    0.291, 0.6000, 0.5000,  4.06267,  4.06267,     0.00,  24.85,   0.00, 
    0.320, 0.6000, 0.5000,  4.06267,  4.06267,     0.00,  24.85,   0.00, 
    0.353, 0.6000, 0.5000,  4.06267,  4.06267,     0.00,  24.85,   0.00, 
    0.388, 0.6000, 0.5000,  4.06267,  4.06267,     0.00,  24.85,   0.00, 
    0.427, 0.6000, 0.5000,  4.06267,  4.06267,     0.00,  24.85,   0.00, 
    0.470, 0.6000, 0.5000,  4.06267,  4.06267,     0.00,  24.85,   0.00, 
    0.518, 0.6000, 0.5000,  4.06267,  4.06267,     0.00,  24.85,   0.00, 
    0.570, 0.6000, 0.5000,  4.06267,  4.06267,     0.00,  24.85,   0.00, 
    0.627, 0.6000, 0.5000,  4.06267,  4.06267,     0.00,  24.85,   0.00, 
    0.690, 0.6000, 0.5000,  4.06267,  4.06267,     0.00,  24.85,   0.00, 
    0.760, 0.6000, 0.5000,  4.06267,  4.06267,     0.00,  24.85,   0.00, 
    0.836, 0.6000, 0.5000,  4.06267,  4.06267,     0.00,  24.85,   0.00, 
    0.920, 0.6000, 0.5000,  4.06267,  4.06267,     0.00,  24.85,   0.00, 
    1.012, 0.6000, 0.5000,  4.06267,  4.06267,     0.00,  24.85,   0.00, 
    1.113, 0.6000, 0.5000,  4.06267,  4.06267,     0.00,  24.85,   0.00, 
    1.225, 0.6000, 0.5000,  4.06267,  4.06267,     0.00,  24.85,   0.00, 
    1.348, 0.6000, 0.5000,  4.06267,  4.06267,     0.00,  24.85,   0.00, 
    1.483, 0.6000, 0.5000,  4.06267,  4.06267,     0.00,  24.85,   0.00, 
    1.632, 0.6000, 0.5000,  4.06267,  4.06267,     0.00,  24.85,   0.00, 
    1.795, 0.6000, 0.5000,  4.06267,  4.06267,     0.00,  24.85,   0.00, 
    1.975, 0.6000, 0.5000,  4.06267,  4.06267,     0.00,  24.85,   0.00, 
    2.173, 0.6000, 0.5000,  4.06267,  4.06267,     0.00,  24.85,   0.00, 
    2.390, 0.6000, 0.5000,  4.06267,  4.06267,     0.00,  24.85,   0.00, 
    2.629, 0.6000, 0.5000,  4.06267,  4.06267,     0.00,  24.85,   0.00, 
    2.893, 0.6000, 0.5000,  4.06267,  4.06267,     0.00,  24.85,   0.00, 
    3.182, 0.6000, 0.5000,  4.06267,  4.06267,     0.00,  24.85,   0.00, 
    3.501, 0.6000, 0.5000,  4.06267,  4.06267,     0.00,  24.85,   0.00, 
    3.851, 0.6000, 0.5000,  4.06267,  4.06267,     0.00,  24.85,   0.00, 
    4.237, 0.6000, 0.5000,  4.06267,  4.06267,     0.00,  24.85,   0.00, 
    4.661, 0.6000, 0.5000,  4.06267,  4.06267,     0.00,  24.85,   0.00, 
    5.127, 0.6000, 0.5000,  4.06267,  4.06267,     0.00,  24.85,   0.00, 
    5.640, 0.6000, 0.5000,  4.06267,  4.06267,     0.00,  24.85,   0.00, 
    6.153, 0.6000, 0.5000,  4.06267,  4.06267,     0.00,  24.85,   0.00, 
    6.666, 0.6000, 0.5000,  4.06267,  4.06267,     0.00,  24.85,   0.00, 
    7.179, 0.6000, 0.5000,  4.06267,  4.06267,     0.00,  24.85,   0.00, 
    7.692, 0.6000, 0.5000,  4.06267,  4.06267,     0.00,  24.85,   0.00, 
    8.205, 0.6000, 0.5000,  4.06267,  4.06267,     0.00,  24.85,   0.00, 
    8.718, 0.6000, 0.5000,  4.06267,  4.06267,     0.00,  24.85,   0.00, 
    9.231, 0.6000, 0.5000,  4.06267,  4.06267,     0.00,  24.85,   0.00, 
    9.744, 0.6000, 0.5000,  4.06267,  4.06267,     0.00,  24.85,   0.00, 
   10.000, 0.6000, 0.5000,  4.06267,  4.06267,     0.00,  24.85,   0.00, 
   10.000, 0.6000, 0.5000,  4.04175,  4.06267,    19.00,  24.85,   0.40, 
 specific energy segment =     0.00 W-h/kg
 specific power segment  =     0.00 W/kg
 total heat =          0.0000 W-h/m2
  
   10.000, 0.6000, 0.5000,  4.04175,  4.06267,    19.00,  24.85,   0.40, 
   10.000, 0.6000, 0.5000,  4.04164,  4.06267,    19.00,  24.85,   0.40, 
   10.001, 0.6000, 0.5000,  4.04156,  4.06267,    19.00,  24.85,   0.40, 
   10.001, 0.6000, 0.5000,  4.04150,  4.06267,    19.00,  24.85,   0.40, 
   10.002, 0.6000, 0.5000,  4.04145,  4.06267,    19.00,  24.85,   0.40, 
   10.002, 0.6000, 0.5000,  4.04140,  4.06266,    19.00,  24.85,   0.40, 
   10.003, 0.6000, 0.5000,  4.04135,  4.06266,    19.00,  24.85,   0.41, 
   10.003, 0.6000, 0.5000,  4.04129,  4.06266,    19.00,  24.85,   0.41, 
   10.004, 0.6000, 0.5000,  4.04124,  4.06266,    19.00,  24.85,   0.41, 
   10.005, 0.6000, 0.5000,  4.04119,  4.06265,    19.00,  24.85,   0.41, 
   10.005, 0.6000, 0.5000,  4.04113,  4.06265,    19.00,  24.85,   0.41, 
   10.006, 0.6000, 0.5000,  4.04108,  4.06265,    19.00,  24.85,   0.41, 
   10.007, 0.5999, 0.5000,  4.04102,  4.06264,    19.00,  24.85,   0.41, 
   10.008, 0.5999, 0.5000,  4.04096,  4.06264,    19.00,  24.85,   0.41, 
   10.009, 0.5999, 0.5000,  4.04090,  4.06263,    19.00,  24.85,   0.41, 
   10.011, 0.5999, 0.5000,  4.04083,  4.06263,    19.00,  24.85,   0.41, 
   10.012, 0.5999, 0.5001,  4.04076,  4.06262,    19.00,  24.85,   0.42, 
   10.014, 0.5999, 0.5001,  4.04069,  4.06261,    19.00,  24.85,   0.42, 
   10.015, 0.5999, 0.5001,  4.04061,  4.06261,    19.00,  24.85,   0.42, 
   10.017, 0.5999, 0.5001,  4.04053,  4.06260,    19.00,  24.85,   0.42, 
   10.019, 0.5998, 0.5001,  4.04045,  4.06259,    19.00,  24.85,   0.42, 
   10.021, 0.5998, 0.5001,  4.04036,  4.06258,    19.00,  24.85,   0.42, 
   10.024, 0.5998, 0.5001,  4.04027,  4.06257,    19.00,  24.85,   0.42, 
   10.027, 0.5998, 0.5001,  4.04017,  4.06256,    19.00,  24.85,   0.43, 
   10.029, 0.5998, 0.5001,  4.04006,  4.06254,    19.00,  24.85,   0.43, 
   10.033, 0.5997, 0.5002,  4.03995,  4.06253,    19.00,  24.85,   0.43, 
   10.036, 0.5997, 0.5002,  4.03984,  4.06251,    19.00,  24.85,   0.43, 
   10.040, 0.5997, 0.5002,  4.03972,  4.06250,    19.00,  24.85,   0.43, 
   10.045, 0.5996, 0.5002,  4.03959,  4.06248,    19.00,  24.85,   0.43, 
   10.050, 0.5996, 0.5002,  4.03945,  4.06245,    19.00,  24.85,   0.44, 
   10.055, 0.5996, 0.5003,  4.03931,  4.06243,    19.00,  24.85,   0.44, 
   10.061, 0.5995, 0.5003,  4.03916,  4.06241,    19.00,  24.85,   0.44, 
   10.067, 0.5995, 0.5003,  4.03900,  4.06238,    19.00,  24.85,   0.44, 
   10.074, 0.5994, 0.5003,  4.03883,  4.06235,    19.00,  24.85,   0.45, 
   10.082, 0.5994, 0.5004,  4.03865,  4.06231,    19.00,  24.85,   0.45, 
   10.090, 0.5993, 0.5004,  4.03846,  4.06228,    19.00,  24.85,   0.45, 
   10.100, 0.5992, 0.5005,  4.03826,  4.06223,    19.00,  24.85,   0.46, 
   10.110, 0.5991, 0.5005,  4.03805,  4.06219,    19.00,  24.85,   0.46, 
   10.121, 0.5990, 0.5006,  4.03782,  4.06214,    19.00,  24.85,   0.46, 
   10.134, 0.5989, 0.5006,  4.03759,  4.06209,    19.00,  24.85,   0.47, 
   10.148, 0.5988, 0.5007,  4.03734,  4.06203,    19.00,  24.85,   0.47, 
   10.163, 0.5987, 0.5008,  4.03707,  4.06196,    19.00,  24.85,   0.47, 
   10.179, 0.5986, 0.5008,  4.03679,  4.06189,    19.00,  24.85,   0.48, 
   10.197, 0.5984, 0.5009,  4.03650,  4.06181,    19.00,  24.85,   0.48, 
   10.218, 0.5983, 0.5010,  4.03619,  4.06172,    19.00,  24.85,   0.48, 
   10.240, 0.5981, 0.5011,  4.03586,  4.06162,    19.00,  24.85,   0.49, 
   10.264, 0.5979, 0.5012,  4.03552,  4.06152,    19.00,  24.85,   0.49, 
   10.291, 0.5977, 0.5013,  4.03516,  4.06140,    19.00,  24.85,   0.50, 
   10.320, 0.5975, 0.5015,  4.03477,  4.06128,    19.00,  24.85,   0.50, 
   10.352, 0.5972, 0.5016,  4.03438,  4.06114,    19.00,  24.85,   0.51, 
   10.388, 0.5969, 0.5018,  4.03396,  4.06099,    19.00,  24.85,   0.51, 
   10.427, 0.5966, 0.5020,  4.03352,  4.06082,    19.00,  24.85,   0.52, 
   10.470, 0.5963, 0.5022,  4.03306,  4.06064,    19.00,  24.85,   0.52, 
   10.517, 0.5959, 0.5024,  4.03259,  4.06044,    19.00,  24.85,   0.53, 
   10.570, 0.5955, 0.5026,  4.03209,  4.06022,    19.00,  24.85,   0.53, 
   10.627, 0.5951, 0.5029,  4.03157,  4.05998,    19.00,  24.85,   0.54, 
   10.690, 0.5946, 0.5032,  4.03103,  4.05972,    19.00,  24.85,   0.54, 
   10.759, 0.5940, 0.5035,  4.03046,  4.05943,    19.00,  24.85,   0.55, 
   10.835, 0.5934, 0.5039,  4.02987,  4.05911,    19.00,  24.85,   0.55, 
   10.919, 0.5928, 0.5042,  4.02925,  4.05877,    19.00,  24.85,   0.56, 
   11.012, 0.5920, 0.5047,  4.02860,  4.05840,    19.00,  24.85,   0.56, 
   11.113, 0.5912, 0.5051,  4.02792,  4.05799,    19.00,  24.85,   0.57, 
   11.225, 0.5903, 0.5057,  4.02719,  4.05754,    19.00,  24.85,   0.57, 
   11.348, 0.5894, 0.5062,  4.02641,  4.05706,    19.00,  24.85,   0.58, 
   11.483, 0.5883, 0.5068,  4.02557,  4.05653,    19.00,  24.85,   0.58, 
   11.631, 0.5871, 0.5075,  4.02465,  4.05596,    19.00,  24.85,   0.59, 
   11.795, 0.5859, 0.5083,  4.02363,  4.05533,    19.00,  24.85,   0.60, 
   11.974, 0.5844, 0.5091,  4.02247,  4.05464,    19.00,  24.85,   0.61, 
   12.172, 0.5829, 0.5100,  4.02113,  4.05388,    19.00,  24.85,   0.62, 
   12.390, 0.5812, 0.5110,  4.01953,  4.05304,    19.00,  24.85,   0.63, 
   12.629, 0.5793, 0.5121,  4.01758,  4.05208,    19.00,  24.85,   0.65, 
   12.892, 0.5772, 0.5133,  4.01511,  4.05098,    19.00,  24.85,   0.68, 
   13.182, 0.5749, 0.5147,  4.01190,  4.04964,    19.00,  24.85,   0.71, 
   13.501, 0.5724, 0.5162,  4.00763,  4.04793,    19.00,  24.85,   0.76, 
   13.851, 0.5696, 0.5178,  4.00195,  4.04558,    19.00,  24.85,   0.82, 
   14.236, 0.5666, 0.5195,  3.99480,  4.04213,    19.00,  24.85,   0.89, 
   14.660, 0.5633, 0.5215,  3.98679,  4.03689,    19.00,  24.85,   0.95, 
   15.127, 0.5596, 0.5237,  3.97928,  4.02927,    19.00,  24.85,   0.94, 
   15.640, 0.5555, 0.5260,  3.97330,  4.01976,    19.00,  24.85,   0.88, 
   16.153, 0.5515, 0.5284,  3.96922,  4.01128,    19.00,  24.85,   0.80, 
   16.666, 0.5475, 0.5308,  3.96614,  4.00518,    19.00,  24.85,   0.74, 
   17.179, 0.5434, 0.5331,  3.96339,  4.00120,    19.00,  24.85,   0.72, 
   17.692, 0.5394, 0.5355,  3.96054,  3.99847,    19.00,  24.85,   0.72, 
   18.205, 0.5353, 0.5379,  3.95737,  3.99626,    19.00,  24.85,   0.74, 
   18.718, 0.5313, 0.5402,  3.95370,  3.99407,    19.00,  24.85,   0.76, 
   19.231, 0.5272, 0.5426,  3.94943,  3.99160,    19.00,  24.85,   0.80, 
   19.744, 0.5232, 0.5450,  3.94447,  3.98863,    19.00,  24.85,   0.83, 
   20.257, 0.5192, 0.5473,  3.93876,  3.98498,    19.00,  24.85,   0.87, 
   20.770, 0.5151, 0.5497,  3.93223,  3.98050,    19.00,  24.85,   0.91, 
   21.283, 0.5111, 0.5521,  3.92491,  3.97509,    19.00,  24.85,   0.95, 
   21.796, 0.5070, 0.5544,  3.91684,  3.96869,    19.00,  24.85,   0.98, 
   22.309, 0.5030, 0.5568,  3.90816,  3.96127,    19.00,  24.85,   1.01, 
   22.822, 0.4989, 0.5592,  3.89909,  3.95293,    19.00,  24.85,   1.02, 
   23.335, 0.4949, 0.5615,  3.88988,  3.94381,    19.00,  24.85,   1.02, 
   23.848, 0.4909, 0.5639,  3.88082,  3.93415,    19.00,  24.85,   1.01, 
   24.000, 0.4897, 0.5646,  3.87819,  3.93122,    19.00,  24.85,   1.00, 
   24.000, 0.4897, 0.5646,  3.89990,  3.93122,     0.00,  24.85,   0.05, 
 specific energy segment =    21.53 W-h/kg
 specific power segment  =    92.29 W/kg
 total heat =          0.1889 W-h/m2
  
   24.000, 0.4897, 0.5646,  3.89990,  3.93122,     0.00,  24.85,   0.05, 
   24.000, 0.4897, 0.5646,  3.90031,  3.93122,     0.00,  24.85,   0.05, 
   24.001, 0.4897, 0.5646,  3.90058,  3.93122,     0.00,  24.85,   0.05, 
   24.001, 0.4897, 0.5646,  3.90079,  3.93122,     0.00,  24.85,   0.05, 
   24.002, 0.4897, 0.5646,  3.90098,  3.93122,     0.00,  24.85,   0.05, 
   24.002, 0.4897, 0.5646,  3.90115,  3.93122,     0.00,  24.85,   0.05, 
   24.003, 0.4897, 0.5646,  3.90132,  3.93122,     0.00,  24.85,   0.05, 
   24.003, 0.4897, 0.5646,  3.90149,  3.93122,     0.00,  24.85,   0.05, 
   24.004, 0.4897, 0.5646,  3.90165,  3.93122,     0.00,  24.85,   0.05, 
   24.005, 0.4897, 0.5646,  3.90182,  3.93122,     0.00,  24.85,   0.05, 
   24.005, 0.4897, 0.5646,  3.90199,  3.93122,     0.00,  24.85,   0.05, 
   24.006, 0.4897, 0.5646,  3.90216,  3.93122,     0.00,  24.85,   0.05, 
   24.007, 0.4897, 0.5646,  3.90233,  3.93122,     0.00,  24.85,   0.05, 
   24.008, 0.4897, 0.5646,  3.90251,  3.93122,     0.00,  24.85,   0.05, 
   24.009, 0.4897, 0.5646,  3.90269,  3.93122,     0.00,  24.85,   0.05, 
   24.011, 0.4897, 0.5646,  3.90288,  3.93122,     0.00,  24.85,   0.05, 
   24.012, 0.4897, 0.5646,  3.90308,  3.93122,     0.00,  24.85,   0.05, 
   24.014, 0.4897, 0.5646,  3.90328,  3.93122,     0.00,  24.85,   0.05, 
   24.015, 0.4897, 0.5646,  3.90349,  3.93122,     0.00,  24.85,   0.05, 
   24.017, 0.4897, 0.5646,  3.90371,  3.93122,     0.00,  24.85,   0.04, 
   24.019, 0.4897, 0.5646,  3.90393,  3.93122,     0.00,  24.85,   0.04, 
   24.021, 0.4897, 0.5646,  3.90417,  3.93122,     0.00,  24.85,   0.04, 
   24.024, 0.4897, 0.5646,  3.90441,  3.93122,     0.00,  24.85,   0.04, 
   24.027, 0.4897, 0.5646,  3.90466,  3.93122,     0.00,  24.85,   0.04, 
   24.029, 0.4897, 0.5646,  3.90493,  3.93122,     0.00,  24.85,   0.04, 
   24.033, 0.4897, 0.5646,  3.90520,  3.93122,     0.00,  24.85,   0.04, 
   24.036, 0.4897, 0.5646,  3.90548,  3.93122,     0.00,  24.85,   0.04, 
   24.040, 0.4897, 0.5646,  3.90578,  3.93122,     0.00,  24.85,   0.04, 
   24.045, 0.4897, 0.5646,  3.90609,  3.93122,     0.00,  24.85,   0.04, 
   24.050, 0.4897, 0.5646,  3.90641,  3.93122,     0.00,  24.85,   0.04, 
   24.055, 0.4897, 0.5646,  3.90675,  3.93122,     0.00,  24.85,   0.04, 
   24.061, 0.4897, 0.5646,  3.90710,  3.93122,     0.00,  24.85,   0.04, 
   24.067, 0.4897, 0.5646,  3.90746,  3.93122,     0.00,  24.85,   0.04, 
   24.074, 0.4897, 0.5646,  3.90784,  3.93122,     0.00,  24.85,   0.04, 
   24.082, 0.4897, 0.5646,  3.90824,  3.93122,     0.00,  24.85,   0.04, 
   24.090, 0.4897, 0.5646,  3.90865,  3.93122,     0.00,  24.85,   0.04, 
   24.100, 0.4897, 0.5646,  3.90907,  3.93122,     0.00,  24.85,   0.04, 
   24.110, 0.4897, 0.5646,  3.90952,  3.93122,     0.00,  24.85,   0.04, 
   24.121, 0.4897, 0.5646,  3.90998,  3.93122,     0.00,  24.85,   0.04, 
   24.134, 0.4897, 0.5646,  3.91046,  3.93122,     0.00,  24.85,   0.04, 
   24.148, 0.4897, 0.5646,  3.91096,  3.93122,     0.00,  24.85,   0.04, 
   24.163, 0.4897, 0.5646,  3.91148,  3.93122,     0.00,  24.85,   0.03, 
   24.179, 0.4897, 0.5646,  3.91202,  3.93122,     0.00,  24.85,   0.03, 
   24.197, 0.4897, 0.5646,  3.91257,  3.93122,     0.00,  24.85,   0.03, 
   24.218, 0.4897, 0.5646,  3.91315,  3.93122,     0.00,  24.85,   0.03, 
   24.240, 0.4897, 0.5646,  3.91374,  3.93122,     0.00,  24.85,   0.03, 
   24.264, 0.4897, 0.5646,  3.91435,  3.93122,     0.00,  24.85,   0.03, 
   24.291, 0.4897, 0.5646,  3.91498,  3.93122,     0.00,  24.85,   0.03, 
   24.320, 0.4897, 0.5646,  3.91562,  3.93122,     0.00,  24.85,   0.03, 
   24.352, 0.4897, 0.5646,  3.91628,  3.93122,     0.00,  24.85,   0.03, 
   24.388, 0.4897, 0.5646,  3.91696,  3.93122,     0.00,  24.85,   0.03, 
   24.427, 0.4897, 0.5646,  3.91764,  3.93122,     0.00,  24.85,   0.03, 
   24.470, 0.4897, 0.5646,  3.91834,  3.93122,     0.00,  24.85,   0.03, 
   24.517, 0.4897, 0.5646,  3.91904,  3.93122,     0.00,  24.85,   0.03, 
   24.570, 0.4897, 0.5646,  3.91975,  3.93122,     0.00,  24.85,   0.02, 
   24.627, 0.4897, 0.5646,  3.92046,  3.93122,     0.00,  24.85,   0.02, 
   24.690, 0.4897, 0.5646,  3.92117,  3.93122,     0.00,  24.85,   0.02, 
   24.759, 0.4897, 0.5646,  3.92187,  3.93122,     0.00,  24.85,   0.02, 
   24.835, 0.4897, 0.5646,  3.92257,  3.93122,     0.00,  24.85,   0.02, 
   24.919, 0.4897, 0.5646,  3.92325,  3.93122,     0.00,  24.85,   0.02, 
   25.012, 0.4897, 0.5646,  3.92391,  3.93122,     0.00,  24.85,   0.02, 
   25.113, 0.4897, 0.5646,  3.92456,  3.93122,     0.00,  24.85,   0.01, 
   25.225, 0.4897, 0.5646,  3.92518,  3.93122,     0.00,  24.85,   0.01, 
   25.348, 0.4897, 0.5646,  3.92577,  3.93122,     0.00,  24.85,   0.01, 
   25.483, 0.4897, 0.5646,  3.92633,  3.93122,     0.00,  24.85,   0.01, 
   25.631, 0.4897, 0.5646,  3.92686,  3.93122,     0.00,  24.85,   0.01, 
   25.795, 0.4897, 0.5646,  3.92736,  3.93122,     0.00,  24.85,   0.01, 
   25.974, 0.4897, 0.5646,  3.92782,  3.93122,     0.00,  24.85,   0.01, 
   26.172, 0.4897, 0.5646,  3.92824,  3.93122,     0.00,  24.85,   0.01, 
   26.390, 0.4897, 0.5646,  3.92863,  3.93122,     0.00,  24.85,   0.01, 
   26.629, 0.4897, 0.5646,  3.92898,  3.93122,     0.00,  24.85,   0.00, 
   26.892, 0.4897, 0.5646,  3.92929,  3.93122,     0.00,  24.85,   0.00, 
   27.182, 0.4897, 0.5646,  3.92957,  3.93122,     0.00,  24.85,   0.00, 
   27.501, 0.4897, 0.5646,  3.92982,  3.93122,     0.00,  24.85,   0.00, 
   27.851, 0.4897, 0.5646,  3.93004,  3.93122,     0.00,  24.85,   0.00, 
   28.236, 0.4897, 0.5646,  3.93024,  3.93122,     0.00,  24.85,   0.00, 
   28.660, 0.4897, 0.5646,  3.93040,  3.93122,     0.00,  24.85,   0.00, 
   29.127, 0.4897, 0.5646,  3.93055,  3.93122,     0.00,  24.85,   0.00, 
   29.640, 0.4897, 0.5646,  3.93068,  3.93122,     0.00,  24.85,   0.00, 
   30.153, 0.4897, 0.5646,  3.93078,  3.93122,     0.00,  24.85,   0.00, 
   30.666, 0.4897, 0.5646,  3.93086,  3.93122,     0.00,  24.85,   0.00, 
   31.179, 0.4897, 0.5646,  3.93092,  3.93122,     0.00,  24.85,   0.00, 
   31.692, 0.4897, 0.5646,  3.93097,  3.93122,     0.00,  24.85,   0.00, 
   32.205, 0.4897, 0.5646,  3.93101,  3.93122,     0.00,  24.85,   0.00, 
   32.718, 0.4897, 0.5646,  3.93104,  3.93122,     0.00,  24.85,   0.00, 
   33.231, 0.4897, 0.5646,  3.93107,  3.93122,     0.00,  24.85,   0.00, 
   33.744, 0.4897, 0.5646,  3.93109,  3.93122,     0.00,  24.85,   0.00, 
   34.257, 0.4897, 0.5646,  3.93111,  3.93122,     0.00,  24.85,   0.00, 
   34.770, 0.4897, 0.5646,  3.93113,  3.93122,     0.00,  24.85,   0.00, 
   35.283, 0.4897, 0.5646,  3.93114,  3.93122,     0.00,  24.85,   0.00, 
   35.796, 0.4897, 0.5646,  3.93115,  3.93122,     0.00,  24.85,   0.00, 
   36.309, 0.4897, 0.5646,  3.93116,  3.93122,     0.00,  24.85,   0.00, 
   36.822, 0.4897, 0.5646,  3.93117,  3.93122,     0.00,  24.85,   0.00, 
   37.335, 0.4897, 0.5646,  3.93117,  3.93122,     0.00,  24.85,   0.00, 
   37.848, 0.4897, 0.5646,  3.93118,  3.93122,     0.00,  24.85,   0.00, 
   38.361, 0.4897, 0.5646,  3.93118,  3.93122,     0.00,  24.85,   0.00, 
   38.874, 0.4897, 0.5646,  3.93119,  3.93122,     0.00,  24.85,   0.00, 
   39.387, 0.4897, 0.5646,  3.93119,  3.93122,     0.00,  24.85,   0.00, 
   39.900, 0.4897, 0.5646,  3.93120,  3.93122,     0.00,  24.85,   0.00, 
   40.413, 0.4897, 0.5646,  3.93120,  3.93122,     0.00,  24.85,   0.00, 
   40.926, 0.4897, 0.5646,  3.93120,  3.93122,     0.00,  24.85,   0.00, 
   41.439, 0.4897, 0.5646,  3.93120,  3.93122,     0.00,  24.85,   0.00, 
   41.952, 0.4897, 0.5646,  3.93120,  3.93122,     0.00,  24.85,   0.00, 
   42.465, 0.4897, 0.5646,  3.93121,  3.93122,     0.00,  24.85,   0.00, 
   42.978, 0.4897, 0.5646,  3.93121,  3.93122,     0.00,  24.85,   0.00, 
   43.491, 0.4897, 0.5646,  3.93121,  3.93122,     0.00,  24.85,   0.00, 
   44.004, 0.4897, 0.5646,  3.93121,  3.93122,     0.00,  24.85,   0.00, 
   44.517, 0.4897, 0.5646,  3.93121,  3.93122,     0.00,  24.85,   0.00, 
   45.030, 0.4897, 0.5646,  3.93121,  3.93122,     0.00,  24.85,   0.00, 
   45.543, 0.4897, 0.5646,  3.93121,  3.93122,     0.00,  24.85,   0.00, 
   46.056, 0.4897, 0.5646,  3.93121,  3.93122,     0.00,  24.85,   0.00, 
   46.569, 0.4897, 0.5646,  3.93121,  3.93122,     0.00,  24.85,   0.00, 
   47.082, 0.4897, 0.5646,  3.93121,  3.93122,     0.00,  24.85,   0.00, 
   47.595, 0.4897, 0.5646,  3.93121,  3.93122,     0.00,  24.85,   0.00, 
   48.108, 0.4897, 0.5646,  3.93121,  3.93122,     0.00,  24.85,   0.00, 
   48.621, 0.4897, 0.5646,  3.93122,  3.93122,     0.00,  24.85,   0.00, 
   49.134, 0.4897, 0.5646,  3.93122,  3.93122,     0.00,  24.85,   0.00, 
   49.647, 0.4897, 0.5646,  3.93122,  3.93122,     0.00,  24.85,   0.00, 
   50.160, 0.4897, 0.5646,  3.93122,  3.93122,     0.00,  24.85,   0.00, 
   50.673, 0.4897, 0.5646,  3.93122,  3.93122,     0.00,  24.85,   0.00, 
   51.186, 0.4897, 0.5646,  3.93122,  3.93122,     0.00,  24.85,   0.00, 
   51.699, 0.4897, 0.5646,  3.93122,  3.93122,     0.00,  24.85,   0.00, 
   52.212, 0.4897, 0.5646,  3.93122,  3.93122,     0.00,  24.85,   0.00, 
   52.725, 0.4897, 0.5646,  3.93122,  3.93122,     0.00,  24.85,   0.00, 
   53.238, 0.4897, 0.5646,  3.93122,  3.93122,     0.00,  24.85,   0.00, 
   53.751, 0.4897, 0.5646,  3.93122,  3.93122,     0.00,  24.85,   0.00, 
   54.264, 0.4897, 0.5646,  3.93122,  3.93122,     0.00,  24.85,   0.00, 
   54.777, 0.4897, 0.5646,  3.93122,  3.93122,     0.00,  24.85,   0.00, 
   55.290, 0.4897, 0.5646,  3.93122,  3.93122,     0.00,  24.85,   0.00, 
   55.803, 0.4897, 0.5646,  3.93122,  3.93122,     0.00,  24.85,   0.00, 
   56.316, 0.4897, 0.5646,  3.93122,  3.93122,     0.00,  24.85,   0.00, 
   56.829, 0.4897, 0.5646,  3.93122,  3.93122,     0.00,  24.85,   0.00, 
   57.342, 0.4897, 0.5646,  3.93122,  3.93122,     0.00,  24.85,   0.00, 
   57.855, 0.4897, 0.5646,  3.93122,  3.93122,     0.00,  24.85,   0.00, 
   58.368, 0.4897, 0.5646,  3.93122,  3.93122,     0.00,  24.85,   0.00, 
   58.881, 0.4897, 0.5646,  3.93122,  3.93122,     0.00,  24.85,   0.00, 
   59.394, 0.4897, 0.5646,  3.93122,  3.93122,     0.00,  24.85,   0.00, 
   59.907, 0.4897, 0.5646,  3.93122,  3.93122,     0.00,  24.85,   0.00, 
   60.420, 0.4897, 0.5646,  3.93122,  3.93122,     0.00,  24.85,   0.00, 
   60.933, 0.4897, 0.5646,  3.93122,  3.93122,     0.00,  24.85,   0.00, 
   61.446, 0.4897, 0.5646,  3.93122,  3.93122,     0.00,  24.85,   0.00, 
   61.959, 0.4897, 0.5646,  3.93122,  3.93122,     0.00,  24.85,   0.00, 
   62.472, 0.4897, 0.5646,  3.93122,  3.93122,     0.00,  24.85,   0.00, 
   62.984, 0.4897, 0.5646,  3.93122,  3.93122,     0.00,  24.85,   0.00, 
   63.497, 0.4897, 0.5646,  3.93122,  3.93122,     0.00,  24.85,   0.00, 
   64.010, 0.4897, 0.5646,  3.93122,  3.93122,     0.00,  24.85,   0.00, 
   64.523, 0.4897, 0.5646,  3.93122,  3.93122,     0.00,  24.85,   0.00, 
   65.036, 0.4897, 0.5646,  3.93122,  3.93122,     0.00,  24.85,   0.00, 
   65.549, 0.4897, 0.5646,  3.93122,  3.93122,     0.00,  24.85,   0.00, 
   66.062, 0.4897, 0.5646,  3.93122,  3.93122,     0.00,  24.85,   0.00, 
   66.575, 0.4897, 0.5646,  3.93122,  3.93122,     0.00,  24.85,   0.00, 
   67.088, 0.4897, 0.5646,  3.93122,  3.93122,     0.00,  24.85,   0.00, 
   67.601, 0.4897, 0.5646,  3.93122,  3.93122,     0.00,  24.85,   0.00, 
   68.114, 0.4897, 0.5646,  3.93122,  3.93122,     0.00,  24.85,   0.00, 
   68.627, 0.4897, 0.5646,  3.93122,  3.93122,     0.00,  24.85,   0.00, 
   69.140, 0.4897, 0.5646,  3.93122,  3.93122,     0.00,  24.85,   0.00, 
   69.653, 0.4897, 0.5646,  3.93122,  3.93122,     0.00,  24.85,   0.00, 
   70.166, 0.4897, 0.5646,  3.93122,  3.93122,     0.00,  24.85,   0.00, 
   70.679, 0.4897, 0.5646,  3.93122,  3.93122,     0.00,  24.85,   0.00, 
   71.192, 0.4897, 0.5646,  3.93122,  3.93122,     0.00,  24.85,   0.00, 
   71.705, 0.4897, 0.5646,  3.93122,  3.93122,     0.00,  24.85,   0.00, 
   72.218, 0.4897, 0.5646,  3.93122,  3.93122,     0.00,  24.85,   0.00, 
   72.731, 0.4897, 0.5646,  3.93122,  3.93122,     0.00,  24.85,   0.00, 
   73.244, 0.4897, 0.5646,  3.93122,  3.93122,     0.00,  24.85,   0.00, 
   73.757, 0.4897, 0.5646,  3.93122,  3.93122,     0.00,  24.85,   0.00, 
   74.270, 0.4897, 0.5646,  3.93122,  3.93122,     0.00,  24.85,   0.00, 
   74.783, 0.4897, 0.5646,  3.93122,  3.93122,     0.00,  24.85,   0.00, 
   75.296, 0.4897, 0.5646,  3.93122,  3.93122,     0.00,  24.85,   0.00, 
   75.809, 0.4897, 0.5646,  3.93122,  3.93122,     0.00,  24.85,   0.00, 
   76.322, 0.4897, 0.5646,  3.93122,  3.93122,     0.00,  24.85,   0.00, 
   76.835, 0.4897, 0.5646,  3.93122,  3.93122,     0.00,  24.85,   0.00, 
   77.348, 0.4897, 0.5646,  3.93122,  3.93122,     0.00,  24.85,   0.00, 
   77.861, 0.4897, 0.5646,  3.93122,  3.93122,     0.00,  24.85,   0.00, 
   78.374, 0.4897, 0.5646,  3.93122,  3.93122,     0.00,  24.85,   0.00, 
   78.887, 0.4897, 0.5646,  3.93122,  3.93122,     0.00,  24.85,   0.00, 
   79.400, 0.4897, 0.5646,  3.93122,  3.93122,     0.00,  24.85,   0.00, 
   79.913, 0.4897, 0.5646,  3.93122,  3.93122,     0.00,  24.85,   0.00, 
   80.426, 0.4897, 0.5646,  3.93122,  3.93122,     0.00,  24.85,   0.00, 
   80.939, 0.4897, 0.5646,  3.93122,  3.93122,     0.00,  24.85,   0.00, 
   81.452, 0.4897, 0.5646,  3.93122,  3.93122,     0.00,  24.85,   0.00, 
   81.965, 0.4897, 0.5646,  3.93122,  3.93122,     0.00,  24.85,   0.00, 
   82.478, 0.4897, 0.5646,  3.93122,  3.93122,     0.00,  24.85,   0.00, 
   82.991, 0.4897, 0.5646,  3.93122,  3.93122,     0.00,  24.85,   0.00, 
   83.504, 0.4897, 0.5646,  3.93122,  3.93122,     0.00,  24.85,   0.00, 
   84.017, 0.4897, 0.5646,  3.93122,  3.93122,     0.00,  24.85,   0.00, 
   84.530, 0.4897, 0.5646,  3.93122,  3.93122,     0.00,  24.85,   0.00, 
   85.043, 0.4897, 0.5646,  3.93122,  3.93122,     0.00,  24.85,   0.00, 
   85.556, 0.4897, 0.5646,  3.93122,  3.93122,     0.00,  24.85,   0.00, 
   86.069, 0.4897, 0.5646,  3.93122,  3.93122,     0.00,  24.85,   0.00, 
   86.582, 0.4897, 0.5646,  3.93122,  3.93122,     0.00,  24.85,   0.00, 
   87.095, 0.4897, 0.5646,  3.93122,  3.93122,     0.00,  24.85,   0.00, 
   87.608, 0.4897, 0.5646,  3.93122,  3.93122,     0.00,  24.85,   0.00, 
   88.121, 0.4897, 0.5646,  3.93122,  3.93122,     0.00,  24.85,   0.00, 
   88.634, 0.4897, 0.5646,  3.93122,  3.93122,     0.00,  24.85,   0.00, 
   89.147, 0.4897, 0.5646,  3.93122,  3.93122,     0.00,  24.85,   0.00, 
   89.660, 0.4897, 0.5646,  3.93122,  3.93122,     0.00,  24.85,   0.00, 
   90.173, 0.4897, 0.5646,  3.93122,  3.93122,     0.00,  24.85,   0.00, 
   90.686, 0.4897, 0.5646,  3.93122,  3.93122,     0.00,  24.85,   0.00, 
   91.199, 0.4897, 0.5646,  3.93122,  3.93122,     0.00,  24.85,   0.00, 
   91.712, 0.4897, 0.5646,  3.93122,  3.93122,     0.00,  24.85,   0.00, 
   92.225, 0.4897, 0.5646,  3.93122,  3.93122,     0.00,  24.85,   0.00, 
   92.738, 0.4897, 0.5646,  3.93122,  3.93122,     0.00,  24.85,   0.00, 
   93.251, 0.4897, 0.5646,  3.93122,  3.93122,     0.00,  24.85,   0.00, 
   93.764, 0.4897, 0.5646,  3.93122,  3.93122,     0.00,  24.85,   0.00, 
   94.277, 0.4897, 0.5646,  3.93122,  3.93122,     0.00,  24.85,   0.00, 
   94.790, 0.4897, 0.5646,  3.93122,  3.93122,     0.00,  24.85,   0.00, 
   95.303, 0.4897, 0.5646,  3.93122,  3.93122,     0.00,  24.85,   0.00, 
   95.816, 0.4897, 0.5646,  3.93122,  3.93122,     0.00,  24.85,   0.00, 
   96.329, 0.4897, 0.5646,  3.93122,  3.93122,     0.00,  24.85,   0.00, 
   96.842, 0.4897, 0.5646,  3.93122,  3.93122,     0.00,  24.85,   0.00, 
   97.355, 0.4897, 0.5646,  3.93122,  3.93122,     0.00,  24.85,   0.00, 
   97.868, 0.4897, 0.5646,  3.93122,  3.93122,     0.00,  24.85,   0.00, 
   98.381, 0.4897, 0.5646,  3.93122,  3.93122,     0.00,  24.85,   0.00, 
   98.894, 0.4897, 0.5646,  3.93122,  3.93122,     0.00,  24.85,   0.00, 
   99.407, 0.4897, 0.5646,  3.93122,  3.93122,     0.00,  24.85,   0.00, 
   99.920, 0.4897, 0.5646,  3.93122,  3.93122,     0.00,  24.85,   0.00, 
  100.433, 0.4897, 0.5646,  3.93122,  3.93122,     0.00,  24.85,   0.00, 
  100.946, 0.4897, 0.5646,  3.93122,  3.93122,     0.00,  24.85,   0.00, 
  101.459, 0.4897, 0.5646,  3.93122,  3.93122,     0.00,  24.85,   0.00, 
  101.972, 0.4897, 0.5646,  3.93122,  3.93122,     0.00,  24.85,   0.00, 
  102.485, 0.4897, 0.5646,  3.93122,  3.93122,     0.00,  24.85,   0.00, 
  102.998, 0.4897, 0.5646,  3.93122,  3.93122,     0.00,  24.85,   0.00, 
  103.511, 0.4897, 0.5646,  3.93122,  3.93122,     0.00,  24.85,   0.00, 
  104.024, 0.4897, 0.5646,  3.93122,  3.93122,     0.00,  24.85,   0.00, 
  104.537, 0.4897, 0.5646,  3.93122,  3.93122,     0.00,  24.85,   0.00, 
  105.050, 0.4897, 0.5646,  3.93122,  3.93122,     0.00,  24.85,   0.00, 
  105.563, 0.4897, 0.5646,  3.93122,  3.93122,     0.00,  24.85,   0.00, 
  106.076, 0.4897, 0.5646,  3.93122,  3.93122,     0.00,  24.85,   0.00, 
  106.589, 0.4897, 0.5646,  3.93122,  3.93122,     0.00,  24.85,   0.00, 
  107.102, 0.4897, 0.5646,  3.93122,  3.93122,     0.00,  24.85,   0.00, 
  107.615, 0.4897, 0.5646,  3.93122,  3.93122,     0.00,  24.85,   0.00, 
  108.128, 0.4897, 0.5646,  3.93122,  3.93122,     0.00,  24.85,   0.00, 
  108.641, 0.4897, 0.5646,  3.93122,  3.93122,     0.00,  24.85,   0.00, 
  109.154, 0.4897, 0.5646,  3.93122,  3.93122,     0.00,  24.85,   0.00, 
  109.667, 0.4897, 0.5646,  3.93122,  3.93122,     0.00,  24.85,   0.00, 
  110.180, 0.4897, 0.5646,  3.93122,  3.93122,     0.00,  24.85,   0.00, 
  110.693, 0.4897, 0.5646,  3.93122,  3.93122,     0.00,  24.85,   0.00, 
  111.206, 0.4897, 0.5646,  3.93122,  3.93122,     0.00,  24.85,   0.00, 
  111.719, 0.4897, 0.5646,  3.93122,  3.93122,     0.00,  24.85,   0.00, 
  112.232, 0.4897, 0.5646,  3.93122,  3.93122,     0.00,  24.85,   0.00, 
  112.745, 0.4897, 0.5646,  3.93122,  3.93122,     0.00,  24.85,   0.00, 
  113.258, 0.4897, 0.5646,  3.93122,  3.93122,     0.00,  24.85,   0.00, 
  113.771, 0.4897, 0.5646,  3.93122,  3.93122,     0.00,  24.85,   0.00, 
  114.284, 0.4897, 0.5646,  3.93122,  3.93122,     0.00,  24.85,   0.00, 
  114.797, 0.4897, 0.5646,  3.93122,  3.93122,     0.00,  24.85,   0.00, 
  115.310, 0.4897, 0.5646,  3.93122,  3.93122,     0.00,  24.85,   0.00, 
  115.823, 0.4897, 0.5646,  3.93122,  3.93122,     0.00,  24.85,   0.00, 
  116.336, 0.4897, 0.5646,  3.93122,  3.93122,     0.00,  24.85,   0.00, 
  116.849, 0.4897, 0.5646,  3.93122,  3.93122,     0.00,  24.85,   0.00, 
  117.362, 0.4897, 0.5646,  3.93122,  3.93122,     0.00,  24.85,   0.00, 
  117.875, 0.4897, 0.5646,  3.93122,  3.93122,     0.00,  24.85,   0.00, 
  118.388, 0.4897, 0.5646,  3.93122,  3.93122,     0.00,  24.85,   0.00, 
  118.901, 0.4897, 0.5646,  3.93122,  3.93122,     0.00,  24.85,   0.00, 
  119.414, 0.4897, 0.5646,  3.93122,  3.93122,     0.00,  24.85,   0.00, 
  119.927, 0.4897, 0.5646,  3.93122,  3.93122,     0.00,  24.85,   0.00, 
  120.440, 0.4897, 0.5646,  3.93122,  3.93122,     0.00,  24.85,   0.00, 
  120.953, 0.4897, 0.5646,  3.93122,  3.93122,     0.00,  24.85,   0.00, 
  121.466, 0.4897, 0.5646,  3.93122,  3.93122,     0.00,  24.85,   0.00, 
  121.979, 0.4897, 0.5646,  3.93122,  3.93122,     0.00,  24.85,   0.00, 
  122.492, 0.4897, 0.5646,  3.93122,  3.93122,     0.00,  24.85,   0.00, 
  123.005, 0.4897, 0.5646,  3.93122,  3.93122,     0.00,  24.85,   0.00, 
  123.518, 0.4897, 0.5646,  3.93122,  3.93122,     0.00,  24.85,   0.00, 
  124.000, 0.4897, 0.5646,  3.93122,  3.93122,     0.00,  24.85,   0.00, 

            mass  =  0.8166 kg/m2
 specific energy segment =     0.00 W-h/kg
 specific power segment  =     0.00 W/kg
 total heat =          0.1898 W-h/m2
  
