     50  lim, limit on number of iterations
 100.00  h1,  thickness of negative electrode (microns)
  25.00  h2,  thickness of separator (microns)
 100.00  h3,  thickness of positive electrode (microns)
  25.00  hcn, thickness of negative electrode current collector (microns)
  25.00  hcp, thickness of positive electrode current collector (microns)
     80  n1,  number of nodes in negative electrode
     40  n2,  number of nodes in separator
     80  n3,  number of nodes in positive electrode
 298.00  T,   temperature (K)

 1000.0  xx(1,n1+2), initial concentration (mol/m3)
 0.6000  csx,   initial stoichiometric parameter for negative
 0.5000  csy,   initial stoichiometric parameter for positive
   30.0  tmmax, maximum time step size (s)
 .4E-13  dfs1, diffusion coefficient in negative solid (m2/s)
 .1E-12  dfs3, diffusion coefficient in positive solid (m2/s)
  10.00  Rad1,  radius of negative particles (microns)
  10.00  Rad3,  radius of positive particles (microns)

  0.300  ep1,   volume fraction of electrolyte in negative electrode
  0.000  epp1,  volume fraction of polymer phase in negative electrode
  0.100  epf1,  volume fraction of inert filler in negative electrode
  1.000  ep2,   volume fraction of electrolyte in separator
  0.000  epp2,  volume fraction of polymer phase in separator
  0.300  ep3,   volume fraction of electrolyte in positive electrode
  0.000  epp3,  volume fraction of polymer phase in positive electrode
  0.200  epf3,  volume fraction of inert filler in positive electrode
 0.10E+03  sig1,  conductivity of negative matrix (S/m)
  10.      sig3,  conductivity of positive matrix (S/m)
  372.00  cot1,  coulombic capacity of negative material (mAh/g)
  274.00  cot3,  coulombic capacity of positive material (mAh/g)
 .1E-04  rka1,  reaction rate constant for negative reaction 
 .3E-10  rka3,  reaction rate constant for positive reaction

 1324.0  re,   density of electrolyte (kg/m3)
 1800.0  rs1,  density of negative insertion material (kg/m3)
 5010.0  rs3,  density of positive insertion material (kg/m3)
 1800.0  rf,   density of inert filler (kg/m3)
 1780.0  rpl,  density of polymer phase (kg/m3)
    0.0  rc,   density of separator material (kg/m3)
 8954.0  rcn,  density of negative current collector (kg/m3)
 2707.0  rcp,  density of positive current collector (kg/m3)

   0.001000  ranode,   anode film resistance (ohm-m2)
   0.000000  rcathde,  cathode film resistance (ohm-m2)
   0.00  htc,   heat-transfer coefficient with external medium (W/m2K)
   0.000000  dUdT,  temperature coefficient of EMF (V/K)
 2000.0  Cp,    heat capacity of cell (J/kg-K)
   0.00  residm,    residual mass (kg/m2)
 298.00  Tam,   ambient temperature (K)
      1  ncell, number of cells in a cell stack
      2  lht,   0 uses htc,  1 calcs htc,  2 isothermal

      0    nside, side reaction flag 

      1  il1,   1 for long print-out  0 for short print-out
     10  il2,   prints every il2 th node in long print-out
     10  il3,   prints every il3 th time step in long print-out
      1  lflag, 0 for electrolyte in separator only, 1 for uniform
      0  imp, 0 for no impedance, 1 for impedance
   0.00  capp1,  capacitance of negative material (F/m2)
   0.00  capp3,  capacitance of positive material (F/m2)
     11  lcurs, number of current changes
  
 MCMB 2528 Graphite (Bellcore)
 LiPF6 in EC:DMC
 LiCoO2 (Cobalt dioxide)
 open-circuit potential, negative   0.178978294
 delta S negative   0.
 open-circuit potential, positive   4.24165195
 delta S positive   0.
  
      DUAL INSERTION CELL VERSION 5.1
  
   Time     Util N  Util P  Cell Pot   Uocp      Curr      Temp   heatgen
   (min)       x       y      (V)       (V)      (A/m2)    (C)    (W/m2)
  
    0.000, 0.6000, 0.5000,  3.96594,  4.06267,   100.00,  24.85,   9.67, 
    0.001, 0.6000, 0.5000,  3.96557,  4.06266,   100.00,  24.85,   9.71, 
    0.001, 0.6000, 0.5000,  3.96526,  4.06265,   100.00,  24.85,   9.74, 
    0.001, 0.5999, 0.5000,  3.96498,  4.06264,   100.00,  24.85,   9.77, 
    0.002, 0.5999, 0.5000,  3.96471,  4.06263,   100.00,  24.85,   9.79, 
    0.002, 0.5999, 0.5001,  3.96444,  4.06262,   100.00,  24.85,   9.82, 
    0.003, 0.5999, 0.5001,  3.96417,  4.06261,   100.00,  24.85,   9.84, 
    0.003, 0.5999, 0.5001,  3.96390,  4.06259,   100.00,  24.85,   9.87, 
    0.004, 0.5998, 0.5001,  3.96362,  4.06258,   100.00,  24.85,   9.90, 
    0.005, 0.5998, 0.5001,  3.96333,  4.06256,   100.00,  24.85,   9.92, 
    0.006, 0.5998, 0.5001,  3.96304,  4.06254,   100.00,  24.85,   9.95, 
    0.007, 0.5997, 0.5002,  3.96273,  4.06252,   100.00,  24.85,   9.98, 
    0.007, 0.5997, 0.5002,  3.96241,  4.06250,   100.00,  24.85,  10.01, 
    0.009, 0.5996, 0.5002,  3.96208,  4.06248,   100.00,  24.85,  10.04, 
    0.010, 0.5996, 0.5002,  3.96173,  4.06245,   100.00,  24.85,  10.07, 
    0.011, 0.5995, 0.5003,  3.96136,  4.06242,   100.00,  24.85,  10.10, 
    0.012, 0.5995, 0.5003,  3.96098,  4.06239,   100.00,  24.85,  10.14, 
    0.014, 0.5994, 0.5003,  3.96057,  4.06235,   100.00,  24.85,  10.18, 
    0.016, 0.5994, 0.5004,  3.96014,  4.06231,   100.00,  24.85,  10.22, 
    0.017, 0.5993, 0.5004,  3.95969,  4.06227,   100.00,  24.85,  10.26, 
    0.019, 0.5992, 0.5005,  3.95921,  4.06222,   100.00,  24.85,  10.30, 
    0.022, 0.5991, 0.5005,  3.95870,  4.06217,   100.00,  24.85,  10.35, 
    0.024, 0.5990, 0.5006,  3.95816,  4.06211,   100.00,  24.85,  10.39, 
    0.027, 0.5989, 0.5007,  3.95759,  4.06205,   100.00,  24.85,  10.44, 
    0.030, 0.5988, 0.5007,  3.95698,  4.06198,   100.00,  24.85,  10.50, 
    0.033, 0.5986, 0.5008,  3.95633,  4.06191,   100.00,  24.85,  10.55, 
    0.037, 0.5985, 0.5009,  3.95563,  4.06183,   100.00,  24.85,  10.62, 
    0.041, 0.5983, 0.5010,  3.95489,  4.06174,   100.00,  24.85,  10.68, 
    0.045, 0.5981, 0.5011,  3.95410,  4.06164,   100.00,  24.85,  10.75, 
    0.050, 0.5979, 0.5012,  3.95324,  4.06153,   100.00,  24.85,  10.82, 
    0.055, 0.5977, 0.5013,  3.95232,  4.06141,   100.00,  24.85,  10.90, 
    0.061, 0.5975, 0.5015,  3.95133,  4.06127,   100.00,  24.85,  10.99, 
    0.067, 0.5972, 0.5016,  3.95026,  4.06113,   100.00,  24.85,  11.08, 
    0.074, 0.5969, 0.5018,  3.94909,  4.06097,   100.00,  24.85,  11.18, 
    0.082, 0.5966, 0.5020,  3.94782,  4.06080,   100.00,  24.85,  11.29, 
    0.091, 0.5962, 0.5022,  3.94644,  4.06061,   100.00,  24.85,  11.41, 
    0.100, 0.5958, 0.5024,  3.94492,  4.06040,   100.00,  24.85,  11.54, 
    0.110, 0.5954, 0.5027,  3.94323,  4.06017,   100.00,  24.85,  11.68, 
    0.122, 0.5950, 0.5030,  3.94135,  4.05992,   100.00,  24.85,  11.85, 
    0.134, 0.5944, 0.5033,  3.93925,  4.05965,   100.00,  24.85,  12.03, 
    0.148, 0.5939, 0.5036,  3.93688,  4.05935,   100.00,  24.85,  12.24, 
    0.163, 0.5932, 0.5040,  3.93420,  4.05902,   100.00,  24.85,  12.47, 
    0.180, 0.5926, 0.5044,  3.93115,  4.05867,   100.00,  24.85,  12.74, 
    0.198, 0.5918, 0.5048,  3.92768,  4.05828,   100.00,  24.85,  13.05, 
    0.218, 0.5910, 0.5053,  3.92373,  4.05786,   100.00,  24.85,  13.40, 
    0.240, 0.5900, 0.5058,  3.91924,  4.05739,   100.00,  24.85,  13.80, 
    0.264, 0.5890, 0.5064,  3.91417,  4.05689,   100.00,  24.85,  14.26, 
    0.291, 0.5879, 0.5071,  3.90848,  4.05634,   100.00,  24.85,  14.77, 
    0.320, 0.5867, 0.5078,  3.90224,  4.05574,   100.00,  24.85,  15.34, 
    0.353, 0.5854, 0.5086,  3.89562,  4.05509,   100.00,  24.85,  15.93, 
    0.388, 0.5839, 0.5094,  3.88893,  4.05437,   100.00,  24.85,  16.53, 
    0.427, 0.5823, 0.5104,  3.88248,  4.05358,   100.00,  24.85,  17.08, 
    0.470, 0.5805, 0.5114,  3.87646,  4.05270,   100.00,  24.85,  17.59, 
    0.518, 0.5785, 0.5126,  3.87087,  4.05169,   100.00,  24.85,  18.03, 
    0.570, 0.5764, 0.5138,  3.86556,  4.05050,   100.00,  24.85,  18.40, 
    0.627, 0.5740, 0.5152,  3.86037,  4.04904,   100.00,  24.85,  18.72, 
    0.690, 0.5714, 0.5168,  3.85514,  4.04711,   100.00,  24.85,  18.96, 
    0.760, 0.5685, 0.5184,  3.84973,  4.04439,   100.00,  24.85,  19.10, 
    0.836, 0.5653, 0.5203,  3.84403,  4.04032,   100.00,  24.85,  19.17, 
    0.920, 0.5618, 0.5223,  3.83792,  4.03415,   100.00,  24.85,  19.19, 
    1.012, 0.5580, 0.5246,  3.83127,  4.02560,   100.00,  24.85,  19.19, 
    1.113, 0.5538, 0.5270,  3.82392,  4.01587,   100.00,  24.85,  19.18, 
    1.225, 0.5492, 0.5297,  3.81564,  4.00747,   100.00,  24.85,  19.20, 
    1.348, 0.5441, 0.5327,  3.80601,  4.00175,   100.00,  24.85,  19.39, 
    1.483, 0.5385, 0.5360,  3.79459,  3.99796,   100.00,  24.85,  19.87, 
    1.632, 0.5323, 0.5396,  3.78128,  3.99465,   100.00,  24.85,  20.65, 
    1.795, 0.5255, 0.5436,  3.76667,  3.99042,   100.00,  24.85,  21.55, 
    1.975, 0.5181, 0.5480,  3.75211,  3.98386,   100.00,  24.85,  22.25, 
    2.000, 0.5170, 0.5486,  3.75024,  3.98273,   100.00,  24.85,  22.31, 
    2.000, 0.5170, 0.5486,  3.86024,  3.98273,     0.00,  24.85,   0.34, 
 specific energy segment =    15.67 W-h/kg
 specific power segment  =   469.98 W/kg
 total heat =          0.6190 W-h/m2
  
    2.000, 0.5170, 0.5486,  3.86024,  3.98273,     0.00,  24.85,   0.34, 
    2.000, 0.5170, 0.5486,  3.86203,  3.98273,     0.00,  24.85,   0.32, 
    2.001, 0.5170, 0.5486,  3.86316,  3.98273,     0.00,  24.85,   0.31, 
    2.001, 0.5170, 0.5486,  3.86407,  3.98273,     0.00,  24.85,   0.30, 
    2.002, 0.5170, 0.5486,  3.86488,  3.98273,     0.00,  24.85,   0.29, 
    2.002, 0.5170, 0.5486,  3.86564,  3.98273,     0.00,  24.85,   0.28, 
    2.003, 0.5170, 0.5486,  3.86637,  3.98273,     0.00,  24.85,   0.28, 
    2.003, 0.5170, 0.5486,  3.86709,  3.98273,     0.00,  24.85,   0.27, 
    2.004, 0.5170, 0.5486,  3.86781,  3.98273,     0.00,  24.85,   0.27, 
    2.005, 0.5170, 0.5486,  3.86853,  3.98273,     0.00,  24.85,   0.27, 
    2.005, 0.5170, 0.5486,  3.86926,  3.98273,     0.00,  24.85,   0.26, 
    2.006, 0.5170, 0.5486,  3.87000,  3.98273,     0.00,  24.85,   0.26, 
    2.007, 0.5170, 0.5486,  3.87076,  3.98273,     0.00,  24.85,   0.26, 
    2.008, 0.5170, 0.5486,  3.87154,  3.98273,     0.00,  24.85,   0.25, 
    2.009, 0.5170, 0.5486,  3.87235,  3.98273,     0.00,  24.85,   0.25, 
    2.011, 0.5170, 0.5486,  3.87318,  3.98273,     0.00,  24.85,   0.25, 
    2.012, 0.5170, 0.5486,  3.87405,  3.98273,     0.00,  24.85,   0.25, 
    2.014, 0.5170, 0.5486,  3.87495,  3.98273,     0.00,  24.85,   0.24, 
    2.015, 0.5170, 0.5486,  3.87588,  3.98273,     0.00,  24.85,   0.24, 
    2.017, 0.5170, 0.5486,  3.87685,  3.98273,     0.00,  24.85,   0.24, 
    2.019, 0.5170, 0.5486,  3.87786,  3.98273,     0.00,  24.85,   0.24, 
    2.021, 0.5170, 0.5486,  3.87891,  3.98273,     0.00,  24.85,   0.24, 
    2.024, 0.5170, 0.5486,  3.88001,  3.98273,     0.00,  24.85,   0.24, 
    2.027, 0.5170, 0.5486,  3.88116,  3.98273,     0.00,  24.85,   0.24, 
    2.029, 0.5170, 0.5486,  3.88236,  3.98273,     0.00,  24.85,   0.24, 
    2.033, 0.5170, 0.5486,  3.88361,  3.98273,     0.00,  24.85,   0.24, 
    2.036, 0.5170, 0.5486,  3.88492,  3.98273,     0.00,  24.85,   0.25, 
    2.040, 0.5170, 0.5486,  3.88629,  3.98273,     0.00,  24.85,   0.25, 
    2.045, 0.5170, 0.5486,  3.88772,  3.98273,     0.00,  24.85,   0.25, 
    2.050, 0.5170, 0.5486,  3.88921,  3.98273,     0.00,  24.85,   0.25, 
    2.055, 0.5170, 0.5486,  3.89076,  3.98273,     0.00,  24.85,   0.26, 
    2.061, 0.5170, 0.5486,  3.89238,  3.98273,     0.00,  24.85,   0.26, 
    2.067, 0.5170, 0.5486,  3.89407,  3.98273,     0.00,  24.85,   0.27, 
    2.074, 0.5170, 0.5486,  3.89582,  3.98273,     0.00,  24.85,   0.27, 
    2.082, 0.5170, 0.5486,  3.89765,  3.98273,     0.00,  24.85,   0.28, 
    2.090, 0.5170, 0.5486,  3.89954,  3.98273,     0.00,  24.85,   0.28, 
    2.100, 0.5170, 0.5486,  3.90150,  3.98273,     0.00,  24.85,   0.29, 
    2.110, 0.5170, 0.5486,  3.90353,  3.98273,     0.00,  24.85,   0.30, 
    2.121, 0.5170, 0.5486,  3.90563,  3.98273,     0.00,  24.85,   0.30, 
    2.134, 0.5170, 0.5486,  3.90779,  3.98273,     0.00,  24.85,   0.31, 
    2.148, 0.5170, 0.5486,  3.91000,  3.98273,     0.00,  24.85,   0.32, 
    2.163, 0.5170, 0.5486,  3.91228,  3.98273,     0.00,  24.85,   0.32, 
    2.179, 0.5170, 0.5486,  3.91460,  3.98273,     0.00,  24.85,   0.33, 
    2.197, 0.5170, 0.5486,  3.91697,  3.98273,     0.00,  24.85,   0.34, 
    2.218, 0.5170, 0.5486,  3.91938,  3.98273,     0.00,  24.85,   0.35, 
    2.240, 0.5170, 0.5486,  3.92183,  3.98273,     0.00,  24.85,   0.35, 
    2.264, 0.5170, 0.5486,  3.92430,  3.98273,     0.00,  24.85,   0.36, 
    2.291, 0.5170, 0.5486,  3.92679,  3.98273,     0.00,  24.85,   0.36, 
    2.320, 0.5170, 0.5486,  3.92930,  3.98273,     0.00,  24.85,   0.37, 
    2.352, 0.5170, 0.5486,  3.93181,  3.98273,     0.00,  24.85,   0.37, 
    2.388, 0.5170, 0.5486,  3.93432,  3.98273,     0.00,  24.85,   0.37, 
    2.427, 0.5170, 0.5486,  3.93682,  3.98273,     0.00,  24.85,   0.37, 
    2.470, 0.5170, 0.5486,  3.93930,  3.98273,     0.00,  24.85,   0.37, 
    2.517, 0.5170, 0.5486,  3.94175,  3.98273,     0.00,  24.85,   0.36, 
    2.570, 0.5170, 0.5486,  3.94416,  3.98273,     0.00,  24.85,   0.36, 
    2.627, 0.5170, 0.5486,  3.94653,  3.98273,     0.00,  24.85,   0.35, 
    2.690, 0.5170, 0.5486,  3.94886,  3.98273,     0.00,  24.85,   0.33, 
    2.759, 0.5170, 0.5486,  3.95115,  3.98273,     0.00,  24.85,   0.32, 
    2.835, 0.5170, 0.5486,  3.95340,  3.98273,     0.00,  24.85,   0.30, 
    2.919, 0.5170, 0.5486,  3.95564,  3.98273,     0.00,  24.85,   0.28, 
    3.012, 0.5170, 0.5486,  3.95787,  3.98273,     0.00,  24.85,   0.25, 
    3.113, 0.5170, 0.5486,  3.96008,  3.98273,     0.00,  24.85,   0.22, 
    3.225, 0.5170, 0.5486,  3.96224,  3.98273,     0.00,  24.85,   0.20, 
    3.348, 0.5170, 0.5486,  3.96434,  3.98273,     0.00,  24.85,   0.17, 
    3.483, 0.5170, 0.5486,  3.96634,  3.98273,     0.00,  24.85,   0.14, 
    3.631, 0.5170, 0.5486,  3.96822,  3.98273,     0.00,  24.85,   0.12, 
    3.795, 0.5170, 0.5486,  3.96996,  3.98273,     0.00,  24.85,   0.10, 
    3.974, 0.5170, 0.5486,  3.97157,  3.98273,     0.00,  24.85,   0.09, 
    4.172, 0.5170, 0.5486,  3.97304,  3.98273,     0.00,  24.85,   0.07, 
    4.390, 0.5170, 0.5486,  3.97436,  3.98273,     0.00,  24.85,   0.06, 
    4.629, 0.5170, 0.5486,  3.97554,  3.98273,     0.00,  24.85,   0.05, 
    4.892, 0.5170, 0.5486,  3.97659,  3.98273,     0.00,  24.85,   0.04, 
    5.182, 0.5170, 0.5486,  3.97752,  3.98273,     0.00,  24.85,   0.04, 
    5.501, 0.5170, 0.5486,  3.97833,  3.98273,     0.00,  24.85,   0.03, 
    5.851, 0.5170, 0.5486,  3.97904,  3.98273,     0.00,  24.85,   0.02, 
    6.236, 0.5170, 0.5486,  3.97965,  3.98273,     0.00,  24.85,   0.02, 
    6.660, 0.5170, 0.5486,  3.98018,  3.98273,     0.00,  24.85,   0.02, 
    7.127, 0.5170, 0.5486,  3.98064,  3.98273,     0.00,  24.85,   0.01, 
    7.640, 0.5170, 0.5486,  3.98102,  3.98273,     0.00,  24.85,   0.01, 
    8.153, 0.5170, 0.5486,  3.98132,  3.98273,     0.00,  24.85,   0.01, 
    8.666, 0.5170, 0.5486,  3.98156,  3.98273,     0.00,  24.85,   0.01, 
    9.179, 0.5170, 0.5486,  3.98174,  3.98273,     0.00,  24.85,   0.01, 
    9.692, 0.5170, 0.5486,  3.98189,  3.98273,     0.00,  24.85,   0.00, 
   10.205, 0.5170, 0.5486,  3.98202,  3.98273,     0.00,  24.85,   0.00, 
   10.718, 0.5170, 0.5486,  3.98212,  3.98273,     0.00,  24.85,   0.00, 
   11.231, 0.5170, 0.5486,  3.98220,  3.98273,     0.00,  24.85,   0.00, 
   11.744, 0.5170, 0.5486,  3.98226,  3.98273,     0.00,  24.85,   0.00, 
   12.257, 0.5170, 0.5486,  3.98232,  3.98273,     0.00,  24.85,   0.00, 
   12.770, 0.5170, 0.5486,  3.98236,  3.98273,     0.00,  24.85,   0.00, 
   13.283, 0.5170, 0.5486,  3.98240,  3.98273,     0.00,  24.85,   0.00, 
   13.796, 0.5170, 0.5486,  3.98243,  3.98273,     0.00,  24.85,   0.00, 
   14.309, 0.5170, 0.5486,  3.98246,  3.98273,     0.00,  24.85,   0.00, 
   14.822, 0.5170, 0.5486,  3.98248,  3.98273,     0.00,  24.85,   0.00, 
   15.335, 0.5170, 0.5486,  3.98250,  3.98273,     0.00,  24.85,   0.00, 
   15.848, 0.5170, 0.5486,  3.98252,  3.98273,     0.00,  24.85,   0.00, 
   16.361, 0.5170, 0.5486,  3.98254,  3.98273,     0.00,  24.85,   0.00, 
   16.874, 0.5170, 0.5486,  3.98255,  3.98273,     0.00,  24.85,   0.00, 
   17.000, 0.5170, 0.5486,  3.98255,  3.98273,     0.00,  24.85,   0.00, 
   17.000, 0.5170, 0.5486,  3.88619,  3.98273,   100.00,  24.85,   9.58, 
 specific energy segment =     0.00 W-h/kg
 specific power segment  =     0.00 W/kg
 total heat =          0.6288 W-h/m2
  
   17.000, 0.5170, 0.5486,  3.88619,  3.98273,   100.00,  24.85,   9.58, 
   17.000, 0.5170, 0.5486,  3.88452,  3.98272,   100.00,  24.85,   9.75, 
   17.001, 0.5170, 0.5486,  3.88341,  3.98270,   100.00,  24.85,   9.86, 
   17.001, 0.5170, 0.5486,  3.88248,  3.98268,   100.00,  24.85,   9.95, 
   17.002, 0.5170, 0.5486,  3.88164,  3.98266,   100.00,  24.85,  10.04, 
   17.002, 0.5169, 0.5486,  3.88084,  3.98264,   100.00,  24.85,  10.12, 
   17.003, 0.5169, 0.5486,  3.88005,  3.98261,   100.00,  24.85,  10.19, 
   17.003, 0.5169, 0.5486,  3.87926,  3.98259,   100.00,  24.85,  10.27, 
   17.004, 0.5169, 0.5487,  3.87847,  3.98256,   100.00,  24.85,  10.35, 
   17.005, 0.5168, 0.5487,  3.87766,  3.98252,   100.00,  24.85,  10.43, 
   17.005, 0.5168, 0.5487,  3.87683,  3.98249,   100.00,  24.85,  10.51, 
   17.006, 0.5168, 0.5487,  3.87598,  3.98245,   100.00,  24.85,  10.59, 
   17.007, 0.5167, 0.5487,  3.87510,  3.98240,   100.00,  24.85,  10.67, 
   17.008, 0.5167, 0.5488,  3.87419,  3.98235,   100.00,  24.85,  10.76, 
   17.009, 0.5166, 0.5488,  3.87324,  3.98230,   100.00,  24.85,  10.85, 
   17.011, 0.5166, 0.5488,  3.87224,  3.98224,   100.00,  24.85,  10.94, 
   17.012, 0.5165, 0.5489,  3.87120,  3.98217,   100.00,  24.85,  11.04, 
   17.014, 0.5165, 0.5489,  3.87012,  3.98210,   100.00,  24.85,  11.14, 
   17.015, 0.5164, 0.5489,  3.86897,  3.98202,   100.00,  24.85,  11.25, 
   17.017, 0.5163, 0.5490,  3.86777,  3.98193,   100.00,  24.85,  11.36, 
   17.019, 0.5162, 0.5490,  3.86651,  3.98184,   100.00,  24.85,  11.48, 
   17.021, 0.5161, 0.5491,  3.86517,  3.98173,   100.00,  24.85,  11.60, 
   17.024, 0.5160, 0.5491,  3.86377,  3.98161,   100.00,  24.85,  11.73, 
   17.027, 0.5159, 0.5492,  3.86228,  3.98148,   100.00,  24.85,  11.86, 
   17.029, 0.5158, 0.5493,  3.86071,  3.98133,   100.00,  24.85,  12.01, 
   17.033, 0.5157, 0.5494,  3.85905,  3.98117,   100.00,  24.85,  12.16, 
   17.036, 0.5155, 0.5494,  3.85729,  3.98099,   100.00,  24.85,  12.31, 
   17.040, 0.5154, 0.5495,  3.85542,  3.98079,   100.00,  24.85,  12.48, 
   17.045, 0.5152, 0.5497,  3.85344,  3.98058,   100.00,  24.85,  12.65, 
   17.050, 0.5150, 0.5498,  3.85134,  3.98033,   100.00,  24.85,  12.84, 
   17.055, 0.5148, 0.5499,  3.84911,  3.98006,   100.00,  24.85,  13.03, 
   17.061, 0.5145, 0.5500,  3.84674,  3.97976,   100.00,  24.85,  13.24, 
   17.067, 0.5143, 0.5502,  3.84422,  3.97943,   100.00,  24.85,  13.45, 
   17.074, 0.5140, 0.5504,  3.84155,  3.97905,   100.00,  24.85,  13.68, 
   17.082, 0.5136, 0.5506,  3.83871,  3.97864,   100.00,  24.85,  13.92, 
   17.090, 0.5133, 0.5508,  3.83570,  3.97817,   100.00,  24.85,  14.17, 
   17.100, 0.5129, 0.5510,  3.83249,  3.97765,   100.00,  24.85,  14.43, 
   17.110, 0.5125, 0.5512,  3.82910,  3.97707,   100.00,  24.85,  14.71, 
   17.121, 0.5120, 0.5515,  3.82549,  3.97642,   100.00,  24.85,  15.00, 
   17.134, 0.5115, 0.5518,  3.82167,  3.97569,   100.00,  24.85,  15.30, 
   17.148, 0.5109, 0.5521,  3.81763,  3.97486,   100.00,  24.85,  15.61, 
   17.163, 0.5103, 0.5525,  3.81336,  3.97393,   100.00,  24.85,  15.93, 
   17.179, 0.5096, 0.5529,  3.80887,  3.97288,   100.00,  24.85,  16.26, 
   17.197, 0.5088, 0.5534,  3.80415,  3.97168,   100.00,  24.85,  16.60, 
   17.218, 0.5080, 0.5538,  3.79921,  3.97033,   100.00,  24.85,  16.94, 
   17.240, 0.5071, 0.5544,  3.79408,  3.96879,   100.00,  24.85,  17.28, 
   17.264, 0.5061, 0.5550,  3.78878,  3.96704,   100.00,  24.85,  17.61, 
   17.291, 0.5050, 0.5556,  3.78334,  3.96504,   100.00,  24.85,  17.93, 
   17.320, 0.5038, 0.5563,  3.77782,  3.96276,   100.00,  24.85,  18.23, 
   17.352, 0.5024, 0.5571,  3.77227,  3.96015,   100.00,  24.85,  18.50, 
   17.388, 0.5009, 0.5580,  3.76676,  3.95716,   100.00,  24.85,  18.72, 
   17.427, 0.4993, 0.5589,  3.76136,  3.95373,   100.00,  24.85,  18.88, 
   17.470, 0.4975, 0.5600,  3.75613,  3.94982,   100.00,  24.85,  18.98, 
   17.517, 0.4956, 0.5611,  3.75109,  3.94536,   100.00,  24.85,  19.00, 
   17.570, 0.4934, 0.5624,  3.74624,  3.94029,   100.00,  24.85,  18.96, 
   17.627, 0.4910, 0.5638,  3.74157,  3.93457,   100.00,  24.85,  18.83, 
   17.690, 0.4884, 0.5653,  3.73706,  3.92818,   100.00,  24.85,  18.64, 
   17.759, 0.4855, 0.5670,  3.73265,  3.92114,   100.00,  24.85,  18.38, 
   17.835, 0.4824, 0.5689,  3.72831,  3.91350,   100.00,  24.85,  18.09, 
   17.919, 0.4789, 0.5709,  3.72397,  3.90541,   100.00,  24.85,  17.77, 
   18.012, 0.4751, 0.5731,  3.71955,  3.89707,   100.00,  24.85,  17.46, 
   18.113, 0.4709, 0.5756,  3.71501,  3.88874,   100.00,  24.85,  17.18, 
   18.225, 0.4662, 0.5783,  3.71025,  3.88073,   100.00,  24.85,  16.95, 
   18.348, 0.4611, 0.5813,  3.70521,  3.87332,   100.00,  24.85,  16.80, 
   18.483, 0.4555, 0.5846,  3.69981,  3.86671,   100.00,  24.85,  16.73, 
   18.631, 0.4494, 0.5882,  3.69395,  3.86095,   100.00,  24.85,  16.75, 
   18.795, 0.4426, 0.5921,  3.68755,  3.85594,   100.00,  24.85,  16.87, 
   18.974, 0.4351, 0.5965,  3.68053,  3.85144,   100.00,  24.85,  17.08, 
   19.000, 0.4341, 0.5971,  3.67952,  3.85085,   100.00,  24.85,  17.12, 
   19.000, 0.4341, 0.5971,  3.78973,  3.85085,     0.00,  24.85,   0.19, 
 specific energy segment =    15.24 W-h/kg
 specific power segment  =   457.15 W/kg
 total heat =          1.2023 W-h/m2
  
   19.000, 0.4341, 0.5971,  3.78973,  3.85085,     0.00,  24.85,   0.19, 
   19.000, 0.4341, 0.5971,  3.79115,  3.85085,     0.00,  24.85,   0.17, 
   19.001, 0.4341, 0.5971,  3.79201,  3.85085,     0.00,  24.85,   0.16, 
   19.001, 0.4341, 0.5971,  3.79269,  3.85085,     0.00,  24.85,   0.15, 
   19.002, 0.4341, 0.5971,  3.79328,  3.85085,     0.00,  24.85,   0.15, 
   19.002, 0.4341, 0.5971,  3.79382,  3.85085,     0.00,  24.85,   0.14, 
   19.003, 0.4341, 0.5971,  3.79433,  3.85085,     0.00,  24.85,   0.13, 
   19.003, 0.4341, 0.5971,  3.79482,  3.85085,     0.00,  24.85,   0.13, 
   19.004, 0.4341, 0.5971,  3.79531,  3.85085,     0.00,  24.85,   0.12, 
   19.005, 0.4341, 0.5971,  3.79579,  3.85085,     0.00,  24.85,   0.12, 
   19.005, 0.4341, 0.5971,  3.79627,  3.85085,     0.00,  24.85,   0.11, 
   19.006, 0.4341, 0.5971,  3.79675,  3.85085,     0.00,  24.85,   0.11, 
   19.007, 0.4341, 0.5971,  3.79723,  3.85085,     0.00,  24.85,   0.10, 
   19.008, 0.4341, 0.5971,  3.79773,  3.85085,     0.00,  24.85,   0.10, 
   19.009, 0.4341, 0.5971,  3.79823,  3.85085,     0.00,  24.85,   0.09, 
   19.011, 0.4341, 0.5971,  3.79874,  3.85085,     0.00,  24.85,   0.09, 
   19.012, 0.4341, 0.5971,  3.79926,  3.85085,     0.00,  24.85,   0.08, 
   19.014, 0.4341, 0.5971,  3.79980,  3.85085,     0.00,  24.85,   0.08, 
   19.015, 0.4341, 0.5971,  3.80035,  3.85085,     0.00,  24.85,   0.07, 
   19.017, 0.4341, 0.5971,  3.80091,  3.85085,     0.00,  24.85,   0.07, 
   19.019, 0.4341, 0.5971,  3.80150,  3.85085,     0.00,  24.85,   0.07, 
   19.021, 0.4341, 0.5971,  3.80210,  3.85085,     0.00,  24.85,   0.06, 
   19.024, 0.4341, 0.5971,  3.80272,  3.85085,     0.00,  24.85,   0.06, 
   19.027, 0.4341, 0.5971,  3.80336,  3.85085,     0.00,  24.85,   0.05, 
   19.029, 0.4341, 0.5971,  3.80402,  3.85085,     0.00,  24.85,   0.05, 
   19.033, 0.4341, 0.5971,  3.80470,  3.85085,     0.00,  24.85,   0.05, 
   19.036, 0.4341, 0.5971,  3.80541,  3.85085,     0.00,  24.85,   0.04, 
   19.040, 0.4341, 0.5971,  3.80615,  3.85085,     0.00,  24.85,   0.04, 
   19.045, 0.4341, 0.5971,  3.80691,  3.85085,     0.00,  24.85,   0.04, 
   19.050, 0.4341, 0.5971,  3.80769,  3.85085,     0.00,  24.85,   0.03, 
   19.055, 0.4341, 0.5971,  3.80851,  3.85085,     0.00,  24.85,   0.03, 
   19.061, 0.4341, 0.5971,  3.80935,  3.85085,     0.00,  24.85,   0.03, 
   19.067, 0.4341, 0.5971,  3.81022,  3.85085,     0.00,  24.85,   0.02, 
   19.074, 0.4341, 0.5971,  3.81113,  3.85085,     0.00,  24.85,   0.02, 
   19.082, 0.4341, 0.5971,  3.81206,  3.85085,     0.00,  24.85,   0.02, 
   19.090, 0.4341, 0.5971,  3.81303,  3.85085,     0.00,  24.85,   0.02, 
   19.100, 0.4341, 0.5971,  3.81403,  3.85085,     0.00,  24.85,   0.02, 
   19.110, 0.4341, 0.5971,  3.81506,  3.85085,     0.00,  24.85,   0.02, 
   19.121, 0.4341, 0.5971,  3.81613,  3.85085,     0.00,  24.85,   0.02, 
   19.134, 0.4341, 0.5971,  3.81723,  3.85085,     0.00,  24.85,   0.02, 
   19.148, 0.4341, 0.5971,  3.81835,  3.85085,     0.00,  24.85,   0.02, 
   19.163, 0.4341, 0.5971,  3.81951,  3.85085,     0.00,  24.85,   0.02, 
   19.179, 0.4341, 0.5971,  3.82071,  3.85085,     0.00,  24.85,   0.02, 
   19.197, 0.4341, 0.5971,  3.82192,  3.85085,     0.00,  24.85,   0.02, 
   19.218, 0.4341, 0.5971,  3.82317,  3.85085,     0.00,  24.85,   0.03, 
   19.240, 0.4341, 0.5971,  3.82444,  3.85085,     0.00,  24.85,   0.03, 
   19.264, 0.4341, 0.5971,  3.82573,  3.85085,     0.00,  24.85,   0.03, 
   19.291, 0.4341, 0.5971,  3.82703,  3.85085,     0.00,  24.85,   0.04, 
   19.320, 0.4341, 0.5971,  3.82835,  3.85085,     0.00,  24.85,   0.04, 
   19.352, 0.4341, 0.5971,  3.82967,  3.85085,     0.00,  24.85,   0.05, 
   19.388, 0.4341, 0.5971,  3.83100,  3.85085,     0.00,  24.85,   0.05, 
   19.427, 0.4341, 0.5971,  3.83231,  3.85085,     0.00,  24.85,   0.06, 
   19.470, 0.4341, 0.5971,  3.83362,  3.85085,     0.00,  24.85,   0.06, 
   19.517, 0.4341, 0.5971,  3.83489,  3.85085,     0.00,  24.85,   0.07, 
   19.570, 0.4341, 0.5971,  3.83614,  3.85085,     0.00,  24.85,   0.07, 
   19.627, 0.4341, 0.5971,  3.83734,  3.85085,     0.00,  24.85,   0.07, 
   19.690, 0.4341, 0.5971,  3.83849,  3.85085,     0.00,  24.85,   0.08, 
   19.759, 0.4341, 0.5971,  3.83959,  3.85085,     0.00,  24.85,   0.08, 
   19.835, 0.4341, 0.5971,  3.84062,  3.85085,     0.00,  24.85,   0.08, 
   19.919, 0.4341, 0.5971,  3.84158,  3.85085,     0.00,  24.85,   0.08, 
   20.012, 0.4341, 0.5971,  3.84246,  3.85085,     0.00,  24.85,   0.08, 
   20.113, 0.4341, 0.5971,  3.84327,  3.85085,     0.00,  24.85,   0.08, 
   20.225, 0.4341, 0.5971,  3.84400,  3.85085,     0.00,  24.85,   0.08, 
   20.348, 0.4341, 0.5971,  3.84465,  3.85085,     0.00,  24.85,   0.08, 
   20.483, 0.4341, 0.5971,  3.84524,  3.85085,     0.00,  24.85,   0.08, 
   20.631, 0.4341, 0.5971,  3.84577,  3.85085,     0.00,  24.85,   0.07, 
   20.795, 0.4341, 0.5971,  3.84623,  3.85085,     0.00,  24.85,   0.07, 
   20.974, 0.4341, 0.5971,  3.84665,  3.85085,     0.00,  24.85,   0.07, 
   21.172, 0.4341, 0.5971,  3.84703,  3.85085,     0.00,  24.85,   0.06, 
   21.390, 0.4341, 0.5971,  3.84737,  3.85085,     0.00,  24.85,   0.06, 
   21.629, 0.4341, 0.5971,  3.84768,  3.85085,     0.00,  24.85,   0.05, 
   21.892, 0.4341, 0.5971,  3.84796,  3.85085,     0.00,  24.85,   0.05, 
   22.182, 0.4341, 0.5971,  3.84822,  3.85085,     0.00,  24.85,   0.04, 
   22.501, 0.4341, 0.5971,  3.84845,  3.85085,     0.00,  24.85,   0.04, 
   22.851, 0.4341, 0.5971,  3.84866,  3.85085,     0.00,  24.85,   0.03, 
   23.236, 0.4341, 0.5971,  3.84885,  3.85085,     0.00,  24.85,   0.03, 
   23.660, 0.4341, 0.5971,  3.84903,  3.85085,     0.00,  24.85,   0.03, 
   24.127, 0.4341, 0.5971,  3.84919,  3.85085,     0.00,  24.85,   0.02, 
   24.640, 0.4341, 0.5971,  3.84935,  3.85085,     0.00,  24.85,   0.02, 
   25.153, 0.4341, 0.5971,  3.84948,  3.85085,     0.00,  24.85,   0.02, 
   25.666, 0.4341, 0.5971,  3.84959,  3.85085,     0.00,  24.85,   0.01, 
   26.179, 0.4341, 0.5971,  3.84969,  3.85085,     0.00,  24.85,   0.01, 
   26.692, 0.4341, 0.5971,  3.84977,  3.85085,     0.00,  24.85,   0.01, 
   27.205, 0.4341, 0.5971,  3.84985,  3.85085,     0.00,  24.85,   0.01, 
   27.718, 0.4341, 0.5971,  3.84992,  3.85085,     0.00,  24.85,   0.01, 
   28.231, 0.4341, 0.5971,  3.84998,  3.85085,     0.00,  24.85,   0.01, 
   28.744, 0.4341, 0.5971,  3.85004,  3.85085,     0.00,  24.85,   0.01, 
   29.257, 0.4341, 0.5971,  3.85009,  3.85085,     0.00,  24.85,   0.01, 
   29.770, 0.4341, 0.5971,  3.85014,  3.85085,     0.00,  24.85,   0.00, 
   30.283, 0.4341, 0.5971,  3.85018,  3.85085,     0.00,  24.85,   0.00, 
   30.796, 0.4341, 0.5971,  3.85022,  3.85085,     0.00,  24.85,   0.00, 
   31.309, 0.4341, 0.5971,  3.85026,  3.85085,     0.00,  24.85,   0.00, 
   31.822, 0.4341, 0.5971,  3.85029,  3.85085,     0.00,  24.85,   0.00, 
   32.335, 0.4341, 0.5971,  3.85033,  3.85085,     0.00,  24.85,   0.00, 
   32.848, 0.4341, 0.5971,  3.85036,  3.85085,     0.00,  24.85,   0.00, 
   33.361, 0.4341, 0.5971,  3.85038,  3.85085,     0.00,  24.85,   0.00, 
   33.874, 0.4341, 0.5971,  3.85041,  3.85085,     0.00,  24.85,   0.00, 
   34.000, 0.4341, 0.5971,  3.85042,  3.85085,     0.00,  24.85,   0.00, 
   34.000, 0.4341, 0.5971,  3.75335,  3.85085,   100.00,  24.85,   9.70, 
 specific energy segment =     0.00 W-h/kg
 specific power segment  =     0.00 W/kg
 total heat =          1.2077 W-h/m2
  
   34.000, 0.4341, 0.5971,  3.75335,  3.85085,   100.00,  24.85,   9.70, 
   34.000, 0.4340, 0.5971,  3.75268,  3.85084,   100.00,  24.85,   9.76, 
   34.001, 0.4340, 0.5971,  3.75226,  3.85084,   100.00,  24.85,   9.81, 
   34.001, 0.4340, 0.5972,  3.75190,  3.85083,   100.00,  24.85,   9.84, 
   34.002, 0.4340, 0.5972,  3.75158,  3.85082,   100.00,  24.85,   9.87, 
   34.002, 0.4340, 0.5972,  3.75127,  3.85081,   100.00,  24.85,   9.90, 
   34.003, 0.4340, 0.5972,  3.75097,  3.85079,   100.00,  24.85,   9.93, 
   34.003, 0.4339, 0.5972,  3.75067,  3.85078,   100.00,  24.85,   9.96, 
   34.004, 0.4339, 0.5972,  3.75037,  3.85077,   100.00,  24.85,   9.99, 
   34.005, 0.4339, 0.5972,  3.75007,  3.85075,   100.00,  24.85,  10.02, 
   34.005, 0.4338, 0.5973,  3.74975,  3.85073,   100.00,  24.85,  10.05, 
   34.006, 0.4338, 0.5973,  3.74943,  3.85071,   100.00,  24.85,  10.08, 
   34.007, 0.4338, 0.5973,  3.74909,  3.85069,   100.00,  24.85,  10.11, 
   34.008, 0.4337, 0.5973,  3.74874,  3.85067,   100.00,  24.85,  10.14, 
   34.009, 0.4337, 0.5974,  3.74838,  3.85064,   100.00,  24.85,  10.18, 
   34.011, 0.4336, 0.5974,  3.74801,  3.85061,   100.00,  24.85,  10.21, 
   34.012, 0.4336, 0.5974,  3.74761,  3.85058,   100.00,  24.85,  10.25, 
   34.014, 0.4335, 0.5975,  3.74720,  3.85055,   100.00,  24.85,  10.29, 
   34.015, 0.4334, 0.5975,  3.74677,  3.85051,   100.00,  24.85,  10.33, 
   34.017, 0.4334, 0.5975,  3.74631,  3.85047,   100.00,  24.85,  10.37, 
   34.019, 0.4333, 0.5976,  3.74583,  3.85042,   100.00,  24.85,  10.41, 
   34.021, 0.4332, 0.5976,  3.74533,  3.85037,   100.00,  24.85,  10.45, 
   34.024, 0.4331, 0.5977,  3.74480,  3.85031,   100.00,  24.85,  10.50, 
   34.027, 0.4330, 0.5978,  3.74425,  3.85025,   100.00,  24.85,  10.55, 
   34.029, 0.4328, 0.5978,  3.74366,  3.85019,   100.00,  24.85,  10.60, 
   34.033, 0.4327, 0.5979,  3.74304,  3.85011,   100.00,  24.85,  10.66, 
   34.036, 0.4326, 0.5980,  3.74239,  3.85003,   100.00,  24.85,  10.71, 
   34.040, 0.4324, 0.5981,  3.74170,  3.84994,   100.00,  24.85,  10.77, 
   34.045, 0.4322, 0.5982,  3.74097,  3.84985,   100.00,  24.85,  10.84, 
   34.050, 0.4320, 0.5983,  3.74020,  3.84974,   100.00,  24.85,  10.90, 
   34.055, 0.4318, 0.5985,  3.73939,  3.84962,   100.00,  24.85,  10.97, 
   34.061, 0.4315, 0.5986,  3.73853,  3.84950,   100.00,  24.85,  11.04, 
   34.067, 0.4313, 0.5988,  3.73762,  3.84936,   100.00,  24.85,  11.12, 
   34.074, 0.4310, 0.5989,  3.73666,  3.84920,   100.00,  24.85,  11.20, 
   34.082, 0.4307, 0.5991,  3.73565,  3.84903,   100.00,  24.85,  11.28, 
   34.090, 0.4303, 0.5993,  3.73457,  3.84885,   100.00,  24.85,  11.37, 
   34.100, 0.4299, 0.5996,  3.73344,  3.84864,   100.00,  24.85,  11.46, 
   34.110, 0.4295, 0.5998,  3.73223,  3.84842,   100.00,  24.85,  11.56, 
   34.121, 0.4290, 0.6001,  3.73095,  3.84818,   100.00,  24.85,  11.66, 
   34.134, 0.4285, 0.6004,  3.72958,  3.84791,   100.00,  24.85,  11.77, 
   34.148, 0.4279, 0.6007,  3.72813,  3.84762,   100.00,  24.85,  11.88, 
   34.163, 0.4273, 0.6011,  3.72657,  3.84729,   100.00,  24.85,  12.00, 
   34.179, 0.4266, 0.6015,  3.72489,  3.84694,   100.00,  24.85,  12.13, 
   34.197, 0.4259, 0.6019,  3.72309,  3.84656,   100.00,  24.85,  12.27, 
   34.218, 0.4250, 0.6024,  3.72113,  3.84613,   100.00,  24.85,  12.42, 
   34.240, 0.4241, 0.6029,  3.71902,  3.84567,   100.00,  24.85,  12.58, 
   34.264, 0.4231, 0.6035,  3.71673,  3.84515,   100.00,  24.85,  12.75, 
   34.291, 0.4220, 0.6042,  3.71426,  3.84459,   100.00,  24.85,  12.94, 
   34.320, 0.4208, 0.6049,  3.71161,  3.84397,   100.00,  24.85,  13.14, 
   34.352, 0.4194, 0.6057,  3.70875,  3.84329,   100.00,  24.85,  13.36, 
   34.388, 0.4180, 0.6066,  3.70569,  3.84254,   100.00,  24.85,  13.58, 
   34.427, 0.4163, 0.6075,  3.70242,  3.84171,   100.00,  24.85,  13.82, 
   34.470, 0.4146, 0.6085,  3.69893,  3.84079,   100.00,  24.85,  14.08, 
   34.517, 0.4126, 0.6097,  3.69522,  3.83976,   100.00,  24.85,  14.34, 
   34.570, 0.4104, 0.6110,  3.69128,  3.83862,   100.00,  24.85,  14.62, 
   34.627, 0.4081, 0.6124,  3.68710,  3.83735,   100.00,  24.85,  14.90, 
   34.690, 0.4054, 0.6139,  3.68269,  3.83592,   100.00,  24.85,  15.20, 
   34.759, 0.4026, 0.6156,  3.67803,  3.83433,   100.00,  24.85,  15.50, 
   34.835, 0.3994, 0.6174,  3.67311,  3.83254,   100.00,  24.85,  15.81, 
   34.919, 0.3959, 0.6195,  3.66792,  3.83052,   100.00,  24.85,  16.13, 
   35.012, 0.3921, 0.6217,  3.66245,  3.82826,   100.00,  24.85,  16.45, 
   35.113, 0.3879, 0.6242,  3.65669,  3.82571,   100.00,  24.85,  16.77, 
   35.225, 0.3833, 0.6269,  3.65063,  3.82284,   100.00,  24.85,  17.09, 
   35.348, 0.3782, 0.6299,  3.64424,  3.81962,   100.00,  24.85,  17.41, 
   35.483, 0.3726, 0.6331,  3.63750,  3.81603,   100.00,  24.85,  17.73, 
   35.631, 0.3664, 0.6367,  3.63040,  3.81203,   100.00,  24.85,  18.04, 
   35.795, 0.3596, 0.6407,  3.62293,  3.80760,   100.00,  24.85,  18.35, 
   35.974, 0.3522, 0.6451,  3.61504,  3.80273,   100.00,  24.85,  18.64, 
   36.000, 0.3511, 0.6457,  3.61394,  3.80205,   100.00,  24.85,  18.69, 
   36.000, 0.3511, 0.6457,  3.72673,  3.80205,     0.00,  24.85,   0.10, 
 specific energy segment =    14.97 W-h/kg
 specific power segment  =   449.23 W/kg
 total heat =          1.7400 W-h/m2
  
   36.000, 0.3511, 0.6457,  3.72673,  3.80205,     0.00,  24.85,   0.10, 
   36.000, 0.3511, 0.6457,  3.72847,  3.80205,     0.00,  24.85,   0.10, 
   36.001, 0.3511, 0.6457,  3.72953,  3.80205,     0.00,  24.85,   0.10, 
   36.001, 0.3511, 0.6457,  3.73037,  3.80205,     0.00,  24.85,   0.09, 
   36.002, 0.3511, 0.6457,  3.73110,  3.80205,     0.00,  24.85,   0.09, 
   36.002, 0.3511, 0.6457,  3.73178,  3.80205,     0.00,  24.85,   0.09, 
   36.003, 0.3511, 0.6457,  3.73242,  3.80205,     0.00,  24.85,   0.09, 
   36.003, 0.3511, 0.6457,  3.73303,  3.80205,     0.00,  24.85,   0.09, 
   36.004, 0.3511, 0.6457,  3.73364,  3.80205,     0.00,  24.85,   0.09, 
   36.005, 0.3511, 0.6457,  3.73424,  3.80205,     0.00,  24.85,   0.09, 
   36.005, 0.3511, 0.6457,  3.73484,  3.80205,     0.00,  24.85,   0.08, 
   36.006, 0.3511, 0.6457,  3.73544,  3.80205,     0.00,  24.85,   0.08, 
   36.007, 0.3511, 0.6457,  3.73605,  3.80205,     0.00,  24.85,   0.08, 
   36.008, 0.3511, 0.6457,  3.73667,  3.80205,     0.00,  24.85,   0.08, 
   36.009, 0.3511, 0.6457,  3.73730,  3.80205,     0.00,  24.85,   0.08, 
   36.011, 0.3511, 0.6457,  3.73794,  3.80205,     0.00,  24.85,   0.08, 
   36.012, 0.3511, 0.6457,  3.73859,  3.80205,     0.00,  24.85,   0.08, 
   36.014, 0.3511, 0.6457,  3.73926,  3.80205,     0.00,  24.85,   0.08, 
   36.015, 0.3511, 0.6457,  3.73994,  3.80205,     0.00,  24.85,   0.07, 
   36.017, 0.3511, 0.6457,  3.74065,  3.80205,     0.00,  24.85,   0.07, 
   36.019, 0.3511, 0.6457,  3.74137,  3.80205,     0.00,  24.85,   0.07, 
   36.021, 0.3511, 0.6457,  3.74211,  3.80205,     0.00,  24.85,   0.07, 
   36.024, 0.3511, 0.6457,  3.74288,  3.80205,     0.00,  24.85,   0.07, 
   36.027, 0.3511, 0.6457,  3.74367,  3.80205,     0.00,  24.85,   0.07, 
   36.029, 0.3511, 0.6457,  3.74449,  3.80205,     0.00,  24.85,   0.07, 
   36.033, 0.3511, 0.6457,  3.74533,  3.80205,     0.00,  24.85,   0.07, 
   36.036, 0.3511, 0.6457,  3.74619,  3.80205,     0.00,  24.85,   0.07, 
   36.040, 0.3511, 0.6457,  3.74709,  3.80205,     0.00,  24.85,   0.07, 
   36.045, 0.3511, 0.6457,  3.74801,  3.80205,     0.00,  24.85,   0.07, 
   36.050, 0.3511, 0.6457,  3.74897,  3.80205,     0.00,  24.85,   0.07, 
   36.055, 0.3511, 0.6457,  3.74996,  3.80205,     0.00,  24.85,   0.06, 
   36.061, 0.3511, 0.6457,  3.75098,  3.80205,     0.00,  24.85,   0.06, 
   36.067, 0.3511, 0.6457,  3.75203,  3.80205,     0.00,  24.85,   0.06, 
   36.074, 0.3511, 0.6457,  3.75312,  3.80205,     0.00,  24.85,   0.06, 
   36.082, 0.3511, 0.6457,  3.75425,  3.80205,     0.00,  24.85,   0.06, 
   36.090, 0.3511, 0.6457,  3.75541,  3.80205,     0.00,  24.85,   0.06, 
   36.100, 0.3511, 0.6457,  3.75662,  3.80205,     0.00,  24.85,   0.06, 
   36.110, 0.3511, 0.6457,  3.75786,  3.80205,     0.00,  24.85,   0.06, 
   36.121, 0.3511, 0.6457,  3.75914,  3.80205,     0.00,  24.85,   0.06, 
   36.134, 0.3511, 0.6457,  3.76046,  3.80205,     0.00,  24.85,   0.06, 
   36.148, 0.3511, 0.6457,  3.76183,  3.80205,     0.00,  24.85,   0.07, 
   36.163, 0.3511, 0.6457,  3.76323,  3.80205,     0.00,  24.85,   0.07, 
   36.179, 0.3511, 0.6457,  3.76468,  3.80205,     0.00,  24.85,   0.07, 
   36.197, 0.3511, 0.6457,  3.76617,  3.80205,     0.00,  24.85,   0.07, 
   36.218, 0.3511, 0.6457,  3.76769,  3.80205,     0.00,  24.85,   0.07, 
   36.240, 0.3511, 0.6457,  3.76926,  3.80205,     0.00,  24.85,   0.07, 
   36.264, 0.3511, 0.6457,  3.77085,  3.80205,     0.00,  24.85,   0.07, 
   36.291, 0.3511, 0.6457,  3.77248,  3.80205,     0.00,  24.85,   0.07, 
   36.320, 0.3511, 0.6457,  3.77414,  3.80205,     0.00,  24.85,   0.07, 
   36.352, 0.3511, 0.6457,  3.77582,  3.80205,     0.00,  24.85,   0.07, 
   36.388, 0.3511, 0.6457,  3.77752,  3.80205,     0.00,  24.85,   0.07, 
   36.427, 0.3511, 0.6457,  3.77923,  3.80205,     0.00,  24.85,   0.07, 
   36.470, 0.3511, 0.6457,  3.78093,  3.80205,     0.00,  24.85,   0.07, 
   36.517, 0.3511, 0.6457,  3.78263,  3.80205,     0.00,  24.85,   0.07, 
   36.570, 0.3511, 0.6457,  3.78430,  3.80205,     0.00,  24.85,   0.07, 
   36.627, 0.3511, 0.6457,  3.78594,  3.80205,     0.00,  24.85,   0.07, 
   36.690, 0.3511, 0.6457,  3.78753,  3.80205,     0.00,  24.85,   0.07, 
   36.759, 0.3511, 0.6457,  3.78907,  3.80205,     0.00,  24.85,   0.07, 
   36.835, 0.3511, 0.6457,  3.79053,  3.80205,     0.00,  24.85,   0.07, 
   36.919, 0.3511, 0.6457,  3.79190,  3.80205,     0.00,  24.85,   0.06, 
   37.012, 0.3511, 0.6457,  3.79319,  3.80205,     0.00,  24.85,   0.06, 
   37.113, 0.3511, 0.6457,  3.79437,  3.80205,     0.00,  24.85,   0.06, 
   37.225, 0.3511, 0.6457,  3.79545,  3.80205,     0.00,  24.85,   0.06, 
   37.348, 0.3511, 0.6457,  3.79642,  3.80205,     0.00,  24.85,   0.05, 
   37.483, 0.3511, 0.6457,  3.79728,  3.80205,     0.00,  24.85,   0.05, 
   37.631, 0.3511, 0.6457,  3.79803,  3.80205,     0.00,  24.85,   0.05, 
   37.795, 0.3511, 0.6457,  3.79868,  3.80205,     0.00,  24.85,   0.04, 
   37.974, 0.3511, 0.6457,  3.79924,  3.80205,     0.00,  24.85,   0.04, 
   38.172, 0.3511, 0.6457,  3.79971,  3.80205,     0.00,  24.85,   0.04, 
   38.390, 0.3511, 0.6457,  3.80010,  3.80205,     0.00,  24.85,   0.03, 
   38.629, 0.3511, 0.6457,  3.80042,  3.80205,     0.00,  24.85,   0.03, 
   38.892, 0.3511, 0.6457,  3.80068,  3.80205,     0.00,  24.85,   0.03, 
   39.182, 0.3511, 0.6457,  3.80089,  3.80205,     0.00,  24.85,   0.02, 
   39.501, 0.3511, 0.6457,  3.80106,  3.80205,     0.00,  24.85,   0.02, 
   39.851, 0.3511, 0.6457,  3.80120,  3.80205,     0.00,  24.85,   0.02, 
   40.236, 0.3511, 0.6457,  3.80131,  3.80205,     0.00,  24.85,   0.02, 
   40.660, 0.3511, 0.6457,  3.80140,  3.80205,     0.00,  24.85,   0.01, 
   41.127, 0.3511, 0.6457,  3.80148,  3.80205,     0.00,  24.85,   0.01, 
   41.640, 0.3511, 0.6457,  3.80154,  3.80205,     0.00,  24.85,   0.01, 
   42.153, 0.3511, 0.6457,  3.80159,  3.80205,     0.00,  24.85,   0.01, 
   42.666, 0.3511, 0.6457,  3.80164,  3.80205,     0.00,  24.85,   0.01, 
   43.179, 0.3511, 0.6457,  3.80167,  3.80205,     0.00,  24.85,   0.01, 
   43.692, 0.3511, 0.6457,  3.80170,  3.80205,     0.00,  24.85,   0.00, 
   44.205, 0.3511, 0.6457,  3.80173,  3.80205,     0.00,  24.85,   0.00, 
   44.718, 0.3511, 0.6457,  3.80175,  3.80205,     0.00,  24.85,   0.00, 
   45.231, 0.3511, 0.6457,  3.80177,  3.80205,     0.00,  24.85,   0.00, 
   45.744, 0.3511, 0.6457,  3.80179,  3.80205,     0.00,  24.85,   0.00, 
   46.257, 0.3511, 0.6457,  3.80181,  3.80205,     0.00,  24.85,   0.00, 
   46.770, 0.3511, 0.6457,  3.80182,  3.80205,     0.00,  24.85,   0.00, 
   47.283, 0.3511, 0.6457,  3.80183,  3.80205,     0.00,  24.85,   0.00, 
   47.796, 0.3511, 0.6457,  3.80184,  3.80205,     0.00,  24.85,   0.00, 
   48.309, 0.3511, 0.6457,  3.80185,  3.80205,     0.00,  24.85,   0.00, 
   48.822, 0.3511, 0.6457,  3.80186,  3.80205,     0.00,  24.85,   0.00, 
   49.335, 0.3511, 0.6457,  3.80187,  3.80205,     0.00,  24.85,   0.00, 
   49.848, 0.3511, 0.6457,  3.80188,  3.80205,     0.00,  24.85,   0.00, 
   50.361, 0.3511, 0.6457,  3.80188,  3.80205,     0.00,  24.85,   0.00, 
   50.874, 0.3511, 0.6457,  3.80189,  3.80205,     0.00,  24.85,   0.00, 
   51.000, 0.3511, 0.6457,  3.80189,  3.80205,     0.00,  24.85,   0.00, 
   51.000, 0.3511, 0.6457,  3.70378,  3.80205,   100.00,  24.85,   9.82, 
 specific energy segment =     0.00 W-h/kg
 specific power segment  =     0.00 W/kg
 total heat =          1.7436 W-h/m2
  
   51.000, 0.3511, 0.6457,  3.70378,  3.80205,   100.00,  24.85,   9.82, 
   51.000, 0.3511, 0.6457,  3.70311,  3.80204,   100.00,  24.85,   9.88, 
   51.001, 0.3511, 0.6457,  3.70266,  3.80203,   100.00,  24.85,   9.93, 
   51.001, 0.3510, 0.6457,  3.70228,  3.80202,   100.00,  24.85,   9.96, 
   51.002, 0.3510, 0.6457,  3.70193,  3.80201,   100.00,  24.85,  10.00, 
   51.002, 0.3510, 0.6457,  3.70160,  3.80199,   100.00,  24.85,  10.03, 
   51.003, 0.3510, 0.6458,  3.70127,  3.80198,   100.00,  24.85,  10.06, 
   51.003, 0.3510, 0.6458,  3.70094,  3.80196,   100.00,  24.85,  10.09, 
   51.004, 0.3509, 0.6458,  3.70060,  3.80195,   100.00,  24.85,  10.13, 
   51.005, 0.3509, 0.6458,  3.70026,  3.80193,   100.00,  24.85,  10.16, 
   51.005, 0.3509, 0.6458,  3.69990,  3.80190,   100.00,  24.85,  10.19, 
   51.006, 0.3508, 0.6458,  3.69953,  3.80188,   100.00,  24.85,  10.23, 
   51.007, 0.3508, 0.6459,  3.69914,  3.80186,   100.00,  24.85,  10.26, 
   51.008, 0.3508, 0.6459,  3.69873,  3.80183,   100.00,  24.85,  10.30, 
   51.009, 0.3507, 0.6459,  3.69831,  3.80180,   100.00,  24.85,  10.34, 
   51.011, 0.3507, 0.6460,  3.69786,  3.80176,   100.00,  24.85,  10.38, 
   51.012, 0.3506, 0.6460,  3.69738,  3.80173,   100.00,  24.85,  10.43, 
   51.014, 0.3505, 0.6460,  3.69688,  3.80168,   100.00,  24.85,  10.47, 
   51.015, 0.3505, 0.6461,  3.69635,  3.80164,   100.00,  24.85,  10.52, 
   51.017, 0.3504, 0.6461,  3.69579,  3.80159,   100.00,  24.85,  10.57, 
   51.019, 0.3503, 0.6462,  3.69519,  3.80153,   100.00,  24.85,  10.63, 
   51.021, 0.3502, 0.6462,  3.69456,  3.80147,   100.00,  24.85,  10.68, 
   51.024, 0.3501, 0.6463,  3.69389,  3.80141,   100.00,  24.85,  10.74, 
   51.027, 0.3500, 0.6463,  3.69317,  3.80133,   100.00,  24.85,  10.81, 
   51.029, 0.3499, 0.6464,  3.69241,  3.80125,   100.00,  24.85,  10.88, 
   51.033, 0.3497, 0.6465,  3.69160,  3.80117,   100.00,  24.85,  10.95, 
   51.036, 0.3496, 0.6466,  3.69074,  3.80107,   100.00,  24.85,  11.03, 
   51.040, 0.3494, 0.6467,  3.68983,  3.80096,   100.00,  24.85,  11.11, 
   51.045, 0.3492, 0.6468,  3.68885,  3.80084,   100.00,  24.85,  11.19, 
   51.050, 0.3490, 0.6469,  3.68782,  3.80072,   100.00,  24.85,  11.28, 
   51.055, 0.3488, 0.6470,  3.68672,  3.80057,   100.00,  24.85,  11.38, 
   51.061, 0.3486, 0.6472,  3.68554,  3.80042,   100.00,  24.85,  11.48, 
   51.067, 0.3483, 0.6473,  3.68429,  3.80025,   100.00,  24.85,  11.59, 
   51.074, 0.3480, 0.6475,  3.68297,  3.80006,   100.00,  24.85,  11.70, 
   51.082, 0.3477, 0.6477,  3.68155,  3.79985,   100.00,  24.85,  11.82, 
   51.090, 0.3473, 0.6479,  3.68005,  3.79962,   100.00,  24.85,  11.95, 
   51.100, 0.3470, 0.6481,  3.67846,  3.79937,   100.00,  24.85,  12.08, 
   51.110, 0.3465, 0.6484,  3.67676,  3.79910,   100.00,  24.85,  12.22, 
   51.121, 0.3461, 0.6486,  3.67496,  3.79879,   100.00,  24.85,  12.37, 
   51.134, 0.3455, 0.6489,  3.67304,  3.79846,   100.00,  24.85,  12.53, 
   51.148, 0.3450, 0.6493,  3.67101,  3.79809,   100.00,  24.85,  12.70, 
   51.163, 0.3443, 0.6496,  3.66884,  3.79769,   100.00,  24.85,  12.87, 
   51.179, 0.3437, 0.6500,  3.66655,  3.79725,   100.00,  24.85,  13.05, 
   51.197, 0.3429, 0.6505,  3.66411,  3.79677,   100.00,  24.85,  13.25, 
   51.218, 0.3421, 0.6510,  3.66152,  3.79623,   100.00,  24.85,  13.45, 
   51.240, 0.3412, 0.6515,  3.65877,  3.79565,   100.00,  24.85,  13.66, 
   51.264, 0.3401, 0.6521,  3.65587,  3.79501,   100.00,  24.85,  13.89, 
   51.291, 0.3390, 0.6528,  3.65279,  3.79431,   100.00,  24.85,  14.12, 
   51.320, 0.3378, 0.6535,  3.64954,  3.79353,   100.00,  24.85,  14.36, 
   51.352, 0.3365, 0.6543,  3.64611,  3.79269,   100.00,  24.85,  14.61, 
   51.388, 0.3350, 0.6551,  3.64249,  3.79176,   100.00,  24.85,  14.88, 
   51.427, 0.3334, 0.6561,  3.63869,  3.79074,   100.00,  24.85,  15.15, 
   51.470, 0.3316, 0.6571,  3.63470,  3.78963,   100.00,  24.85,  15.43, 
   51.517, 0.3296, 0.6583,  3.63052,  3.78842,   100.00,  24.85,  15.71, 
   51.570, 0.3275, 0.6595,  3.62614,  3.78708,   100.00,  24.85,  16.01, 
   51.627, 0.3251, 0.6609,  3.62158,  3.78563,   100.00,  24.85,  16.30, 
   51.690, 0.3225, 0.6624,  3.61681,  3.78404,   100.00,  24.85,  16.61, 
   51.759, 0.3196, 0.6641,  3.61185,  3.78231,   100.00,  24.85,  16.91, 
   51.835, 0.3164, 0.6660,  3.60667,  3.78041,   100.00,  24.85,  17.22, 
   51.919, 0.3130, 0.6680,  3.60125,  3.77835,   100.00,  24.85,  17.54, 
   52.012, 0.3091, 0.6703,  3.59554,  3.77610,   100.00,  24.85,  17.86, 
   52.113, 0.3049, 0.6727,  3.58948,  3.77363,   100.00,  24.85,  18.20, 
   52.225, 0.3003, 0.6754,  3.58300,  3.77094,   100.00,  24.85,  18.56, 
   52.348, 0.2952, 0.6784,  3.57600,  3.76798,   100.00,  24.85,  18.93, 
   52.483, 0.2896, 0.6817,  3.56845,  3.76472,   100.00,  24.85,  19.34, 
   52.631, 0.2834, 0.6853,  3.56030,  3.76109,   100.00,  24.85,  19.77, 
   52.795, 0.2766, 0.6893,  3.55152,  3.75704,   100.00,  24.85,  20.23, 
   52.974, 0.2692, 0.6936,  3.54208,  3.75246,   100.00,  24.85,  20.70, 
   53.000, 0.2681, 0.6943,  3.54075,  3.75179,   100.00,  24.85,  20.77, 
   53.000, 0.2681, 0.6943,  3.65609,  3.75179,     0.00,  24.85,   0.50, 
 specific energy segment =    14.70 W-h/kg
 specific power segment  =   441.14 W/kg
 total heat =          2.3245 W-h/m2
  
   53.000, 0.2681, 0.6943,  3.65609,  3.75179,     0.00,  24.85,   0.50, 
   53.000, 0.2681, 0.6943,  3.65799,  3.75179,     0.00,  24.85,   0.45, 
   53.001, 0.2681, 0.6943,  3.65916,  3.75179,     0.00,  24.85,   0.43, 
   53.001, 0.2681, 0.6943,  3.66008,  3.75179,     0.00,  24.85,   0.41, 
   53.002, 0.2681, 0.6943,  3.66088,  3.75179,     0.00,  24.85,   0.39, 
   53.002, 0.2681, 0.6943,  3.66162,  3.75179,     0.00,  24.85,   0.38, 
   53.003, 0.2681, 0.6943,  3.66232,  3.75179,     0.00,  24.85,   0.37, 
   53.003, 0.2681, 0.6943,  3.66299,  3.75179,     0.00,  24.85,   0.36, 
   53.004, 0.2681, 0.6943,  3.66366,  3.75179,     0.00,  24.85,   0.35, 
   53.005, 0.2681, 0.6943,  3.66432,  3.75179,     0.00,  24.85,   0.34, 
   53.005, 0.2681, 0.6943,  3.66498,  3.75179,     0.00,  24.85,   0.33, 
   53.006, 0.2681, 0.6943,  3.66564,  3.75179,     0.00,  24.85,   0.32, 
   53.007, 0.2681, 0.6943,  3.66631,  3.75179,     0.00,  24.85,   0.31, 
   53.008, 0.2681, 0.6943,  3.66699,  3.75179,     0.00,  24.85,   0.30, 
   53.009, 0.2681, 0.6943,  3.66769,  3.75179,     0.00,  24.85,   0.29, 
   53.011, 0.2681, 0.6943,  3.66840,  3.75179,     0.00,  24.85,   0.28, 
   53.012, 0.2681, 0.6943,  3.66913,  3.75179,     0.00,  24.85,   0.28, 
   53.014, 0.2681, 0.6943,  3.66988,  3.75179,     0.00,  24.85,   0.27, 
   53.015, 0.2681, 0.6943,  3.67065,  3.75179,     0.00,  24.85,   0.26, 
   53.017, 0.2681, 0.6943,  3.67145,  3.75179,     0.00,  24.85,   0.25, 
   53.019, 0.2681, 0.6943,  3.67227,  3.75179,     0.00,  24.85,   0.25, 
   53.021, 0.2681, 0.6943,  3.67312,  3.75179,     0.00,  24.85,   0.24, 
   53.024, 0.2681, 0.6943,  3.67399,  3.75179,     0.00,  24.85,   0.23, 
   53.027, 0.2681, 0.6943,  3.67490,  3.75179,     0.00,  24.85,   0.23, 
   53.029, 0.2681, 0.6943,  3.67584,  3.75179,     0.00,  24.85,   0.22, 
   53.033, 0.2681, 0.6943,  3.67682,  3.75179,     0.00,  24.85,   0.21, 
   53.036, 0.2681, 0.6943,  3.67783,  3.75179,     0.00,  24.85,   0.21, 
   53.040, 0.2681, 0.6943,  3.67888,  3.75179,     0.00,  24.85,   0.20, 
   53.045, 0.2681, 0.6943,  3.67997,  3.75179,     0.00,  24.85,   0.20, 
   53.050, 0.2681, 0.6943,  3.68110,  3.75179,     0.00,  24.85,   0.19, 
   53.055, 0.2681, 0.6943,  3.68227,  3.75179,     0.00,  24.85,   0.19, 
   53.061, 0.2681, 0.6943,  3.68349,  3.75179,     0.00,  24.85,   0.18, 
   53.067, 0.2681, 0.6943,  3.68475,  3.75179,     0.00,  24.85,   0.18, 
   53.074, 0.2681, 0.6943,  3.68606,  3.75179,     0.00,  24.85,   0.17, 
   53.082, 0.2681, 0.6943,  3.68742,  3.75179,     0.00,  24.85,   0.17, 
   53.090, 0.2681, 0.6943,  3.68883,  3.75179,     0.00,  24.85,   0.16, 
   53.100, 0.2681, 0.6943,  3.69029,  3.75179,     0.00,  24.85,   0.16, 
   53.110, 0.2681, 0.6943,  3.69180,  3.75179,     0.00,  24.85,   0.16, 
   53.121, 0.2681, 0.6943,  3.69337,  3.75179,     0.00,  24.85,   0.15, 
   53.134, 0.2681, 0.6943,  3.69498,  3.75179,     0.00,  24.85,   0.15, 
   53.148, 0.2681, 0.6943,  3.69665,  3.75179,     0.00,  24.85,   0.15, 
   53.163, 0.2681, 0.6943,  3.69838,  3.75179,     0.00,  24.85,   0.15, 
   53.179, 0.2681, 0.6943,  3.70015,  3.75179,     0.00,  24.85,   0.14, 
   53.197, 0.2681, 0.6943,  3.70198,  3.75179,     0.00,  24.85,   0.14, 
   53.218, 0.2681, 0.6943,  3.70386,  3.75179,     0.00,  24.85,   0.14, 
   53.240, 0.2681, 0.6943,  3.70578,  3.75179,     0.00,  24.85,   0.14, 
   53.264, 0.2681, 0.6943,  3.70775,  3.75179,     0.00,  24.85,   0.14, 
   53.291, 0.2681, 0.6943,  3.70976,  3.75179,     0.00,  24.85,   0.13, 
   53.320, 0.2681, 0.6943,  3.71181,  3.75179,     0.00,  24.85,   0.13, 
   53.352, 0.2681, 0.6943,  3.71389,  3.75179,     0.00,  24.85,   0.13, 
   53.388, 0.2681, 0.6943,  3.71599,  3.75179,     0.00,  24.85,   0.13, 
   53.427, 0.2681, 0.6943,  3.71811,  3.75179,     0.00,  24.85,   0.13, 
   53.470, 0.2681, 0.6943,  3.72023,  3.75179,     0.00,  24.85,   0.12, 
   53.517, 0.2681, 0.6943,  3.72236,  3.75179,     0.00,  24.85,   0.12, 
   53.570, 0.2681, 0.6943,  3.72447,  3.75179,     0.00,  24.85,   0.12, 
   53.627, 0.2681, 0.6943,  3.72655,  3.75179,     0.00,  24.85,   0.12, 
   53.690, 0.2681, 0.6943,  3.72859,  3.75179,     0.00,  24.85,   0.11, 
   53.759, 0.2681, 0.6943,  3.73058,  3.75179,     0.00,  24.85,   0.11, 
   53.835, 0.2681, 0.6943,  3.73250,  3.75179,     0.00,  24.85,   0.11, 
   53.919, 0.2681, 0.6943,  3.73434,  3.75179,     0.00,  24.85,   0.10, 
   54.012, 0.2681, 0.6943,  3.73609,  3.75179,     0.00,  24.85,   0.10, 
   54.113, 0.2681, 0.6943,  3.73773,  3.75179,     0.00,  24.85,   0.09, 
   54.225, 0.2681, 0.6943,  3.73926,  3.75179,     0.00,  24.85,   0.09, 
   54.348, 0.2681, 0.6943,  3.74067,  3.75179,     0.00,  24.85,   0.08, 
   54.483, 0.2681, 0.6943,  3.74196,  3.75179,     0.00,  24.85,   0.08, 
   54.631, 0.2681, 0.6943,  3.74313,  3.75179,     0.00,  24.85,   0.07, 
   54.795, 0.2681, 0.6943,  3.74419,  3.75179,     0.00,  24.85,   0.07, 
   54.974, 0.2681, 0.6943,  3.74512,  3.75179,     0.00,  24.85,   0.06, 
   55.172, 0.2681, 0.6943,  3.74595,  3.75179,     0.00,  24.85,   0.06, 
   55.390, 0.2681, 0.6943,  3.74669,  3.75179,     0.00,  24.85,   0.05, 
   55.629, 0.2681, 0.6943,  3.74733,  3.75179,     0.00,  24.85,   0.05, 
   55.892, 0.2681, 0.6943,  3.74789,  3.75179,     0.00,  24.85,   0.04, 
   56.182, 0.2681, 0.6943,  3.74838,  3.75179,     0.00,  24.85,   0.04, 
   56.501, 0.2681, 0.6943,  3.74881,  3.75179,     0.00,  24.85,   0.03, 
   56.851, 0.2681, 0.6943,  3.74918,  3.75179,     0.00,  24.85,   0.03, 
   57.236, 0.2681, 0.6943,  3.74950,  3.75179,     0.00,  24.85,   0.03, 
   57.660, 0.2681, 0.6943,  3.74979,  3.75179,     0.00,  24.85,   0.02, 
   58.127, 0.2681, 0.6943,  3.75004,  3.75179,     0.00,  24.85,   0.02, 
   58.640, 0.2681, 0.6943,  3.75025,  3.75179,     0.00,  24.85,   0.02, 
   59.153, 0.2681, 0.6943,  3.75043,  3.75179,     0.00,  24.85,   0.01, 
   59.666, 0.2681, 0.6943,  3.75058,  3.75179,     0.00,  24.85,   0.01, 
   60.179, 0.2681, 0.6943,  3.75070,  3.75179,     0.00,  24.85,   0.01, 
   60.692, 0.2681, 0.6943,  3.75080,  3.75179,     0.00,  24.85,   0.01, 
   61.205, 0.2681, 0.6943,  3.75089,  3.75179,     0.00,  24.85,   0.01, 
   61.718, 0.2681, 0.6943,  3.75096,  3.75179,     0.00,  24.85,   0.01, 
   62.231, 0.2681, 0.6943,  3.75103,  3.75179,     0.00,  24.85,   0.01, 
   62.744, 0.2681, 0.6943,  3.75108,  3.75179,     0.00,  24.85,   0.00, 
   63.257, 0.2681, 0.6943,  3.75113,  3.75179,     0.00,  24.85,   0.00, 
   63.770, 0.2681, 0.6943,  3.75118,  3.75179,     0.00,  24.85,   0.00, 
   64.283, 0.2681, 0.6943,  3.75122,  3.75179,     0.00,  24.85,   0.00, 
   64.796, 0.2681, 0.6943,  3.75125,  3.75179,     0.00,  24.85,   0.00, 
   65.309, 0.2681, 0.6943,  3.75129,  3.75179,     0.00,  24.85,   0.00, 
   65.822, 0.2681, 0.6943,  3.75131,  3.75179,     0.00,  24.85,   0.00, 
   66.335, 0.2681, 0.6943,  3.75134,  3.75179,     0.00,  24.85,   0.00, 
   66.848, 0.2681, 0.6943,  3.75136,  3.75179,     0.00,  24.85,   0.00, 
   67.361, 0.2681, 0.6943,  3.75138,  3.75179,     0.00,  24.85,   0.00, 
   67.874, 0.2681, 0.6943,  3.75140,  3.75179,     0.00,  24.85,   0.00, 
   68.000, 0.2681, 0.6943,  3.75141,  3.75179,     0.00,  24.85,   0.00, 
   68.000, 0.2681, 0.6943,  3.65164,  3.75179,   100.00,  24.85,   9.97, 
 specific energy segment =     0.00 W-h/kg
 specific power segment  =     0.00 W/kg
 total heat =          2.3305 W-h/m2
  
   68.000, 0.2681, 0.6943,  3.65164,  3.75179,   100.00,  24.85,   9.97, 
   68.000, 0.2681, 0.6943,  3.65073,  3.75178,   100.00,  24.85,  10.06, 
   68.001, 0.2681, 0.6943,  3.65012,  3.75178,   100.00,  24.85,  10.12, 
   68.001, 0.2681, 0.6943,  3.64961,  3.75176,   100.00,  24.85,  10.17, 
   68.002, 0.2681, 0.6943,  3.64914,  3.75175,   100.00,  24.85,  10.22, 
   68.002, 0.2680, 0.6943,  3.64868,  3.75174,   100.00,  24.85,  10.26, 
   68.003, 0.2680, 0.6943,  3.64824,  3.75173,   100.00,  24.85,  10.31, 
   68.003, 0.2680, 0.6943,  3.64779,  3.75171,   100.00,  24.85,  10.35, 
   68.004, 0.2680, 0.6944,  3.64733,  3.75169,   100.00,  24.85,  10.39, 
   68.005, 0.2679, 0.6944,  3.64687,  3.75168,   100.00,  24.85,  10.44, 
   68.005, 0.2679, 0.6944,  3.64639,  3.75165,   100.00,  24.85,  10.48, 
   68.006, 0.2679, 0.6944,  3.64589,  3.75163,   100.00,  24.85,  10.53, 
   68.007, 0.2678, 0.6944,  3.64538,  3.75161,   100.00,  24.85,  10.58, 
   68.008, 0.2678, 0.6945,  3.64484,  3.75158,   100.00,  24.85,  10.63, 
   68.009, 0.2677, 0.6945,  3.64429,  3.75155,   100.00,  24.85,  10.68, 
   68.011, 0.2677, 0.6945,  3.64370,  3.75152,   100.00,  24.85,  10.74, 
   68.012, 0.2676, 0.6945,  3.64309,  3.75148,   100.00,  24.85,  10.80, 
   68.014, 0.2676, 0.6946,  3.64245,  3.75144,   100.00,  24.85,  10.86, 
   68.015, 0.2675, 0.6946,  3.64177,  3.75140,   100.00,  24.85,  10.92, 
   68.017, 0.2674, 0.6947,  3.64106,  3.75135,   100.00,  24.85,  10.99, 
   68.019, 0.2673, 0.6947,  3.64031,  3.75130,   100.00,  24.85,  11.06, 
   68.021, 0.2672, 0.6948,  3.63953,  3.75124,   100.00,  24.85,  11.13, 
   68.024, 0.2671, 0.6948,  3.63870,  3.75117,   100.00,  24.85,  11.21, 
   68.027, 0.2670, 0.6949,  3.63782,  3.75110,   100.00,  24.85,  11.29, 
   68.029, 0.2669, 0.6950,  3.63690,  3.75102,   100.00,  24.85,  11.37, 
   68.033, 0.2668, 0.6951,  3.63592,  3.75094,   100.00,  24.85,  11.46, 
   68.036, 0.2666, 0.6951,  3.63489,  3.75084,   100.00,  24.85,  11.55, 
   68.040, 0.2665, 0.6952,  3.63381,  3.75074,   100.00,  24.85,  11.65, 
   68.045, 0.2663, 0.6953,  3.63265,  3.75062,   100.00,  24.85,  11.75, 
   68.050, 0.2661, 0.6955,  3.63144,  3.75050,   100.00,  24.85,  11.86, 
   68.055, 0.2659, 0.6956,  3.63015,  3.75036,   100.00,  24.85,  11.98, 
   68.061, 0.2656, 0.6957,  3.62878,  3.75020,   100.00,  24.85,  12.10, 
   68.067, 0.2653, 0.6959,  3.62733,  3.75003,   100.00,  24.85,  12.23, 
   68.074, 0.2651, 0.6961,  3.62579,  3.74985,   100.00,  24.85,  12.36, 
   68.082, 0.2647, 0.6962,  3.62416,  3.74964,   100.00,  24.85,  12.50, 
   68.090, 0.2644, 0.6965,  3.62243,  3.74942,   100.00,  24.85,  12.65, 
   68.100, 0.2640, 0.6967,  3.62059,  3.74917,   100.00,  24.85,  12.81, 
   68.110, 0.2636, 0.6969,  3.61863,  3.74889,   100.00,  24.85,  12.98, 
   68.121, 0.2631, 0.6972,  3.61655,  3.74859,   100.00,  24.85,  13.15, 
   68.134, 0.2626, 0.6975,  3.61433,  3.74826,   100.00,  24.85,  13.34, 
   68.148, 0.2620, 0.6978,  3.61198,  3.74789,   100.00,  24.85,  13.54, 
   68.163, 0.2614, 0.6982,  3.60947,  3.74748,   100.00,  24.85,  13.75, 
   68.179, 0.2607, 0.6986,  3.60679,  3.74703,   100.00,  24.85,  13.97, 
   68.197, 0.2599, 0.6991,  3.60395,  3.74654,   100.00,  24.85,  14.20, 
   68.218, 0.2591, 0.6995,  3.60092,  3.74599,   100.00,  24.85,  14.45, 
   68.240, 0.2582, 0.7001,  3.59770,  3.74539,   100.00,  24.85,  14.70, 
   68.264, 0.2572, 0.7007,  3.59429,  3.74472,   100.00,  24.85,  14.97, 
   68.291, 0.2561, 0.7013,  3.59066,  3.74398,   100.00,  24.85,  15.26, 
   68.320, 0.2548, 0.7020,  3.58682,  3.74316,   100.00,  24.85,  15.56, 
   68.352, 0.2535, 0.7028,  3.58275,  3.74225,   100.00,  24.85,  15.87, 
   68.388, 0.2520, 0.7037,  3.57845,  3.74124,   100.00,  24.85,  16.19, 
   68.427, 0.2504, 0.7046,  3.57392,  3.74012,   100.00,  24.85,  16.53, 
   68.470, 0.2486, 0.7057,  3.56916,  3.73888,   100.00,  24.85,  16.87, 
   68.517, 0.2467, 0.7068,  3.56415,  3.73749,   100.00,  24.85,  17.23, 
   68.570, 0.2445, 0.7081,  3.55889,  3.73596,   100.00,  24.85,  17.59, 
   68.627, 0.2421, 0.7095,  3.55337,  3.73424,   100.00,  24.85,  17.97, 
   68.690, 0.2395, 0.7110,  3.54760,  3.73233,   100.00,  24.85,  18.35, 
   68.759, 0.2366, 0.7127,  3.54155,  3.73019,   100.00,  24.85,  18.73, 
   68.835, 0.2335, 0.7145,  3.53524,  3.72780,   100.00,  24.85,  19.12, 
   68.919, 0.2300, 0.7166,  3.52870,  3.72513,   100.00,  24.85,  19.50, 
   69.012, 0.2262, 0.7188,  3.52207,  3.72214,   100.00,  24.85,  19.85, 
   69.113, 0.2220, 0.7213,  3.51575,  3.71879,   100.00,  24.85,  20.12, 
   69.225, 0.2173, 0.7240,  3.50981,  3.71504,   100.00,  24.85,  20.30, 
   69.348, 0.2122, 0.7270,  3.50392,  3.71084,   100.00,  24.85,  20.43, 
   69.483, 0.2066, 0.7303,  3.49786,  3.70615,   100.00,  24.85,  20.53, 
   69.631, 0.2005, 0.7339,  3.49149,  3.70092,   100.00,  24.85,  20.62, 
   69.795, 0.1937, 0.7378,  3.48477,  3.69511,   100.00,  24.85,  20.71, 
   69.974, 0.1862, 0.7422,  3.47765,  3.68867,   100.00,  24.85,  20.81, 
   70.000, 0.1852, 0.7428,  3.47662,  3.68776,   100.00,  24.85,  20.83, 
   70.000, 0.1852, 0.7428,  3.59333,  3.68776,     0.00,  24.85,   0.61, 
 specific energy segment =    14.43 W-h/kg
 specific power segment  =   432.84 W/kg
 total heat =          2.9517 W-h/m2
  
   70.000, 0.1852, 0.7428,  3.59333,  3.68776,     0.00,  24.85,   0.61, 
   70.000, 0.1852, 0.7428,  3.59585,  3.68776,     0.00,  24.85,   0.46, 
   70.001, 0.1852, 0.7428,  3.59704,  3.68776,     0.00,  24.85,   0.40, 
   70.001, 0.1852, 0.7428,  3.59786,  3.68776,     0.00,  24.85,   0.37, 
   70.002, 0.1852, 0.7428,  3.59851,  3.68776,     0.00,  24.85,   0.34, 
   70.002, 0.1852, 0.7428,  3.59908,  3.68776,     0.00,  24.85,   0.32, 
   70.003, 0.1852, 0.7428,  3.59960,  3.68776,     0.00,  24.85,   0.30, 
   70.003, 0.1852, 0.7428,  3.60009,  3.68776,     0.00,  24.85,   0.29, 
   70.004, 0.1852, 0.7428,  3.60055,  3.68776,     0.00,  24.85,   0.28, 
   70.005, 0.1852, 0.7428,  3.60100,  3.68776,     0.00,  24.85,   0.27, 
   70.005, 0.1852, 0.7428,  3.60145,  3.68776,     0.00,  24.85,   0.26, 
   70.006, 0.1852, 0.7428,  3.60189,  3.68776,     0.00,  24.85,   0.25, 
   70.007, 0.1852, 0.7428,  3.60233,  3.68776,     0.00,  24.85,   0.24, 
   70.008, 0.1852, 0.7428,  3.60277,  3.68776,     0.00,  24.85,   0.23, 
   70.009, 0.1852, 0.7428,  3.60322,  3.68776,     0.00,  24.85,   0.22, 
   70.011, 0.1852, 0.7428,  3.60367,  3.68776,     0.00,  24.85,   0.22, 
   70.012, 0.1852, 0.7428,  3.60414,  3.68776,     0.00,  24.85,   0.21, 
   70.014, 0.1852, 0.7428,  3.60462,  3.68776,     0.00,  24.85,   0.21, 
   70.015, 0.1852, 0.7428,  3.60511,  3.68776,     0.00,  24.85,   0.20, 
   70.017, 0.1852, 0.7428,  3.60562,  3.68776,     0.00,  24.85,   0.20, 
   70.019, 0.1852, 0.7428,  3.60614,  3.68776,     0.00,  24.85,   0.20, 
   70.021, 0.1852, 0.7428,  3.60669,  3.68776,     0.00,  24.85,   0.20, 
   70.024, 0.1852, 0.7428,  3.60725,  3.68776,     0.00,  24.85,   0.20, 
   70.027, 0.1852, 0.7428,  3.60783,  3.68776,     0.00,  24.85,   0.19, 
   70.029, 0.1852, 0.7428,  3.60844,  3.68776,     0.00,  24.85,   0.19, 
   70.033, 0.1852, 0.7428,  3.60908,  3.68776,     0.00,  24.85,   0.19, 
   70.036, 0.1852, 0.7428,  3.60974,  3.68776,     0.00,  24.85,   0.19, 
   70.040, 0.1852, 0.7428,  3.61043,  3.68776,     0.00,  24.85,   0.20, 
   70.045, 0.1852, 0.7428,  3.61114,  3.68776,     0.00,  24.85,   0.20, 
   70.050, 0.1852, 0.7428,  3.61189,  3.68776,     0.00,  24.85,   0.20, 
   70.055, 0.1852, 0.7428,  3.61268,  3.68776,     0.00,  24.85,   0.20, 
   70.061, 0.1852, 0.7428,  3.61350,  3.68776,     0.00,  24.85,   0.21, 
   70.067, 0.1852, 0.7428,  3.61435,  3.68776,     0.00,  24.85,   0.21, 
   70.074, 0.1852, 0.7428,  3.61524,  3.68776,     0.00,  24.85,   0.22, 
   70.082, 0.1852, 0.7428,  3.61617,  3.68776,     0.00,  24.85,   0.22, 
   70.090, 0.1852, 0.7428,  3.61714,  3.68776,     0.00,  24.85,   0.23, 
   70.100, 0.1852, 0.7428,  3.61815,  3.68776,     0.00,  24.85,   0.23, 
   70.110, 0.1852, 0.7428,  3.61921,  3.68776,     0.00,  24.85,   0.24, 
   70.121, 0.1852, 0.7428,  3.62031,  3.68776,     0.00,  24.85,   0.24, 
   70.134, 0.1852, 0.7428,  3.62147,  3.68776,     0.00,  24.85,   0.25, 
   70.148, 0.1852, 0.7428,  3.62267,  3.68776,     0.00,  24.85,   0.25, 
   70.163, 0.1852, 0.7428,  3.62394,  3.68776,     0.00,  24.85,   0.26, 
   70.179, 0.1852, 0.7428,  3.62529,  3.68776,     0.00,  24.85,   0.26, 
   70.197, 0.1852, 0.7428,  3.62672,  3.68776,     0.00,  24.85,   0.26, 
   70.218, 0.1852, 0.7428,  3.62828,  3.68776,     0.00,  24.85,   0.26, 
   70.240, 0.1852, 0.7428,  3.63000,  3.68776,     0.00,  24.85,   0.25, 
   70.264, 0.1852, 0.7428,  3.63191,  3.68776,     0.00,  24.85,   0.24, 
   70.291, 0.1852, 0.7428,  3.63399,  3.68776,     0.00,  24.85,   0.22, 
   70.320, 0.1852, 0.7428,  3.63620,  3.68776,     0.00,  24.85,   0.20, 
   70.352, 0.1852, 0.7428,  3.63851,  3.68776,     0.00,  24.85,   0.18, 
   70.388, 0.1852, 0.7428,  3.64088,  3.68776,     0.00,  24.85,   0.17, 
   70.427, 0.1852, 0.7428,  3.64329,  3.68776,     0.00,  24.85,   0.15, 
   70.470, 0.1852, 0.7428,  3.64571,  3.68776,     0.00,  24.85,   0.14, 
   70.517, 0.1852, 0.7428,  3.64814,  3.68776,     0.00,  24.85,   0.13, 
   70.570, 0.1852, 0.7428,  3.65055,  3.68776,     0.00,  24.85,   0.12, 
   70.627, 0.1852, 0.7428,  3.65295,  3.68776,     0.00,  24.85,   0.11, 
   70.690, 0.1852, 0.7428,  3.65530,  3.68776,     0.00,  24.85,   0.10, 
   70.759, 0.1852, 0.7428,  3.65761,  3.68776,     0.00,  24.85,   0.10, 
   70.835, 0.1852, 0.7428,  3.65986,  3.68776,     0.00,  24.85,   0.09, 
   70.919, 0.1852, 0.7428,  3.66204,  3.68776,     0.00,  24.85,   0.08, 
   71.012, 0.1852, 0.7428,  3.66413,  3.68776,     0.00,  24.85,   0.08, 
   71.113, 0.1852, 0.7428,  3.66614,  3.68776,     0.00,  24.85,   0.07, 
   71.225, 0.1852, 0.7428,  3.66805,  3.68776,     0.00,  24.85,   0.07, 
   71.348, 0.1852, 0.7428,  3.66985,  3.68776,     0.00,  24.85,   0.06, 
   71.483, 0.1852, 0.7428,  3.67155,  3.68776,     0.00,  24.85,   0.06, 
   71.631, 0.1852, 0.7428,  3.67314,  3.68776,     0.00,  24.85,   0.05, 
   71.795, 0.1852, 0.7428,  3.67462,  3.68776,     0.00,  24.85,   0.05, 
   71.974, 0.1852, 0.7428,  3.67599,  3.68776,     0.00,  24.85,   0.04, 
   72.172, 0.1852, 0.7428,  3.67726,  3.68776,     0.00,  24.85,   0.04, 
   72.390, 0.1852, 0.7428,  3.67844,  3.68776,     0.00,  24.85,   0.04, 
   72.629, 0.1852, 0.7428,  3.67951,  3.68776,     0.00,  24.85,   0.03, 
   72.892, 0.1852, 0.7428,  3.68050,  3.68776,     0.00,  24.85,   0.03, 
   73.182, 0.1852, 0.7428,  3.68141,  3.68776,     0.00,  24.85,   0.03, 
   73.501, 0.1852, 0.7428,  3.68223,  3.68776,     0.00,  24.85,   0.03, 
   73.851, 0.1852, 0.7428,  3.68298,  3.68776,     0.00,  24.85,   0.02, 
   74.236, 0.1852, 0.7428,  3.68364,  3.68776,     0.00,  24.85,   0.02, 
   74.660, 0.1852, 0.7428,  3.68424,  3.68776,     0.00,  24.85,   0.02, 
   75.127, 0.1852, 0.7428,  3.68476,  3.68776,     0.00,  24.85,   0.02, 
   75.640, 0.1852, 0.7428,  3.68521,  3.68776,     0.00,  24.85,   0.01, 
   76.153, 0.1852, 0.7428,  3.68557,  3.68776,     0.00,  24.85,   0.01, 
   76.666, 0.1852, 0.7428,  3.68585,  3.68776,     0.00,  24.85,   0.01, 
   77.179, 0.1852, 0.7428,  3.68607,  3.68776,     0.00,  24.85,   0.01, 
   77.692, 0.1852, 0.7428,  3.68625,  3.68776,     0.00,  24.85,   0.01, 
   78.205, 0.1852, 0.7428,  3.68640,  3.68776,     0.00,  24.85,   0.01, 
   78.718, 0.1852, 0.7428,  3.68652,  3.68776,     0.00,  24.85,   0.01, 
   79.231, 0.1852, 0.7428,  3.68661,  3.68776,     0.00,  24.85,   0.01, 
   79.744, 0.1852, 0.7428,  3.68669,  3.68776,     0.00,  24.85,   0.01, 
   80.257, 0.1852, 0.7428,  3.68676,  3.68776,     0.00,  24.85,   0.01, 
   80.770, 0.1852, 0.7428,  3.68681,  3.68776,     0.00,  24.85,   0.01, 
   81.283, 0.1852, 0.7428,  3.68685,  3.68776,     0.00,  24.85,   0.00, 
   81.796, 0.1852, 0.7428,  3.68689,  3.68776,     0.00,  24.85,   0.00, 
   82.309, 0.1852, 0.7428,  3.68692,  3.68776,     0.00,  24.85,   0.00, 
   82.822, 0.1852, 0.7428,  3.68695,  3.68776,     0.00,  24.85,   0.00, 
   83.335, 0.1852, 0.7428,  3.68697,  3.68776,     0.00,  24.85,   0.00, 
   83.848, 0.1852, 0.7428,  3.68699,  3.68776,     0.00,  24.85,   0.00, 
   84.361, 0.1852, 0.7428,  3.68701,  3.68776,     0.00,  24.85,   0.00, 
   84.874, 0.1852, 0.7428,  3.68703,  3.68776,     0.00,  24.85,   0.00, 
   85.000, 0.1852, 0.7428,  3.68703,  3.68776,     0.00,  24.85,   0.00, 
   85.000, 0.1852, 0.7428,  3.68216,  3.68776,     4.00,  24.85,   0.02, 
 specific energy segment =     0.00 W-h/kg
 specific power segment  =     0.00 W/kg
 total heat =          2.9576 W-h/m2
  
   85.000, 0.1852, 0.7428,  3.68216,  3.68776,     4.00,  24.85,   0.02, 
   85.000, 0.1852, 0.7428,  3.68210,  3.68776,     4.00,  24.85,   0.02, 
   85.001, 0.1852, 0.7428,  3.68206,  3.68776,     4.00,  24.85,   0.02, 
   85.001, 0.1852, 0.7428,  3.68202,  3.68776,     4.00,  24.85,   0.02, 
   85.002, 0.1852, 0.7428,  3.68199,  3.68776,     4.00,  24.85,   0.02, 
   85.002, 0.1852, 0.7428,  3.68197,  3.68775,     4.00,  24.85,   0.02, 
   85.003, 0.1852, 0.7428,  3.68194,  3.68775,     4.00,  24.85,   0.02, 
   85.003, 0.1852, 0.7428,  3.68192,  3.68775,     4.00,  24.85,   0.02, 
   85.004, 0.1852, 0.7428,  3.68189,  3.68775,     4.00,  24.85,   0.02, 
   85.005, 0.1852, 0.7428,  3.68187,  3.68775,     4.00,  24.85,   0.02, 
   85.005, 0.1851, 0.7428,  3.68184,  3.68775,     4.00,  24.85,   0.02, 
   85.006, 0.1851, 0.7428,  3.68181,  3.68775,     4.00,  24.85,   0.02, 
   85.007, 0.1851, 0.7428,  3.68179,  3.68775,     4.00,  24.85,   0.02, 
   85.008, 0.1851, 0.7428,  3.68176,  3.68775,     4.00,  24.85,   0.02, 
   85.009, 0.1851, 0.7428,  3.68173,  3.68774,     4.00,  24.85,   0.02, 
   85.011, 0.1851, 0.7428,  3.68171,  3.68774,     4.00,  24.85,   0.02, 
   85.012, 0.1851, 0.7428,  3.68168,  3.68774,     4.00,  24.85,   0.02, 
   85.014, 0.1851, 0.7428,  3.68165,  3.68774,     4.00,  24.85,   0.02, 
   85.015, 0.1851, 0.7428,  3.68162,  3.68774,     4.00,  24.85,   0.03, 
   85.017, 0.1851, 0.7428,  3.68158,  3.68773,     4.00,  24.85,   0.03, 
   85.019, 0.1851, 0.7428,  3.68155,  3.68773,     4.00,  24.85,   0.03, 
   85.021, 0.1851, 0.7428,  3.68151,  3.68773,     4.00,  24.85,   0.03, 
   85.024, 0.1851, 0.7428,  3.68148,  3.68772,     4.00,  24.85,   0.03, 
   85.027, 0.1851, 0.7428,  3.68144,  3.68772,     4.00,  24.85,   0.03, 
   85.029, 0.1851, 0.7429,  3.68140,  3.68772,     4.00,  24.85,   0.03, 
   85.033, 0.1851, 0.7429,  3.68136,  3.68771,     4.00,  24.85,   0.03, 
   85.036, 0.1851, 0.7429,  3.68131,  3.68771,     4.00,  24.85,   0.03, 
   85.040, 0.1851, 0.7429,  3.68127,  3.68770,     4.00,  24.85,   0.03, 
   85.045, 0.1851, 0.7429,  3.68122,  3.68769,     4.00,  24.85,   0.03, 
   85.050, 0.1851, 0.7429,  3.68117,  3.68769,     4.00,  24.85,   0.03, 
   85.055, 0.1851, 0.7429,  3.68111,  3.68768,     4.00,  24.85,   0.03, 
   85.061, 0.1851, 0.7429,  3.68106,  3.68767,     4.00,  24.85,   0.03, 
   85.067, 0.1850, 0.7429,  3.68100,  3.68766,     4.00,  24.85,   0.03, 
   85.074, 0.1850, 0.7429,  3.68094,  3.68765,     4.00,  24.85,   0.03, 
   85.082, 0.1850, 0.7429,  3.68087,  3.68764,     4.00,  24.85,   0.03, 
   85.090, 0.1850, 0.7429,  3.68080,  3.68763,     4.00,  24.85,   0.03, 
   85.100, 0.1850, 0.7429,  3.68073,  3.68761,     4.00,  24.85,   0.03, 
   85.110, 0.1850, 0.7429,  3.68065,  3.68760,     4.00,  24.85,   0.03, 
   85.121, 0.1850, 0.7429,  3.68057,  3.68758,     4.00,  24.85,   0.03, 
   85.134, 0.1849, 0.7430,  3.68049,  3.68757,     4.00,  24.85,   0.03, 
   85.148, 0.1849, 0.7430,  3.68040,  3.68755,     4.00,  24.85,   0.03, 
   85.163, 0.1849, 0.7430,  3.68030,  3.68752,     4.00,  24.85,   0.03, 
   85.179, 0.1849, 0.7430,  3.68020,  3.68750,     4.00,  24.85,   0.03, 
   85.197, 0.1848, 0.7430,  3.68010,  3.68747,     4.00,  24.85,   0.03, 
   85.218, 0.1848, 0.7430,  3.67999,  3.68745,     4.00,  24.85,   0.03, 
   85.240, 0.1848, 0.7431,  3.67987,  3.68741,     4.00,  24.85,   0.03, 
   85.264, 0.1847, 0.7431,  3.67975,  3.68738,     4.00,  24.85,   0.03, 
   85.291, 0.1847, 0.7431,  3.67962,  3.68734,     4.00,  24.85,   0.03, 
   85.320, 0.1846, 0.7431,  3.67948,  3.68730,     4.00,  24.85,   0.03, 
   85.352, 0.1846, 0.7432,  3.67934,  3.68725,     4.00,  24.85,   0.03, 
   85.388, 0.1845, 0.7432,  3.67919,  3.68720,     4.00,  24.85,   0.03, 
   85.427, 0.1844, 0.7432,  3.67903,  3.68715,     4.00,  24.85,   0.03, 
   85.470, 0.1844, 0.7433,  3.67887,  3.68708,     4.00,  24.85,   0.03, 
   85.517, 0.1843, 0.7433,  3.67870,  3.68702,     4.00,  24.85,   0.03, 
   85.570, 0.1842, 0.7434,  3.67852,  3.68694,     4.00,  24.85,   0.03, 
   85.627, 0.1841, 0.7434,  3.67833,  3.68686,     4.00,  24.85,   0.03, 
   85.690, 0.1840, 0.7435,  3.67814,  3.68677,     4.00,  24.85,   0.04, 
   85.759, 0.1839, 0.7436,  3.67793,  3.68667,     4.00,  24.85,   0.04, 
   85.835, 0.1838, 0.7436,  3.67772,  3.68656,     4.00,  24.85,   0.04, 
   85.919, 0.1836, 0.7437,  3.67750,  3.68644,     4.00,  24.85,   0.04, 
   86.012, 0.1835, 0.7438,  3.67727,  3.68631,     4.00,  24.85,   0.04, 
   86.113, 0.1833, 0.7439,  3.67703,  3.68616,     4.00,  24.85,   0.04, 
   86.225, 0.1831, 0.7440,  3.67677,  3.68600,     4.00,  24.85,   0.04, 
   86.348, 0.1829, 0.7441,  3.67651,  3.68583,     4.00,  24.85,   0.04, 
   86.483, 0.1827, 0.7443,  3.67623,  3.68563,     4.00,  24.85,   0.04, 
   86.631, 0.1825, 0.7444,  3.67593,  3.68542,     4.00,  24.85,   0.04, 
   86.795, 0.1822, 0.7446,  3.67562,  3.68518,     4.00,  24.85,   0.04, 
   86.974, 0.1819, 0.7447,  3.67529,  3.68493,     4.00,  24.85,   0.04, 
   87.172, 0.1816, 0.7449,  3.67494,  3.68464,     4.00,  24.85,   0.04, 
   87.390, 0.1812, 0.7451,  3.67456,  3.68433,     4.00,  24.85,   0.04, 
   87.629, 0.1808, 0.7454,  3.67415,  3.68399,     4.00,  24.85,   0.04, 
   87.892, 0.1804, 0.7456,  3.67372,  3.68361,     4.00,  24.85,   0.04, 
   88.182, 0.1799, 0.7459,  3.67325,  3.68320,     4.00,  24.85,   0.04, 
   88.501, 0.1794, 0.7462,  3.67274,  3.68274,     4.00,  24.85,   0.04, 
   88.851, 0.1788, 0.7466,  3.67219,  3.68224,     4.00,  24.85,   0.04, 
   89.236, 0.1781, 0.7469,  3.67160,  3.68169,     4.00,  24.85,   0.04, 
   89.660, 0.1774, 0.7473,  3.67095,  3.68108,     4.00,  24.85,   0.04, 
   90.127, 0.1767, 0.7478,  3.67025,  3.68041,     4.00,  24.85,   0.04, 
   90.640, 0.1758, 0.7483,  3.66948,  3.67968,     4.00,  24.85,   0.04, 
   91.153, 0.1749, 0.7488,  3.66872,  3.67895,     4.00,  24.85,   0.04, 
   91.666, 0.1741, 0.7493,  3.66797,  3.67821,     4.00,  24.85,   0.04, 
   92.179, 0.1732, 0.7498,  3.66722,  3.67748,     4.00,  24.85,   0.04, 
   92.692, 0.1724, 0.7503,  3.66647,  3.67675,     4.00,  24.85,   0.04, 
   93.205, 0.1715, 0.7508,  3.66573,  3.67601,     4.00,  24.85,   0.04, 
   93.718, 0.1707, 0.7513,  3.66499,  3.67528,     4.00,  24.85,   0.04, 
   94.231, 0.1698, 0.7518,  3.66424,  3.67455,     4.00,  24.85,   0.04, 
   94.744, 0.1690, 0.7523,  3.66350,  3.67382,     4.00,  24.85,   0.04, 
   95.257, 0.1681, 0.7528,  3.66276,  3.67309,     4.00,  24.85,   0.04, 
   95.770, 0.1673, 0.7533,  3.66202,  3.67236,     4.00,  24.85,   0.04, 
   96.283, 0.1664, 0.7538,  3.66128,  3.67163,     4.00,  24.85,   0.04, 
   96.796, 0.1656, 0.7543,  3.66055,  3.67090,     4.00,  24.85,   0.04, 
   97.309, 0.1647, 0.7548,  3.65981,  3.67017,     4.00,  24.85,   0.04, 
   97.822, 0.1639, 0.7553,  3.65907,  3.66944,     4.00,  24.85,   0.04, 
   98.335, 0.1630, 0.7558,  3.65833,  3.66871,     4.00,  24.85,   0.04, 
   98.848, 0.1622, 0.7563,  3.65759,  3.66797,     4.00,  24.85,   0.04, 
   99.361, 0.1613, 0.7568,  3.65684,  3.66724,     4.00,  24.85,   0.04, 
   99.874, 0.1605, 0.7573,  3.65610,  3.66651,     4.00,  24.85,   0.04, 
  100.387, 0.1596, 0.7578,  3.65536,  3.66578,     4.00,  24.85,   0.04, 
  100.900, 0.1588, 0.7583,  3.65461,  3.66505,     4.00,  24.85,   0.04, 
  101.413, 0.1579, 0.7588,  3.65387,  3.66432,     4.00,  24.85,   0.04, 
  101.926, 0.1571, 0.7593,  3.65312,  3.66358,     4.00,  24.85,   0.04, 
  102.439, 0.1562, 0.7598,  3.65237,  3.66285,     4.00,  24.85,   0.04, 
  102.952, 0.1554, 0.7603,  3.65161,  3.66211,     4.00,  24.85,   0.04, 
  103.465, 0.1545, 0.7608,  3.65086,  3.66138,     4.00,  24.85,   0.04, 
  103.978, 0.1537, 0.7613,  3.65010,  3.66064,     4.00,  24.85,   0.04, 
  104.491, 0.1528, 0.7618,  3.64934,  3.65990,     4.00,  24.85,   0.04, 
  105.004, 0.1520, 0.7623,  3.64858,  3.65916,     4.00,  24.85,   0.04, 
  105.517, 0.1511, 0.7628,  3.64782,  3.65842,     4.00,  24.85,   0.04, 
  106.030, 0.1503, 0.7632,  3.64705,  3.65767,     4.00,  24.85,   0.04, 
  106.543, 0.1494, 0.7637,  3.64628,  3.65693,     4.00,  24.85,   0.04, 
  107.056, 0.1486, 0.7642,  3.64550,  3.65618,     4.00,  24.85,   0.04, 
  107.569, 0.1477, 0.7647,  3.64473,  3.65543,     4.00,  24.85,   0.04, 
  108.082, 0.1469, 0.7652,  3.64395,  3.65467,     4.00,  24.85,   0.04, 
  108.595, 0.1460, 0.7657,  3.64317,  3.65391,     4.00,  24.85,   0.04, 
  109.108, 0.1452, 0.7662,  3.64238,  3.65315,     4.00,  24.85,   0.04, 
  109.621, 0.1443, 0.7667,  3.64159,  3.65239,     4.00,  24.85,   0.04, 
  110.134, 0.1435, 0.7672,  3.64080,  3.65163,     4.00,  24.85,   0.04, 
  110.647, 0.1426, 0.7677,  3.64001,  3.65086,     4.00,  24.85,   0.04, 
  111.160, 0.1418, 0.7682,  3.63922,  3.65009,     4.00,  24.85,   0.04, 
  111.673, 0.1409, 0.7687,  3.63843,  3.64931,     4.00,  24.85,   0.04, 
  112.186, 0.1400, 0.7692,  3.63763,  3.64853,     4.00,  24.85,   0.04, 
  112.699, 0.1392, 0.7697,  3.63684,  3.64775,     4.00,  24.85,   0.04, 
  113.212, 0.1383, 0.7702,  3.63605,  3.64697,     4.00,  24.85,   0.04, 
  113.725, 0.1375, 0.7707,  3.63526,  3.64619,     4.00,  24.85,   0.04, 
  114.238, 0.1366, 0.7712,  3.63447,  3.64540,     4.00,  24.85,   0.04, 
  114.751, 0.1358, 0.7717,  3.63368,  3.64462,     4.00,  24.85,   0.04, 
  115.264, 0.1349, 0.7722,  3.63290,  3.64383,     4.00,  24.85,   0.04, 
  115.777, 0.1341, 0.7727,  3.63213,  3.64304,     4.00,  24.85,   0.04, 
  116.290, 0.1332, 0.7732,  3.63136,  3.64225,     4.00,  24.85,   0.04, 
  116.803, 0.1324, 0.7737,  3.63060,  3.64147,     4.00,  24.85,   0.04, 
  117.316, 0.1315, 0.7742,  3.62985,  3.64068,     4.00,  24.85,   0.04, 
  117.829, 0.1307, 0.7747,  3.62911,  3.63990,     4.00,  24.85,   0.04, 
  118.342, 0.1298, 0.7752,  3.62839,  3.63913,     4.00,  24.85,   0.04, 
  118.855, 0.1290, 0.7757,  3.62767,  3.63835,     4.00,  24.85,   0.04, 
  119.368, 0.1281, 0.7762,  3.62697,  3.63759,     4.00,  24.85,   0.04, 
  119.881, 0.1273, 0.7767,  3.62629,  3.63683,     4.00,  24.85,   0.04, 
  120.394, 0.1264, 0.7772,  3.62562,  3.63608,     4.00,  24.85,   0.04, 
  120.907, 0.1256, 0.7777,  3.62497,  3.63534,     4.00,  24.85,   0.04, 
  121.420, 0.1247, 0.7782,  3.62434,  3.63462,     4.00,  24.85,   0.04, 
  121.933, 0.1239, 0.7787,  3.62372,  3.63390,     4.00,  24.85,   0.04, 
  122.446, 0.1230, 0.7792,  3.62313,  3.63320,     4.00,  24.85,   0.04, 
  122.959, 0.1222, 0.7797,  3.62256,  3.63251,     4.00,  24.85,   0.04, 
  123.472, 0.1213, 0.7802,  3.62201,  3.63184,     4.00,  24.85,   0.04, 
  123.984, 0.1205, 0.7807,  3.62148,  3.63118,     4.00,  24.85,   0.04, 
  124.497, 0.1196, 0.7812,  3.62097,  3.63055,     4.00,  24.85,   0.04, 
  125.010, 0.1188, 0.7817,  3.62048,  3.62993,     4.00,  24.85,   0.04, 
  125.523, 0.1179, 0.7822,  3.62002,  3.62933,     4.00,  24.85,   0.04, 
  126.036, 0.1171, 0.7827,  3.61958,  3.62875,     4.00,  24.85,   0.04, 
  126.549, 0.1162, 0.7832,  3.61916,  3.62819,     4.00,  24.85,   0.04, 
  127.062, 0.1154, 0.7837,  3.61876,  3.62766,     4.00,  24.85,   0.04, 
  127.575, 0.1145, 0.7842,  3.61837,  3.62714,     4.00,  24.85,   0.04, 
  128.088, 0.1137, 0.7847,  3.61801,  3.62664,     4.00,  24.85,   0.03, 
  128.601, 0.1128, 0.7852,  3.61767,  3.62617,     4.00,  24.85,   0.03, 
  129.114, 0.1120, 0.7857,  3.61735,  3.62572,     4.00,  24.85,   0.03, 
  129.627, 0.1111, 0.7862,  3.61704,  3.62529,     4.00,  24.85,   0.03, 
  130.140, 0.1103, 0.7867,  3.61675,  3.62487,     4.00,  24.85,   0.03, 
  130.653, 0.1094, 0.7872,  3.61647,  3.62448,     4.00,  24.85,   0.03, 
  131.166, 0.1086, 0.7877,  3.61620,  3.62411,     4.00,  24.85,   0.03, 
  131.679, 0.1077, 0.7882,  3.61594,  3.62376,     4.00,  24.85,   0.03, 
  132.192, 0.1068, 0.7887,  3.61569,  3.62342,     4.00,  24.85,   0.03, 
  132.705, 0.1060, 0.7892,  3.61544,  3.62310,     4.00,  24.85,   0.03, 
  133.218, 0.1051, 0.7897,  3.61521,  3.62280,     4.00,  24.85,   0.03, 
  133.731, 0.1043, 0.7902,  3.61497,  3.62251,     4.00,  24.85,   0.03, 
  134.244, 0.1034, 0.7907,  3.61474,  3.62223,     4.00,  24.85,   0.03, 
  134.757, 0.1026, 0.7912,  3.61452,  3.62197,     4.00,  24.85,   0.03, 
  135.270, 0.1017, 0.7917,  3.61429,  3.62172,     4.00,  24.85,   0.03, 
  135.783, 0.1009, 0.7921,  3.61407,  3.62148,     4.00,  24.85,   0.03, 
  136.296, 0.1000, 0.7926,  3.61385,  3.62125,     4.00,  24.85,   0.03, 
  136.809, 0.0992, 0.7931,  3.61363,  3.62102,     4.00,  24.85,   0.03, 
  137.322, 0.0983, 0.7936,  3.61341,  3.62081,     4.00,  24.85,   0.03, 
  137.835, 0.0975, 0.7941,  3.61319,  3.62060,     4.00,  24.85,   0.03, 
  138.348, 0.0966, 0.7946,  3.61297,  3.62039,     4.00,  24.85,   0.03, 
  138.861, 0.0958, 0.7951,  3.61275,  3.62019,     4.00,  24.85,   0.03, 
  139.374, 0.0949, 0.7956,  3.61253,  3.61999,     4.00,  24.85,   0.03, 
  139.887, 0.0941, 0.7961,  3.61231,  3.61980,     4.00,  24.85,   0.03, 
  140.400, 0.0932, 0.7966,  3.61209,  3.61960,     4.00,  24.85,   0.03, 
  140.913, 0.0924, 0.7971,  3.61187,  3.61941,     4.00,  24.85,   0.03, 
  141.426, 0.0915, 0.7976,  3.61164,  3.61922,     4.00,  24.85,   0.03, 
  141.939, 0.0907, 0.7981,  3.61142,  3.61902,     4.00,  24.85,   0.03, 
  142.452, 0.0898, 0.7986,  3.61119,  3.61883,     4.00,  24.85,   0.03, 
  142.965, 0.0890, 0.7991,  3.61096,  3.61863,     4.00,  24.85,   0.03, 
  143.478, 0.0881, 0.7996,  3.61072,  3.61843,     4.00,  24.85,   0.03, 
  143.991, 0.0873, 0.8001,  3.61048,  3.61823,     4.00,  24.85,   0.03, 
  144.504, 0.0864, 0.8006,  3.61024,  3.61802,     4.00,  24.85,   0.03, 
  145.017, 0.0856, 0.8011,  3.61000,  3.61782,     4.00,  24.85,   0.03, 
  145.530, 0.0847, 0.8016,  3.60975,  3.61760,     4.00,  24.85,   0.03, 
  146.043, 0.0839, 0.8021,  3.60949,  3.61739,     4.00,  24.85,   0.03, 
  146.556, 0.0830, 0.8026,  3.60924,  3.61716,     4.00,  24.85,   0.03, 
  147.069, 0.0822, 0.8031,  3.60897,  3.61694,     4.00,  24.85,   0.03, 
  147.582, 0.0813, 0.8036,  3.60870,  3.61671,     4.00,  24.85,   0.03, 
  148.095, 0.0805, 0.8041,  3.60843,  3.61647,     4.00,  24.85,   0.03, 
  148.608, 0.0796, 0.8046,  3.60815,  3.61623,     4.00,  24.85,   0.03, 
  149.121, 0.0788, 0.8051,  3.60787,  3.61598,     4.00,  24.85,   0.03, 
  149.634, 0.0779, 0.8056,  3.60758,  3.61573,     4.00,  24.85,   0.03, 
  150.147, 0.0771, 0.8061,  3.60728,  3.61548,     4.00,  24.85,   0.03, 
  150.660, 0.0762, 0.8066,  3.60698,  3.61522,     4.00,  24.85,   0.03, 
  151.173, 0.0754, 0.8071,  3.60667,  3.61495,     4.00,  24.85,   0.03, 
  151.686, 0.0745, 0.8076,  3.60636,  3.61468,     4.00,  24.85,   0.03, 
  152.199, 0.0737, 0.8081,  3.60604,  3.61440,     4.00,  24.85,   0.03, 
  152.712, 0.0728, 0.8086,  3.60571,  3.61411,     4.00,  24.85,   0.03, 
  153.225, 0.0719, 0.8091,  3.60538,  3.61383,     4.00,  24.85,   0.03, 
  153.738, 0.0711, 0.8096,  3.60504,  3.61353,     4.00,  24.85,   0.03, 
  154.251, 0.0702, 0.8101,  3.60469,  3.61323,     4.00,  24.85,   0.03, 
  154.764, 0.0694, 0.8106,  3.60433,  3.61292,     4.00,  24.85,   0.03, 
  155.277, 0.0685, 0.8111,  3.60396,  3.61261,     4.00,  24.85,   0.03, 
  155.790, 0.0677, 0.8116,  3.60359,  3.61229,     4.00,  24.85,   0.03, 
  156.303, 0.0668, 0.8121,  3.60320,  3.61196,     4.00,  24.85,   0.04, 
  156.816, 0.0660, 0.8126,  3.60280,  3.61163,     4.00,  24.85,   0.04, 
  157.329, 0.0651, 0.8131,  3.60239,  3.61129,     4.00,  24.85,   0.04, 
  157.842, 0.0643, 0.8136,  3.60197,  3.61094,     4.00,  24.85,   0.04, 
  158.355, 0.0634, 0.8141,  3.60154,  3.61058,     4.00,  24.85,   0.04, 
  158.868, 0.0626, 0.8146,  3.60109,  3.61022,     4.00,  24.85,   0.04, 
  159.381, 0.0617, 0.8151,  3.60062,  3.60984,     4.00,  24.85,   0.04, 
  159.894, 0.0609, 0.8156,  3.60013,  3.60945,     4.00,  24.85,   0.04, 
  160.407, 0.0600, 0.8161,  3.59963,  3.60906,     4.00,  24.85,   0.04, 
  160.920, 0.0592, 0.8166,  3.59910,  3.60865,     4.00,  24.85,   0.04, 
  161.433, 0.0583, 0.8171,  3.59855,  3.60822,     4.00,  24.85,   0.04, 
  161.946, 0.0575, 0.8176,  3.59797,  3.60778,     4.00,  24.85,   0.04, 
  162.459, 0.0566, 0.8181,  3.59736,  3.60733,     4.00,  24.85,   0.04, 
  162.972, 0.0558, 0.8186,  3.59671,  3.60686,     4.00,  24.85,   0.04, 
  163.485, 0.0549, 0.8191,  3.59603,  3.60637,     4.00,  24.85,   0.04, 
  163.998, 0.0541, 0.8196,  3.59531,  3.60585,     4.00,  24.85,   0.04, 
  164.511, 0.0532, 0.8201,  3.59455,  3.60532,     4.00,  24.85,   0.04, 
  165.024, 0.0524, 0.8206,  3.59374,  3.60476,     4.00,  24.85,   0.04, 
  165.537, 0.0515, 0.8210,  3.59287,  3.60416,     4.00,  24.85,   0.05, 
  166.050, 0.0507, 0.8215,  3.59193,  3.60354,     4.00,  24.85,   0.05, 
  166.563, 0.0498, 0.8220,  3.59094,  3.60288,     4.00,  24.85,   0.05, 
  167.076, 0.0490, 0.8225,  3.58986,  3.60219,     4.00,  24.85,   0.05, 
  167.589, 0.0481, 0.8230,  3.58870,  3.60145,     4.00,  24.85,   0.05, 
  168.102, 0.0473, 0.8235,  3.58745,  3.60066,     4.00,  24.85,   0.05, 
  168.615, 0.0464, 0.8240,  3.58610,  3.59982,     4.00,  24.85,   0.05, 
  169.128, 0.0456, 0.8245,  3.58463,  3.59892,     4.00,  24.85,   0.06, 
  169.641, 0.0447, 0.8250,  3.58304,  3.59796,     4.00,  24.85,   0.06, 
  170.154, 0.0439, 0.8255,  3.58131,  3.59692,     4.00,  24.85,   0.06, 
  170.667, 0.0430, 0.8260,  3.57942,  3.59580,     4.00,  24.85,   0.07, 
  171.180, 0.0422, 0.8265,  3.57736,  3.59460,     4.00,  24.85,   0.07, 
  171.693, 0.0413, 0.8270,  3.57511,  3.59329,     4.00,  24.85,   0.07, 
  172.206, 0.0405, 0.8275,  3.57264,  3.59188,     4.00,  24.85,   0.08, 
  172.719, 0.0396, 0.8280,  3.56995,  3.59035,     4.00,  24.85,   0.08, 
  173.232, 0.0387, 0.8285,  3.56699,  3.58868,     4.00,  24.85,   0.09, 
  173.745, 0.0379, 0.8290,  3.56375,  3.58687,     4.00,  24.85,   0.09, 
  174.258, 0.0370, 0.8295,  3.56019,  3.58489,     4.00,  24.85,   0.10, 
  174.771, 0.0362, 0.8300,  3.55627,  3.58273,     4.00,  24.85,   0.10, 
  175.284, 0.0353, 0.8305,  3.55196,  3.58037,     4.00,  24.85,   0.11, 
  175.797, 0.0345, 0.8310,  3.54723,  3.57778,     4.00,  24.85,   0.12, 
  176.310, 0.0336, 0.8315,  3.54201,  3.57495,     4.00,  24.85,   0.13, 
  176.823, 0.0328, 0.8320,  3.53625,  3.57184,     4.00,  24.85,   0.14, 
  177.336, 0.0319, 0.8325,  3.52991,  3.56842,     4.00,  24.85,   0.15, 
  177.849, 0.0311, 0.8330,  3.52292,  3.56467,     4.00,  24.85,   0.17, 
  178.362, 0.0302, 0.8335,  3.51520,  3.56055,     4.00,  24.85,   0.18, 
  178.875, 0.0294, 0.8340,  3.50668,  3.55601,     4.00,  24.85,   0.20, 
  179.388, 0.0285, 0.8345,  3.49728,  3.55101,     4.00,  24.85,   0.21, 
  179.901, 0.0277, 0.8350,  3.48689,  3.54551,     4.00,  24.85,   0.23, 
  180.414, 0.0268, 0.8355,  3.47541,  3.53944,     4.00,  24.85,   0.25, 
  180.927, 0.0260, 0.8360,  3.46273,  3.53274,     4.00,  24.85,   0.28, 
  181.440, 0.0251, 0.8365,  3.44870,  3.52536,     4.00,  24.85,   0.30, 
  181.953, 0.0243, 0.8370,  3.43320,  3.51720,     4.00,  24.85,   0.33, 
  182.466, 0.0234, 0.8375,  3.41606,  3.50820,     4.00,  24.85,   0.36, 
  182.979, 0.0226, 0.8380,  3.39710,  3.49826,     4.00,  24.85,   0.40, 
  183.492, 0.0217, 0.8385,  3.37613,  3.48728,     4.00,  24.85,   0.44, 
  184.005, 0.0209, 0.8390,  3.35293,  3.47515,     4.00,  24.85,   0.48, 
  184.518, 0.0200, 0.8395,  3.32727,  3.46173,     4.00,  24.85,   0.53, 
  185.031, 0.0192, 0.8400,  3.29886,  3.44690,     4.00,  24.85,   0.58, 
  185.544, 0.0183, 0.8405,  3.26743,  3.43051,     4.00,  24.85,   0.64, 
  186.057, 0.0175, 0.8410,  3.23265,  3.41237,     4.00,  24.85,   0.71, 
  186.570, 0.0166, 0.8415,  3.19415,  3.39231,     4.00,  24.85,   0.78, 
  187.083, 0.0158, 0.8420,  3.15153,  3.37013,     4.00,  24.85,   0.86, 
  187.596, 0.0149, 0.8425,  3.10436,  3.34558,     4.00,  24.85,   0.95, 
  188.109, 0.0141, 0.8430,  3.05214,  3.31841,     4.00,  24.85,   1.05, 
  188.622, 0.0132, 0.8435,  2.99433,  3.28835,     4.00,  24.85,   1.16, 
  189.135, 0.0124, 0.8440,  2.93032,  3.25509,     4.00,  24.85,   1.28, 
  189.648, 0.0115, 0.8445,  2.85946,  3.21827,     4.00,  24.85,   1.42, 
  190.161, 0.0107, 0.8450,  2.78100,  3.17751,     4.00,  24.85,   1.57, 
  190.674, 0.0098, 0.8455,  2.69412,  3.13240,     4.00,  24.85,   1.73, 
  191.187, 0.0090, 0.8460,  2.59792,  3.08246,     4.00,  24.85,   1.91, 
  191.700, 0.0081, 0.8465,  2.49141,  3.02717,     4.00,  24.85,   2.11, 
  192.213, 0.0073, 0.8470,  2.37345,  2.96596,     4.00,  24.85,   2.34, 
  192.726, 0.0064, 0.8475,  2.24284,  2.89819,     4.00,  24.85,   2.59, 
  192.983, 0.0060, 0.8477,  2.17237,  2.86163,     4.00,  24.85,   2.72, 
  193.265, 0.0055, 0.8480,  2.09058,  2.81920,     4.00,  24.85,   2.88, 
  193.275, 0.0055, 0.8480,  2.08768,  2.81770,     4.00,  24.85,   2.88, 
  193.280, 0.0055, 0.8480,  2.08595,  2.81687,     4.00,  24.85,   2.89, 
  193.281, 0.0055, 0.8480,  2.08508,  2.81665,     4.00,  24.85,   2.90, 
  193.281, 0.0055, 0.8480,  2.08499,  2.81664,     4.00,  24.85,   2.90, 
  193.281, 0.0055, 0.8480,  2.08489,  2.81664,     4.00,  24.85,   2.90, 
 mass is   0.816565
 energy is   31.3815283
 power is   9.74171097
 331 this time step did not converge
 Solid concentration driven to zero.
 Consider changing vcut or the current density.
  
 dV/dt at point of failure is (V/s) -0.118762137
 Moving on to next leg if not the last
  
 comp 7 not converged

            mass  =  0.8166 kg/m2
 specific energy segment =    31.38 W-h/kg
 specific power segment  =    17.39 W/kg
 total heat =          3.2730 W-h/m2
  
