     50  lim, limit on number of iterations
 100.00  h1,  thickness of negative electrode (microns)
  25.00  h2,  thickness of separator (microns)
 100.00  h3,  thickness of positive electrode (microns)
  25.00  hcn, thickness of negative electrode current collector (microns)
  25.00  hcp, thickness of positive electrode current collector (microns)
     80  n1,  number of nodes in negative electrode
     40  n2,  number of nodes in separator
     80  n3,  number of nodes in positive electrode
 298.00  T,   temperature (K)

 1000.0  xx(1,n1+2), initial concentration (mol/m3)
 0.6000  csx,   initial stoichiometric parameter for negative
 0.5000  csy,   initial stoichiometric parameter for positive
   30.0  tmmax, maximum time step size (s)
 .4E-13  dfs1, diffusion coefficient in negative solid (m2/s)
 .1E-12  dfs3, diffusion coefficient in positive solid (m2/s)
  10.00  Rad1,  radius of negative particles (microns)
  10.00  Rad3,  radius of positive particles (microns)

  0.300  ep1,   volume fraction of electrolyte in negative electrode
  0.000  epp1,  volume fraction of polymer phase in negative electrode
  0.100  epf1,  volume fraction of inert filler in negative electrode
  1.000  ep2,   volume fraction of electrolyte in separator
  0.000  epp2,  volume fraction of polymer phase in separator
  0.300  ep3,   volume fraction of electrolyte in positive electrode
  0.000  epp3,  volume fraction of polymer phase in positive electrode
  0.200  epf3,  volume fraction of inert filler in positive electrode
 0.10E+03  sig1,  conductivity of negative matrix (S/m)
  10.      sig3,  conductivity of positive matrix (S/m)
  372.00  cot1,  coulombic capacity of negative material (mAh/g)
  274.00  cot3,  coulombic capacity of positive material (mAh/g)
 .1E-04  rka1,  reaction rate constant for negative reaction 
 .3E-10  rka3,  reaction rate constant for positive reaction

 1324.0  re,   density of electrolyte (kg/m3)
 1800.0  rs1,  density of negative insertion material (kg/m3)
 5010.0  rs3,  density of positive insertion material (kg/m3)
 1800.0  rf,   density of inert filler (kg/m3)
 1780.0  rpl,  density of polymer phase (kg/m3)
    0.0  rc,   density of separator material (kg/m3)
 8954.0  rcn,  density of negative current collector (kg/m3)
 2707.0  rcp,  density of positive current collector (kg/m3)

   0.001000  ranode,   anode film resistance (ohm-m2)
   0.000000  rcathde,  cathode film resistance (ohm-m2)
   0.00  htc,   heat-transfer coefficient with external medium (W/m2K)
   0.000000  dUdT,  temperature coefficient of EMF (V/K)
 2000.0  Cp,    heat capacity of cell (J/kg-K)
   0.00  residm,    residual mass (kg/m2)
 298.00  Tam,   ambient temperature (K)
      1  ncell, number of cells in a cell stack
      2  lht,   0 uses htc,  1 calcs htc,  2 isothermal

      0    nside, side reaction flag 

      1  il1,   1 for long print-out  0 for short print-out
     10  il2,   prints every il2 th node in long print-out
     10  il3,   prints every il3 th time step in long print-out
      1  lflag, 0 for electrolyte in separator only, 1 for uniform
      0  imp, 0 for no impedance, 1 for impedance
   0.00  capp1,  capacitance of negative material (F/m2)
   0.00  capp3,  capacitance of positive material (F/m2)
      3  lcurs, number of current changes
  
 MCMB 2528 Graphite (Bellcore)
 LiPF6 in EC:DMC
 LiCoO2 (Cobalt dioxide)
 open-circuit potential, negative   0.178978294
 delta S negative   0.
 open-circuit potential, positive   4.24165195
 delta S positive   0.
  
      DUAL INSERTION CELL VERSION 5.1
  
   Time     Util N  Util P  Cell Pot   Uocp      Curr      Temp   heatgen
   (min)       x       y      (V)       (V)      (A/m2)    (C)    (W/m2)
  
    0.000, 0.6000, 0.5000,  4.06267,  4.06267,     0.00,  24.85,   0.00, 
    0.001, 0.6000, 0.5000,  4.06267,  4.06267,     0.00,  24.85,   0.00, 
    0.001, 0.6000, 0.5000,  4.06267,  4.06267,     0.00,  24.85,   0.00, 
    0.001, 0.6000, 0.5000,  4.06267,  4.06267,     0.00,  24.85,   0.00, 
    0.002, 0.6000, 0.5000,  4.06267,  4.06267,     0.00,  24.85,   0.00, 
    0.002, 0.6000, 0.5000,  4.06267,  4.06267,     0.00,  24.85,   0.00, 
    0.003, 0.6000, 0.5000,  4.06267,  4.06267,     0.00,  24.85,   0.00, 
    0.003, 0.6000, 0.5000,  4.06267,  4.06267,     0.00,  24.85,   0.00, 
    0.004, 0.6000, 0.5000,  4.06267,  4.06267,     0.00,  24.85,   0.00, 
    0.005, 0.6000, 0.5000,  4.06267,  4.06267,     0.00,  24.85,   0.00, 
    0.006, 0.6000, 0.5000,  4.06267,  4.06267,     0.00,  24.85,   0.00, 
    0.007, 0.6000, 0.5000,  4.06267,  4.06267,     0.00,  24.85,   0.00, 
    0.007, 0.6000, 0.5000,  4.06267,  4.06267,     0.00,  24.85,   0.00, 
    0.009, 0.6000, 0.5000,  4.06267,  4.06267,     0.00,  24.85,   0.00, 
    0.010, 0.6000, 0.5000,  4.06267,  4.06267,     0.00,  24.85,   0.00, 
    0.011, 0.6000, 0.5000,  4.06267,  4.06267,     0.00,  24.85,   0.00, 
    0.012, 0.6000, 0.5000,  4.06267,  4.06267,     0.00,  24.85,   0.00, 
    0.014, 0.6000, 0.5000,  4.06267,  4.06267,     0.00,  24.85,   0.00, 
    0.016, 0.6000, 0.5000,  4.06267,  4.06267,     0.00,  24.85,   0.00, 
    0.017, 0.6000, 0.5000,  4.06267,  4.06267,     0.00,  24.85,   0.00, 
    0.019, 0.6000, 0.5000,  4.06267,  4.06267,     0.00,  24.85,   0.00, 
    0.022, 0.6000, 0.5000,  4.06267,  4.06267,     0.00,  24.85,   0.00, 
    0.024, 0.6000, 0.5000,  4.06267,  4.06267,     0.00,  24.85,   0.00, 
    0.027, 0.6000, 0.5000,  4.06267,  4.06267,     0.00,  24.85,   0.00, 
    0.030, 0.6000, 0.5000,  4.06267,  4.06267,     0.00,  24.85,   0.00, 
    0.033, 0.6000, 0.5000,  4.06267,  4.06267,     0.00,  24.85,   0.00, 
    0.037, 0.6000, 0.5000,  4.06267,  4.06267,     0.00,  24.85,   0.00, 
    0.041, 0.6000, 0.5000,  4.06267,  4.06267,     0.00,  24.85,   0.00, 
    0.045, 0.6000, 0.5000,  4.06267,  4.06267,     0.00,  24.85,   0.00, 
    0.050, 0.6000, 0.5000,  4.06267,  4.06267,     0.00,  24.85,   0.00, 
    0.055, 0.6000, 0.5000,  4.06267,  4.06267,     0.00,  24.85,   0.00, 
    0.061, 0.6000, 0.5000,  4.06267,  4.06267,     0.00,  24.85,   0.00, 
    0.067, 0.6000, 0.5000,  4.06267,  4.06267,     0.00,  24.85,   0.00, 
    0.074, 0.6000, 0.5000,  4.06267,  4.06267,     0.00,  24.85,   0.00, 
    0.082, 0.6000, 0.5000,  4.06267,  4.06267,     0.00,  24.85,   0.00, 
    0.091, 0.6000, 0.5000,  4.06267,  4.06267,     0.00,  24.85,   0.00, 
    0.100, 0.6000, 0.5000,  4.06267,  4.06267,     0.00,  24.85,   0.00, 
    0.110, 0.6000, 0.5000,  4.06267,  4.06267,     0.00,  24.85,   0.00, 
    0.122, 0.6000, 0.5000,  4.06267,  4.06267,     0.00,  24.85,   0.00, 
    0.134, 0.6000, 0.5000,  4.06267,  4.06267,     0.00,  24.85,   0.00, 
    0.148, 0.6000, 0.5000,  4.06267,  4.06267,     0.00,  24.85,   0.00, 
    0.163, 0.6000, 0.5000,  4.06267,  4.06267,     0.00,  24.85,   0.00, 
    0.180, 0.6000, 0.5000,  4.06267,  4.06267,     0.00,  24.85,   0.00, 
    0.198, 0.6000, 0.5000,  4.06267,  4.06267,     0.00,  24.85,   0.00, 
    0.218, 0.6000, 0.5000,  4.06267,  4.06267,     0.00,  24.85,   0.00, 
    0.240, 0.6000, 0.5000,  4.06267,  4.06267,     0.00,  24.85,   0.00, 
    0.264, 0.6000, 0.5000,  4.06267,  4.06267,     0.00,  24.85,   0.00, 
    0.291, 0.6000, 0.5000,  4.06267,  4.06267,     0.00,  24.85,   0.00, 
    0.320, 0.6000, 0.5000,  4.06267,  4.06267,     0.00,  24.85,   0.00, 
    0.353, 0.6000, 0.5000,  4.06267,  4.06267,     0.00,  24.85,   0.00, 
    0.388, 0.6000, 0.5000,  4.06267,  4.06267,     0.00,  24.85,   0.00, 
    0.427, 0.6000, 0.5000,  4.06267,  4.06267,     0.00,  24.85,   0.00, 
    0.470, 0.6000, 0.5000,  4.06267,  4.06267,     0.00,  24.85,   0.00, 
    0.518, 0.6000, 0.5000,  4.06267,  4.06267,     0.00,  24.85,   0.00, 
    0.570, 0.6000, 0.5000,  4.06267,  4.06267,     0.00,  24.85,   0.00, 
    0.627, 0.6000, 0.5000,  4.06267,  4.06267,     0.00,  24.85,   0.00, 
    0.690, 0.6000, 0.5000,  4.06267,  4.06267,     0.00,  24.85,   0.00, 
    0.760, 0.6000, 0.5000,  4.06267,  4.06267,     0.00,  24.85,   0.00, 
    0.836, 0.6000, 0.5000,  4.06267,  4.06267,     0.00,  24.85,   0.00, 
    0.920, 0.6000, 0.5000,  4.06267,  4.06267,     0.00,  24.85,   0.00, 
    1.012, 0.6000, 0.5000,  4.06267,  4.06267,     0.00,  24.85,   0.00, 
    1.113, 0.6000, 0.5000,  4.06267,  4.06267,     0.00,  24.85,   0.00, 
    1.225, 0.6000, 0.5000,  4.06267,  4.06267,     0.00,  24.85,   0.00, 
    1.348, 0.6000, 0.5000,  4.06267,  4.06267,     0.00,  24.85,   0.00, 
    1.483, 0.6000, 0.5000,  4.06267,  4.06267,     0.00,  24.85,   0.00, 
    1.632, 0.6000, 0.5000,  4.06267,  4.06267,     0.00,  24.85,   0.00, 
    1.795, 0.6000, 0.5000,  4.06267,  4.06267,     0.00,  24.85,   0.00, 
    1.975, 0.6000, 0.5000,  4.06267,  4.06267,     0.00,  24.85,   0.00, 
    2.173, 0.6000, 0.5000,  4.06267,  4.06267,     0.00,  24.85,   0.00, 
    2.390, 0.6000, 0.5000,  4.06267,  4.06267,     0.00,  24.85,   0.00, 
    2.629, 0.6000, 0.5000,  4.06267,  4.06267,     0.00,  24.85,   0.00, 
    2.893, 0.6000, 0.5000,  4.06267,  4.06267,     0.00,  24.85,   0.00, 
    3.182, 0.6000, 0.5000,  4.06267,  4.06267,     0.00,  24.85,   0.00, 
    3.501, 0.6000, 0.5000,  4.06267,  4.06267,     0.00,  24.85,   0.00, 
    3.851, 0.6000, 0.5000,  4.06267,  4.06267,     0.00,  24.85,   0.00, 
    4.237, 0.6000, 0.5000,  4.06267,  4.06267,     0.00,  24.85,   0.00, 
    4.661, 0.6000, 0.5000,  4.06267,  4.06267,     0.00,  24.85,   0.00, 
    5.127, 0.6000, 0.5000,  4.06267,  4.06267,     0.00,  24.85,   0.00, 
    5.640, 0.6000, 0.5000,  4.06267,  4.06267,     0.00,  24.85,   0.00, 
    6.153, 0.6000, 0.5000,  4.06267,  4.06267,     0.00,  24.85,   0.00, 
    6.666, 0.6000, 0.5000,  4.06267,  4.06267,     0.00,  24.85,   0.00, 
    7.179, 0.6000, 0.5000,  4.06267,  4.06267,     0.00,  24.85,   0.00, 
    7.692, 0.6000, 0.5000,  4.06267,  4.06267,     0.00,  24.85,   0.00, 
    8.205, 0.6000, 0.5000,  4.06267,  4.06267,     0.00,  24.85,   0.00, 
    8.718, 0.6000, 0.5000,  4.06267,  4.06267,     0.00,  24.85,   0.00, 
    9.231, 0.6000, 0.5000,  4.06267,  4.06267,     0.00,  24.85,   0.00, 
    9.744, 0.6000, 0.5000,  4.06267,  4.06267,     0.00,  24.85,   0.00, 
   10.000, 0.6000, 0.5000,  4.06267,  4.06267,     0.00,  24.85,   0.00, 
   10.000, 0.6000, 0.5000,  4.04175,  4.06267,    19.00,  24.85,   0.40, 
 specific energy segment =     0.00 W-h/kg
 specific power segment  =     0.00 W/kg
 total heat =          0.0000 W-h/m2
  
   10.000, 0.6000, 0.5000,  4.04175,  4.06267,    19.00,  24.85,   0.40, 
   10.000, 0.6000, 0.5000,  4.04164,  4.06267,    19.00,  24.85,   0.40, 
   10.001, 0.6000, 0.5000,  4.04156,  4.06267,    19.00,  24.85,   0.40, 
   10.001, 0.6000, 0.5000,  4.04150,  4.06267,    19.00,  24.85,   0.40, 
   10.002, 0.6000, 0.5000,  4.04145,  4.06267,    19.00,  24.85,   0.40, 
   10.002, 0.6000, 0.5000,  4.04140,  4.06266,    19.00,  24.85,   0.40, 
   10.003, 0.6000, 0.5000,  4.04135,  4.06266,    19.00,  24.85,   0.41, 
   10.003, 0.6000, 0.5000,  4.04129,  4.06266,    19.00,  24.85,   0.41, 
   10.004, 0.6000, 0.5000,  4.04124,  4.06266,    19.00,  24.85,   0.41, 
   10.005, 0.6000, 0.5000,  4.04119,  4.06265,    19.00,  24.85,   0.41, 
   10.005, 0.6000, 0.5000,  4.04113,  4.06265,    19.00,  24.85,   0.41, 
   10.006, 0.6000, 0.5000,  4.04108,  4.06265,    19.00,  24.85,   0.41, 
   10.007, 0.5999, 0.5000,  4.04102,  4.06264,    19.00,  24.85,   0.41, 
   10.008, 0.5999, 0.5000,  4.04096,  4.06264,    19.00,  24.85,   0.41, 
   10.009, 0.5999, 0.5000,  4.04090,  4.06263,    19.00,  24.85,   0.41, 
   10.011, 0.5999, 0.5000,  4.04083,  4.06263,    19.00,  24.85,   0.41, 
   10.012, 0.5999, 0.5001,  4.04076,  4.06262,    19.00,  24.85,   0.42, 
   10.014, 0.5999, 0.5001,  4.04069,  4.06261,    19.00,  24.85,   0.42, 
   10.015, 0.5999, 0.5001,  4.04061,  4.06261,    19.00,  24.85,   0.42, 
   10.017, 0.5999, 0.5001,  4.04053,  4.06260,    19.00,  24.85,   0.42, 
   10.019, 0.5998, 0.5001,  4.04045,  4.06259,    19.00,  24.85,   0.42, 
   10.021, 0.5998, 0.5001,  4.04036,  4.06258,    19.00,  24.85,   0.42, 
   10.024, 0.5998, 0.5001,  4.04027,  4.06257,    19.00,  24.85,   0.42, 
   10.027, 0.5998, 0.5001,  4.04017,  4.06256,    19.00,  24.85,   0.43, 
   10.029, 0.5998, 0.5001,  4.04006,  4.06254,    19.00,  24.85,   0.43, 
   10.033, 0.5997, 0.5002,  4.03995,  4.06253,    19.00,  24.85,   0.43, 
   10.036, 0.5997, 0.5002,  4.03984,  4.06251,    19.00,  24.85,   0.43, 
   10.040, 0.5997, 0.5002,  4.03972,  4.06250,    19.00,  24.85,   0.43, 
   10.045, 0.5996, 0.5002,  4.03959,  4.06248,    19.00,  24.85,   0.43, 
   10.050, 0.5996, 0.5002,  4.03945,  4.06245,    19.00,  24.85,   0.44, 
   10.055, 0.5996, 0.5003,  4.03931,  4.06243,    19.00,  24.85,   0.44, 
   10.061, 0.5995, 0.5003,  4.03916,  4.06241,    19.00,  24.85,   0.44, 
   10.067, 0.5995, 0.5003,  4.03900,  4.06238,    19.00,  24.85,   0.44, 
   10.074, 0.5994, 0.5003,  4.03883,  4.06235,    19.00,  24.85,   0.45, 
   10.082, 0.5994, 0.5004,  4.03865,  4.06231,    19.00,  24.85,   0.45, 
   10.090, 0.5993, 0.5004,  4.03846,  4.06228,    19.00,  24.85,   0.45, 
   10.100, 0.5992, 0.5005,  4.03826,  4.06223,    19.00,  24.85,   0.46, 
   10.110, 0.5991, 0.5005,  4.03805,  4.06219,    19.00,  24.85,   0.46, 
   10.121, 0.5990, 0.5006,  4.03782,  4.06214,    19.00,  24.85,   0.46, 
   10.134, 0.5989, 0.5006,  4.03759,  4.06209,    19.00,  24.85,   0.47, 
   10.148, 0.5988, 0.5007,  4.03734,  4.06203,    19.00,  24.85,   0.47, 
   10.163, 0.5987, 0.5008,  4.03707,  4.06196,    19.00,  24.85,   0.47, 
   10.179, 0.5986, 0.5008,  4.03679,  4.06189,    19.00,  24.85,   0.48, 
   10.197, 0.5984, 0.5009,  4.03650,  4.06181,    19.00,  24.85,   0.48, 
   10.218, 0.5983, 0.5010,  4.03619,  4.06172,    19.00,  24.85,   0.48, 
   10.240, 0.5981, 0.5011,  4.03586,  4.06162,    19.00,  24.85,   0.49, 
   10.264, 0.5979, 0.5012,  4.03552,  4.06152,    19.00,  24.85,   0.49, 
   10.291, 0.5977, 0.5013,  4.03516,  4.06140,    19.00,  24.85,   0.50, 
   10.320, 0.5975, 0.5015,  4.03477,  4.06128,    19.00,  24.85,   0.50, 
   10.352, 0.5972, 0.5016,  4.03438,  4.06114,    19.00,  24.85,   0.51, 
   10.388, 0.5969, 0.5018,  4.03396,  4.06099,    19.00,  24.85,   0.51, 
   10.427, 0.5966, 0.5020,  4.03352,  4.06082,    19.00,  24.85,   0.52, 
   10.470, 0.5963, 0.5022,  4.03306,  4.06064,    19.00,  24.85,   0.52, 
   10.517, 0.5959, 0.5024,  4.03259,  4.06044,    19.00,  24.85,   0.53, 
   10.570, 0.5955, 0.5026,  4.03209,  4.06022,    19.00,  24.85,   0.53, 
   10.627, 0.5951, 0.5029,  4.03157,  4.05998,    19.00,  24.85,   0.54, 
   10.690, 0.5946, 0.5032,  4.03103,  4.05972,    19.00,  24.85,   0.54, 
   10.759, 0.5940, 0.5035,  4.03046,  4.05943,    19.00,  24.85,   0.55, 
   10.835, 0.5934, 0.5039,  4.02987,  4.05911,    19.00,  24.85,   0.55, 
   10.919, 0.5928, 0.5042,  4.02925,  4.05877,    19.00,  24.85,   0.56, 
   11.012, 0.5920, 0.5047,  4.02860,  4.05840,    19.00,  24.85,   0.56, 
   11.113, 0.5912, 0.5051,  4.02792,  4.05799,    19.00,  24.85,   0.57, 
   11.225, 0.5903, 0.5057,  4.02719,  4.05754,    19.00,  24.85,   0.57, 
   11.348, 0.5894, 0.5062,  4.02641,  4.05706,    19.00,  24.85,   0.58, 
   11.483, 0.5883, 0.5068,  4.02557,  4.05653,    19.00,  24.85,   0.58, 
   11.631, 0.5871, 0.5075,  4.02465,  4.05596,    19.00,  24.85,   0.59, 
   11.795, 0.5859, 0.5083,  4.02363,  4.05533,    19.00,  24.85,   0.60, 
   11.974, 0.5844, 0.5091,  4.02247,  4.05464,    19.00,  24.85,   0.61, 
   12.172, 0.5829, 0.5100,  4.02113,  4.05388,    19.00,  24.85,   0.62, 
   12.390, 0.5812, 0.5110,  4.01953,  4.05304,    19.00,  24.85,   0.63, 
   12.629, 0.5793, 0.5121,  4.01758,  4.05208,    19.00,  24.85,   0.65, 
   12.892, 0.5772, 0.5133,  4.01511,  4.05098,    19.00,  24.85,   0.68, 
   13.182, 0.5749, 0.5147,  4.01190,  4.04964,    19.00,  24.85,   0.71, 
   13.501, 0.5724, 0.5162,  4.00763,  4.04793,    19.00,  24.85,   0.76, 
   13.851, 0.5696, 0.5178,  4.00195,  4.04558,    19.00,  24.85,   0.82, 
   14.236, 0.5666, 0.5195,  3.99480,  4.04213,    19.00,  24.85,   0.89, 
   14.660, 0.5633, 0.5215,  3.98679,  4.03689,    19.00,  24.85,   0.95, 
   15.127, 0.5596, 0.5237,  3.97928,  4.02927,    19.00,  24.85,   0.94, 
   15.640, 0.5555, 0.5260,  3.97330,  4.01976,    19.00,  24.85,   0.88, 
   16.153, 0.5515, 0.5284,  3.96922,  4.01128,    19.00,  24.85,   0.80, 
   16.666, 0.5475, 0.5308,  3.96614,  4.00518,    19.00,  24.85,   0.74, 
   17.179, 0.5434, 0.5331,  3.96339,  4.00120,    19.00,  24.85,   0.72, 
   17.692, 0.5394, 0.5355,  3.96054,  3.99847,    19.00,  24.85,   0.72, 
   18.205, 0.5353, 0.5379,  3.95737,  3.99626,    19.00,  24.85,   0.74, 
   18.718, 0.5313, 0.5402,  3.95370,  3.99407,    19.00,  24.85,   0.76, 
   19.000, 0.5291, 0.5415,  3.95143,  3.99277,    19.00,  24.85,   0.78, 
   19.000, 0.5291, 0.5415,  3.97308,  3.99277,     0.00,  24.85,   0.04, 
 specific energy segment =    13.94 W-h/kg
 specific power segment  =    92.90 W/kg
 total heat =          0.1096 W-h/m2
  
   19.000, 0.5291, 0.5415,  3.97308,  3.99277,     0.00,  24.85,   0.04, 
   19.000, 0.5291, 0.5415,  3.97340,  3.99277,     0.00,  24.85,   0.04, 
   19.001, 0.5291, 0.5415,  3.97360,  3.99277,     0.00,  24.85,   0.04, 
   19.001, 0.5291, 0.5415,  3.97376,  3.99277,     0.00,  24.85,   0.04, 
   19.002, 0.5291, 0.5415,  3.97390,  3.99277,     0.00,  24.85,   0.04, 
   19.002, 0.5291, 0.5415,  3.97403,  3.99277,     0.00,  24.85,   0.03, 
   19.003, 0.5291, 0.5415,  3.97415,  3.99277,     0.00,  24.85,   0.03, 
   19.003, 0.5291, 0.5415,  3.97427,  3.99277,     0.00,  24.85,   0.03, 
   19.004, 0.5291, 0.5415,  3.97439,  3.99277,     0.00,  24.85,   0.03, 
   19.005, 0.5291, 0.5415,  3.97451,  3.99277,     0.00,  24.85,   0.03, 
   19.005, 0.5291, 0.5415,  3.97463,  3.99277,     0.00,  24.85,   0.03, 
   19.006, 0.5291, 0.5415,  3.97475,  3.99277,     0.00,  24.85,   0.03, 
   19.007, 0.5291, 0.5415,  3.97487,  3.99277,     0.00,  24.85,   0.03, 
   19.008, 0.5291, 0.5415,  3.97500,  3.99277,     0.00,  24.85,   0.03, 
   19.009, 0.5291, 0.5415,  3.97513,  3.99277,     0.00,  24.85,   0.03, 
   19.011, 0.5291, 0.5415,  3.97526,  3.99277,     0.00,  24.85,   0.03, 
   19.012, 0.5291, 0.5415,  3.97539,  3.99277,     0.00,  24.85,   0.03, 
   19.014, 0.5291, 0.5415,  3.97553,  3.99277,     0.00,  24.85,   0.03, 
   19.015, 0.5291, 0.5415,  3.97567,  3.99277,     0.00,  24.85,   0.03, 
   19.017, 0.5291, 0.5415,  3.97582,  3.99277,     0.00,  24.85,   0.03, 
   19.019, 0.5291, 0.5415,  3.97597,  3.99277,     0.00,  24.85,   0.03, 
   19.021, 0.5291, 0.5415,  3.97613,  3.99277,     0.00,  24.85,   0.02, 
   19.024, 0.5291, 0.5415,  3.97629,  3.99277,     0.00,  24.85,   0.02, 
   19.027, 0.5291, 0.5415,  3.97646,  3.99277,     0.00,  24.85,   0.02, 
   19.029, 0.5291, 0.5415,  3.97663,  3.99277,     0.00,  24.85,   0.02, 
   19.033, 0.5291, 0.5415,  3.97681,  3.99277,     0.00,  24.85,   0.02, 
   19.036, 0.5291, 0.5415,  3.97700,  3.99277,     0.00,  24.85,   0.02, 
   19.040, 0.5291, 0.5415,  3.97720,  3.99277,     0.00,  24.85,   0.02, 
   19.045, 0.5291, 0.5415,  3.97740,  3.99277,     0.00,  24.85,   0.02, 
   19.050, 0.5291, 0.5415,  3.97761,  3.99277,     0.00,  24.85,   0.02, 
   19.055, 0.5291, 0.5415,  3.97783,  3.99277,     0.00,  24.85,   0.02, 
   19.061, 0.5291, 0.5415,  3.97805,  3.99277,     0.00,  24.85,   0.02, 
   19.067, 0.5291, 0.5415,  3.97829,  3.99277,     0.00,  24.85,   0.02, 
   19.074, 0.5291, 0.5415,  3.97853,  3.99277,     0.00,  24.85,   0.02, 
   19.082, 0.5291, 0.5415,  3.97879,  3.99277,     0.00,  24.85,   0.02, 
   19.090, 0.5291, 0.5415,  3.97905,  3.99277,     0.00,  24.85,   0.02, 
   19.100, 0.5291, 0.5415,  3.97932,  3.99277,     0.00,  24.85,   0.02, 
   19.110, 0.5291, 0.5415,  3.97961,  3.99277,     0.00,  24.85,   0.02, 
   19.121, 0.5291, 0.5415,  3.97990,  3.99277,     0.00,  24.85,   0.02, 
   19.134, 0.5291, 0.5415,  3.98021,  3.99277,     0.00,  24.85,   0.02, 
   19.148, 0.5291, 0.5415,  3.98053,  3.99277,     0.00,  24.85,   0.02, 
   19.163, 0.5291, 0.5415,  3.98086,  3.99277,     0.00,  24.85,   0.02, 
   19.179, 0.5291, 0.5415,  3.98120,  3.99277,     0.00,  24.85,   0.02, 
   19.197, 0.5291, 0.5415,  3.98155,  3.99277,     0.00,  24.85,   0.01, 
   19.218, 0.5291, 0.5415,  3.98192,  3.99277,     0.00,  24.85,   0.01, 
   19.240, 0.5291, 0.5415,  3.98229,  3.99277,     0.00,  24.85,   0.01, 
   19.264, 0.5291, 0.5415,  3.98268,  3.99277,     0.00,  24.85,   0.01, 
   19.291, 0.5291, 0.5415,  3.98308,  3.99277,     0.00,  24.85,   0.01, 
   19.320, 0.5291, 0.5415,  3.98348,  3.99277,     0.00,  24.85,   0.01, 
   19.352, 0.5291, 0.5415,  3.98390,  3.99277,     0.00,  24.85,   0.01, 
   19.388, 0.5291, 0.5415,  3.98432,  3.99277,     0.00,  24.85,   0.01, 
   19.427, 0.5291, 0.5415,  3.98475,  3.99277,     0.00,  24.85,   0.01, 
   19.470, 0.5291, 0.5415,  3.98518,  3.99277,     0.00,  24.85,   0.01, 
   19.517, 0.5291, 0.5415,  3.98561,  3.99277,     0.00,  24.85,   0.01, 
   19.570, 0.5291, 0.5415,  3.98605,  3.99277,     0.00,  24.85,   0.01, 
   19.627, 0.5291, 0.5415,  3.98648,  3.99277,     0.00,  24.85,   0.01, 
   19.690, 0.5291, 0.5415,  3.98690,  3.99277,     0.00,  24.85,   0.01, 
   19.759, 0.5291, 0.5415,  3.98732,  3.99277,     0.00,  24.85,   0.01, 
   19.835, 0.5291, 0.5415,  3.98773,  3.99277,     0.00,  24.85,   0.01, 
   19.919, 0.5291, 0.5415,  3.98812,  3.99277,     0.00,  24.85,   0.01, 
   20.012, 0.5291, 0.5415,  3.98850,  3.99277,     0.00,  24.85,   0.01, 
   20.113, 0.5291, 0.5415,  3.98886,  3.99277,     0.00,  24.85,   0.01, 
   20.225, 0.5291, 0.5415,  3.98921,  3.99277,     0.00,  24.85,   0.01, 
   20.348, 0.5291, 0.5415,  3.98954,  3.99277,     0.00,  24.85,   0.01, 
   20.483, 0.5291, 0.5415,  3.98984,  3.99277,     0.00,  24.85,   0.01, 
   20.631, 0.5291, 0.5415,  3.99013,  3.99277,     0.00,  24.85,   0.01, 
   20.795, 0.5291, 0.5415,  3.99039,  3.99277,     0.00,  24.85,   0.01, 
   20.974, 0.5291, 0.5415,  3.99064,  3.99277,     0.00,  24.85,   0.00, 
   21.172, 0.5291, 0.5415,  3.99086,  3.99277,     0.00,  24.85,   0.00, 
   21.390, 0.5291, 0.5415,  3.99107,  3.99277,     0.00,  24.85,   0.00, 
   21.629, 0.5291, 0.5415,  3.99126,  3.99277,     0.00,  24.85,   0.00, 
   21.892, 0.5291, 0.5415,  3.99143,  3.99277,     0.00,  24.85,   0.00, 
   22.182, 0.5291, 0.5415,  3.99159,  3.99277,     0.00,  24.85,   0.00, 
   22.501, 0.5291, 0.5415,  3.99174,  3.99277,     0.00,  24.85,   0.00, 
   22.851, 0.5291, 0.5415,  3.99187,  3.99277,     0.00,  24.85,   0.00, 
   23.236, 0.5291, 0.5415,  3.99199,  3.99277,     0.00,  24.85,   0.00, 
   23.660, 0.5291, 0.5415,  3.99210,  3.99277,     0.00,  24.85,   0.00, 
   24.127, 0.5291, 0.5415,  3.99219,  3.99277,     0.00,  24.85,   0.00, 
   24.640, 0.5291, 0.5415,  3.99228,  3.99277,     0.00,  24.85,   0.00, 
   25.153, 0.5291, 0.5415,  3.99235,  3.99277,     0.00,  24.85,   0.00, 
   25.666, 0.5291, 0.5415,  3.99241,  3.99277,     0.00,  24.85,   0.00, 
   26.179, 0.5291, 0.5415,  3.99245,  3.99277,     0.00,  24.85,   0.00, 
   26.692, 0.5291, 0.5415,  3.99249,  3.99277,     0.00,  24.85,   0.00, 
   27.205, 0.5291, 0.5415,  3.99253,  3.99277,     0.00,  24.85,   0.00, 
   27.718, 0.5291, 0.5415,  3.99256,  3.99277,     0.00,  24.85,   0.00, 
   28.231, 0.5291, 0.5415,  3.99258,  3.99277,     0.00,  24.85,   0.00, 
   28.744, 0.5291, 0.5415,  3.99260,  3.99277,     0.00,  24.85,   0.00, 
   29.257, 0.5291, 0.5415,  3.99262,  3.99277,     0.00,  24.85,   0.00, 
   29.770, 0.5291, 0.5415,  3.99263,  3.99277,     0.00,  24.85,   0.00, 
   30.283, 0.5291, 0.5415,  3.99265,  3.99277,     0.00,  24.85,   0.00, 
   30.796, 0.5291, 0.5415,  3.99266,  3.99277,     0.00,  24.85,   0.00, 
   31.309, 0.5291, 0.5415,  3.99267,  3.99277,     0.00,  24.85,   0.00, 
   31.822, 0.5291, 0.5415,  3.99268,  3.99277,     0.00,  24.85,   0.00, 
   32.335, 0.5291, 0.5415,  3.99269,  3.99277,     0.00,  24.85,   0.00, 
   32.848, 0.5291, 0.5415,  3.99269,  3.99277,     0.00,  24.85,   0.00, 
   33.361, 0.5291, 0.5415,  3.99270,  3.99277,     0.00,  24.85,   0.00, 
   33.874, 0.5291, 0.5415,  3.99271,  3.99277,     0.00,  24.85,   0.00, 
   34.387, 0.5291, 0.5415,  3.99271,  3.99277,     0.00,  24.85,   0.00, 
   34.900, 0.5291, 0.5415,  3.99272,  3.99277,     0.00,  24.85,   0.00, 
   35.413, 0.5291, 0.5415,  3.99272,  3.99277,     0.00,  24.85,   0.00, 
   35.926, 0.5291, 0.5415,  3.99272,  3.99277,     0.00,  24.85,   0.00, 
   36.439, 0.5291, 0.5415,  3.99273,  3.99277,     0.00,  24.85,   0.00, 
   36.952, 0.5291, 0.5415,  3.99273,  3.99277,     0.00,  24.85,   0.00, 
   37.465, 0.5291, 0.5415,  3.99273,  3.99277,     0.00,  24.85,   0.00, 
   37.978, 0.5291, 0.5415,  3.99274,  3.99277,     0.00,  24.85,   0.00, 
   38.491, 0.5291, 0.5415,  3.99274,  3.99277,     0.00,  24.85,   0.00, 
   39.004, 0.5291, 0.5415,  3.99274,  3.99277,     0.00,  24.85,   0.00, 
   39.517, 0.5291, 0.5415,  3.99274,  3.99277,     0.00,  24.85,   0.00, 
   40.030, 0.5291, 0.5415,  3.99275,  3.99277,     0.00,  24.85,   0.00, 
   40.543, 0.5291, 0.5415,  3.99275,  3.99277,     0.00,  24.85,   0.00, 
   41.056, 0.5291, 0.5415,  3.99275,  3.99277,     0.00,  24.85,   0.00, 
   41.569, 0.5291, 0.5415,  3.99275,  3.99277,     0.00,  24.85,   0.00, 
   42.082, 0.5291, 0.5415,  3.99275,  3.99277,     0.00,  24.85,   0.00, 
   42.595, 0.5291, 0.5415,  3.99275,  3.99277,     0.00,  24.85,   0.00, 
   43.108, 0.5291, 0.5415,  3.99275,  3.99277,     0.00,  24.85,   0.00, 
   43.621, 0.5291, 0.5415,  3.99275,  3.99277,     0.00,  24.85,   0.00, 
   44.134, 0.5291, 0.5415,  3.99275,  3.99277,     0.00,  24.85,   0.00, 
   44.647, 0.5291, 0.5415,  3.99276,  3.99277,     0.00,  24.85,   0.00, 
   45.160, 0.5291, 0.5415,  3.99276,  3.99277,     0.00,  24.85,   0.00, 
   45.673, 0.5291, 0.5415,  3.99276,  3.99277,     0.00,  24.85,   0.00, 
   46.186, 0.5291, 0.5415,  3.99276,  3.99277,     0.00,  24.85,   0.00, 
   46.699, 0.5291, 0.5415,  3.99276,  3.99277,     0.00,  24.85,   0.00, 
   47.212, 0.5291, 0.5415,  3.99276,  3.99277,     0.00,  24.85,   0.00, 
   47.725, 0.5291, 0.5415,  3.99276,  3.99277,     0.00,  24.85,   0.00, 
   48.238, 0.5291, 0.5415,  3.99276,  3.99277,     0.00,  24.85,   0.00, 
   48.751, 0.5291, 0.5415,  3.99276,  3.99277,     0.00,  24.85,   0.00, 
   49.264, 0.5291, 0.5415,  3.99276,  3.99277,     0.00,  24.85,   0.00, 
   49.777, 0.5291, 0.5415,  3.99276,  3.99277,     0.00,  24.85,   0.00, 
   50.290, 0.5291, 0.5415,  3.99276,  3.99277,     0.00,  24.85,   0.00, 
   50.803, 0.5291, 0.5415,  3.99276,  3.99277,     0.00,  24.85,   0.00, 
   51.316, 0.5291, 0.5415,  3.99276,  3.99277,     0.00,  24.85,   0.00, 
   51.829, 0.5291, 0.5415,  3.99276,  3.99277,     0.00,  24.85,   0.00, 
   52.342, 0.5291, 0.5415,  3.99276,  3.99277,     0.00,  24.85,   0.00, 
   52.855, 0.5291, 0.5415,  3.99276,  3.99277,     0.00,  24.85,   0.00, 
   53.368, 0.5291, 0.5415,  3.99276,  3.99277,     0.00,  24.85,   0.00, 
   53.881, 0.5291, 0.5415,  3.99276,  3.99277,     0.00,  24.85,   0.00, 
   54.394, 0.5291, 0.5415,  3.99276,  3.99277,     0.00,  24.85,   0.00, 
   54.907, 0.5291, 0.5415,  3.99276,  3.99277,     0.00,  24.85,   0.00, 
   55.420, 0.5291, 0.5415,  3.99276,  3.99277,     0.00,  24.85,   0.00, 
   55.933, 0.5291, 0.5415,  3.99276,  3.99277,     0.00,  24.85,   0.00, 
   56.446, 0.5291, 0.5415,  3.99276,  3.99277,     0.00,  24.85,   0.00, 
   56.959, 0.5291, 0.5415,  3.99276,  3.99277,     0.00,  24.85,   0.00, 
   57.472, 0.5291, 0.5415,  3.99276,  3.99277,     0.00,  24.85,   0.00, 
   57.984, 0.5291, 0.5415,  3.99276,  3.99277,     0.00,  24.85,   0.00, 
   58.497, 0.5291, 0.5415,  3.99276,  3.99277,     0.00,  24.85,   0.00, 
   59.010, 0.5291, 0.5415,  3.99276,  3.99277,     0.00,  24.85,   0.00, 
   59.523, 0.5291, 0.5415,  3.99276,  3.99277,     0.00,  24.85,   0.00, 
   60.036, 0.5291, 0.5415,  3.99276,  3.99277,     0.00,  24.85,   0.00, 
   60.549, 0.5291, 0.5415,  3.99276,  3.99277,     0.00,  24.85,   0.00, 
   61.062, 0.5291, 0.5415,  3.99276,  3.99277,     0.00,  24.85,   0.00, 
   61.575, 0.5291, 0.5415,  3.99276,  3.99277,     0.00,  24.85,   0.00, 
   62.088, 0.5291, 0.5415,  3.99276,  3.99277,     0.00,  24.85,   0.00, 
   62.601, 0.5291, 0.5415,  3.99276,  3.99277,     0.00,  24.85,   0.00, 
   63.114, 0.5291, 0.5415,  3.99276,  3.99277,     0.00,  24.85,   0.00, 
   63.627, 0.5291, 0.5415,  3.99276,  3.99277,     0.00,  24.85,   0.00, 
   64.140, 0.5291, 0.5415,  3.99276,  3.99277,     0.00,  24.85,   0.00, 
   64.653, 0.5291, 0.5415,  3.99276,  3.99277,     0.00,  24.85,   0.00, 
   65.166, 0.5291, 0.5415,  3.99276,  3.99277,     0.00,  24.85,   0.00, 
   65.679, 0.5291, 0.5415,  3.99276,  3.99277,     0.00,  24.85,   0.00, 
   66.192, 0.5291, 0.5415,  3.99276,  3.99277,     0.00,  24.85,   0.00, 
   66.705, 0.5291, 0.5415,  3.99276,  3.99277,     0.00,  24.85,   0.00, 
   67.218, 0.5291, 0.5415,  3.99276,  3.99277,     0.00,  24.85,   0.00, 
   67.731, 0.5291, 0.5415,  3.99276,  3.99277,     0.00,  24.85,   0.00, 
   68.244, 0.5291, 0.5415,  3.99276,  3.99277,     0.00,  24.85,   0.00, 
   68.757, 0.5291, 0.5415,  3.99276,  3.99277,     0.00,  24.85,   0.00, 
   69.270, 0.5291, 0.5415,  3.99276,  3.99277,     0.00,  24.85,   0.00, 
   69.783, 0.5291, 0.5415,  3.99276,  3.99277,     0.00,  24.85,   0.00, 
   70.296, 0.5291, 0.5415,  3.99276,  3.99277,     0.00,  24.85,   0.00, 
   70.809, 0.5291, 0.5415,  3.99276,  3.99277,     0.00,  24.85,   0.00, 
   71.322, 0.5291, 0.5415,  3.99276,  3.99277,     0.00,  24.85,   0.00, 
   71.835, 0.5291, 0.5415,  3.99276,  3.99277,     0.00,  24.85,   0.00, 
   72.348, 0.5291, 0.5415,  3.99276,  3.99277,     0.00,  24.85,   0.00, 
   72.861, 0.5291, 0.5415,  3.99276,  3.99277,     0.00,  24.85,   0.00, 
   73.374, 0.5291, 0.5415,  3.99276,  3.99277,     0.00,  24.85,   0.00, 
   73.887, 0.5291, 0.5415,  3.99276,  3.99277,     0.00,  24.85,   0.00, 
   74.400, 0.5291, 0.5415,  3.99276,  3.99277,     0.00,  24.85,   0.00, 
   74.913, 0.5291, 0.5415,  3.99276,  3.99277,     0.00,  24.85,   0.00, 
   75.426, 0.5291, 0.5415,  3.99276,  3.99277,     0.00,  24.85,   0.00, 
   75.939, 0.5291, 0.5415,  3.99276,  3.99277,     0.00,  24.85,   0.00, 
   76.452, 0.5291, 0.5415,  3.99276,  3.99277,     0.00,  24.85,   0.00, 
   76.965, 0.5291, 0.5415,  3.99276,  3.99277,     0.00,  24.85,   0.00, 
   77.478, 0.5291, 0.5415,  3.99276,  3.99277,     0.00,  24.85,   0.00, 
   77.991, 0.5291, 0.5415,  3.99276,  3.99277,     0.00,  24.85,   0.00, 
   78.504, 0.5291, 0.5415,  3.99276,  3.99277,     0.00,  24.85,   0.00, 
   79.017, 0.5291, 0.5415,  3.99276,  3.99277,     0.00,  24.85,   0.00, 
   79.530, 0.5291, 0.5415,  3.99276,  3.99277,     0.00,  24.85,   0.00, 
   80.043, 0.5291, 0.5415,  3.99276,  3.99277,     0.00,  24.85,   0.00, 
   80.556, 0.5291, 0.5415,  3.99276,  3.99277,     0.00,  24.85,   0.00, 
   81.069, 0.5291, 0.5415,  3.99276,  3.99277,     0.00,  24.85,   0.00, 
   81.582, 0.5291, 0.5415,  3.99276,  3.99277,     0.00,  24.85,   0.00, 
   82.095, 0.5291, 0.5415,  3.99276,  3.99277,     0.00,  24.85,   0.00, 
   82.608, 0.5291, 0.5415,  3.99276,  3.99277,     0.00,  24.85,   0.00, 
   83.121, 0.5291, 0.5415,  3.99276,  3.99277,     0.00,  24.85,   0.00, 
   83.634, 0.5291, 0.5415,  3.99276,  3.99277,     0.00,  24.85,   0.00, 
   84.147, 0.5291, 0.5415,  3.99276,  3.99277,     0.00,  24.85,   0.00, 
   84.660, 0.5291, 0.5415,  3.99276,  3.99277,     0.00,  24.85,   0.00, 
   85.173, 0.5291, 0.5415,  3.99276,  3.99277,     0.00,  24.85,   0.00, 
   85.686, 0.5291, 0.5415,  3.99276,  3.99277,     0.00,  24.85,   0.00, 
   86.199, 0.5291, 0.5415,  3.99276,  3.99277,     0.00,  24.85,   0.00, 
   86.712, 0.5291, 0.5415,  3.99276,  3.99277,     0.00,  24.85,   0.00, 
   87.225, 0.5291, 0.5415,  3.99276,  3.99277,     0.00,  24.85,   0.00, 
   87.738, 0.5291, 0.5415,  3.99276,  3.99277,     0.00,  24.85,   0.00, 
   88.251, 0.5291, 0.5415,  3.99276,  3.99277,     0.00,  24.85,   0.00, 
   88.764, 0.5291, 0.5415,  3.99276,  3.99277,     0.00,  24.85,   0.00, 
   89.277, 0.5291, 0.5415,  3.99276,  3.99277,     0.00,  24.85,   0.00, 
   89.790, 0.5291, 0.5415,  3.99276,  3.99277,     0.00,  24.85,   0.00, 
   90.303, 0.5291, 0.5415,  3.99276,  3.99277,     0.00,  24.85,   0.00, 
   90.816, 0.5291, 0.5415,  3.99276,  3.99277,     0.00,  24.85,   0.00, 
   91.329, 0.5291, 0.5415,  3.99276,  3.99277,     0.00,  24.85,   0.00, 
   91.842, 0.5291, 0.5415,  3.99276,  3.99277,     0.00,  24.85,   0.00, 
   92.355, 0.5291, 0.5415,  3.99276,  3.99277,     0.00,  24.85,   0.00, 
   92.868, 0.5291, 0.5415,  3.99276,  3.99277,     0.00,  24.85,   0.00, 
   93.381, 0.5291, 0.5415,  3.99276,  3.99277,     0.00,  24.85,   0.00, 
   93.894, 0.5291, 0.5415,  3.99276,  3.99277,     0.00,  24.85,   0.00, 
   94.407, 0.5291, 0.5415,  3.99276,  3.99277,     0.00,  24.85,   0.00, 
   94.920, 0.5291, 0.5415,  3.99276,  3.99277,     0.00,  24.85,   0.00, 
   95.433, 0.5291, 0.5415,  3.99276,  3.99277,     0.00,  24.85,   0.00, 
   95.946, 0.5291, 0.5415,  3.99276,  3.99277,     0.00,  24.85,   0.00, 
   96.459, 0.5291, 0.5415,  3.99276,  3.99277,     0.00,  24.85,   0.00, 
   96.972, 0.5291, 0.5415,  3.99276,  3.99277,     0.00,  24.85,   0.00, 
   97.485, 0.5291, 0.5415,  3.99276,  3.99277,     0.00,  24.85,   0.00, 
   97.998, 0.5291, 0.5415,  3.99276,  3.99277,     0.00,  24.85,   0.00, 
   98.511, 0.5291, 0.5415,  3.99276,  3.99277,     0.00,  24.85,   0.00, 
   99.024, 0.5291, 0.5415,  3.99276,  3.99277,     0.00,  24.85,   0.00, 
   99.537, 0.5291, 0.5415,  3.99276,  3.99277,     0.00,  24.85,   0.00, 
  100.050, 0.5291, 0.5415,  3.99276,  3.99277,     0.00,  24.85,   0.00, 
  100.563, 0.5291, 0.5415,  3.99276,  3.99277,     0.00,  24.85,   0.00, 
  101.076, 0.5291, 0.5415,  3.99276,  3.99277,     0.00,  24.85,   0.00, 
  101.589, 0.5291, 0.5415,  3.99276,  3.99277,     0.00,  24.85,   0.00, 
  102.102, 0.5291, 0.5415,  3.99276,  3.99277,     0.00,  24.85,   0.00, 
  102.615, 0.5291, 0.5415,  3.99276,  3.99277,     0.00,  24.85,   0.00, 
  103.128, 0.5291, 0.5415,  3.99276,  3.99277,     0.00,  24.85,   0.00, 
  103.641, 0.5291, 0.5415,  3.99276,  3.99277,     0.00,  24.85,   0.00, 
  104.154, 0.5291, 0.5415,  3.99276,  3.99277,     0.00,  24.85,   0.00, 
  104.667, 0.5291, 0.5415,  3.99276,  3.99277,     0.00,  24.85,   0.00, 
  105.180, 0.5291, 0.5415,  3.99276,  3.99277,     0.00,  24.85,   0.00, 
  105.693, 0.5291, 0.5415,  3.99276,  3.99277,     0.00,  24.85,   0.00, 
  106.206, 0.5291, 0.5415,  3.99276,  3.99277,     0.00,  24.85,   0.00, 
  106.719, 0.5291, 0.5415,  3.99276,  3.99277,     0.00,  24.85,   0.00, 
  107.232, 0.5291, 0.5415,  3.99276,  3.99277,     0.00,  24.85,   0.00, 
  107.745, 0.5291, 0.5415,  3.99276,  3.99277,     0.00,  24.85,   0.00, 
  108.258, 0.5291, 0.5415,  3.99276,  3.99277,     0.00,  24.85,   0.00, 
  108.771, 0.5291, 0.5415,  3.99276,  3.99277,     0.00,  24.85,   0.00, 
  109.284, 0.5291, 0.5415,  3.99276,  3.99277,     0.00,  24.85,   0.00, 
  109.797, 0.5291, 0.5415,  3.99276,  3.99277,     0.00,  24.85,   0.00, 
  110.310, 0.5291, 0.5415,  3.99276,  3.99277,     0.00,  24.85,   0.00, 
  110.823, 0.5291, 0.5415,  3.99276,  3.99277,     0.00,  24.85,   0.00, 
  111.336, 0.5291, 0.5415,  3.99276,  3.99277,     0.00,  24.85,   0.00, 
  111.849, 0.5291, 0.5415,  3.99276,  3.99277,     0.00,  24.85,   0.00, 
  112.362, 0.5291, 0.5415,  3.99276,  3.99277,     0.00,  24.85,   0.00, 
  112.875, 0.5291, 0.5415,  3.99276,  3.99277,     0.00,  24.85,   0.00, 
  113.388, 0.5291, 0.5415,  3.99276,  3.99277,     0.00,  24.85,   0.00, 
  113.901, 0.5291, 0.5415,  3.99276,  3.99277,     0.00,  24.85,   0.00, 
  114.414, 0.5291, 0.5415,  3.99276,  3.99277,     0.00,  24.85,   0.00, 
  114.927, 0.5291, 0.5415,  3.99276,  3.99277,     0.00,  24.85,   0.00, 
  115.440, 0.5291, 0.5415,  3.99276,  3.99277,     0.00,  24.85,   0.00, 
  115.953, 0.5291, 0.5415,  3.99276,  3.99277,     0.00,  24.85,   0.00, 
  116.466, 0.5291, 0.5415,  3.99276,  3.99277,     0.00,  24.85,   0.00, 
  116.979, 0.5291, 0.5415,  3.99276,  3.99277,     0.00,  24.85,   0.00, 
  117.492, 0.5291, 0.5415,  3.99276,  3.99277,     0.00,  24.85,   0.00, 
  118.005, 0.5291, 0.5415,  3.99276,  3.99277,     0.00,  24.85,   0.00, 
  118.518, 0.5291, 0.5415,  3.99276,  3.99277,     0.00,  24.85,   0.00, 
  119.000, 0.5291, 0.5415,  3.99276,  3.99277,     0.00,  24.85,   0.00, 

            mass  =  0.8166 kg/m2
 specific energy segment =     0.00 W-h/kg
 specific power segment  =     0.00 W/kg
 total heat =          0.1101 W-h/m2
  
