     50  lim, limit on number of iterations
 100.00  h1,  thickness of negative electrode (microns)
  25.00  h2,  thickness of separator (microns)
 100.00  h3,  thickness of positive electrode (microns)
  25.00  hcn, thickness of negative electrode current collector (microns)
  25.00  hcp, thickness of positive electrode current collector (microns)
     80  n1,  number of nodes in negative electrode
     40  n2,  number of nodes in separator
     80  n3,  number of nodes in positive electrode
 298.00  T,   temperature (K)

 1000.0  xx(1,n1+2), initial concentration (mol/m3)
 0.6000  csx,   initial stoichiometric parameter for negative
 0.5000  csy,   initial stoichiometric parameter for positive
   30.0  tmmax, maximum time step size (s)
 .4E-13  dfs1, diffusion coefficient in negative solid (m2/s)
 .1E-12  dfs3, diffusion coefficient in positive solid (m2/s)
  10.00  Rad1,  radius of negative particles (microns)
  10.00  Rad3,  radius of positive particles (microns)

  0.300  ep1,   volume fraction of electrolyte in negative electrode
  0.000  epp1,  volume fraction of polymer phase in negative electrode
  0.100  epf1,  volume fraction of inert filler in negative electrode
  1.000  ep2,   volume fraction of electrolyte in separator
  0.000  epp2,  volume fraction of polymer phase in separator
  0.300  ep3,   volume fraction of electrolyte in positive electrode
  0.000  epp3,  volume fraction of polymer phase in positive electrode
  0.200  epf3,  volume fraction of inert filler in positive electrode
 0.10E+03  sig1,  conductivity of negative matrix (S/m)
  10.      sig3,  conductivity of positive matrix (S/m)
  372.00  cot1,  coulombic capacity of negative material (mAh/g)
  274.00  cot3,  coulombic capacity of positive material (mAh/g)
 .1E-04  rka1,  reaction rate constant for negative reaction 
 .3E-10  rka3,  reaction rate constant for positive reaction

 1324.0  re,   density of electrolyte (kg/m3)
 1800.0  rs1,  density of negative insertion material (kg/m3)
 5010.0  rs3,  density of positive insertion material (kg/m3)
 1800.0  rf,   density of inert filler (kg/m3)
 1780.0  rpl,  density of polymer phase (kg/m3)
    0.0  rc,   density of separator material (kg/m3)
 8954.0  rcn,  density of negative current collector (kg/m3)
 2707.0  rcp,  density of positive current collector (kg/m3)

   0.001000  ranode,   anode film resistance (ohm-m2)
   0.000000  rcathde,  cathode film resistance (ohm-m2)
   0.00  htc,   heat-transfer coefficient with external medium (W/m2K)
   0.000000  dUdT,  temperature coefficient of EMF (V/K)
 2000.0  Cp,    heat capacity of cell (J/kg-K)
   0.00  residm,    residual mass (kg/m2)
 298.00  Tam,   ambient temperature (K)
      1  ncell, number of cells in a cell stack
      2  lht,   0 uses htc,  1 calcs htc,  2 isothermal

      0    nside, side reaction flag 

      1  il1,   1 for long print-out  0 for short print-out
     10  il2,   prints every il2 th node in long print-out
     10  il3,   prints every il3 th time step in long print-out
      1  lflag, 0 for electrolyte in separator only, 1 for uniform
      0  imp, 0 for no impedance, 1 for impedance
   0.00  capp1,  capacitance of negative material (F/m2)
   0.00  capp3,  capacitance of positive material (F/m2)
      3  lcurs, number of current changes
  
 MCMB 2528 Graphite (Bellcore)
 LiPF6 in EC:DMC
 LiCoO2 (Cobalt dioxide)
 open-circuit potential, negative   0.178978294
 delta S negative   0.
 open-circuit potential, positive   4.24165195
 delta S positive   0.
  
      DUAL INSERTION CELL VERSION 5.1
  
   Time     Util N  Util P  Cell Pot   Uocp      Curr      Temp   heatgen
   (min)       x       y      (V)       (V)      (A/m2)    (C)    (W/m2)
  
    0.000, 0.6000, 0.5000,  4.06267,  4.06267,     0.00,  24.85,   0.00, 
    0.001, 0.6000, 0.5000,  4.06267,  4.06267,     0.00,  24.85,   0.00, 
    0.001, 0.6000, 0.5000,  4.06267,  4.06267,     0.00,  24.85,   0.00, 
    0.001, 0.6000, 0.5000,  4.06267,  4.06267,     0.00,  24.85,   0.00, 
    0.002, 0.6000, 0.5000,  4.06267,  4.06267,     0.00,  24.85,   0.00, 
    0.002, 0.6000, 0.5000,  4.06267,  4.06267,     0.00,  24.85,   0.00, 
    0.003, 0.6000, 0.5000,  4.06267,  4.06267,     0.00,  24.85,   0.00, 
    0.003, 0.6000, 0.5000,  4.06267,  4.06267,     0.00,  24.85,   0.00, 
    0.004, 0.6000, 0.5000,  4.06267,  4.06267,     0.00,  24.85,   0.00, 
    0.005, 0.6000, 0.5000,  4.06267,  4.06267,     0.00,  24.85,   0.00, 
    0.006, 0.6000, 0.5000,  4.06267,  4.06267,     0.00,  24.85,   0.00, 
    0.007, 0.6000, 0.5000,  4.06267,  4.06267,     0.00,  24.85,   0.00, 
    0.007, 0.6000, 0.5000,  4.06267,  4.06267,     0.00,  24.85,   0.00, 
    0.009, 0.6000, 0.5000,  4.06267,  4.06267,     0.00,  24.85,   0.00, 
    0.010, 0.6000, 0.5000,  4.06267,  4.06267,     0.00,  24.85,   0.00, 
    0.011, 0.6000, 0.5000,  4.06267,  4.06267,     0.00,  24.85,   0.00, 
    0.012, 0.6000, 0.5000,  4.06267,  4.06267,     0.00,  24.85,   0.00, 
    0.014, 0.6000, 0.5000,  4.06267,  4.06267,     0.00,  24.85,   0.00, 
    0.016, 0.6000, 0.5000,  4.06267,  4.06267,     0.00,  24.85,   0.00, 
    0.017, 0.6000, 0.5000,  4.06267,  4.06267,     0.00,  24.85,   0.00, 
    0.019, 0.6000, 0.5000,  4.06267,  4.06267,     0.00,  24.85,   0.00, 
    0.022, 0.6000, 0.5000,  4.06267,  4.06267,     0.00,  24.85,   0.00, 
    0.024, 0.6000, 0.5000,  4.06267,  4.06267,     0.00,  24.85,   0.00, 
    0.027, 0.6000, 0.5000,  4.06267,  4.06267,     0.00,  24.85,   0.00, 
    0.030, 0.6000, 0.5000,  4.06267,  4.06267,     0.00,  24.85,   0.00, 
    0.033, 0.6000, 0.5000,  4.06267,  4.06267,     0.00,  24.85,   0.00, 
    0.037, 0.6000, 0.5000,  4.06267,  4.06267,     0.00,  24.85,   0.00, 
    0.041, 0.6000, 0.5000,  4.06267,  4.06267,     0.00,  24.85,   0.00, 
    0.045, 0.6000, 0.5000,  4.06267,  4.06267,     0.00,  24.85,   0.00, 
    0.050, 0.6000, 0.5000,  4.06267,  4.06267,     0.00,  24.85,   0.00, 
    0.055, 0.6000, 0.5000,  4.06267,  4.06267,     0.00,  24.85,   0.00, 
    0.061, 0.6000, 0.5000,  4.06267,  4.06267,     0.00,  24.85,   0.00, 
    0.067, 0.6000, 0.5000,  4.06267,  4.06267,     0.00,  24.85,   0.00, 
    0.074, 0.6000, 0.5000,  4.06267,  4.06267,     0.00,  24.85,   0.00, 
    0.082, 0.6000, 0.5000,  4.06267,  4.06267,     0.00,  24.85,   0.00, 
    0.091, 0.6000, 0.5000,  4.06267,  4.06267,     0.00,  24.85,   0.00, 
    0.100, 0.6000, 0.5000,  4.06267,  4.06267,     0.00,  24.85,   0.00, 
    0.110, 0.6000, 0.5000,  4.06267,  4.06267,     0.00,  24.85,   0.00, 
    0.122, 0.6000, 0.5000,  4.06267,  4.06267,     0.00,  24.85,   0.00, 
    0.134, 0.6000, 0.5000,  4.06267,  4.06267,     0.00,  24.85,   0.00, 
    0.148, 0.6000, 0.5000,  4.06267,  4.06267,     0.00,  24.85,   0.00, 
    0.163, 0.6000, 0.5000,  4.06267,  4.06267,     0.00,  24.85,   0.00, 
    0.180, 0.6000, 0.5000,  4.06267,  4.06267,     0.00,  24.85,   0.00, 
    0.198, 0.6000, 0.5000,  4.06267,  4.06267,     0.00,  24.85,   0.00, 
    0.218, 0.6000, 0.5000,  4.06267,  4.06267,     0.00,  24.85,   0.00, 
    0.240, 0.6000, 0.5000,  4.06267,  4.06267,     0.00,  24.85,   0.00, 
    0.264, 0.6000, 0.5000,  4.06267,  4.06267,     0.00,  24.85,   0.00, 
    0.291, 0.6000, 0.5000,  4.06267,  4.06267,     0.00,  24.85,   0.00, 
    0.320, 0.6000, 0.5000,  4.06267,  4.06267,     0.00,  24.85,   0.00, 
    0.353, 0.6000, 0.5000,  4.06267,  4.06267,     0.00,  24.85,   0.00, 
    0.388, 0.6000, 0.5000,  4.06267,  4.06267,     0.00,  24.85,   0.00, 
    0.427, 0.6000, 0.5000,  4.06267,  4.06267,     0.00,  24.85,   0.00, 
    0.470, 0.6000, 0.5000,  4.06267,  4.06267,     0.00,  24.85,   0.00, 
    0.518, 0.6000, 0.5000,  4.06267,  4.06267,     0.00,  24.85,   0.00, 
    0.570, 0.6000, 0.5000,  4.06267,  4.06267,     0.00,  24.85,   0.00, 
    0.627, 0.6000, 0.5000,  4.06267,  4.06267,     0.00,  24.85,   0.00, 
    0.690, 0.6000, 0.5000,  4.06267,  4.06267,     0.00,  24.85,   0.00, 
    0.760, 0.6000, 0.5000,  4.06267,  4.06267,     0.00,  24.85,   0.00, 
    0.836, 0.6000, 0.5000,  4.06267,  4.06267,     0.00,  24.85,   0.00, 
    0.920, 0.6000, 0.5000,  4.06267,  4.06267,     0.00,  24.85,   0.00, 
    1.012, 0.6000, 0.5000,  4.06267,  4.06267,     0.00,  24.85,   0.00, 
    1.113, 0.6000, 0.5000,  4.06267,  4.06267,     0.00,  24.85,   0.00, 
    1.225, 0.6000, 0.5000,  4.06267,  4.06267,     0.00,  24.85,   0.00, 
    1.348, 0.6000, 0.5000,  4.06267,  4.06267,     0.00,  24.85,   0.00, 
    1.483, 0.6000, 0.5000,  4.06267,  4.06267,     0.00,  24.85,   0.00, 
    1.632, 0.6000, 0.5000,  4.06267,  4.06267,     0.00,  24.85,   0.00, 
    1.795, 0.6000, 0.5000,  4.06267,  4.06267,     0.00,  24.85,   0.00, 
    1.975, 0.6000, 0.5000,  4.06267,  4.06267,     0.00,  24.85,   0.00, 
    2.173, 0.6000, 0.5000,  4.06267,  4.06267,     0.00,  24.85,   0.00, 
    2.390, 0.6000, 0.5000,  4.06267,  4.06267,     0.00,  24.85,   0.00, 
    2.629, 0.6000, 0.5000,  4.06267,  4.06267,     0.00,  24.85,   0.00, 
    2.893, 0.6000, 0.5000,  4.06267,  4.06267,     0.00,  24.85,   0.00, 
    3.182, 0.6000, 0.5000,  4.06267,  4.06267,     0.00,  24.85,   0.00, 
    3.501, 0.6000, 0.5000,  4.06267,  4.06267,     0.00,  24.85,   0.00, 
    3.851, 0.6000, 0.5000,  4.06267,  4.06267,     0.00,  24.85,   0.00, 
    4.237, 0.6000, 0.5000,  4.06267,  4.06267,     0.00,  24.85,   0.00, 
    4.661, 0.6000, 0.5000,  4.06267,  4.06267,     0.00,  24.85,   0.00, 
    5.127, 0.6000, 0.5000,  4.06267,  4.06267,     0.00,  24.85,   0.00, 
    5.640, 0.6000, 0.5000,  4.06267,  4.06267,     0.00,  24.85,   0.00, 
    6.153, 0.6000, 0.5000,  4.06267,  4.06267,     0.00,  24.85,   0.00, 
    6.666, 0.6000, 0.5000,  4.06267,  4.06267,     0.00,  24.85,   0.00, 
    7.179, 0.6000, 0.5000,  4.06267,  4.06267,     0.00,  24.85,   0.00, 
    7.692, 0.6000, 0.5000,  4.06267,  4.06267,     0.00,  24.85,   0.00, 
    8.205, 0.6000, 0.5000,  4.06267,  4.06267,     0.00,  24.85,   0.00, 
    8.718, 0.6000, 0.5000,  4.06267,  4.06267,     0.00,  24.85,   0.00, 
    9.231, 0.6000, 0.5000,  4.06267,  4.06267,     0.00,  24.85,   0.00, 
    9.744, 0.6000, 0.5000,  4.06267,  4.06267,     0.00,  24.85,   0.00, 
   10.000, 0.6000, 0.5000,  4.06267,  4.06267,     0.00,  24.85,   0.00, 
   10.000, 0.6000, 0.5000,  4.04175,  4.06267,    19.00,  24.85,   0.40, 
 specific energy segment =     0.00 W-h/kg
 specific power segment  =     0.00 W/kg
 total heat =          0.0000 W-h/m2
  
   10.000, 0.6000, 0.5000,  4.04175,  4.06267,    19.00,  24.85,   0.40, 
   10.000, 0.6000, 0.5000,  4.04164,  4.06267,    19.00,  24.85,   0.40, 
   10.001, 0.6000, 0.5000,  4.04156,  4.06267,    19.00,  24.85,   0.40, 
   10.001, 0.6000, 0.5000,  4.04150,  4.06267,    19.00,  24.85,   0.40, 
   10.002, 0.6000, 0.5000,  4.04145,  4.06267,    19.00,  24.85,   0.40, 
   10.002, 0.6000, 0.5000,  4.04140,  4.06266,    19.00,  24.85,   0.40, 
   10.003, 0.6000, 0.5000,  4.04135,  4.06266,    19.00,  24.85,   0.41, 
   10.003, 0.6000, 0.5000,  4.04129,  4.06266,    19.00,  24.85,   0.41, 
   10.004, 0.6000, 0.5000,  4.04124,  4.06266,    19.00,  24.85,   0.41, 
   10.005, 0.6000, 0.5000,  4.04119,  4.06265,    19.00,  24.85,   0.41, 
   10.005, 0.6000, 0.5000,  4.04113,  4.06265,    19.00,  24.85,   0.41, 
   10.006, 0.6000, 0.5000,  4.04108,  4.06265,    19.00,  24.85,   0.41, 
   10.007, 0.5999, 0.5000,  4.04102,  4.06264,    19.00,  24.85,   0.41, 
   10.008, 0.5999, 0.5000,  4.04096,  4.06264,    19.00,  24.85,   0.41, 
   10.009, 0.5999, 0.5000,  4.04090,  4.06263,    19.00,  24.85,   0.41, 
   10.011, 0.5999, 0.5000,  4.04083,  4.06263,    19.00,  24.85,   0.41, 
   10.012, 0.5999, 0.5001,  4.04076,  4.06262,    19.00,  24.85,   0.42, 
   10.014, 0.5999, 0.5001,  4.04069,  4.06261,    19.00,  24.85,   0.42, 
   10.015, 0.5999, 0.5001,  4.04061,  4.06261,    19.00,  24.85,   0.42, 
   10.017, 0.5999, 0.5001,  4.04053,  4.06260,    19.00,  24.85,   0.42, 
   10.019, 0.5998, 0.5001,  4.04045,  4.06259,    19.00,  24.85,   0.42, 
   10.021, 0.5998, 0.5001,  4.04036,  4.06258,    19.00,  24.85,   0.42, 
   10.024, 0.5998, 0.5001,  4.04027,  4.06257,    19.00,  24.85,   0.42, 
   10.027, 0.5998, 0.5001,  4.04017,  4.06256,    19.00,  24.85,   0.43, 
   10.029, 0.5998, 0.5001,  4.04006,  4.06254,    19.00,  24.85,   0.43, 
   10.033, 0.5997, 0.5002,  4.03995,  4.06253,    19.00,  24.85,   0.43, 
   10.036, 0.5997, 0.5002,  4.03984,  4.06251,    19.00,  24.85,   0.43, 
   10.040, 0.5997, 0.5002,  4.03972,  4.06250,    19.00,  24.85,   0.43, 
   10.045, 0.5996, 0.5002,  4.03959,  4.06248,    19.00,  24.85,   0.43, 
   10.050, 0.5996, 0.5002,  4.03945,  4.06245,    19.00,  24.85,   0.44, 
   10.055, 0.5996, 0.5003,  4.03931,  4.06243,    19.00,  24.85,   0.44, 
   10.061, 0.5995, 0.5003,  4.03916,  4.06241,    19.00,  24.85,   0.44, 
   10.067, 0.5995, 0.5003,  4.03900,  4.06238,    19.00,  24.85,   0.44, 
   10.074, 0.5994, 0.5003,  4.03883,  4.06235,    19.00,  24.85,   0.45, 
   10.082, 0.5994, 0.5004,  4.03865,  4.06231,    19.00,  24.85,   0.45, 
   10.090, 0.5993, 0.5004,  4.03846,  4.06228,    19.00,  24.85,   0.45, 
   10.100, 0.5992, 0.5005,  4.03826,  4.06223,    19.00,  24.85,   0.46, 
   10.110, 0.5991, 0.5005,  4.03805,  4.06219,    19.00,  24.85,   0.46, 
   10.121, 0.5990, 0.5006,  4.03782,  4.06214,    19.00,  24.85,   0.46, 
   10.134, 0.5989, 0.5006,  4.03759,  4.06209,    19.00,  24.85,   0.47, 
   10.148, 0.5988, 0.5007,  4.03734,  4.06203,    19.00,  24.85,   0.47, 
   10.163, 0.5987, 0.5008,  4.03707,  4.06196,    19.00,  24.85,   0.47, 
   10.179, 0.5986, 0.5008,  4.03679,  4.06189,    19.00,  24.85,   0.48, 
   10.197, 0.5984, 0.5009,  4.03650,  4.06181,    19.00,  24.85,   0.48, 
   10.218, 0.5983, 0.5010,  4.03619,  4.06172,    19.00,  24.85,   0.48, 
   10.240, 0.5981, 0.5011,  4.03586,  4.06162,    19.00,  24.85,   0.49, 
   10.264, 0.5979, 0.5012,  4.03552,  4.06152,    19.00,  24.85,   0.49, 
   10.291, 0.5977, 0.5013,  4.03516,  4.06140,    19.00,  24.85,   0.50, 
   10.320, 0.5975, 0.5015,  4.03477,  4.06128,    19.00,  24.85,   0.50, 
   10.352, 0.5972, 0.5016,  4.03438,  4.06114,    19.00,  24.85,   0.51, 
   10.388, 0.5969, 0.5018,  4.03396,  4.06099,    19.00,  24.85,   0.51, 
   10.427, 0.5966, 0.5020,  4.03352,  4.06082,    19.00,  24.85,   0.52, 
   10.470, 0.5963, 0.5022,  4.03306,  4.06064,    19.00,  24.85,   0.52, 
   10.517, 0.5959, 0.5024,  4.03259,  4.06044,    19.00,  24.85,   0.53, 
   10.570, 0.5955, 0.5026,  4.03209,  4.06022,    19.00,  24.85,   0.53, 
   10.627, 0.5951, 0.5029,  4.03157,  4.05998,    19.00,  24.85,   0.54, 
   10.690, 0.5946, 0.5032,  4.03103,  4.05972,    19.00,  24.85,   0.54, 
   10.759, 0.5940, 0.5035,  4.03046,  4.05943,    19.00,  24.85,   0.55, 
   10.835, 0.5934, 0.5039,  4.02987,  4.05911,    19.00,  24.85,   0.55, 
   10.919, 0.5928, 0.5042,  4.02925,  4.05877,    19.00,  24.85,   0.56, 
   11.012, 0.5920, 0.5047,  4.02860,  4.05840,    19.00,  24.85,   0.56, 
   11.113, 0.5912, 0.5051,  4.02792,  4.05799,    19.00,  24.85,   0.57, 
   11.225, 0.5903, 0.5057,  4.02719,  4.05754,    19.00,  24.85,   0.57, 
   11.348, 0.5894, 0.5062,  4.02641,  4.05706,    19.00,  24.85,   0.58, 
   11.483, 0.5883, 0.5068,  4.02557,  4.05653,    19.00,  24.85,   0.58, 
   11.631, 0.5871, 0.5075,  4.02465,  4.05596,    19.00,  24.85,   0.59, 
   11.795, 0.5859, 0.5083,  4.02363,  4.05533,    19.00,  24.85,   0.60, 
   11.974, 0.5844, 0.5091,  4.02247,  4.05464,    19.00,  24.85,   0.61, 
   12.172, 0.5829, 0.5100,  4.02113,  4.05388,    19.00,  24.85,   0.62, 
   12.390, 0.5812, 0.5110,  4.01953,  4.05304,    19.00,  24.85,   0.63, 
   12.629, 0.5793, 0.5121,  4.01758,  4.05208,    19.00,  24.85,   0.65, 
   12.892, 0.5772, 0.5133,  4.01511,  4.05098,    19.00,  24.85,   0.68, 
   13.182, 0.5749, 0.5147,  4.01190,  4.04964,    19.00,  24.85,   0.71, 
   13.501, 0.5724, 0.5162,  4.00763,  4.04793,    19.00,  24.85,   0.76, 
   13.851, 0.5696, 0.5178,  4.00195,  4.04558,    19.00,  24.85,   0.82, 
   14.236, 0.5666, 0.5195,  3.99480,  4.04213,    19.00,  24.85,   0.89, 
   14.660, 0.5633, 0.5215,  3.98679,  4.03689,    19.00,  24.85,   0.95, 
   15.127, 0.5596, 0.5237,  3.97928,  4.02927,    19.00,  24.85,   0.94, 
   15.640, 0.5555, 0.5260,  3.97330,  4.01976,    19.00,  24.85,   0.88, 
   16.153, 0.5515, 0.5284,  3.96922,  4.01128,    19.00,  24.85,   0.80, 
   16.666, 0.5475, 0.5308,  3.96614,  4.00518,    19.00,  24.85,   0.74, 
   17.179, 0.5434, 0.5331,  3.96339,  4.00120,    19.00,  24.85,   0.72, 
   17.692, 0.5394, 0.5355,  3.96054,  3.99847,    19.00,  24.85,   0.72, 
   18.205, 0.5353, 0.5379,  3.95737,  3.99626,    19.00,  24.85,   0.74, 
   18.718, 0.5313, 0.5402,  3.95370,  3.99407,    19.00,  24.85,   0.76, 
   19.231, 0.5272, 0.5426,  3.94943,  3.99160,    19.00,  24.85,   0.80, 
   19.744, 0.5232, 0.5450,  3.94447,  3.98863,    19.00,  24.85,   0.83, 
   20.000, 0.5212, 0.5461,  3.94172,  3.98690,    19.00,  24.85,   0.85, 
   20.000, 0.5212, 0.5461,  3.96338,  3.98690,     0.00,  24.85,   0.05, 
 specific energy segment =    15.47 W-h/kg
 specific power segment  =    92.79 W/kg
 total heat =          0.1235 W-h/m2
  
   20.000, 0.5212, 0.5461,  3.96338,  3.98690,     0.00,  24.85,   0.05, 
   20.000, 0.5212, 0.5461,  3.96375,  3.98690,     0.00,  24.85,   0.05, 
   20.001, 0.5212, 0.5461,  3.96398,  3.98690,     0.00,  24.85,   0.05, 
   20.001, 0.5212, 0.5461,  3.96417,  3.98690,     0.00,  24.85,   0.04, 
   20.002, 0.5212, 0.5461,  3.96433,  3.98690,     0.00,  24.85,   0.04, 
   20.002, 0.5212, 0.5461,  3.96449,  3.98690,     0.00,  24.85,   0.04, 
   20.003, 0.5212, 0.5461,  3.96463,  3.98690,     0.00,  24.85,   0.04, 
   20.003, 0.5212, 0.5461,  3.96477,  3.98690,     0.00,  24.85,   0.04, 
   20.004, 0.5212, 0.5461,  3.96491,  3.98690,     0.00,  24.85,   0.04, 
   20.005, 0.5212, 0.5461,  3.96506,  3.98690,     0.00,  24.85,   0.04, 
   20.005, 0.5212, 0.5461,  3.96520,  3.98690,     0.00,  24.85,   0.04, 
   20.006, 0.5212, 0.5461,  3.96534,  3.98690,     0.00,  24.85,   0.04, 
   20.007, 0.5212, 0.5461,  3.96549,  3.98690,     0.00,  24.85,   0.04, 
   20.008, 0.5212, 0.5461,  3.96563,  3.98690,     0.00,  24.85,   0.04, 
   20.009, 0.5212, 0.5461,  3.96579,  3.98690,     0.00,  24.85,   0.04, 
   20.011, 0.5212, 0.5461,  3.96594,  3.98690,     0.00,  24.85,   0.04, 
   20.012, 0.5212, 0.5461,  3.96610,  3.98690,     0.00,  24.85,   0.03, 
   20.014, 0.5212, 0.5461,  3.96627,  3.98690,     0.00,  24.85,   0.03, 
   20.015, 0.5212, 0.5461,  3.96644,  3.98690,     0.00,  24.85,   0.03, 
   20.017, 0.5212, 0.5461,  3.96661,  3.98690,     0.00,  24.85,   0.03, 
   20.019, 0.5212, 0.5461,  3.96679,  3.98690,     0.00,  24.85,   0.03, 
   20.021, 0.5212, 0.5461,  3.96698,  3.98690,     0.00,  24.85,   0.03, 
   20.024, 0.5212, 0.5461,  3.96718,  3.98690,     0.00,  24.85,   0.03, 
   20.027, 0.5212, 0.5461,  3.96738,  3.98690,     0.00,  24.85,   0.03, 
   20.029, 0.5212, 0.5461,  3.96759,  3.98690,     0.00,  24.85,   0.03, 
   20.033, 0.5212, 0.5461,  3.96780,  3.98690,     0.00,  24.85,   0.03, 
   20.036, 0.5212, 0.5461,  3.96803,  3.98690,     0.00,  24.85,   0.03, 
   20.040, 0.5212, 0.5461,  3.96826,  3.98690,     0.00,  24.85,   0.03, 
   20.045, 0.5212, 0.5461,  3.96850,  3.98690,     0.00,  24.85,   0.03, 
   20.050, 0.5212, 0.5461,  3.96875,  3.98690,     0.00,  24.85,   0.03, 
   20.055, 0.5212, 0.5461,  3.96901,  3.98690,     0.00,  24.85,   0.03, 
   20.061, 0.5212, 0.5461,  3.96928,  3.98690,     0.00,  24.85,   0.03, 
   20.067, 0.5212, 0.5461,  3.96957,  3.98690,     0.00,  24.85,   0.02, 
   20.074, 0.5212, 0.5461,  3.96986,  3.98690,     0.00,  24.85,   0.02, 
   20.082, 0.5212, 0.5461,  3.97016,  3.98690,     0.00,  24.85,   0.02, 
   20.090, 0.5212, 0.5461,  3.97048,  3.98690,     0.00,  24.85,   0.02, 
   20.100, 0.5212, 0.5461,  3.97080,  3.98690,     0.00,  24.85,   0.02, 
   20.110, 0.5212, 0.5461,  3.97114,  3.98690,     0.00,  24.85,   0.02, 
   20.121, 0.5212, 0.5461,  3.97149,  3.98690,     0.00,  24.85,   0.02, 
   20.134, 0.5212, 0.5461,  3.97186,  3.98690,     0.00,  24.85,   0.02, 
   20.148, 0.5212, 0.5461,  3.97224,  3.98690,     0.00,  24.85,   0.02, 
   20.163, 0.5212, 0.5461,  3.97263,  3.98690,     0.00,  24.85,   0.02, 
   20.179, 0.5212, 0.5461,  3.97303,  3.98690,     0.00,  24.85,   0.02, 
   20.197, 0.5212, 0.5461,  3.97345,  3.98690,     0.00,  24.85,   0.02, 
   20.218, 0.5212, 0.5461,  3.97388,  3.98690,     0.00,  24.85,   0.02, 
   20.240, 0.5212, 0.5461,  3.97433,  3.98690,     0.00,  24.85,   0.02, 
   20.264, 0.5212, 0.5461,  3.97478,  3.98690,     0.00,  24.85,   0.02, 
   20.291, 0.5212, 0.5461,  3.97525,  3.98690,     0.00,  24.85,   0.02, 
   20.320, 0.5212, 0.5461,  3.97573,  3.98690,     0.00,  24.85,   0.02, 
   20.352, 0.5212, 0.5461,  3.97622,  3.98690,     0.00,  24.85,   0.02, 
   20.388, 0.5212, 0.5461,  3.97672,  3.98690,     0.00,  24.85,   0.02, 
   20.427, 0.5212, 0.5461,  3.97723,  3.98690,     0.00,  24.85,   0.02, 
   20.470, 0.5212, 0.5461,  3.97773,  3.98690,     0.00,  24.85,   0.02, 
   20.517, 0.5212, 0.5461,  3.97825,  3.98690,     0.00,  24.85,   0.01, 
   20.570, 0.5212, 0.5461,  3.97876,  3.98690,     0.00,  24.85,   0.01, 
   20.627, 0.5212, 0.5461,  3.97927,  3.98690,     0.00,  24.85,   0.01, 
   20.690, 0.5212, 0.5461,  3.97978,  3.98690,     0.00,  24.85,   0.01, 
   20.759, 0.5212, 0.5461,  3.98027,  3.98690,     0.00,  24.85,   0.01, 
   20.835, 0.5212, 0.5461,  3.98076,  3.98690,     0.00,  24.85,   0.01, 
   20.919, 0.5212, 0.5461,  3.98124,  3.98690,     0.00,  24.85,   0.01, 
   21.012, 0.5212, 0.5461,  3.98169,  3.98690,     0.00,  24.85,   0.01, 
   21.113, 0.5212, 0.5461,  3.98213,  3.98690,     0.00,  24.85,   0.01, 
   21.225, 0.5212, 0.5461,  3.98255,  3.98690,     0.00,  24.85,   0.01, 
   21.348, 0.5212, 0.5461,  3.98295,  3.98690,     0.00,  24.85,   0.01, 
   21.483, 0.5212, 0.5461,  3.98333,  3.98690,     0.00,  24.85,   0.01, 
   21.631, 0.5212, 0.5461,  3.98368,  3.98690,     0.00,  24.85,   0.01, 
   21.795, 0.5212, 0.5461,  3.98401,  3.98690,     0.00,  24.85,   0.01, 
   21.974, 0.5212, 0.5461,  3.98432,  3.98690,     0.00,  24.85,   0.01, 
   22.172, 0.5212, 0.5461,  3.98460,  3.98690,     0.00,  24.85,   0.01, 
   22.390, 0.5212, 0.5461,  3.98486,  3.98690,     0.00,  24.85,   0.00, 
   22.629, 0.5212, 0.5461,  3.98510,  3.98690,     0.00,  24.85,   0.00, 
   22.892, 0.5212, 0.5461,  3.98532,  3.98690,     0.00,  24.85,   0.00, 
   23.182, 0.5212, 0.5461,  3.98552,  3.98690,     0.00,  24.85,   0.00, 
   23.501, 0.5212, 0.5461,  3.98570,  3.98690,     0.00,  24.85,   0.00, 
   23.851, 0.5212, 0.5461,  3.98587,  3.98690,     0.00,  24.85,   0.00, 
   24.236, 0.5212, 0.5461,  3.98602,  3.98690,     0.00,  24.85,   0.00, 
   24.660, 0.5212, 0.5461,  3.98615,  3.98690,     0.00,  24.85,   0.00, 
   25.127, 0.5212, 0.5461,  3.98627,  3.98690,     0.00,  24.85,   0.00, 
   25.640, 0.5212, 0.5461,  3.98638,  3.98690,     0.00,  24.85,   0.00, 
   26.153, 0.5212, 0.5461,  3.98646,  3.98690,     0.00,  24.85,   0.00, 
   26.666, 0.5212, 0.5461,  3.98653,  3.98690,     0.00,  24.85,   0.00, 
   27.179, 0.5212, 0.5461,  3.98658,  3.98690,     0.00,  24.85,   0.00, 
   27.692, 0.5212, 0.5461,  3.98663,  3.98690,     0.00,  24.85,   0.00, 
   28.205, 0.5212, 0.5461,  3.98667,  3.98690,     0.00,  24.85,   0.00, 
   28.718, 0.5212, 0.5461,  3.98670,  3.98690,     0.00,  24.85,   0.00, 
   29.231, 0.5212, 0.5461,  3.98673,  3.98690,     0.00,  24.85,   0.00, 
   29.744, 0.5212, 0.5461,  3.98675,  3.98690,     0.00,  24.85,   0.00, 
   30.257, 0.5212, 0.5461,  3.98677,  3.98690,     0.00,  24.85,   0.00, 
   30.770, 0.5212, 0.5461,  3.98678,  3.98690,     0.00,  24.85,   0.00, 
   31.283, 0.5212, 0.5461,  3.98680,  3.98690,     0.00,  24.85,   0.00, 
   31.796, 0.5212, 0.5461,  3.98681,  3.98690,     0.00,  24.85,   0.00, 
   32.309, 0.5212, 0.5461,  3.98682,  3.98690,     0.00,  24.85,   0.00, 
   32.822, 0.5212, 0.5461,  3.98683,  3.98690,     0.00,  24.85,   0.00, 
   33.335, 0.5212, 0.5461,  3.98684,  3.98690,     0.00,  24.85,   0.00, 
   33.848, 0.5212, 0.5461,  3.98684,  3.98690,     0.00,  24.85,   0.00, 
   34.361, 0.5212, 0.5461,  3.98685,  3.98690,     0.00,  24.85,   0.00, 
   34.874, 0.5212, 0.5461,  3.98685,  3.98690,     0.00,  24.85,   0.00, 
   35.387, 0.5212, 0.5461,  3.98686,  3.98690,     0.00,  24.85,   0.00, 
   35.900, 0.5212, 0.5461,  3.98686,  3.98690,     0.00,  24.85,   0.00, 
   36.413, 0.5212, 0.5461,  3.98687,  3.98690,     0.00,  24.85,   0.00, 
   36.926, 0.5212, 0.5461,  3.98687,  3.98690,     0.00,  24.85,   0.00, 
   37.439, 0.5212, 0.5461,  3.98687,  3.98690,     0.00,  24.85,   0.00, 
   37.952, 0.5212, 0.5461,  3.98688,  3.98690,     0.00,  24.85,   0.00, 
   38.465, 0.5212, 0.5461,  3.98688,  3.98690,     0.00,  24.85,   0.00, 
   38.978, 0.5212, 0.5461,  3.98688,  3.98690,     0.00,  24.85,   0.00, 
   39.491, 0.5212, 0.5461,  3.98688,  3.98690,     0.00,  24.85,   0.00, 
   40.004, 0.5212, 0.5461,  3.98688,  3.98690,     0.00,  24.85,   0.00, 
   40.517, 0.5212, 0.5461,  3.98688,  3.98690,     0.00,  24.85,   0.00, 
   41.030, 0.5212, 0.5461,  3.98689,  3.98690,     0.00,  24.85,   0.00, 
   41.543, 0.5212, 0.5461,  3.98689,  3.98690,     0.00,  24.85,   0.00, 
   42.056, 0.5212, 0.5461,  3.98689,  3.98690,     0.00,  24.85,   0.00, 
   42.569, 0.5212, 0.5461,  3.98689,  3.98690,     0.00,  24.85,   0.00, 
   43.082, 0.5212, 0.5461,  3.98689,  3.98690,     0.00,  24.85,   0.00, 
   43.595, 0.5212, 0.5461,  3.98689,  3.98690,     0.00,  24.85,   0.00, 
   44.108, 0.5212, 0.5461,  3.98689,  3.98690,     0.00,  24.85,   0.00, 
   44.621, 0.5212, 0.5461,  3.98689,  3.98690,     0.00,  24.85,   0.00, 
   45.134, 0.5212, 0.5461,  3.98689,  3.98690,     0.00,  24.85,   0.00, 
   45.647, 0.5212, 0.5461,  3.98689,  3.98690,     0.00,  24.85,   0.00, 
   46.160, 0.5212, 0.5461,  3.98689,  3.98690,     0.00,  24.85,   0.00, 
   46.673, 0.5212, 0.5461,  3.98689,  3.98690,     0.00,  24.85,   0.00, 
   47.186, 0.5212, 0.5461,  3.98689,  3.98690,     0.00,  24.85,   0.00, 
   47.699, 0.5212, 0.5461,  3.98689,  3.98690,     0.00,  24.85,   0.00, 
   48.212, 0.5212, 0.5461,  3.98689,  3.98690,     0.00,  24.85,   0.00, 
   48.725, 0.5212, 0.5461,  3.98689,  3.98690,     0.00,  24.85,   0.00, 
   49.238, 0.5212, 0.5461,  3.98689,  3.98690,     0.00,  24.85,   0.00, 
   49.751, 0.5212, 0.5461,  3.98689,  3.98690,     0.00,  24.85,   0.00, 
   50.264, 0.5212, 0.5461,  3.98689,  3.98690,     0.00,  24.85,   0.00, 
   50.777, 0.5212, 0.5461,  3.98690,  3.98690,     0.00,  24.85,   0.00, 
   51.290, 0.5212, 0.5461,  3.98690,  3.98690,     0.00,  24.85,   0.00, 
   51.803, 0.5212, 0.5461,  3.98690,  3.98690,     0.00,  24.85,   0.00, 
   52.316, 0.5212, 0.5461,  3.98690,  3.98690,     0.00,  24.85,   0.00, 
   52.829, 0.5212, 0.5461,  3.98690,  3.98690,     0.00,  24.85,   0.00, 
   53.342, 0.5212, 0.5461,  3.98690,  3.98690,     0.00,  24.85,   0.00, 
   53.855, 0.5212, 0.5461,  3.98690,  3.98690,     0.00,  24.85,   0.00, 
   54.368, 0.5212, 0.5461,  3.98690,  3.98690,     0.00,  24.85,   0.00, 
   54.881, 0.5212, 0.5461,  3.98690,  3.98690,     0.00,  24.85,   0.00, 
   55.394, 0.5212, 0.5461,  3.98690,  3.98690,     0.00,  24.85,   0.00, 
   55.907, 0.5212, 0.5461,  3.98690,  3.98690,     0.00,  24.85,   0.00, 
   56.420, 0.5212, 0.5461,  3.98690,  3.98690,     0.00,  24.85,   0.00, 
   56.933, 0.5212, 0.5461,  3.98690,  3.98690,     0.00,  24.85,   0.00, 
   57.446, 0.5212, 0.5461,  3.98690,  3.98690,     0.00,  24.85,   0.00, 
   57.959, 0.5212, 0.5461,  3.98690,  3.98690,     0.00,  24.85,   0.00, 
   58.472, 0.5212, 0.5461,  3.98690,  3.98690,     0.00,  24.85,   0.00, 
   58.984, 0.5212, 0.5461,  3.98690,  3.98690,     0.00,  24.85,   0.00, 
   59.497, 0.5212, 0.5461,  3.98690,  3.98690,     0.00,  24.85,   0.00, 
   60.010, 0.5212, 0.5461,  3.98690,  3.98690,     0.00,  24.85,   0.00, 
   60.523, 0.5212, 0.5461,  3.98690,  3.98690,     0.00,  24.85,   0.00, 
   61.036, 0.5212, 0.5461,  3.98690,  3.98690,     0.00,  24.85,   0.00, 
   61.549, 0.5212, 0.5461,  3.98690,  3.98690,     0.00,  24.85,   0.00, 
   62.062, 0.5212, 0.5461,  3.98690,  3.98690,     0.00,  24.85,   0.00, 
   62.575, 0.5212, 0.5461,  3.98690,  3.98690,     0.00,  24.85,   0.00, 
   63.088, 0.5212, 0.5461,  3.98690,  3.98690,     0.00,  24.85,   0.00, 
   63.601, 0.5212, 0.5461,  3.98690,  3.98690,     0.00,  24.85,   0.00, 
   64.114, 0.5212, 0.5461,  3.98690,  3.98690,     0.00,  24.85,   0.00, 
   64.627, 0.5212, 0.5461,  3.98690,  3.98690,     0.00,  24.85,   0.00, 
   65.140, 0.5212, 0.5461,  3.98690,  3.98690,     0.00,  24.85,   0.00, 
   65.653, 0.5212, 0.5461,  3.98690,  3.98690,     0.00,  24.85,   0.00, 
   66.166, 0.5212, 0.5461,  3.98690,  3.98690,     0.00,  24.85,   0.00, 
   66.679, 0.5212, 0.5461,  3.98690,  3.98690,     0.00,  24.85,   0.00, 
   67.192, 0.5212, 0.5461,  3.98690,  3.98690,     0.00,  24.85,   0.00, 
   67.705, 0.5212, 0.5461,  3.98690,  3.98690,     0.00,  24.85,   0.00, 
   68.218, 0.5212, 0.5461,  3.98690,  3.98690,     0.00,  24.85,   0.00, 
   68.731, 0.5212, 0.5461,  3.98690,  3.98690,     0.00,  24.85,   0.00, 
   69.244, 0.5212, 0.5461,  3.98690,  3.98690,     0.00,  24.85,   0.00, 
   69.757, 0.5212, 0.5461,  3.98690,  3.98690,     0.00,  24.85,   0.00, 
   70.270, 0.5212, 0.5461,  3.98690,  3.98690,     0.00,  24.85,   0.00, 
   70.783, 0.5212, 0.5461,  3.98690,  3.98690,     0.00,  24.85,   0.00, 
   71.296, 0.5212, 0.5461,  3.98690,  3.98690,     0.00,  24.85,   0.00, 
   71.809, 0.5212, 0.5461,  3.98690,  3.98690,     0.00,  24.85,   0.00, 
   72.322, 0.5212, 0.5461,  3.98690,  3.98690,     0.00,  24.85,   0.00, 
   72.835, 0.5212, 0.5461,  3.98690,  3.98690,     0.00,  24.85,   0.00, 
   73.348, 0.5212, 0.5461,  3.98690,  3.98690,     0.00,  24.85,   0.00, 
   73.861, 0.5212, 0.5461,  3.98690,  3.98690,     0.00,  24.85,   0.00, 
   74.374, 0.5212, 0.5461,  3.98690,  3.98690,     0.00,  24.85,   0.00, 
   74.887, 0.5212, 0.5461,  3.98690,  3.98690,     0.00,  24.85,   0.00, 
   75.400, 0.5212, 0.5461,  3.98690,  3.98690,     0.00,  24.85,   0.00, 
   75.913, 0.5212, 0.5461,  3.98690,  3.98690,     0.00,  24.85,   0.00, 
   76.426, 0.5212, 0.5461,  3.98690,  3.98690,     0.00,  24.85,   0.00, 
   76.939, 0.5212, 0.5461,  3.98690,  3.98690,     0.00,  24.85,   0.00, 
   77.452, 0.5212, 0.5461,  3.98690,  3.98690,     0.00,  24.85,   0.00, 
   77.965, 0.5212, 0.5461,  3.98690,  3.98690,     0.00,  24.85,   0.00, 
   78.478, 0.5212, 0.5461,  3.98690,  3.98690,     0.00,  24.85,   0.00, 
   78.991, 0.5212, 0.5461,  3.98690,  3.98690,     0.00,  24.85,   0.00, 
   79.504, 0.5212, 0.5461,  3.98690,  3.98690,     0.00,  24.85,   0.00, 
   80.017, 0.5212, 0.5461,  3.98690,  3.98690,     0.00,  24.85,   0.00, 
   80.530, 0.5212, 0.5461,  3.98690,  3.98690,     0.00,  24.85,   0.00, 
   81.043, 0.5212, 0.5461,  3.98690,  3.98690,     0.00,  24.85,   0.00, 
   81.556, 0.5212, 0.5461,  3.98690,  3.98690,     0.00,  24.85,   0.00, 
   82.069, 0.5212, 0.5461,  3.98690,  3.98690,     0.00,  24.85,   0.00, 
   82.582, 0.5212, 0.5461,  3.98690,  3.98690,     0.00,  24.85,   0.00, 
   83.095, 0.5212, 0.5461,  3.98690,  3.98690,     0.00,  24.85,   0.00, 
   83.608, 0.5212, 0.5461,  3.98690,  3.98690,     0.00,  24.85,   0.00, 
   84.121, 0.5212, 0.5461,  3.98690,  3.98690,     0.00,  24.85,   0.00, 
   84.634, 0.5212, 0.5461,  3.98690,  3.98690,     0.00,  24.85,   0.00, 
   85.147, 0.5212, 0.5461,  3.98690,  3.98690,     0.00,  24.85,   0.00, 
   85.660, 0.5212, 0.5461,  3.98690,  3.98690,     0.00,  24.85,   0.00, 
   86.173, 0.5212, 0.5461,  3.98690,  3.98690,     0.00,  24.85,   0.00, 
   86.686, 0.5212, 0.5461,  3.98690,  3.98690,     0.00,  24.85,   0.00, 
   87.199, 0.5212, 0.5461,  3.98690,  3.98690,     0.00,  24.85,   0.00, 
   87.712, 0.5212, 0.5461,  3.98690,  3.98690,     0.00,  24.85,   0.00, 
   88.225, 0.5212, 0.5461,  3.98690,  3.98690,     0.00,  24.85,   0.00, 
   88.738, 0.5212, 0.5461,  3.98690,  3.98690,     0.00,  24.85,   0.00, 
   89.251, 0.5212, 0.5461,  3.98690,  3.98690,     0.00,  24.85,   0.00, 
   89.764, 0.5212, 0.5461,  3.98690,  3.98690,     0.00,  24.85,   0.00, 
   90.277, 0.5212, 0.5461,  3.98690,  3.98690,     0.00,  24.85,   0.00, 
   90.790, 0.5212, 0.5461,  3.98690,  3.98690,     0.00,  24.85,   0.00, 
   91.303, 0.5212, 0.5461,  3.98690,  3.98690,     0.00,  24.85,   0.00, 
   91.816, 0.5212, 0.5461,  3.98690,  3.98690,     0.00,  24.85,   0.00, 
   92.329, 0.5212, 0.5461,  3.98690,  3.98690,     0.00,  24.85,   0.00, 
   92.842, 0.5212, 0.5461,  3.98690,  3.98690,     0.00,  24.85,   0.00, 
   93.355, 0.5212, 0.5461,  3.98690,  3.98690,     0.00,  24.85,   0.00, 
   93.868, 0.5212, 0.5461,  3.98690,  3.98690,     0.00,  24.85,   0.00, 
   94.381, 0.5212, 0.5461,  3.98690,  3.98690,     0.00,  24.85,   0.00, 
   94.894, 0.5212, 0.5461,  3.98690,  3.98690,     0.00,  24.85,   0.00, 
   95.407, 0.5212, 0.5461,  3.98690,  3.98690,     0.00,  24.85,   0.00, 
   95.920, 0.5212, 0.5461,  3.98690,  3.98690,     0.00,  24.85,   0.00, 
   96.433, 0.5212, 0.5461,  3.98690,  3.98690,     0.00,  24.85,   0.00, 
   96.946, 0.5212, 0.5461,  3.98690,  3.98690,     0.00,  24.85,   0.00, 
   97.459, 0.5212, 0.5461,  3.98690,  3.98690,     0.00,  24.85,   0.00, 
   97.972, 0.5212, 0.5461,  3.98690,  3.98690,     0.00,  24.85,   0.00, 
   98.485, 0.5212, 0.5461,  3.98690,  3.98690,     0.00,  24.85,   0.00, 
   98.998, 0.5212, 0.5461,  3.98690,  3.98690,     0.00,  24.85,   0.00, 
   99.511, 0.5212, 0.5461,  3.98690,  3.98690,     0.00,  24.85,   0.00, 
  100.024, 0.5212, 0.5461,  3.98690,  3.98690,     0.00,  24.85,   0.00, 
  100.537, 0.5212, 0.5461,  3.98690,  3.98690,     0.00,  24.85,   0.00, 
  101.050, 0.5212, 0.5461,  3.98690,  3.98690,     0.00,  24.85,   0.00, 
  101.563, 0.5212, 0.5461,  3.98690,  3.98690,     0.00,  24.85,   0.00, 
  102.076, 0.5212, 0.5461,  3.98690,  3.98690,     0.00,  24.85,   0.00, 
  102.589, 0.5212, 0.5461,  3.98690,  3.98690,     0.00,  24.85,   0.00, 
  103.102, 0.5212, 0.5461,  3.98690,  3.98690,     0.00,  24.85,   0.00, 
  103.615, 0.5212, 0.5461,  3.98690,  3.98690,     0.00,  24.85,   0.00, 
  104.128, 0.5212, 0.5461,  3.98690,  3.98690,     0.00,  24.85,   0.00, 
  104.641, 0.5212, 0.5461,  3.98690,  3.98690,     0.00,  24.85,   0.00, 
  105.154, 0.5212, 0.5461,  3.98690,  3.98690,     0.00,  24.85,   0.00, 
  105.667, 0.5212, 0.5461,  3.98690,  3.98690,     0.00,  24.85,   0.00, 
  106.180, 0.5212, 0.5461,  3.98690,  3.98690,     0.00,  24.85,   0.00, 
  106.693, 0.5212, 0.5461,  3.98690,  3.98690,     0.00,  24.85,   0.00, 
  107.206, 0.5212, 0.5461,  3.98690,  3.98690,     0.00,  24.85,   0.00, 
  107.719, 0.5212, 0.5461,  3.98690,  3.98690,     0.00,  24.85,   0.00, 
  108.232, 0.5212, 0.5461,  3.98690,  3.98690,     0.00,  24.85,   0.00, 
  108.745, 0.5212, 0.5461,  3.98690,  3.98690,     0.00,  24.85,   0.00, 
  109.258, 0.5212, 0.5461,  3.98690,  3.98690,     0.00,  24.85,   0.00, 
  109.771, 0.5212, 0.5461,  3.98690,  3.98690,     0.00,  24.85,   0.00, 
  110.284, 0.5212, 0.5461,  3.98690,  3.98690,     0.00,  24.85,   0.00, 
  110.797, 0.5212, 0.5461,  3.98690,  3.98690,     0.00,  24.85,   0.00, 
  111.310, 0.5212, 0.5461,  3.98690,  3.98690,     0.00,  24.85,   0.00, 
  111.823, 0.5212, 0.5461,  3.98690,  3.98690,     0.00,  24.85,   0.00, 
  112.336, 0.5212, 0.5461,  3.98690,  3.98690,     0.00,  24.85,   0.00, 
  112.849, 0.5212, 0.5461,  3.98690,  3.98690,     0.00,  24.85,   0.00, 
  113.362, 0.5212, 0.5461,  3.98690,  3.98690,     0.00,  24.85,   0.00, 
  113.875, 0.5212, 0.5461,  3.98690,  3.98690,     0.00,  24.85,   0.00, 
  114.388, 0.5212, 0.5461,  3.98690,  3.98690,     0.00,  24.85,   0.00, 
  114.901, 0.5212, 0.5461,  3.98690,  3.98690,     0.00,  24.85,   0.00, 
  115.414, 0.5212, 0.5461,  3.98690,  3.98690,     0.00,  24.85,   0.00, 
  115.927, 0.5212, 0.5461,  3.98690,  3.98690,     0.00,  24.85,   0.00, 
  116.440, 0.5212, 0.5461,  3.98690,  3.98690,     0.00,  24.85,   0.00, 
  116.953, 0.5212, 0.5461,  3.98690,  3.98690,     0.00,  24.85,   0.00, 
  117.466, 0.5212, 0.5461,  3.98690,  3.98690,     0.00,  24.85,   0.00, 
  117.979, 0.5212, 0.5461,  3.98690,  3.98690,     0.00,  24.85,   0.00, 
  118.492, 0.5212, 0.5461,  3.98690,  3.98690,     0.00,  24.85,   0.00, 
  119.005, 0.5212, 0.5461,  3.98690,  3.98690,     0.00,  24.85,   0.00, 
  119.518, 0.5212, 0.5461,  3.98690,  3.98690,     0.00,  24.85,   0.00, 
  120.000, 0.5212, 0.5461,  3.98690,  3.98690,     0.00,  24.85,   0.00, 

            mass  =  0.8166 kg/m2
 specific energy segment =     0.00 W-h/kg
 specific power segment  =     0.00 W/kg
 total heat =          0.1241 W-h/m2
  
