     50  lim, limit on number of iterations
 100.00  h1,  thickness of negative electrode (microns)
  25.00  h2,  thickness of separator (microns)
 100.00  h3,  thickness of positive electrode (microns)
  25.00  hcn, thickness of negative electrode current collector (microns)
  25.00  hcp, thickness of positive electrode current collector (microns)
     80  n1,  number of nodes in negative electrode
     40  n2,  number of nodes in separator
     80  n3,  number of nodes in positive electrode
 298.00  T,   temperature (K)

 1000.0  xx(1,n1+2), initial concentration (mol/m3)
 0.6000  csx,   initial stoichiometric parameter for negative
 0.5000  csy,   initial stoichiometric parameter for positive
   30.0  tmmax, maximum time step size (s)
 .4E-13  dfs1, diffusion coefficient in negative solid (m2/s)
 .1E-12  dfs3, diffusion coefficient in positive solid (m2/s)
  10.00  Rad1,  radius of negative particles (microns)
  10.00  Rad3,  radius of positive particles (microns)

  0.300  ep1,   volume fraction of electrolyte in negative electrode
  0.000  epp1,  volume fraction of polymer phase in negative electrode
  0.100  epf1,  volume fraction of inert filler in negative electrode
  1.000  ep2,   volume fraction of electrolyte in separator
  0.000  epp2,  volume fraction of polymer phase in separator
  0.300  ep3,   volume fraction of electrolyte in positive electrode
  0.000  epp3,  volume fraction of polymer phase in positive electrode
  0.200  epf3,  volume fraction of inert filler in positive electrode
 0.10E+03  sig1,  conductivity of negative matrix (S/m)
  10.      sig3,  conductivity of positive matrix (S/m)
  372.00  cot1,  coulombic capacity of negative material (mAh/g)
  274.00  cot3,  coulombic capacity of positive material (mAh/g)
 .1E-04  rka1,  reaction rate constant for negative reaction 
 .3E-10  rka3,  reaction rate constant for positive reaction

 1324.0  re,   density of electrolyte (kg/m3)
 1800.0  rs1,  density of negative insertion material (kg/m3)
 5010.0  rs3,  density of positive insertion material (kg/m3)
 1800.0  rf,   density of inert filler (kg/m3)
 1780.0  rpl,  density of polymer phase (kg/m3)
    0.0  rc,   density of separator material (kg/m3)
 8954.0  rcn,  density of negative current collector (kg/m3)
 2707.0  rcp,  density of positive current collector (kg/m3)

   0.001000  ranode,   anode film resistance (ohm-m2)
   0.000000  rcathde,  cathode film resistance (ohm-m2)
   0.00  htc,   heat-transfer coefficient with external medium (W/m2K)
   0.000000  dUdT,  temperature coefficient of EMF (V/K)
 2000.0  Cp,    heat capacity of cell (J/kg-K)
   0.00  residm,    residual mass (kg/m2)
 298.00  Tam,   ambient temperature (K)
      1  ncell, number of cells in a cell stack
      2  lht,   0 uses htc,  1 calcs htc,  2 isothermal

      0    nside, side reaction flag 

      1  il1,   1 for long print-out  0 for short print-out
     10  il2,   prints every il2 th node in long print-out
     10  il3,   prints every il3 th time step in long print-out
      1  lflag, 0 for electrolyte in separator only, 1 for uniform
      0  imp, 0 for no impedance, 1 for impedance
   0.00  capp1,  capacitance of negative material (F/m2)
   0.00  capp3,  capacitance of positive material (F/m2)
      2  lcurs, number of current changes
  
 MCMB 2528 Graphite (Bellcore)
 LiPF6 in EC:DMC
 LiCoO2 (Cobalt dioxide)
 open-circuit potential, negative   0.178978294
 delta S negative   0.
 open-circuit potential, positive   4.24165195
 delta S positive   0.
  
      DUAL INSERTION CELL VERSION 5.1
  
   Time     Util N  Util P  Cell Pot   Uocp      Curr      Temp   heatgen
   (min)       x       y      (V)       (V)      (A/m2)    (C)    (W/m2)
  
    0.000, 0.6000, 0.5000,  4.06267,  4.06267,     0.00,  24.85,   0.00, 
    0.001, 0.6000, 0.5000,  4.06267,  4.06267,     0.00,  24.85,   0.00, 
    0.001, 0.6000, 0.5000,  4.06267,  4.06267,     0.00,  24.85,   0.00, 
    0.001, 0.6000, 0.5000,  4.06267,  4.06267,     0.00,  24.85,   0.00, 
    0.002, 0.6000, 0.5000,  4.06267,  4.06267,     0.00,  24.85,   0.00, 
    0.002, 0.6000, 0.5000,  4.06267,  4.06267,     0.00,  24.85,   0.00, 
    0.003, 0.6000, 0.5000,  4.06267,  4.06267,     0.00,  24.85,   0.00, 
    0.003, 0.6000, 0.5000,  4.06267,  4.06267,     0.00,  24.85,   0.00, 
    0.004, 0.6000, 0.5000,  4.06267,  4.06267,     0.00,  24.85,   0.00, 
    0.005, 0.6000, 0.5000,  4.06267,  4.06267,     0.00,  24.85,   0.00, 
    0.006, 0.6000, 0.5000,  4.06267,  4.06267,     0.00,  24.85,   0.00, 
    0.007, 0.6000, 0.5000,  4.06267,  4.06267,     0.00,  24.85,   0.00, 
    0.007, 0.6000, 0.5000,  4.06267,  4.06267,     0.00,  24.85,   0.00, 
    0.009, 0.6000, 0.5000,  4.06267,  4.06267,     0.00,  24.85,   0.00, 
    0.010, 0.6000, 0.5000,  4.06267,  4.06267,     0.00,  24.85,   0.00, 
    0.011, 0.6000, 0.5000,  4.06267,  4.06267,     0.00,  24.85,   0.00, 
    0.012, 0.6000, 0.5000,  4.06267,  4.06267,     0.00,  24.85,   0.00, 
    0.014, 0.6000, 0.5000,  4.06267,  4.06267,     0.00,  24.85,   0.00, 
    0.016, 0.6000, 0.5000,  4.06267,  4.06267,     0.00,  24.85,   0.00, 
    0.017, 0.6000, 0.5000,  4.06267,  4.06267,     0.00,  24.85,   0.00, 
    0.019, 0.6000, 0.5000,  4.06267,  4.06267,     0.00,  24.85,   0.00, 
    0.022, 0.6000, 0.5000,  4.06267,  4.06267,     0.00,  24.85,   0.00, 
    0.024, 0.6000, 0.5000,  4.06267,  4.06267,     0.00,  24.85,   0.00, 
    0.027, 0.6000, 0.5000,  4.06267,  4.06267,     0.00,  24.85,   0.00, 
    0.030, 0.6000, 0.5000,  4.06267,  4.06267,     0.00,  24.85,   0.00, 
    0.033, 0.6000, 0.5000,  4.06267,  4.06267,     0.00,  24.85,   0.00, 
    0.037, 0.6000, 0.5000,  4.06267,  4.06267,     0.00,  24.85,   0.00, 
    0.041, 0.6000, 0.5000,  4.06267,  4.06267,     0.00,  24.85,   0.00, 
    0.045, 0.6000, 0.5000,  4.06267,  4.06267,     0.00,  24.85,   0.00, 
    0.050, 0.6000, 0.5000,  4.06267,  4.06267,     0.00,  24.85,   0.00, 
    0.055, 0.6000, 0.5000,  4.06267,  4.06267,     0.00,  24.85,   0.00, 
    0.061, 0.6000, 0.5000,  4.06267,  4.06267,     0.00,  24.85,   0.00, 
    0.067, 0.6000, 0.5000,  4.06267,  4.06267,     0.00,  24.85,   0.00, 
    0.074, 0.6000, 0.5000,  4.06267,  4.06267,     0.00,  24.85,   0.00, 
    0.082, 0.6000, 0.5000,  4.06267,  4.06267,     0.00,  24.85,   0.00, 
    0.091, 0.6000, 0.5000,  4.06267,  4.06267,     0.00,  24.85,   0.00, 
    0.100, 0.6000, 0.5000,  4.06267,  4.06267,     0.00,  24.85,   0.00, 
    0.110, 0.6000, 0.5000,  4.06267,  4.06267,     0.00,  24.85,   0.00, 
    0.122, 0.6000, 0.5000,  4.06267,  4.06267,     0.00,  24.85,   0.00, 
    0.134, 0.6000, 0.5000,  4.06267,  4.06267,     0.00,  24.85,   0.00, 
    0.148, 0.6000, 0.5000,  4.06267,  4.06267,     0.00,  24.85,   0.00, 
    0.163, 0.6000, 0.5000,  4.06267,  4.06267,     0.00,  24.85,   0.00, 
    0.180, 0.6000, 0.5000,  4.06267,  4.06267,     0.00,  24.85,   0.00, 
    0.198, 0.6000, 0.5000,  4.06267,  4.06267,     0.00,  24.85,   0.00, 
    0.218, 0.6000, 0.5000,  4.06267,  4.06267,     0.00,  24.85,   0.00, 
    0.240, 0.6000, 0.5000,  4.06267,  4.06267,     0.00,  24.85,   0.00, 
    0.264, 0.6000, 0.5000,  4.06267,  4.06267,     0.00,  24.85,   0.00, 
    0.291, 0.6000, 0.5000,  4.06267,  4.06267,     0.00,  24.85,   0.00, 
    0.320, 0.6000, 0.5000,  4.06267,  4.06267,     0.00,  24.85,   0.00, 
    0.353, 0.6000, 0.5000,  4.06267,  4.06267,     0.00,  24.85,   0.00, 
    0.388, 0.6000, 0.5000,  4.06267,  4.06267,     0.00,  24.85,   0.00, 
    0.427, 0.6000, 0.5000,  4.06267,  4.06267,     0.00,  24.85,   0.00, 
    0.470, 0.6000, 0.5000,  4.06267,  4.06267,     0.00,  24.85,   0.00, 
    0.518, 0.6000, 0.5000,  4.06267,  4.06267,     0.00,  24.85,   0.00, 
    0.570, 0.6000, 0.5000,  4.06267,  4.06267,     0.00,  24.85,   0.00, 
    0.627, 0.6000, 0.5000,  4.06267,  4.06267,     0.00,  24.85,   0.00, 
    0.690, 0.6000, 0.5000,  4.06267,  4.06267,     0.00,  24.85,   0.00, 
    0.760, 0.6000, 0.5000,  4.06267,  4.06267,     0.00,  24.85,   0.00, 
    0.836, 0.6000, 0.5000,  4.06267,  4.06267,     0.00,  24.85,   0.00, 
    0.920, 0.6000, 0.5000,  4.06267,  4.06267,     0.00,  24.85,   0.00, 
    1.000, 0.6000, 0.5000,  4.06267,  4.06267,     0.00,  24.85,   0.00, 
    1.000, 0.6000, 0.5000,  4.05823,  4.06267,     4.00,  24.85,   0.02, 
 specific energy segment =     0.00 W-h/kg
 specific power segment  =     0.00 W/kg
 total heat =          0.0000 W-h/m2
  
    1.000, 0.6000, 0.5000,  4.05823,  4.06267,     4.00,  24.85,   0.02, 
    1.000, 0.6000, 0.5000,  4.05821,  4.06267,     4.00,  24.85,   0.02, 
    1.001, 0.6000, 0.5000,  4.05819,  4.06267,     4.00,  24.85,   0.02, 
    1.001, 0.6000, 0.5000,  4.05818,  4.06267,     4.00,  24.85,   0.02, 
    1.002, 0.6000, 0.5000,  4.05817,  4.06267,     4.00,  24.85,   0.02, 
    1.002, 0.6000, 0.5000,  4.05816,  4.06267,     4.00,  24.85,   0.02, 
    1.003, 0.6000, 0.5000,  4.05815,  4.06267,     4.00,  24.85,   0.02, 
    1.003, 0.6000, 0.5000,  4.05814,  4.06267,     4.00,  24.85,   0.02, 
    1.004, 0.6000, 0.5000,  4.05813,  4.06267,     4.00,  24.85,   0.02, 
    1.005, 0.6000, 0.5000,  4.05812,  4.06267,     4.00,  24.85,   0.02, 
    1.005, 0.6000, 0.5000,  4.05811,  4.06267,     4.00,  24.85,   0.02, 
    1.006, 0.6000, 0.5000,  4.05809,  4.06267,     4.00,  24.85,   0.02, 
    1.007, 0.6000, 0.5000,  4.05808,  4.06267,     4.00,  24.85,   0.02, 
    1.008, 0.6000, 0.5000,  4.05807,  4.06267,     4.00,  24.85,   0.02, 
    1.009, 0.6000, 0.5000,  4.05806,  4.06266,     4.00,  24.85,   0.02, 
    1.011, 0.6000, 0.5000,  4.05804,  4.06266,     4.00,  24.85,   0.02, 
    1.012, 0.6000, 0.5000,  4.05803,  4.06266,     4.00,  24.85,   0.02, 
    1.014, 0.6000, 0.5000,  4.05801,  4.06266,     4.00,  24.85,   0.02, 
    1.015, 0.6000, 0.5000,  4.05800,  4.06266,     4.00,  24.85,   0.02, 
    1.017, 0.6000, 0.5000,  4.05798,  4.06266,     4.00,  24.85,   0.02, 
    1.019, 0.6000, 0.5000,  4.05796,  4.06266,     4.00,  24.85,   0.02, 
    1.021, 0.6000, 0.5000,  4.05795,  4.06265,     4.00,  24.85,   0.02, 
    1.024, 0.6000, 0.5000,  4.05793,  4.06265,     4.00,  24.85,   0.02, 
    1.027, 0.6000, 0.5000,  4.05791,  4.06265,     4.00,  24.85,   0.02, 
    1.029, 0.6000, 0.5000,  4.05788,  4.06265,     4.00,  24.85,   0.02, 
    1.033, 0.5999, 0.5000,  4.05786,  4.06264,     4.00,  24.85,   0.02, 
    1.036, 0.5999, 0.5000,  4.05784,  4.06264,     4.00,  24.85,   0.02, 
    1.040, 0.5999, 0.5000,  4.05781,  4.06264,     4.00,  24.85,   0.02, 
    1.045, 0.5999, 0.5000,  4.05779,  4.06263,     4.00,  24.85,   0.02, 
    1.050, 0.5999, 0.5000,  4.05776,  4.06263,     4.00,  24.85,   0.02, 
    1.055, 0.5999, 0.5001,  4.05773,  4.06262,     4.00,  24.85,   0.02, 
    1.061, 0.5999, 0.5001,  4.05770,  4.06262,     4.00,  24.85,   0.02, 
    1.067, 0.5999, 0.5001,  4.05767,  4.06261,     4.00,  24.85,   0.02, 
    1.074, 0.5999, 0.5001,  4.05763,  4.06260,     4.00,  24.85,   0.02, 
    1.082, 0.5999, 0.5001,  4.05759,  4.06260,     4.00,  24.85,   0.02, 
    1.090, 0.5999, 0.5001,  4.05756,  4.06259,     4.00,  24.85,   0.02, 
    1.100, 0.5998, 0.5001,  4.05751,  4.06258,     4.00,  24.85,   0.02, 
    1.110, 0.5998, 0.5001,  4.05747,  4.06257,     4.00,  24.85,   0.02, 
    1.121, 0.5998, 0.5001,  4.05742,  4.06256,     4.00,  24.85,   0.02, 
    1.134, 0.5998, 0.5001,  4.05738,  4.06255,     4.00,  24.85,   0.02, 
    1.148, 0.5998, 0.5001,  4.05733,  4.06254,     4.00,  24.85,   0.02, 
    1.163, 0.5997, 0.5002,  4.05727,  4.06252,     4.00,  24.85,   0.02, 
    1.179, 0.5997, 0.5002,  4.05721,  4.06251,     4.00,  24.85,   0.02, 
    1.197, 0.5997, 0.5002,  4.05715,  4.06249,     4.00,  24.85,   0.02, 
    1.218, 0.5996, 0.5002,  4.05709,  4.06247,     4.00,  24.85,   0.02, 
    1.240, 0.5996, 0.5002,  4.05702,  4.06245,     4.00,  24.85,   0.02, 
    1.264, 0.5996, 0.5003,  4.05695,  4.06243,     4.00,  24.85,   0.02, 
    1.291, 0.5995, 0.5003,  4.05688,  4.06240,     4.00,  24.85,   0.02, 
    1.320, 0.5995, 0.5003,  4.05680,  4.06238,     4.00,  24.85,   0.02, 
    1.352, 0.5994, 0.5003,  4.05672,  4.06235,     4.00,  24.85,   0.02, 
    1.388, 0.5994, 0.5004,  4.05664,  4.06231,     4.00,  24.85,   0.02, 
    1.427, 0.5993, 0.5004,  4.05655,  4.06228,     4.00,  24.85,   0.02, 
    1.470, 0.5992, 0.5005,  4.05646,  4.06224,     4.00,  24.85,   0.02, 
    1.517, 0.5991, 0.5005,  4.05636,  4.06219,     4.00,  24.85,   0.02, 
    1.570, 0.5991, 0.5006,  4.05626,  4.06215,     4.00,  24.85,   0.02, 
    1.627, 0.5990, 0.5006,  4.05616,  4.06209,     4.00,  24.85,   0.02, 
    1.690, 0.5989, 0.5007,  4.05605,  4.06204,     4.00,  24.85,   0.02, 
    1.759, 0.5987, 0.5007,  4.05594,  4.06197,     4.00,  24.85,   0.02, 
    1.835, 0.5986, 0.5008,  4.05582,  4.06190,     4.00,  24.85,   0.02, 
    1.919, 0.5985, 0.5009,  4.05570,  4.06182,     4.00,  24.85,   0.02, 
    2.012, 0.5983, 0.5010,  4.05557,  4.06174,     4.00,  24.85,   0.02, 
    2.113, 0.5982, 0.5011,  4.05544,  4.06165,     4.00,  24.85,   0.02, 
    2.225, 0.5980, 0.5012,  4.05530,  4.06155,     4.00,  24.85,   0.02, 
    2.348, 0.5978, 0.5013,  4.05516,  4.06143,     4.00,  24.85,   0.02, 
    2.483, 0.5975, 0.5014,  4.05500,  4.06131,     4.00,  24.85,   0.03, 
    2.631, 0.5973, 0.5016,  4.05484,  4.06118,     4.00,  24.85,   0.03, 
    2.795, 0.5970, 0.5017,  4.05466,  4.06103,     4.00,  24.85,   0.03, 
    2.974, 0.5967, 0.5019,  4.05448,  4.06087,     4.00,  24.85,   0.03, 
    3.172, 0.5964, 0.5021,  4.05428,  4.06069,     4.00,  24.85,   0.03, 
    3.390, 0.5960, 0.5023,  4.05406,  4.06050,     4.00,  24.85,   0.03, 
    3.629, 0.5956, 0.5026,  4.05383,  4.06029,     4.00,  24.85,   0.03, 
    3.892, 0.5952, 0.5028,  4.05358,  4.06005,     4.00,  24.85,   0.03, 
    4.182, 0.5947, 0.5031,  4.05331,  4.05980,     4.00,  24.85,   0.03, 
    4.501, 0.5942, 0.5034,  4.05301,  4.05952,     4.00,  24.85,   0.03, 
    4.851, 0.5936, 0.5037,  4.05269,  4.05922,     4.00,  24.85,   0.03, 
    5.236, 0.5930, 0.5041,  4.05234,  4.05888,     4.00,  24.85,   0.03, 
    5.660, 0.5923, 0.5045,  4.05196,  4.05852,     4.00,  24.85,   0.03, 
    6.127, 0.5915, 0.5050,  4.05154,  4.05813,     4.00,  24.85,   0.03, 
    6.640, 0.5906, 0.5055,  4.05109,  4.05769,     4.00,  24.85,   0.03, 
    7.153, 0.5898, 0.5060,  4.05064,  4.05727,     4.00,  24.85,   0.03, 
    7.666, 0.5889, 0.5065,  4.05020,  4.05684,     4.00,  24.85,   0.03, 
    8.179, 0.5881, 0.5070,  4.04975,  4.05642,     4.00,  24.85,   0.03, 
    8.692, 0.5872, 0.5075,  4.04931,  4.05600,     4.00,  24.85,   0.03, 
    9.205, 0.5864, 0.5080,  4.04887,  4.05559,     4.00,  24.85,   0.03, 
    9.718, 0.5855, 0.5085,  4.04843,  4.05517,     4.00,  24.85,   0.03, 
   10.231, 0.5847, 0.5090,  4.04799,  4.05476,     4.00,  24.85,   0.03, 
   10.744, 0.5838, 0.5095,  4.04754,  4.05434,     4.00,  24.85,   0.03, 
   11.257, 0.5830, 0.5100,  4.04709,  4.05393,     4.00,  24.85,   0.03, 
   11.770, 0.5821, 0.5105,  4.04664,  4.05351,     4.00,  24.85,   0.03, 
   12.283, 0.5813, 0.5110,  4.04618,  4.05309,     4.00,  24.85,   0.03, 
   12.796, 0.5804, 0.5115,  4.04571,  4.05267,     4.00,  24.85,   0.03, 
   13.309, 0.5796, 0.5120,  4.04523,  4.05224,     4.00,  24.85,   0.03, 
   13.822, 0.5787, 0.5125,  4.04473,  4.05180,     4.00,  24.85,   0.03, 
   14.335, 0.5779, 0.5130,  4.04422,  4.05134,     4.00,  24.85,   0.03, 
   14.848, 0.5770, 0.5135,  4.04368,  4.05088,     4.00,  24.85,   0.03, 
   15.361, 0.5762, 0.5139,  4.04312,  4.05039,     4.00,  24.85,   0.03, 
   15.874, 0.5753, 0.5144,  4.04253,  4.04989,     4.00,  24.85,   0.03, 
   16.387, 0.5745, 0.5149,  4.04189,  4.04936,     4.00,  24.85,   0.03, 
   16.900, 0.5736, 0.5154,  4.04122,  4.04879,     4.00,  24.85,   0.03, 
   17.413, 0.5728, 0.5159,  4.04050,  4.04819,     4.00,  24.85,   0.03, 
   17.926, 0.5719, 0.5164,  4.03972,  4.04755,     4.00,  24.85,   0.03, 
   18.439, 0.5711, 0.5169,  4.03888,  4.04686,     4.00,  24.85,   0.03, 
   18.952, 0.5702, 0.5174,  4.03796,  4.04611,     4.00,  24.85,   0.03, 
   19.465, 0.5694, 0.5179,  4.03696,  4.04530,     4.00,  24.85,   0.03, 
   19.978, 0.5685, 0.5184,  4.03588,  4.04441,     4.00,  24.85,   0.03, 
   20.491, 0.5677, 0.5189,  4.03469,  4.04345,     4.00,  24.85,   0.03, 
   21.004, 0.5668, 0.5194,  4.03341,  4.04239,     4.00,  24.85,   0.04, 
   21.517, 0.5660, 0.5199,  4.03201,  4.04123,     4.00,  24.85,   0.04, 
   22.030, 0.5651, 0.5204,  4.03051,  4.03997,     4.00,  24.85,   0.04, 
   22.543, 0.5643, 0.5209,  4.02890,  4.03861,     4.00,  24.85,   0.04, 
   23.056, 0.5634, 0.5214,  4.02718,  4.03713,     4.00,  24.85,   0.04, 
   23.569, 0.5626, 0.5219,  4.02537,  4.03554,     4.00,  24.85,   0.04, 
   24.082, 0.5617, 0.5224,  4.02348,  4.03385,     4.00,  24.85,   0.04, 
   24.595, 0.5608, 0.5229,  4.02152,  4.03206,     4.00,  24.85,   0.04, 
   25.108, 0.5600, 0.5234,  4.01951,  4.03018,     4.00,  24.85,   0.04, 
   25.621, 0.5591, 0.5239,  4.01748,  4.02824,     4.00,  24.85,   0.04, 
   26.134, 0.5583, 0.5244,  4.01546,  4.02625,     4.00,  24.85,   0.04, 
   26.647, 0.5574, 0.5249,  4.01346,  4.02423,     4.00,  24.85,   0.04, 
   27.160, 0.5566, 0.5254,  4.01151,  4.02221,     4.00,  24.85,   0.04, 
   27.673, 0.5557, 0.5259,  4.00963,  4.02021,     4.00,  24.85,   0.04, 
   28.186, 0.5549, 0.5264,  4.00783,  4.01825,     4.00,  24.85,   0.04, 
   28.699, 0.5540, 0.5269,  4.00613,  4.01636,     4.00,  24.85,   0.04, 
   29.212, 0.5532, 0.5274,  4.00454,  4.01456,     4.00,  24.85,   0.04, 
   29.725, 0.5523, 0.5279,  4.00307,  4.01285,     4.00,  24.85,   0.04, 
   30.238, 0.5515, 0.5284,  4.00170,  4.01125,     4.00,  24.85,   0.04, 
   30.751, 0.5506, 0.5289,  4.00045,  4.00976,     4.00,  24.85,   0.04, 
   31.264, 0.5498, 0.5294,  3.99930,  4.00838,     4.00,  24.85,   0.04, 
   31.777, 0.5489, 0.5299,  3.99826,  4.00711,     4.00,  24.85,   0.04, 
   32.290, 0.5481, 0.5304,  3.99731,  4.00596,     4.00,  24.85,   0.03, 
   32.803, 0.5472, 0.5309,  3.99644,  4.00490,     4.00,  24.85,   0.03, 
   33.316, 0.5464, 0.5314,  3.99564,  4.00394,     4.00,  24.85,   0.03, 
   33.829, 0.5455, 0.5319,  3.99491,  4.00306,     4.00,  24.85,   0.03, 
   34.342, 0.5447, 0.5324,  3.99424,  4.00226,     4.00,  24.85,   0.03, 
   34.855, 0.5438, 0.5329,  3.99361,  4.00153,     4.00,  24.85,   0.03, 
   35.368, 0.5430, 0.5334,  3.99303,  4.00085,     4.00,  24.85,   0.03, 
   35.881, 0.5421, 0.5339,  3.99248,  4.00023,     4.00,  24.85,   0.03, 
   36.394, 0.5413, 0.5344,  3.99195,  3.99965,     4.00,  24.85,   0.03, 
   36.907, 0.5404, 0.5349,  3.99145,  3.99910,     4.00,  24.85,   0.03, 
   37.420, 0.5396, 0.5354,  3.99096,  3.99859,     4.00,  24.85,   0.03, 
   37.933, 0.5387, 0.5359,  3.99048,  3.99809,     4.00,  24.85,   0.03, 
   38.446, 0.5379, 0.5364,  3.99001,  3.99762,     4.00,  24.85,   0.03, 
   38.959, 0.5370, 0.5369,  3.98954,  3.99716,     4.00,  24.85,   0.03, 
   39.472, 0.5362, 0.5374,  3.98907,  3.99670,     4.00,  24.85,   0.03, 
   39.984, 0.5353, 0.5379,  3.98860,  3.99625,     4.00,  24.85,   0.03, 
   40.497, 0.5345, 0.5384,  3.98812,  3.99580,     4.00,  24.85,   0.03, 
   41.010, 0.5336, 0.5389,  3.98763,  3.99535,     4.00,  24.85,   0.03, 
   41.523, 0.5328, 0.5394,  3.98712,  3.99489,     4.00,  24.85,   0.03, 
   42.036, 0.5319, 0.5399,  3.98660,  3.99442,     4.00,  24.85,   0.03, 
   42.549, 0.5311, 0.5404,  3.98607,  3.99394,     4.00,  24.85,   0.03, 
   43.062, 0.5302, 0.5409,  3.98551,  3.99345,     4.00,  24.85,   0.03, 
   43.575, 0.5294, 0.5414,  3.98494,  3.99294,     4.00,  24.85,   0.03, 
   44.088, 0.5285, 0.5419,  3.98434,  3.99242,     4.00,  24.85,   0.03, 
   44.601, 0.5276, 0.5423,  3.98372,  3.99187,     4.00,  24.85,   0.03, 
   45.114, 0.5268, 0.5428,  3.98308,  3.99130,     4.00,  24.85,   0.03, 
   45.627, 0.5259, 0.5433,  3.98241,  3.99071,     4.00,  24.85,   0.03, 
   46.140, 0.5251, 0.5438,  3.98171,  3.99010,     4.00,  24.85,   0.03, 
   46.653, 0.5242, 0.5443,  3.98098,  3.98945,     4.00,  24.85,   0.03, 
   47.166, 0.5234, 0.5448,  3.98022,  3.98878,     4.00,  24.85,   0.03, 
   47.679, 0.5225, 0.5453,  3.97942,  3.98808,     4.00,  24.85,   0.03, 
   48.192, 0.5217, 0.5458,  3.97860,  3.98735,     4.00,  24.85,   0.04, 
   48.705, 0.5208, 0.5463,  3.97773,  3.98659,     4.00,  24.85,   0.04, 
   49.218, 0.5200, 0.5468,  3.97684,  3.98579,     4.00,  24.85,   0.04, 
   49.731, 0.5191, 0.5473,  3.97590,  3.98495,     4.00,  24.85,   0.04, 
   50.244, 0.5183, 0.5478,  3.97493,  3.98408,     4.00,  24.85,   0.04, 
   50.757, 0.5174, 0.5483,  3.97392,  3.98318,     4.00,  24.85,   0.04, 
   51.270, 0.5166, 0.5488,  3.97287,  3.98223,     4.00,  24.85,   0.04, 
   51.783, 0.5157, 0.5493,  3.97177,  3.98124,     4.00,  24.85,   0.04, 
   52.296, 0.5149, 0.5498,  3.97064,  3.98021,     4.00,  24.85,   0.04, 
   52.809, 0.5140, 0.5503,  3.96946,  3.97914,     4.00,  24.85,   0.04, 
   53.322, 0.5132, 0.5508,  3.96824,  3.97803,     4.00,  24.85,   0.04, 
   53.835, 0.5123, 0.5513,  3.96698,  3.97688,     4.00,  24.85,   0.04, 
   54.348, 0.5115, 0.5518,  3.96568,  3.97568,     4.00,  24.85,   0.04, 
   54.861, 0.5106, 0.5523,  3.96433,  3.97443,     4.00,  24.85,   0.04, 
   55.374, 0.5098, 0.5528,  3.96293,  3.97315,     4.00,  24.85,   0.04, 
   55.887, 0.5089, 0.5533,  3.96149,  3.97181,     4.00,  24.85,   0.04, 
   56.400, 0.5081, 0.5538,  3.96001,  3.97044,     4.00,  24.85,   0.04, 
   56.913, 0.5072, 0.5543,  3.95849,  3.96901,     4.00,  24.85,   0.04, 
   57.426, 0.5064, 0.5548,  3.95692,  3.96754,     4.00,  24.85,   0.04, 
   57.939, 0.5055, 0.5553,  3.95531,  3.96603,     4.00,  24.85,   0.04, 
   58.452, 0.5047, 0.5558,  3.95366,  3.96448,     4.00,  24.85,   0.04, 
   58.965, 0.5038, 0.5563,  3.95197,  3.96288,     4.00,  24.85,   0.04, 
   59.478, 0.5030, 0.5568,  3.95024,  3.96123,     4.00,  24.85,   0.04, 
   59.991, 0.5021, 0.5573,  3.94848,  3.95955,     4.00,  24.85,   0.04, 
   60.504, 0.5013, 0.5578,  3.94667,  3.95782,     4.00,  24.85,   0.04, 
   61.017, 0.5004, 0.5583,  3.94484,  3.95606,     4.00,  24.85,   0.04, 
   61.530, 0.4996, 0.5588,  3.94297,  3.95426,     4.00,  24.85,   0.05, 
   62.043, 0.4987, 0.5593,  3.94107,  3.95242,     4.00,  24.85,   0.05, 
   62.556, 0.4979, 0.5598,  3.93914,  3.95055,     4.00,  24.85,   0.05, 
   63.069, 0.4970, 0.5603,  3.93719,  3.94865,     4.00,  24.85,   0.05, 
   63.582, 0.4962, 0.5608,  3.93521,  3.94671,     4.00,  24.85,   0.05, 
   64.095, 0.4953, 0.5613,  3.93321,  3.94475,     4.00,  24.85,   0.05, 
   64.608, 0.4945, 0.5618,  3.93119,  3.94276,     4.00,  24.85,   0.05, 
   65.121, 0.4936, 0.5623,  3.92916,  3.94075,     4.00,  24.85,   0.05, 
   65.634, 0.4927, 0.5628,  3.92711,  3.93872,     4.00,  24.85,   0.05, 
   66.147, 0.4919, 0.5633,  3.92506,  3.93668,     4.00,  24.85,   0.05, 
   66.660, 0.4910, 0.5638,  3.92300,  3.93462,     4.00,  24.85,   0.05, 
   67.173, 0.4902, 0.5643,  3.92093,  3.93254,     4.00,  24.85,   0.05, 
   67.686, 0.4893, 0.5648,  3.91886,  3.93046,     4.00,  24.85,   0.05, 
   68.199, 0.4885, 0.5653,  3.91680,  3.92838,     4.00,  24.85,   0.05, 
   68.712, 0.4876, 0.5658,  3.91474,  3.92629,     4.00,  24.85,   0.05, 
   69.225, 0.4868, 0.5663,  3.91269,  3.92420,     4.00,  24.85,   0.05, 
   69.738, 0.4859, 0.5668,  3.91065,  3.92212,     4.00,  24.85,   0.05, 
   70.251, 0.4851, 0.5673,  3.90862,  3.92004,     4.00,  24.85,   0.05, 
   70.764, 0.4842, 0.5678,  3.90661,  3.91797,     4.00,  24.85,   0.05, 
   71.277, 0.4834, 0.5683,  3.90462,  3.91592,     4.00,  24.85,   0.05, 
   71.790, 0.4825, 0.5688,  3.90265,  3.91388,     4.00,  24.85,   0.04, 
   72.303, 0.4817, 0.5693,  3.90070,  3.91186,     4.00,  24.85,   0.04, 
   72.816, 0.4808, 0.5698,  3.89878,  3.90986,     4.00,  24.85,   0.04, 
   73.329, 0.4800, 0.5703,  3.89689,  3.90789,     4.00,  24.85,   0.04, 
   73.842, 0.4791, 0.5708,  3.89503,  3.90594,     4.00,  24.85,   0.04, 
   74.355, 0.4783, 0.5712,  3.89321,  3.90402,     4.00,  24.85,   0.04, 
   74.868, 0.4774, 0.5717,  3.89141,  3.90213,     4.00,  24.85,   0.04, 
   75.381, 0.4766, 0.5722,  3.88966,  3.90027,     4.00,  24.85,   0.04, 
   75.894, 0.4757, 0.5727,  3.88793,  3.89845,     4.00,  24.85,   0.04, 
   76.407, 0.4749, 0.5732,  3.88625,  3.89666,     4.00,  24.85,   0.04, 
   76.920, 0.4740, 0.5737,  3.88461,  3.89491,     4.00,  24.85,   0.04, 
   77.433, 0.4732, 0.5742,  3.88300,  3.89320,     4.00,  24.85,   0.04, 
   77.946, 0.4723, 0.5747,  3.88144,  3.89152,     4.00,  24.85,   0.04, 
   78.459, 0.4715, 0.5752,  3.87992,  3.88989,     4.00,  24.85,   0.04, 
   78.972, 0.4706, 0.5757,  3.87843,  3.88830,     4.00,  24.85,   0.04, 
   79.485, 0.4698, 0.5762,  3.87699,  3.88674,     4.00,  24.85,   0.04, 
   79.998, 0.4689, 0.5767,  3.87559,  3.88523,     4.00,  24.85,   0.04, 
   80.511, 0.4681, 0.5772,  3.87424,  3.88376,     4.00,  24.85,   0.04, 
   81.024, 0.4672, 0.5777,  3.87292,  3.88234,     4.00,  24.85,   0.04, 
   81.537, 0.4664, 0.5782,  3.87164,  3.88095,     4.00,  24.85,   0.04, 
   82.050, 0.4655, 0.5787,  3.87040,  3.87960,     4.00,  24.85,   0.04, 
   82.563, 0.4647, 0.5792,  3.86920,  3.87830,     4.00,  24.85,   0.04, 
   83.076, 0.4638, 0.5797,  3.86804,  3.87704,     4.00,  24.85,   0.04, 
   83.589, 0.4630, 0.5802,  3.86692,  3.87581,     4.00,  24.85,   0.04, 
   84.102, 0.4621, 0.5807,  3.86584,  3.87463,     4.00,  24.85,   0.04, 
   84.615, 0.4613, 0.5812,  3.86479,  3.87348,     4.00,  24.85,   0.03, 
   85.128, 0.4604, 0.5817,  3.86377,  3.87238,     4.00,  24.85,   0.03, 
   85.641, 0.4595, 0.5822,  3.86279,  3.87130,     4.00,  24.85,   0.03, 
   86.154, 0.4587, 0.5827,  3.86185,  3.87027,     4.00,  24.85,   0.03, 
   86.667, 0.4578, 0.5832,  3.86093,  3.86927,     4.00,  24.85,   0.03, 
   87.180, 0.4570, 0.5837,  3.86005,  3.86830,     4.00,  24.85,   0.03, 
   87.693, 0.4561, 0.5842,  3.85919,  3.86737,     4.00,  24.85,   0.03, 
   88.206, 0.4553, 0.5847,  3.85837,  3.86646,     4.00,  24.85,   0.03, 
   88.719, 0.4544, 0.5852,  3.85757,  3.86559,     4.00,  24.85,   0.03, 
   89.232, 0.4536, 0.5857,  3.85679,  3.86475,     4.00,  24.85,   0.03, 
   89.745, 0.4527, 0.5862,  3.85605,  3.86393,     4.00,  24.85,   0.03, 
   90.258, 0.4519, 0.5867,  3.85532,  3.86314,     4.00,  24.85,   0.03, 
   90.771, 0.4510, 0.5872,  3.85462,  3.86238,     4.00,  24.85,   0.03, 
   91.284, 0.4502, 0.5877,  3.85394,  3.86164,     4.00,  24.85,   0.03, 
   91.797, 0.4493, 0.5882,  3.85328,  3.86092,     4.00,  24.85,   0.03, 
   92.310, 0.4485, 0.5887,  3.85264,  3.86023,     4.00,  24.85,   0.03, 
   92.823, 0.4476, 0.5892,  3.85201,  3.85956,     4.00,  24.85,   0.03, 
   93.336, 0.4468, 0.5897,  3.85141,  3.85890,     4.00,  24.85,   0.03, 
   93.849, 0.4459, 0.5902,  3.85082,  3.85827,     4.00,  24.85,   0.03, 
   94.362, 0.4451, 0.5907,  3.85024,  3.85765,     4.00,  24.85,   0.03, 
   94.875, 0.4442, 0.5912,  3.84968,  3.85705,     4.00,  24.85,   0.03, 
   95.388, 0.4434, 0.5917,  3.84913,  3.85647,     4.00,  24.85,   0.03, 
   95.901, 0.4425, 0.5922,  3.84860,  3.85590,     4.00,  24.85,   0.03, 
   96.414, 0.4417, 0.5927,  3.84807,  3.85535,     4.00,  24.85,   0.03, 
   96.927, 0.4408, 0.5932,  3.84756,  3.85480,     4.00,  24.85,   0.03, 
   97.440, 0.4400, 0.5937,  3.84706,  3.85427,     4.00,  24.85,   0.03, 
   97.953, 0.4391, 0.5942,  3.84656,  3.85375,     4.00,  24.85,   0.03, 
   98.466, 0.4383, 0.5947,  3.84607,  3.85324,     4.00,  24.85,   0.03, 
   98.979, 0.4374, 0.5952,  3.84559,  3.85274,     4.00,  24.85,   0.03, 
   99.492, 0.4366, 0.5957,  3.84512,  3.85225,     4.00,  24.85,   0.03, 
  100.005, 0.4357, 0.5962,  3.84466,  3.85177,     4.00,  24.85,   0.03, 
  100.518, 0.4349, 0.5967,  3.84419,  3.85129,     4.00,  24.85,   0.03, 
  101.031, 0.4340, 0.5972,  3.84374,  3.85082,     4.00,  24.85,   0.03, 
  101.544, 0.4332, 0.5977,  3.84329,  3.85036,     4.00,  24.85,   0.03, 
  102.057, 0.4323, 0.5982,  3.84284,  3.84990,     4.00,  24.85,   0.03, 
  102.570, 0.4315, 0.5987,  3.84240,  3.84945,     4.00,  24.85,   0.03, 
  103.083, 0.4306, 0.5992,  3.84195,  3.84900,     4.00,  24.85,   0.03, 
  103.596, 0.4298, 0.5997,  3.84152,  3.84855,     4.00,  24.85,   0.03, 
  104.109, 0.4289, 0.6001,  3.84108,  3.84811,     4.00,  24.85,   0.03, 
  104.622, 0.4281, 0.6006,  3.84064,  3.84767,     4.00,  24.85,   0.03, 
  105.135, 0.4272, 0.6011,  3.84021,  3.84724,     4.00,  24.85,   0.03, 
  105.648, 0.4264, 0.6016,  3.83978,  3.84680,     4.00,  24.85,   0.03, 
  106.161, 0.4255, 0.6021,  3.83935,  3.84637,     4.00,  24.85,   0.03, 
  106.674, 0.4246, 0.6026,  3.83891,  3.84593,     4.00,  24.85,   0.03, 
  107.187, 0.4238, 0.6031,  3.83848,  3.84550,     4.00,  24.85,   0.03, 
  107.700, 0.4229, 0.6036,  3.83805,  3.84507,     4.00,  24.85,   0.03, 
  108.213, 0.4221, 0.6041,  3.83762,  3.84464,     4.00,  24.85,   0.03, 
  108.726, 0.4212, 0.6046,  3.83718,  3.84421,     4.00,  24.85,   0.03, 
  109.239, 0.4204, 0.6051,  3.83675,  3.84377,     4.00,  24.85,   0.03, 
  109.752, 0.4195, 0.6056,  3.83632,  3.84334,     4.00,  24.85,   0.03, 
  110.265, 0.4187, 0.6061,  3.83588,  3.84291,     4.00,  24.85,   0.03, 
  110.778, 0.4178, 0.6066,  3.83544,  3.84247,     4.00,  24.85,   0.03, 
  111.291, 0.4170, 0.6071,  3.83500,  3.84204,     4.00,  24.85,   0.03, 
  111.804, 0.4161, 0.6076,  3.83456,  3.84160,     4.00,  24.85,   0.03, 
  112.317, 0.4153, 0.6081,  3.83412,  3.84116,     4.00,  24.85,   0.03, 
  112.830, 0.4144, 0.6086,  3.83367,  3.84072,     4.00,  24.85,   0.03, 
  113.343, 0.4136, 0.6091,  3.83322,  3.84028,     4.00,  24.85,   0.03, 
  113.856, 0.4127, 0.6096,  3.83277,  3.83983,     4.00,  24.85,   0.03, 
  114.369, 0.4119, 0.6101,  3.83232,  3.83938,     4.00,  24.85,   0.03, 
  114.882, 0.4110, 0.6106,  3.83187,  3.83893,     4.00,  24.85,   0.03, 
  115.395, 0.4102, 0.6111,  3.83141,  3.83848,     4.00,  24.85,   0.03, 
  115.908, 0.4093, 0.6116,  3.83095,  3.83803,     4.00,  24.85,   0.03, 
  116.421, 0.4085, 0.6121,  3.83049,  3.83757,     4.00,  24.85,   0.03, 
  116.934, 0.4076, 0.6126,  3.83003,  3.83711,     4.00,  24.85,   0.03, 
  117.447, 0.4068, 0.6131,  3.82956,  3.83665,     4.00,  24.85,   0.03, 
  117.960, 0.4059, 0.6136,  3.82909,  3.83619,     4.00,  24.85,   0.03, 
  118.473, 0.4051, 0.6141,  3.82862,  3.83572,     4.00,  24.85,   0.03, 
  118.986, 0.4042, 0.6146,  3.82814,  3.83525,     4.00,  24.85,   0.03, 
  119.499, 0.4034, 0.6151,  3.82767,  3.83477,     4.00,  24.85,   0.03, 
  120.012, 0.4025, 0.6156,  3.82719,  3.83430,     4.00,  24.85,   0.03, 
  120.525, 0.4017, 0.6161,  3.82671,  3.83382,     4.00,  24.85,   0.03, 
  121.038, 0.4008, 0.6166,  3.82622,  3.83334,     4.00,  24.85,   0.03, 
  121.551, 0.4000, 0.6171,  3.82573,  3.83286,     4.00,  24.85,   0.03, 
  122.064, 0.3991, 0.6176,  3.82524,  3.83237,     4.00,  24.85,   0.03, 
  122.577, 0.3983, 0.6181,  3.82475,  3.83188,     4.00,  24.85,   0.03, 
  123.090, 0.3974, 0.6186,  3.82426,  3.83139,     4.00,  24.85,   0.03, 
  123.603, 0.3966, 0.6191,  3.82376,  3.83089,     4.00,  24.85,   0.03, 
  124.116, 0.3957, 0.6196,  3.82326,  3.83039,     4.00,  24.85,   0.03, 
  124.629, 0.3949, 0.6201,  3.82276,  3.82989,     4.00,  24.85,   0.03, 
  125.142, 0.3940, 0.6206,  3.82225,  3.82939,     4.00,  24.85,   0.03, 
  125.655, 0.3932, 0.6211,  3.82175,  3.82888,     4.00,  24.85,   0.03, 
  126.168, 0.3923, 0.6216,  3.82124,  3.82838,     4.00,  24.85,   0.03, 
  126.681, 0.3914, 0.6221,  3.82073,  3.82787,     4.00,  24.85,   0.03, 
  127.194, 0.3906, 0.6226,  3.82022,  3.82735,     4.00,  24.85,   0.03, 
  127.707, 0.3897, 0.6231,  3.81970,  3.82684,     4.00,  24.85,   0.03, 
  128.220, 0.3889, 0.6236,  3.81919,  3.82632,     4.00,  24.85,   0.03, 
  128.733, 0.3880, 0.6241,  3.81867,  3.82580,     4.00,  24.85,   0.03, 
  129.246, 0.3872, 0.6246,  3.81815,  3.82528,     4.00,  24.85,   0.03, 
  129.759, 0.3863, 0.6251,  3.81763,  3.82475,     4.00,  24.85,   0.03, 
  130.272, 0.3855, 0.6256,  3.81710,  3.82423,     4.00,  24.85,   0.03, 
  130.785, 0.3846, 0.6261,  3.81658,  3.82370,     4.00,  24.85,   0.03, 
  131.298, 0.3838, 0.6266,  3.81606,  3.82317,     4.00,  24.85,   0.03, 
  131.811, 0.3829, 0.6271,  3.81553,  3.82264,     4.00,  24.85,   0.03, 
  132.324, 0.3821, 0.6276,  3.81500,  3.82210,     4.00,  24.85,   0.03, 
  132.837, 0.3812, 0.6281,  3.81448,  3.82157,     4.00,  24.85,   0.03, 
  133.350, 0.3804, 0.6286,  3.81395,  3.82103,     4.00,  24.85,   0.03, 
  133.863, 0.3795, 0.6290,  3.81342,  3.82049,     4.00,  24.85,   0.03, 
  134.376, 0.3787, 0.6295,  3.81289,  3.81995,     4.00,  24.85,   0.03, 
  134.889, 0.3778, 0.6300,  3.81236,  3.81941,     4.00,  24.85,   0.03, 
  135.402, 0.3770, 0.6305,  3.81182,  3.81887,     4.00,  24.85,   0.03, 
  135.915, 0.3761, 0.6310,  3.81129,  3.81832,     4.00,  24.85,   0.03, 
  136.428, 0.3753, 0.6315,  3.81076,  3.81778,     4.00,  24.85,   0.03, 
  136.941, 0.3744, 0.6320,  3.81023,  3.81723,     4.00,  24.85,   0.03, 
  137.454, 0.3736, 0.6325,  3.80969,  3.81668,     4.00,  24.85,   0.03, 
  137.967, 0.3727, 0.6330,  3.80915,  3.81613,     4.00,  24.85,   0.03, 
  138.480, 0.3719, 0.6335,  3.80862,  3.81558,     4.00,  24.85,   0.03, 
  138.993, 0.3710, 0.6340,  3.80808,  3.81503,     4.00,  24.85,   0.03, 
  139.506, 0.3702, 0.6345,  3.80754,  3.81448,     4.00,  24.85,   0.03, 
  140.019, 0.3693, 0.6350,  3.80700,  3.81393,     4.00,  24.85,   0.03, 
  140.532, 0.3685, 0.6355,  3.80645,  3.81337,     4.00,  24.85,   0.03, 
  141.045, 0.3676, 0.6360,  3.80591,  3.81282,     4.00,  24.85,   0.03, 
  141.558, 0.3668, 0.6365,  3.80536,  3.81227,     4.00,  24.85,   0.03, 
  142.071, 0.3659, 0.6370,  3.80481,  3.81171,     4.00,  24.85,   0.03, 
  142.584, 0.3651, 0.6375,  3.80426,  3.81116,     4.00,  24.85,   0.03, 
  143.097, 0.3642, 0.6380,  3.80371,  3.81060,     4.00,  24.85,   0.03, 
  143.610, 0.3634, 0.6385,  3.80316,  3.81004,     4.00,  24.85,   0.03, 
  144.123, 0.3625, 0.6390,  3.80260,  3.80949,     4.00,  24.85,   0.03, 
  144.636, 0.3617, 0.6395,  3.80205,  3.80893,     4.00,  24.85,   0.03, 
  145.149, 0.3608, 0.6400,  3.80149,  3.80838,     4.00,  24.85,   0.03, 
  145.662, 0.3600, 0.6405,  3.80093,  3.80782,     4.00,  24.85,   0.03, 
  146.175, 0.3591, 0.6410,  3.80037,  3.80726,     4.00,  24.85,   0.03, 
  146.688, 0.3583, 0.6415,  3.79982,  3.80671,     4.00,  24.85,   0.03, 
  147.201, 0.3574, 0.6420,  3.79926,  3.80615,     4.00,  24.85,   0.03, 
  147.714, 0.3565, 0.6425,  3.79870,  3.80560,     4.00,  24.85,   0.03, 
  148.227, 0.3557, 0.6430,  3.79814,  3.80504,     4.00,  24.85,   0.03, 
  148.740, 0.3548, 0.6435,  3.79757,  3.80449,     4.00,  24.85,   0.03, 
  149.253, 0.3540, 0.6440,  3.79701,  3.80393,     4.00,  24.85,   0.03, 
  149.766, 0.3531, 0.6445,  3.79645,  3.80338,     4.00,  24.85,   0.03, 
  150.279, 0.3523, 0.6450,  3.79589,  3.80282,     4.00,  24.85,   0.03, 
  150.792, 0.3514, 0.6455,  3.79533,  3.80227,     4.00,  24.85,   0.03, 
  151.305, 0.3506, 0.6460,  3.79476,  3.80172,     4.00,  24.85,   0.03, 
  151.818, 0.3497, 0.6465,  3.79420,  3.80117,     4.00,  24.85,   0.03, 
  152.331, 0.3489, 0.6470,  3.79364,  3.80062,     4.00,  24.85,   0.03, 
  152.844, 0.3480, 0.6475,  3.79308,  3.80007,     4.00,  24.85,   0.03, 
  153.357, 0.3472, 0.6480,  3.79251,  3.79952,     4.00,  24.85,   0.03, 
  153.870, 0.3463, 0.6485,  3.79195,  3.79897,     4.00,  24.85,   0.03, 
  154.383, 0.3455, 0.6490,  3.79139,  3.79842,     4.00,  24.85,   0.03, 
  154.896, 0.3446, 0.6495,  3.79083,  3.79787,     4.00,  24.85,   0.03, 
  155.409, 0.3438, 0.6500,  3.79026,  3.79733,     4.00,  24.85,   0.03, 
  155.922, 0.3429, 0.6505,  3.78970,  3.79678,     4.00,  24.85,   0.03, 
  156.435, 0.3421, 0.6510,  3.78914,  3.79624,     4.00,  24.85,   0.03, 
  156.948, 0.3412, 0.6515,  3.78858,  3.79570,     4.00,  24.85,   0.03, 
  157.461, 0.3404, 0.6520,  3.78802,  3.79515,     4.00,  24.85,   0.03, 
  157.974, 0.3395, 0.6525,  3.78746,  3.79461,     4.00,  24.85,   0.03, 
  158.487, 0.3387, 0.6530,  3.78690,  3.79407,     4.00,  24.85,   0.03, 
  159.000, 0.3378, 0.6535,  3.78634,  3.79354,     4.00,  24.85,   0.03, 
  159.513, 0.3370, 0.6540,  3.78578,  3.79300,     4.00,  24.85,   0.03, 
  160.026, 0.3361, 0.6545,  3.78522,  3.79246,     4.00,  24.85,   0.03, 
  160.539, 0.3353, 0.6550,  3.78467,  3.79193,     4.00,  24.85,   0.03, 
  161.052, 0.3344, 0.6555,  3.78411,  3.79139,     4.00,  24.85,   0.03, 
  161.565, 0.3336, 0.6560,  3.78355,  3.79086,     4.00,  24.85,   0.03, 
  162.078, 0.3327, 0.6565,  3.78300,  3.79033,     4.00,  24.85,   0.03, 
  162.591, 0.3319, 0.6570,  3.78244,  3.78980,     4.00,  24.85,   0.03, 
  163.104, 0.3310, 0.6575,  3.78189,  3.78927,     4.00,  24.85,   0.03, 
  163.617, 0.3302, 0.6579,  3.78134,  3.78874,     4.00,  24.85,   0.03, 
  164.130, 0.3293, 0.6584,  3.78079,  3.78822,     4.00,  24.85,   0.03, 
  164.643, 0.3285, 0.6589,  3.78024,  3.78769,     4.00,  24.85,   0.03, 
  165.156, 0.3276, 0.6594,  3.77969,  3.78717,     4.00,  24.85,   0.03, 
  165.669, 0.3268, 0.6599,  3.77914,  3.78665,     4.00,  24.85,   0.03, 
  166.182, 0.3259, 0.6604,  3.77859,  3.78613,     4.00,  24.85,   0.03, 
  166.695, 0.3251, 0.6609,  3.77804,  3.78561,     4.00,  24.85,   0.03, 
  167.208, 0.3242, 0.6614,  3.77750,  3.78509,     4.00,  24.85,   0.03, 
  167.721, 0.3233, 0.6619,  3.77695,  3.78457,     4.00,  24.85,   0.03, 
  168.234, 0.3225, 0.6624,  3.77641,  3.78405,     4.00,  24.85,   0.03, 
  168.747, 0.3216, 0.6629,  3.77587,  3.78354,     4.00,  24.85,   0.03, 
  169.260, 0.3208, 0.6634,  3.77533,  3.78303,     4.00,  24.85,   0.03, 
  169.773, 0.3199, 0.6639,  3.77479,  3.78251,     4.00,  24.85,   0.03, 
  170.286, 0.3191, 0.6644,  3.77425,  3.78200,     4.00,  24.85,   0.03, 
  170.799, 0.3182, 0.6649,  3.77371,  3.78149,     4.00,  24.85,   0.03, 
  171.312, 0.3174, 0.6654,  3.77318,  3.78098,     4.00,  24.85,   0.03, 
  171.825, 0.3165, 0.6659,  3.77264,  3.78048,     4.00,  24.85,   0.03, 
  172.338, 0.3157, 0.6664,  3.77211,  3.77997,     4.00,  24.85,   0.03, 
  172.851, 0.3148, 0.6669,  3.77158,  3.77946,     4.00,  24.85,   0.03, 
  173.364, 0.3140, 0.6674,  3.77105,  3.77896,     4.00,  24.85,   0.03, 
  173.877, 0.3131, 0.6679,  3.77052,  3.77845,     4.00,  24.85,   0.03, 
  174.390, 0.3123, 0.6684,  3.76999,  3.77795,     4.00,  24.85,   0.03, 
  174.903, 0.3114, 0.6689,  3.76946,  3.77745,     4.00,  24.85,   0.03, 
  175.416, 0.3106, 0.6694,  3.76894,  3.77695,     4.00,  24.85,   0.03, 
  175.929, 0.3097, 0.6699,  3.76841,  3.77645,     4.00,  24.85,   0.03, 
  176.442, 0.3089, 0.6704,  3.76789,  3.77595,     4.00,  24.85,   0.03, 
  176.955, 0.3080, 0.6709,  3.76737,  3.77545,     4.00,  24.85,   0.03, 
  177.468, 0.3072, 0.6714,  3.76685,  3.77495,     4.00,  24.85,   0.03, 
  177.981, 0.3063, 0.6719,  3.76633,  3.77445,     4.00,  24.85,   0.03, 
  178.494, 0.3055, 0.6724,  3.76582,  3.77396,     4.00,  24.85,   0.03, 
  179.007, 0.3046, 0.6729,  3.76530,  3.77346,     4.00,  24.85,   0.03, 
  179.520, 0.3038, 0.6734,  3.76479,  3.77296,     4.00,  24.85,   0.03, 
  180.033, 0.3029, 0.6739,  3.76428,  3.77247,     4.00,  24.85,   0.03, 
  180.546, 0.3021, 0.6744,  3.76377,  3.77197,     4.00,  24.85,   0.03, 
  181.059, 0.3012, 0.6749,  3.76326,  3.77148,     4.00,  24.85,   0.03, 
  181.572, 0.3004, 0.6754,  3.76275,  3.77098,     4.00,  24.85,   0.03, 
  182.085, 0.2995, 0.6759,  3.76225,  3.77049,     4.00,  24.85,   0.03, 
  182.598, 0.2987, 0.6764,  3.76175,  3.76999,     4.00,  24.85,   0.03, 
  183.111, 0.2978, 0.6769,  3.76124,  3.76950,     4.00,  24.85,   0.03, 
  183.624, 0.2970, 0.6774,  3.76074,  3.76901,     4.00,  24.85,   0.03, 
  184.137, 0.2961, 0.6779,  3.76024,  3.76851,     4.00,  24.85,   0.03, 
  184.650, 0.2953, 0.6784,  3.75975,  3.76802,     4.00,  24.85,   0.03, 
  185.163, 0.2944, 0.6789,  3.75925,  3.76752,     4.00,  24.85,   0.03, 
  185.676, 0.2936, 0.6794,  3.75875,  3.76703,     4.00,  24.85,   0.03, 
  186.189, 0.2927, 0.6799,  3.75826,  3.76653,     4.00,  24.85,   0.03, 
  186.702, 0.2919, 0.6804,  3.75777,  3.76604,     4.00,  24.85,   0.03, 
  187.215, 0.2910, 0.6809,  3.75728,  3.76554,     4.00,  24.85,   0.03, 
  187.728, 0.2902, 0.6814,  3.75679,  3.76504,     4.00,  24.85,   0.03, 
  188.241, 0.2893, 0.6819,  3.75630,  3.76455,     4.00,  24.85,   0.03, 
  188.754, 0.2884, 0.6824,  3.75581,  3.76405,     4.00,  24.85,   0.03, 
  189.267, 0.2876, 0.6829,  3.75532,  3.76355,     4.00,  24.85,   0.03, 
  189.780, 0.2867, 0.6834,  3.75484,  3.76305,     4.00,  24.85,   0.03, 
  190.293, 0.2859, 0.6839,  3.75435,  3.76255,     4.00,  24.85,   0.03, 
  190.806, 0.2850, 0.6844,  3.75386,  3.76205,     4.00,  24.85,   0.03, 
  191.319, 0.2842, 0.6849,  3.75337,  3.76155,     4.00,  24.85,   0.03, 
  191.832, 0.2833, 0.6854,  3.75289,  3.76104,     4.00,  24.85,   0.03, 
  192.345, 0.2825, 0.6859,  3.75239,  3.76054,     4.00,  24.85,   0.03, 
  192.858, 0.2816, 0.6864,  3.75190,  3.76003,     4.00,  24.85,   0.03, 
  193.371, 0.2808, 0.6868,  3.75141,  3.75953,     4.00,  24.85,   0.03, 
  193.884, 0.2799, 0.6873,  3.75091,  3.75902,     4.00,  24.85,   0.03, 
  194.397, 0.2791, 0.6878,  3.75041,  3.75851,     4.00,  24.85,   0.03, 
  194.910, 0.2782, 0.6883,  3.74991,  3.75800,     4.00,  24.85,   0.03, 
  195.423, 0.2774, 0.6888,  3.74941,  3.75748,     4.00,  24.85,   0.03, 
  195.936, 0.2765, 0.6893,  3.74890,  3.75697,     4.00,  24.85,   0.03, 
  196.449, 0.2757, 0.6898,  3.74839,  3.75645,     4.00,  24.85,   0.03, 
  196.962, 0.2748, 0.6903,  3.74788,  3.75594,     4.00,  24.85,   0.03, 
  197.475, 0.2740, 0.6908,  3.74736,  3.75542,     4.00,  24.85,   0.03, 
  197.988, 0.2731, 0.6913,  3.74684,  3.75489,     4.00,  24.85,   0.03, 
  198.501, 0.2723, 0.6918,  3.74632,  3.75437,     4.00,  24.85,   0.03, 
  199.014, 0.2714, 0.6923,  3.74579,  3.75385,     4.00,  24.85,   0.03, 
  199.527, 0.2706, 0.6928,  3.74526,  3.75332,     4.00,  24.85,   0.03, 
  200.040, 0.2697, 0.6933,  3.74473,  3.75279,     4.00,  24.85,   0.03, 
  200.553, 0.2689, 0.6938,  3.74419,  3.75226,     4.00,  24.85,   0.03, 
  201.066, 0.2680, 0.6943,  3.74365,  3.75172,     4.00,  24.85,   0.03, 
  201.579, 0.2672, 0.6948,  3.74311,  3.75119,     4.00,  24.85,   0.03, 
  202.092, 0.2663, 0.6953,  3.74256,  3.75065,     4.00,  24.85,   0.03, 
  202.605, 0.2655, 0.6958,  3.74201,  3.75011,     4.00,  24.85,   0.03, 
  203.118, 0.2646, 0.6963,  3.74146,  3.74957,     4.00,  24.85,   0.03, 
  203.631, 0.2638, 0.6968,  3.74090,  3.74902,     4.00,  24.85,   0.03, 
  204.144, 0.2629, 0.6973,  3.74034,  3.74847,     4.00,  24.85,   0.03, 
  204.657, 0.2621, 0.6978,  3.73978,  3.74792,     4.00,  24.85,   0.03, 
  205.170, 0.2612, 0.6983,  3.73921,  3.74737,     4.00,  24.85,   0.03, 
  205.683, 0.2604, 0.6988,  3.73864,  3.74682,     4.00,  24.85,   0.03, 
  206.196, 0.2595, 0.6993,  3.73807,  3.74626,     4.00,  24.85,   0.03, 
  206.709, 0.2587, 0.6998,  3.73749,  3.74570,     4.00,  24.85,   0.03, 
  207.222, 0.2578, 0.7003,  3.73691,  3.74513,     4.00,  24.85,   0.03, 
  207.735, 0.2570, 0.7008,  3.73633,  3.74457,     4.00,  24.85,   0.03, 
  208.248, 0.2561, 0.7013,  3.73574,  3.74400,     4.00,  24.85,   0.03, 
  208.761, 0.2552, 0.7018,  3.73515,  3.74343,     4.00,  24.85,   0.03, 
  209.274, 0.2544, 0.7023,  3.73456,  3.74285,     4.00,  24.85,   0.03, 
  209.787, 0.2535, 0.7028,  3.73396,  3.74227,     4.00,  24.85,   0.03, 
  210.300, 0.2527, 0.7033,  3.73336,  3.74169,     4.00,  24.85,   0.03, 
  210.813, 0.2518, 0.7038,  3.73276,  3.74111,     4.00,  24.85,   0.03, 
  211.326, 0.2510, 0.7043,  3.73215,  3.74052,     4.00,  24.85,   0.03, 
  211.839, 0.2501, 0.7048,  3.73154,  3.73994,     4.00,  24.85,   0.03, 
  212.352, 0.2493, 0.7053,  3.73093,  3.73934,     4.00,  24.85,   0.03, 
  212.865, 0.2484, 0.7058,  3.73031,  3.73875,     4.00,  24.85,   0.03, 
  213.378, 0.2476, 0.7063,  3.72969,  3.73815,     4.00,  24.85,   0.03, 
  213.891, 0.2467, 0.7068,  3.72907,  3.73755,     4.00,  24.85,   0.03, 
  214.404, 0.2459, 0.7073,  3.72845,  3.73695,     4.00,  24.85,   0.03, 
  214.917, 0.2450, 0.7078,  3.72782,  3.73634,     4.00,  24.85,   0.03, 
  215.430, 0.2442, 0.7083,  3.72719,  3.73573,     4.00,  24.85,   0.03, 
  215.943, 0.2433, 0.7088,  3.72655,  3.73512,     4.00,  24.85,   0.03, 
  216.456, 0.2425, 0.7093,  3.72591,  3.73450,     4.00,  24.85,   0.03, 
  216.969, 0.2416, 0.7098,  3.72527,  3.73388,     4.00,  24.85,   0.03, 
  217.482, 0.2408, 0.7103,  3.72463,  3.73326,     4.00,  24.85,   0.03, 
  217.995, 0.2399, 0.7108,  3.72398,  3.73264,     4.00,  24.85,   0.03, 
  218.508, 0.2391, 0.7113,  3.72333,  3.73201,     4.00,  24.85,   0.03, 
  219.021, 0.2382, 0.7118,  3.72268,  3.73138,     4.00,  24.85,   0.03, 
  219.534, 0.2374, 0.7123,  3.72203,  3.73074,     4.00,  24.85,   0.03, 
  220.047, 0.2365, 0.7128,  3.72137,  3.73011,     4.00,  24.85,   0.04, 
  220.560, 0.2357, 0.7133,  3.72071,  3.72947,     4.00,  24.85,   0.04, 
  221.073, 0.2348, 0.7138,  3.72004,  3.72883,     4.00,  24.85,   0.04, 
  221.586, 0.2340, 0.7143,  3.71938,  3.72818,     4.00,  24.85,   0.04, 
  222.099, 0.2331, 0.7148,  3.71871,  3.72753,     4.00,  24.85,   0.04, 
  222.612, 0.2323, 0.7153,  3.71803,  3.72688,     4.00,  24.85,   0.04, 
  223.125, 0.2314, 0.7157,  3.71736,  3.72623,     4.00,  24.85,   0.04, 
  223.638, 0.2306, 0.7162,  3.71668,  3.72558,     4.00,  24.85,   0.04, 
  224.151, 0.2297, 0.7167,  3.71600,  3.72492,     4.00,  24.85,   0.04, 
  224.664, 0.2289, 0.7172,  3.71532,  3.72425,     4.00,  24.85,   0.04, 
  225.177, 0.2280, 0.7177,  3.71463,  3.72359,     4.00,  24.85,   0.04, 
  225.690, 0.2272, 0.7182,  3.71395,  3.72292,     4.00,  24.85,   0.04, 
  226.203, 0.2263, 0.7187,  3.71326,  3.72225,     4.00,  24.85,   0.04, 
  226.716, 0.2255, 0.7192,  3.71256,  3.72158,     4.00,  24.85,   0.04, 
  227.229, 0.2246, 0.7197,  3.71187,  3.72091,     4.00,  24.85,   0.04, 
  227.742, 0.2238, 0.7202,  3.71117,  3.72023,     4.00,  24.85,   0.04, 
  228.255, 0.2229, 0.7207,  3.71047,  3.71955,     4.00,  24.85,   0.04, 
  228.768, 0.2221, 0.7212,  3.70977,  3.71887,     4.00,  24.85,   0.04, 
  229.281, 0.2212, 0.7217,  3.70907,  3.71819,     4.00,  24.85,   0.04, 
  229.794, 0.2203, 0.7222,  3.70836,  3.71750,     4.00,  24.85,   0.04, 
  230.307, 0.2195, 0.7227,  3.70765,  3.71681,     4.00,  24.85,   0.04, 
  230.820, 0.2186, 0.7232,  3.70695,  3.71612,     4.00,  24.85,   0.04, 
  231.333, 0.2178, 0.7237,  3.70623,  3.71543,     4.00,  24.85,   0.04, 
  231.846, 0.2169, 0.7242,  3.70552,  3.71473,     4.00,  24.85,   0.04, 
  232.359, 0.2161, 0.7247,  3.70481,  3.71403,     4.00,  24.85,   0.04, 
  232.872, 0.2152, 0.7252,  3.70409,  3.71334,     4.00,  24.85,   0.04, 
  233.385, 0.2144, 0.7257,  3.70337,  3.71263,     4.00,  24.85,   0.04, 
  233.898, 0.2135, 0.7262,  3.70265,  3.71193,     4.00,  24.85,   0.04, 
  234.411, 0.2127, 0.7267,  3.70193,  3.71123,     4.00,  24.85,   0.04, 
  234.924, 0.2118, 0.7272,  3.70121,  3.71052,     4.00,  24.85,   0.04, 
  235.437, 0.2110, 0.7277,  3.70048,  3.70981,     4.00,  24.85,   0.04, 
  235.950, 0.2101, 0.7282,  3.69975,  3.70910,     4.00,  24.85,   0.04, 
  236.463, 0.2093, 0.7287,  3.69903,  3.70839,     4.00,  24.85,   0.04, 
  236.976, 0.2084, 0.7292,  3.69830,  3.70767,     4.00,  24.85,   0.04, 
  237.489, 0.2076, 0.7297,  3.69757,  3.70696,     4.00,  24.85,   0.04, 
  238.002, 0.2067, 0.7302,  3.69684,  3.70624,     4.00,  24.85,   0.04, 
  238.515, 0.2059, 0.7307,  3.69611,  3.70552,     4.00,  24.85,   0.04, 
  239.028, 0.2050, 0.7312,  3.69537,  3.70480,     4.00,  24.85,   0.04, 
  239.541, 0.2042, 0.7317,  3.69464,  3.70408,     4.00,  24.85,   0.04, 
  240.054, 0.2033, 0.7322,  3.69390,  3.70336,     4.00,  24.85,   0.04, 
  240.567, 0.2025, 0.7327,  3.69317,  3.70264,     4.00,  24.85,   0.04, 
  241.080, 0.2016, 0.7332,  3.69243,  3.70191,     4.00,  24.85,   0.04, 
  241.593, 0.2008, 0.7337,  3.69169,  3.70119,     4.00,  24.85,   0.04, 
  242.106, 0.1999, 0.7342,  3.69095,  3.70046,     4.00,  24.85,   0.04, 
  242.619, 0.1991, 0.7347,  3.69022,  3.69973,     4.00,  24.85,   0.04, 
  243.132, 0.1982, 0.7352,  3.68948,  3.69900,     4.00,  24.85,   0.04, 
  243.645, 0.1974, 0.7357,  3.68874,  3.69828,     4.00,  24.85,   0.04, 
  244.158, 0.1965, 0.7362,  3.68800,  3.69755,     4.00,  24.85,   0.04, 
  244.671, 0.1957, 0.7367,  3.68725,  3.69681,     4.00,  24.85,   0.04, 
  245.184, 0.1948, 0.7372,  3.68651,  3.69608,     4.00,  24.85,   0.04, 
  245.697, 0.1940, 0.7377,  3.68577,  3.69535,     4.00,  24.85,   0.04, 
  246.210, 0.1931, 0.7382,  3.68503,  3.69462,     4.00,  24.85,   0.04, 
  246.723, 0.1923, 0.7387,  3.68429,  3.69388,     4.00,  24.85,   0.04, 
  247.236, 0.1914, 0.7392,  3.68355,  3.69315,     4.00,  24.85,   0.04, 
  247.749, 0.1906, 0.7397,  3.68280,  3.69242,     4.00,  24.85,   0.04, 
  248.262, 0.1897, 0.7402,  3.68206,  3.69168,     4.00,  24.85,   0.04, 
  248.775, 0.1889, 0.7407,  3.68132,  3.69095,     4.00,  24.85,   0.04, 
  249.288, 0.1880, 0.7412,  3.68058,  3.69021,     4.00,  24.85,   0.04, 
  249.801, 0.1871, 0.7417,  3.67983,  3.68948,     4.00,  24.85,   0.04, 
  250.314, 0.1863, 0.7422,  3.67909,  3.68874,     4.00,  24.85,   0.04, 
  250.827, 0.1854, 0.7427,  3.67835,  3.68801,     4.00,  24.85,   0.04, 
  251.340, 0.1846, 0.7432,  3.67761,  3.68727,     4.00,  24.85,   0.04, 
  251.853, 0.1837, 0.7437,  3.67687,  3.68654,     4.00,  24.85,   0.04, 
  252.366, 0.1829, 0.7441,  3.67612,  3.68580,     4.00,  24.85,   0.04, 
  252.879, 0.1820, 0.7446,  3.67538,  3.68506,     4.00,  24.85,   0.04, 
  253.392, 0.1812, 0.7451,  3.67464,  3.68433,     4.00,  24.85,   0.04, 
  253.905, 0.1803, 0.7456,  3.67390,  3.68359,     4.00,  24.85,   0.04, 
  254.418, 0.1795, 0.7461,  3.67316,  3.68286,     4.00,  24.85,   0.04, 
  254.931, 0.1786, 0.7466,  3.67242,  3.68212,     4.00,  24.85,   0.04, 
  255.444, 0.1778, 0.7471,  3.67168,  3.68139,     4.00,  24.85,   0.04, 
  255.957, 0.1769, 0.7476,  3.67094,  3.68066,     4.00,  24.85,   0.04, 
  256.470, 0.1761, 0.7481,  3.67020,  3.67992,     4.00,  24.85,   0.04, 
  256.983, 0.1752, 0.7486,  3.66946,  3.67919,     4.00,  24.85,   0.04, 
  257.496, 0.1744, 0.7491,  3.66873,  3.67845,     4.00,  24.85,   0.04, 
  258.009, 0.1735, 0.7496,  3.66799,  3.67772,     4.00,  24.85,   0.04, 
  258.522, 0.1727, 0.7501,  3.66725,  3.67699,     4.00,  24.85,   0.04, 
  259.035, 0.1718, 0.7506,  3.66651,  3.67626,     4.00,  24.85,   0.04, 
  259.548, 0.1710, 0.7511,  3.66578,  3.67552,     4.00,  24.85,   0.04, 
  260.061, 0.1701, 0.7516,  3.66504,  3.67479,     4.00,  24.85,   0.04, 
  260.574, 0.1693, 0.7521,  3.66430,  3.67406,     4.00,  24.85,   0.04, 
  261.087, 0.1684, 0.7526,  3.66356,  3.67333,     4.00,  24.85,   0.04, 
  261.600, 0.1676, 0.7531,  3.66283,  3.67260,     4.00,  24.85,   0.04, 
  262.113, 0.1667, 0.7536,  3.66209,  3.67187,     4.00,  24.85,   0.04, 
  262.626, 0.1659, 0.7541,  3.66135,  3.67114,     4.00,  24.85,   0.04, 
  263.139, 0.1650, 0.7546,  3.66061,  3.67041,     4.00,  24.85,   0.04, 
  263.652, 0.1642, 0.7551,  3.65988,  3.66968,     4.00,  24.85,   0.04, 
  264.165, 0.1633, 0.7556,  3.65914,  3.66895,     4.00,  24.85,   0.04, 
  264.678, 0.1625, 0.7561,  3.65840,  3.66822,     4.00,  24.85,   0.04, 
  265.191, 0.1616, 0.7566,  3.65766,  3.66749,     4.00,  24.85,   0.04, 
  265.704, 0.1608, 0.7571,  3.65692,  3.66676,     4.00,  24.85,   0.04, 
  266.217, 0.1599, 0.7576,  3.65617,  3.66602,     4.00,  24.85,   0.04, 
  266.730, 0.1591, 0.7581,  3.65543,  3.66529,     4.00,  24.85,   0.04, 
  267.243, 0.1582, 0.7586,  3.65469,  3.66456,     4.00,  24.85,   0.04, 
  267.756, 0.1574, 0.7591,  3.65394,  3.66383,     4.00,  24.85,   0.04, 
  268.269, 0.1565, 0.7596,  3.65319,  3.66309,     4.00,  24.85,   0.04, 
  268.782, 0.1557, 0.7601,  3.65244,  3.66236,     4.00,  24.85,   0.04, 
  269.295, 0.1548, 0.7606,  3.65169,  3.66162,     4.00,  24.85,   0.04, 
  269.808, 0.1540, 0.7611,  3.65094,  3.66089,     4.00,  24.85,   0.04, 
  270.321, 0.1531, 0.7616,  3.65018,  3.66015,     4.00,  24.85,   0.04, 
  270.834, 0.1522, 0.7621,  3.64942,  3.65941,     4.00,  24.85,   0.04, 
  271.347, 0.1514, 0.7626,  3.64866,  3.65866,     4.00,  24.85,   0.04, 
  271.860, 0.1505, 0.7631,  3.64790,  3.65792,     4.00,  24.85,   0.04, 
  272.373, 0.1497, 0.7636,  3.64713,  3.65717,     4.00,  24.85,   0.04, 
  272.886, 0.1488, 0.7641,  3.64636,  3.65643,     4.00,  24.85,   0.04, 
  273.398, 0.1480, 0.7646,  3.64559,  3.65567,     4.00,  24.85,   0.04, 
  273.911, 0.1471, 0.7651,  3.64481,  3.65492,     4.00,  24.85,   0.04, 
  274.424, 0.1463, 0.7656,  3.64403,  3.65417,     4.00,  24.85,   0.04, 
  274.937, 0.1454, 0.7661,  3.64325,  3.65341,     4.00,  24.85,   0.04, 
  275.450, 0.1446, 0.7666,  3.64247,  3.65264,     4.00,  24.85,   0.04, 
  275.963, 0.1437, 0.7671,  3.64168,  3.65188,     4.00,  24.85,   0.04, 
  276.476, 0.1429, 0.7676,  3.64089,  3.65111,     4.00,  24.85,   0.04, 
  276.989, 0.1420, 0.7681,  3.64010,  3.65034,     4.00,  24.85,   0.04, 
  277.502, 0.1412, 0.7686,  3.63931,  3.64957,     4.00,  24.85,   0.04, 
  278.015, 0.1403, 0.7691,  3.63852,  3.64879,     4.00,  24.85,   0.04, 
  278.528, 0.1395, 0.7696,  3.63772,  3.64801,     4.00,  24.85,   0.04, 
  279.041, 0.1386, 0.7701,  3.63693,  3.64723,     4.00,  24.85,   0.04, 
  279.554, 0.1378, 0.7706,  3.63614,  3.64645,     4.00,  24.85,   0.04, 
  280.067, 0.1369, 0.7711,  3.63535,  3.64566,     4.00,  24.85,   0.04, 
  280.580, 0.1361, 0.7716,  3.63456,  3.64488,     4.00,  24.85,   0.04, 
  281.093, 0.1352, 0.7721,  3.63377,  3.64409,     4.00,  24.85,   0.04, 
  281.606, 0.1344, 0.7726,  3.63299,  3.64330,     4.00,  24.85,   0.04, 
  282.119, 0.1335, 0.7730,  3.63222,  3.64251,     4.00,  24.85,   0.04, 
  282.632, 0.1327, 0.7735,  3.63145,  3.64173,     4.00,  24.85,   0.04, 
  283.145, 0.1318, 0.7740,  3.63069,  3.64094,     4.00,  24.85,   0.04, 
  283.658, 0.1310, 0.7745,  3.62994,  3.64016,     4.00,  24.85,   0.04, 
  284.171, 0.1301, 0.7750,  3.62920,  3.63938,     4.00,  24.85,   0.04, 
  284.684, 0.1293, 0.7755,  3.62847,  3.63861,     4.00,  24.85,   0.04, 
  285.197, 0.1284, 0.7760,  3.62775,  3.63784,     4.00,  24.85,   0.04, 
  285.710, 0.1276, 0.7765,  3.62705,  3.63708,     4.00,  24.85,   0.04, 
  286.223, 0.1267, 0.7770,  3.62636,  3.63633,     4.00,  24.85,   0.04, 
  286.736, 0.1259, 0.7775,  3.62569,  3.63559,     4.00,  24.85,   0.04, 
  287.249, 0.1250, 0.7780,  3.62503,  3.63486,     4.00,  24.85,   0.04, 
  287.762, 0.1242, 0.7785,  3.62440,  3.63414,     4.00,  24.85,   0.04, 
  288.275, 0.1233, 0.7790,  3.62378,  3.63343,     4.00,  24.85,   0.04, 
  288.788, 0.1225, 0.7795,  3.62318,  3.63274,     4.00,  24.85,   0.04, 
  289.301, 0.1216, 0.7800,  3.62260,  3.63206,     4.00,  24.85,   0.04, 
  289.814, 0.1208, 0.7805,  3.62205,  3.63140,     4.00,  24.85,   0.04, 
  290.327, 0.1199, 0.7810,  3.62152,  3.63076,     4.00,  24.85,   0.04, 
  290.840, 0.1190, 0.7815,  3.62100,  3.63013,     4.00,  24.85,   0.04, 
  291.353, 0.1182, 0.7820,  3.62051,  3.62953,     4.00,  24.85,   0.04, 
  291.866, 0.1173, 0.7825,  3.62004,  3.62894,     4.00,  24.85,   0.04, 
  292.379, 0.1165, 0.7830,  3.61960,  3.62838,     4.00,  24.85,   0.04, 
  292.892, 0.1156, 0.7835,  3.61917,  3.62783,     4.00,  24.85,   0.03, 
  293.405, 0.1148, 0.7840,  3.61877,  3.62731,     4.00,  24.85,   0.03, 
  293.918, 0.1139, 0.7845,  3.61838,  3.62681,     4.00,  24.85,   0.03, 
  294.431, 0.1131, 0.7850,  3.61802,  3.62633,     4.00,  24.85,   0.03, 
  294.944, 0.1122, 0.7855,  3.61767,  3.62587,     4.00,  24.85,   0.03, 
  295.457, 0.1114, 0.7860,  3.61734,  3.62543,     4.00,  24.85,   0.03, 
  295.970, 0.1105, 0.7865,  3.61703,  3.62501,     4.00,  24.85,   0.03, 
  296.483, 0.1097, 0.7870,  3.61673,  3.62461,     4.00,  24.85,   0.03, 
  296.996, 0.1088, 0.7875,  3.61645,  3.62423,     4.00,  24.85,   0.03, 
  297.509, 0.1080, 0.7880,  3.61618,  3.62387,     4.00,  24.85,   0.03, 
  298.022, 0.1071, 0.7885,  3.61592,  3.62353,     4.00,  24.85,   0.03, 
  298.535, 0.1063, 0.7890,  3.61567,  3.62320,     4.00,  24.85,   0.03, 
  299.048, 0.1054, 0.7895,  3.61542,  3.62290,     4.00,  24.85,   0.03, 
  299.561, 0.1046, 0.7900,  3.61519,  3.62260,     4.00,  24.85,   0.03, 
  300.074, 0.1037, 0.7905,  3.61495,  3.62232,     4.00,  24.85,   0.03, 
  300.587, 0.1029, 0.7910,  3.61472,  3.62205,     4.00,  24.85,   0.03, 
  301.100, 0.1020, 0.7915,  3.61450,  3.62180,     4.00,  24.85,   0.03, 
  301.613, 0.1012, 0.7920,  3.61427,  3.62156,     4.00,  24.85,   0.03, 
  302.126, 0.1003, 0.7925,  3.61405,  3.62132,     4.00,  24.85,   0.03, 
  302.639, 0.0995, 0.7930,  3.61383,  3.62110,     4.00,  24.85,   0.03, 
  303.152, 0.0986, 0.7935,  3.61361,  3.62088,     4.00,  24.85,   0.03, 
  303.665, 0.0978, 0.7940,  3.61339,  3.62067,     4.00,  24.85,   0.03, 
  304.178, 0.0969, 0.7945,  3.61317,  3.62046,     4.00,  24.85,   0.03, 
  304.691, 0.0961, 0.7950,  3.61295,  3.62026,     4.00,  24.85,   0.03, 
  305.204, 0.0952, 0.7955,  3.61273,  3.62006,     4.00,  24.85,   0.03, 
  305.717, 0.0944, 0.7960,  3.61251,  3.61986,     4.00,  24.85,   0.03, 
  306.230, 0.0935, 0.7965,  3.61229,  3.61967,     4.00,  24.85,   0.03, 
  306.743, 0.0927, 0.7970,  3.61207,  3.61948,     4.00,  24.85,   0.03, 
  307.256, 0.0918, 0.7975,  3.61185,  3.61928,     4.00,  24.85,   0.03, 
  307.769, 0.0910, 0.7980,  3.61163,  3.61909,     4.00,  24.85,   0.03, 
  308.282, 0.0901, 0.7985,  3.61140,  3.61889,     4.00,  24.85,   0.03, 
  308.795, 0.0893, 0.7990,  3.61117,  3.61870,     4.00,  24.85,   0.03, 
  309.308, 0.0884, 0.7995,  3.61094,  3.61850,     4.00,  24.85,   0.03, 
  309.821, 0.0876, 0.8000,  3.61071,  3.61830,     4.00,  24.85,   0.03, 
  310.334, 0.0867, 0.8005,  3.61047,  3.61809,     4.00,  24.85,   0.03, 
  310.847, 0.0859, 0.8010,  3.61023,  3.61789,     4.00,  24.85,   0.03, 
  311.360, 0.0850, 0.8015,  3.60999,  3.61767,     4.00,  24.85,   0.03, 
  311.873, 0.0841, 0.8019,  3.60974,  3.61746,     4.00,  24.85,   0.03, 
  312.386, 0.0833, 0.8024,  3.60949,  3.61724,     4.00,  24.85,   0.03, 
  312.899, 0.0824, 0.8029,  3.60923,  3.61701,     4.00,  24.85,   0.03, 
  313.412, 0.0816, 0.8034,  3.60897,  3.61678,     4.00,  24.85,   0.03, 
  313.925, 0.0807, 0.8039,  3.60870,  3.61655,     4.00,  24.85,   0.03, 
  314.438, 0.0799, 0.8044,  3.60843,  3.61631,     4.00,  24.85,   0.03, 
  314.951, 0.0790, 0.8049,  3.60815,  3.61607,     4.00,  24.85,   0.03, 
  315.464, 0.0782, 0.8054,  3.60787,  3.61582,     4.00,  24.85,   0.03, 
  315.977, 0.0773, 0.8059,  3.60758,  3.61556,     4.00,  24.85,   0.03, 
  316.490, 0.0765, 0.8064,  3.60729,  3.61530,     4.00,  24.85,   0.03, 
  317.003, 0.0756, 0.8069,  3.60699,  3.61504,     4.00,  24.85,   0.03, 
  317.516, 0.0748, 0.8074,  3.60668,  3.61477,     4.00,  24.85,   0.03, 
  318.029, 0.0739, 0.8079,  3.60637,  3.61449,     4.00,  24.85,   0.03, 
  318.542, 0.0731, 0.8084,  3.60605,  3.61421,     4.00,  24.85,   0.03, 
  319.055, 0.0722, 0.8089,  3.60573,  3.61392,     4.00,  24.85,   0.03, 
  319.568, 0.0714, 0.8094,  3.60540,  3.61363,     4.00,  24.85,   0.03, 
  320.081, 0.0705, 0.8099,  3.60506,  3.61333,     4.00,  24.85,   0.03, 
  320.594, 0.0697, 0.8104,  3.60471,  3.61303,     4.00,  24.85,   0.03, 
  321.107, 0.0688, 0.8109,  3.60435,  3.61271,     4.00,  24.85,   0.03, 
  321.620, 0.0680, 0.8114,  3.60399,  3.61240,     4.00,  24.85,   0.03, 
  322.133, 0.0671, 0.8119,  3.60362,  3.61207,     4.00,  24.85,   0.03, 
  322.646, 0.0663, 0.8124,  3.60323,  3.61174,     4.00,  24.85,   0.03, 
  323.159, 0.0654, 0.8129,  3.60284,  3.61140,     4.00,  24.85,   0.03, 
  323.672, 0.0646, 0.8134,  3.60243,  3.61106,     4.00,  24.85,   0.03, 
  324.185, 0.0637, 0.8139,  3.60202,  3.61070,     4.00,  24.85,   0.03, 
  324.698, 0.0629, 0.8144,  3.60158,  3.61034,     4.00,  24.85,   0.04, 
  325.211, 0.0620, 0.8149,  3.60114,  3.60997,     4.00,  24.85,   0.04, 
  325.724, 0.0612, 0.8154,  3.60067,  3.60958,     4.00,  24.85,   0.04, 
  326.237, 0.0603, 0.8159,  3.60019,  3.60919,     4.00,  24.85,   0.04, 
  326.750, 0.0595, 0.8164,  3.59969,  3.60878,     4.00,  24.85,   0.04, 
  327.263, 0.0586, 0.8169,  3.59917,  3.60836,     4.00,  24.85,   0.04, 
  327.776, 0.0578, 0.8174,  3.59862,  3.60793,     4.00,  24.85,   0.04, 
  328.289, 0.0569, 0.8179,  3.59805,  3.60748,     4.00,  24.85,   0.04, 
  328.802, 0.0561, 0.8184,  3.59745,  3.60702,     4.00,  24.85,   0.04, 
  329.315, 0.0552, 0.8189,  3.59682,  3.60653,     4.00,  24.85,   0.04, 
  329.828, 0.0544, 0.8194,  3.59615,  3.60603,     4.00,  24.85,   0.04, 
  330.341, 0.0535, 0.8199,  3.59544,  3.60550,     4.00,  24.85,   0.04, 
  330.854, 0.0527, 0.8204,  3.59468,  3.60494,     4.00,  24.85,   0.04, 
  331.367, 0.0518, 0.8209,  3.59388,  3.60436,     4.00,  24.85,   0.04, 
  331.880, 0.0509, 0.8214,  3.59302,  3.60375,     4.00,  24.85,   0.04, 
  332.393, 0.0501, 0.8219,  3.59211,  3.60311,     4.00,  24.85,   0.04, 
  332.906, 0.0492, 0.8224,  3.59113,  3.60242,     4.00,  24.85,   0.05, 
  333.419, 0.0484, 0.8229,  3.59007,  3.60170,     4.00,  24.85,   0.05, 
  333.932, 0.0475, 0.8234,  3.58893,  3.60093,     4.00,  24.85,   0.05, 
  334.445, 0.0467, 0.8239,  3.58771,  3.60010,     4.00,  24.85,   0.05, 
  334.958, 0.0458, 0.8244,  3.58638,  3.59922,     4.00,  24.85,   0.05, 
  335.471, 0.0450, 0.8249,  3.58494,  3.59828,     4.00,  24.85,   0.05, 
  335.984, 0.0441, 0.8254,  3.58338,  3.59727,     4.00,  24.85,   0.06, 
  336.497, 0.0433, 0.8259,  3.58168,  3.59618,     4.00,  24.85,   0.06, 
  337.010, 0.0424, 0.8264,  3.57983,  3.59501,     4.00,  24.85,   0.06, 
  337.523, 0.0416, 0.8269,  3.57781,  3.59374,     4.00,  24.85,   0.06, 
  338.036, 0.0407, 0.8274,  3.57561,  3.59236,     4.00,  24.85,   0.07, 
  338.549, 0.0399, 0.8279,  3.57320,  3.59087,     4.00,  24.85,   0.07, 
  339.062, 0.0390, 0.8284,  3.57056,  3.58925,     4.00,  24.85,   0.07, 
  339.575, 0.0382, 0.8289,  3.56767,  3.58749,     4.00,  24.85,   0.08, 
  340.088, 0.0373, 0.8294,  3.56449,  3.58557,     4.00,  24.85,   0.08, 
  340.601, 0.0365, 0.8299,  3.56101,  3.58347,     4.00,  24.85,   0.09, 
  341.114, 0.0356, 0.8304,  3.55718,  3.58117,     4.00,  24.85,   0.10, 
  341.627, 0.0348, 0.8308,  3.55297,  3.57867,     4.00,  24.85,   0.10, 
  342.140, 0.0339, 0.8313,  3.54834,  3.57592,     4.00,  24.85,   0.11, 
  342.653, 0.0331, 0.8318,  3.54324,  3.57290,     4.00,  24.85,   0.12, 
  343.166, 0.0322, 0.8323,  3.53762,  3.56959,     4.00,  24.85,   0.13, 
  343.679, 0.0314, 0.8328,  3.53142,  3.56596,     4.00,  24.85,   0.14, 
  344.192, 0.0305, 0.8333,  3.52459,  3.56196,     4.00,  24.85,   0.15, 
  344.705, 0.0297, 0.8338,  3.51705,  3.55756,     4.00,  24.85,   0.16, 
  345.218, 0.0288, 0.8343,  3.50873,  3.55272,     4.00,  24.85,   0.18, 
  345.731, 0.0280, 0.8348,  3.49954,  3.54739,     4.00,  24.85,   0.19, 
  346.244, 0.0271, 0.8353,  3.48939,  3.54151,     4.00,  24.85,   0.21, 
  346.757, 0.0263, 0.8358,  3.47818,  3.53503,     4.00,  24.85,   0.23, 
  347.270, 0.0254, 0.8363,  3.46579,  3.52789,     4.00,  24.85,   0.25, 
  347.783, 0.0246, 0.8368,  3.45210,  3.52000,     4.00,  24.85,   0.27, 
  348.296, 0.0237, 0.8373,  3.43696,  3.51129,     4.00,  24.85,   0.30, 
  348.809, 0.0229, 0.8378,  3.42022,  3.50167,     4.00,  24.85,   0.33, 
  349.322, 0.0220, 0.8383,  3.40171,  3.49104,     4.00,  24.85,   0.36, 
  349.835, 0.0212, 0.8388,  3.38123,  3.47930,     4.00,  24.85,   0.39, 
  350.348, 0.0203, 0.8393,  3.35858,  3.46633,     4.00,  24.85,   0.43, 
  350.861, 0.0195, 0.8398,  3.33351,  3.45199,     4.00,  24.85,   0.47, 
  351.374, 0.0186, 0.8403,  3.30578,  3.43613,     4.00,  24.85,   0.52, 
  351.887, 0.0177, 0.8408,  3.27510,  3.41859,     4.00,  24.85,   0.57, 
  352.400, 0.0169, 0.8413,  3.24113,  3.39919,     4.00,  24.85,   0.63, 
  352.913, 0.0160, 0.8418,  3.20354,  3.37773,     4.00,  24.85,   0.70, 
  353.426, 0.0152, 0.8423,  3.16194,  3.35399,     4.00,  24.85,   0.77, 
  353.939, 0.0143, 0.8428,  3.11588,  3.32772,     4.00,  24.85,   0.85, 
  354.452, 0.0135, 0.8433,  3.06490,  3.29866,     4.00,  24.85,   0.93, 
  354.965, 0.0126, 0.8438,  3.00846,  3.26649,     4.00,  24.85,   1.03, 
  355.478, 0.0118, 0.8443,  2.94597,  3.23089,     4.00,  24.85,   1.14, 
  355.991, 0.0109, 0.8448,  2.87679,  3.19148,     4.00,  24.85,   1.26, 
  356.504, 0.0101, 0.8453,  2.80019,  3.14786,     4.00,  24.85,   1.39, 
  357.017, 0.0092, 0.8458,  2.71537,  3.09958,     4.00,  24.85,   1.54, 
  357.530, 0.0084, 0.8463,  2.62146,  3.04613,     4.00,  24.85,   1.70, 
  358.043, 0.0075, 0.8468,  2.51748,  2.98695,     4.00,  24.85,   1.88, 
  358.556, 0.0067, 0.8473,  2.40233,  2.92143,     4.00,  24.85,   2.08, 
  359.069, 0.0058, 0.8478,  2.27482,  2.84888,     4.00,  24.85,   2.29, 
  359.582, 0.0050, 0.8483,  2.13362,  2.76856,     4.00,  24.85,   2.54, 
  359.710, 0.0048, 0.8484,  2.09601,  2.74717,     4.00,  24.85,   2.60, 
  359.728, 0.0047, 0.8484,  2.09076,  2.74419,     4.00,  24.85,   2.61, 
  359.738, 0.0047, 0.8484,  2.08787,  2.74254,     4.00,  24.85,   2.62, 
  359.743, 0.0047, 0.8484,  2.08621,  2.74164,     4.00,  24.85,   2.62, 
  359.745, 0.0047, 0.8484,  2.08557,  2.74139,     4.00,  24.85,   2.62, 
  359.745, 0.0047, 0.8484,  2.08492,  2.74125,     4.00,  24.85,   2.62, 
  359.745, 0.0047, 0.8484,  2.08488,  2.74125,     4.00,  24.85,   2.62, 
 mass is   0.816565
 energy is   109.962354
 power is   18.3400334
 437 this time step did not converge
 Solid concentration driven to zero.
 Consider changing vcut or the current density.
  
 dV/dt at point of failure is (V/s) -0.190540689
 Moving on to next leg if not the last
  
 comp 7 not converged

            mass  =  0.8166 kg/m2
 specific energy segment =   109.96 W-h/kg
 specific power segment  =    18.39 W/kg
 total heat =          0.4289 W-h/m2
  
