     50  lim, limit on number of iterations
 100.00  h1,  thickness of negative electrode (microns)
  25.00  h2,  thickness of separator (microns)
 100.00  h3,  thickness of positive electrode (microns)
  25.00  hcn, thickness of negative electrode current collector (microns)
  25.00  hcp, thickness of positive electrode current collector (microns)
     80  n1,  number of nodes in negative electrode
     40  n2,  number of nodes in separator
     80  n3,  number of nodes in positive electrode
 298.00  T,   temperature (K)

 1000.0  xx(1,n1+2), initial concentration (mol/m3)
 0.6000  csx,   initial stoichiometric parameter for negative
 0.5000  csy,   initial stoichiometric parameter for positive
   30.0  tmmax, maximum time step size (s)
 .4E-13  dfs1, diffusion coefficient in negative solid (m2/s)
 .1E-12  dfs3, diffusion coefficient in positive solid (m2/s)
  10.00  Rad1,  radius of negative particles (microns)
  10.00  Rad3,  radius of positive particles (microns)

  0.300  ep1,   volume fraction of electrolyte in negative electrode
  0.000  epp1,  volume fraction of polymer phase in negative electrode
  0.100  epf1,  volume fraction of inert filler in negative electrode
  1.000  ep2,   volume fraction of electrolyte in separator
  0.000  epp2,  volume fraction of polymer phase in separator
  0.300  ep3,   volume fraction of electrolyte in positive electrode
  0.000  epp3,  volume fraction of polymer phase in positive electrode
  0.200  epf3,  volume fraction of inert filler in positive electrode
 0.10E+03  sig1,  conductivity of negative matrix (S/m)
  10.      sig3,  conductivity of positive matrix (S/m)
  372.00  cot1,  coulombic capacity of negative material (mAh/g)
  274.00  cot3,  coulombic capacity of positive material (mAh/g)
 .1E-04  rka1,  reaction rate constant for negative reaction 
 .3E-10  rka3,  reaction rate constant for positive reaction

 1324.0  re,   density of electrolyte (kg/m3)
 1800.0  rs1,  density of negative insertion material (kg/m3)
 5010.0  rs3,  density of positive insertion material (kg/m3)
 1800.0  rf,   density of inert filler (kg/m3)
 1780.0  rpl,  density of polymer phase (kg/m3)
    0.0  rc,   density of separator material (kg/m3)
 8954.0  rcn,  density of negative current collector (kg/m3)
 2707.0  rcp,  density of positive current collector (kg/m3)

   0.001000  ranode,   anode film resistance (ohm-m2)
   0.000000  rcathde,  cathode film resistance (ohm-m2)
   0.00  htc,   heat-transfer coefficient with external medium (W/m2K)
   0.000000  dUdT,  temperature coefficient of EMF (V/K)
 2000.0  Cp,    heat capacity of cell (J/kg-K)
   0.00  residm,    residual mass (kg/m2)
 298.00  Tam,   ambient temperature (K)
      1  ncell, number of cells in a cell stack
      2  lht,   0 uses htc,  1 calcs htc,  2 isothermal

      0    nside, side reaction flag 

      1  il1,   1 for long print-out  0 for short print-out
     10  il2,   prints every il2 th node in long print-out
     10  il3,   prints every il3 th time step in long print-out
      1  lflag, 0 for electrolyte in separator only, 1 for uniform
      0  imp, 0 for no impedance, 1 for impedance
   0.00  capp1,  capacitance of negative material (F/m2)
   0.00  capp3,  capacitance of positive material (F/m2)
      2  lcurs, number of current changes
  
 MCMB 2528 Graphite (Bellcore)
 LiPF6 in EC:DMC
 LiCoO2 (Cobalt dioxide)
 open-circuit potential, negative   0.178978294
 delta S negative   0.
 open-circuit potential, positive   4.24165195
 delta S positive   0.
  
      DUAL INSERTION CELL VERSION 5.1
  
   Time     Util N  Util P  Cell Pot   Uocp      Curr      Temp   heatgen
   (min)       x       y      (V)       (V)      (A/m2)    (C)    (W/m2)
  
    0.000, 0.6000, 0.5000,  4.06267,  4.06267,     0.00,  24.85,   0.00, 
    0.001, 0.6000, 0.5000,  4.06267,  4.06267,     0.00,  24.85,   0.00, 
    0.001, 0.6000, 0.5000,  4.06267,  4.06267,     0.00,  24.85,   0.00, 
    0.001, 0.6000, 0.5000,  4.06267,  4.06267,     0.00,  24.85,   0.00, 
    0.002, 0.6000, 0.5000,  4.06267,  4.06267,     0.00,  24.85,   0.00, 
    0.002, 0.6000, 0.5000,  4.06267,  4.06267,     0.00,  24.85,   0.00, 
    0.003, 0.6000, 0.5000,  4.06267,  4.06267,     0.00,  24.85,   0.00, 
    0.003, 0.6000, 0.5000,  4.06267,  4.06267,     0.00,  24.85,   0.00, 
    0.004, 0.6000, 0.5000,  4.06267,  4.06267,     0.00,  24.85,   0.00, 
    0.005, 0.6000, 0.5000,  4.06267,  4.06267,     0.00,  24.85,   0.00, 
    0.006, 0.6000, 0.5000,  4.06267,  4.06267,     0.00,  24.85,   0.00, 
    0.007, 0.6000, 0.5000,  4.06267,  4.06267,     0.00,  24.85,   0.00, 
    0.007, 0.6000, 0.5000,  4.06267,  4.06267,     0.00,  24.85,   0.00, 
    0.009, 0.6000, 0.5000,  4.06267,  4.06267,     0.00,  24.85,   0.00, 
    0.010, 0.6000, 0.5000,  4.06267,  4.06267,     0.00,  24.85,   0.00, 
    0.011, 0.6000, 0.5000,  4.06267,  4.06267,     0.00,  24.85,   0.00, 
    0.012, 0.6000, 0.5000,  4.06267,  4.06267,     0.00,  24.85,   0.00, 
    0.014, 0.6000, 0.5000,  4.06267,  4.06267,     0.00,  24.85,   0.00, 
    0.016, 0.6000, 0.5000,  4.06267,  4.06267,     0.00,  24.85,   0.00, 
    0.017, 0.6000, 0.5000,  4.06267,  4.06267,     0.00,  24.85,   0.00, 
    0.019, 0.6000, 0.5000,  4.06267,  4.06267,     0.00,  24.85,   0.00, 
    0.022, 0.6000, 0.5000,  4.06267,  4.06267,     0.00,  24.85,   0.00, 
    0.024, 0.6000, 0.5000,  4.06267,  4.06267,     0.00,  24.85,   0.00, 
    0.027, 0.6000, 0.5000,  4.06267,  4.06267,     0.00,  24.85,   0.00, 
    0.030, 0.6000, 0.5000,  4.06267,  4.06267,     0.00,  24.85,   0.00, 
    0.033, 0.6000, 0.5000,  4.06267,  4.06267,     0.00,  24.85,   0.00, 
    0.037, 0.6000, 0.5000,  4.06267,  4.06267,     0.00,  24.85,   0.00, 
    0.041, 0.6000, 0.5000,  4.06267,  4.06267,     0.00,  24.85,   0.00, 
    0.045, 0.6000, 0.5000,  4.06267,  4.06267,     0.00,  24.85,   0.00, 
    0.050, 0.6000, 0.5000,  4.06267,  4.06267,     0.00,  24.85,   0.00, 
    0.055, 0.6000, 0.5000,  4.06267,  4.06267,     0.00,  24.85,   0.00, 
    0.061, 0.6000, 0.5000,  4.06267,  4.06267,     0.00,  24.85,   0.00, 
    0.067, 0.6000, 0.5000,  4.06267,  4.06267,     0.00,  24.85,   0.00, 
    0.074, 0.6000, 0.5000,  4.06267,  4.06267,     0.00,  24.85,   0.00, 
    0.082, 0.6000, 0.5000,  4.06267,  4.06267,     0.00,  24.85,   0.00, 
    0.091, 0.6000, 0.5000,  4.06267,  4.06267,     0.00,  24.85,   0.00, 
    0.100, 0.6000, 0.5000,  4.06267,  4.06267,     0.00,  24.85,   0.00, 
    0.110, 0.6000, 0.5000,  4.06267,  4.06267,     0.00,  24.85,   0.00, 
    0.122, 0.6000, 0.5000,  4.06267,  4.06267,     0.00,  24.85,   0.00, 
    0.134, 0.6000, 0.5000,  4.06267,  4.06267,     0.00,  24.85,   0.00, 
    0.148, 0.6000, 0.5000,  4.06267,  4.06267,     0.00,  24.85,   0.00, 
    0.163, 0.6000, 0.5000,  4.06267,  4.06267,     0.00,  24.85,   0.00, 
    0.180, 0.6000, 0.5000,  4.06267,  4.06267,     0.00,  24.85,   0.00, 
    0.198, 0.6000, 0.5000,  4.06267,  4.06267,     0.00,  24.85,   0.00, 
    0.218, 0.6000, 0.5000,  4.06267,  4.06267,     0.00,  24.85,   0.00, 
    0.240, 0.6000, 0.5000,  4.06267,  4.06267,     0.00,  24.85,   0.00, 
    0.264, 0.6000, 0.5000,  4.06267,  4.06267,     0.00,  24.85,   0.00, 
    0.291, 0.6000, 0.5000,  4.06267,  4.06267,     0.00,  24.85,   0.00, 
    0.320, 0.6000, 0.5000,  4.06267,  4.06267,     0.00,  24.85,   0.00, 
    0.353, 0.6000, 0.5000,  4.06267,  4.06267,     0.00,  24.85,   0.00, 
    0.388, 0.6000, 0.5000,  4.06267,  4.06267,     0.00,  24.85,   0.00, 
    0.427, 0.6000, 0.5000,  4.06267,  4.06267,     0.00,  24.85,   0.00, 
    0.470, 0.6000, 0.5000,  4.06267,  4.06267,     0.00,  24.85,   0.00, 
    0.518, 0.6000, 0.5000,  4.06267,  4.06267,     0.00,  24.85,   0.00, 
    0.570, 0.6000, 0.5000,  4.06267,  4.06267,     0.00,  24.85,   0.00, 
    0.627, 0.6000, 0.5000,  4.06267,  4.06267,     0.00,  24.85,   0.00, 
    0.690, 0.6000, 0.5000,  4.06267,  4.06267,     0.00,  24.85,   0.00, 
    0.760, 0.6000, 0.5000,  4.06267,  4.06267,     0.00,  24.85,   0.00, 
    0.836, 0.6000, 0.5000,  4.06267,  4.06267,     0.00,  24.85,   0.00, 
    0.920, 0.6000, 0.5000,  4.06267,  4.06267,     0.00,  24.85,   0.00, 
    1.000, 0.6000, 0.5000,  4.06267,  4.06267,     0.00,  24.85,   0.00, 
    1.000, 0.6000, 0.5000,  4.04939,  4.06267,    12.00,  24.85,   0.16, 
 specific energy segment =     0.00 W-h/kg
 specific power segment  =     0.00 W/kg
 total heat =          0.0000 W-h/m2
  
    1.000, 0.6000, 0.5000,  4.04939,  4.06267,    12.00,  24.85,   0.16, 
    1.000, 0.6000, 0.5000,  4.04932,  4.06267,    12.00,  24.85,   0.16, 
    1.001, 0.6000, 0.5000,  4.04928,  4.06267,    12.00,  24.85,   0.16, 
    1.001, 0.6000, 0.5000,  4.04924,  4.06267,    12.00,  24.85,   0.16, 
    1.002, 0.6000, 0.5000,  4.04920,  4.06267,    12.00,  24.85,   0.16, 
    1.002, 0.6000, 0.5000,  4.04917,  4.06267,    12.00,  24.85,   0.16, 
    1.003, 0.6000, 0.5000,  4.04914,  4.06267,    12.00,  24.85,   0.16, 
    1.003, 0.6000, 0.5000,  4.04911,  4.06266,    12.00,  24.85,   0.16, 
    1.004, 0.6000, 0.5000,  4.04907,  4.06266,    12.00,  24.85,   0.16, 
    1.005, 0.6000, 0.5000,  4.04904,  4.06266,    12.00,  24.85,   0.16, 
    1.005, 0.6000, 0.5000,  4.04901,  4.06266,    12.00,  24.85,   0.16, 
    1.006, 0.6000, 0.5000,  4.04897,  4.06266,    12.00,  24.85,   0.16, 
    1.007, 0.6000, 0.5000,  4.04893,  4.06265,    12.00,  24.85,   0.16, 
    1.008, 0.6000, 0.5000,  4.04890,  4.06265,    12.00,  24.85,   0.17, 
    1.009, 0.6000, 0.5000,  4.04886,  4.06265,    12.00,  24.85,   0.17, 
    1.011, 0.5999, 0.5000,  4.04882,  4.06264,    12.00,  24.85,   0.17, 
    1.012, 0.5999, 0.5000,  4.04877,  4.06264,    12.00,  24.85,   0.17, 
    1.014, 0.5999, 0.5000,  4.04873,  4.06264,    12.00,  24.85,   0.17, 
    1.015, 0.5999, 0.5000,  4.04868,  4.06263,    12.00,  24.85,   0.17, 
    1.017, 0.5999, 0.5000,  4.04863,  4.06263,    12.00,  24.85,   0.17, 
    1.019, 0.5999, 0.5001,  4.04858,  4.06262,    12.00,  24.85,   0.17, 
    1.021, 0.5999, 0.5001,  4.04852,  4.06261,    12.00,  24.85,   0.17, 
    1.024, 0.5999, 0.5001,  4.04846,  4.06261,    12.00,  24.85,   0.17, 
    1.027, 0.5999, 0.5001,  4.04840,  4.06260,    12.00,  24.85,   0.17, 
    1.029, 0.5999, 0.5001,  4.04834,  4.06259,    12.00,  24.85,   0.17, 
    1.033, 0.5998, 0.5001,  4.04827,  4.06258,    12.00,  24.85,   0.17, 
    1.036, 0.5998, 0.5001,  4.04820,  4.06257,    12.00,  24.85,   0.17, 
    1.040, 0.5998, 0.5001,  4.04812,  4.06256,    12.00,  24.85,   0.17, 
    1.045, 0.5998, 0.5001,  4.04804,  4.06255,    12.00,  24.85,   0.17, 
    1.050, 0.5998, 0.5001,  4.04796,  4.06254,    12.00,  24.85,   0.17, 
    1.055, 0.5997, 0.5002,  4.04787,  4.06252,    12.00,  24.85,   0.18, 
    1.061, 0.5997, 0.5002,  4.04777,  4.06250,    12.00,  24.85,   0.18, 
    1.067, 0.5997, 0.5002,  4.04767,  4.06249,    12.00,  24.85,   0.18, 
    1.074, 0.5996, 0.5002,  4.04757,  4.06247,    12.00,  24.85,   0.18, 
    1.082, 0.5996, 0.5002,  4.04745,  4.06245,    12.00,  24.85,   0.18, 
    1.090, 0.5996, 0.5003,  4.04734,  4.06242,    12.00,  24.85,   0.18, 
    1.100, 0.5995, 0.5003,  4.04721,  4.06240,    12.00,  24.85,   0.18, 
    1.110, 0.5995, 0.5003,  4.04708,  4.06237,    12.00,  24.85,   0.18, 
    1.121, 0.5994, 0.5004,  4.04694,  4.06234,    12.00,  24.85,   0.18, 
    1.134, 0.5993, 0.5004,  4.04679,  4.06230,    12.00,  24.85,   0.19, 
    1.148, 0.5993, 0.5004,  4.04664,  4.06226,    12.00,  24.85,   0.19, 
    1.163, 0.5992, 0.5005,  4.04647,  4.06222,    12.00,  24.85,   0.19, 
    1.179, 0.5991, 0.5005,  4.04630,  4.06218,    12.00,  24.85,   0.19, 
    1.197, 0.5990, 0.5006,  4.04612,  4.06212,    12.00,  24.85,   0.19, 
    1.218, 0.5989, 0.5006,  4.04592,  4.06207,    12.00,  24.85,   0.19, 
    1.240, 0.5988, 0.5007,  4.04572,  4.06201,    12.00,  24.85,   0.20, 
    1.264, 0.5987, 0.5008,  4.04551,  4.06194,    12.00,  24.85,   0.20, 
    1.291, 0.5986, 0.5008,  4.04528,  4.06187,    12.00,  24.85,   0.20, 
    1.320, 0.5984, 0.5009,  4.04505,  4.06179,    12.00,  24.85,   0.20, 
    1.352, 0.5982, 0.5010,  4.04480,  4.06170,    12.00,  24.85,   0.20, 
    1.388, 0.5981, 0.5011,  4.04454,  4.06160,    12.00,  24.85,   0.20, 
    1.427, 0.5979, 0.5012,  4.04428,  4.06149,    12.00,  24.85,   0.21, 
    1.470, 0.5977, 0.5014,  4.04399,  4.06138,    12.00,  24.85,   0.21, 
    1.517, 0.5974, 0.5015,  4.04370,  4.06125,    12.00,  24.85,   0.21, 
    1.570, 0.5972, 0.5017,  4.04340,  4.06111,    12.00,  24.85,   0.21, 
    1.627, 0.5969, 0.5018,  4.04308,  4.06095,    12.00,  24.85,   0.21, 
    1.690, 0.5966, 0.5020,  4.04276,  4.06078,    12.00,  24.85,   0.22, 
    1.759, 0.5962, 0.5022,  4.04241,  4.06060,    12.00,  24.85,   0.22, 
    1.835, 0.5958, 0.5024,  4.04206,  4.06039,    12.00,  24.85,   0.22, 
    1.919, 0.5954, 0.5027,  4.04169,  4.06017,    12.00,  24.85,   0.22, 
    2.012, 0.5950, 0.5029,  4.04131,  4.05993,    12.00,  24.85,   0.22, 
    2.113, 0.5945, 0.5032,  4.04090,  4.05966,    12.00,  24.85,   0.22, 
    2.225, 0.5939, 0.5036,  4.04048,  4.05937,    12.00,  24.85,   0.23, 
    2.348, 0.5933, 0.5039,  4.04004,  4.05905,    12.00,  24.85,   0.23, 
    2.483, 0.5926, 0.5043,  4.03957,  4.05870,    12.00,  24.85,   0.23, 
    2.631, 0.5919, 0.5048,  4.03907,  4.05832,    12.00,  24.85,   0.23, 
    2.795, 0.5911, 0.5052,  4.03853,  4.05791,    12.00,  24.85,   0.23, 
    2.974, 0.5902, 0.5058,  4.03796,  4.05746,    12.00,  24.85,   0.23, 
    3.172, 0.5892, 0.5063,  4.03734,  4.05696,    12.00,  24.85,   0.23, 
    3.390, 0.5881, 0.5070,  4.03667,  4.05643,    12.00,  24.85,   0.23, 
    3.629, 0.5869, 0.5077,  4.03594,  4.05584,    12.00,  24.85,   0.24, 
    3.892, 0.5856, 0.5084,  4.03512,  4.05520,    12.00,  24.85,   0.24, 
    4.182, 0.5842, 0.5093,  4.03421,  4.05450,    12.00,  24.85,   0.24, 
    4.501, 0.5826, 0.5102,  4.03316,  4.05373,    12.00,  24.85,   0.24, 
    4.851, 0.5808, 0.5112,  4.03194,  4.05287,    12.00,  24.85,   0.25, 
    5.236, 0.5789, 0.5123,  4.03046,  4.05189,    12.00,  24.85,   0.25, 
    5.660, 0.5768, 0.5136,  4.02861,  4.05075,    12.00,  24.85,   0.26, 
    6.127, 0.5745, 0.5149,  4.02620,  4.04936,    12.00,  24.85,   0.27, 
    6.640, 0.5719, 0.5164,  4.02293,  4.04756,    12.00,  24.85,   0.29, 
    7.153, 0.5694, 0.5179,  4.01883,  4.04531,    12.00,  24.85,   0.32, 
    7.666, 0.5668, 0.5194,  4.01380,  4.04240,    12.00,  24.85,   0.34, 
    8.179, 0.5643, 0.5209,  4.00800,  4.03863,    12.00,  24.85,   0.37, 
    8.692, 0.5617, 0.5224,  4.00187,  4.03387,    12.00,  24.85,   0.38, 
    9.205, 0.5592, 0.5239,  3.99603,  4.02827,    12.00,  24.85,   0.39, 
    9.718, 0.5566, 0.5254,  3.99098,  4.02223,    12.00,  24.85,   0.37, 
   10.231, 0.5540, 0.5269,  3.98692,  4.01639,    12.00,  24.85,   0.35, 
   10.744, 0.5515, 0.5284,  3.98379,  4.01127,    12.00,  24.85,   0.33, 
   11.257, 0.5489, 0.5299,  3.98136,  4.00713,    12.00,  24.85,   0.31, 
   11.770, 0.5464, 0.5314,  3.97941,  4.00395,    12.00,  24.85,   0.29, 
   12.283, 0.5438, 0.5329,  3.97772,  4.00154,    12.00,  24.85,   0.29, 
   12.796, 0.5413, 0.5344,  3.97615,  3.99966,    12.00,  24.85,   0.28, 
   13.309, 0.5387, 0.5359,  3.97457,  3.99810,    12.00,  24.85,   0.28, 
   13.822, 0.5362, 0.5374,  3.97292,  3.99671,    12.00,  24.85,   0.29, 
   14.335, 0.5336, 0.5389,  3.97113,  3.99535,    12.00,  24.85,   0.29, 
   14.848, 0.5311, 0.5404,  3.96915,  3.99395,    12.00,  24.85,   0.30, 
   15.361, 0.5285, 0.5418,  3.96695,  3.99242,    12.00,  24.85,   0.31, 
   15.874, 0.5260, 0.5433,  3.96449,  3.99072,    12.00,  24.85,   0.31, 
   16.387, 0.5234, 0.5448,  3.96175,  3.98879,    12.00,  24.85,   0.32, 
   16.900, 0.5209, 0.5463,  3.95869,  3.98660,    12.00,  24.85,   0.34, 
   17.413, 0.5183, 0.5478,  3.95531,  3.98410,    12.00,  24.85,   0.35, 
   17.926, 0.5157, 0.5493,  3.95157,  3.98125,    12.00,  24.85,   0.36, 
   18.439, 0.5132, 0.5508,  3.94748,  3.97805,    12.00,  24.85,   0.37, 
   18.952, 0.5106, 0.5523,  3.94303,  3.97445,    12.00,  24.85,   0.38, 
   19.465, 0.5081, 0.5538,  3.93823,  3.97045,    12.00,  24.85,   0.39, 
   19.978, 0.5055, 0.5553,  3.93311,  3.96605,    12.00,  24.85,   0.40, 
   20.491, 0.5030, 0.5568,  3.92769,  3.96125,    12.00,  24.85,   0.40, 
   21.004, 0.5004, 0.5583,  3.92203,  3.95608,    12.00,  24.85,   0.41, 
   21.517, 0.4979, 0.5598,  3.91618,  3.95057,    12.00,  24.85,   0.41, 
   22.030, 0.4953, 0.5613,  3.91021,  3.94478,    12.00,  24.85,   0.42, 
   22.543, 0.4928, 0.5628,  3.90420,  3.93875,    12.00,  24.85,   0.41, 
   23.056, 0.4902, 0.5643,  3.89822,  3.93257,    12.00,  24.85,   0.41, 
   23.569, 0.4877, 0.5658,  3.89235,  3.92631,    12.00,  24.85,   0.41, 
   24.082, 0.4851, 0.5673,  3.88666,  3.92007,    12.00,  24.85,   0.40, 
   24.595, 0.4825, 0.5688,  3.88120,  3.91391,    12.00,  24.85,   0.39, 
   25.108, 0.4800, 0.5702,  3.87603,  3.90792,    12.00,  24.85,   0.38, 
   25.621, 0.4774, 0.5717,  3.87119,  3.90216,    12.00,  24.85,   0.37, 
   26.134, 0.4749, 0.5732,  3.86669,  3.89669,    12.00,  24.85,   0.36, 
   26.647, 0.4723, 0.5747,  3.86255,  3.89155,    12.00,  24.85,   0.35, 
   27.160, 0.4698, 0.5762,  3.85876,  3.88676,    12.00,  24.85,   0.33, 
   27.673, 0.4672, 0.5777,  3.85531,  3.88235,    12.00,  24.85,   0.32, 
   28.186, 0.4647, 0.5792,  3.85219,  3.87832,    12.00,  24.85,   0.31, 
   28.699, 0.4621, 0.5807,  3.84937,  3.87464,    12.00,  24.85,   0.30, 
   29.212, 0.4596, 0.5822,  3.84681,  3.87132,    12.00,  24.85,   0.29, 
   29.725, 0.4570, 0.5837,  3.84450,  3.86831,    12.00,  24.85,   0.28, 
   30.238, 0.4545, 0.5852,  3.84239,  3.86560,    12.00,  24.85,   0.28, 
   30.751, 0.4519, 0.5867,  3.84047,  3.86315,    12.00,  24.85,   0.27, 
   31.264, 0.4493, 0.5882,  3.83869,  3.86093,    12.00,  24.85,   0.27, 
   31.777, 0.4468, 0.5897,  3.83704,  3.85891,    12.00,  24.85,   0.26, 
   32.290, 0.4442, 0.5912,  3.83550,  3.85706,    12.00,  24.85,   0.26, 
   32.803, 0.4417, 0.5927,  3.83403,  3.85535,    12.00,  24.85,   0.25, 
   33.316, 0.4391, 0.5942,  3.83263,  3.85376,    12.00,  24.85,   0.25, 
   33.829, 0.4366, 0.5957,  3.83127,  3.85226,    12.00,  24.85,   0.25, 
   34.342, 0.4340, 0.5972,  3.82995,  3.85083,    12.00,  24.85,   0.25, 
   34.855, 0.4315, 0.5986,  3.82865,  3.84945,    12.00,  24.85,   0.25, 
   35.368, 0.4289, 0.6001,  3.82736,  3.84812,    12.00,  24.85,   0.25, 
   35.881, 0.4264, 0.6016,  3.82608,  3.84681,    12.00,  24.85,   0.25, 
   36.394, 0.4238, 0.6031,  3.82480,  3.84551,    12.00,  24.85,   0.25, 
   36.907, 0.4213, 0.6046,  3.82351,  3.84421,    12.00,  24.85,   0.25, 
   37.420, 0.4187, 0.6061,  3.82222,  3.84291,    12.00,  24.85,   0.25, 
   37.933, 0.4161, 0.6076,  3.82092,  3.84161,    12.00,  24.85,   0.24, 
   38.446, 0.4136, 0.6091,  3.81960,  3.84028,    12.00,  24.85,   0.24, 
   38.959, 0.4110, 0.6106,  3.81826,  3.83894,    12.00,  24.85,   0.24, 
   39.472, 0.4085, 0.6121,  3.81689,  3.83758,    12.00,  24.85,   0.24, 
   39.984, 0.4059, 0.6136,  3.81549,  3.83619,    12.00,  24.85,   0.25, 
   40.497, 0.4034, 0.6151,  3.81406,  3.83478,    12.00,  24.85,   0.25, 
   41.010, 0.4008, 0.6166,  3.81260,  3.83335,    12.00,  24.85,   0.25, 
   41.523, 0.3983, 0.6181,  3.81111,  3.83188,    12.00,  24.85,   0.25, 
   42.036, 0.3957, 0.6196,  3.80959,  3.83040,    12.00,  24.85,   0.25, 
   42.549, 0.3932, 0.6211,  3.80804,  3.82889,    12.00,  24.85,   0.25, 
   43.062, 0.3906, 0.6226,  3.80646,  3.82736,    12.00,  24.85,   0.25, 
   43.575, 0.3881, 0.6241,  3.80486,  3.82581,    12.00,  24.85,   0.25, 
   44.088, 0.3855, 0.6256,  3.80324,  3.82424,    12.00,  24.85,   0.25, 
   44.601, 0.3829, 0.6270,  3.80159,  3.82265,    12.00,  24.85,   0.25, 
   45.114, 0.3804, 0.6285,  3.79993,  3.82104,    12.00,  24.85,   0.25, 
   45.627, 0.3778, 0.6300,  3.79825,  3.81942,    12.00,  24.85,   0.26, 
   46.140, 0.3753, 0.6315,  3.79655,  3.81778,    12.00,  24.85,   0.26, 
   46.653, 0.3727, 0.6330,  3.79484,  3.81614,    12.00,  24.85,   0.26, 
   47.166, 0.3702, 0.6345,  3.79311,  3.81449,    12.00,  24.85,   0.26, 
   47.679, 0.3676, 0.6360,  3.79138,  3.81283,    12.00,  24.85,   0.26, 
   48.192, 0.3651, 0.6375,  3.78964,  3.81116,    12.00,  24.85,   0.26, 
   48.705, 0.3625, 0.6390,  3.78789,  3.80950,    12.00,  24.85,   0.26, 
   49.218, 0.3600, 0.6405,  3.78613,  3.80783,    12.00,  24.85,   0.26, 
   49.731, 0.3574, 0.6420,  3.78437,  3.80616,    12.00,  24.85,   0.26, 
   50.244, 0.3549, 0.6435,  3.78261,  3.80449,    12.00,  24.85,   0.27, 
   50.757, 0.3523, 0.6450,  3.78084,  3.80283,    12.00,  24.85,   0.27, 
   51.270, 0.3497, 0.6465,  3.77908,  3.80117,    12.00,  24.85,   0.27, 
   51.783, 0.3472, 0.6480,  3.77731,  3.79952,    12.00,  24.85,   0.27, 
   52.296, 0.3446, 0.6495,  3.77555,  3.79788,    12.00,  24.85,   0.27, 
   52.809, 0.3421, 0.6510,  3.77379,  3.79625,    12.00,  24.85,   0.27, 
   53.322, 0.3395, 0.6525,  3.77204,  3.79462,    12.00,  24.85,   0.27, 
   53.835, 0.3370, 0.6540,  3.77029,  3.79300,    12.00,  24.85,   0.27, 
   54.348, 0.3344, 0.6555,  3.76855,  3.79140,    12.00,  24.85,   0.27, 
   54.861, 0.3319, 0.6569,  3.76682,  3.78981,    12.00,  24.85,   0.28, 
   55.374, 0.3293, 0.6584,  3.76509,  3.78822,    12.00,  24.85,   0.28, 
   55.887, 0.3268, 0.6599,  3.76337,  3.78665,    12.00,  24.85,   0.28, 
   56.400, 0.3242, 0.6614,  3.76167,  3.78509,    12.00,  24.85,   0.28, 
   56.913, 0.3217, 0.6629,  3.75997,  3.78355,    12.00,  24.85,   0.28, 
   57.426, 0.3191, 0.6644,  3.75828,  3.78201,    12.00,  24.85,   0.28, 
   57.939, 0.3166, 0.6659,  3.75661,  3.78048,    12.00,  24.85,   0.28, 
   58.452, 0.3140, 0.6674,  3.75494,  3.77896,    12.00,  24.85,   0.28, 
   58.965, 0.3114, 0.6689,  3.75329,  3.77746,    12.00,  24.85,   0.28, 
   59.478, 0.3089, 0.6704,  3.75165,  3.77595,    12.00,  24.85,   0.29, 
   59.991, 0.3063, 0.6719,  3.75003,  3.77446,    12.00,  24.85,   0.29, 
   60.504, 0.3038, 0.6734,  3.74842,  3.77297,    12.00,  24.85,   0.29, 
   61.017, 0.3012, 0.6749,  3.74682,  3.77148,    12.00,  24.85,   0.29, 
   61.530, 0.2987, 0.6764,  3.74523,  3.77000,    12.00,  24.85,   0.29, 
   62.043, 0.2961, 0.6779,  3.74366,  3.76852,    12.00,  24.85,   0.29, 
   62.556, 0.2936, 0.6794,  3.74210,  3.76703,    12.00,  24.85,   0.29, 
   63.069, 0.2910, 0.6809,  3.74055,  3.76555,    12.00,  24.85,   0.30, 
   63.582, 0.2885, 0.6824,  3.73901,  3.76405,    12.00,  24.85,   0.30, 
   64.095, 0.2859, 0.6839,  3.73748,  3.76256,    12.00,  24.85,   0.30, 
   64.608, 0.2834, 0.6853,  3.73595,  3.76105,    12.00,  24.85,   0.30, 
   65.121, 0.2808, 0.6868,  3.73442,  3.75953,    12.00,  24.85,   0.30, 
   65.634, 0.2782, 0.6883,  3.73288,  3.75800,    12.00,  24.85,   0.30, 
   66.147, 0.2757, 0.6898,  3.73131,  3.75646,    12.00,  24.85,   0.30, 
   66.660, 0.2731, 0.6913,  3.72971,  3.75490,    12.00,  24.85,   0.31, 
   67.173, 0.2706, 0.6928,  3.72809,  3.75333,    12.00,  24.85,   0.31, 
   67.686, 0.2680, 0.6943,  3.72642,  3.75173,    12.00,  24.85,   0.31, 
   68.199, 0.2655, 0.6958,  3.72472,  3.75012,    12.00,  24.85,   0.31, 
   68.712, 0.2629, 0.6973,  3.72298,  3.74848,    12.00,  24.85,   0.31, 
   69.225, 0.2604, 0.6988,  3.72121,  3.74682,    12.00,  24.85,   0.31, 
   69.738, 0.2578, 0.7003,  3.71940,  3.74514,    12.00,  24.85,   0.32, 
   70.251, 0.2553, 0.7018,  3.71755,  3.74343,    12.00,  24.85,   0.32, 
   70.764, 0.2527, 0.7033,  3.71568,  3.74170,    12.00,  24.85,   0.32, 
   71.277, 0.2502, 0.7048,  3.71376,  3.73994,    12.00,  24.85,   0.32, 
   71.790, 0.2476, 0.7063,  3.71182,  3.73816,    12.00,  24.85,   0.32, 
   72.303, 0.2450, 0.7078,  3.70985,  3.73635,    12.00,  24.85,   0.32, 
   72.816, 0.2425, 0.7093,  3.70784,  3.73451,    12.00,  24.85,   0.32, 
   73.329, 0.2399, 0.7108,  3.70581,  3.73264,    12.00,  24.85,   0.33, 
   73.842, 0.2374, 0.7123,  3.70376,  3.73075,    12.00,  24.85,   0.33, 
   74.355, 0.2348, 0.7137,  3.70167,  3.72884,    12.00,  24.85,   0.33, 
   74.868, 0.2323, 0.7152,  3.69957,  3.72689,    12.00,  24.85,   0.33, 
   75.381, 0.2297, 0.7167,  3.69744,  3.72492,    12.00,  24.85,   0.33, 
   75.894, 0.2272, 0.7182,  3.69529,  3.72293,    12.00,  24.85,   0.33, 
   76.407, 0.2246, 0.7197,  3.69313,  3.72092,    12.00,  24.85,   0.34, 
   76.920, 0.2221, 0.7212,  3.69094,  3.71888,    12.00,  24.85,   0.34, 
   77.433, 0.2195, 0.7227,  3.68874,  3.71682,    12.00,  24.85,   0.34, 
   77.946, 0.2170, 0.7242,  3.68653,  3.71474,    12.00,  24.85,   0.34, 
   78.459, 0.2144, 0.7257,  3.68431,  3.71264,    12.00,  24.85,   0.34, 
   78.972, 0.2118, 0.7272,  3.68207,  3.71053,    12.00,  24.85,   0.34, 
   79.485, 0.2093, 0.7287,  3.67983,  3.70840,    12.00,  24.85,   0.34, 
   79.998, 0.2067, 0.7302,  3.67758,  3.70625,    12.00,  24.85,   0.35, 
   80.511, 0.2042, 0.7317,  3.67533,  3.70409,    12.00,  24.85,   0.35, 
   81.024, 0.2016, 0.7332,  3.67307,  3.70192,    12.00,  24.85,   0.35, 
   81.537, 0.1991, 0.7347,  3.67081,  3.69974,    12.00,  24.85,   0.35, 
   82.050, 0.1965, 0.7362,  3.66855,  3.69755,    12.00,  24.85,   0.35, 
   82.563, 0.1940, 0.7377,  3.66629,  3.69536,    12.00,  24.85,   0.35, 
   83.076, 0.1914, 0.7392,  3.66404,  3.69316,    12.00,  24.85,   0.35, 
   83.589, 0.1889, 0.7407,  3.66178,  3.69096,    12.00,  24.85,   0.35, 
   84.102, 0.1863, 0.7422,  3.65953,  3.68875,    12.00,  24.85,   0.35, 
   84.615, 0.1838, 0.7436,  3.65727,  3.68654,    12.00,  24.85,   0.35, 
   85.128, 0.1812, 0.7451,  3.65502,  3.68434,    12.00,  24.85,   0.35, 
   85.641, 0.1786, 0.7466,  3.65278,  3.68213,    12.00,  24.85,   0.35, 
   86.154, 0.1761, 0.7481,  3.65053,  3.67993,    12.00,  24.85,   0.35, 
   86.667, 0.1735, 0.7496,  3.64827,  3.67773,    12.00,  24.85,   0.35, 
   87.180, 0.1710, 0.7511,  3.64602,  3.67553,    12.00,  24.85,   0.35, 
   87.693, 0.1684, 0.7526,  3.64375,  3.67334,    12.00,  24.85,   0.36, 
   88.206, 0.1659, 0.7541,  3.64147,  3.67115,    12.00,  24.85,   0.36, 
   88.719, 0.1633, 0.7556,  3.63918,  3.66896,    12.00,  24.85,   0.36, 
   89.232, 0.1608, 0.7571,  3.63686,  3.66677,    12.00,  24.85,   0.36, 
   89.745, 0.1582, 0.7586,  3.63452,  3.66457,    12.00,  24.85,   0.36, 
   90.258, 0.1557, 0.7601,  3.63216,  3.66237,    12.00,  24.85,   0.36, 
   90.771, 0.1531, 0.7616,  3.62978,  3.66016,    12.00,  24.85,   0.36, 
   91.284, 0.1506, 0.7631,  3.62737,  3.65793,    12.00,  24.85,   0.37, 
   91.797, 0.1480, 0.7646,  3.62497,  3.65568,    12.00,  24.85,   0.37, 
   92.310, 0.1454, 0.7661,  3.62258,  3.65342,    12.00,  24.85,   0.37, 
   92.823, 0.1429, 0.7676,  3.62022,  3.65112,    12.00,  24.85,   0.37, 
   93.336, 0.1403, 0.7691,  3.61793,  3.64880,    12.00,  24.85,   0.37, 
   93.849, 0.1378, 0.7706,  3.61574,  3.64646,    12.00,  24.85,   0.37, 
   94.362, 0.1352, 0.7720,  3.61370,  3.64410,    12.00,  24.85,   0.36, 
   94.875, 0.1327, 0.7735,  3.61182,  3.64174,    12.00,  24.85,   0.36, 
   95.388, 0.1301, 0.7750,  3.61014,  3.63939,    12.00,  24.85,   0.35, 
   95.901, 0.1276, 0.7765,  3.60867,  3.63709,    12.00,  24.85,   0.34, 
   96.414, 0.1250, 0.7780,  3.60743,  3.63486,    12.00,  24.85,   0.33, 
   96.927, 0.1225, 0.7795,  3.60635,  3.63275,    12.00,  24.85,   0.31, 
   97.440, 0.1199, 0.7810,  3.60539,  3.63076,    12.00,  24.85,   0.30, 
   97.953, 0.1174, 0.7825,  3.60449,  3.62895,    12.00,  24.85,   0.29, 
   98.466, 0.1148, 0.7840,  3.60362,  3.62731,    12.00,  24.85,   0.28, 
   98.979, 0.1122, 0.7855,  3.60277,  3.62587,    12.00,  24.85,   0.28, 
   99.492, 0.1097, 0.7870,  3.60194,  3.62462,    12.00,  24.85,   0.27, 
  100.005, 0.1071, 0.7885,  3.60113,  3.62353,    12.00,  24.85,   0.27, 
  100.518, 0.1046, 0.7900,  3.60032,  3.62261,    12.00,  24.85,   0.27, 
  101.031, 0.1020, 0.7915,  3.59951,  3.62180,    12.00,  24.85,   0.27, 
  101.544, 0.0995, 0.7930,  3.59871,  3.62110,    12.00,  24.85,   0.27, 
  102.057, 0.0969, 0.7945,  3.59791,  3.62046,    12.00,  24.85,   0.27, 
  102.570, 0.0944, 0.7960,  3.59709,  3.61987,    12.00,  24.85,   0.27, 
  103.083, 0.0918, 0.7975,  3.59625,  3.61928,    12.00,  24.85,   0.28, 
  103.596, 0.0893, 0.7990,  3.59538,  3.61870,    12.00,  24.85,   0.28, 
  104.109, 0.0867, 0.8004,  3.59448,  3.61810,    12.00,  24.85,   0.28, 
  104.622, 0.0842, 0.8019,  3.59353,  3.61746,    12.00,  24.85,   0.29, 
  105.135, 0.0816, 0.8034,  3.59252,  3.61679,    12.00,  24.85,   0.29, 
  105.648, 0.0791, 0.8049,  3.59145,  3.61607,    12.00,  24.85,   0.30, 
  106.161, 0.0765, 0.8064,  3.59031,  3.61531,    12.00,  24.85,   0.30, 
  106.674, 0.0739, 0.8079,  3.58907,  3.61449,    12.00,  24.85,   0.31, 
  107.187, 0.0714, 0.8094,  3.58772,  3.61363,    12.00,  24.85,   0.31, 
  107.700, 0.0688, 0.8109,  3.58623,  3.61272,    12.00,  24.85,   0.32, 
  108.213, 0.0663, 0.8124,  3.58454,  3.61175,    12.00,  24.85,   0.33, 
  108.726, 0.0637, 0.8139,  3.58260,  3.61071,    12.00,  24.85,   0.34, 
  109.239, 0.0612, 0.8154,  3.58031,  3.60959,    12.00,  24.85,   0.35, 
  109.752, 0.0586, 0.8169,  3.57754,  3.60837,    12.00,  24.85,   0.37, 
  110.265, 0.0561, 0.8184,  3.57410,  3.60702,    12.00,  24.85,   0.40, 
  110.778, 0.0535, 0.8199,  3.56976,  3.60550,    12.00,  24.85,   0.43, 
  111.291, 0.0510, 0.8214,  3.56417,  3.60376,    12.00,  24.85,   0.48, 
  111.804, 0.0484, 0.8229,  3.55688,  3.60171,    12.00,  24.85,   0.54, 
  112.317, 0.0459, 0.8244,  3.54728,  3.59924,    12.00,  24.85,   0.62, 
  112.830, 0.0433, 0.8259,  3.53453,  3.59620,    12.00,  24.85,   0.74, 
  113.343, 0.0407, 0.8274,  3.51752,  3.59238,    12.00,  24.85,   0.90, 
  113.856, 0.0382, 0.8288,  3.49469,  3.58751,    12.00,  24.85,   1.11, 
  114.369, 0.0356, 0.8303,  3.46396,  3.58121,    12.00,  24.85,   1.41, 
  114.882, 0.0331, 0.8318,  3.42249,  3.57294,    12.00,  24.85,   1.81, 
  115.395, 0.0305, 0.8333,  3.36643,  3.56201,    12.00,  24.85,   2.35, 
  115.908, 0.0280, 0.8348,  3.29055,  3.54746,    12.00,  24.85,   3.08, 
  116.421, 0.0254, 0.8363,  3.18772,  3.52798,    12.00,  24.85,   4.08, 
  116.934, 0.0229, 0.8378,  3.04828,  3.50180,    12.00,  24.85,   5.44, 
  117.447, 0.0203, 0.8393,  2.85910,  3.46651,    12.00,  24.85,   7.29, 
  117.960, 0.0178, 0.8408,  2.60233,  3.41883,    12.00,  24.85,   9.80, 
  118.473, 0.0152, 0.8423,  2.25374,  3.35432,    12.00,  24.85,  13.21, 
  118.601, 0.0146, 0.8427,  2.14862,  3.33489,    12.00,  24.85,  14.23, 
  118.672, 0.0142, 0.8429,  2.08728,  3.32356,    12.00,  24.85,  14.83, 
  118.682, 0.0142, 0.8429,  2.07864,  3.32197,    12.00,  24.85,  14.92, 
  118.687, 0.0141, 0.8429,  2.07368,  3.32109,    12.00,  24.85,  14.97, 
  118.688, 0.0141, 0.8429,  2.07179,  3.32084,    12.00,  24.85,  14.99, 
  118.689, 0.0141, 0.8429,  2.07010,  3.32071,    12.00,  24.85,  15.01, 
  118.689, 0.0141, 0.8429,  2.06982,  3.32070,    12.00,  24.85,  15.01, 
  118.689, 0.0141, 0.8429,  2.06975,  3.32070,    12.00,  24.85,  15.01, 
  118.689, 0.0141, 0.8429,  2.06957,  3.32070,    12.00,  24.85,  15.01, 
 mass is   0.816565
 energy is   107.805733
 power is   54.4981113
 369 this time step did not converge
 Solid concentration driven to zero.
 Consider changing vcut or the current density.
  
 dV/dt at point of failure is (V/s) -0.685028881
 Moving on to next leg if not the last
  
 comp 7 not converged

            mass  =  0.8166 kg/m2
 specific energy segment =   107.81 W-h/kg
 specific power segment  =    54.96 W/kg
 total heat =          1.0683 W-h/m2
  
