     50  lim, limit on number of iterations
 100.00  h1,  thickness of negative electrode (microns)
  25.00  h2,  thickness of separator (microns)
 100.00  h3,  thickness of positive electrode (microns)
  25.00  hcn, thickness of negative electrode current collector (microns)
  25.00  hcp, thickness of positive electrode current collector (microns)
     80  n1,  number of nodes in negative electrode
     40  n2,  number of nodes in separator
     80  n3,  number of nodes in positive electrode
 363.00  T,   temperature (K)

 1000.0  xx(1,n1+2), initial concentration (mol/m3)
 0.6000  csx,   initial stoichiometric parameter for negative
 0.5000  csy,   initial stoichiometric parameter for positive
   30.0  tmmax, maximum time step size (s)
 .4E-13  dfs1, diffusion coefficient in negative solid (m2/s)
 .1E-12  dfs3, diffusion coefficient in positive solid (m2/s)
  10.00  Rad1,  radius of negative particles (microns)
  10.00  Rad3,  radius of positive particles (microns)

  0.300  ep1,   volume fraction of electrolyte in negative electrode
  0.000  epp1,  volume fraction of polymer phase in negative electrode
  0.100  epf1,  volume fraction of inert filler in negative electrode
  1.000  ep2,   volume fraction of electrolyte in separator
  0.000  epp2,  volume fraction of polymer phase in separator
  0.300  ep3,   volume fraction of electrolyte in positive electrode
  0.000  epp3,  volume fraction of polymer phase in positive electrode
  0.200  epf3,  volume fraction of inert filler in positive electrode
 0.10E+03  sig1,  conductivity of negative matrix (S/m)
  10.      sig3,  conductivity of positive matrix (S/m)
  372.00  cot1,  coulombic capacity of negative material (mAh/g)
  274.00  cot3,  coulombic capacity of positive material (mAh/g)
 .1E-04  rka1,  reaction rate constant for negative reaction 
 .3E-10  rka3,  reaction rate constant for positive reaction

 1324.0  re,   density of electrolyte (kg/m3)
 1800.0  rs1,  density of negative insertion material (kg/m3)
 5010.0  rs3,  density of positive insertion material (kg/m3)
 1800.0  rf,   density of inert filler (kg/m3)
 1780.0  rpl,  density of polymer phase (kg/m3)
    0.0  rc,   density of separator material (kg/m3)
 8954.0  rcn,  density of negative current collector (kg/m3)
 2707.0  rcp,  density of positive current collector (kg/m3)

   0.001000  ranode,   anode film resistance (ohm-m2)
   0.000000  rcathde,  cathode film resistance (ohm-m2)
   0.00  htc,   heat-transfer coefficient with external medium (W/m2K)
   0.000000  dUdT,  temperature coefficient of EMF (V/K)
 2000.0  Cp,    heat capacity of cell (J/kg-K)
   0.00  residm,    residual mass (kg/m2)
 298.00  Tam,   ambient temperature (K)
      1  ncell, number of cells in a cell stack
      2  lht,   0 uses htc,  1 calcs htc,  2 isothermal

      0    nside, side reaction flag 

      1  il1,   1 for long print-out  0 for short print-out
     10  il2,   prints every il2 th node in long print-out
     10  il3,   prints every il3 th time step in long print-out
      1  lflag, 0 for electrolyte in separator only, 1 for uniform
      0  imp, 0 for no impedance, 1 for impedance
   0.00  capp1,  capacitance of negative material (F/m2)
   0.00  capp3,  capacitance of positive material (F/m2)
      8  lcurs, number of current changes
  
 MCMB 2528 Graphite (Bellcore)
 LiPF6 in EC:DMC
 LiCoO2 (Cobalt dioxide)
 open-circuit potential, negative   0.178978294
 delta S negative   0.
 open-circuit potential, positive   4.24165195
 delta S positive   0.
  
      DUAL INSERTION CELL VERSION 5.1
  
   Time     Util N  Util P  Cell Pot   Uocp      Curr      Temp   heatgen
   (min)       x       y      (V)       (V)      (A/m2)    (C)    (W/m2)
  
    0.000, 0.6000, 0.5000,  4.06255,  4.06267,     1.00,  89.85,   0.00, 
    0.001, 0.6000, 0.5000,  4.06254,  4.06267,     1.00,  89.85,   0.00, 
    0.001, 0.6000, 0.5000,  4.06254,  4.06267,     1.00,  89.85,   0.00, 
    0.001, 0.6000, 0.5000,  4.06254,  4.06267,     1.00,  89.85,   0.00, 
    0.002, 0.6000, 0.5000,  4.06254,  4.06267,     1.00,  89.85,   0.00, 
    0.002, 0.6000, 0.5000,  4.06253,  4.06267,     1.00,  89.85,   0.00, 
    0.003, 0.6000, 0.5000,  4.06253,  4.06267,     1.00,  89.85,   0.00, 
    0.003, 0.6000, 0.5000,  4.06253,  4.06267,     1.00,  89.85,   0.00, 
    0.004, 0.6000, 0.5000,  4.06253,  4.06267,     1.00,  89.85,   0.00, 
    0.005, 0.6000, 0.5000,  4.06252,  4.06267,     1.00,  89.85,   0.00, 
    0.006, 0.6000, 0.5000,  4.06252,  4.06267,     1.00,  89.85,   0.00, 
    0.007, 0.6000, 0.5000,  4.06252,  4.06267,     1.00,  89.85,   0.00, 
    0.007, 0.6000, 0.5000,  4.06252,  4.06267,     1.00,  89.85,   0.00, 
    0.009, 0.6000, 0.5000,  4.06251,  4.06267,     1.00,  89.85,   0.00, 
    0.010, 0.6000, 0.5000,  4.06251,  4.06267,     1.00,  89.85,   0.00, 
    0.011, 0.6000, 0.5000,  4.06251,  4.06267,     1.00,  89.85,   0.00, 
    0.012, 0.6000, 0.5000,  4.06250,  4.06267,     1.00,  89.85,   0.00, 
    0.014, 0.6000, 0.5000,  4.06250,  4.06267,     1.00,  89.85,   0.00, 
    0.016, 0.6000, 0.5000,  4.06250,  4.06267,     1.00,  89.85,   0.00, 
    0.017, 0.6000, 0.5000,  4.06249,  4.06267,     1.00,  89.85,   0.00, 
    0.019, 0.6000, 0.5000,  4.06249,  4.06267,     1.00,  89.85,   0.00, 
    0.022, 0.6000, 0.5000,  4.06249,  4.06267,     1.00,  89.85,   0.00, 
    0.024, 0.6000, 0.5000,  4.06248,  4.06267,     1.00,  89.85,   0.00, 
    0.027, 0.6000, 0.5000,  4.06248,  4.06267,     1.00,  89.85,   0.00, 
    0.030, 0.6000, 0.5000,  4.06247,  4.06267,     1.00,  89.85,   0.00, 
    0.033, 0.6000, 0.5000,  4.06247,  4.06267,     1.00,  89.85,   0.00, 
    0.037, 0.6000, 0.5000,  4.06246,  4.06267,     1.00,  89.85,   0.00, 
    0.041, 0.6000, 0.5000,  4.06246,  4.06266,     1.00,  89.85,   0.00, 
    0.045, 0.6000, 0.5000,  4.06245,  4.06266,     1.00,  89.85,   0.00, 
    0.050, 0.6000, 0.5000,  4.06245,  4.06266,     1.00,  89.85,   0.00, 
    0.055, 0.6000, 0.5000,  4.06244,  4.06266,     1.00,  89.85,   0.00, 
    0.061, 0.6000, 0.5000,  4.06244,  4.06266,     1.00,  89.85,   0.00, 
    0.067, 0.6000, 0.5000,  4.06243,  4.06266,     1.00,  89.85,   0.00, 
    0.074, 0.6000, 0.5000,  4.06242,  4.06266,     1.00,  89.85,   0.00, 
    0.082, 0.6000, 0.5000,  4.06242,  4.06265,     1.00,  89.85,   0.00, 
    0.091, 0.6000, 0.5000,  4.06241,  4.06265,     1.00,  89.85,   0.00, 
    0.100, 0.6000, 0.5000,  4.06240,  4.06265,     1.00,  89.85,   0.00, 
    0.110, 0.6000, 0.5000,  4.06240,  4.06265,     1.00,  89.85,   0.00, 
    0.122, 0.5999, 0.5000,  4.06239,  4.06265,     1.00,  89.85,   0.00, 
    0.134, 0.5999, 0.5000,  4.06238,  4.06264,     1.00,  89.85,   0.00, 
    0.148, 0.5999, 0.5000,  4.06237,  4.06264,     1.00,  89.85,   0.00, 
    0.163, 0.5999, 0.5000,  4.06236,  4.06264,     1.00,  89.85,   0.00, 
    0.180, 0.5999, 0.5000,  4.06236,  4.06263,     1.00,  89.85,   0.00, 
    0.198, 0.5999, 0.5000,  4.06235,  4.06263,     1.00,  89.85,   0.00, 
    0.218, 0.5999, 0.5001,  4.06234,  4.06262,     1.00,  89.85,   0.00, 
    0.240, 0.5999, 0.5001,  4.06233,  4.06262,     1.00,  89.85,   0.00, 
    0.264, 0.5999, 0.5001,  4.06231,  4.06261,     1.00,  89.85,   0.00, 
    0.291, 0.5999, 0.5001,  4.06230,  4.06261,     1.00,  89.85,   0.00, 
    0.320, 0.5999, 0.5001,  4.06229,  4.06260,     1.00,  89.85,   0.00, 
    0.353, 0.5999, 0.5001,  4.06228,  4.06259,     1.00,  89.85,   0.00, 
    0.388, 0.5998, 0.5001,  4.06226,  4.06258,     1.00,  89.85,   0.00, 
    0.427, 0.5998, 0.5001,  4.06225,  4.06257,     1.00,  89.85,   0.00, 
    0.470, 0.5998, 0.5001,  4.06223,  4.06256,     1.00,  89.85,   0.00, 
    0.518, 0.5998, 0.5001,  4.06221,  4.06255,     1.00,  89.85,   0.00, 
    0.570, 0.5998, 0.5001,  4.06220,  4.06254,     1.00,  89.85,   0.00, 
    0.627, 0.5997, 0.5002,  4.06218,  4.06253,     1.00,  89.85,   0.00, 
    0.690, 0.5997, 0.5002,  4.06216,  4.06251,     1.00,  89.85,   0.00, 
    0.760, 0.5997, 0.5002,  4.06214,  4.06250,     1.00,  89.85,   0.00, 
    0.836, 0.5997, 0.5002,  4.06211,  4.06248,     1.00,  89.85,   0.00, 
    0.920, 0.5996, 0.5002,  4.06209,  4.06246,     1.00,  89.85,   0.00, 
    1.012, 0.5996, 0.5002,  4.06206,  4.06244,     1.00,  89.85,   0.00, 
    1.113, 0.5995, 0.5003,  4.06203,  4.06242,     1.00,  89.85,   0.00, 
    1.225, 0.5995, 0.5003,  4.06200,  4.06239,     1.00,  89.85,   0.00, 
    1.348, 0.5994, 0.5003,  4.06197,  4.06236,     1.00,  89.85,   0.00, 
    1.483, 0.5994, 0.5004,  4.06193,  4.06233,     1.00,  89.85,   0.00, 
    1.632, 0.5993, 0.5004,  4.06189,  4.06230,     1.00,  89.85,   0.00, 
    1.795, 0.5993, 0.5004,  4.06185,  4.06226,     1.00,  89.85,   0.00, 
    1.975, 0.5992, 0.5005,  4.06181,  4.06222,     1.00,  89.85,   0.00, 
    2.173, 0.5991, 0.5005,  4.06176,  4.06217,     1.00,  89.85,   0.00, 
    2.390, 0.5990, 0.5006,  4.06171,  4.06212,     1.00,  89.85,   0.00, 
    2.629, 0.5989, 0.5006,  4.06165,  4.06207,     1.00,  89.85,   0.00, 
    2.893, 0.5988, 0.5007,  4.06159,  4.06200,     1.00,  89.85,   0.00, 
    3.182, 0.5987, 0.5008,  4.06152,  4.06194,     1.00,  89.85,   0.00, 
    3.501, 0.5985, 0.5009,  4.06145,  4.06187,     1.00,  89.85,   0.00, 
    3.851, 0.5984, 0.5009,  4.06137,  4.06179,     1.00,  89.85,   0.00, 
    4.237, 0.5982, 0.5010,  4.06128,  4.06170,     1.00,  89.85,   0.00, 
    4.661, 0.5981, 0.5011,  4.06118,  4.06160,     1.00,  89.85,   0.00, 
    5.127, 0.5979, 0.5012,  4.06107,  4.06149,     1.00,  89.85,   0.00, 
    5.640, 0.5977, 0.5014,  4.06096,  4.06138,     1.00,  89.85,   0.00, 
    6.153, 0.5974, 0.5015,  4.06084,  4.06126,     1.00,  89.85,   0.00, 
    6.666, 0.5972, 0.5016,  4.06073,  4.06115,     1.00,  89.85,   0.00, 
    7.179, 0.5970, 0.5017,  4.06061,  4.06103,     1.00,  89.85,   0.00, 
    7.692, 0.5968, 0.5019,  4.06050,  4.06091,     1.00,  89.85,   0.00, 
    8.205, 0.5966, 0.5020,  4.06038,  4.06080,     1.00,  89.85,   0.00, 
    8.718, 0.5964, 0.5021,  4.06027,  4.06069,     1.00,  89.85,   0.00, 
    9.231, 0.5962, 0.5022,  4.06015,  4.06057,     1.00,  89.85,   0.00, 
    9.744, 0.5960, 0.5024,  4.06004,  4.06046,     1.00,  89.85,   0.00, 
   10.000, 0.5959, 0.5024,  4.05998,  4.06040,     1.00,  89.85,   0.00, 
   10.000, 0.5959, 0.5024,  4.04921,  4.06040,    90.00,  89.85,   1.01, 
 specific energy segment =     0.83 W-h/kg
 specific power segment  =     4.97 W/kg
 total heat =          0.0001 W-h/m2
  
   10.000, 0.5959, 0.5024,  4.04921,  4.06040,    90.00,  89.85,   1.01, 
   10.000, 0.5958, 0.5024,  4.04872,  4.06039,    90.00,  89.85,   1.05, 
   10.001, 0.5958, 0.5024,  4.04840,  4.06039,    90.00,  89.85,   1.08, 
   10.001, 0.5958, 0.5025,  4.04813,  4.06038,    90.00,  89.85,   1.10, 
   10.002, 0.5958, 0.5025,  4.04789,  4.06037,    90.00,  89.85,   1.12, 
   10.002, 0.5958, 0.5025,  4.04767,  4.06036,    90.00,  89.85,   1.14, 
   10.003, 0.5958, 0.5025,  4.04745,  4.06035,    90.00,  89.85,   1.16, 
   10.003, 0.5957, 0.5025,  4.04723,  4.06034,    90.00,  89.85,   1.18, 
   10.004, 0.5957, 0.5025,  4.04701,  4.06032,    90.00,  89.85,   1.20, 
   10.005, 0.5957, 0.5025,  4.04679,  4.06031,    90.00,  89.85,   1.22, 
   10.005, 0.5957, 0.5025,  4.04656,  4.06029,    90.00,  89.85,   1.24, 
   10.006, 0.5956, 0.5026,  4.04633,  4.06028,    90.00,  89.85,   1.25, 
   10.007, 0.5956, 0.5026,  4.04609,  4.06026,    90.00,  89.85,   1.27, 
   10.008, 0.5955, 0.5026,  4.04584,  4.06024,    90.00,  89.85,   1.29, 
   10.009, 0.5955, 0.5026,  4.04559,  4.06021,    90.00,  89.85,   1.32, 
   10.011, 0.5955, 0.5027,  4.04532,  4.06019,    90.00,  89.85,   1.34, 
   10.012, 0.5954, 0.5027,  4.04505,  4.06016,    90.00,  89.85,   1.36, 
   10.014, 0.5953, 0.5027,  4.04476,  4.06013,    90.00,  89.85,   1.38, 
   10.015, 0.5953, 0.5028,  4.04446,  4.06010,    90.00,  89.85,   1.41, 
   10.017, 0.5952, 0.5028,  4.04415,  4.06006,    90.00,  89.85,   1.43, 
   10.019, 0.5951, 0.5028,  4.04383,  4.06002,    90.00,  89.85,   1.46, 
   10.021, 0.5951, 0.5029,  4.04349,  4.05998,    90.00,  89.85,   1.48, 
   10.024, 0.5950, 0.5029,  4.04313,  4.05993,    90.00,  89.85,   1.51, 
   10.027, 0.5949, 0.5030,  4.04276,  4.05987,    90.00,  89.85,   1.54, 
   10.029, 0.5948, 0.5031,  4.04238,  4.05981,    90.00,  89.85,   1.57, 
   10.033, 0.5946, 0.5031,  4.04197,  4.05975,    90.00,  89.85,   1.60, 
   10.036, 0.5945, 0.5032,  4.04155,  4.05968,    90.00,  89.85,   1.63, 
   10.040, 0.5943, 0.5033,  4.04111,  4.05960,    90.00,  89.85,   1.66, 
   10.045, 0.5942, 0.5034,  4.04065,  4.05951,    90.00,  89.85,   1.70, 
   10.050, 0.5940, 0.5035,  4.04016,  4.05942,    90.00,  89.85,   1.73, 
   10.055, 0.5938, 0.5036,  4.03966,  4.05932,    90.00,  89.85,   1.77, 
   10.061, 0.5936, 0.5038,  4.03913,  4.05920,    90.00,  89.85,   1.80, 
   10.067, 0.5933, 0.5039,  4.03857,  4.05908,    90.00,  89.85,   1.84, 
   10.074, 0.5931, 0.5040,  4.03798,  4.05894,    90.00,  89.85,   1.88, 
   10.082, 0.5928, 0.5042,  4.03736,  4.05879,    90.00,  89.85,   1.93, 
   10.090, 0.5925, 0.5044,  4.03669,  4.05863,    90.00,  89.85,   1.97, 
   10.100, 0.5921, 0.5046,  4.03597,  4.05845,    90.00,  89.85,   2.02, 
   10.110, 0.5917, 0.5048,  4.03519,  4.05825,    90.00,  89.85,   2.07, 
   10.121, 0.5913, 0.5051,  4.03432,  4.05804,    90.00,  89.85,   2.13, 
   10.134, 0.5909, 0.5054,  4.03335,  4.05780,    90.00,  89.85,   2.20, 
   10.148, 0.5903, 0.5057,  4.03225,  4.05754,    90.00,  89.85,   2.28, 
   10.163, 0.5898, 0.5060,  4.03097,  4.05726,    90.00,  89.85,   2.36, 
   10.179, 0.5892, 0.5063,  4.02947,  4.05695,    90.00,  89.85,   2.47, 
   10.197, 0.5885, 0.5067,  4.02766,  4.05661,    90.00,  89.85,   2.61, 
   10.218, 0.5877, 0.5072,  4.02546,  4.05624,    90.00,  89.85,   2.77, 
   10.240, 0.5869, 0.5077,  4.02276,  4.05584,    90.00,  89.85,   2.98, 
   10.264, 0.5860, 0.5082,  4.01945,  4.05540,    90.00,  89.85,   3.24, 
   10.291, 0.5850, 0.5088,  4.01545,  4.05491,    90.00,  89.85,   3.55, 
   10.320, 0.5839, 0.5094,  4.01076,  4.05438,    90.00,  89.85,   3.93, 
   10.352, 0.5827, 0.5101,  4.00552,  4.05379,    90.00,  89.85,   4.34, 
   10.388, 0.5814, 0.5109,  4.00001,  4.05314,    90.00,  89.85,   4.78, 
   10.427, 0.5799, 0.5118,  3.99460,  4.05240,    90.00,  89.85,   5.20, 
   10.470, 0.5783, 0.5127,  3.98963,  4.05157,    90.00,  89.85,   5.57, 
   10.517, 0.5765, 0.5137,  3.98528,  4.05060,    90.00,  89.85,   5.88, 
   10.570, 0.5746, 0.5149,  3.98150,  4.04943,    90.00,  89.85,   6.11, 
   10.627, 0.5724, 0.5161,  3.97812,  4.04796,    90.00,  89.85,   6.28, 
   10.690, 0.5701, 0.5175,  3.97489,  4.04601,    90.00,  89.85,   6.39, 
   10.759, 0.5675, 0.5190,  3.97160,  4.04326,    90.00,  89.85,   6.44, 
   10.835, 0.5647, 0.5207,  3.96807,  4.03927,    90.00,  89.85,   6.40, 
   10.919, 0.5615, 0.5225,  3.96415,  4.03350,    90.00,  89.85,   6.23, 
   11.012, 0.5581, 0.5245,  3.95973,  4.02575,    90.00,  89.85,   5.94, 
   11.113, 0.5543, 0.5268,  3.95462,  4.01692,    90.00,  89.85,   5.61, 
   11.225, 0.5501, 0.5292,  3.94856,  4.00892,    90.00,  89.85,   5.44, 
   11.348, 0.5455, 0.5319,  3.94114,  4.00308,    90.00,  89.85,   5.58, 
   11.483, 0.5405, 0.5348,  3.93189,  3.99915,    90.00,  89.85,   6.05, 
   11.631, 0.5349, 0.5381,  3.92039,  3.99606,    90.00,  89.85,   6.80, 
   11.795, 0.5288, 0.5416,  3.90659,  3.99263,    90.00,  89.85,   7.72, 
   11.974, 0.5221, 0.5456,  3.89114,  3.98774,    90.00,  89.85,   8.66, 
   12.172, 0.5147, 0.5499,  3.87547,  3.98005,    90.00,  89.85,   9.36, 
   12.390, 0.5066, 0.5547,  3.86135,  3.96799,    90.00,  89.85,   9.54, 
   12.629, 0.4977, 0.5599,  3.84999,  3.95018,    90.00,  89.85,   8.96, 
   12.892, 0.4879, 0.5656,  3.84158,  3.92683,    90.00,  89.85,   7.62, 
   13.182, 0.4771, 0.5720,  3.83508,  3.90131,    90.00,  89.85,   5.94, 
   13.501, 0.4652, 0.5789,  3.82913,  3.87906,    90.00,  89.85,   4.51, 
   13.851, 0.4521, 0.5866,  3.82261,  3.86331,    90.00,  89.85,   3.68, 
   14.236, 0.4377, 0.5950,  3.81473,  3.85290,    90.00,  89.85,   3.45, 
   14.660, 0.4219, 0.6043,  3.80510,  3.84452,    90.00,  89.85,   3.56, 
   15.000, 0.4092, 0.6117,  3.79683,  3.83795,    90.00,  89.85,   3.72, 
   15.000, 0.4092, 0.6117,  3.80803,  3.83795,     1.00,  89.85,   0.12, 
 specific energy segment =    35.67 W-h/kg
 specific power segment  =   428.09 W/kg
 total heat =          0.4677 W-h/m2
  
   15.000, 0.4092, 0.6117,  3.80803,  3.83795,     1.00,  89.85,   0.12, 
   15.000, 0.4092, 0.6117,  3.80881,  3.83795,     1.00,  89.85,   0.09, 
   15.001, 0.4092, 0.6117,  3.80927,  3.83795,     1.00,  89.85,   0.08, 
   15.001, 0.4092, 0.6117,  3.80964,  3.83795,     1.00,  89.85,   0.08, 
   15.002, 0.4092, 0.6117,  3.80996,  3.83795,     1.00,  89.85,   0.07, 
   15.002, 0.4092, 0.6117,  3.81026,  3.83795,     1.00,  89.85,   0.07, 
   15.003, 0.4092, 0.6117,  3.81054,  3.83795,     1.00,  89.85,   0.06, 
   15.003, 0.4092, 0.6117,  3.81081,  3.83795,     1.00,  89.85,   0.06, 
   15.004, 0.4092, 0.6117,  3.81108,  3.83795,     1.00,  89.85,   0.06, 
   15.005, 0.4092, 0.6117,  3.81135,  3.83795,     1.00,  89.85,   0.05, 
   15.005, 0.4092, 0.6117,  3.81162,  3.83795,     1.00,  89.85,   0.05, 
   15.006, 0.4092, 0.6117,  3.81190,  3.83795,     1.00,  89.85,   0.05, 
   15.007, 0.4092, 0.6117,  3.81217,  3.83795,     1.00,  89.85,   0.05, 
   15.008, 0.4092, 0.6117,  3.81246,  3.83794,     1.00,  89.85,   0.05, 
   15.009, 0.4092, 0.6117,  3.81275,  3.83794,     1.00,  89.85,   0.04, 
   15.011, 0.4092, 0.6117,  3.81305,  3.83794,     1.00,  89.85,   0.04, 
   15.012, 0.4092, 0.6117,  3.81335,  3.83794,     1.00,  89.85,   0.04, 
   15.014, 0.4092, 0.6117,  3.81367,  3.83794,     1.00,  89.85,   0.04, 
   15.015, 0.4092, 0.6117,  3.81400,  3.83794,     1.00,  89.85,   0.04, 
   15.017, 0.4092, 0.6117,  3.81433,  3.83794,     1.00,  89.85,   0.04, 
   15.019, 0.4092, 0.6117,  3.81468,  3.83794,     1.00,  89.85,   0.04, 
   15.021, 0.4092, 0.6117,  3.81503,  3.83794,     1.00,  89.85,   0.04, 
   15.024, 0.4092, 0.6117,  3.81540,  3.83794,     1.00,  89.85,   0.04, 
   15.027, 0.4092, 0.6117,  3.81578,  3.83794,     1.00,  89.85,   0.04, 
   15.029, 0.4092, 0.6117,  3.81616,  3.83794,     1.00,  89.85,   0.04, 
   15.033, 0.4092, 0.6117,  3.81656,  3.83794,     1.00,  89.85,   0.04, 
   15.036, 0.4092, 0.6117,  3.81697,  3.83794,     1.00,  89.85,   0.04, 
   15.040, 0.4092, 0.6117,  3.81738,  3.83794,     1.00,  89.85,   0.04, 
   15.045, 0.4092, 0.6117,  3.81780,  3.83794,     1.00,  89.85,   0.04, 
   15.050, 0.4092, 0.6117,  3.81823,  3.83794,     1.00,  89.85,   0.04, 
   15.055, 0.4092, 0.6117,  3.81867,  3.83793,     1.00,  89.85,   0.04, 
   15.061, 0.4091, 0.6117,  3.81911,  3.83793,     1.00,  89.85,   0.04, 
   15.067, 0.4091, 0.6117,  3.81955,  3.83793,     1.00,  89.85,   0.04, 
   15.074, 0.4091, 0.6117,  3.82000,  3.83793,     1.00,  89.85,   0.04, 
   15.082, 0.4091, 0.6117,  3.82045,  3.83793,     1.00,  89.85,   0.04, 
   15.090, 0.4091, 0.6117,  3.82091,  3.83793,     1.00,  89.85,   0.04, 
   15.100, 0.4091, 0.6117,  3.82136,  3.83792,     1.00,  89.85,   0.04, 
   15.110, 0.4091, 0.6117,  3.82181,  3.83792,     1.00,  89.85,   0.04, 
   15.121, 0.4091, 0.6117,  3.82227,  3.83792,     1.00,  89.85,   0.04, 
   15.134, 0.4091, 0.6117,  3.82272,  3.83792,     1.00,  89.85,   0.04, 
   15.148, 0.4091, 0.6117,  3.82318,  3.83791,     1.00,  89.85,   0.04, 
   15.163, 0.4091, 0.6117,  3.82363,  3.83791,     1.00,  89.85,   0.04, 
   15.179, 0.4091, 0.6117,  3.82409,  3.83791,     1.00,  89.85,   0.04, 
   15.197, 0.4091, 0.6117,  3.82455,  3.83790,     1.00,  89.85,   0.04, 
   15.218, 0.4091, 0.6118,  3.82501,  3.83790,     1.00,  89.85,   0.04, 
   15.240, 0.4091, 0.6118,  3.82548,  3.83789,     1.00,  89.85,   0.04, 
   15.264, 0.4091, 0.6118,  3.82594,  3.83789,     1.00,  89.85,   0.04, 
   15.291, 0.4091, 0.6118,  3.82641,  3.83788,     1.00,  89.85,   0.04, 
   15.320, 0.4090, 0.6118,  3.82688,  3.83788,     1.00,  89.85,   0.04, 
   15.352, 0.4090, 0.6118,  3.82735,  3.83787,     1.00,  89.85,   0.04, 
   15.388, 0.4090, 0.6118,  3.82782,  3.83786,     1.00,  89.85,   0.04, 
   15.427, 0.4090, 0.6118,  3.82829,  3.83785,     1.00,  89.85,   0.04, 
   15.470, 0.4090, 0.6118,  3.82876,  3.83784,     1.00,  89.85,   0.03, 
   15.517, 0.4090, 0.6118,  3.82923,  3.83783,     1.00,  89.85,   0.03, 
   15.570, 0.4089, 0.6118,  3.82970,  3.83782,     1.00,  89.85,   0.03, 
   15.627, 0.4089, 0.6119,  3.83016,  3.83781,     1.00,  89.85,   0.03, 
   15.690, 0.4089, 0.6119,  3.83062,  3.83779,     1.00,  89.85,   0.03, 
   15.759, 0.4089, 0.6119,  3.83109,  3.83778,     1.00,  89.85,   0.03, 
   15.835, 0.4088, 0.6119,  3.83155,  3.83776,     1.00,  89.85,   0.03, 
   15.919, 0.4088, 0.6119,  3.83201,  3.83774,     1.00,  89.85,   0.03, 
   16.012, 0.4088, 0.6119,  3.83246,  3.83772,     1.00,  89.85,   0.02, 
   16.113, 0.4087, 0.6120,  3.83290,  3.83770,     1.00,  89.85,   0.02, 
   16.225, 0.4087, 0.6120,  3.83332,  3.83767,     1.00,  89.85,   0.02, 
   16.348, 0.4086, 0.6120,  3.83372,  3.83765,     1.00,  89.85,   0.02, 
   16.483, 0.4086, 0.6121,  3.83409,  3.83762,     1.00,  89.85,   0.01, 
   16.631, 0.4085, 0.6121,  3.83444,  3.83758,     1.00,  89.85,   0.01, 
   16.795, 0.4084, 0.6121,  3.83476,  3.83755,     1.00,  89.85,   0.01, 
   16.974, 0.4084, 0.6122,  3.83504,  3.83751,     1.00,  89.85,   0.01, 
   17.172, 0.4083, 0.6122,  3.83529,  3.83746,     1.00,  89.85,   0.01, 
   17.390, 0.4082, 0.6123,  3.83550,  3.83741,     1.00,  89.85,   0.01, 
   17.629, 0.4081, 0.6123,  3.83568,  3.83736,     1.00,  89.85,   0.01, 
   17.892, 0.4080, 0.6124,  3.83583,  3.83730,     1.00,  89.85,   0.00, 
   18.182, 0.4079, 0.6125,  3.83594,  3.83724,     1.00,  89.85,   0.00, 
   18.501, 0.4077, 0.6125,  3.83602,  3.83717,     1.00,  89.85,   0.00, 
   18.851, 0.4076, 0.6126,  3.83607,  3.83709,     1.00,  89.85,   0.00, 
   19.236, 0.4074, 0.6127,  3.83609,  3.83700,     1.00,  89.85,   0.00, 
   19.660, 0.4072, 0.6128,  3.83609,  3.83690,     1.00,  89.85,   0.00, 
   20.127, 0.4070, 0.6129,  3.83606,  3.83680,     1.00,  89.85,   0.00, 
   20.640, 0.4068, 0.6131,  3.83600,  3.83668,     1.00,  89.85,   0.00, 
   21.153, 0.4066, 0.6132,  3.83593,  3.83657,     1.00,  89.85,   0.00, 
   21.666, 0.4064, 0.6133,  3.83585,  3.83645,     1.00,  89.85,   0.00, 
   22.179, 0.4062, 0.6134,  3.83576,  3.83634,     1.00,  89.85,   0.00, 
   22.692, 0.4060, 0.6136,  3.83567,  3.83622,     1.00,  89.85,   0.00, 
   23.205, 0.4058, 0.6137,  3.83557,  3.83610,     1.00,  89.85,   0.00, 
   23.718, 0.4056, 0.6138,  3.83547,  3.83599,     1.00,  89.85,   0.00, 
   24.231, 0.4053, 0.6139,  3.83536,  3.83587,     1.00,  89.85,   0.00, 
   24.744, 0.4051, 0.6141,  3.83525,  3.83575,     1.00,  89.85,   0.00, 
   25.000, 0.4050, 0.6141,  3.83520,  3.83569,     1.00,  89.85,   0.00, 
   25.000, 0.4050, 0.6141,  3.82423,  3.83569,    90.00,  89.85,   1.03, 
 specific energy segment =     0.78 W-h/kg
 specific power segment  =     4.70 W/kg
 total heat =          0.4688 W-h/m2
  
   25.000, 0.4050, 0.6141,  3.82423,  3.83569,    90.00,  89.85,   1.03, 
   25.000, 0.4050, 0.6141,  3.82368,  3.83569,    90.00,  89.85,   1.07, 
   25.001, 0.4050, 0.6141,  3.82332,  3.83568,    90.00,  89.85,   1.11, 
   25.001, 0.4050, 0.6142,  3.82303,  3.83567,    90.00,  89.85,   1.13, 
   25.002, 0.4050, 0.6142,  3.82277,  3.83566,    90.00,  89.85,   1.15, 
   25.002, 0.4049, 0.6142,  3.82252,  3.83565,    90.00,  89.85,   1.18, 
   25.003, 0.4049, 0.6142,  3.82227,  3.83564,    90.00,  89.85,   1.20, 
   25.003, 0.4049, 0.6142,  3.82203,  3.83563,    90.00,  89.85,   1.22, 
   25.004, 0.4049, 0.6142,  3.82179,  3.83561,    90.00,  89.85,   1.24, 
   25.005, 0.4049, 0.6142,  3.82155,  3.83560,    90.00,  89.85,   1.26, 
   25.005, 0.4048, 0.6142,  3.82130,  3.83558,    90.00,  89.85,   1.28, 
   25.006, 0.4048, 0.6143,  3.82104,  3.83557,    90.00,  89.85,   1.30, 
   25.007, 0.4048, 0.6143,  3.82078,  3.83555,    90.00,  89.85,   1.32, 
   25.008, 0.4047, 0.6143,  3.82050,  3.83552,    90.00,  89.85,   1.35, 
   25.009, 0.4047, 0.6143,  3.82022,  3.83550,    90.00,  89.85,   1.37, 
   25.011, 0.4046, 0.6144,  3.81993,  3.83548,    90.00,  89.85,   1.39, 
   25.012, 0.4046, 0.6144,  3.81962,  3.83545,    90.00,  89.85,   1.42, 
   25.014, 0.4045, 0.6144,  3.81931,  3.83541,    90.00,  89.85,   1.44, 
   25.015, 0.4045, 0.6145,  3.81898,  3.83538,    90.00,  89.85,   1.47, 
   25.017, 0.4044, 0.6145,  3.81863,  3.83534,    90.00,  89.85,   1.50, 
   25.019, 0.4043, 0.6145,  3.81828,  3.83530,    90.00,  89.85,   1.53, 
   25.021, 0.4042, 0.6146,  3.81790,  3.83525,    90.00,  89.85,   1.56, 
   25.024, 0.4041, 0.6146,  3.81751,  3.83520,    90.00,  89.85,   1.59, 
   25.027, 0.4040, 0.6147,  3.81710,  3.83515,    90.00,  89.85,   1.62, 
   25.029, 0.4039, 0.6148,  3.81668,  3.83508,    90.00,  89.85,   1.65, 
   25.033, 0.4038, 0.6148,  3.81624,  3.83502,    90.00,  89.85,   1.68, 
   25.036, 0.4037, 0.6149,  3.81578,  3.83494,    90.00,  89.85,   1.72, 
   25.040, 0.4035, 0.6150,  3.81530,  3.83486,    90.00,  89.85,   1.75, 
   25.045, 0.4034, 0.6151,  3.81481,  3.83477,    90.00,  89.85,   1.79, 
   25.050, 0.4032, 0.6152,  3.81430,  3.83467,    90.00,  89.85,   1.83, 
   25.055, 0.4030, 0.6153,  3.81376,  3.83456,    90.00,  89.85,   1.86, 
   25.061, 0.4028, 0.6155,  3.81321,  3.83444,    90.00,  89.85,   1.90, 
   25.067, 0.4025, 0.6156,  3.81265,  3.83430,    90.00,  89.85,   1.94, 
   25.074, 0.4023, 0.6157,  3.81206,  3.83415,    90.00,  89.85,   1.98, 
   25.082, 0.4020, 0.6159,  3.81146,  3.83399,    90.00,  89.85,   2.02, 
   25.090, 0.4017, 0.6161,  3.81083,  3.83381,    90.00,  89.85,   2.06, 
   25.100, 0.4013, 0.6163,  3.81018,  3.83362,    90.00,  89.85,   2.10, 
   25.110, 0.4009, 0.6165,  3.80951,  3.83340,    90.00,  89.85,   2.14, 
   25.121, 0.4005, 0.6168,  3.80880,  3.83316,    90.00,  89.85,   2.18, 
   25.134, 0.4000, 0.6171,  3.80805,  3.83289,    90.00,  89.85,   2.22, 
   25.148, 0.3995, 0.6174,  3.80726,  3.83260,    90.00,  89.85,   2.26, 
   25.163, 0.3990, 0.6177,  3.80642,  3.83228,    90.00,  89.85,   2.31, 
   25.179, 0.3983, 0.6180,  3.80553,  3.83192,    90.00,  89.85,   2.36, 
   25.197, 0.3977, 0.6184,  3.80458,  3.83153,    90.00,  89.85,   2.41, 
   25.218, 0.3969, 0.6189,  3.80357,  3.83109,    90.00,  89.85,   2.46, 
   25.240, 0.3961, 0.6194,  3.80249,  3.83061,    90.00,  89.85,   2.51, 
   25.264, 0.3952, 0.6199,  3.80134,  3.83008,    90.00,  89.85,   2.57, 
   25.291, 0.3942, 0.6205,  3.80011,  3.82949,    90.00,  89.85,   2.63, 
   25.320, 0.3931, 0.6211,  3.79880,  3.82884,    90.00,  89.85,   2.69, 
   25.352, 0.3919, 0.6218,  3.79740,  3.82812,    90.00,  89.85,   2.75, 
   25.388, 0.3905, 0.6226,  3.79590,  3.82732,    90.00,  89.85,   2.81, 
   25.427, 0.3891, 0.6235,  3.79430,  3.82643,    90.00,  89.85,   2.88, 
   25.470, 0.3875, 0.6244,  3.79259,  3.82545,    90.00,  89.85,   2.94, 
   25.517, 0.3857, 0.6254,  3.79077,  3.82436,    90.00,  89.85,   3.01, 
   25.570, 0.3838, 0.6266,  3.78881,  3.82315,    90.00,  89.85,   3.08, 
   25.627, 0.3816, 0.6278,  3.78673,  3.82181,    90.00,  89.85,   3.15, 
   25.690, 0.3793, 0.6292,  3.78450,  3.82033,    90.00,  89.85,   3.22, 
   25.759, 0.3767, 0.6307,  3.78212,  3.81868,    90.00,  89.85,   3.29, 
   25.835, 0.3738, 0.6324,  3.77957,  3.81685,    90.00,  89.85,   3.35, 
   25.919, 0.3707, 0.6342,  3.77686,  3.81483,    90.00,  89.85,   3.42, 
   26.012, 0.3673, 0.6362,  3.77396,  3.81259,    90.00,  89.85,   3.48, 
   26.113, 0.3635, 0.6385,  3.77088,  3.81012,    90.00,  89.85,   3.54, 
   26.225, 0.3593, 0.6409,  3.76759,  3.80739,    90.00,  89.85,   3.59, 
   26.348, 0.3547, 0.6436,  3.76404,  3.80440,    90.00,  89.85,   3.64, 
   26.483, 0.3497, 0.6465,  3.76007,  3.80112,    90.00,  89.85,   3.70, 
   26.631, 0.3441, 0.6498,  3.75548,  3.79755,    90.00,  89.85,   3.79, 
   26.795, 0.3380, 0.6533,  3.75015,  3.79366,    90.00,  89.85,   3.92, 
   26.974, 0.3313, 0.6573,  3.74399,  3.78945,    90.00,  89.85,   4.09, 
   27.172, 0.3239, 0.6616,  3.73686,  3.78492,    90.00,  89.85,   4.32, 
   27.390, 0.3158, 0.6664,  3.72866,  3.78003,    90.00,  89.85,   4.62, 
   27.629, 0.3069, 0.6716,  3.71930,  3.77477,    90.00,  89.85,   4.99, 
   27.892, 0.2970, 0.6773,  3.70874,  3.76905,    90.00,  89.85,   5.42, 
   28.182, 0.2862, 0.6837,  3.69699,  3.76274,    90.00,  89.85,   5.91, 
   28.501, 0.2743, 0.6906,  3.68412,  3.75563,    90.00,  89.85,   6.43, 
   28.851, 0.2612, 0.6983,  3.67023,  3.74740,    90.00,  89.85,   6.94, 
   29.236, 0.2469, 0.7067,  3.65507,  3.73764,    90.00,  89.85,   7.43, 
   29.660, 0.2310, 0.7160,  3.63793,  3.72594,    90.00,  89.85,   7.92, 
   30.000, 0.2183, 0.7234,  3.62572,  3.71588,    90.00,  89.85,   8.11, 
   30.000, 0.2183, 0.7234,  3.63774,  3.71588,     1.00,  89.85,   0.21, 
 specific energy segment =    34.18 W-h/kg
 specific power segment  =   410.12 W/kg
 total heat =          0.9057 W-h/m2
  
   30.000, 0.2183, 0.7234,  3.63774,  3.71588,     1.00,  89.85,   0.21, 
   30.000, 0.2183, 0.7234,  3.63877,  3.71588,     1.00,  89.85,   0.16, 
   30.001, 0.2183, 0.7234,  3.63943,  3.71588,     1.00,  89.85,   0.14, 
   30.001, 0.2183, 0.7234,  3.63997,  3.71588,     1.00,  89.85,   0.13, 
   30.002, 0.2183, 0.7234,  3.64045,  3.71588,     1.00,  89.85,   0.13, 
   30.002, 0.2183, 0.7234,  3.64090,  3.71588,     1.00,  89.85,   0.12, 
   30.003, 0.2183, 0.7234,  3.64135,  3.71588,     1.00,  89.85,   0.12, 
   30.003, 0.2183, 0.7234,  3.64178,  3.71588,     1.00,  89.85,   0.11, 
   30.004, 0.2183, 0.7234,  3.64222,  3.71588,     1.00,  89.85,   0.11, 
   30.005, 0.2183, 0.7234,  3.64267,  3.71588,     1.00,  89.85,   0.11, 
   30.005, 0.2183, 0.7234,  3.64313,  3.71588,     1.00,  89.85,   0.11, 
   30.006, 0.2183, 0.7234,  3.64359,  3.71587,     1.00,  89.85,   0.11, 
   30.007, 0.2183, 0.7234,  3.64408,  3.71587,     1.00,  89.85,   0.10, 
   30.008, 0.2183, 0.7234,  3.64457,  3.71587,     1.00,  89.85,   0.10, 
   30.009, 0.2183, 0.7234,  3.64509,  3.71587,     1.00,  89.85,   0.10, 
   30.011, 0.2183, 0.7234,  3.64563,  3.71587,     1.00,  89.85,   0.10, 
   30.012, 0.2183, 0.7234,  3.64618,  3.71587,     1.00,  89.85,   0.10, 
   30.014, 0.2183, 0.7234,  3.64676,  3.71587,     1.00,  89.85,   0.10, 
   30.015, 0.2183, 0.7234,  3.64736,  3.71587,     1.00,  89.85,   0.10, 
   30.017, 0.2183, 0.7234,  3.64799,  3.71587,     1.00,  89.85,   0.09, 
   30.019, 0.2183, 0.7234,  3.64864,  3.71587,     1.00,  89.85,   0.09, 
   30.021, 0.2183, 0.7234,  3.64932,  3.71587,     1.00,  89.85,   0.09, 
   30.024, 0.2183, 0.7234,  3.65003,  3.71587,     1.00,  89.85,   0.09, 
   30.027, 0.2183, 0.7234,  3.65076,  3.71587,     1.00,  89.85,   0.09, 
   30.029, 0.2183, 0.7234,  3.65152,  3.71587,     1.00,  89.85,   0.09, 
   30.033, 0.2183, 0.7234,  3.65231,  3.71587,     1.00,  89.85,   0.09, 
   30.036, 0.2183, 0.7234,  3.65312,  3.71586,     1.00,  89.85,   0.09, 
   30.040, 0.2183, 0.7234,  3.65397,  3.71586,     1.00,  89.85,   0.08, 
   30.045, 0.2183, 0.7234,  3.65484,  3.71586,     1.00,  89.85,   0.08, 
   30.050, 0.2183, 0.7234,  3.65573,  3.71586,     1.00,  89.85,   0.08, 
   30.055, 0.2183, 0.7234,  3.65665,  3.71586,     1.00,  89.85,   0.08, 
   30.061, 0.2183, 0.7234,  3.65760,  3.71586,     1.00,  89.85,   0.08, 
   30.067, 0.2183, 0.7234,  3.65856,  3.71585,     1.00,  89.85,   0.08, 
   30.074, 0.2183, 0.7234,  3.65955,  3.71585,     1.00,  89.85,   0.08, 
   30.082, 0.2183, 0.7234,  3.66056,  3.71585,     1.00,  89.85,   0.07, 
   30.090, 0.2183, 0.7234,  3.66159,  3.71585,     1.00,  89.85,   0.07, 
   30.100, 0.2183, 0.7234,  3.66264,  3.71584,     1.00,  89.85,   0.07, 
   30.110, 0.2183, 0.7234,  3.66371,  3.71584,     1.00,  89.85,   0.07, 
   30.121, 0.2183, 0.7234,  3.66480,  3.71584,     1.00,  89.85,   0.07, 
   30.134, 0.2183, 0.7234,  3.66591,  3.71583,     1.00,  89.85,   0.06, 
   30.148, 0.2183, 0.7234,  3.66703,  3.71583,     1.00,  89.85,   0.06, 
   30.163, 0.2183, 0.7234,  3.66818,  3.71582,     1.00,  89.85,   0.06, 
   30.179, 0.2183, 0.7234,  3.66935,  3.71582,     1.00,  89.85,   0.06, 
   30.197, 0.2183, 0.7234,  3.67054,  3.71581,     1.00,  89.85,   0.06, 
   30.218, 0.2183, 0.7235,  3.67175,  3.71580,     1.00,  89.85,   0.06, 
   30.240, 0.2182, 0.7235,  3.67299,  3.71580,     1.00,  89.85,   0.05, 
   30.264, 0.2182, 0.7235,  3.67425,  3.71579,     1.00,  89.85,   0.05, 
   30.291, 0.2182, 0.7235,  3.67554,  3.71578,     1.00,  89.85,   0.05, 
   30.320, 0.2182, 0.7235,  3.67685,  3.71577,     1.00,  89.85,   0.05, 
   30.352, 0.2182, 0.7235,  3.67819,  3.71576,     1.00,  89.85,   0.05, 
   30.388, 0.2182, 0.7235,  3.67955,  3.71575,     1.00,  89.85,   0.04, 
   30.427, 0.2182, 0.7235,  3.68093,  3.71573,     1.00,  89.85,   0.04, 
   30.470, 0.2182, 0.7235,  3.68233,  3.71572,     1.00,  89.85,   0.04, 
   30.517, 0.2181, 0.7235,  3.68376,  3.71570,     1.00,  89.85,   0.04, 
   30.570, 0.2181, 0.7235,  3.68520,  3.71568,     1.00,  89.85,   0.04, 
   30.627, 0.2181, 0.7235,  3.68665,  3.71567,     1.00,  89.85,   0.04, 
   30.690, 0.2181, 0.7236,  3.68811,  3.71564,     1.00,  89.85,   0.03, 
   30.759, 0.2180, 0.7236,  3.68958,  3.71562,     1.00,  89.85,   0.03, 
   30.835, 0.2180, 0.7236,  3.69106,  3.71559,     1.00,  89.85,   0.03, 
   30.919, 0.2180, 0.7236,  3.69252,  3.71557,     1.00,  89.85,   0.03, 
   31.012, 0.2179, 0.7236,  3.69398,  3.71554,     1.00,  89.85,   0.03, 
   31.113, 0.2179, 0.7237,  3.69542,  3.71550,     1.00,  89.85,   0.02, 
   31.225, 0.2178, 0.7237,  3.69684,  3.71546,     1.00,  89.85,   0.02, 
   31.348, 0.2178, 0.7237,  3.69823,  3.71542,     1.00,  89.85,   0.02, 
   31.483, 0.2177, 0.7238,  3.69959,  3.71538,     1.00,  89.85,   0.02, 
   31.631, 0.2177, 0.7238,  3.70090,  3.71533,     1.00,  89.85,   0.02, 
   31.795, 0.2176, 0.7238,  3.70216,  3.71527,     1.00,  89.85,   0.02, 
   31.974, 0.2175, 0.7239,  3.70336,  3.71521,     1.00,  89.85,   0.01, 
   32.172, 0.2174, 0.7239,  3.70450,  3.71514,     1.00,  89.85,   0.01, 
   32.390, 0.2174, 0.7240,  3.70557,  3.71507,     1.00,  89.85,   0.01, 
   32.629, 0.2173, 0.7240,  3.70656,  3.71499,     1.00,  89.85,   0.01, 
   32.892, 0.2171, 0.7241,  3.70747,  3.71490,     1.00,  89.85,   0.01, 
   33.182, 0.2170, 0.7242,  3.70829,  3.71480,     1.00,  89.85,   0.01, 
   33.501, 0.2169, 0.7242,  3.70903,  3.71469,     1.00,  89.85,   0.01, 
   33.851, 0.2167, 0.7243,  3.70968,  3.71457,     1.00,  89.85,   0.01, 
   34.236, 0.2166, 0.7244,  3.71024,  3.71444,     1.00,  89.85,   0.00, 
   34.660, 0.2164, 0.7245,  3.71070,  3.71430,     1.00,  89.85,   0.00, 
   35.127, 0.2162, 0.7246,  3.71107,  3.71414,     1.00,  89.85,   0.00, 
   35.640, 0.2160, 0.7248,  3.71135,  3.71396,     1.00,  89.85,   0.00, 
   36.153, 0.2158, 0.7249,  3.71153,  3.71379,     1.00,  89.85,   0.00, 
   36.666, 0.2156, 0.7250,  3.71163,  3.71362,     1.00,  89.85,   0.00, 
   37.179, 0.2154, 0.7251,  3.71167,  3.71344,     1.00,  89.85,   0.00, 
   37.692, 0.2152, 0.7253,  3.71167,  3.71327,     1.00,  89.85,   0.00, 
   38.205, 0.2149, 0.7254,  3.71162,  3.71309,     1.00,  89.85,   0.00, 
   38.718, 0.2147, 0.7255,  3.71155,  3.71291,     1.00,  89.85,   0.00, 
   39.231, 0.2145, 0.7256,  3.71146,  3.71274,     1.00,  89.85,   0.00, 
   39.744, 0.2143, 0.7258,  3.71135,  3.71256,     1.00,  89.85,   0.00, 
   40.000, 0.2142, 0.7258,  3.71129,  3.71248,     1.00,  89.85,   0.00, 
   40.000, 0.2142, 0.7258,  3.69965,  3.71248,    90.00,  89.85,   1.15, 
 specific energy segment =     0.76 W-h/kg
 specific power segment  =     4.54 W/kg
 total heat =          0.9073 W-h/m2
  
   40.000, 0.2142, 0.7258,  3.69965,  3.71248,    90.00,  89.85,   1.15, 
   40.000, 0.2142, 0.7258,  3.69848,  3.71247,    90.00,  89.85,   1.26, 
   40.001, 0.2142, 0.7258,  3.69779,  3.71245,    90.00,  89.85,   1.32, 
   40.001, 0.2142, 0.7258,  3.69724,  3.71244,    90.00,  89.85,   1.37, 
   40.002, 0.2141, 0.7259,  3.69675,  3.71243,    90.00,  89.85,   1.41, 
   40.002, 0.2141, 0.7259,  3.69630,  3.71241,    90.00,  89.85,   1.45, 
   40.003, 0.2141, 0.7259,  3.69587,  3.71240,    90.00,  89.85,   1.49, 
   40.003, 0.2141, 0.7259,  3.69543,  3.71238,    90.00,  89.85,   1.52, 
   40.004, 0.2141, 0.7259,  3.69500,  3.71236,    90.00,  89.85,   1.56, 
   40.005, 0.2140, 0.7259,  3.69457,  3.71234,    90.00,  89.85,   1.60, 
   40.005, 0.2140, 0.7259,  3.69413,  3.71231,    90.00,  89.85,   1.63, 
   40.006, 0.2140, 0.7260,  3.69367,  3.71229,    90.00,  89.85,   1.67, 
   40.007, 0.2139, 0.7260,  3.69321,  3.71226,    90.00,  89.85,   1.71, 
   40.008, 0.2139, 0.7260,  3.69272,  3.71222,    90.00,  89.85,   1.75, 
   40.009, 0.2138, 0.7260,  3.69223,  3.71219,    90.00,  89.85,   1.79, 
   40.011, 0.2138, 0.7261,  3.69171,  3.71215,    90.00,  89.85,   1.84, 
   40.012, 0.2138, 0.7261,  3.69117,  3.71211,    90.00,  89.85,   1.88, 
   40.014, 0.2137, 0.7261,  3.69061,  3.71206,    90.00,  89.85,   1.93, 
   40.015, 0.2136, 0.7262,  3.69003,  3.71201,    90.00,  89.85,   1.98, 
   40.017, 0.2136, 0.7262,  3.68942,  3.71195,    90.00,  89.85,   2.03, 
   40.019, 0.2135, 0.7262,  3.68878,  3.71189,    90.00,  89.85,   2.08, 
   40.021, 0.2134, 0.7263,  3.68812,  3.71182,    90.00,  89.85,   2.13, 
   40.024, 0.2133, 0.7263,  3.68743,  3.71174,    90.00,  89.85,   2.19, 
   40.027, 0.2132, 0.7264,  3.68670,  3.71166,    90.00,  89.85,   2.24, 
   40.029, 0.2131, 0.7265,  3.68595,  3.71157,    90.00,  89.85,   2.30, 
   40.033, 0.2130, 0.7265,  3.68515,  3.71146,    90.00,  89.85,   2.37, 
   40.036, 0.2128, 0.7266,  3.68433,  3.71135,    90.00,  89.85,   2.43, 
   40.040, 0.2127, 0.7267,  3.68347,  3.71123,    90.00,  89.85,   2.50, 
   40.045, 0.2125, 0.7268,  3.68256,  3.71109,    90.00,  89.85,   2.57, 
   40.050, 0.2123, 0.7269,  3.68163,  3.71094,    90.00,  89.85,   2.64, 
   40.055, 0.2122, 0.7270,  3.68065,  3.71078,    90.00,  89.85,   2.71, 
   40.061, 0.2119, 0.7272,  3.67962,  3.71060,    90.00,  89.85,   2.79, 
   40.067, 0.2117, 0.7273,  3.67856,  3.71040,    90.00,  89.85,   2.86, 
   40.074, 0.2114, 0.7274,  3.67745,  3.71018,    90.00,  89.85,   2.94, 
   40.082, 0.2111, 0.7276,  3.67629,  3.70994,    90.00,  89.85,   3.03, 
   40.090, 0.2108, 0.7278,  3.67508,  3.70968,    90.00,  89.85,   3.11, 
   40.100, 0.2105, 0.7280,  3.67382,  3.70939,    90.00,  89.85,   3.20, 
   40.110, 0.2101, 0.7282,  3.67251,  3.70906,    90.00,  89.85,   3.29, 
   40.121, 0.2097, 0.7285,  3.67113,  3.70871,    90.00,  89.85,   3.38, 
   40.134, 0.2092, 0.7288,  3.66969,  3.70832,    90.00,  89.85,   3.47, 
   40.148, 0.2087, 0.7290,  3.66818,  3.70789,    90.00,  89.85,   3.57, 
   40.163, 0.2081, 0.7294,  3.66659,  3.70742,    90.00,  89.85,   3.67, 
   40.179, 0.2075, 0.7297,  3.66493,  3.70690,    90.00,  89.85,   3.77, 
   40.197, 0.2068, 0.7301,  3.66318,  3.70632,    90.00,  89.85,   3.88, 
   40.218, 0.2061, 0.7306,  3.66133,  3.70569,    90.00,  89.85,   3.99, 
   40.240, 0.2053, 0.7311,  3.65938,  3.70499,    90.00,  89.85,   4.10, 
   40.264, 0.2043, 0.7316,  3.65732,  3.70423,    90.00,  89.85,   4.22, 
   40.291, 0.2033, 0.7322,  3.65513,  3.70338,    90.00,  89.85,   4.34, 
   40.320, 0.2022, 0.7328,  3.65281,  3.70245,    90.00,  89.85,   4.46, 
   40.352, 0.2010, 0.7335,  3.65034,  3.70142,    90.00,  89.85,   4.59, 
   40.388, 0.1997, 0.7343,  3.64770,  3.70029,    90.00,  89.85,   4.73, 
   40.427, 0.1983, 0.7352,  3.64487,  3.69904,    90.00,  89.85,   4.87, 
   40.470, 0.1966, 0.7361,  3.64182,  3.69766,    90.00,  89.85,   5.02, 
   40.517, 0.1949, 0.7371,  3.63852,  3.69614,    90.00,  89.85,   5.18, 
   40.570, 0.1929, 0.7383,  3.63497,  3.69447,    90.00,  89.85,   5.35, 
   40.627, 0.1908, 0.7395,  3.63118,  3.69262,    90.00,  89.85,   5.53, 
   40.690, 0.1884, 0.7409,  3.62722,  3.69059,    90.00,  89.85,   5.70, 
   40.759, 0.1859, 0.7424,  3.62326,  3.68836,    90.00,  89.85,   5.86, 
   40.835, 0.1830, 0.7441,  3.61955,  3.68590,    90.00,  89.85,   5.97, 
   40.919, 0.1799, 0.7459,  3.61640,  3.68319,    90.00,  89.85,   6.01, 
   41.012, 0.1764, 0.7479,  3.61397,  3.68022,    90.00,  89.85,   5.95, 
   41.113, 0.1726, 0.7502,  3.61198,  3.67696,    90.00,  89.85,   5.83, 
   41.225, 0.1685, 0.7526,  3.61008,  3.67337,    90.00,  89.85,   5.67, 
   41.348, 0.1639, 0.7553,  3.60816,  3.66944,    90.00,  89.85,   5.50, 
   41.483, 0.1588, 0.7582,  3.60609,  3.66511,    90.00,  89.85,   5.31, 
   41.631, 0.1533, 0.7615,  3.60358,  3.66032,    90.00,  89.85,   5.11, 
   41.795, 0.1472, 0.7650,  3.60034,  3.65497,    90.00,  89.85,   4.92, 
   41.974, 0.1405, 0.7690,  3.59589,  3.64893,    90.00,  89.85,   4.78, 
   42.172, 0.1331, 0.7733,  3.58848,  3.64212,    90.00,  89.85,   4.83, 
   42.390, 0.1250, 0.7781,  3.57108,  3.63482,    90.00,  89.85,   5.74, 
   42.629, 0.1160, 0.7833,  3.51445,  3.62808,    90.00,  89.85,  10.23, 
   42.892, 0.1062, 0.7890,  3.28744,  3.62318,    90.00,  89.85,  30.22, 
   43.156, 0.0964, 0.7948,  2.40883,  3.62033,    90.00,  89.85, 109.03, 
   43.189, 0.0952, 0.7955,  2.18993,  3.62004,    90.00,  89.85, 128.71, 
   43.197, 0.0948, 0.7957,  2.12921,  3.61997,    90.00,  89.85, 134.17, 
   43.201, 0.0947, 0.7958,  2.09471,  3.61993,    90.00,  89.85, 137.27, 
   43.203, 0.0946, 0.7958,  2.08509,  3.61992,    90.00,  89.85, 138.13, 
   43.203, 0.0946, 0.7958,  2.08242,  3.61992,    90.00,  89.85, 138.37, 
   43.203, 0.0946, 0.7958,  2.08065,  3.61992,    90.00,  89.85, 138.53, 
   43.203, 0.0946, 0.7958,  2.07921,  3.61992,    90.00,  89.85, 138.66, 
   43.203, 0.0946, 0.7958,  2.07889,  3.61992,    90.00,  89.85, 138.69, 
   43.203, 0.0946, 0.7958,  2.07857,  3.61992,    90.00,  89.85, 138.72, 
 mass is   0.816565
 energy is   20.6577457
 power is   28.6891805
 308 this time step did not converge
 Solid concentration driven to zero.
 Consider changing vcut or the current density.
  
 dV/dt at point of failure is (V/s) -0.672525255
 Moving on to next leg if not the last
  
 comp 7 not converged
 comp 15 not converged
 

     this run just did not converge


