     50  lim, limit on number of iterations
 100.00  h1,  thickness of negative electrode (microns)
  25.00  h2,  thickness of separator (microns)
 100.00  h3,  thickness of positive electrode (microns)
  25.00  hcn, thickness of negative electrode current collector (microns)
  25.00  hcp, thickness of positive electrode current collector (microns)
     80  n1,  number of nodes in negative electrode
     40  n2,  number of nodes in separator
     80  n3,  number of nodes in positive electrode
 298.00  T,   temperature (K)

 1000.0  xx(1,n1+2), initial concentration (mol/m3)
 0.6000  csx,   initial stoichiometric parameter for negative
 0.5000  csy,   initial stoichiometric parameter for positive
   30.0  tmmax, maximum time step size (s)
 .4E-13  dfs1, diffusion coefficient in negative solid (m2/s)
 .1E-12  dfs3, diffusion coefficient in positive solid (m2/s)
  10.00  Rad1,  radius of negative particles (microns)
  10.00  Rad3,  radius of positive particles (microns)

  0.300  ep1,   volume fraction of electrolyte in negative electrode
  0.000  epp1,  volume fraction of polymer phase in negative electrode
  0.100  epf1,  volume fraction of inert filler in negative electrode
  1.000  ep2,   volume fraction of electrolyte in separator
  0.000  epp2,  volume fraction of polymer phase in separator
  0.300  ep3,   volume fraction of electrolyte in positive electrode
  0.000  epp3,  volume fraction of polymer phase in positive electrode
  0.200  epf3,  volume fraction of inert filler in positive electrode
 0.10E+03  sig1,  conductivity of negative matrix (S/m)
  10.      sig3,  conductivity of positive matrix (S/m)
  372.00  cot1,  coulombic capacity of negative material (mAh/g)
  274.00  cot3,  coulombic capacity of positive material (mAh/g)
 .1E-04  rka1,  reaction rate constant for negative reaction 
 .3E-10  rka3,  reaction rate constant for positive reaction

 1324.0  re,   density of electrolyte (kg/m3)
 1800.0  rs1,  density of negative insertion material (kg/m3)
 5010.0  rs3,  density of positive insertion material (kg/m3)
 1800.0  rf,   density of inert filler (kg/m3)
 1780.0  rpl,  density of polymer phase (kg/m3)
    0.0  rc,   density of separator material (kg/m3)
 8954.0  rcn,  density of negative current collector (kg/m3)
 2707.0  rcp,  density of positive current collector (kg/m3)

   0.001000  ranode,   anode film resistance (ohm-m2)
   0.000000  rcathde,  cathode film resistance (ohm-m2)
   0.00  htc,   heat-transfer coefficient with external medium (W/m2K)
   0.000000  dUdT,  temperature coefficient of EMF (V/K)
 2000.0  Cp,    heat capacity of cell (J/kg-K)
   0.00  residm,    residual mass (kg/m2)
 298.00  Tam,   ambient temperature (K)
      1  ncell, number of cells in a cell stack
      2  lht,   0 uses htc,  1 calcs htc,  2 isothermal

      0    nside, side reaction flag 

      1  il1,   1 for long print-out  0 for short print-out
     10  il2,   prints every il2 th node in long print-out
     10  il3,   prints every il3 th time step in long print-out
      1  lflag, 0 for electrolyte in separator only, 1 for uniform
      0  imp, 0 for no impedance, 1 for impedance
   0.00  capp1,  capacitance of negative material (F/m2)
   0.00  capp3,  capacitance of positive material (F/m2)
      2  lcurs, number of current changes
  
 MCMB 2528 Graphite (Bellcore)
 LiPF6 in EC:DMC
 LiCoO2 (Cobalt dioxide)
 open-circuit potential, negative   0.178978294
 delta S negative   0.
 open-circuit potential, positive   4.24165195
 delta S positive   0.
  
      DUAL INSERTION CELL VERSION 5.1
  
   Time     Util N  Util P  Cell Pot   Uocp      Curr      Temp   heatgen
   (min)       x       y      (V)       (V)      (A/m2)    (C)    (W/m2)
  
    0.000, 0.6000, 0.5000,  4.06267,  4.06267,     0.00,  24.85,   0.00, 
    0.001, 0.6000, 0.5000,  4.06267,  4.06267,     0.00,  24.85,   0.00, 
    0.001, 0.6000, 0.5000,  4.06267,  4.06267,     0.00,  24.85,   0.00, 
    0.001, 0.6000, 0.5000,  4.06267,  4.06267,     0.00,  24.85,   0.00, 
    0.002, 0.6000, 0.5000,  4.06267,  4.06267,     0.00,  24.85,   0.00, 
    0.002, 0.6000, 0.5000,  4.06267,  4.06267,     0.00,  24.85,   0.00, 
    0.003, 0.6000, 0.5000,  4.06267,  4.06267,     0.00,  24.85,   0.00, 
    0.003, 0.6000, 0.5000,  4.06267,  4.06267,     0.00,  24.85,   0.00, 
    0.004, 0.6000, 0.5000,  4.06267,  4.06267,     0.00,  24.85,   0.00, 
    0.005, 0.6000, 0.5000,  4.06267,  4.06267,     0.00,  24.85,   0.00, 
    0.006, 0.6000, 0.5000,  4.06267,  4.06267,     0.00,  24.85,   0.00, 
    0.007, 0.6000, 0.5000,  4.06267,  4.06267,     0.00,  24.85,   0.00, 
    0.007, 0.6000, 0.5000,  4.06267,  4.06267,     0.00,  24.85,   0.00, 
    0.009, 0.6000, 0.5000,  4.06267,  4.06267,     0.00,  24.85,   0.00, 
    0.010, 0.6000, 0.5000,  4.06267,  4.06267,     0.00,  24.85,   0.00, 
    0.011, 0.6000, 0.5000,  4.06267,  4.06267,     0.00,  24.85,   0.00, 
    0.012, 0.6000, 0.5000,  4.06267,  4.06267,     0.00,  24.85,   0.00, 
    0.014, 0.6000, 0.5000,  4.06267,  4.06267,     0.00,  24.85,   0.00, 
    0.016, 0.6000, 0.5000,  4.06267,  4.06267,     0.00,  24.85,   0.00, 
    0.017, 0.6000, 0.5000,  4.06267,  4.06267,     0.00,  24.85,   0.00, 
    0.019, 0.6000, 0.5000,  4.06267,  4.06267,     0.00,  24.85,   0.00, 
    0.022, 0.6000, 0.5000,  4.06267,  4.06267,     0.00,  24.85,   0.00, 
    0.024, 0.6000, 0.5000,  4.06267,  4.06267,     0.00,  24.85,   0.00, 
    0.027, 0.6000, 0.5000,  4.06267,  4.06267,     0.00,  24.85,   0.00, 
    0.030, 0.6000, 0.5000,  4.06267,  4.06267,     0.00,  24.85,   0.00, 
    0.033, 0.6000, 0.5000,  4.06267,  4.06267,     0.00,  24.85,   0.00, 
    0.037, 0.6000, 0.5000,  4.06267,  4.06267,     0.00,  24.85,   0.00, 
    0.041, 0.6000, 0.5000,  4.06267,  4.06267,     0.00,  24.85,   0.00, 
    0.045, 0.6000, 0.5000,  4.06267,  4.06267,     0.00,  24.85,   0.00, 
    0.050, 0.6000, 0.5000,  4.06267,  4.06267,     0.00,  24.85,   0.00, 
    0.055, 0.6000, 0.5000,  4.06267,  4.06267,     0.00,  24.85,   0.00, 
    0.061, 0.6000, 0.5000,  4.06267,  4.06267,     0.00,  24.85,   0.00, 
    0.067, 0.6000, 0.5000,  4.06267,  4.06267,     0.00,  24.85,   0.00, 
    0.074, 0.6000, 0.5000,  4.06267,  4.06267,     0.00,  24.85,   0.00, 
    0.082, 0.6000, 0.5000,  4.06267,  4.06267,     0.00,  24.85,   0.00, 
    0.091, 0.6000, 0.5000,  4.06267,  4.06267,     0.00,  24.85,   0.00, 
    0.100, 0.6000, 0.5000,  4.06267,  4.06267,     0.00,  24.85,   0.00, 
    0.110, 0.6000, 0.5000,  4.06267,  4.06267,     0.00,  24.85,   0.00, 
    0.122, 0.6000, 0.5000,  4.06267,  4.06267,     0.00,  24.85,   0.00, 
    0.134, 0.6000, 0.5000,  4.06267,  4.06267,     0.00,  24.85,   0.00, 
    0.148, 0.6000, 0.5000,  4.06267,  4.06267,     0.00,  24.85,   0.00, 
    0.163, 0.6000, 0.5000,  4.06267,  4.06267,     0.00,  24.85,   0.00, 
    0.180, 0.6000, 0.5000,  4.06267,  4.06267,     0.00,  24.85,   0.00, 
    0.198, 0.6000, 0.5000,  4.06267,  4.06267,     0.00,  24.85,   0.00, 
    0.218, 0.6000, 0.5000,  4.06267,  4.06267,     0.00,  24.85,   0.00, 
    0.240, 0.6000, 0.5000,  4.06267,  4.06267,     0.00,  24.85,   0.00, 
    0.264, 0.6000, 0.5000,  4.06267,  4.06267,     0.00,  24.85,   0.00, 
    0.291, 0.6000, 0.5000,  4.06267,  4.06267,     0.00,  24.85,   0.00, 
    0.320, 0.6000, 0.5000,  4.06267,  4.06267,     0.00,  24.85,   0.00, 
    0.353, 0.6000, 0.5000,  4.06267,  4.06267,     0.00,  24.85,   0.00, 
    0.388, 0.6000, 0.5000,  4.06267,  4.06267,     0.00,  24.85,   0.00, 
    0.427, 0.6000, 0.5000,  4.06267,  4.06267,     0.00,  24.85,   0.00, 
    0.470, 0.6000, 0.5000,  4.06267,  4.06267,     0.00,  24.85,   0.00, 
    0.518, 0.6000, 0.5000,  4.06267,  4.06267,     0.00,  24.85,   0.00, 
    0.570, 0.6000, 0.5000,  4.06267,  4.06267,     0.00,  24.85,   0.00, 
    0.627, 0.6000, 0.5000,  4.06267,  4.06267,     0.00,  24.85,   0.00, 
    0.690, 0.6000, 0.5000,  4.06267,  4.06267,     0.00,  24.85,   0.00, 
    0.760, 0.6000, 0.5000,  4.06267,  4.06267,     0.00,  24.85,   0.00, 
    0.836, 0.6000, 0.5000,  4.06267,  4.06267,     0.00,  24.85,   0.00, 
    0.920, 0.6000, 0.5000,  4.06267,  4.06267,     0.00,  24.85,   0.00, 
    1.000, 0.6000, 0.5000,  4.06267,  4.06267,     0.00,  24.85,   0.00, 
    1.000, 0.6000, 0.5000,  4.05712,  4.06267,     5.00,  24.85,   0.03, 
 specific energy segment =     0.00 W-h/kg
 specific power segment  =     0.00 W/kg
 total heat =          0.0000 W-h/m2
  
    1.000, 0.6000, 0.5000,  4.05712,  4.06267,     5.00,  24.85,   0.03, 
    1.000, 0.6000, 0.5000,  4.05710,  4.06267,     5.00,  24.85,   0.03, 
    1.001, 0.6000, 0.5000,  4.05708,  4.06267,     5.00,  24.85,   0.03, 
    1.001, 0.6000, 0.5000,  4.05706,  4.06267,     5.00,  24.85,   0.03, 
    1.002, 0.6000, 0.5000,  4.05705,  4.06267,     5.00,  24.85,   0.03, 
    1.002, 0.6000, 0.5000,  4.05703,  4.06267,     5.00,  24.85,   0.03, 
    1.003, 0.6000, 0.5000,  4.05702,  4.06267,     5.00,  24.85,   0.03, 
    1.003, 0.6000, 0.5000,  4.05701,  4.06267,     5.00,  24.85,   0.03, 
    1.004, 0.6000, 0.5000,  4.05699,  4.06267,     5.00,  24.85,   0.03, 
    1.005, 0.6000, 0.5000,  4.05698,  4.06267,     5.00,  24.85,   0.03, 
    1.005, 0.6000, 0.5000,  4.05696,  4.06267,     5.00,  24.85,   0.03, 
    1.006, 0.6000, 0.5000,  4.05695,  4.06267,     5.00,  24.85,   0.03, 
    1.007, 0.6000, 0.5000,  4.05693,  4.06267,     5.00,  24.85,   0.03, 
    1.008, 0.6000, 0.5000,  4.05692,  4.06266,     5.00,  24.85,   0.03, 
    1.009, 0.6000, 0.5000,  4.05690,  4.06266,     5.00,  24.85,   0.03, 
    1.011, 0.6000, 0.5000,  4.05689,  4.06266,     5.00,  24.85,   0.03, 
    1.012, 0.6000, 0.5000,  4.05687,  4.06266,     5.00,  24.85,   0.03, 
    1.014, 0.6000, 0.5000,  4.05685,  4.06266,     5.00,  24.85,   0.03, 
    1.015, 0.6000, 0.5000,  4.05683,  4.06266,     5.00,  24.85,   0.03, 
    1.017, 0.6000, 0.5000,  4.05681,  4.06265,     5.00,  24.85,   0.03, 
    1.019, 0.6000, 0.5000,  4.05679,  4.06265,     5.00,  24.85,   0.03, 
    1.021, 0.6000, 0.5000,  4.05676,  4.06265,     5.00,  24.85,   0.03, 
    1.024, 0.6000, 0.5000,  4.05674,  4.06265,     5.00,  24.85,   0.03, 
    1.027, 0.5999, 0.5000,  4.05671,  4.06264,     5.00,  24.85,   0.03, 
    1.029, 0.5999, 0.5000,  4.05669,  4.06264,     5.00,  24.85,   0.03, 
    1.033, 0.5999, 0.5000,  4.05666,  4.06264,     5.00,  24.85,   0.03, 
    1.036, 0.5999, 0.5000,  4.05663,  4.06263,     5.00,  24.85,   0.03, 
    1.040, 0.5999, 0.5000,  4.05660,  4.06263,     5.00,  24.85,   0.03, 
    1.045, 0.5999, 0.5001,  4.05657,  4.06262,     5.00,  24.85,   0.03, 
    1.050, 0.5999, 0.5001,  4.05653,  4.06262,     5.00,  24.85,   0.03, 
    1.055, 0.5999, 0.5001,  4.05649,  4.06261,     5.00,  24.85,   0.03, 
    1.061, 0.5999, 0.5001,  4.05645,  4.06260,     5.00,  24.85,   0.03, 
    1.067, 0.5999, 0.5001,  4.05641,  4.06260,     5.00,  24.85,   0.03, 
    1.074, 0.5998, 0.5001,  4.05637,  4.06259,     5.00,  24.85,   0.03, 
    1.082, 0.5998, 0.5001,  4.05632,  4.06258,     5.00,  24.85,   0.03, 
    1.090, 0.5998, 0.5001,  4.05628,  4.06257,     5.00,  24.85,   0.03, 
    1.100, 0.5998, 0.5001,  4.05622,  4.06256,     5.00,  24.85,   0.03, 
    1.110, 0.5998, 0.5001,  4.05617,  4.06255,     5.00,  24.85,   0.03, 
    1.121, 0.5997, 0.5001,  4.05611,  4.06253,     5.00,  24.85,   0.03, 
    1.134, 0.5997, 0.5002,  4.05605,  4.06252,     5.00,  24.85,   0.03, 
    1.148, 0.5997, 0.5002,  4.05599,  4.06250,     5.00,  24.85,   0.03, 
    1.163, 0.5997, 0.5002,  4.05592,  4.06248,     5.00,  24.85,   0.03, 
    1.179, 0.5996, 0.5002,  4.05585,  4.06247,     5.00,  24.85,   0.03, 
    1.197, 0.5996, 0.5002,  4.05577,  4.06244,     5.00,  24.85,   0.03, 
    1.218, 0.5995, 0.5003,  4.05569,  4.06242,     5.00,  24.85,   0.03, 
    1.240, 0.5995, 0.5003,  4.05561,  4.06240,     5.00,  24.85,   0.03, 
    1.264, 0.5995, 0.5003,  4.05552,  4.06237,     5.00,  24.85,   0.03, 
    1.291, 0.5994, 0.5004,  4.05543,  4.06234,     5.00,  24.85,   0.03, 
    1.320, 0.5993, 0.5004,  4.05533,  4.06230,     5.00,  24.85,   0.03, 
    1.352, 0.5993, 0.5004,  4.05523,  4.06227,     5.00,  24.85,   0.04, 
    1.388, 0.5992, 0.5005,  4.05513,  4.06222,     5.00,  24.85,   0.04, 
    1.427, 0.5991, 0.5005,  4.05502,  4.06218,     5.00,  24.85,   0.04, 
    1.470, 0.5990, 0.5006,  4.05490,  4.06213,     5.00,  24.85,   0.04, 
    1.517, 0.5989, 0.5006,  4.05478,  4.06207,     5.00,  24.85,   0.04, 
    1.570, 0.5988, 0.5007,  4.05466,  4.06201,     5.00,  24.85,   0.04, 
    1.627, 0.5987, 0.5008,  4.05453,  4.06195,     5.00,  24.85,   0.04, 
    1.690, 0.5986, 0.5008,  4.05439,  4.06188,     5.00,  24.85,   0.04, 
    1.759, 0.5984, 0.5009,  4.05425,  4.06180,     5.00,  24.85,   0.04, 
    1.835, 0.5983, 0.5010,  4.05411,  4.06171,     5.00,  24.85,   0.04, 
    1.919, 0.5981, 0.5011,  4.05395,  4.06161,     5.00,  24.85,   0.04, 
    2.012, 0.5979, 0.5012,  4.05380,  4.06151,     5.00,  24.85,   0.04, 
    2.113, 0.5977, 0.5014,  4.05363,  4.06139,     5.00,  24.85,   0.04, 
    2.225, 0.5975, 0.5015,  4.05346,  4.06127,     5.00,  24.85,   0.04, 
    2.348, 0.5972, 0.5016,  4.05328,  4.06113,     5.00,  24.85,   0.04, 
    2.483, 0.5969, 0.5018,  4.05308,  4.06098,     5.00,  24.85,   0.04, 
    2.631, 0.5966, 0.5020,  4.05288,  4.06081,     5.00,  24.85,   0.04, 
    2.795, 0.5963, 0.5022,  4.05266,  4.06063,     5.00,  24.85,   0.04, 
    2.974, 0.5959, 0.5024,  4.05243,  4.06043,     5.00,  24.85,   0.04, 
    3.172, 0.5955, 0.5026,  4.05218,  4.06021,     5.00,  24.85,   0.04, 
    3.390, 0.5950, 0.5029,  4.05192,  4.05997,     5.00,  24.85,   0.04, 
    3.629, 0.5945, 0.5032,  4.05163,  4.05971,     5.00,  24.85,   0.04, 
    3.892, 0.5940, 0.5035,  4.05132,  4.05942,     5.00,  24.85,   0.04, 
    4.182, 0.5934, 0.5039,  4.05098,  4.05911,     5.00,  24.85,   0.04, 
    4.501, 0.5927, 0.5043,  4.05061,  4.05876,     5.00,  24.85,   0.04, 
    4.851, 0.5920, 0.5047,  4.05021,  4.05839,     5.00,  24.85,   0.04, 
    5.236, 0.5912, 0.5051,  4.04978,  4.05798,     5.00,  24.85,   0.04, 
    5.660, 0.5903, 0.5057,  4.04930,  4.05754,     5.00,  24.85,   0.04, 
    6.127, 0.5894, 0.5062,  4.04879,  4.05705,     5.00,  24.85,   0.04, 
    6.640, 0.5883, 0.5068,  4.04822,  4.05653,     5.00,  24.85,   0.04, 
    7.153, 0.5872, 0.5075,  4.04766,  4.05600,     5.00,  24.85,   0.04, 
    7.666, 0.5862, 0.5081,  4.04710,  4.05548,     5.00,  24.85,   0.04, 
    8.179, 0.5851, 0.5087,  4.04654,  4.05496,     5.00,  24.85,   0.04, 
    8.692, 0.5840, 0.5093,  4.04598,  4.05445,     5.00,  24.85,   0.04, 
    9.205, 0.5830, 0.5100,  4.04541,  4.05393,     5.00,  24.85,   0.04, 
    9.718, 0.5819, 0.5106,  4.04482,  4.05341,     5.00,  24.85,   0.04, 
   10.231, 0.5809, 0.5112,  4.04423,  4.05288,     5.00,  24.85,   0.04, 
   10.744, 0.5798, 0.5118,  4.04361,  4.05235,     5.00,  24.85,   0.04, 
   11.257, 0.5787, 0.5125,  4.04297,  4.05180,     5.00,  24.85,   0.04, 
   11.770, 0.5777, 0.5131,  4.04230,  4.05123,     5.00,  24.85,   0.04, 
   12.283, 0.5766, 0.5137,  4.04159,  4.05064,     5.00,  24.85,   0.04, 
   12.796, 0.5755, 0.5143,  4.04083,  4.05002,     5.00,  24.85,   0.05, 
   13.309, 0.5745, 0.5149,  4.04001,  4.04936,     5.00,  24.85,   0.05, 
   13.822, 0.5734, 0.5156,  4.03911,  4.04865,     5.00,  24.85,   0.05, 
   14.335, 0.5723, 0.5162,  4.03813,  4.04788,     5.00,  24.85,   0.05, 
   14.848, 0.5713, 0.5168,  4.03705,  4.04704,     5.00,  24.85,   0.05, 
   15.361, 0.5702, 0.5174,  4.03586,  4.04611,     5.00,  24.85,   0.05, 
   15.874, 0.5691, 0.5181,  4.03453,  4.04509,     5.00,  24.85,   0.05, 
   16.387, 0.5681, 0.5187,  4.03305,  4.04394,     5.00,  24.85,   0.05, 
   16.900, 0.5670, 0.5193,  4.03142,  4.04266,     5.00,  24.85,   0.06, 
   17.413, 0.5660, 0.5199,  4.02961,  4.04123,     5.00,  24.85,   0.06, 
   17.926, 0.5649, 0.5205,  4.02764,  4.03964,     5.00,  24.85,   0.06, 
   18.439, 0.5638, 0.5212,  4.02550,  4.03788,     5.00,  24.85,   0.06, 
   18.952, 0.5628, 0.5218,  4.02322,  4.03595,     5.00,  24.85,   0.06, 
   19.465, 0.5617, 0.5224,  4.02081,  4.03385,     5.00,  24.85,   0.07, 
   19.978, 0.5606, 0.5230,  4.01832,  4.03160,     5.00,  24.85,   0.07, 
   20.491, 0.5596, 0.5237,  4.01578,  4.02922,     5.00,  24.85,   0.07, 
   21.004, 0.5585, 0.5243,  4.01325,  4.02675,     5.00,  24.85,   0.07, 
   21.517, 0.5574, 0.5249,  4.01077,  4.02423,     5.00,  24.85,   0.07, 
   22.030, 0.5564, 0.5255,  4.00838,  4.02171,     5.00,  24.85,   0.07, 
   22.543, 0.5553, 0.5262,  4.00612,  4.01923,     5.00,  24.85,   0.07, 
   23.056, 0.5543, 0.5268,  4.00402,  4.01683,     5.00,  24.85,   0.06, 
   23.569, 0.5532, 0.5274,  4.00209,  4.01456,     5.00,  24.85,   0.06, 
   24.082, 0.5521, 0.5280,  4.00033,  4.01244,     5.00,  24.85,   0.06, 
   24.595, 0.5511, 0.5286,  3.99875,  4.01049,     5.00,  24.85,   0.06, 
   25.108, 0.5500, 0.5293,  3.99734,  4.00871,     5.00,  24.85,   0.06, 
   25.621, 0.5489, 0.5299,  3.99607,  4.00712,     5.00,  24.85,   0.06, 
   26.134, 0.5479, 0.5305,  3.99495,  4.00569,     5.00,  24.85,   0.05, 
   26.647, 0.5468, 0.5311,  3.99394,  4.00441,     5.00,  24.85,   0.05, 
   27.160, 0.5457, 0.5318,  3.99304,  4.00327,     5.00,  24.85,   0.05, 
   27.673, 0.5447, 0.5324,  3.99222,  4.00226,     5.00,  24.85,   0.05, 
   28.186, 0.5436, 0.5330,  3.99147,  4.00136,     5.00,  24.85,   0.05, 
   28.699, 0.5425, 0.5336,  3.99077,  4.00054,     5.00,  24.85,   0.05, 
   29.212, 0.5415, 0.5343,  3.99012,  3.99979,     5.00,  24.85,   0.05, 
   29.725, 0.5404, 0.5349,  3.98949,  3.99910,     5.00,  24.85,   0.05, 
   30.238, 0.5394, 0.5355,  3.98889,  3.99846,     5.00,  24.85,   0.05, 
   30.751, 0.5383, 0.5361,  3.98829,  3.99786,     5.00,  24.85,   0.05, 
   31.264, 0.5372, 0.5367,  3.98770,  3.99727,     5.00,  24.85,   0.05, 
   31.777, 0.5362, 0.5374,  3.98711,  3.99670,     5.00,  24.85,   0.05, 
   32.290, 0.5351, 0.5380,  3.98650,  3.99614,     5.00,  24.85,   0.05, 
   32.803, 0.5340, 0.5386,  3.98588,  3.99557,     5.00,  24.85,   0.05, 
   33.316, 0.5330, 0.5392,  3.98524,  3.99500,     5.00,  24.85,   0.05, 
   33.829, 0.5319, 0.5399,  3.98457,  3.99442,     5.00,  24.85,   0.05, 
   34.342, 0.5308, 0.5405,  3.98388,  3.99382,     5.00,  24.85,   0.05, 
   34.855, 0.5298, 0.5411,  3.98316,  3.99320,     5.00,  24.85,   0.05, 
   35.368, 0.5287, 0.5417,  3.98240,  3.99255,     5.00,  24.85,   0.05, 
   35.881, 0.5277, 0.5423,  3.98161,  3.99187,     5.00,  24.85,   0.05, 
   36.394, 0.5266, 0.5430,  3.98077,  3.99116,     5.00,  24.85,   0.05, 
   36.907, 0.5255, 0.5436,  3.97989,  3.99041,     5.00,  24.85,   0.05, 
   37.420, 0.5245, 0.5442,  3.97896,  3.98962,     5.00,  24.85,   0.05, 
   37.933, 0.5234, 0.5448,  3.97799,  3.98879,     5.00,  24.85,   0.05, 
   38.446, 0.5223, 0.5455,  3.97696,  3.98790,     5.00,  24.85,   0.05, 
   38.959, 0.5213, 0.5461,  3.97588,  3.98697,     5.00,  24.85,   0.06, 
   39.472, 0.5202, 0.5467,  3.97475,  3.98599,     5.00,  24.85,   0.06, 
   39.984, 0.5191, 0.5473,  3.97355,  3.98496,     5.00,  24.85,   0.06, 
   40.497, 0.5181, 0.5480,  3.97230,  3.98386,     5.00,  24.85,   0.06, 
   41.010, 0.5170, 0.5486,  3.97099,  3.98271,     5.00,  24.85,   0.06, 
   41.523, 0.5159, 0.5492,  3.96961,  3.98149,     5.00,  24.85,   0.06, 
   42.036, 0.5149, 0.5498,  3.96817,  3.98022,     5.00,  24.85,   0.06, 
   42.549, 0.5138, 0.5504,  3.96666,  3.97887,     5.00,  24.85,   0.06, 
   43.062, 0.5128, 0.5511,  3.96508,  3.97746,     5.00,  24.85,   0.06, 
   43.575, 0.5117, 0.5517,  3.96344,  3.97598,     5.00,  24.85,   0.06, 
   44.088, 0.5106, 0.5523,  3.96173,  3.97444,     5.00,  24.85,   0.06, 
   44.601, 0.5096, 0.5529,  3.95995,  3.97282,     5.00,  24.85,   0.06, 
   45.114, 0.5085, 0.5536,  3.95810,  3.97113,     5.00,  24.85,   0.07, 
   45.627, 0.5074, 0.5542,  3.95619,  3.96937,     5.00,  24.85,   0.07, 
   46.140, 0.5064, 0.5548,  3.95421,  3.96755,     5.00,  24.85,   0.07, 
   46.653, 0.5053, 0.5554,  3.95216,  3.96565,     5.00,  24.85,   0.07, 
   47.166, 0.5042, 0.5561,  3.95006,  3.96368,     5.00,  24.85,   0.07, 
   47.679, 0.5032, 0.5567,  3.94789,  3.96165,     5.00,  24.85,   0.07, 
   48.192, 0.5021, 0.5573,  3.94567,  3.95955,     5.00,  24.85,   0.07, 
   48.705, 0.5010, 0.5579,  3.94339,  3.95739,     5.00,  24.85,   0.07, 
   49.218, 0.5000, 0.5585,  3.94106,  3.95517,     5.00,  24.85,   0.07, 
   49.731, 0.4989, 0.5592,  3.93869,  3.95289,     5.00,  24.85,   0.07, 
   50.244, 0.4979, 0.5598,  3.93627,  3.95055,     5.00,  24.85,   0.07, 
   50.757, 0.4968, 0.5604,  3.93381,  3.94817,     5.00,  24.85,   0.07, 
   51.270, 0.4957, 0.5610,  3.93132,  3.94574,     5.00,  24.85,   0.07, 
   51.783, 0.4947, 0.5617,  3.92881,  3.94326,     5.00,  24.85,   0.07, 
   52.296, 0.4936, 0.5623,  3.92627,  3.94076,     5.00,  24.85,   0.07, 
   52.809, 0.4925, 0.5629,  3.92371,  3.93822,     5.00,  24.85,   0.07, 
   53.322, 0.4915, 0.5635,  3.92114,  3.93565,     5.00,  24.85,   0.07, 
   53.835, 0.4904, 0.5641,  3.91856,  3.93307,     5.00,  24.85,   0.07, 
   54.348, 0.4893, 0.5648,  3.91599,  3.93047,     5.00,  24.85,   0.07, 
   54.861, 0.4883, 0.5654,  3.91342,  3.92786,     5.00,  24.85,   0.07, 
   55.374, 0.4872, 0.5660,  3.91086,  3.92525,     5.00,  24.85,   0.07, 
   55.887, 0.4862, 0.5666,  3.90832,  3.92264,     5.00,  24.85,   0.07, 
   56.400, 0.4851, 0.5673,  3.90581,  3.92004,     5.00,  24.85,   0.07, 
   56.913, 0.4840, 0.5679,  3.90332,  3.91746,     5.00,  24.85,   0.07, 
   57.426, 0.4830, 0.5685,  3.90086,  3.91490,     5.00,  24.85,   0.07, 
   57.939, 0.4819, 0.5691,  3.89844,  3.91237,     5.00,  24.85,   0.07, 
   58.452, 0.4808, 0.5698,  3.89607,  3.90987,     5.00,  24.85,   0.07, 
   58.965, 0.4798, 0.5704,  3.89374,  3.90740,     5.00,  24.85,   0.07, 
   59.478, 0.4787, 0.5710,  3.89146,  3.90498,     5.00,  24.85,   0.07, 
   59.991, 0.4776, 0.5716,  3.88923,  3.90260,     5.00,  24.85,   0.07, 
   60.504, 0.4766, 0.5722,  3.88706,  3.90028,     5.00,  24.85,   0.07, 
   61.017, 0.4755, 0.5729,  3.88495,  3.89800,     5.00,  24.85,   0.07, 
   61.530, 0.4744, 0.5735,  3.88290,  3.89579,     5.00,  24.85,   0.06, 
   62.043, 0.4734, 0.5741,  3.88091,  3.89363,     5.00,  24.85,   0.06, 
   62.556, 0.4723, 0.5747,  3.87899,  3.89153,     5.00,  24.85,   0.06, 
   63.069, 0.4713, 0.5754,  3.87713,  3.88949,     5.00,  24.85,   0.06, 
   63.582, 0.4702, 0.5760,  3.87533,  3.88752,     5.00,  24.85,   0.06, 
   64.095, 0.4691, 0.5766,  3.87359,  3.88561,     5.00,  24.85,   0.06, 
   64.608, 0.4681, 0.5772,  3.87192,  3.88377,     5.00,  24.85,   0.06, 
   65.121, 0.4670, 0.5779,  3.87032,  3.88199,     5.00,  24.85,   0.06, 
   65.634, 0.4659, 0.5785,  3.86877,  3.88027,     5.00,  24.85,   0.06, 
   66.147, 0.4649, 0.5791,  3.86729,  3.87863,     5.00,  24.85,   0.06, 
   66.660, 0.4638, 0.5797,  3.86586,  3.87704,     5.00,  24.85,   0.06, 
   67.173, 0.4627, 0.5803,  3.86450,  3.87552,     5.00,  24.85,   0.05, 
   67.686, 0.4617, 0.5810,  3.86319,  3.87405,     5.00,  24.85,   0.05, 
   68.199, 0.4606, 0.5816,  3.86193,  3.87265,     5.00,  24.85,   0.05, 
   68.712, 0.4596, 0.5822,  3.86073,  3.87131,     5.00,  24.85,   0.05, 
   69.225, 0.4585, 0.5828,  3.85958,  3.87002,     5.00,  24.85,   0.05, 
   69.738, 0.4574, 0.5835,  3.85847,  3.86878,     5.00,  24.85,   0.05, 
   70.251, 0.4564, 0.5841,  3.85742,  3.86760,     5.00,  24.85,   0.05, 
   70.764, 0.4553, 0.5847,  3.85640,  3.86646,     5.00,  24.85,   0.05, 
   71.277, 0.4542, 0.5853,  3.85543,  3.86538,     5.00,  24.85,   0.05, 
   71.790, 0.4532, 0.5859,  3.85449,  3.86434,     5.00,  24.85,   0.05, 
   72.303, 0.4521, 0.5866,  3.85359,  3.86334,     5.00,  24.85,   0.05, 
   72.816, 0.4510, 0.5872,  3.85273,  3.86238,     5.00,  24.85,   0.05, 
   73.329, 0.4500, 0.5878,  3.85190,  3.86146,     5.00,  24.85,   0.05, 
   73.842, 0.4489, 0.5884,  3.85110,  3.86057,     5.00,  24.85,   0.05, 
   74.355, 0.4478, 0.5891,  3.85032,  3.85972,     5.00,  24.85,   0.05, 
   74.868, 0.4468, 0.5897,  3.84958,  3.85891,     5.00,  24.85,   0.05, 
   75.381, 0.4457, 0.5903,  3.84885,  3.85812,     5.00,  24.85,   0.05, 
   75.894, 0.4447, 0.5909,  3.84815,  3.85735,     5.00,  24.85,   0.05, 
   76.407, 0.4436, 0.5916,  3.84747,  3.85662,     5.00,  24.85,   0.05, 
   76.920, 0.4425, 0.5922,  3.84681,  3.85590,     5.00,  24.85,   0.05, 
   77.433, 0.4415, 0.5928,  3.84616,  3.85521,     5.00,  24.85,   0.04, 
   77.946, 0.4404, 0.5934,  3.84553,  3.85454,     5.00,  24.85,   0.04, 
   78.459, 0.4393, 0.5940,  3.84492,  3.85388,     5.00,  24.85,   0.04, 
   78.972, 0.4383, 0.5947,  3.84431,  3.85324,     5.00,  24.85,   0.04, 
   79.485, 0.4372, 0.5953,  3.84372,  3.85262,     5.00,  24.85,   0.04, 
   79.998, 0.4361, 0.5959,  3.84314,  3.85201,     5.00,  24.85,   0.04, 
   80.511, 0.4351, 0.5965,  3.84256,  3.85141,     5.00,  24.85,   0.04, 
   81.024, 0.4340, 0.5972,  3.84200,  3.85082,     5.00,  24.85,   0.04, 
   81.537, 0.4329, 0.5978,  3.84143,  3.85025,     5.00,  24.85,   0.04, 
   82.050, 0.4319, 0.5984,  3.84088,  3.84968,     5.00,  24.85,   0.04, 
   82.563, 0.4308, 0.5990,  3.84033,  3.84911,     5.00,  24.85,   0.04, 
   83.076, 0.4298, 0.5997,  3.83978,  3.84855,     5.00,  24.85,   0.04, 
   83.589, 0.4287, 0.6003,  3.83924,  3.84800,     5.00,  24.85,   0.04, 
   84.102, 0.4276, 0.6009,  3.83869,  3.84745,     5.00,  24.85,   0.04, 
   84.615, 0.4266, 0.6015,  3.83815,  3.84691,     5.00,  24.85,   0.04, 
   85.128, 0.4255, 0.6021,  3.83761,  3.84637,     5.00,  24.85,   0.04, 
   85.641, 0.4244, 0.6028,  3.83707,  3.84583,     5.00,  24.85,   0.04, 
   86.154, 0.4234, 0.6034,  3.83653,  3.84529,     5.00,  24.85,   0.04, 
   86.667, 0.4223, 0.6040,  3.83599,  3.84475,     5.00,  24.85,   0.04, 
   87.180, 0.4212, 0.6046,  3.83545,  3.84421,     5.00,  24.85,   0.04, 
   87.693, 0.4202, 0.6053,  3.83491,  3.84367,     5.00,  24.85,   0.04, 
   88.206, 0.4191, 0.6059,  3.83436,  3.84313,     5.00,  24.85,   0.04, 
   88.719, 0.4181, 0.6065,  3.83381,  3.84258,     5.00,  24.85,   0.04, 
   89.232, 0.4170, 0.6071,  3.83326,  3.84204,     5.00,  24.85,   0.04, 
   89.745, 0.4159, 0.6077,  3.83271,  3.84149,     5.00,  24.85,   0.04, 
   90.258, 0.4149, 0.6084,  3.83215,  3.84094,     5.00,  24.85,   0.04, 
   90.771, 0.4138, 0.6090,  3.83159,  3.84039,     5.00,  24.85,   0.04, 
   91.284, 0.4127, 0.6096,  3.83103,  3.83983,     5.00,  24.85,   0.04, 
   91.797, 0.4117, 0.6102,  3.83046,  3.83927,     5.00,  24.85,   0.04, 
   92.310, 0.4106, 0.6109,  3.82989,  3.83871,     5.00,  24.85,   0.04, 
   92.823, 0.4095, 0.6115,  3.82932,  3.83814,     5.00,  24.85,   0.04, 
   93.336, 0.4085, 0.6121,  3.82874,  3.83757,     5.00,  24.85,   0.04, 
   93.849, 0.4074, 0.6127,  3.82816,  3.83700,     5.00,  24.85,   0.04, 
   94.362, 0.4063, 0.6134,  3.82758,  3.83642,     5.00,  24.85,   0.04, 
   94.875, 0.4053, 0.6140,  3.82699,  3.83584,     5.00,  24.85,   0.04, 
   95.388, 0.4042, 0.6146,  3.82639,  3.83525,     5.00,  24.85,   0.04, 
   95.901, 0.4032, 0.6152,  3.82580,  3.83466,     5.00,  24.85,   0.04, 
   96.414, 0.4021, 0.6158,  3.82520,  3.83406,     5.00,  24.85,   0.04, 
   96.927, 0.4010, 0.6165,  3.82459,  3.83346,     5.00,  24.85,   0.04, 
   97.440, 0.4000, 0.6171,  3.82398,  3.83286,     5.00,  24.85,   0.04, 
   97.953, 0.3989, 0.6177,  3.82337,  3.83225,     5.00,  24.85,   0.04, 
   98.466, 0.3978, 0.6183,  3.82275,  3.83163,     5.00,  24.85,   0.04, 
   98.979, 0.3968, 0.6190,  3.82213,  3.83102,     5.00,  24.85,   0.04, 
   99.492, 0.3957, 0.6196,  3.82151,  3.83039,     5.00,  24.85,   0.04, 
  100.005, 0.3946, 0.6202,  3.82089,  3.82977,     5.00,  24.85,   0.04, 
  100.518, 0.3936, 0.6208,  3.82026,  3.82914,     5.00,  24.85,   0.04, 
  101.031, 0.3925, 0.6214,  3.81963,  3.82850,     5.00,  24.85,   0.04, 
  101.544, 0.3915, 0.6221,  3.81899,  3.82787,     5.00,  24.85,   0.04, 
  102.057, 0.3904, 0.6227,  3.81835,  3.82723,     5.00,  24.85,   0.04, 
  102.570, 0.3893, 0.6233,  3.81771,  3.82658,     5.00,  24.85,   0.04, 
  103.083, 0.3883, 0.6239,  3.81707,  3.82593,     5.00,  24.85,   0.04, 
  103.596, 0.3872, 0.6246,  3.81643,  3.82528,     5.00,  24.85,   0.04, 
  104.109, 0.3861, 0.6252,  3.81578,  3.82462,     5.00,  24.85,   0.04, 
  104.622, 0.3851, 0.6258,  3.81514,  3.82397,     5.00,  24.85,   0.04, 
  105.135, 0.3840, 0.6264,  3.81449,  3.82330,     5.00,  24.85,   0.04, 
  105.648, 0.3829, 0.6271,  3.81384,  3.82264,     5.00,  24.85,   0.04, 
  106.161, 0.3819, 0.6277,  3.81318,  3.82197,     5.00,  24.85,   0.04, 
  106.674, 0.3808, 0.6283,  3.81253,  3.82130,     5.00,  24.85,   0.04, 
  107.187, 0.3797, 0.6289,  3.81187,  3.82063,     5.00,  24.85,   0.04, 
  107.700, 0.3787, 0.6295,  3.81121,  3.81995,     5.00,  24.85,   0.04, 
  108.213, 0.3776, 0.6302,  3.81055,  3.81928,     5.00,  24.85,   0.04, 
  108.726, 0.3766, 0.6308,  3.80989,  3.81860,     5.00,  24.85,   0.04, 
  109.239, 0.3755, 0.6314,  3.80922,  3.81791,     5.00,  24.85,   0.04, 
  109.752, 0.3744, 0.6320,  3.80854,  3.81723,     5.00,  24.85,   0.04, 
  110.265, 0.3734, 0.6327,  3.80787,  3.81655,     5.00,  24.85,   0.04, 
  110.778, 0.3723, 0.6333,  3.80719,  3.81586,     5.00,  24.85,   0.04, 
  111.291, 0.3712, 0.6339,  3.80651,  3.81517,     5.00,  24.85,   0.04, 
  111.804, 0.3702, 0.6345,  3.80583,  3.81448,     5.00,  24.85,   0.04, 
  112.317, 0.3691, 0.6352,  3.80514,  3.81379,     5.00,  24.85,   0.04, 
  112.830, 0.3680, 0.6358,  3.80445,  3.81310,     5.00,  24.85,   0.04, 
  113.343, 0.3670, 0.6364,  3.80376,  3.81241,     5.00,  24.85,   0.04, 
  113.856, 0.3659, 0.6370,  3.80307,  3.81171,     5.00,  24.85,   0.04, 
  114.369, 0.3648, 0.6376,  3.80237,  3.81102,     5.00,  24.85,   0.04, 
  114.882, 0.3638, 0.6383,  3.80167,  3.81032,     5.00,  24.85,   0.04, 
  115.395, 0.3627, 0.6389,  3.80098,  3.80963,     5.00,  24.85,   0.04, 
  115.908, 0.3617, 0.6395,  3.80028,  3.80893,     5.00,  24.85,   0.04, 
  116.421, 0.3606, 0.6401,  3.79957,  3.80824,     5.00,  24.85,   0.04, 
  116.934, 0.3595, 0.6408,  3.79887,  3.80754,     5.00,  24.85,   0.04, 
  117.447, 0.3585, 0.6414,  3.79817,  3.80685,     5.00,  24.85,   0.04, 
  117.960, 0.3574, 0.6420,  3.79746,  3.80615,     5.00,  24.85,   0.04, 
  118.473, 0.3563, 0.6426,  3.79676,  3.80546,     5.00,  24.85,   0.04, 
  118.986, 0.3553, 0.6432,  3.79605,  3.80477,     5.00,  24.85,   0.04, 
  119.499, 0.3542, 0.6439,  3.79534,  3.80407,     5.00,  24.85,   0.04, 
  120.012, 0.3531, 0.6445,  3.79464,  3.80338,     5.00,  24.85,   0.04, 
  120.525, 0.3521, 0.6451,  3.79393,  3.80269,     5.00,  24.85,   0.04, 
  121.038, 0.3510, 0.6457,  3.79322,  3.80200,     5.00,  24.85,   0.04, 
  121.551, 0.3500, 0.6464,  3.79251,  3.80131,     5.00,  24.85,   0.04, 
  122.064, 0.3489, 0.6470,  3.79180,  3.80062,     5.00,  24.85,   0.04, 
  122.577, 0.3478, 0.6476,  3.79110,  3.79993,     5.00,  24.85,   0.04, 
  123.090, 0.3468, 0.6482,  3.79039,  3.79924,     5.00,  24.85,   0.04, 
  123.603, 0.3457, 0.6489,  3.78968,  3.79856,     5.00,  24.85,   0.04, 
  124.116, 0.3446, 0.6495,  3.78897,  3.79787,     5.00,  24.85,   0.04, 
  124.629, 0.3436, 0.6501,  3.78826,  3.79719,     5.00,  24.85,   0.05, 
  125.142, 0.3425, 0.6507,  3.78756,  3.79651,     5.00,  24.85,   0.05, 
  125.655, 0.3414, 0.6513,  3.78685,  3.79583,     5.00,  24.85,   0.05, 
  126.168, 0.3404, 0.6520,  3.78615,  3.79515,     5.00,  24.85,   0.05, 
  126.681, 0.3393, 0.6526,  3.78544,  3.79448,     5.00,  24.85,   0.05, 
  127.194, 0.3382, 0.6532,  3.78474,  3.79381,     5.00,  24.85,   0.05, 
  127.707, 0.3372, 0.6538,  3.78403,  3.79313,     5.00,  24.85,   0.05, 
  128.220, 0.3361, 0.6545,  3.78333,  3.79246,     5.00,  24.85,   0.05, 
  128.733, 0.3351, 0.6551,  3.78263,  3.79179,     5.00,  24.85,   0.05, 
  129.246, 0.3340, 0.6557,  3.78193,  3.79113,     5.00,  24.85,   0.05, 
  129.759, 0.3329, 0.6563,  3.78123,  3.79046,     5.00,  24.85,   0.05, 
  130.272, 0.3319, 0.6570,  3.78054,  3.78980,     5.00,  24.85,   0.05, 
  130.785, 0.3308, 0.6576,  3.77984,  3.78914,     5.00,  24.85,   0.05, 
  131.298, 0.3297, 0.6582,  3.77914,  3.78848,     5.00,  24.85,   0.05, 
  131.811, 0.3287, 0.6588,  3.77845,  3.78782,     5.00,  24.85,   0.05, 
  132.324, 0.3276, 0.6594,  3.77776,  3.78717,     5.00,  24.85,   0.05, 
  132.837, 0.3265, 0.6601,  3.77707,  3.78652,     5.00,  24.85,   0.05, 
  133.350, 0.3255, 0.6607,  3.77638,  3.78587,     5.00,  24.85,   0.05, 
  133.863, 0.3244, 0.6613,  3.77569,  3.78522,     5.00,  24.85,   0.05, 
  134.376, 0.3234, 0.6619,  3.77501,  3.78457,     5.00,  24.85,   0.05, 
  134.889, 0.3223, 0.6626,  3.77433,  3.78393,     5.00,  24.85,   0.05, 
  135.402, 0.3212, 0.6632,  3.77364,  3.78328,     5.00,  24.85,   0.05, 
  135.915, 0.3202, 0.6638,  3.77296,  3.78264,     5.00,  24.85,   0.05, 
  136.428, 0.3191, 0.6644,  3.77229,  3.78200,     5.00,  24.85,   0.05, 
  136.941, 0.3180, 0.6650,  3.77161,  3.78137,     5.00,  24.85,   0.05, 
  137.454, 0.3170, 0.6657,  3.77094,  3.78073,     5.00,  24.85,   0.05, 
  137.967, 0.3159, 0.6663,  3.77027,  3.78010,     5.00,  24.85,   0.05, 
  138.480, 0.3148, 0.6669,  3.76960,  3.77946,     5.00,  24.85,   0.05, 
  138.993, 0.3138, 0.6675,  3.76893,  3.77883,     5.00,  24.85,   0.05, 
  139.506, 0.3127, 0.6682,  3.76826,  3.77820,     5.00,  24.85,   0.05, 
  140.019, 0.3116, 0.6688,  3.76760,  3.77758,     5.00,  24.85,   0.05, 
  140.532, 0.3106, 0.6694,  3.76694,  3.77695,     5.00,  24.85,   0.05, 
  141.045, 0.3095, 0.6700,  3.76628,  3.77632,     5.00,  24.85,   0.05, 
  141.558, 0.3085, 0.6707,  3.76562,  3.77570,     5.00,  24.85,   0.05, 
  142.071, 0.3074, 0.6713,  3.76497,  3.77508,     5.00,  24.85,   0.05, 
  142.584, 0.3063, 0.6719,  3.76432,  3.77445,     5.00,  24.85,   0.05, 
  143.097, 0.3053, 0.6725,  3.76367,  3.77383,     5.00,  24.85,   0.05, 
  143.610, 0.3042, 0.6731,  3.76302,  3.77321,     5.00,  24.85,   0.05, 
  144.123, 0.3031, 0.6738,  3.76238,  3.77259,     5.00,  24.85,   0.05, 
  144.636, 0.3021, 0.6744,  3.76173,  3.77197,     5.00,  24.85,   0.05, 
  145.149, 0.3010, 0.6750,  3.76109,  3.77136,     5.00,  24.85,   0.05, 
  145.662, 0.2999, 0.6756,  3.76046,  3.77074,     5.00,  24.85,   0.05, 
  146.175, 0.2989, 0.6763,  3.75982,  3.77012,     5.00,  24.85,   0.05, 
  146.688, 0.2978, 0.6769,  3.75919,  3.76950,     5.00,  24.85,   0.05, 
  147.201, 0.2967, 0.6775,  3.75856,  3.76888,     5.00,  24.85,   0.05, 
  147.714, 0.2957, 0.6781,  3.75793,  3.76826,     5.00,  24.85,   0.05, 
  148.227, 0.2946, 0.6788,  3.75730,  3.76765,     5.00,  24.85,   0.05, 
  148.740, 0.2936, 0.6794,  3.75668,  3.76703,     5.00,  24.85,   0.05, 
  149.253, 0.2925, 0.6800,  3.75606,  3.76641,     5.00,  24.85,   0.05, 
  149.766, 0.2914, 0.6806,  3.75544,  3.76579,     5.00,  24.85,   0.05, 
  150.279, 0.2904, 0.6812,  3.75482,  3.76517,     5.00,  24.85,   0.05, 
  150.792, 0.2893, 0.6819,  3.75421,  3.76455,     5.00,  24.85,   0.05, 
  151.305, 0.2882, 0.6825,  3.75359,  3.76392,     5.00,  24.85,   0.05, 
  151.818, 0.2872, 0.6831,  3.75298,  3.76330,     5.00,  24.85,   0.05, 
  152.331, 0.2861, 0.6837,  3.75237,  3.76268,     5.00,  24.85,   0.05, 
  152.844, 0.2850, 0.6844,  3.75176,  3.76205,     5.00,  24.85,   0.05, 
  153.357, 0.2840, 0.6850,  3.75114,  3.76142,     5.00,  24.85,   0.05, 
  153.870, 0.2829, 0.6856,  3.75053,  3.76079,     5.00,  24.85,   0.05, 
  154.383, 0.2819, 0.6862,  3.74991,  3.76016,     5.00,  24.85,   0.05, 
  154.896, 0.2808, 0.6868,  3.74930,  3.75953,     5.00,  24.85,   0.05, 
  155.409, 0.2797, 0.6875,  3.74868,  3.75889,     5.00,  24.85,   0.05, 
  155.922, 0.2787, 0.6881,  3.74805,  3.75825,     5.00,  24.85,   0.05, 
  156.435, 0.2776, 0.6887,  3.74742,  3.75761,     5.00,  24.85,   0.05, 
  156.948, 0.2765, 0.6893,  3.74679,  3.75697,     5.00,  24.85,   0.05, 
  157.461, 0.2755, 0.6900,  3.74615,  3.75632,     5.00,  24.85,   0.05, 
  157.974, 0.2744, 0.6906,  3.74551,  3.75568,     5.00,  24.85,   0.05, 
  158.487, 0.2733, 0.6912,  3.74486,  3.75503,     5.00,  24.85,   0.05, 
  159.000, 0.2723, 0.6918,  3.74421,  3.75437,     5.00,  24.85,   0.05, 
  159.513, 0.2712, 0.6925,  3.74355,  3.75372,     5.00,  24.85,   0.05, 
  160.026, 0.2701, 0.6931,  3.74288,  3.75306,     5.00,  24.85,   0.05, 
  160.539, 0.2691, 0.6937,  3.74221,  3.75239,     5.00,  24.85,   0.05, 
  161.052, 0.2680, 0.6943,  3.74154,  3.75173,     5.00,  24.85,   0.05, 
  161.565, 0.2670, 0.6949,  3.74086,  3.75106,     5.00,  24.85,   0.05, 
  162.078, 0.2659, 0.6956,  3.74017,  3.75038,     5.00,  24.85,   0.05, 
  162.591, 0.2648, 0.6962,  3.73948,  3.74970,     5.00,  24.85,   0.05, 
  163.104, 0.2638, 0.6968,  3.73878,  3.74902,     5.00,  24.85,   0.05, 
  163.617, 0.2627, 0.6974,  3.73808,  3.74834,     5.00,  24.85,   0.05, 
  164.130, 0.2616, 0.6981,  3.73737,  3.74765,     5.00,  24.85,   0.05, 
  164.643, 0.2606, 0.6987,  3.73666,  3.74696,     5.00,  24.85,   0.05, 
  165.156, 0.2595, 0.6993,  3.73594,  3.74626,     5.00,  24.85,   0.05, 
  165.669, 0.2584, 0.6999,  3.73522,  3.74556,     5.00,  24.85,   0.05, 
  166.182, 0.2574, 0.7006,  3.73449,  3.74485,     5.00,  24.85,   0.05, 
  166.695, 0.2563, 0.7012,  3.73375,  3.74414,     5.00,  24.85,   0.05, 
  167.208, 0.2553, 0.7018,  3.73301,  3.74343,     5.00,  24.85,   0.05, 
  167.721, 0.2542, 0.7024,  3.73226,  3.74271,     5.00,  24.85,   0.05, 
  168.234, 0.2531, 0.7030,  3.73151,  3.74198,     5.00,  24.85,   0.05, 
  168.747, 0.2521, 0.7037,  3.73076,  3.74126,     5.00,  24.85,   0.05, 
  169.260, 0.2510, 0.7043,  3.72999,  3.74053,     5.00,  24.85,   0.05, 
  169.773, 0.2499, 0.7049,  3.72923,  3.73979,     5.00,  24.85,   0.05, 
  170.286, 0.2489, 0.7055,  3.72846,  3.73905,     5.00,  24.85,   0.05, 
  170.799, 0.2478, 0.7062,  3.72768,  3.73830,     5.00,  24.85,   0.05, 
  171.312, 0.2467, 0.7068,  3.72690,  3.73755,     5.00,  24.85,   0.05, 
  171.825, 0.2457, 0.7074,  3.72611,  3.73680,     5.00,  24.85,   0.05, 
  172.338, 0.2446, 0.7080,  3.72532,  3.73604,     5.00,  24.85,   0.05, 
  172.851, 0.2435, 0.7086,  3.72452,  3.73527,     5.00,  24.85,   0.05, 
  173.364, 0.2425, 0.7093,  3.72372,  3.73450,     5.00,  24.85,   0.05, 
  173.877, 0.2414, 0.7099,  3.72291,  3.73373,     5.00,  24.85,   0.05, 
  174.390, 0.2404, 0.7105,  3.72210,  3.73295,     5.00,  24.85,   0.05, 
  174.903, 0.2393, 0.7111,  3.72128,  3.73217,     5.00,  24.85,   0.05, 
  175.416, 0.2382, 0.7118,  3.72046,  3.73138,     5.00,  24.85,   0.05, 
  175.929, 0.2372, 0.7124,  3.71964,  3.73059,     5.00,  24.85,   0.05, 
  176.442, 0.2361, 0.7130,  3.71881,  3.72979,     5.00,  24.85,   0.06, 
  176.955, 0.2350, 0.7136,  3.71797,  3.72899,     5.00,  24.85,   0.06, 
  177.468, 0.2340, 0.7143,  3.71713,  3.72818,     5.00,  24.85,   0.06, 
  177.981, 0.2329, 0.7149,  3.71629,  3.72737,     5.00,  24.85,   0.06, 
  178.494, 0.2318, 0.7155,  3.71544,  3.72656,     5.00,  24.85,   0.06, 
  179.007, 0.2308, 0.7161,  3.71459,  3.72574,     5.00,  24.85,   0.06, 
  179.520, 0.2297, 0.7167,  3.71373,  3.72492,     5.00,  24.85,   0.06, 
  180.033, 0.2286, 0.7174,  3.71288,  3.72409,     5.00,  24.85,   0.06, 
  180.546, 0.2276, 0.7180,  3.71201,  3.72326,     5.00,  24.85,   0.06, 
  181.059, 0.2265, 0.7186,  3.71115,  3.72242,     5.00,  24.85,   0.06, 
  181.572, 0.2255, 0.7192,  3.71027,  3.72158,     5.00,  24.85,   0.06, 
  182.085, 0.2244, 0.7199,  3.70940,  3.72074,     5.00,  24.85,   0.06, 
  182.598, 0.2233, 0.7205,  3.70852,  3.71989,     5.00,  24.85,   0.06, 
  183.111, 0.2223, 0.7211,  3.70764,  3.71904,     5.00,  24.85,   0.06, 
  183.624, 0.2212, 0.7217,  3.70676,  3.71819,     5.00,  24.85,   0.06, 
  184.137, 0.2201, 0.7223,  3.70587,  3.71733,     5.00,  24.85,   0.06, 
  184.650, 0.2191, 0.7230,  3.70498,  3.71647,     5.00,  24.85,   0.06, 
  185.163, 0.2180, 0.7236,  3.70409,  3.71560,     5.00,  24.85,   0.06, 
  185.676, 0.2169, 0.7242,  3.70319,  3.71473,     5.00,  24.85,   0.06, 
  186.189, 0.2159, 0.7248,  3.70229,  3.71386,     5.00,  24.85,   0.06, 
  186.702, 0.2148, 0.7255,  3.70139,  3.71299,     5.00,  24.85,   0.06, 
  187.215, 0.2138, 0.7261,  3.70049,  3.71211,     5.00,  24.85,   0.06, 
  187.728, 0.2127, 0.7267,  3.69958,  3.71123,     5.00,  24.85,   0.06, 
  188.241, 0.2116, 0.7273,  3.69867,  3.71034,     5.00,  24.85,   0.06, 
  188.754, 0.2106, 0.7280,  3.69776,  3.70946,     5.00,  24.85,   0.06, 
  189.267, 0.2095, 0.7286,  3.69685,  3.70857,     5.00,  24.85,   0.06, 
  189.780, 0.2084, 0.7292,  3.69593,  3.70767,     5.00,  24.85,   0.06, 
  190.293, 0.2074, 0.7298,  3.69502,  3.70678,     5.00,  24.85,   0.06, 
  190.806, 0.2063, 0.7304,  3.69410,  3.70588,     5.00,  24.85,   0.06, 
  191.319, 0.2052, 0.7311,  3.69318,  3.70499,     5.00,  24.85,   0.06, 
  191.832, 0.2042, 0.7317,  3.69226,  3.70408,     5.00,  24.85,   0.06, 
  192.345, 0.2031, 0.7323,  3.69133,  3.70318,     5.00,  24.85,   0.06, 
  192.858, 0.2020, 0.7329,  3.69041,  3.70228,     5.00,  24.85,   0.06, 
  193.371, 0.2010, 0.7336,  3.68949,  3.70137,     5.00,  24.85,   0.06, 
  193.884, 0.1999, 0.7342,  3.68856,  3.70046,     5.00,  24.85,   0.06, 
  194.397, 0.1989, 0.7348,  3.68763,  3.69955,     5.00,  24.85,   0.06, 
  194.910, 0.1978, 0.7354,  3.68670,  3.69864,     5.00,  24.85,   0.06, 
  195.423, 0.1967, 0.7361,  3.68578,  3.69773,     5.00,  24.85,   0.06, 
  195.936, 0.1957, 0.7367,  3.68485,  3.69682,     5.00,  24.85,   0.06, 
  196.449, 0.1946, 0.7373,  3.68392,  3.69590,     5.00,  24.85,   0.06, 
  196.962, 0.1935, 0.7379,  3.68299,  3.69499,     5.00,  24.85,   0.06, 
  197.475, 0.1925, 0.7385,  3.68206,  3.69407,     5.00,  24.85,   0.06, 
  197.988, 0.1914, 0.7392,  3.68113,  3.69315,     5.00,  24.85,   0.06, 
  198.501, 0.1903, 0.7398,  3.68020,  3.69223,     5.00,  24.85,   0.06, 
  199.014, 0.1893, 0.7404,  3.67927,  3.69132,     5.00,  24.85,   0.06, 
  199.527, 0.1882, 0.7410,  3.67834,  3.69040,     5.00,  24.85,   0.06, 
  200.040, 0.1872, 0.7417,  3.67741,  3.68948,     5.00,  24.85,   0.06, 
  200.553, 0.1861, 0.7423,  3.67648,  3.68856,     5.00,  24.85,   0.06, 
  201.066, 0.1850, 0.7429,  3.67555,  3.68764,     5.00,  24.85,   0.06, 
  201.579, 0.1840, 0.7435,  3.67462,  3.68672,     5.00,  24.85,   0.06, 
  202.092, 0.1829, 0.7441,  3.67369,  3.68580,     5.00,  24.85,   0.06, 
  202.605, 0.1818, 0.7448,  3.67277,  3.68488,     5.00,  24.85,   0.06, 
  203.118, 0.1808, 0.7454,  3.67184,  3.68396,     5.00,  24.85,   0.06, 
  203.631, 0.1797, 0.7460,  3.67091,  3.68304,     5.00,  24.85,   0.06, 
  204.144, 0.1786, 0.7466,  3.66998,  3.68213,     5.00,  24.85,   0.06, 
  204.657, 0.1776, 0.7473,  3.66906,  3.68121,     5.00,  24.85,   0.06, 
  205.170, 0.1765, 0.7479,  3.66813,  3.68029,     5.00,  24.85,   0.06, 
  205.683, 0.1754, 0.7485,  3.66721,  3.67937,     5.00,  24.85,   0.06, 
  206.196, 0.1744, 0.7491,  3.66628,  3.67846,     5.00,  24.85,   0.06, 
  206.709, 0.1733, 0.7498,  3.66536,  3.67754,     5.00,  24.85,   0.06, 
  207.222, 0.1723, 0.7504,  3.66444,  3.67662,     5.00,  24.85,   0.06, 
  207.735, 0.1712, 0.7510,  3.66351,  3.67571,     5.00,  24.85,   0.06, 
  208.248, 0.1701, 0.7516,  3.66259,  3.67479,     5.00,  24.85,   0.06, 
  208.761, 0.1691, 0.7522,  3.66166,  3.67388,     5.00,  24.85,   0.06, 
  209.274, 0.1680, 0.7529,  3.66074,  3.67297,     5.00,  24.85,   0.06, 
  209.787, 0.1669, 0.7535,  3.65982,  3.67205,     5.00,  24.85,   0.06, 
  210.300, 0.1659, 0.7541,  3.65889,  3.67114,     5.00,  24.85,   0.06, 
  210.813, 0.1648, 0.7547,  3.65797,  3.67023,     5.00,  24.85,   0.06, 
  211.326, 0.1637, 0.7554,  3.65704,  3.66931,     5.00,  24.85,   0.06, 
  211.839, 0.1627, 0.7560,  3.65611,  3.66840,     5.00,  24.85,   0.06, 
  212.352, 0.1616, 0.7566,  3.65519,  3.66749,     5.00,  24.85,   0.06, 
  212.865, 0.1605, 0.7572,  3.65425,  3.66657,     5.00,  24.85,   0.06, 
  213.378, 0.1595, 0.7579,  3.65332,  3.66566,     5.00,  24.85,   0.06, 
  213.891, 0.1584, 0.7585,  3.65239,  3.66474,     5.00,  24.85,   0.06, 
  214.404, 0.1574, 0.7591,  3.65145,  3.66383,     5.00,  24.85,   0.06, 
  214.917, 0.1563, 0.7597,  3.65051,  3.66291,     5.00,  24.85,   0.06, 
  215.430, 0.1552, 0.7603,  3.64957,  3.66199,     5.00,  24.85,   0.06, 
  215.943, 0.1542, 0.7610,  3.64862,  3.66107,     5.00,  24.85,   0.06, 
  216.456, 0.1531, 0.7616,  3.64767,  3.66015,     5.00,  24.85,   0.06, 
  216.969, 0.1520, 0.7622,  3.64671,  3.65922,     5.00,  24.85,   0.06, 
  217.482, 0.1510, 0.7628,  3.64575,  3.65829,     5.00,  24.85,   0.06, 
  217.995, 0.1499, 0.7635,  3.64479,  3.65736,     5.00,  24.85,   0.06, 
  218.508, 0.1488, 0.7641,  3.64382,  3.65643,     5.00,  24.85,   0.06, 
  219.021, 0.1478, 0.7647,  3.64285,  3.65549,     5.00,  24.85,   0.06, 
  219.534, 0.1467, 0.7653,  3.64187,  3.65455,     5.00,  24.85,   0.06, 
  220.047, 0.1457, 0.7659,  3.64089,  3.65360,     5.00,  24.85,   0.06, 
  220.560, 0.1446, 0.7666,  3.63990,  3.65265,     5.00,  24.85,   0.06, 
  221.073, 0.1435, 0.7672,  3.63891,  3.65169,     5.00,  24.85,   0.06, 
  221.586, 0.1425, 0.7678,  3.63792,  3.65073,     5.00,  24.85,   0.06, 
  222.099, 0.1414, 0.7684,  3.63693,  3.64976,     5.00,  24.85,   0.06, 
  222.612, 0.1403, 0.7691,  3.63593,  3.64879,     5.00,  24.85,   0.06, 
  223.125, 0.1393, 0.7697,  3.63494,  3.64782,     5.00,  24.85,   0.06, 
  223.638, 0.1382, 0.7703,  3.63395,  3.64684,     5.00,  24.85,   0.06, 
  224.151, 0.1371, 0.7709,  3.63296,  3.64586,     5.00,  24.85,   0.06, 
  224.664, 0.1361, 0.7716,  3.63198,  3.64488,     5.00,  24.85,   0.06, 
  225.177, 0.1350, 0.7722,  3.63101,  3.64389,     5.00,  24.85,   0.06, 
  225.690, 0.1339, 0.7728,  3.63004,  3.64291,     5.00,  24.85,   0.06, 
  226.203, 0.1329, 0.7734,  3.62909,  3.64192,     5.00,  24.85,   0.06, 
  226.716, 0.1318, 0.7740,  3.62816,  3.64094,     5.00,  24.85,   0.06, 
  227.229, 0.1308, 0.7747,  3.62723,  3.63997,     5.00,  24.85,   0.06, 
  227.742, 0.1297, 0.7753,  3.62633,  3.63900,     5.00,  24.85,   0.06, 
  228.255, 0.1286, 0.7759,  3.62545,  3.63803,     5.00,  24.85,   0.06, 
  228.768, 0.1276, 0.7765,  3.62460,  3.63708,     5.00,  24.85,   0.06, 
  229.281, 0.1265, 0.7772,  3.62377,  3.63614,     5.00,  24.85,   0.06, 
  229.794, 0.1254, 0.7778,  3.62297,  3.63522,     5.00,  24.85,   0.06, 
  230.307, 0.1244, 0.7784,  3.62220,  3.63432,     5.00,  24.85,   0.06, 
  230.820, 0.1233, 0.7790,  3.62146,  3.63343,     5.00,  24.85,   0.06, 
  231.333, 0.1222, 0.7797,  3.62075,  3.63257,     5.00,  24.85,   0.06, 
  231.846, 0.1212, 0.7803,  3.62008,  3.63173,     5.00,  24.85,   0.06, 
  232.359, 0.1201, 0.7809,  3.61944,  3.63092,     5.00,  24.85,   0.06, 
  232.872, 0.1191, 0.7815,  3.61884,  3.63013,     5.00,  24.85,   0.06, 
  233.385, 0.1180, 0.7821,  3.61827,  3.62938,     5.00,  24.85,   0.06, 
  233.898, 0.1169, 0.7828,  3.61773,  3.62866,     5.00,  24.85,   0.05, 
  234.411, 0.1159, 0.7834,  3.61723,  3.62797,     5.00,  24.85,   0.05, 
  234.924, 0.1148, 0.7840,  3.61676,  3.62731,     5.00,  24.85,   0.05, 
  235.437, 0.1137, 0.7846,  3.61632,  3.62668,     5.00,  24.85,   0.05, 
  235.950, 0.1127, 0.7853,  3.61591,  3.62609,     5.00,  24.85,   0.05, 
  236.463, 0.1116, 0.7859,  3.61552,  3.62554,     5.00,  24.85,   0.05, 
  236.976, 0.1105, 0.7865,  3.61516,  3.62501,     5.00,  24.85,   0.05, 
  237.489, 0.1095, 0.7871,  3.61481,  3.62451,     5.00,  24.85,   0.05, 
  238.002, 0.1084, 0.7877,  3.61448,  3.62405,     5.00,  24.85,   0.05, 
  238.515, 0.1073, 0.7884,  3.61416,  3.62361,     5.00,  24.85,   0.05, 
  239.028, 0.1063, 0.7890,  3.61385,  3.62320,     5.00,  24.85,   0.05, 
  239.541, 0.1052, 0.7896,  3.61355,  3.62282,     5.00,  24.85,   0.05, 
  240.054, 0.1042, 0.7902,  3.61326,  3.62246,     5.00,  24.85,   0.05, 
  240.567, 0.1031, 0.7909,  3.61297,  3.62212,     5.00,  24.85,   0.05, 
  241.080, 0.1020, 0.7915,  3.61268,  3.62180,     5.00,  24.85,   0.05, 
  241.593, 0.1010, 0.7921,  3.61239,  3.62150,     5.00,  24.85,   0.05, 
  242.106, 0.0999, 0.7927,  3.61211,  3.62121,     5.00,  24.85,   0.05, 
  242.619, 0.0988, 0.7934,  3.61182,  3.62093,     5.00,  24.85,   0.05, 
  243.132, 0.0978, 0.7940,  3.61154,  3.62067,     5.00,  24.85,   0.05, 
  243.645, 0.0967, 0.7946,  3.61126,  3.62041,     5.00,  24.85,   0.05, 
  244.158, 0.0956, 0.7952,  3.61098,  3.62016,     5.00,  24.85,   0.05, 
  244.671, 0.0946, 0.7958,  3.61070,  3.61991,     5.00,  24.85,   0.05, 
  245.184, 0.0935, 0.7965,  3.61041,  3.61967,     5.00,  24.85,   0.05, 
  245.697, 0.0924, 0.7971,  3.61013,  3.61943,     5.00,  24.85,   0.05, 
  246.210, 0.0914, 0.7977,  3.60984,  3.61919,     5.00,  24.85,   0.05, 
  246.723, 0.0903, 0.7983,  3.60955,  3.61894,     5.00,  24.85,   0.05, 
  247.236, 0.0893, 0.7990,  3.60925,  3.61870,     5.00,  24.85,   0.05, 
  247.749, 0.0882, 0.7996,  3.60895,  3.61845,     5.00,  24.85,   0.05, 
  248.262, 0.0871, 0.8002,  3.60865,  3.61820,     5.00,  24.85,   0.05, 
  248.775, 0.0861, 0.8008,  3.60834,  3.61794,     5.00,  24.85,   0.05, 
  249.288, 0.0850, 0.8015,  3.60803,  3.61767,     5.00,  24.85,   0.05, 
  249.801, 0.0839, 0.8021,  3.60770,  3.61740,     5.00,  24.85,   0.05, 
  250.314, 0.0829, 0.8027,  3.60738,  3.61713,     5.00,  24.85,   0.05, 
  250.827, 0.0818, 0.8033,  3.60704,  3.61684,     5.00,  24.85,   0.05, 
  251.340, 0.0807, 0.8039,  3.60670,  3.61655,     5.00,  24.85,   0.05, 
  251.853, 0.0797, 0.8046,  3.60634,  3.61625,     5.00,  24.85,   0.05, 
  252.366, 0.0786, 0.8052,  3.60598,  3.61594,     5.00,  24.85,   0.05, 
  252.879, 0.0776, 0.8058,  3.60562,  3.61563,     5.00,  24.85,   0.05, 
  253.392, 0.0765, 0.8064,  3.60524,  3.61530,     5.00,  24.85,   0.05, 
  253.905, 0.0754, 0.8071,  3.60485,  3.61497,     5.00,  24.85,   0.05, 
  254.418, 0.0744, 0.8077,  3.60445,  3.61463,     5.00,  24.85,   0.05, 
  254.931, 0.0733, 0.8083,  3.60404,  3.61428,     5.00,  24.85,   0.05, 
  255.444, 0.0722, 0.8089,  3.60362,  3.61392,     5.00,  24.85,   0.05, 
  255.957, 0.0712, 0.8095,  3.60319,  3.61356,     5.00,  24.85,   0.05, 
  256.470, 0.0701, 0.8102,  3.60275,  3.61318,     5.00,  24.85,   0.05, 
  256.983, 0.0690, 0.8108,  3.60229,  3.61279,     5.00,  24.85,   0.05, 
  257.496, 0.0680, 0.8114,  3.60182,  3.61240,     5.00,  24.85,   0.05, 
  258.009, 0.0669, 0.8120,  3.60133,  3.61199,     5.00,  24.85,   0.05, 
  258.522, 0.0658, 0.8127,  3.60083,  3.61157,     5.00,  24.85,   0.05, 
  259.035, 0.0648, 0.8133,  3.60030,  3.61114,     5.00,  24.85,   0.05, 
  259.548, 0.0637, 0.8139,  3.59976,  3.61070,     5.00,  24.85,   0.05, 
  260.061, 0.0627, 0.8145,  3.59919,  3.61025,     5.00,  24.85,   0.06, 
  260.574, 0.0616, 0.8152,  3.59859,  3.60978,     5.00,  24.85,   0.06, 
  261.087, 0.0605, 0.8158,  3.59796,  3.60929,     5.00,  24.85,   0.06, 
  261.600, 0.0595, 0.8164,  3.59730,  3.60878,     5.00,  24.85,   0.06, 
  262.113, 0.0584, 0.8170,  3.59660,  3.60826,     5.00,  24.85,   0.06, 
  262.626, 0.0573, 0.8176,  3.59585,  3.60771,     5.00,  24.85,   0.06, 
  263.139, 0.0563, 0.8183,  3.59506,  3.60713,     5.00,  24.85,   0.06, 
  263.652, 0.0552, 0.8189,  3.59421,  3.60653,     5.00,  24.85,   0.06, 
  264.165, 0.0541, 0.8195,  3.59329,  3.60590,     5.00,  24.85,   0.06, 
  264.678, 0.0531, 0.8201,  3.59231,  3.60523,     5.00,  24.85,   0.06, 
  265.191, 0.0520, 0.8208,  3.59123,  3.60451,     5.00,  24.85,   0.07, 
  265.704, 0.0510, 0.8214,  3.59007,  3.60375,     5.00,  24.85,   0.07, 
  266.217, 0.0499, 0.8220,  3.58879,  3.60294,     5.00,  24.85,   0.07, 
  266.730, 0.0488, 0.8226,  3.58740,  3.60207,     5.00,  24.85,   0.07, 
  267.243, 0.0478, 0.8232,  3.58586,  3.60112,     5.00,  24.85,   0.08, 
  267.756, 0.0467, 0.8239,  3.58417,  3.60010,     5.00,  24.85,   0.08, 
  268.269, 0.0456, 0.8245,  3.58229,  3.59900,     5.00,  24.85,   0.08, 
  268.782, 0.0446, 0.8251,  3.58021,  3.59779,     5.00,  24.85,   0.09, 
  269.295, 0.0435, 0.8257,  3.57790,  3.59646,     5.00,  24.85,   0.09, 
  269.808, 0.0424, 0.8264,  3.57532,  3.59501,     5.00,  24.85,   0.10, 
  270.321, 0.0414, 0.8270,  3.57243,  3.59341,     5.00,  24.85,   0.10, 
  270.834, 0.0403, 0.8276,  3.56920,  3.59164,     5.00,  24.85,   0.11, 
  271.347, 0.0392, 0.8282,  3.56559,  3.58967,     5.00,  24.85,   0.12, 
  271.860, 0.0382, 0.8289,  3.56152,  3.58749,     5.00,  24.85,   0.13, 
  272.373, 0.0371, 0.8295,  3.55695,  3.58506,     5.00,  24.85,   0.14, 
  272.886, 0.0361, 0.8301,  3.55181,  3.58235,     5.00,  24.85,   0.15, 
  273.398, 0.0350, 0.8307,  3.54601,  3.57932,     5.00,  24.85,   0.17, 
  273.911, 0.0339, 0.8313,  3.53947,  3.57592,     5.00,  24.85,   0.18, 
  274.424, 0.0329, 0.8320,  3.53209,  3.57211,     5.00,  24.85,   0.20, 
  274.937, 0.0318, 0.8326,  3.52375,  3.56782,     5.00,  24.85,   0.22, 
  275.450, 0.0307, 0.8332,  3.51431,  3.56300,     5.00,  24.85,   0.24, 
  275.963, 0.0297, 0.8338,  3.50364,  3.55757,     5.00,  24.85,   0.27, 
  276.476, 0.0286, 0.8345,  3.49156,  3.55145,     5.00,  24.85,   0.30, 
  276.989, 0.0275, 0.8351,  3.47787,  3.54453,     5.00,  24.85,   0.33, 
  277.502, 0.0265, 0.8357,  3.46237,  3.53672,     5.00,  24.85,   0.37, 
  278.015, 0.0254, 0.8363,  3.44480,  3.52790,     5.00,  24.85,   0.42, 
  278.528, 0.0243, 0.8370,  3.42488,  3.51791,     5.00,  24.85,   0.46, 
  279.041, 0.0233, 0.8376,  3.40230,  3.50661,     5.00,  24.85,   0.52, 
  279.554, 0.0222, 0.8382,  3.37668,  3.49382,     5.00,  24.85,   0.59, 
  280.067, 0.0212, 0.8388,  3.34761,  3.47932,     5.00,  24.85,   0.66, 
  280.580, 0.0201, 0.8394,  3.31462,  3.46290,     5.00,  24.85,   0.74, 
  281.093, 0.0190, 0.8401,  3.27719,  3.44428,     5.00,  24.85,   0.83, 
  281.606, 0.0180, 0.8407,  3.23469,  3.42317,     5.00,  24.85,   0.94, 
  282.119, 0.0169, 0.8413,  3.18645,  3.39922,     5.00,  24.85,   1.06, 
  282.632, 0.0158, 0.8419,  3.13168,  3.37206,     5.00,  24.85,   1.20, 
  283.145, 0.0148, 0.8426,  3.06949,  3.34123,     5.00,  24.85,   1.36, 
  283.658, 0.0137, 0.8432,  2.99887,  3.30625,     5.00,  24.85,   1.54, 
  284.171, 0.0126, 0.8438,  2.91867,  3.26655,     5.00,  24.85,   1.74, 
  284.684, 0.0116, 0.8444,  2.82759,  3.22147,     5.00,  24.85,   1.97, 
  285.197, 0.0105, 0.8450,  2.72414,  3.17030,     5.00,  24.85,   2.23, 
  285.710, 0.0095, 0.8457,  2.60664,  3.11219,     5.00,  24.85,   2.53, 
  286.223, 0.0084, 0.8463,  2.47318,  3.04622,     5.00,  24.85,   2.86, 
  286.736, 0.0073, 0.8469,  2.32157,  2.97129,     5.00,  24.85,   3.25, 
  287.249, 0.0063, 0.8475,  2.14935,  2.88620,     5.00,  24.85,   3.68, 
  287.378, 0.0060, 0.8477,  2.10275,  2.86318,     5.00,  24.85,   3.80, 
  287.413, 0.0059, 0.8477,  2.08968,  2.85672,     5.00,  24.85,   3.83, 
  287.423, 0.0059, 0.8478,  2.08606,  2.85493,     5.00,  24.85,   3.84, 
  287.428, 0.0059, 0.8478,  2.08365,  2.85395,     5.00,  24.85,   3.85, 
  287.428, 0.0059, 0.8478,  2.08331,  2.85388,     5.00,  24.85,   3.85, 
  287.428, 0.0059, 0.8478,  2.08318,  2.85386,     5.00,  24.85,   3.85, 
  287.429, 0.0059, 0.8478,  2.08306,  2.85385,     5.00,  24.85,   3.85, 
  287.429, 0.0059, 0.8478,  2.08302,  2.85385,     5.00,  24.85,   3.85, 
  287.429, 0.0059, 0.8478,  2.08298,  2.85385,     5.00,  24.85,   3.85, 
 mass is   0.816565
 energy is   109.692504
 power is   22.8980414
 498 this time step did not converge
 Solid concentration driven to zero.
 Consider changing vcut or the current density.
  
 dV/dt at point of failure is (V/s) -0.316196018
 Moving on to next leg if not the last
  
 comp 7 not converged

            mass  =  0.8166 kg/m2
 specific energy segment =   109.69 W-h/kg
 specific power segment  =    22.98 W/kg
 total heat =          0.5216 W-h/m2
  
