     50  lim, limit on number of iterations
 100.00  h1,  thickness of negative electrode (microns)
  25.00  h2,  thickness of separator (microns)
 100.00  h3,  thickness of positive electrode (microns)
  25.00  hcn, thickness of negative electrode current collector (microns)
  25.00  hcp, thickness of positive electrode current collector (microns)
     80  n1,  number of nodes in negative electrode
     40  n2,  number of nodes in separator
     80  n3,  number of nodes in positive electrode
 363.00  T,   temperature (K)

 1000.0  xx(1,n1+2), initial concentration (mol/m3)
 0.6000  csx,   initial stoichiometric parameter for negative
 0.5000  csy,   initial stoichiometric parameter for positive
   30.0  tmmax, maximum time step size (s)
 .4E-13  dfs1, diffusion coefficient in negative solid (m2/s)
 .1E-12  dfs3, diffusion coefficient in positive solid (m2/s)
  10.00  Rad1,  radius of negative particles (microns)
  10.00  Rad3,  radius of positive particles (microns)

  0.300  ep1,   volume fraction of electrolyte in negative electrode
  0.000  epp1,  volume fraction of polymer phase in negative electrode
  0.100  epf1,  volume fraction of inert filler in negative electrode
  1.000  ep2,   volume fraction of electrolyte in separator
  0.000  epp2,  volume fraction of polymer phase in separator
  0.300  ep3,   volume fraction of electrolyte in positive electrode
  0.000  epp3,  volume fraction of polymer phase in positive electrode
  0.200  epf3,  volume fraction of inert filler in positive electrode
 0.10E+03  sig1,  conductivity of negative matrix (S/m)
  10.      sig3,  conductivity of positive matrix (S/m)
  372.00  cot1,  coulombic capacity of negative material (mAh/g)
  274.00  cot3,  coulombic capacity of positive material (mAh/g)
 .1E-04  rka1,  reaction rate constant for negative reaction 
 .3E-10  rka3,  reaction rate constant for positive reaction

 1324.0  re,   density of electrolyte (kg/m3)
 1800.0  rs1,  density of negative insertion material (kg/m3)
 5010.0  rs3,  density of positive insertion material (kg/m3)
 1800.0  rf,   density of inert filler (kg/m3)
 1780.0  rpl,  density of polymer phase (kg/m3)
    0.0  rc,   density of separator material (kg/m3)
 8954.0  rcn,  density of negative current collector (kg/m3)
 2707.0  rcp,  density of positive current collector (kg/m3)

   0.001000  ranode,   anode film resistance (ohm-m2)
   0.000000  rcathde,  cathode film resistance (ohm-m2)
   0.00  htc,   heat-transfer coefficient with external medium (W/m2K)
   0.000000  dUdT,  temperature coefficient of EMF (V/K)
 2000.0  Cp,    heat capacity of cell (J/kg-K)
   0.00  residm,    residual mass (kg/m2)
 298.00  Tam,   ambient temperature (K)
      2  ncell, number of cells in a cell stack
      2  lht,   0 uses htc,  1 calcs htc,  2 isothermal

      0    nside, side reaction flag 

      1  il1,   1 for long print-out  0 for short print-out
     10  il2,   prints every il2 th node in long print-out
     10  il3,   prints every il3 th time step in long print-out
      1  lflag, 0 for electrolyte in separator only, 1 for uniform
      0  imp, 0 for no impedance, 1 for impedance
   0.00  capp1,  capacitance of negative material (F/m2)
   0.00  capp3,  capacitance of positive material (F/m2)
     13  lcurs, number of current changes
  
 MCMB 2528 Graphite (Bellcore)
 LiPF6 in EC:DMC
 LiCoO2 (Cobalt dioxide)
 open-circuit potential, negative   0.178978294
 delta S negative   0.
 open-circuit potential, positive   4.24165195
 delta S positive   0.
  
      DUAL INSERTION CELL VERSION 5.1
  
   Time     Util N  Util P  Cell Pot   Uocp      Curr      Temp   heatgen
   (min)       x       y      (V)       (V)      (A/m2)    (C)    (W/m2)
  
    0.000, 0.6000, 0.5000,  4.05633,  4.06267,    50.00,  89.85,   0.32, 
    0.001, 0.6000, 0.5000,  4.05615,  4.06267,    50.00,  89.85,   0.33, 
    0.001, 0.6000, 0.5000,  4.05601,  4.06266,    50.00,  89.85,   0.33, 
    0.001, 0.6000, 0.5000,  4.05588,  4.06266,    50.00,  89.85,   0.34, 
    0.002, 0.6000, 0.5000,  4.05576,  4.06265,    50.00,  89.85,   0.34, 
    0.002, 0.6000, 0.5000,  4.05563,  4.06265,    50.00,  89.85,   0.35, 
    0.003, 0.5999, 0.5000,  4.05551,  4.06264,    50.00,  89.85,   0.36, 
    0.003, 0.5999, 0.5000,  4.05539,  4.06263,    50.00,  89.85,   0.36, 
    0.004, 0.5999, 0.5001,  4.05527,  4.06263,    50.00,  89.85,   0.37, 
    0.005, 0.5999, 0.5001,  4.05515,  4.06262,    50.00,  89.85,   0.37, 
    0.006, 0.5999, 0.5001,  4.05502,  4.06261,    50.00,  89.85,   0.38, 
    0.007, 0.5999, 0.5001,  4.05489,  4.06260,    50.00,  89.85,   0.39, 
    0.007, 0.5998, 0.5001,  4.05475,  4.06259,    50.00,  89.85,   0.39, 
    0.009, 0.5998, 0.5001,  4.05462,  4.06257,    50.00,  89.85,   0.40, 
    0.010, 0.5998, 0.5001,  4.05447,  4.06256,    50.00,  89.85,   0.40, 
    0.011, 0.5998, 0.5001,  4.05432,  4.06255,    50.00,  89.85,   0.41, 
    0.012, 0.5997, 0.5001,  4.05417,  4.06253,    50.00,  89.85,   0.42, 
    0.014, 0.5997, 0.5002,  4.05400,  4.06251,    50.00,  89.85,   0.43, 
    0.016, 0.5997, 0.5002,  4.05383,  4.06249,    50.00,  89.85,   0.43, 
    0.017, 0.5996, 0.5002,  4.05366,  4.06247,    50.00,  89.85,   0.44, 
    0.019, 0.5996, 0.5002,  4.05347,  4.06245,    50.00,  89.85,   0.45, 
    0.022, 0.5996, 0.5003,  4.05328,  4.06242,    50.00,  89.85,   0.46, 
    0.024, 0.5995, 0.5003,  4.05308,  4.06239,    50.00,  89.85,   0.47, 
    0.027, 0.5994, 0.5003,  4.05288,  4.06236,    50.00,  89.85,   0.47, 
    0.030, 0.5994, 0.5004,  4.05266,  4.06233,    50.00,  89.85,   0.48, 
    0.033, 0.5993, 0.5004,  4.05244,  4.06229,    50.00,  89.85,   0.49, 
    0.037, 0.5992, 0.5004,  4.05220,  4.06225,    50.00,  89.85,   0.50, 
    0.041, 0.5992, 0.5005,  4.05196,  4.06220,    50.00,  89.85,   0.51, 
    0.045, 0.5991, 0.5005,  4.05171,  4.06215,    50.00,  89.85,   0.52, 
    0.050, 0.5990, 0.5006,  4.05144,  4.06210,    50.00,  89.85,   0.53, 
    0.055, 0.5989, 0.5007,  4.05117,  4.06204,    50.00,  89.85,   0.54, 
    0.061, 0.5987, 0.5007,  4.05089,  4.06197,    50.00,  89.85,   0.55, 
    0.067, 0.5986, 0.5008,  4.05060,  4.06190,    50.00,  89.85,   0.56, 
    0.074, 0.5985, 0.5009,  4.05030,  4.06181,    50.00,  89.85,   0.58, 
    0.082, 0.5983, 0.5010,  4.04999,  4.06173,    50.00,  89.85,   0.59, 
    0.091, 0.5981, 0.5011,  4.04967,  4.06163,    50.00,  89.85,   0.60, 
    0.100, 0.5979, 0.5012,  4.04933,  4.06152,    50.00,  89.85,   0.61, 
    0.110, 0.5977, 0.5013,  4.04899,  4.06141,    50.00,  89.85,   0.62, 
    0.122, 0.5975, 0.5015,  4.04863,  4.06128,    50.00,  89.85,   0.63, 
    0.134, 0.5972, 0.5016,  4.04825,  4.06114,    50.00,  89.85,   0.64, 
    0.148, 0.5969, 0.5018,  4.04786,  4.06098,    50.00,  89.85,   0.66, 
    0.163, 0.5966, 0.5020,  4.04746,  4.06081,    50.00,  89.85,   0.67, 
    0.180, 0.5963, 0.5022,  4.04703,  4.06063,    50.00,  89.85,   0.68, 
    0.198, 0.5959, 0.5024,  4.04658,  4.06042,    50.00,  89.85,   0.69, 
    0.218, 0.5955, 0.5026,  4.04611,  4.06020,    50.00,  89.85,   0.70, 
    0.240, 0.5950, 0.5029,  4.04560,  4.05996,    50.00,  89.85,   0.72, 
    0.264, 0.5945, 0.5032,  4.04507,  4.05969,    50.00,  89.85,   0.73, 
    0.291, 0.5940, 0.5035,  4.04450,  4.05940,    50.00,  89.85,   0.74, 
    0.320, 0.5934, 0.5039,  4.04388,  4.05908,    50.00,  89.85,   0.76, 
    0.353, 0.5927, 0.5043,  4.04321,  4.05874,    50.00,  89.85,   0.78, 
    0.388, 0.5919, 0.5047,  4.04247,  4.05836,    50.00,  89.85,   0.79, 
    0.427, 0.5911, 0.5052,  4.04164,  4.05794,    50.00,  89.85,   0.81, 
    0.470, 0.5902, 0.5057,  4.04070,  4.05749,    50.00,  89.85,   0.84, 
    0.518, 0.5893, 0.5063,  4.03960,  4.05700,    50.00,  89.85,   0.87, 
    0.570, 0.5882, 0.5069,  4.03829,  4.05647,    50.00,  89.85,   0.91, 
    0.627, 0.5870, 0.5076,  4.03669,  4.05588,    50.00,  89.85,   0.96, 
    0.690, 0.5857, 0.5084,  4.03467,  4.05524,    50.00,  89.85,   1.03, 
    0.760, 0.5842, 0.5092,  4.03208,  4.05454,    50.00,  89.85,   1.12, 
    0.836, 0.5827, 0.5101,  4.02872,  4.05377,    50.00,  89.85,   1.25, 
    0.920, 0.5809, 0.5112,  4.02439,  4.05292,    50.00,  89.85,   1.43, 
    1.012, 0.5790, 0.5123,  4.01900,  4.05195,    50.00,  89.85,   1.65, 
    1.113, 0.5769, 0.5135,  4.01271,  4.05081,    50.00,  89.85,   1.90, 
    1.225, 0.5746, 0.5149,  4.00601,  4.04943,    50.00,  89.85,   2.17, 
    1.348, 0.5720, 0.5164,  3.99960,  4.04765,    50.00,  89.85,   2.40, 
    1.483, 0.5692, 0.5180,  3.99403,  4.04518,    50.00,  89.85,   2.56, 
    1.632, 0.5662, 0.5198,  3.98944,  4.04152,    50.00,  89.85,   2.60, 
    1.795, 0.5628, 0.5218,  3.98557,  4.03596,    50.00,  89.85,   2.52, 
    1.975, 0.5590, 0.5240,  3.98200,  4.02799,    50.00,  89.85,   2.30, 
    2.000, 0.5585, 0.5243,  3.98152,  4.02677,    50.00,  89.85,   2.26, 
    2.000, 0.5585, 0.5243,  3.98763,  4.02677,     0.00,  89.85,   0.01, 
 specific energy segment =     8.20 W-h/kg
 specific power segment  =   245.98 W/kg
 total heat =          0.0554 W-h/m2
  
    2.000, 0.5585, 0.5243,  3.98763,  4.02677,     0.00,  89.85,   0.01, 
    2.000, 0.5585, 0.5243,  3.98822,  4.02677,     0.00,  89.85,   0.01, 
    2.001, 0.5585, 0.5243,  3.98856,  4.02677,     0.00,  89.85,   0.00, 
    2.001, 0.5585, 0.5243,  3.98883,  4.02677,     0.00,  89.85,   0.00, 
    2.002, 0.5585, 0.5243,  3.98906,  4.02677,     0.00,  89.85,   0.00, 
    2.002, 0.5585, 0.5243,  3.98928,  4.02677,     0.00,  89.85,   0.00, 
    2.003, 0.5585, 0.5243,  3.98948,  4.02677,     0.00,  89.85,   0.00, 
    2.003, 0.5585, 0.5243,  3.98969,  4.02677,     0.00,  89.85,   0.00, 
    2.004, 0.5585, 0.5243,  3.98989,  4.02677,     0.00,  89.85,   0.00, 
    2.005, 0.5585, 0.5243,  3.99009,  4.02677,     0.00,  89.85,   0.00, 
    2.005, 0.5585, 0.5243,  3.99029,  4.02677,     0.00,  89.85,   0.00, 
    2.006, 0.5585, 0.5243,  3.99050,  4.02677,     0.00,  89.85,   0.00, 
    2.007, 0.5585, 0.5243,  3.99071,  4.02677,     0.00,  89.85,   0.00, 
    2.008, 0.5585, 0.5243,  3.99093,  4.02677,     0.00,  89.85,   0.00, 
    2.009, 0.5585, 0.5243,  3.99115,  4.02677,     0.00,  89.85,   0.00, 
    2.011, 0.5585, 0.5243,  3.99138,  4.02677,     0.00,  89.85,   0.00, 
    2.012, 0.5585, 0.5243,  3.99162,  4.02677,     0.00,  89.85,   0.00, 
    2.014, 0.5585, 0.5243,  3.99186,  4.02677,     0.00,  89.85,   0.00, 
    2.015, 0.5585, 0.5243,  3.99212,  4.02677,     0.00,  89.85,   0.00, 
    2.017, 0.5585, 0.5243,  3.99238,  4.02677,     0.00,  89.85,   0.00, 
    2.019, 0.5585, 0.5243,  3.99265,  4.02677,     0.00,  89.85,   0.00, 
    2.021, 0.5585, 0.5243,  3.99294,  4.02677,     0.00,  89.85,   0.00, 
    2.024, 0.5585, 0.5243,  3.99323,  4.02677,     0.00,  89.85,   0.00, 
    2.027, 0.5585, 0.5243,  3.99354,  4.02677,     0.00,  89.85,   0.01, 
    2.029, 0.5585, 0.5243,  3.99385,  4.02677,     0.00,  89.85,   0.01, 
    2.033, 0.5585, 0.5243,  3.99418,  4.02677,     0.00,  89.85,   0.01, 
    2.036, 0.5585, 0.5243,  3.99452,  4.02677,     0.00,  89.85,   0.01, 
    2.040, 0.5585, 0.5243,  3.99488,  4.02677,     0.00,  89.85,   0.01, 
    2.045, 0.5585, 0.5243,  3.99524,  4.02677,     0.00,  89.85,   0.01, 
    2.050, 0.5585, 0.5243,  3.99562,  4.02677,     0.00,  89.85,   0.01, 
    2.055, 0.5585, 0.5243,  3.99601,  4.02677,     0.00,  89.85,   0.01, 
    2.061, 0.5585, 0.5243,  3.99642,  4.02677,     0.00,  89.85,   0.01, 
    2.067, 0.5585, 0.5243,  3.99684,  4.02677,     0.00,  89.85,   0.01, 
    2.074, 0.5585, 0.5243,  3.99727,  4.02677,     0.00,  89.85,   0.01, 
    2.082, 0.5585, 0.5243,  3.99772,  4.02677,     0.00,  89.85,   0.00, 
    2.090, 0.5585, 0.5243,  3.99819,  4.02677,     0.00,  89.85,   0.00, 
    2.100, 0.5585, 0.5243,  3.99867,  4.02677,     0.00,  89.85,   0.00, 
    2.110, 0.5585, 0.5243,  3.99918,  4.02677,     0.00,  89.85,   0.00, 
    2.121, 0.5585, 0.5243,  3.99970,  4.02677,     0.00,  89.85,   0.00, 
    2.134, 0.5585, 0.5243,  4.00025,  4.02677,     0.00,  89.85,   0.00, 
    2.148, 0.5585, 0.5243,  4.00081,  4.02677,     0.00,  89.85,   0.00, 
    2.163, 0.5585, 0.5243,  4.00141,  4.02677,     0.00,  89.85,   0.00, 
    2.179, 0.5585, 0.5243,  4.00203,  4.02677,     0.00,  89.85,   0.00, 
    2.197, 0.5585, 0.5243,  4.00268,  4.02677,     0.00,  89.85,   0.00, 
    2.218, 0.5585, 0.5243,  4.00337,  4.02677,     0.00,  89.85,   0.00, 
    2.240, 0.5585, 0.5243,  4.00409,  4.02677,     0.00,  89.85,   0.00, 
    2.264, 0.5585, 0.5243,  4.00484,  4.02677,     0.00,  89.85,   0.00, 
    2.291, 0.5585, 0.5243,  4.00562,  4.02677,     0.00,  89.85,   0.00, 
    2.320, 0.5585, 0.5243,  4.00645,  4.02677,     0.00,  89.85,   0.00, 
    2.352, 0.5585, 0.5243,  4.00731,  4.02677,     0.00,  89.85,   0.00, 
    2.388, 0.5585, 0.5243,  4.00820,  4.02677,     0.00,  89.85,   0.00, 
    2.427, 0.5585, 0.5243,  4.00913,  4.02677,     0.00,  89.85,   0.00, 
    2.470, 0.5585, 0.5243,  4.01009,  4.02677,     0.00,  89.85,   0.00, 
    2.517, 0.5585, 0.5243,  4.01108,  4.02677,     0.00,  89.85,   0.00, 
    2.570, 0.5585, 0.5243,  4.01209,  4.02677,     0.00,  89.85,   0.00, 
    2.627, 0.5585, 0.5243,  4.01312,  4.02677,     0.00,  89.85,   0.00, 
    2.690, 0.5585, 0.5243,  4.01416,  4.02677,     0.00,  89.85,   0.00, 
    2.759, 0.5585, 0.5243,  4.01520,  4.02677,     0.00,  89.85,   0.00, 
    2.835, 0.5585, 0.5243,  4.01623,  4.02677,     0.00,  89.85,   0.00, 
    2.919, 0.5585, 0.5243,  4.01726,  4.02677,     0.00,  89.85,   0.00, 
    3.012, 0.5585, 0.5243,  4.01826,  4.02677,     0.00,  89.85,   0.00, 
    3.113, 0.5585, 0.5243,  4.01923,  4.02677,     0.00,  89.85,   0.00, 
    3.225, 0.5585, 0.5243,  4.02015,  4.02677,     0.00,  89.85,   0.00, 
    3.348, 0.5585, 0.5243,  4.02103,  4.02677,     0.00,  89.85,   0.00, 
    3.483, 0.5585, 0.5243,  4.02185,  4.02677,     0.00,  89.85,   0.00, 
    3.631, 0.5585, 0.5243,  4.02261,  4.02677,     0.00,  89.85,   0.00, 
    3.795, 0.5585, 0.5243,  4.02329,  4.02677,     0.00,  89.85,   0.00, 
    3.974, 0.5585, 0.5243,  4.02391,  4.02677,     0.00,  89.85,   0.00, 
    4.172, 0.5585, 0.5243,  4.02445,  4.02677,     0.00,  89.85,   0.00, 
    4.390, 0.5585, 0.5243,  4.02491,  4.02677,     0.00,  89.85,   0.00, 
    4.629, 0.5585, 0.5243,  4.02530,  4.02677,     0.00,  89.85,   0.00, 
    4.892, 0.5585, 0.5243,  4.02563,  4.02677,     0.00,  89.85,   0.00, 
    5.182, 0.5585, 0.5243,  4.02589,  4.02677,     0.00,  89.85,   0.00, 
    5.501, 0.5585, 0.5243,  4.02610,  4.02677,     0.00,  89.85,   0.00, 
    5.851, 0.5585, 0.5243,  4.02626,  4.02677,     0.00,  89.85,   0.00, 
    6.236, 0.5585, 0.5243,  4.02638,  4.02677,     0.00,  89.85,   0.00, 
    6.660, 0.5585, 0.5243,  4.02648,  4.02677,     0.00,  89.85,   0.00, 
    7.127, 0.5585, 0.5243,  4.02654,  4.02677,     0.00,  89.85,   0.00, 
    7.640, 0.5585, 0.5243,  4.02659,  4.02677,     0.00,  89.85,   0.00, 
    8.153, 0.5585, 0.5243,  4.02662,  4.02677,     0.00,  89.85,   0.00, 
    8.666, 0.5585, 0.5243,  4.02664,  4.02677,     0.00,  89.85,   0.00, 
    9.179, 0.5585, 0.5243,  4.02666,  4.02677,     0.00,  89.85,   0.00, 
    9.692, 0.5585, 0.5243,  4.02667,  4.02677,     0.00,  89.85,   0.00, 
   10.205, 0.5585, 0.5243,  4.02668,  4.02677,     0.00,  89.85,   0.00, 
   10.718, 0.5585, 0.5243,  4.02669,  4.02677,     0.00,  89.85,   0.00, 
   11.231, 0.5585, 0.5243,  4.02669,  4.02677,     0.00,  89.85,   0.00, 
   11.744, 0.5585, 0.5243,  4.02669,  4.02677,     0.00,  89.85,   0.00, 
   12.257, 0.5585, 0.5243,  4.02670,  4.02677,     0.00,  89.85,   0.00, 
   12.770, 0.5585, 0.5243,  4.02670,  4.02677,     0.00,  89.85,   0.00, 
   13.283, 0.5585, 0.5243,  4.02670,  4.02677,     0.00,  89.85,   0.00, 
   13.796, 0.5585, 0.5243,  4.02670,  4.02677,     0.00,  89.85,   0.00, 
   14.309, 0.5585, 0.5243,  4.02670,  4.02677,     0.00,  89.85,   0.00, 
   14.822, 0.5585, 0.5243,  4.02670,  4.02677,     0.00,  89.85,   0.00, 
   15.335, 0.5585, 0.5243,  4.02671,  4.02677,     0.00,  89.85,   0.00, 
   15.848, 0.5585, 0.5243,  4.02671,  4.02677,     0.00,  89.85,   0.00, 
   16.361, 0.5585, 0.5243,  4.02671,  4.02677,     0.00,  89.85,   0.00, 
   16.874, 0.5585, 0.5243,  4.02671,  4.02677,     0.00,  89.85,   0.00, 
   17.000, 0.5585, 0.5243,  4.02671,  4.02677,     0.00,  89.85,   0.00, 
   17.000, 0.5585, 0.5243,  4.02064,  4.02677,    50.00,  89.85,   0.31, 
 specific energy segment =     0.00 W-h/kg
 specific power segment  =     0.00 W/kg
 total heat =          0.0554 W-h/m2
  
   17.000, 0.5585, 0.5243,  4.02064,  4.02677,    50.00,  89.85,   0.31, 
   17.000, 0.5585, 0.5243,  4.01949,  4.02675,    50.00,  89.85,   0.36, 
   17.001, 0.5585, 0.5243,  4.01876,  4.02674,    50.00,  89.85,   0.40, 
   17.001, 0.5585, 0.5243,  4.01816,  4.02672,    50.00,  89.85,   0.43, 
   17.002, 0.5585, 0.5243,  4.01762,  4.02669,    50.00,  89.85,   0.45, 
   17.002, 0.5585, 0.5243,  4.01712,  4.02667,    50.00,  89.85,   0.48, 
   17.003, 0.5585, 0.5243,  4.01664,  4.02664,    50.00,  89.85,   0.50, 
   17.003, 0.5585, 0.5243,  4.01616,  4.02662,    50.00,  89.85,   0.52, 
   17.004, 0.5584, 0.5243,  4.01569,  4.02658,    50.00,  89.85,   0.54, 
   17.005, 0.5584, 0.5243,  4.01521,  4.02655,    50.00,  89.85,   0.57, 
   17.005, 0.5584, 0.5243,  4.01473,  4.02651,    50.00,  89.85,   0.59, 
   17.006, 0.5584, 0.5244,  4.01424,  4.02647,    50.00,  89.85,   0.61, 
   17.007, 0.5584, 0.5244,  4.01374,  4.02642,    50.00,  89.85,   0.63, 
   17.008, 0.5583, 0.5244,  4.01322,  4.02637,    50.00,  89.85,   0.66, 
   17.009, 0.5583, 0.5244,  4.01270,  4.02631,    50.00,  89.85,   0.68, 
   17.011, 0.5583, 0.5244,  4.01216,  4.02625,    50.00,  89.85,   0.70, 
   17.012, 0.5583, 0.5244,  4.01160,  4.02618,    50.00,  89.85,   0.73, 
   17.014, 0.5582, 0.5244,  4.01102,  4.02611,    50.00,  89.85,   0.75, 
   17.015, 0.5582, 0.5245,  4.01043,  4.02603,    50.00,  89.85,   0.78, 
   17.017, 0.5582, 0.5245,  4.00982,  4.02594,    50.00,  89.85,   0.81, 
   17.019, 0.5581, 0.5245,  4.00919,  4.02584,    50.00,  89.85,   0.83, 
   17.021, 0.5581, 0.5245,  4.00854,  4.02572,    50.00,  89.85,   0.86, 
   17.024, 0.5580, 0.5246,  4.00787,  4.02560,    50.00,  89.85,   0.89, 
   17.027, 0.5580, 0.5246,  4.00719,  4.02547,    50.00,  89.85,   0.91, 
   17.029, 0.5579, 0.5246,  4.00648,  4.02532,    50.00,  89.85,   0.94, 
   17.033, 0.5578, 0.5247,  4.00575,  4.02516,    50.00,  89.85,   0.97, 
   17.036, 0.5578, 0.5247,  4.00501,  4.02498,    50.00,  89.85,   1.00, 
   17.040, 0.5577, 0.5248,  4.00425,  4.02479,    50.00,  89.85,   1.03, 
   17.045, 0.5576, 0.5248,  4.00347,  4.02457,    50.00,  89.85,   1.05, 
   17.050, 0.5575, 0.5249,  4.00269,  4.02434,    50.00,  89.85,   1.08, 
   17.055, 0.5574, 0.5249,  4.00189,  4.02407,    50.00,  89.85,   1.11, 
   17.061, 0.5573, 0.5250,  4.00108,  4.02379,    50.00,  89.85,   1.13, 
   17.067, 0.5571, 0.5251,  4.00026,  4.02347,    50.00,  89.85,   1.16, 
   17.074, 0.5570, 0.5252,  3.99944,  4.02313,    50.00,  89.85,   1.18, 
   17.082, 0.5568, 0.5253,  3.99862,  4.02274,    50.00,  89.85,   1.21, 
   17.090, 0.5566, 0.5254,  3.99779,  4.02233,    50.00,  89.85,   1.23, 
   17.100, 0.5564, 0.5255,  3.99697,  4.02187,    50.00,  89.85,   1.24, 
   17.110, 0.5562, 0.5256,  3.99616,  4.02136,    50.00,  89.85,   1.26, 
   17.121, 0.5560, 0.5258,  3.99535,  4.02081,    50.00,  89.85,   1.27, 
   17.134, 0.5557, 0.5259,  3.99455,  4.02021,    50.00,  89.85,   1.28, 
   17.148, 0.5555, 0.5261,  3.99376,  4.01955,    50.00,  89.85,   1.29, 
   17.163, 0.5551, 0.5263,  3.99297,  4.01883,    50.00,  89.85,   1.29, 
   17.179, 0.5548, 0.5265,  3.99219,  4.01805,    50.00,  89.85,   1.29, 
   17.197, 0.5544, 0.5267,  3.99142,  4.01720,    50.00,  89.85,   1.29, 
   17.218, 0.5540, 0.5269,  3.99064,  4.01629,    50.00,  89.85,   1.28, 
   17.240, 0.5535, 0.5272,  3.98986,  4.01531,    50.00,  89.85,   1.27, 
   17.264, 0.5530, 0.5275,  3.98907,  4.01426,    50.00,  89.85,   1.26, 
   17.291, 0.5525, 0.5278,  3.98826,  4.01314,    50.00,  89.85,   1.24, 
   17.320, 0.5519, 0.5282,  3.98742,  4.01197,    50.00,  89.85,   1.23, 
   17.352, 0.5512, 0.5286,  3.98653,  4.01075,    50.00,  89.85,   1.21, 
   17.388, 0.5505, 0.5290,  3.98559,  4.00948,    50.00,  89.85,   1.19, 
   17.427, 0.5497, 0.5295,  3.98458,  4.00819,    50.00,  89.85,   1.18, 
   17.470, 0.5488, 0.5300,  3.98348,  4.00688,    50.00,  89.85,   1.17, 
   17.517, 0.5478, 0.5306,  3.98226,  4.00558,    50.00,  89.85,   1.17, 
   17.570, 0.5467, 0.5312,  3.98090,  4.00430,    50.00,  89.85,   1.17, 
   17.627, 0.5455, 0.5319,  3.97937,  4.00305,    50.00,  89.85,   1.18, 
   17.690, 0.5442, 0.5327,  3.97764,  4.00185,    50.00,  89.85,   1.21, 
   17.759, 0.5428, 0.5335,  3.97567,  4.00070,    50.00,  89.85,   1.25, 
   17.835, 0.5412, 0.5344,  3.97341,  3.99959,    50.00,  89.85,   1.31, 
   17.919, 0.5394, 0.5354,  3.97082,  3.99852,    50.00,  89.85,   1.39, 
   18.012, 0.5375, 0.5366,  3.96782,  3.99744,    50.00,  89.85,   1.48, 
   18.113, 0.5354, 0.5378,  3.96437,  3.99631,    50.00,  89.85,   1.60, 
   18.225, 0.5331, 0.5392,  3.96036,  3.99508,    50.00,  89.85,   1.74, 
   18.348, 0.5306, 0.5406,  3.95571,  3.99366,    50.00,  89.85,   1.90, 
   18.483, 0.5278, 0.5423,  3.95031,  3.99194,    50.00,  89.85,   2.08, 
   18.631, 0.5247, 0.5441,  3.94402,  3.98979,    50.00,  89.85,   2.29, 
   18.795, 0.5213, 0.5461,  3.93672,  3.98700,    50.00,  89.85,   2.51, 
   18.974, 0.5176, 0.5483,  3.92830,  3.98331,    50.00,  89.85,   2.75, 
   19.000, 0.5170, 0.5486,  3.92708,  3.98273,    50.00,  89.85,   2.78, 
   19.000, 0.5170, 0.5486,  3.93321,  3.98273,     0.00,  89.85,   0.02, 
 specific energy segment =     8.10 W-h/kg
 specific power segment  =   242.86 W/kg
 total heat =          0.1129 W-h/m2
  
   19.000, 0.5170, 0.5486,  3.93321,  3.98273,     0.00,  89.85,   0.02, 
   19.000, 0.5170, 0.5486,  3.93432,  3.98273,     0.00,  89.85,   0.01, 
   19.001, 0.5170, 0.5486,  3.93500,  3.98273,     0.00,  89.85,   0.01, 
   19.001, 0.5170, 0.5486,  3.93554,  3.98273,     0.00,  89.85,   0.01, 
   19.002, 0.5170, 0.5486,  3.93602,  3.98273,     0.00,  89.85,   0.01, 
   19.002, 0.5170, 0.5486,  3.93647,  3.98273,     0.00,  89.85,   0.01, 
   19.003, 0.5170, 0.5486,  3.93690,  3.98273,     0.00,  89.85,   0.01, 
   19.003, 0.5170, 0.5486,  3.93731,  3.98273,     0.00,  89.85,   0.01, 
   19.004, 0.5170, 0.5486,  3.93772,  3.98273,     0.00,  89.85,   0.01, 
   19.005, 0.5170, 0.5486,  3.93813,  3.98273,     0.00,  89.85,   0.01, 
   19.005, 0.5170, 0.5486,  3.93854,  3.98273,     0.00,  89.85,   0.01, 
   19.006, 0.5170, 0.5486,  3.93896,  3.98273,     0.00,  89.85,   0.01, 
   19.007, 0.5170, 0.5486,  3.93938,  3.98273,     0.00,  89.85,   0.01, 
   19.008, 0.5170, 0.5486,  3.93981,  3.98273,     0.00,  89.85,   0.01, 
   19.009, 0.5170, 0.5486,  3.94025,  3.98273,     0.00,  89.85,   0.00, 
   19.011, 0.5170, 0.5486,  3.94070,  3.98273,     0.00,  89.85,   0.00, 
   19.012, 0.5170, 0.5486,  3.94117,  3.98273,     0.00,  89.85,   0.00, 
   19.014, 0.5170, 0.5486,  3.94164,  3.98273,     0.00,  89.85,   0.00, 
   19.015, 0.5170, 0.5486,  3.94213,  3.98273,     0.00,  89.85,   0.00, 
   19.017, 0.5170, 0.5486,  3.94264,  3.98273,     0.00,  89.85,   0.00, 
   19.019, 0.5170, 0.5486,  3.94315,  3.98273,     0.00,  89.85,   0.00, 
   19.021, 0.5170, 0.5486,  3.94369,  3.98273,     0.00,  89.85,   0.00, 
   19.024, 0.5170, 0.5486,  3.94424,  3.98273,     0.00,  89.85,   0.00, 
   19.027, 0.5170, 0.5486,  3.94481,  3.98273,     0.00,  89.85,   0.00, 
   19.029, 0.5170, 0.5486,  3.94540,  3.98273,     0.00,  89.85,   0.00, 
   19.033, 0.5170, 0.5486,  3.94600,  3.98273,     0.00,  89.85,   0.00, 
   19.036, 0.5170, 0.5486,  3.94662,  3.98273,     0.00,  89.85,   0.00, 
   19.040, 0.5170, 0.5486,  3.94726,  3.98273,     0.00,  89.85,   0.00, 
   19.045, 0.5170, 0.5486,  3.94791,  3.98273,     0.00,  89.85,   0.00, 
   19.050, 0.5170, 0.5486,  3.94858,  3.98273,     0.00,  89.85,   0.00, 
   19.055, 0.5170, 0.5486,  3.94927,  3.98273,     0.00,  89.85,   0.00, 
   19.061, 0.5170, 0.5486,  3.94998,  3.98273,     0.00,  89.85,   0.00, 
   19.067, 0.5170, 0.5486,  3.95070,  3.98273,     0.00,  89.85,   0.00, 
   19.074, 0.5170, 0.5486,  3.95143,  3.98273,     0.00,  89.85,   0.00, 
   19.082, 0.5170, 0.5486,  3.95218,  3.98273,     0.00,  89.85,   0.00, 
   19.090, 0.5170, 0.5486,  3.95295,  3.98273,     0.00,  89.85,   0.00, 
   19.100, 0.5170, 0.5486,  3.95373,  3.98273,     0.00,  89.85,   0.00, 
   19.110, 0.5170, 0.5486,  3.95452,  3.98273,     0.00,  89.85,   0.00, 
   19.121, 0.5170, 0.5486,  3.95533,  3.98273,     0.00,  89.85,   0.00, 
   19.134, 0.5170, 0.5486,  3.95614,  3.98273,     0.00,  89.85,   0.00, 
   19.148, 0.5170, 0.5486,  3.95697,  3.98273,     0.00,  89.85,   0.00, 
   19.163, 0.5170, 0.5486,  3.95781,  3.98273,     0.00,  89.85,   0.00, 
   19.179, 0.5170, 0.5486,  3.95867,  3.98273,     0.00,  89.85,   0.00, 
   19.197, 0.5170, 0.5486,  3.95953,  3.98273,     0.00,  89.85,   0.00, 
   19.218, 0.5170, 0.5486,  3.96040,  3.98273,     0.00,  89.85,   0.00, 
   19.240, 0.5170, 0.5486,  3.96128,  3.98273,     0.00,  89.85,   0.00, 
   19.264, 0.5170, 0.5486,  3.96217,  3.98273,     0.00,  89.85,   0.00, 
   19.291, 0.5170, 0.5486,  3.96307,  3.98273,     0.00,  89.85,   0.00, 
   19.320, 0.5170, 0.5486,  3.96397,  3.98273,     0.00,  89.85,   0.00, 
   19.352, 0.5170, 0.5486,  3.96487,  3.98273,     0.00,  89.85,   0.00, 
   19.388, 0.5170, 0.5486,  3.96578,  3.98273,     0.00,  89.85,   0.00, 
   19.427, 0.5170, 0.5486,  3.96668,  3.98273,     0.00,  89.85,   0.00, 
   19.470, 0.5170, 0.5486,  3.96758,  3.98273,     0.00,  89.85,   0.00, 
   19.517, 0.5170, 0.5486,  3.96848,  3.98273,     0.00,  89.85,   0.00, 
   19.570, 0.5170, 0.5486,  3.96937,  3.98273,     0.00,  89.85,   0.00, 
   19.627, 0.5170, 0.5486,  3.97024,  3.98273,     0.00,  89.85,   0.00, 
   19.690, 0.5170, 0.5486,  3.97111,  3.98273,     0.00,  89.85,   0.00, 
   19.759, 0.5170, 0.5486,  3.97195,  3.98273,     0.00,  89.85,   0.00, 
   19.835, 0.5170, 0.5486,  3.97278,  3.98273,     0.00,  89.85,   0.00, 
   19.919, 0.5170, 0.5486,  3.97358,  3.98273,     0.00,  89.85,   0.00, 
   20.012, 0.5170, 0.5486,  3.97436,  3.98273,     0.00,  89.85,   0.00, 
   20.113, 0.5170, 0.5486,  3.97511,  3.98273,     0.00,  89.85,   0.00, 
   20.225, 0.5170, 0.5486,  3.97583,  3.98273,     0.00,  89.85,   0.00, 
   20.348, 0.5170, 0.5486,  3.97651,  3.98273,     0.00,  89.85,   0.00, 
   20.483, 0.5170, 0.5486,  3.97716,  3.98273,     0.00,  89.85,   0.00, 
   20.631, 0.5170, 0.5486,  3.97777,  3.98273,     0.00,  89.85,   0.00, 
   20.795, 0.5170, 0.5486,  3.97834,  3.98273,     0.00,  89.85,   0.00, 
   20.974, 0.5170, 0.5486,  3.97887,  3.98273,     0.00,  89.85,   0.00, 
   21.172, 0.5170, 0.5486,  3.97936,  3.98273,     0.00,  89.85,   0.00, 
   21.390, 0.5170, 0.5486,  3.97981,  3.98273,     0.00,  89.85,   0.00, 
   21.629, 0.5170, 0.5486,  3.98022,  3.98273,     0.00,  89.85,   0.00, 
   21.892, 0.5170, 0.5486,  3.98058,  3.98273,     0.00,  89.85,   0.00, 
   22.182, 0.5170, 0.5486,  3.98091,  3.98273,     0.00,  89.85,   0.00, 
   22.501, 0.5170, 0.5486,  3.98120,  3.98273,     0.00,  89.85,   0.00, 
   22.851, 0.5170, 0.5486,  3.98145,  3.98273,     0.00,  89.85,   0.00, 
   23.236, 0.5170, 0.5486,  3.98167,  3.98273,     0.00,  89.85,   0.00, 
   23.660, 0.5170, 0.5486,  3.98186,  3.98273,     0.00,  89.85,   0.00, 
   24.127, 0.5170, 0.5486,  3.98203,  3.98273,     0.00,  89.85,   0.00, 
   24.640, 0.5170, 0.5486,  3.98216,  3.98273,     0.00,  89.85,   0.00, 
   25.153, 0.5170, 0.5486,  3.98227,  3.98273,     0.00,  89.85,   0.00, 
   25.666, 0.5170, 0.5486,  3.98235,  3.98273,     0.00,  89.85,   0.00, 
   26.179, 0.5170, 0.5486,  3.98241,  3.98273,     0.00,  89.85,   0.00, 
   26.692, 0.5170, 0.5486,  3.98246,  3.98273,     0.00,  89.85,   0.00, 
   27.205, 0.5170, 0.5486,  3.98250,  3.98273,     0.00,  89.85,   0.00, 
   27.718, 0.5170, 0.5486,  3.98253,  3.98273,     0.00,  89.85,   0.00, 
   28.231, 0.5170, 0.5486,  3.98255,  3.98273,     0.00,  89.85,   0.00, 
   28.744, 0.5170, 0.5486,  3.98257,  3.98273,     0.00,  89.85,   0.00, 
   29.257, 0.5170, 0.5486,  3.98259,  3.98273,     0.00,  89.85,   0.00, 
   29.770, 0.5170, 0.5486,  3.98260,  3.98273,     0.00,  89.85,   0.00, 
   30.283, 0.5170, 0.5486,  3.98261,  3.98273,     0.00,  89.85,   0.00, 
   30.796, 0.5170, 0.5486,  3.98261,  3.98273,     0.00,  89.85,   0.00, 
   31.309, 0.5170, 0.5486,  3.98262,  3.98273,     0.00,  89.85,   0.00, 
   31.822, 0.5170, 0.5486,  3.98262,  3.98273,     0.00,  89.85,   0.00, 
   32.335, 0.5170, 0.5486,  3.98263,  3.98273,     0.00,  89.85,   0.00, 
   32.848, 0.5170, 0.5486,  3.98263,  3.98273,     0.00,  89.85,   0.00, 
   33.361, 0.5170, 0.5486,  3.98263,  3.98273,     0.00,  89.85,   0.00, 
   33.874, 0.5170, 0.5486,  3.98263,  3.98273,     0.00,  89.85,   0.00, 
   34.000, 0.5170, 0.5486,  3.98263,  3.98273,     0.00,  89.85,   0.00, 
   34.000, 0.5170, 0.5486,  3.97655,  3.98273,    50.00,  89.85,   0.31, 
 specific energy segment =     0.00 W-h/kg
 specific power segment  =     0.00 W/kg
 total heat =          0.1129 W-h/m2
  
   34.000, 0.5170, 0.5486,  3.97655,  3.98273,    50.00,  89.85,   0.31, 
   34.000, 0.5170, 0.5486,  3.97582,  3.98273,    50.00,  89.85,   0.35, 
   34.001, 0.5170, 0.5486,  3.97537,  3.98272,    50.00,  89.85,   0.37, 
   34.001, 0.5170, 0.5486,  3.97500,  3.98271,    50.00,  89.85,   0.39, 
   34.002, 0.5170, 0.5486,  3.97467,  3.98270,    50.00,  89.85,   0.40, 
   34.002, 0.5170, 0.5486,  3.97437,  3.98269,    50.00,  89.85,   0.42, 
   34.003, 0.5170, 0.5486,  3.97407,  3.98267,    50.00,  89.85,   0.43, 
   34.003, 0.5170, 0.5486,  3.97377,  3.98266,    50.00,  89.85,   0.44, 
   34.004, 0.5170, 0.5486,  3.97347,  3.98264,    50.00,  89.85,   0.46, 
   34.005, 0.5169, 0.5486,  3.97317,  3.98263,    50.00,  89.85,   0.47, 
   34.005, 0.5169, 0.5486,  3.97286,  3.98261,    50.00,  89.85,   0.49, 
   34.006, 0.5169, 0.5486,  3.97255,  3.98259,    50.00,  89.85,   0.50, 
   34.007, 0.5169, 0.5487,  3.97222,  3.98257,    50.00,  89.85,   0.52, 
   34.008, 0.5169, 0.5487,  3.97188,  3.98254,    50.00,  89.85,   0.53, 
   34.009, 0.5168, 0.5487,  3.97152,  3.98252,    50.00,  89.85,   0.55, 
   34.011, 0.5168, 0.5487,  3.97115,  3.98249,    50.00,  89.85,   0.57, 
   34.012, 0.5168, 0.5487,  3.97077,  3.98245,    50.00,  89.85,   0.58, 
   34.014, 0.5168, 0.5487,  3.97036,  3.98242,    50.00,  89.85,   0.60, 
   34.015, 0.5167, 0.5487,  3.96994,  3.98238,    50.00,  89.85,   0.62, 
   34.017, 0.5167, 0.5488,  3.96949,  3.98234,    50.00,  89.85,   0.64, 
   34.019, 0.5166, 0.5488,  3.96902,  3.98229,    50.00,  89.85,   0.66, 
   34.021, 0.5166, 0.5488,  3.96852,  3.98224,    50.00,  89.85,   0.69, 
   34.024, 0.5165, 0.5489,  3.96800,  3.98218,    50.00,  89.85,   0.71, 
   34.027, 0.5165, 0.5489,  3.96745,  3.98211,    50.00,  89.85,   0.73, 
   34.029, 0.5164, 0.5489,  3.96687,  3.98204,    50.00,  89.85,   0.76, 
   34.033, 0.5164, 0.5490,  3.96626,  3.98196,    50.00,  89.85,   0.79, 
   34.036, 0.5163, 0.5490,  3.96561,  3.98188,    50.00,  89.85,   0.81, 
   34.040, 0.5162, 0.5491,  3.96493,  3.98178,    50.00,  89.85,   0.84, 
   34.045, 0.5161, 0.5491,  3.96421,  3.98168,    50.00,  89.85,   0.87, 
   34.050, 0.5160, 0.5492,  3.96344,  3.98156,    50.00,  89.85,   0.91, 
   34.055, 0.5159, 0.5492,  3.96264,  3.98143,    50.00,  89.85,   0.94, 
   34.061, 0.5158, 0.5493,  3.96178,  3.98129,    50.00,  89.85,   0.98, 
   34.067, 0.5156, 0.5494,  3.96088,  3.98113,    50.00,  89.85,   1.01, 
   34.074, 0.5155, 0.5495,  3.95992,  3.98096,    50.00,  89.85,   1.05, 
   34.082, 0.5153, 0.5496,  3.95890,  3.98077,    50.00,  89.85,   1.09, 
   34.090, 0.5152, 0.5497,  3.95782,  3.98055,    50.00,  89.85,   1.14, 
   34.100, 0.5150, 0.5498,  3.95667,  3.98032,    50.00,  89.85,   1.18, 
   34.110, 0.5147, 0.5499,  3.95545,  3.98005,    50.00,  89.85,   1.23, 
   34.121, 0.5145, 0.5500,  3.95415,  3.97976,    50.00,  89.85,   1.28, 
   34.134, 0.5143, 0.5502,  3.95276,  3.97943,    50.00,  89.85,   1.33, 
   34.148, 0.5140, 0.5504,  3.95128,  3.97907,    50.00,  89.85,   1.39, 
   34.163, 0.5137, 0.5505,  3.94969,  3.97867,    50.00,  89.85,   1.45, 
   34.179, 0.5133, 0.5507,  3.94799,  3.97821,    50.00,  89.85,   1.51, 
   34.197, 0.5129, 0.5510,  3.94618,  3.97771,    50.00,  89.85,   1.58, 
   34.218, 0.5125, 0.5512,  3.94423,  3.97714,    50.00,  89.85,   1.65, 
   34.240, 0.5121, 0.5515,  3.94214,  3.97651,    50.00,  89.85,   1.72, 
   34.264, 0.5116, 0.5518,  3.93990,  3.97580,    50.00,  89.85,   1.79, 
   34.291, 0.5110, 0.5521,  3.93749,  3.97499,    50.00,  89.85,   1.87, 
   34.320, 0.5104, 0.5525,  3.93491,  3.97409,    50.00,  89.85,   1.96, 
   34.352, 0.5097, 0.5528,  3.93214,  3.97307,    50.00,  89.85,   2.05, 
   34.388, 0.5090, 0.5533,  3.92918,  3.97191,    50.00,  89.85,   2.14, 
   34.427, 0.5082, 0.5538,  3.92601,  3.97060,    50.00,  89.85,   2.23, 
   34.470, 0.5073, 0.5543,  3.92262,  3.96912,    50.00,  89.85,   2.32, 
   34.517, 0.5063, 0.5548,  3.91900,  3.96742,    50.00,  89.85,   2.42, 
   34.570, 0.5052, 0.5555,  3.91516,  3.96549,    50.00,  89.85,   2.52, 
   34.627, 0.5040, 0.5562,  3.91109,  3.96328,    50.00,  89.85,   2.61, 
   34.690, 0.5027, 0.5569,  3.90680,  3.96076,    50.00,  89.85,   2.70, 
   34.759, 0.5013, 0.5578,  3.90230,  3.95787,    50.00,  89.85,   2.78, 
   34.835, 0.4997, 0.5587,  3.89761,  3.95457,    50.00,  89.85,   2.85, 
   34.919, 0.4980, 0.5597,  3.89275,  3.95079,    50.00,  89.85,   2.90, 
   35.012, 0.4960, 0.5608,  3.88778,  3.94647,    50.00,  89.85,   2.93, 
   35.113, 0.4939, 0.5621,  3.88274,  3.94157,    50.00,  89.85,   2.94, 
   35.225, 0.4916, 0.5634,  3.87770,  3.93603,    50.00,  89.85,   2.91, 
   35.348, 0.4891, 0.5649,  3.87272,  3.92982,    50.00,  89.85,   2.85, 
   35.483, 0.4863, 0.5666,  3.86788,  3.92295,    50.00,  89.85,   2.75, 
   35.631, 0.4832, 0.5684,  3.86325,  3.91547,    50.00,  89.85,   2.61, 
   35.795, 0.4798, 0.5704,  3.85888,  3.90749,    50.00,  89.85,   2.43, 
   35.974, 0.4761, 0.5725,  3.85482,  3.89920,    50.00,  89.85,   2.22, 
   36.000, 0.4755, 0.5728,  3.85429,  3.89808,    50.00,  89.85,   2.19, 
   36.000, 0.4755, 0.5728,  3.86045,  3.89808,     0.00,  89.85,   0.04, 
 specific energy segment =     7.95 W-h/kg
 specific power segment  =   238.55 W/kg
 total heat =          0.1937 W-h/m2
  
   36.000, 0.4755, 0.5728,  3.86045,  3.89808,     0.00,  89.85,   0.04, 
   36.000, 0.4755, 0.5728,  3.86092,  3.89808,     0.00,  89.85,   0.03, 
   36.001, 0.4755, 0.5728,  3.86122,  3.89808,     0.00,  89.85,   0.03, 
   36.001, 0.4755, 0.5728,  3.86146,  3.89808,     0.00,  89.85,   0.03, 
   36.002, 0.4755, 0.5728,  3.86168,  3.89808,     0.00,  89.85,   0.03, 
   36.002, 0.4755, 0.5728,  3.86189,  3.89808,     0.00,  89.85,   0.03, 
   36.003, 0.4755, 0.5728,  3.86209,  3.89808,     0.00,  89.85,   0.03, 
   36.003, 0.4755, 0.5728,  3.86229,  3.89808,     0.00,  89.85,   0.02, 
   36.004, 0.4755, 0.5728,  3.86249,  3.89808,     0.00,  89.85,   0.02, 
   36.005, 0.4755, 0.5728,  3.86269,  3.89808,     0.00,  89.85,   0.02, 
   36.005, 0.4755, 0.5728,  3.86289,  3.89808,     0.00,  89.85,   0.02, 
   36.006, 0.4755, 0.5728,  3.86310,  3.89808,     0.00,  89.85,   0.02, 
   36.007, 0.4755, 0.5728,  3.86331,  3.89808,     0.00,  89.85,   0.02, 
   36.008, 0.4755, 0.5728,  3.86353,  3.89808,     0.00,  89.85,   0.02, 
   36.009, 0.4755, 0.5728,  3.86375,  3.89808,     0.00,  89.85,   0.02, 
   36.011, 0.4755, 0.5728,  3.86398,  3.89808,     0.00,  89.85,   0.02, 
   36.012, 0.4755, 0.5728,  3.86423,  3.89808,     0.00,  89.85,   0.02, 
   36.014, 0.4755, 0.5728,  3.86448,  3.89808,     0.00,  89.85,   0.02, 
   36.015, 0.4755, 0.5728,  3.86474,  3.89808,     0.00,  89.85,   0.02, 
   36.017, 0.4755, 0.5728,  3.86501,  3.89808,     0.00,  89.85,   0.02, 
   36.019, 0.4755, 0.5728,  3.86529,  3.89808,     0.00,  89.85,   0.02, 
   36.021, 0.4755, 0.5728,  3.86558,  3.89808,     0.00,  89.85,   0.02, 
   36.024, 0.4755, 0.5728,  3.86588,  3.89808,     0.00,  89.85,   0.02, 
   36.027, 0.4755, 0.5728,  3.86620,  3.89808,     0.00,  89.85,   0.02, 
   36.029, 0.4755, 0.5728,  3.86653,  3.89808,     0.00,  89.85,   0.02, 
   36.033, 0.4755, 0.5728,  3.86687,  3.89808,     0.00,  89.85,   0.02, 
   36.036, 0.4755, 0.5728,  3.86723,  3.89808,     0.00,  89.85,   0.02, 
   36.040, 0.4755, 0.5728,  3.86760,  3.89808,     0.00,  89.85,   0.02, 
   36.045, 0.4755, 0.5728,  3.86799,  3.89808,     0.00,  89.85,   0.02, 
   36.050, 0.4755, 0.5728,  3.86838,  3.89808,     0.00,  89.85,   0.02, 
   36.055, 0.4755, 0.5728,  3.86880,  3.89808,     0.00,  89.85,   0.02, 
   36.061, 0.4755, 0.5728,  3.86923,  3.89808,     0.00,  89.85,   0.02, 
   36.067, 0.4755, 0.5728,  3.86967,  3.89808,     0.00,  89.85,   0.02, 
   36.074, 0.4755, 0.5728,  3.87013,  3.89808,     0.00,  89.85,   0.01, 
   36.082, 0.4755, 0.5728,  3.87060,  3.89808,     0.00,  89.85,   0.01, 
   36.090, 0.4755, 0.5728,  3.87110,  3.89808,     0.00,  89.85,   0.01, 
   36.100, 0.4755, 0.5728,  3.87160,  3.89808,     0.00,  89.85,   0.01, 
   36.110, 0.4755, 0.5728,  3.87213,  3.89808,     0.00,  89.85,   0.01, 
   36.121, 0.4755, 0.5728,  3.87267,  3.89808,     0.00,  89.85,   0.01, 
   36.134, 0.4755, 0.5728,  3.87323,  3.89808,     0.00,  89.85,   0.01, 
   36.148, 0.4755, 0.5728,  3.87380,  3.89808,     0.00,  89.85,   0.01, 
   36.163, 0.4755, 0.5728,  3.87440,  3.89808,     0.00,  89.85,   0.01, 
   36.179, 0.4755, 0.5728,  3.87502,  3.89808,     0.00,  89.85,   0.01, 
   36.197, 0.4755, 0.5728,  3.87566,  3.89808,     0.00,  89.85,   0.01, 
   36.218, 0.4755, 0.5728,  3.87632,  3.89808,     0.00,  89.85,   0.01, 
   36.240, 0.4755, 0.5728,  3.87700,  3.89808,     0.00,  89.85,   0.01, 
   36.264, 0.4755, 0.5728,  3.87770,  3.89808,     0.00,  89.85,   0.01, 
   36.291, 0.4755, 0.5728,  3.87842,  3.89808,     0.00,  89.85,   0.00, 
   36.320, 0.4755, 0.5728,  3.87916,  3.89808,     0.00,  89.85,   0.00, 
   36.352, 0.4755, 0.5728,  3.87993,  3.89808,     0.00,  89.85,   0.00, 
   36.388, 0.4755, 0.5728,  3.88071,  3.89808,     0.00,  89.85,   0.00, 
   36.427, 0.4755, 0.5728,  3.88151,  3.89808,     0.00,  89.85,   0.00, 
   36.470, 0.4755, 0.5728,  3.88233,  3.89808,     0.00,  89.85,   0.00, 
   36.517, 0.4755, 0.5728,  3.88316,  3.89808,     0.00,  89.85,   0.00, 
   36.570, 0.4755, 0.5728,  3.88400,  3.89808,     0.00,  89.85,   0.00, 
   36.627, 0.4755, 0.5728,  3.88486,  3.89808,     0.00,  89.85,   0.00, 
   36.690, 0.4755, 0.5728,  3.88571,  3.89808,     0.00,  89.85,   0.00, 
   36.759, 0.4755, 0.5728,  3.88657,  3.89808,     0.00,  89.85,   0.00, 
   36.835, 0.4755, 0.5728,  3.88743,  3.89808,     0.00,  89.85,   0.00, 
   36.919, 0.4755, 0.5728,  3.88827,  3.89808,     0.00,  89.85,   0.00, 
   37.012, 0.4755, 0.5728,  3.88911,  3.89808,     0.00,  89.85,   0.00, 
   37.113, 0.4755, 0.5728,  3.88993,  3.89808,     0.00,  89.85,   0.00, 
   37.225, 0.4755, 0.5728,  3.89072,  3.89808,     0.00,  89.85,   0.00, 
   37.348, 0.4755, 0.5728,  3.89149,  3.89808,     0.00,  89.85,   0.00, 
   37.483, 0.4755, 0.5728,  3.89221,  3.89808,     0.00,  89.85,   0.00, 
   37.631, 0.4755, 0.5728,  3.89290,  3.89808,     0.00,  89.85,   0.00, 
   37.795, 0.4755, 0.5728,  3.89355,  3.89808,     0.00,  89.85,   0.00, 
   37.974, 0.4755, 0.5728,  3.89414,  3.89808,     0.00,  89.85,   0.00, 
   38.172, 0.4755, 0.5728,  3.89469,  3.89808,     0.00,  89.85,   0.00, 
   38.390, 0.4755, 0.5728,  3.89517,  3.89808,     0.00,  89.85,   0.00, 
   38.629, 0.4755, 0.5728,  3.89561,  3.89808,     0.00,  89.85,   0.00, 
   38.892, 0.4755, 0.5728,  3.89599,  3.89808,     0.00,  89.85,   0.00, 
   39.182, 0.4755, 0.5728,  3.89632,  3.89808,     0.00,  89.85,   0.00, 
   39.501, 0.4755, 0.5728,  3.89661,  3.89808,     0.00,  89.85,   0.00, 
   39.851, 0.4755, 0.5728,  3.89685,  3.89808,     0.00,  89.85,   0.00, 
   40.236, 0.4755, 0.5728,  3.89705,  3.89808,     0.00,  89.85,   0.00, 
   40.660, 0.4755, 0.5728,  3.89722,  3.89808,     0.00,  89.85,   0.00, 
   41.127, 0.4755, 0.5728,  3.89736,  3.89808,     0.00,  89.85,   0.00, 
   41.640, 0.4755, 0.5728,  3.89748,  3.89808,     0.00,  89.85,   0.00, 
   42.153, 0.4755, 0.5728,  3.89757,  3.89808,     0.00,  89.85,   0.00, 
   42.666, 0.4755, 0.5728,  3.89764,  3.89808,     0.00,  89.85,   0.00, 
   43.179, 0.4755, 0.5728,  3.89769,  3.89808,     0.00,  89.85,   0.00, 
   43.692, 0.4755, 0.5728,  3.89773,  3.89808,     0.00,  89.85,   0.00, 
   44.205, 0.4755, 0.5728,  3.89776,  3.89808,     0.00,  89.85,   0.00, 
   44.718, 0.4755, 0.5728,  3.89779,  3.89808,     0.00,  89.85,   0.00, 
   45.231, 0.4755, 0.5728,  3.89781,  3.89808,     0.00,  89.85,   0.00, 
   45.744, 0.4755, 0.5728,  3.89782,  3.89808,     0.00,  89.85,   0.00, 
   46.257, 0.4755, 0.5728,  3.89783,  3.89808,     0.00,  89.85,   0.00, 
   46.770, 0.4755, 0.5728,  3.89784,  3.89808,     0.00,  89.85,   0.00, 
   47.283, 0.4755, 0.5728,  3.89785,  3.89808,     0.00,  89.85,   0.00, 
   47.796, 0.4755, 0.5728,  3.89786,  3.89808,     0.00,  89.85,   0.00, 
   48.309, 0.4755, 0.5728,  3.89786,  3.89808,     0.00,  89.85,   0.00, 
   48.822, 0.4755, 0.5728,  3.89786,  3.89808,     0.00,  89.85,   0.00, 
   49.335, 0.4755, 0.5728,  3.89787,  3.89808,     0.00,  89.85,   0.00, 
   49.848, 0.4755, 0.5728,  3.89787,  3.89808,     0.00,  89.85,   0.00, 
   50.361, 0.4755, 0.5728,  3.89787,  3.89808,     0.00,  89.85,   0.00, 
   50.874, 0.4755, 0.5728,  3.89787,  3.89808,     0.00,  89.85,   0.00, 
   51.000, 0.4755, 0.5728,  3.89787,  3.89808,     0.00,  89.85,   0.00, 
   51.000, 0.4755, 0.5728,  3.89177,  3.89808,    50.00,  89.85,   0.31, 
 specific energy segment =     0.00 W-h/kg
 specific power segment  =     0.00 W/kg
 total heat =          0.1938 W-h/m2
  
   51.000, 0.4755, 0.5728,  3.89177,  3.89808,    50.00,  89.85,   0.31, 
   51.000, 0.4755, 0.5729,  3.89062,  3.89807,    50.00,  89.85,   0.37, 
   51.001, 0.4755, 0.5729,  3.88992,  3.89805,    50.00,  89.85,   0.40, 
   51.001, 0.4755, 0.5729,  3.88936,  3.89803,    50.00,  89.85,   0.43, 
   51.002, 0.4755, 0.5729,  3.88887,  3.89801,    50.00,  89.85,   0.46, 
   51.002, 0.4755, 0.5729,  3.88841,  3.89799,    50.00,  89.85,   0.48, 
   51.003, 0.4755, 0.5729,  3.88797,  3.89797,    50.00,  89.85,   0.50, 
   51.003, 0.4755, 0.5729,  3.88754,  3.89794,    50.00,  89.85,   0.52, 
   51.004, 0.4755, 0.5729,  3.88712,  3.89791,    50.00,  89.85,   0.54, 
   51.005, 0.4755, 0.5729,  3.88669,  3.89788,    50.00,  89.85,   0.56, 
   51.005, 0.4754, 0.5729,  3.88626,  3.89785,    50.00,  89.85,   0.58, 
   51.006, 0.4754, 0.5729,  3.88582,  3.89781,    50.00,  89.85,   0.60, 
   51.007, 0.4754, 0.5729,  3.88538,  3.89777,    50.00,  89.85,   0.62, 
   51.008, 0.4754, 0.5729,  3.88492,  3.89772,    50.00,  89.85,   0.64, 
   51.009, 0.4754, 0.5730,  3.88446,  3.89767,    50.00,  89.85,   0.66, 
   51.011, 0.4753, 0.5730,  3.88398,  3.89762,    50.00,  89.85,   0.68, 
   51.012, 0.4753, 0.5730,  3.88349,  3.89756,    50.00,  89.85,   0.70, 
   51.014, 0.4753, 0.5730,  3.88298,  3.89749,    50.00,  89.85,   0.72, 
   51.015, 0.4752, 0.5730,  3.88246,  3.89742,    50.00,  89.85,   0.75, 
   51.017, 0.4752, 0.5731,  3.88191,  3.89734,    50.00,  89.85,   0.77, 
   51.019, 0.4752, 0.5731,  3.88135,  3.89725,    50.00,  89.85,   0.79, 
   51.021, 0.4751, 0.5731,  3.88077,  3.89715,    50.00,  89.85,   0.82, 
   51.024, 0.4751, 0.5731,  3.88017,  3.89704,    50.00,  89.85,   0.84, 
   51.027, 0.4750, 0.5732,  3.87955,  3.89693,    50.00,  89.85,   0.87, 
   51.029, 0.4749, 0.5732,  3.87891,  3.89680,    50.00,  89.85,   0.89, 
   51.033, 0.4749, 0.5732,  3.87825,  3.89665,    50.00,  89.85,   0.92, 
   51.036, 0.4748, 0.5733,  3.87757,  3.89650,    50.00,  89.85,   0.95, 
   51.040, 0.4747, 0.5733,  3.87686,  3.89633,    50.00,  89.85,   0.97, 
   51.045, 0.4746, 0.5734,  3.87613,  3.89614,    50.00,  89.85,   1.00, 
   51.050, 0.4745, 0.5734,  3.87538,  3.89593,    50.00,  89.85,   1.03, 
   51.055, 0.4744, 0.5735,  3.87460,  3.89571,    50.00,  89.85,   1.05, 
   51.061, 0.4743, 0.5736,  3.87381,  3.89546,    50.00,  89.85,   1.08, 
   51.067, 0.4742, 0.5737,  3.87299,  3.89519,    50.00,  89.85,   1.11, 
   51.074, 0.4740, 0.5737,  3.87215,  3.89489,    50.00,  89.85,   1.14, 
   51.082, 0.4739, 0.5738,  3.87128,  3.89457,    50.00,  89.85,   1.16, 
   51.090, 0.4737, 0.5739,  3.87040,  3.89421,    50.00,  89.85,   1.19, 
   51.100, 0.4735, 0.5741,  3.86949,  3.89382,    50.00,  89.85,   1.21, 
   51.110, 0.4733, 0.5742,  3.86856,  3.89339,    50.00,  89.85,   1.24, 
   51.121, 0.4730, 0.5743,  3.86761,  3.89292,    50.00,  89.85,   1.26, 
   51.134, 0.4728, 0.5745,  3.86664,  3.89241,    50.00,  89.85,   1.29, 
   51.148, 0.4725, 0.5746,  3.86564,  3.89185,    50.00,  89.85,   1.31, 
   51.163, 0.4722, 0.5748,  3.86463,  3.89125,    50.00,  89.85,   1.33, 
   51.179, 0.4718, 0.5750,  3.86359,  3.89058,    50.00,  89.85,   1.35, 
   51.197, 0.4715, 0.5752,  3.86253,  3.88986,    50.00,  89.85,   1.36, 
   51.218, 0.4710, 0.5755,  3.86145,  3.88908,    50.00,  89.85,   1.38, 
   51.240, 0.4706, 0.5758,  3.86036,  3.88823,    50.00,  89.85,   1.39, 
   51.264, 0.4701, 0.5761,  3.85924,  3.88730,    50.00,  89.85,   1.40, 
   51.291, 0.4695, 0.5764,  3.85811,  3.88630,    50.00,  89.85,   1.41, 
   51.320, 0.4689, 0.5767,  3.85696,  3.88523,    50.00,  89.85,   1.41, 
   51.352, 0.4682, 0.5771,  3.85579,  3.88406,    50.00,  89.85,   1.41, 
   51.388, 0.4675, 0.5776,  3.85461,  3.88282,    50.00,  89.85,   1.41, 
   51.427, 0.4667, 0.5780,  3.85342,  3.88148,    50.00,  89.85,   1.40, 
   51.470, 0.4658, 0.5786,  3.85222,  3.88006,    50.00,  89.85,   1.39, 
   51.517, 0.4648, 0.5791,  3.85100,  3.87854,    50.00,  89.85,   1.37, 
   51.570, 0.4637, 0.5798,  3.84978,  3.87693,    50.00,  89.85,   1.35, 
   51.627, 0.4625, 0.5805,  3.84855,  3.87524,    50.00,  89.85,   1.33, 
   51.690, 0.4612, 0.5812,  3.84730,  3.87347,    50.00,  89.85,   1.30, 
   51.759, 0.4598, 0.5821,  3.84604,  3.87162,    50.00,  89.85,   1.28, 
   51.835, 0.4582, 0.5830,  3.84476,  3.86970,    50.00,  89.85,   1.24, 
   51.919, 0.4565, 0.5840,  3.84345,  3.86773,    50.00,  89.85,   1.21, 
   52.012, 0.4546, 0.5851,  3.84212,  3.86571,    50.00,  89.85,   1.18, 
   52.113, 0.4525, 0.5864,  3.84074,  3.86367,    50.00,  89.85,   1.14, 
   52.225, 0.4501, 0.5877,  3.83930,  3.86160,    50.00,  89.85,   1.11, 
   52.348, 0.4476, 0.5892,  3.83779,  3.85953,    50.00,  89.85,   1.08, 
   52.483, 0.4448, 0.5908,  3.83619,  3.85745,    50.00,  89.85,   1.06, 
   52.631, 0.4417, 0.5927,  3.83447,  3.85537,    50.00,  89.85,   1.04, 
   52.795, 0.4383, 0.5946,  3.83261,  3.85328,    50.00,  89.85,   1.03, 
   52.974, 0.4346, 0.5968,  3.83058,  3.85114,    50.00,  89.85,   1.03, 
   53.000, 0.4341, 0.5971,  3.83029,  3.85085,    50.00,  89.85,   1.02, 
   53.000, 0.4341, 0.5971,  3.83649,  3.85085,     0.00,  89.85,   0.02, 
 specific energy segment =     7.85 W-h/kg
 specific power segment  =   235.45 W/kg
 total heat =          0.2329 W-h/m2
  
   53.000, 0.4341, 0.5971,  3.83649,  3.85085,     0.00,  89.85,   0.02, 
   53.000, 0.4341, 0.5971,  3.83676,  3.85085,     0.00,  89.85,   0.02, 
   53.001, 0.4341, 0.5971,  3.83692,  3.85085,     0.00,  89.85,   0.02, 
   53.001, 0.4341, 0.5971,  3.83706,  3.85085,     0.00,  89.85,   0.02, 
   53.002, 0.4341, 0.5971,  3.83719,  3.85085,     0.00,  89.85,   0.01, 
   53.002, 0.4341, 0.5971,  3.83731,  3.85085,     0.00,  89.85,   0.01, 
   53.003, 0.4341, 0.5971,  3.83742,  3.85085,     0.00,  89.85,   0.01, 
   53.003, 0.4341, 0.5971,  3.83753,  3.85085,     0.00,  89.85,   0.01, 
   53.004, 0.4341, 0.5971,  3.83764,  3.85085,     0.00,  89.85,   0.01, 
   53.005, 0.4341, 0.5971,  3.83776,  3.85085,     0.00,  89.85,   0.01, 
   53.005, 0.4341, 0.5971,  3.83787,  3.85085,     0.00,  89.85,   0.01, 
   53.006, 0.4341, 0.5971,  3.83799,  3.85085,     0.00,  89.85,   0.01, 
   53.007, 0.4341, 0.5971,  3.83811,  3.85085,     0.00,  89.85,   0.01, 
   53.008, 0.4341, 0.5971,  3.83823,  3.85085,     0.00,  89.85,   0.01, 
   53.009, 0.4341, 0.5971,  3.83836,  3.85085,     0.00,  89.85,   0.01, 
   53.011, 0.4341, 0.5971,  3.83849,  3.85085,     0.00,  89.85,   0.01, 
   53.012, 0.4341, 0.5971,  3.83863,  3.85085,     0.00,  89.85,   0.01, 
   53.014, 0.4341, 0.5971,  3.83876,  3.85085,     0.00,  89.85,   0.01, 
   53.015, 0.4341, 0.5971,  3.83891,  3.85085,     0.00,  89.85,   0.01, 
   53.017, 0.4341, 0.5971,  3.83906,  3.85085,     0.00,  89.85,   0.01, 
   53.019, 0.4341, 0.5971,  3.83921,  3.85085,     0.00,  89.85,   0.01, 
   53.021, 0.4341, 0.5971,  3.83937,  3.85085,     0.00,  89.85,   0.01, 
   53.024, 0.4341, 0.5971,  3.83954,  3.85085,     0.00,  89.85,   0.01, 
   53.027, 0.4341, 0.5971,  3.83971,  3.85085,     0.00,  89.85,   0.01, 
   53.029, 0.4341, 0.5971,  3.83989,  3.85085,     0.00,  89.85,   0.01, 
   53.033, 0.4341, 0.5971,  3.84007,  3.85085,     0.00,  89.85,   0.01, 
   53.036, 0.4341, 0.5971,  3.84025,  3.85085,     0.00,  89.85,   0.01, 
   53.040, 0.4341, 0.5971,  3.84044,  3.85085,     0.00,  89.85,   0.01, 
   53.045, 0.4341, 0.5971,  3.84064,  3.85085,     0.00,  89.85,   0.01, 
   53.050, 0.4341, 0.5971,  3.84084,  3.85085,     0.00,  89.85,   0.01, 
   53.055, 0.4341, 0.5971,  3.84105,  3.85085,     0.00,  89.85,   0.01, 
   53.061, 0.4341, 0.5971,  3.84126,  3.85085,     0.00,  89.85,   0.01, 
   53.067, 0.4341, 0.5971,  3.84147,  3.85085,     0.00,  89.85,   0.01, 
   53.074, 0.4341, 0.5971,  3.84168,  3.85085,     0.00,  89.85,   0.01, 
   53.082, 0.4341, 0.5971,  3.84190,  3.85085,     0.00,  89.85,   0.01, 
   53.090, 0.4341, 0.5971,  3.84212,  3.85085,     0.00,  89.85,   0.01, 
   53.100, 0.4341, 0.5971,  3.84235,  3.85085,     0.00,  89.85,   0.01, 
   53.110, 0.4341, 0.5971,  3.84257,  3.85085,     0.00,  89.85,   0.01, 
   53.121, 0.4341, 0.5971,  3.84280,  3.85085,     0.00,  89.85,   0.01, 
   53.134, 0.4341, 0.5971,  3.84303,  3.85085,     0.00,  89.85,   0.01, 
   53.148, 0.4341, 0.5971,  3.84326,  3.85085,     0.00,  89.85,   0.01, 
   53.163, 0.4341, 0.5971,  3.84350,  3.85085,     0.00,  89.85,   0.01, 
   53.179, 0.4341, 0.5971,  3.84374,  3.85085,     0.00,  89.85,   0.01, 
   53.197, 0.4341, 0.5971,  3.84398,  3.85085,     0.00,  89.85,   0.01, 
   53.218, 0.4341, 0.5971,  3.84422,  3.85085,     0.00,  89.85,   0.01, 
   53.240, 0.4341, 0.5971,  3.84447,  3.85085,     0.00,  89.85,   0.01, 
   53.264, 0.4341, 0.5971,  3.84472,  3.85085,     0.00,  89.85,   0.01, 
   53.291, 0.4341, 0.5971,  3.84497,  3.85085,     0.00,  89.85,   0.00, 
   53.320, 0.4341, 0.5971,  3.84523,  3.85085,     0.00,  89.85,   0.00, 
   53.352, 0.4341, 0.5971,  3.84548,  3.85085,     0.00,  89.85,   0.00, 
   53.388, 0.4341, 0.5971,  3.84574,  3.85085,     0.00,  89.85,   0.00, 
   53.427, 0.4341, 0.5971,  3.84601,  3.85085,     0.00,  89.85,   0.00, 
   53.470, 0.4341, 0.5971,  3.84627,  3.85085,     0.00,  89.85,   0.00, 
   53.517, 0.4341, 0.5971,  3.84653,  3.85085,     0.00,  89.85,   0.00, 
   53.570, 0.4341, 0.5971,  3.84680,  3.85085,     0.00,  89.85,   0.00, 
   53.627, 0.4341, 0.5971,  3.84706,  3.85085,     0.00,  89.85,   0.00, 
   53.690, 0.4341, 0.5971,  3.84732,  3.85085,     0.00,  89.85,   0.00, 
   53.759, 0.4341, 0.5971,  3.84758,  3.85085,     0.00,  89.85,   0.00, 
   53.835, 0.4341, 0.5971,  3.84783,  3.85085,     0.00,  89.85,   0.00, 
   53.919, 0.4341, 0.5971,  3.84808,  3.85085,     0.00,  89.85,   0.00, 
   54.012, 0.4341, 0.5971,  3.84832,  3.85085,     0.00,  89.85,   0.00, 
   54.113, 0.4341, 0.5971,  3.84856,  3.85085,     0.00,  89.85,   0.00, 
   54.225, 0.4341, 0.5971,  3.84879,  3.85085,     0.00,  89.85,   0.00, 
   54.348, 0.4341, 0.5971,  3.84900,  3.85085,     0.00,  89.85,   0.00, 
   54.483, 0.4341, 0.5971,  3.84921,  3.85085,     0.00,  89.85,   0.00, 
   54.631, 0.4341, 0.5971,  3.84940,  3.85085,     0.00,  89.85,   0.00, 
   54.795, 0.4341, 0.5971,  3.84958,  3.85085,     0.00,  89.85,   0.00, 
   54.974, 0.4341, 0.5971,  3.84975,  3.85085,     0.00,  89.85,   0.00, 
   55.172, 0.4341, 0.5971,  3.84990,  3.85085,     0.00,  89.85,   0.00, 
   55.390, 0.4341, 0.5971,  3.85003,  3.85085,     0.00,  89.85,   0.00, 
   55.629, 0.4341, 0.5971,  3.85015,  3.85085,     0.00,  89.85,   0.00, 
   55.892, 0.4341, 0.5971,  3.85026,  3.85085,     0.00,  89.85,   0.00, 
   56.182, 0.4341, 0.5971,  3.85035,  3.85085,     0.00,  89.85,   0.00, 
   56.501, 0.4341, 0.5971,  3.85043,  3.85085,     0.00,  89.85,   0.00, 
   56.851, 0.4341, 0.5971,  3.85049,  3.85085,     0.00,  89.85,   0.00, 
   57.236, 0.4341, 0.5971,  3.85055,  3.85085,     0.00,  89.85,   0.00, 
   57.660, 0.4341, 0.5971,  3.85060,  3.85085,     0.00,  89.85,   0.00, 
   58.127, 0.4341, 0.5971,  3.85064,  3.85085,     0.00,  89.85,   0.00, 
   58.640, 0.4341, 0.5971,  3.85067,  3.85085,     0.00,  89.85,   0.00, 
   59.153, 0.4341, 0.5971,  3.85069,  3.85085,     0.00,  89.85,   0.00, 
   59.666, 0.4341, 0.5971,  3.85071,  3.85085,     0.00,  89.85,   0.00, 
   60.179, 0.4341, 0.5971,  3.85073,  3.85085,     0.00,  89.85,   0.00, 
   60.692, 0.4341, 0.5971,  3.85074,  3.85085,     0.00,  89.85,   0.00, 
   61.205, 0.4341, 0.5971,  3.85075,  3.85085,     0.00,  89.85,   0.00, 
   61.718, 0.4341, 0.5971,  3.85075,  3.85085,     0.00,  89.85,   0.00, 
   62.231, 0.4341, 0.5971,  3.85076,  3.85085,     0.00,  89.85,   0.00, 
   62.744, 0.4341, 0.5971,  3.85076,  3.85085,     0.00,  89.85,   0.00, 
   63.257, 0.4341, 0.5971,  3.85077,  3.85085,     0.00,  89.85,   0.00, 
   63.770, 0.4341, 0.5971,  3.85077,  3.85085,     0.00,  89.85,   0.00, 
   64.283, 0.4341, 0.5971,  3.85077,  3.85085,     0.00,  89.85,   0.00, 
   64.796, 0.4341, 0.5971,  3.85077,  3.85085,     0.00,  89.85,   0.00, 
   65.309, 0.4341, 0.5971,  3.85078,  3.85085,     0.00,  89.85,   0.00, 
   65.822, 0.4341, 0.5971,  3.85078,  3.85085,     0.00,  89.85,   0.00, 
   66.335, 0.4341, 0.5971,  3.85078,  3.85085,     0.00,  89.85,   0.00, 
   66.848, 0.4341, 0.5971,  3.85078,  3.85085,     0.00,  89.85,   0.00, 
   67.361, 0.4341, 0.5971,  3.85078,  3.85085,     0.00,  89.85,   0.00, 
   67.874, 0.4341, 0.5971,  3.85078,  3.85085,     0.00,  89.85,   0.00, 
   68.000, 0.4341, 0.5971,  3.85078,  3.85085,     0.00,  89.85,   0.00, 
   68.000, 0.4341, 0.5971,  3.84464,  3.85085,    50.00,  89.85,   0.31, 
 specific energy segment =     0.00 W-h/kg
 specific power segment  =     0.00 W/kg
 total heat =          0.2330 W-h/m2
  
   68.000, 0.4341, 0.5971,  3.84464,  3.85085,    50.00,  89.85,   0.31, 
   68.000, 0.4341, 0.5971,  3.84432,  3.85085,    50.00,  89.85,   0.32, 
   68.001, 0.4340, 0.5971,  3.84412,  3.85084,    50.00,  89.85,   0.33, 
   68.001, 0.4340, 0.5971,  3.84395,  3.85084,    50.00,  89.85,   0.34, 
   68.002, 0.4340, 0.5971,  3.84380,  3.85083,    50.00,  89.85,   0.35, 
   68.002, 0.4340, 0.5972,  3.84366,  3.85083,    50.00,  89.85,   0.36, 
   68.003, 0.4340, 0.5972,  3.84353,  3.85082,    50.00,  89.85,   0.36, 
   68.003, 0.4340, 0.5972,  3.84340,  3.85082,    50.00,  89.85,   0.37, 
   68.004, 0.4340, 0.5972,  3.84326,  3.85081,    50.00,  89.85,   0.38, 
   68.005, 0.4340, 0.5972,  3.84313,  3.85080,    50.00,  89.85,   0.38, 
   68.005, 0.4340, 0.5972,  3.84299,  3.85079,    50.00,  89.85,   0.39, 
   68.006, 0.4339, 0.5972,  3.84285,  3.85078,    50.00,  89.85,   0.40, 
   68.007, 0.4339, 0.5972,  3.84271,  3.85077,    50.00,  89.85,   0.40, 
   68.008, 0.4339, 0.5972,  3.84256,  3.85076,    50.00,  89.85,   0.41, 
   68.009, 0.4339, 0.5972,  3.84241,  3.85075,    50.00,  89.85,   0.42, 
   68.011, 0.4338, 0.5973,  3.84225,  3.85073,    50.00,  89.85,   0.42, 
   68.012, 0.4338, 0.5973,  3.84209,  3.85072,    50.00,  89.85,   0.43, 
   68.014, 0.4338, 0.5973,  3.84192,  3.85070,    50.00,  89.85,   0.44, 
   68.015, 0.4337, 0.5973,  3.84174,  3.85068,    50.00,  89.85,   0.45, 
   68.017, 0.4337, 0.5973,  3.84156,  3.85066,    50.00,  89.85,   0.45, 
   68.019, 0.4337, 0.5974,  3.84137,  3.85064,    50.00,  89.85,   0.46, 
   68.021, 0.4336, 0.5974,  3.84117,  3.85061,    50.00,  89.85,   0.47, 
   68.024, 0.4336, 0.5974,  3.84097,  3.85058,    50.00,  89.85,   0.48, 
   68.027, 0.4335, 0.5975,  3.84075,  3.85055,    50.00,  89.85,   0.49, 
   68.029, 0.4335, 0.5975,  3.84053,  3.85052,    50.00,  89.85,   0.50, 
   68.033, 0.4334, 0.5975,  3.84030,  3.85048,    50.00,  89.85,   0.51, 
   68.036, 0.4333, 0.5976,  3.84006,  3.85044,    50.00,  89.85,   0.52, 
   68.040, 0.4332, 0.5976,  3.83981,  3.85040,    50.00,  89.85,   0.53, 
   68.045, 0.4331, 0.5977,  3.83956,  3.85035,    50.00,  89.85,   0.54, 
   68.050, 0.4330, 0.5977,  3.83929,  3.85029,    50.00,  89.85,   0.55, 
   68.055, 0.4329, 0.5978,  3.83901,  3.85023,    50.00,  89.85,   0.56, 
   68.061, 0.4328, 0.5979,  3.83873,  3.85017,    50.00,  89.85,   0.57, 
   68.067, 0.4327, 0.5979,  3.83844,  3.85010,    50.00,  89.85,   0.58, 
   68.074, 0.4325, 0.5980,  3.83813,  3.85002,    50.00,  89.85,   0.59, 
   68.082, 0.4324, 0.5981,  3.83782,  3.84993,    50.00,  89.85,   0.60, 
   68.090, 0.4322, 0.5982,  3.83750,  3.84984,    50.00,  89.85,   0.61, 
   68.100, 0.4320, 0.5983,  3.83717,  3.84973,    50.00,  89.85,   0.63, 
   68.110, 0.4318, 0.5985,  3.83682,  3.84962,    50.00,  89.85,   0.64, 
   68.121, 0.4315, 0.5986,  3.83646,  3.84950,    50.00,  89.85,   0.65, 
   68.134, 0.4313, 0.5988,  3.83609,  3.84936,    50.00,  89.85,   0.66, 
   68.148, 0.4310, 0.5989,  3.83570,  3.84921,    50.00,  89.85,   0.67, 
   68.163, 0.4307, 0.5991,  3.83529,  3.84904,    50.00,  89.85,   0.69, 
   68.179, 0.4303, 0.5993,  3.83486,  3.84886,    50.00,  89.85,   0.70, 
   68.197, 0.4300, 0.5995,  3.83442,  3.84866,    50.00,  89.85,   0.71, 
   68.218, 0.4296, 0.5998,  3.83395,  3.84845,    50.00,  89.85,   0.72, 
   68.240, 0.4291, 0.6000,  3.83345,  3.84821,    50.00,  89.85,   0.74, 
   68.264, 0.4286, 0.6003,  3.83292,  3.84795,    50.00,  89.85,   0.75, 
   68.291, 0.4280, 0.6007,  3.83236,  3.84766,    50.00,  89.85,   0.76, 
   68.320, 0.4274, 0.6010,  3.83177,  3.84735,    50.00,  89.85,   0.78, 
   68.352, 0.4268, 0.6014,  3.83114,  3.84701,    50.00,  89.85,   0.79, 
   68.388, 0.4260, 0.6018,  3.83047,  3.84663,    50.00,  89.85,   0.80, 
   68.427, 0.4252, 0.6023,  3.82976,  3.84622,    50.00,  89.85,   0.82, 
   68.470, 0.4243, 0.6028,  3.82900,  3.84576,    50.00,  89.85,   0.84, 
   68.517, 0.4233, 0.6034,  3.82818,  3.84526,    50.00,  89.85,   0.85, 
   68.570, 0.4222, 0.6040,  3.82730,  3.84472,    50.00,  89.85,   0.87, 
   68.627, 0.4211, 0.6047,  3.82637,  3.84411,    50.00,  89.85,   0.88, 
   68.690, 0.4198, 0.6055,  3.82536,  3.84345,    50.00,  89.85,   0.90, 
   68.759, 0.4183, 0.6063,  3.82428,  3.84272,    50.00,  89.85,   0.92, 
   68.835, 0.4167, 0.6073,  3.82312,  3.84191,    50.00,  89.85,   0.93, 
   68.919, 0.4150, 0.6083,  3.82188,  3.84101,    50.00,  89.85,   0.95, 
   69.012, 0.4131, 0.6094,  3.82054,  3.84001,    50.00,  89.85,   0.97, 
   69.113, 0.4110, 0.6106,  3.81908,  3.83891,    50.00,  89.85,   0.98, 
   69.225, 0.4087, 0.6120,  3.81748,  3.83767,    50.00,  89.85,   1.00, 
   69.348, 0.4061, 0.6135,  3.81573,  3.83629,    50.00,  89.85,   1.02, 
   69.483, 0.4033, 0.6151,  3.81380,  3.83474,    50.00,  89.85,   1.04, 
   69.631, 0.4002, 0.6169,  3.81168,  3.83301,    50.00,  89.85,   1.06, 
   69.795, 0.3968, 0.6189,  3.80935,  3.83106,    50.00,  89.85,   1.08, 
   69.974, 0.3931, 0.6211,  3.80679,  3.82886,    50.00,  89.85,   1.10, 
   70.000, 0.3926, 0.6214,  3.80643,  3.82854,    50.00,  89.85,   1.10, 
   70.000, 0.3926, 0.6214,  3.81268,  3.82854,     0.00,  89.85,   0.01, 
 specific energy segment =     7.80 W-h/kg
 specific power segment  =   233.99 W/kg
 total heat =          0.2641 W-h/m2
  
   70.000, 0.3926, 0.6214,  3.81268,  3.82854,     0.00,  89.85,   0.01, 
   70.000, 0.3926, 0.6214,  3.81303,  3.82854,     0.00,  89.85,   0.01, 
   70.001, 0.3926, 0.6214,  3.81324,  3.82854,     0.00,  89.85,   0.01, 
   70.001, 0.3926, 0.6214,  3.81342,  3.82854,     0.00,  89.85,   0.01, 
   70.002, 0.3926, 0.6214,  3.81357,  3.82854,     0.00,  89.85,   0.01, 
   70.002, 0.3926, 0.6214,  3.81372,  3.82854,     0.00,  89.85,   0.01, 
   70.003, 0.3926, 0.6214,  3.81386,  3.82854,     0.00,  89.85,   0.01, 
   70.003, 0.3926, 0.6214,  3.81400,  3.82854,     0.00,  89.85,   0.01, 
   70.004, 0.3926, 0.6214,  3.81413,  3.82854,     0.00,  89.85,   0.01, 
   70.005, 0.3926, 0.6214,  3.81427,  3.82854,     0.00,  89.85,   0.01, 
   70.005, 0.3926, 0.6214,  3.81441,  3.82854,     0.00,  89.85,   0.01, 
   70.006, 0.3926, 0.6214,  3.81455,  3.82854,     0.00,  89.85,   0.01, 
   70.007, 0.3926, 0.6214,  3.81469,  3.82854,     0.00,  89.85,   0.01, 
   70.008, 0.3926, 0.6214,  3.81484,  3.82854,     0.00,  89.85,   0.01, 
   70.009, 0.3926, 0.6214,  3.81499,  3.82854,     0.00,  89.85,   0.01, 
   70.011, 0.3926, 0.6214,  3.81514,  3.82854,     0.00,  89.85,   0.01, 
   70.012, 0.3926, 0.6214,  3.81530,  3.82854,     0.00,  89.85,   0.01, 
   70.014, 0.3926, 0.6214,  3.81546,  3.82854,     0.00,  89.85,   0.01, 
   70.015, 0.3926, 0.6214,  3.81563,  3.82854,     0.00,  89.85,   0.01, 
   70.017, 0.3926, 0.6214,  3.81580,  3.82854,     0.00,  89.85,   0.01, 
   70.019, 0.3926, 0.6214,  3.81598,  3.82854,     0.00,  89.85,   0.01, 
   70.021, 0.3926, 0.6214,  3.81616,  3.82854,     0.00,  89.85,   0.01, 
   70.024, 0.3926, 0.6214,  3.81635,  3.82854,     0.00,  89.85,   0.01, 
   70.027, 0.3926, 0.6214,  3.81654,  3.82854,     0.00,  89.85,   0.01, 
   70.029, 0.3926, 0.6214,  3.81674,  3.82854,     0.00,  89.85,   0.01, 
   70.033, 0.3926, 0.6214,  3.81694,  3.82854,     0.00,  89.85,   0.01, 
   70.036, 0.3926, 0.6214,  3.81715,  3.82854,     0.00,  89.85,   0.01, 
   70.040, 0.3926, 0.6214,  3.81736,  3.82854,     0.00,  89.85,   0.01, 
   70.045, 0.3926, 0.6214,  3.81758,  3.82854,     0.00,  89.85,   0.01, 
   70.050, 0.3926, 0.6214,  3.81780,  3.82854,     0.00,  89.85,   0.01, 
   70.055, 0.3926, 0.6214,  3.81802,  3.82854,     0.00,  89.85,   0.01, 
   70.061, 0.3926, 0.6214,  3.81825,  3.82854,     0.00,  89.85,   0.01, 
   70.067, 0.3926, 0.6214,  3.81848,  3.82854,     0.00,  89.85,   0.01, 
   70.074, 0.3926, 0.6214,  3.81871,  3.82854,     0.00,  89.85,   0.01, 
   70.082, 0.3926, 0.6214,  3.81895,  3.82854,     0.00,  89.85,   0.01, 
   70.090, 0.3926, 0.6214,  3.81918,  3.82854,     0.00,  89.85,   0.01, 
   70.100, 0.3926, 0.6214,  3.81942,  3.82854,     0.00,  89.85,   0.01, 
   70.110, 0.3926, 0.6214,  3.81966,  3.82854,     0.00,  89.85,   0.01, 
   70.121, 0.3926, 0.6214,  3.81990,  3.82854,     0.00,  89.85,   0.01, 
   70.134, 0.3926, 0.6214,  3.82014,  3.82854,     0.00,  89.85,   0.01, 
   70.148, 0.3926, 0.6214,  3.82039,  3.82854,     0.00,  89.85,   0.01, 
   70.163, 0.3926, 0.6214,  3.82064,  3.82854,     0.00,  89.85,   0.01, 
   70.179, 0.3926, 0.6214,  3.82089,  3.82854,     0.00,  89.85,   0.01, 
   70.197, 0.3926, 0.6214,  3.82114,  3.82854,     0.00,  89.85,   0.01, 
   70.218, 0.3926, 0.6214,  3.82140,  3.82854,     0.00,  89.85,   0.01, 
   70.240, 0.3926, 0.6214,  3.82166,  3.82854,     0.00,  89.85,   0.01, 
   70.264, 0.3926, 0.6214,  3.82193,  3.82854,     0.00,  89.85,   0.01, 
   70.291, 0.3926, 0.6214,  3.82220,  3.82854,     0.00,  89.85,   0.01, 
   70.320, 0.3926, 0.6214,  3.82248,  3.82854,     0.00,  89.85,   0.01, 
   70.352, 0.3926, 0.6214,  3.82277,  3.82854,     0.00,  89.85,   0.01, 
   70.388, 0.3926, 0.6214,  3.82306,  3.82854,     0.00,  89.85,   0.01, 
   70.427, 0.3926, 0.6214,  3.82336,  3.82854,     0.00,  89.85,   0.01, 
   70.470, 0.3926, 0.6214,  3.82366,  3.82854,     0.00,  89.85,   0.01, 
   70.517, 0.3926, 0.6214,  3.82396,  3.82854,     0.00,  89.85,   0.01, 
   70.570, 0.3926, 0.6214,  3.82426,  3.82854,     0.00,  89.85,   0.01, 
   70.627, 0.3926, 0.6214,  3.82457,  3.82854,     0.00,  89.85,   0.01, 
   70.690, 0.3926, 0.6214,  3.82487,  3.82854,     0.00,  89.85,   0.01, 
   70.759, 0.3926, 0.6214,  3.82516,  3.82854,     0.00,  89.85,   0.01, 
   70.835, 0.3926, 0.6214,  3.82545,  3.82854,     0.00,  89.85,   0.00, 
   70.919, 0.3926, 0.6214,  3.82573,  3.82854,     0.00,  89.85,   0.00, 
   71.012, 0.3926, 0.6214,  3.82600,  3.82854,     0.00,  89.85,   0.00, 
   71.113, 0.3926, 0.6214,  3.82626,  3.82854,     0.00,  89.85,   0.00, 
   71.225, 0.3926, 0.6214,  3.82651,  3.82854,     0.00,  89.85,   0.00, 
   71.348, 0.3926, 0.6214,  3.82675,  3.82854,     0.00,  89.85,   0.00, 
   71.483, 0.3926, 0.6214,  3.82697,  3.82854,     0.00,  89.85,   0.00, 
   71.631, 0.3926, 0.6214,  3.82717,  3.82854,     0.00,  89.85,   0.00, 
   71.795, 0.3926, 0.6214,  3.82736,  3.82854,     0.00,  89.85,   0.00, 
   71.974, 0.3926, 0.6214,  3.82753,  3.82854,     0.00,  89.85,   0.00, 
   72.172, 0.3926, 0.6214,  3.82768,  3.82854,     0.00,  89.85,   0.00, 
   72.390, 0.3926, 0.6214,  3.82782,  3.82854,     0.00,  89.85,   0.00, 
   72.629, 0.3926, 0.6214,  3.82793,  3.82854,     0.00,  89.85,   0.00, 
   72.892, 0.3926, 0.6214,  3.82803,  3.82854,     0.00,  89.85,   0.00, 
   73.182, 0.3926, 0.6214,  3.82811,  3.82854,     0.00,  89.85,   0.00, 
   73.501, 0.3926, 0.6214,  3.82818,  3.82854,     0.00,  89.85,   0.00, 
   73.851, 0.3926, 0.6214,  3.82824,  3.82854,     0.00,  89.85,   0.00, 
   74.236, 0.3926, 0.6214,  3.82829,  3.82854,     0.00,  89.85,   0.00, 
   74.660, 0.3926, 0.6214,  3.82832,  3.82854,     0.00,  89.85,   0.00, 
   75.127, 0.3926, 0.6214,  3.82835,  3.82854,     0.00,  89.85,   0.00, 
   75.640, 0.3926, 0.6214,  3.82838,  3.82854,     0.00,  89.85,   0.00, 
   76.153, 0.3926, 0.6214,  3.82839,  3.82854,     0.00,  89.85,   0.00, 
   76.666, 0.3926, 0.6214,  3.82841,  3.82854,     0.00,  89.85,   0.00, 
   77.179, 0.3926, 0.6214,  3.82842,  3.82854,     0.00,  89.85,   0.00, 
   77.692, 0.3926, 0.6214,  3.82843,  3.82854,     0.00,  89.85,   0.00, 
   78.205, 0.3926, 0.6214,  3.82843,  3.82854,     0.00,  89.85,   0.00, 
   78.718, 0.3926, 0.6214,  3.82844,  3.82854,     0.00,  89.85,   0.00, 
   79.231, 0.3926, 0.6214,  3.82844,  3.82854,     0.00,  89.85,   0.00, 
   79.744, 0.3926, 0.6214,  3.82844,  3.82854,     0.00,  89.85,   0.00, 
   80.257, 0.3926, 0.6214,  3.82845,  3.82854,     0.00,  89.85,   0.00, 
   80.770, 0.3926, 0.6214,  3.82845,  3.82854,     0.00,  89.85,   0.00, 
   81.283, 0.3926, 0.6214,  3.82845,  3.82854,     0.00,  89.85,   0.00, 
   81.796, 0.3926, 0.6214,  3.82845,  3.82854,     0.00,  89.85,   0.00, 
   82.309, 0.3926, 0.6214,  3.82845,  3.82854,     0.00,  89.85,   0.00, 
   82.822, 0.3926, 0.6214,  3.82845,  3.82854,     0.00,  89.85,   0.00, 
   83.335, 0.3926, 0.6214,  3.82845,  3.82854,     0.00,  89.85,   0.00, 
   83.848, 0.3926, 0.6214,  3.82845,  3.82854,     0.00,  89.85,   0.00, 
   84.361, 0.3926, 0.6214,  3.82846,  3.82854,     0.00,  89.85,   0.00, 
   84.874, 0.3926, 0.6214,  3.82846,  3.82854,     0.00,  89.85,   0.00, 
   85.000, 0.3926, 0.6214,  3.82846,  3.82854,     0.00,  89.85,   0.00, 
   85.000, 0.3926, 0.6214,  3.82227,  3.82854,    50.00,  89.85,   0.31, 
 specific energy segment =     0.00 W-h/kg
 specific power segment  =     0.00 W/kg
 total heat =          0.2643 W-h/m2
  
   85.000, 0.3926, 0.6214,  3.82227,  3.82854,    50.00,  89.85,   0.31, 
   85.000, 0.3926, 0.6214,  3.82195,  3.82854,    50.00,  89.85,   0.33, 
   85.001, 0.3926, 0.6214,  3.82174,  3.82854,    50.00,  89.85,   0.34, 
   85.001, 0.3926, 0.6214,  3.82157,  3.82853,    50.00,  89.85,   0.35, 
   85.002, 0.3925, 0.6214,  3.82141,  3.82852,    50.00,  89.85,   0.35, 
   85.002, 0.3925, 0.6214,  3.82126,  3.82852,    50.00,  89.85,   0.36, 
   85.003, 0.3925, 0.6214,  3.82112,  3.82851,    50.00,  89.85,   0.37, 
   85.003, 0.3925, 0.6215,  3.82098,  3.82850,    50.00,  89.85,   0.37, 
   85.004, 0.3925, 0.6215,  3.82084,  3.82850,    50.00,  89.85,   0.38, 
   85.005, 0.3925, 0.6215,  3.82069,  3.82849,    50.00,  89.85,   0.39, 
   85.005, 0.3925, 0.6215,  3.82055,  3.82848,    50.00,  89.85,   0.39, 
   85.006, 0.3925, 0.6215,  3.82040,  3.82847,    50.00,  89.85,   0.40, 
   85.007, 0.3924, 0.6215,  3.82024,  3.82846,    50.00,  89.85,   0.41, 
   85.008, 0.3924, 0.6215,  3.82008,  3.82844,    50.00,  89.85,   0.42, 
   85.009, 0.3924, 0.6215,  3.81992,  3.82843,    50.00,  89.85,   0.42, 
   85.011, 0.3924, 0.6215,  3.81975,  3.82841,    50.00,  89.85,   0.43, 
   85.012, 0.3923, 0.6216,  3.81957,  3.82840,    50.00,  89.85,   0.44, 
   85.014, 0.3923, 0.6216,  3.81939,  3.82838,    50.00,  89.85,   0.45, 
   85.015, 0.3923, 0.6216,  3.81920,  3.82836,    50.00,  89.85,   0.46, 
   85.017, 0.3922, 0.6216,  3.81900,  3.82833,    50.00,  89.85,   0.46, 
   85.019, 0.3922, 0.6216,  3.81879,  3.82831,    50.00,  89.85,   0.47, 
   85.021, 0.3921, 0.6217,  3.81857,  3.82828,    50.00,  89.85,   0.48, 
   85.024, 0.3921, 0.6217,  3.81834,  3.82825,    50.00,  89.85,   0.49, 
   85.027, 0.3920, 0.6217,  3.81811,  3.82821,    50.00,  89.85,   0.50, 
   85.029, 0.3920, 0.6218,  3.81786,  3.82818,    50.00,  89.85,   0.51, 
   85.033, 0.3919, 0.6218,  3.81761,  3.82814,    50.00,  89.85,   0.52, 
   85.036, 0.3918, 0.6219,  3.81734,  3.82809,    50.00,  89.85,   0.54, 
   85.040, 0.3917, 0.6219,  3.81706,  3.82804,    50.00,  89.85,   0.55, 
   85.045, 0.3917, 0.6220,  3.81677,  3.82799,    50.00,  89.85,   0.56, 
   85.050, 0.3916, 0.6220,  3.81648,  3.82793,    50.00,  89.85,   0.57, 
   85.055, 0.3914, 0.6221,  3.81617,  3.82786,    50.00,  89.85,   0.58, 
   85.061, 0.3913, 0.6221,  3.81584,  3.82779,    50.00,  89.85,   0.59, 
   85.067, 0.3912, 0.6222,  3.81551,  3.82771,    50.00,  89.85,   0.61, 
   85.074, 0.3910, 0.6223,  3.81517,  3.82762,    50.00,  89.85,   0.62, 
   85.082, 0.3909, 0.6224,  3.81481,  3.82753,    50.00,  89.85,   0.63, 
   85.090, 0.3907, 0.6225,  3.81444,  3.82742,    50.00,  89.85,   0.65, 
   85.100, 0.3905, 0.6226,  3.81405,  3.82730,    50.00,  89.85,   0.66, 
   85.110, 0.3903, 0.6227,  3.81365,  3.82717,    50.00,  89.85,   0.67, 
   85.121, 0.3901, 0.6229,  3.81323,  3.82703,    50.00,  89.85,   0.69, 
   85.134, 0.3898, 0.6230,  3.81280,  3.82687,    50.00,  89.85,   0.70, 
   85.148, 0.3895, 0.6232,  3.81234,  3.82670,    50.00,  89.85,   0.71, 
   85.163, 0.3892, 0.6234,  3.81187,  3.82651,    50.00,  89.85,   0.73, 
   85.179, 0.3889, 0.6236,  3.81138,  3.82630,    50.00,  89.85,   0.74, 
   85.197, 0.3885, 0.6238,  3.81086,  3.82607,    50.00,  89.85,   0.76, 
   85.218, 0.3881, 0.6241,  3.81031,  3.82581,    50.00,  89.85,   0.77, 
   85.240, 0.3876, 0.6243,  3.80974,  3.82553,    50.00,  89.85,   0.78, 
   85.264, 0.3871, 0.6246,  3.80913,  3.82522,    50.00,  89.85,   0.80, 
   85.291, 0.3866, 0.6249,  3.80849,  3.82488,    50.00,  89.85,   0.81, 
   85.320, 0.3859, 0.6253,  3.80780,  3.82451,    50.00,  89.85,   0.83, 
   85.352, 0.3853, 0.6257,  3.80706,  3.82409,    50.00,  89.85,   0.84, 
   85.388, 0.3845, 0.6261,  3.80627,  3.82363,    50.00,  89.85,   0.86, 
   85.427, 0.3837, 0.6266,  3.80542,  3.82313,    50.00,  89.85,   0.88, 
   85.470, 0.3828, 0.6271,  3.80452,  3.82257,    50.00,  89.85,   0.89, 
   85.517, 0.3818, 0.6277,  3.80355,  3.82195,    50.00,  89.85,   0.91, 
   85.570, 0.3808, 0.6283,  3.80252,  3.82127,    50.00,  89.85,   0.93, 
   85.627, 0.3796, 0.6290,  3.80141,  3.82052,    50.00,  89.85,   0.95, 
   85.690, 0.3783, 0.6298,  3.80022,  3.81969,    50.00,  89.85,   0.97, 
   85.759, 0.3768, 0.6306,  3.79895,  3.81877,    50.00,  89.85,   0.98, 
   85.835, 0.3753, 0.6316,  3.79758,  3.81776,    50.00,  89.85,   1.00, 
   85.919, 0.3735, 0.6326,  3.79611,  3.81664,    50.00,  89.85,   1.02, 
   86.012, 0.3716, 0.6337,  3.79454,  3.81541,    50.00,  89.85,   1.04, 
   86.113, 0.3695, 0.6349,  3.79284,  3.81404,    50.00,  89.85,   1.06, 
   86.225, 0.3672, 0.6363,  3.79102,  3.81253,    50.00,  89.85,   1.07, 
   86.348, 0.3646, 0.6378,  3.78906,  3.81087,    50.00,  89.85,   1.09, 
   86.483, 0.3618, 0.6394,  3.78695,  3.80904,    50.00,  89.85,   1.11, 
   86.631, 0.3587, 0.6412,  3.78468,  3.80703,    50.00,  89.85,   1.12, 
   86.795, 0.3554, 0.6432,  3.78224,  3.80482,    50.00,  89.85,   1.13, 
   86.974, 0.3516, 0.6454,  3.77961,  3.80239,    50.00,  89.85,   1.14, 
   87.000, 0.3511, 0.6457,  3.77924,  3.80205,    50.00,  89.85,   1.14, 
   87.000, 0.3511, 0.6457,  3.78556,  3.80205,     0.00,  89.85,   0.01, 
 specific energy segment =     7.75 W-h/kg
 specific power segment  =   232.42 W/kg
 total heat =          0.2974 W-h/m2
  
   87.000, 0.3511, 0.6457,  3.78556,  3.80205,     0.00,  89.85,   0.01, 
   87.000, 0.3511, 0.6457,  3.78597,  3.80205,     0.00,  89.85,   0.01, 
   87.001, 0.3511, 0.6457,  3.78621,  3.80205,     0.00,  89.85,   0.01, 
   87.001, 0.3511, 0.6457,  3.78641,  3.80205,     0.00,  89.85,   0.00, 
   87.002, 0.3511, 0.6457,  3.78658,  3.80205,     0.00,  89.85,   0.00, 
   87.002, 0.3511, 0.6457,  3.78674,  3.80205,     0.00,  89.85,   0.00, 
   87.003, 0.3511, 0.6457,  3.78690,  3.80205,     0.00,  89.85,   0.00, 
   87.003, 0.3511, 0.6457,  3.78705,  3.80205,     0.00,  89.85,   0.00, 
   87.004, 0.3511, 0.6457,  3.78720,  3.80205,     0.00,  89.85,   0.00, 
   87.005, 0.3511, 0.6457,  3.78735,  3.80205,     0.00,  89.85,   0.00, 
   87.005, 0.3511, 0.6457,  3.78750,  3.80205,     0.00,  89.85,   0.00, 
   87.006, 0.3511, 0.6457,  3.78765,  3.80205,     0.00,  89.85,   0.00, 
   87.007, 0.3511, 0.6457,  3.78780,  3.80205,     0.00,  89.85,   0.00, 
   87.008, 0.3511, 0.6457,  3.78796,  3.80205,     0.00,  89.85,   0.00, 
   87.009, 0.3511, 0.6457,  3.78812,  3.80205,     0.00,  89.85,   0.00, 
   87.011, 0.3511, 0.6457,  3.78829,  3.80205,     0.00,  89.85,   0.00, 
   87.012, 0.3511, 0.6457,  3.78846,  3.80205,     0.00,  89.85,   0.00, 
   87.014, 0.3511, 0.6457,  3.78864,  3.80205,     0.00,  89.85,   0.00, 
   87.015, 0.3511, 0.6457,  3.78882,  3.80205,     0.00,  89.85,   0.00, 
   87.017, 0.3511, 0.6457,  3.78901,  3.80205,     0.00,  89.85,   0.00, 
   87.019, 0.3511, 0.6457,  3.78920,  3.80205,     0.00,  89.85,   0.00, 
   87.021, 0.3511, 0.6457,  3.78941,  3.80205,     0.00,  89.85,   0.00, 
   87.024, 0.3511, 0.6457,  3.78961,  3.80205,     0.00,  89.85,   0.00, 
   87.027, 0.3511, 0.6457,  3.78983,  3.80205,     0.00,  89.85,   0.00, 
   87.029, 0.3511, 0.6457,  3.79005,  3.80205,     0.00,  89.85,   0.00, 
   87.033, 0.3511, 0.6457,  3.79027,  3.80205,     0.00,  89.85,   0.00, 
   87.036, 0.3511, 0.6457,  3.79050,  3.80205,     0.00,  89.85,   0.00, 
   87.040, 0.3511, 0.6457,  3.79074,  3.80205,     0.00,  89.85,   0.00, 
   87.045, 0.3511, 0.6457,  3.79098,  3.80205,     0.00,  89.85,   0.00, 
   87.050, 0.3511, 0.6457,  3.79123,  3.80205,     0.00,  89.85,   0.00, 
   87.055, 0.3511, 0.6457,  3.79148,  3.80205,     0.00,  89.85,   0.00, 
   87.061, 0.3511, 0.6457,  3.79174,  3.80205,     0.00,  89.85,   0.00, 
   87.067, 0.3511, 0.6457,  3.79200,  3.80205,     0.00,  89.85,   0.00, 
   87.074, 0.3511, 0.6457,  3.79226,  3.80205,     0.00,  89.85,   0.00, 
   87.082, 0.3511, 0.6457,  3.79253,  3.80205,     0.00,  89.85,   0.00, 
   87.090, 0.3511, 0.6457,  3.79280,  3.80205,     0.00,  89.85,   0.00, 
   87.100, 0.3511, 0.6457,  3.79307,  3.80205,     0.00,  89.85,   0.00, 
   87.110, 0.3511, 0.6457,  3.79334,  3.80205,     0.00,  89.85,   0.00, 
   87.121, 0.3511, 0.6457,  3.79361,  3.80205,     0.00,  89.85,   0.00, 
   87.134, 0.3511, 0.6457,  3.79389,  3.80205,     0.00,  89.85,   0.00, 
   87.148, 0.3511, 0.6457,  3.79416,  3.80205,     0.00,  89.85,   0.00, 
   87.163, 0.3511, 0.6457,  3.79444,  3.80205,     0.00,  89.85,   0.00, 
   87.179, 0.3511, 0.6457,  3.79472,  3.80205,     0.00,  89.85,   0.00, 
   87.197, 0.3511, 0.6457,  3.79501,  3.80205,     0.00,  89.85,   0.00, 
   87.218, 0.3511, 0.6457,  3.79529,  3.80205,     0.00,  89.85,   0.00, 
   87.240, 0.3511, 0.6457,  3.79558,  3.80205,     0.00,  89.85,   0.00, 
   87.264, 0.3511, 0.6457,  3.79587,  3.80205,     0.00,  89.85,   0.00, 
   87.291, 0.3511, 0.6457,  3.79616,  3.80205,     0.00,  89.85,   0.00, 
   87.320, 0.3511, 0.6457,  3.79646,  3.80205,     0.00,  89.85,   0.00, 
   87.352, 0.3511, 0.6457,  3.79676,  3.80205,     0.00,  89.85,   0.00, 
   87.388, 0.3511, 0.6457,  3.79706,  3.80205,     0.00,  89.85,   0.00, 
   87.427, 0.3511, 0.6457,  3.79735,  3.80205,     0.00,  89.85,   0.00, 
   87.470, 0.3511, 0.6457,  3.79765,  3.80205,     0.00,  89.85,   0.00, 
   87.517, 0.3511, 0.6457,  3.79795,  3.80205,     0.00,  89.85,   0.00, 
   87.570, 0.3511, 0.6457,  3.79824,  3.80205,     0.00,  89.85,   0.00, 
   87.627, 0.3511, 0.6457,  3.79853,  3.80205,     0.00,  89.85,   0.00, 
   87.690, 0.3511, 0.6457,  3.79882,  3.80205,     0.00,  89.85,   0.00, 
   87.759, 0.3511, 0.6457,  3.79910,  3.80205,     0.00,  89.85,   0.00, 
   87.835, 0.3511, 0.6457,  3.79937,  3.80205,     0.00,  89.85,   0.00, 
   87.919, 0.3511, 0.6457,  3.79963,  3.80205,     0.00,  89.85,   0.00, 
   88.012, 0.3511, 0.6457,  3.79989,  3.80205,     0.00,  89.85,   0.00, 
   88.113, 0.3511, 0.6457,  3.80013,  3.80205,     0.00,  89.85,   0.00, 
   88.225, 0.3511, 0.6457,  3.80036,  3.80205,     0.00,  89.85,   0.00, 
   88.348, 0.3511, 0.6457,  3.80058,  3.80205,     0.00,  89.85,   0.00, 
   88.483, 0.3511, 0.6457,  3.80078,  3.80205,     0.00,  89.85,   0.00, 
   88.631, 0.3511, 0.6457,  3.80096,  3.80205,     0.00,  89.85,   0.00, 
   88.795, 0.3511, 0.6457,  3.80113,  3.80205,     0.00,  89.85,   0.00, 
   88.974, 0.3511, 0.6457,  3.80127,  3.80205,     0.00,  89.85,   0.00, 
   89.172, 0.3511, 0.6457,  3.80140,  3.80205,     0.00,  89.85,   0.00, 
   89.390, 0.3511, 0.6457,  3.80151,  3.80205,     0.00,  89.85,   0.00, 
   89.629, 0.3511, 0.6457,  3.80160,  3.80205,     0.00,  89.85,   0.00, 
   89.892, 0.3511, 0.6457,  3.80167,  3.80205,     0.00,  89.85,   0.00, 
   90.182, 0.3511, 0.6457,  3.80173,  3.80205,     0.00,  89.85,   0.00, 
   90.501, 0.3511, 0.6457,  3.80178,  3.80205,     0.00,  89.85,   0.00, 
   90.851, 0.3511, 0.6457,  3.80181,  3.80205,     0.00,  89.85,   0.00, 
   91.236, 0.3511, 0.6457,  3.80184,  3.80205,     0.00,  89.85,   0.00, 
   91.660, 0.3511, 0.6457,  3.80186,  3.80205,     0.00,  89.85,   0.00, 
   92.127, 0.3511, 0.6457,  3.80187,  3.80205,     0.00,  89.85,   0.00, 
   92.640, 0.3511, 0.6457,  3.80189,  3.80205,     0.00,  89.85,   0.00, 
   93.153, 0.3511, 0.6457,  3.80190,  3.80205,     0.00,  89.85,   0.00, 
   93.666, 0.3511, 0.6457,  3.80190,  3.80205,     0.00,  89.85,   0.00, 
   94.179, 0.3511, 0.6457,  3.80191,  3.80205,     0.00,  89.85,   0.00, 
   94.692, 0.3511, 0.6457,  3.80191,  3.80205,     0.00,  89.85,   0.00, 
   95.205, 0.3511, 0.6457,  3.80192,  3.80205,     0.00,  89.85,   0.00, 
   95.718, 0.3511, 0.6457,  3.80192,  3.80205,     0.00,  89.85,   0.00, 
   96.231, 0.3511, 0.6457,  3.80192,  3.80205,     0.00,  89.85,   0.00, 
   96.744, 0.3511, 0.6457,  3.80193,  3.80205,     0.00,  89.85,   0.00, 
   97.257, 0.3511, 0.6457,  3.80193,  3.80205,     0.00,  89.85,   0.00, 
   97.770, 0.3511, 0.6457,  3.80193,  3.80205,     0.00,  89.85,   0.00, 
   98.283, 0.3511, 0.6457,  3.80193,  3.80205,     0.00,  89.85,   0.00, 
   98.796, 0.3511, 0.6457,  3.80193,  3.80205,     0.00,  89.85,   0.00, 
   99.309, 0.3511, 0.6457,  3.80193,  3.80205,     0.00,  89.85,   0.00, 
   99.822, 0.3511, 0.6457,  3.80194,  3.80205,     0.00,  89.85,   0.00, 
  100.335, 0.3511, 0.6457,  3.80194,  3.80205,     0.00,  89.85,   0.00, 
  100.848, 0.3511, 0.6457,  3.80194,  3.80205,     0.00,  89.85,   0.00, 
  101.361, 0.3511, 0.6457,  3.80194,  3.80205,     0.00,  89.85,   0.00, 
  101.874, 0.3511, 0.6457,  3.80194,  3.80205,     0.00,  89.85,   0.00, 
  102.000, 0.3511, 0.6457,  3.80194,  3.80205,     0.00,  89.85,   0.00, 
  102.000, 0.3511, 0.6457,  3.80144,  3.80205,     4.00,  89.85,   0.00, 
 specific energy segment =     0.00 W-h/kg
 specific power segment  =     0.00 W/kg
 total heat =          0.2974 W-h/m2
  
  102.000, 0.3511, 0.6457,  3.80144,  3.80205,     4.00,  89.85,   0.00, 
  102.000, 0.3511, 0.6457,  3.80141,  3.80205,     4.00,  89.85,   0.00, 
  102.001, 0.3511, 0.6457,  3.80140,  3.80205,     4.00,  89.85,   0.00, 
  102.001, 0.3511, 0.6457,  3.80138,  3.80205,     4.00,  89.85,   0.00, 
  102.002, 0.3511, 0.6457,  3.80137,  3.80205,     4.00,  89.85,   0.00, 
  102.002, 0.3511, 0.6457,  3.80136,  3.80205,     4.00,  89.85,   0.00, 
  102.003, 0.3511, 0.6457,  3.80135,  3.80204,     4.00,  89.85,   0.00, 
  102.003, 0.3511, 0.6457,  3.80134,  3.80204,     4.00,  89.85,   0.00, 
  102.004, 0.3511, 0.6457,  3.80132,  3.80204,     4.00,  89.85,   0.00, 
  102.005, 0.3511, 0.6457,  3.80131,  3.80204,     4.00,  89.85,   0.00, 
  102.005, 0.3511, 0.6457,  3.80130,  3.80204,     4.00,  89.85,   0.00, 
  102.006, 0.3511, 0.6457,  3.80129,  3.80204,     4.00,  89.85,   0.00, 
  102.007, 0.3511, 0.6457,  3.80128,  3.80204,     4.00,  89.85,   0.00, 
  102.008, 0.3511, 0.6457,  3.80126,  3.80204,     4.00,  89.85,   0.00, 
  102.009, 0.3511, 0.6457,  3.80125,  3.80204,     4.00,  89.85,   0.00, 
  102.011, 0.3511, 0.6457,  3.80124,  3.80204,     4.00,  89.85,   0.00, 
  102.012, 0.3511, 0.6457,  3.80122,  3.80203,     4.00,  89.85,   0.00, 
  102.014, 0.3511, 0.6457,  3.80121,  3.80203,     4.00,  89.85,   0.00, 
  102.015, 0.3511, 0.6457,  3.80119,  3.80203,     4.00,  89.85,   0.00, 
  102.017, 0.3511, 0.6457,  3.80118,  3.80203,     4.00,  89.85,   0.00, 
  102.019, 0.3511, 0.6457,  3.80116,  3.80203,     4.00,  89.85,   0.00, 
  102.021, 0.3511, 0.6457,  3.80114,  3.80202,     4.00,  89.85,   0.00, 
  102.024, 0.3511, 0.6457,  3.80112,  3.80202,     4.00,  89.85,   0.00, 
  102.027, 0.3511, 0.6457,  3.80111,  3.80202,     4.00,  89.85,   0.00, 
  102.029, 0.3510, 0.6457,  3.80109,  3.80202,     4.00,  89.85,   0.00, 
  102.033, 0.3510, 0.6457,  3.80107,  3.80201,     4.00,  89.85,   0.00, 
  102.036, 0.3510, 0.6457,  3.80104,  3.80201,     4.00,  89.85,   0.00, 
  102.040, 0.3510, 0.6457,  3.80102,  3.80200,     4.00,  89.85,   0.00, 
  102.045, 0.3510, 0.6457,  3.80100,  3.80200,     4.00,  89.85,   0.00, 
  102.050, 0.3510, 0.6457,  3.80097,  3.80199,     4.00,  89.85,   0.00, 
  102.055, 0.3510, 0.6457,  3.80095,  3.80199,     4.00,  89.85,   0.00, 
  102.061, 0.3510, 0.6458,  3.80092,  3.80198,     4.00,  89.85,   0.00, 
  102.067, 0.3510, 0.6458,  3.80090,  3.80198,     4.00,  89.85,   0.00, 
  102.074, 0.3510, 0.6458,  3.80087,  3.80197,     4.00,  89.85,   0.00, 
  102.082, 0.3510, 0.6458,  3.80084,  3.80196,     4.00,  89.85,   0.00, 
  102.090, 0.3509, 0.6458,  3.80081,  3.80195,     4.00,  89.85,   0.00, 
  102.100, 0.3509, 0.6458,  3.80078,  3.80194,     4.00,  89.85,   0.00, 
  102.110, 0.3509, 0.6458,  3.80075,  3.80193,     4.00,  89.85,   0.00, 
  102.121, 0.3509, 0.6458,  3.80071,  3.80192,     4.00,  89.85,   0.00, 
  102.134, 0.3509, 0.6458,  3.80068,  3.80190,     4.00,  89.85,   0.00, 
  102.148, 0.3509, 0.6458,  3.80064,  3.80189,     4.00,  89.85,   0.00, 
  102.163, 0.3508, 0.6459,  3.80060,  3.80187,     4.00,  89.85,   0.01, 
  102.179, 0.3508, 0.6459,  3.80056,  3.80185,     4.00,  89.85,   0.01, 
  102.197, 0.3508, 0.6459,  3.80052,  3.80184,     4.00,  89.85,   0.01, 
  102.218, 0.3507, 0.6459,  3.80047,  3.80181,     4.00,  89.85,   0.01, 
  102.240, 0.3507, 0.6459,  3.80042,  3.80179,     4.00,  89.85,   0.01, 
  102.264, 0.3507, 0.6460,  3.80037,  3.80176,     4.00,  89.85,   0.01, 
  102.291, 0.3506, 0.6460,  3.80032,  3.80173,     4.00,  89.85,   0.01, 
  102.320, 0.3506, 0.6460,  3.80026,  3.80170,     4.00,  89.85,   0.01, 
  102.352, 0.3505, 0.6460,  3.80020,  3.80167,     4.00,  89.85,   0.01, 
  102.388, 0.3505, 0.6461,  3.80014,  3.80163,     4.00,  89.85,   0.01, 
  102.427, 0.3504, 0.6461,  3.80007,  3.80159,     4.00,  89.85,   0.01, 
  102.470, 0.3503, 0.6462,  3.80000,  3.80154,     4.00,  89.85,   0.01, 
  102.517, 0.3502, 0.6462,  3.79992,  3.80149,     4.00,  89.85,   0.01, 
  102.570, 0.3502, 0.6462,  3.79984,  3.80143,     4.00,  89.85,   0.01, 
  102.627, 0.3501, 0.6463,  3.79975,  3.80137,     4.00,  89.85,   0.01, 
  102.690, 0.3500, 0.6464,  3.79966,  3.80131,     4.00,  89.85,   0.01, 
  102.759, 0.3498, 0.6464,  3.79956,  3.80123,     4.00,  89.85,   0.01, 
  102.835, 0.3497, 0.6465,  3.79945,  3.80115,     4.00,  89.85,   0.01, 
  102.919, 0.3496, 0.6466,  3.79934,  3.80106,     4.00,  89.85,   0.01, 
  103.012, 0.3494, 0.6467,  3.79922,  3.80096,     4.00,  89.85,   0.01, 
  103.113, 0.3492, 0.6468,  3.79909,  3.80085,     4.00,  89.85,   0.01, 
  103.225, 0.3491, 0.6469,  3.79895,  3.80073,     4.00,  89.85,   0.01, 
  103.348, 0.3489, 0.6470,  3.79880,  3.80060,     4.00,  89.85,   0.01, 
  103.483, 0.3486, 0.6471,  3.79864,  3.80045,     4.00,  89.85,   0.01, 
  103.631, 0.3484, 0.6473,  3.79846,  3.80029,     4.00,  89.85,   0.01, 
  103.795, 0.3481, 0.6474,  3.79827,  3.80012,     4.00,  89.85,   0.01, 
  103.974, 0.3478, 0.6476,  3.79807,  3.79993,     4.00,  89.85,   0.01, 
  104.172, 0.3475, 0.6478,  3.79785,  3.79971,     4.00,  89.85,   0.01, 
  104.390, 0.3471, 0.6480,  3.79761,  3.79948,     4.00,  89.85,   0.01, 
  104.629, 0.3467, 0.6482,  3.79735,  3.79923,     4.00,  89.85,   0.01, 
  104.892, 0.3463, 0.6485,  3.79707,  3.79894,     4.00,  89.85,   0.01, 
  105.182, 0.3458, 0.6488,  3.79676,  3.79863,     4.00,  89.85,   0.01, 
  105.501, 0.3453, 0.6491,  3.79642,  3.79830,     4.00,  89.85,   0.01, 
  105.851, 0.3447, 0.6494,  3.79605,  3.79792,     4.00,  89.85,   0.01, 
  106.236, 0.3441, 0.6498,  3.79564,  3.79751,     4.00,  89.85,   0.01, 
  106.660, 0.3434, 0.6502,  3.79520,  3.79706,     4.00,  89.85,   0.01, 
  107.127, 0.3426, 0.6507,  3.79470,  3.79657,     4.00,  89.85,   0.01, 
  107.640, 0.3417, 0.6512,  3.79416,  3.79602,     4.00,  89.85,   0.01, 
  108.153, 0.3409, 0.6517,  3.79362,  3.79548,     4.00,  89.85,   0.01, 
  108.666, 0.3400, 0.6522,  3.79308,  3.79494,     4.00,  89.85,   0.01, 
  109.179, 0.3392, 0.6527,  3.79254,  3.79440,     4.00,  89.85,   0.01, 
  109.692, 0.3383, 0.6532,  3.79200,  3.79386,     4.00,  89.85,   0.01, 
  110.205, 0.3375, 0.6537,  3.79146,  3.79332,     4.00,  89.85,   0.01, 
  110.718, 0.3366, 0.6542,  3.79093,  3.79278,     4.00,  89.85,   0.01, 
  111.231, 0.3358, 0.6547,  3.79039,  3.79225,     4.00,  89.85,   0.01, 
  111.744, 0.3349, 0.6552,  3.78985,  3.79171,     4.00,  89.85,   0.01, 
  112.257, 0.3341, 0.6557,  3.78932,  3.79118,     4.00,  89.85,   0.01, 
  112.770, 0.3332, 0.6562,  3.78878,  3.79065,     4.00,  89.85,   0.01, 
  113.283, 0.3324, 0.6567,  3.78825,  3.79012,     4.00,  89.85,   0.01, 
  113.796, 0.3315, 0.6572,  3.78772,  3.78959,     4.00,  89.85,   0.01, 
  114.309, 0.3307, 0.6576,  3.78719,  3.78906,     4.00,  89.85,   0.01, 
  114.822, 0.3298, 0.6581,  3.78666,  3.78853,     4.00,  89.85,   0.01, 
  115.335, 0.3290, 0.6586,  3.78613,  3.78801,     4.00,  89.85,   0.01, 
  115.848, 0.3281, 0.6591,  3.78560,  3.78748,     4.00,  89.85,   0.01, 
  116.361, 0.3273, 0.6596,  3.78507,  3.78696,     4.00,  89.85,   0.01, 
  116.874, 0.3264, 0.6601,  3.78454,  3.78644,     4.00,  89.85,   0.01, 
  117.387, 0.3256, 0.6606,  3.78402,  3.78592,     4.00,  89.85,   0.01, 
  117.900, 0.3247, 0.6611,  3.78349,  3.78540,     4.00,  89.85,   0.01, 
  118.413, 0.3239, 0.6616,  3.78297,  3.78488,     4.00,  89.85,   0.01, 
  118.926, 0.3230, 0.6621,  3.78245,  3.78436,     4.00,  89.85,   0.01, 
  119.439, 0.3222, 0.6626,  3.78193,  3.78385,     4.00,  89.85,   0.01, 
  119.952, 0.3213, 0.6631,  3.78141,  3.78333,     4.00,  89.85,   0.01, 
  120.465, 0.3205, 0.6636,  3.78089,  3.78282,     4.00,  89.85,   0.01, 
  120.978, 0.3196, 0.6641,  3.78037,  3.78231,     4.00,  89.85,   0.01, 
  121.491, 0.3188, 0.6646,  3.77986,  3.78180,     4.00,  89.85,   0.01, 
  122.004, 0.3179, 0.6651,  3.77935,  3.78129,     4.00,  89.85,   0.01, 
  122.517, 0.3171, 0.6656,  3.77883,  3.78078,     4.00,  89.85,   0.01, 
  123.030, 0.3162, 0.6661,  3.77832,  3.78027,     4.00,  89.85,   0.01, 
  123.543, 0.3153, 0.6666,  3.77781,  3.77977,     4.00,  89.85,   0.01, 
  124.056, 0.3145, 0.6671,  3.77730,  3.77926,     4.00,  89.85,   0.01, 
  124.569, 0.3136, 0.6676,  3.77680,  3.77876,     4.00,  89.85,   0.01, 
  125.082, 0.3128, 0.6681,  3.77629,  3.77825,     4.00,  89.85,   0.01, 
  125.595, 0.3119, 0.6686,  3.77579,  3.77775,     4.00,  89.85,   0.01, 
  126.108, 0.3111, 0.6691,  3.77529,  3.77725,     4.00,  89.85,   0.01, 
  126.621, 0.3102, 0.6696,  3.77479,  3.77675,     4.00,  89.85,   0.01, 
  127.134, 0.3094, 0.6701,  3.77429,  3.77625,     4.00,  89.85,   0.01, 
  127.647, 0.3085, 0.6706,  3.77379,  3.77575,     4.00,  89.85,   0.01, 
  128.160, 0.3077, 0.6711,  3.77329,  3.77525,     4.00,  89.85,   0.01, 
  128.673, 0.3068, 0.6716,  3.77280,  3.77475,     4.00,  89.85,   0.01, 
  129.186, 0.3060, 0.6721,  3.77231,  3.77426,     4.00,  89.85,   0.01, 
  129.699, 0.3051, 0.6726,  3.77181,  3.77376,     4.00,  89.85,   0.01, 
  130.212, 0.3043, 0.6731,  3.77132,  3.77326,     4.00,  89.85,   0.01, 
  130.725, 0.3034, 0.6736,  3.77083,  3.77277,     4.00,  89.85,   0.01, 
  131.238, 0.3026, 0.6741,  3.77034,  3.77227,     4.00,  89.85,   0.01, 
  131.751, 0.3017, 0.6746,  3.76984,  3.77178,     4.00,  89.85,   0.01, 
  132.264, 0.3009, 0.6751,  3.76934,  3.77128,     4.00,  89.85,   0.01, 
  132.777, 0.3000, 0.6756,  3.76885,  3.77079,     4.00,  89.85,   0.01, 
  133.290, 0.2992, 0.6761,  3.76835,  3.77029,     4.00,  89.85,   0.01, 
  133.803, 0.2983, 0.6766,  3.76785,  3.76980,     4.00,  89.85,   0.01, 
  134.316, 0.2975, 0.6771,  3.76735,  3.76930,     4.00,  89.85,   0.01, 
  134.829, 0.2966, 0.6776,  3.76685,  3.76881,     4.00,  89.85,   0.01, 
  135.342, 0.2958, 0.6781,  3.76635,  3.76831,     4.00,  89.85,   0.01, 
  135.855, 0.2949, 0.6786,  3.76585,  3.76782,     4.00,  89.85,   0.01, 
  136.368, 0.2941, 0.6791,  3.76534,  3.76732,     4.00,  89.85,   0.01, 
  136.881, 0.2932, 0.6796,  3.76484,  3.76683,     4.00,  89.85,   0.01, 
  137.394, 0.2924, 0.6801,  3.76434,  3.76633,     4.00,  89.85,   0.01, 
  137.907, 0.2915, 0.6806,  3.76383,  3.76584,     4.00,  89.85,   0.01, 
  138.420, 0.2907, 0.6811,  3.76332,  3.76534,     4.00,  89.85,   0.01, 
  138.933, 0.2898, 0.6816,  3.76282,  3.76484,     4.00,  89.85,   0.01, 
  139.446, 0.2890, 0.6821,  3.76231,  3.76435,     4.00,  89.85,   0.01, 
  139.959, 0.2881, 0.6826,  3.76180,  3.76385,     4.00,  89.85,   0.01, 
  140.472, 0.2873, 0.6831,  3.76129,  3.76335,     4.00,  89.85,   0.01, 
  140.984, 0.2864, 0.6836,  3.76077,  3.76285,     4.00,  89.85,   0.01, 
  141.497, 0.2856, 0.6841,  3.76026,  3.76235,     4.00,  89.85,   0.01, 
  142.010, 0.2847, 0.6846,  3.75974,  3.76185,     4.00,  89.85,   0.01, 
  142.523, 0.2839, 0.6851,  3.75923,  3.76135,     4.00,  89.85,   0.01, 
  143.036, 0.2830, 0.6856,  3.75871,  3.76084,     4.00,  89.85,   0.01, 
  143.549, 0.2821, 0.6861,  3.75819,  3.76034,     4.00,  89.85,   0.01, 
  144.062, 0.2813, 0.6865,  3.75766,  3.75983,     4.00,  89.85,   0.01, 
  144.575, 0.2804, 0.6870,  3.75714,  3.75932,     4.00,  89.85,   0.01, 
  145.088, 0.2796, 0.6875,  3.75661,  3.75881,     4.00,  89.85,   0.01, 
  145.601, 0.2787, 0.6880,  3.75609,  3.75830,     4.00,  89.85,   0.01, 
  146.114, 0.2779, 0.6885,  3.75556,  3.75779,     4.00,  89.85,   0.01, 
  146.627, 0.2770, 0.6890,  3.75503,  3.75728,     4.00,  89.85,   0.01, 
  147.140, 0.2762, 0.6895,  3.75449,  3.75676,     4.00,  89.85,   0.01, 
  147.653, 0.2753, 0.6900,  3.75396,  3.75625,     4.00,  89.85,   0.01, 
  148.166, 0.2745, 0.6905,  3.75342,  3.75573,     4.00,  89.85,   0.01, 
  148.679, 0.2736, 0.6910,  3.75288,  3.75521,     4.00,  89.85,   0.01, 
  149.192, 0.2728, 0.6915,  3.75234,  3.75469,     4.00,  89.85,   0.01, 
  149.705, 0.2719, 0.6920,  3.75179,  3.75416,     4.00,  89.85,   0.01, 
  150.218, 0.2711, 0.6925,  3.75125,  3.75364,     4.00,  89.85,   0.01, 
  150.731, 0.2702, 0.6930,  3.75070,  3.75311,     4.00,  89.85,   0.01, 
  151.244, 0.2694, 0.6935,  3.75015,  3.75258,     4.00,  89.85,   0.01, 
  151.757, 0.2685, 0.6940,  3.74959,  3.75205,     4.00,  89.85,   0.01, 
  152.270, 0.2677, 0.6945,  3.74904,  3.75151,     4.00,  89.85,   0.01, 
  152.783, 0.2668, 0.6950,  3.74848,  3.75097,     4.00,  89.85,   0.01, 
  153.296, 0.2660, 0.6955,  3.74792,  3.75044,     4.00,  89.85,   0.01, 
  153.809, 0.2651, 0.6960,  3.74735,  3.74989,     4.00,  89.85,   0.01, 
  154.322, 0.2643, 0.6965,  3.74678,  3.74935,     4.00,  89.85,   0.01, 
  154.835, 0.2634, 0.6970,  3.74622,  3.74880,     4.00,  89.85,   0.01, 
  155.348, 0.2626, 0.6975,  3.74564,  3.74825,     4.00,  89.85,   0.01, 
  155.861, 0.2617, 0.6980,  3.74507,  3.74770,     4.00,  89.85,   0.01, 
  156.374, 0.2609, 0.6985,  3.74449,  3.74715,     4.00,  89.85,   0.01, 
  156.887, 0.2600, 0.6990,  3.74391,  3.74659,     4.00,  89.85,   0.01, 
  157.400, 0.2592, 0.6995,  3.74333,  3.74603,     4.00,  89.85,   0.01, 
  157.913, 0.2583, 0.7000,  3.74274,  3.74547,     4.00,  89.85,   0.01, 
  158.426, 0.2575, 0.7005,  3.74215,  3.74491,     4.00,  89.85,   0.01, 
  158.939, 0.2566, 0.7010,  3.74156,  3.74434,     4.00,  89.85,   0.01, 
  159.452, 0.2558, 0.7015,  3.74096,  3.74377,     4.00,  89.85,   0.01, 
  159.965, 0.2549, 0.7020,  3.74037,  3.74320,     4.00,  89.85,   0.01, 
  160.478, 0.2541, 0.7025,  3.73977,  3.74262,     4.00,  89.85,   0.01, 
  160.991, 0.2532, 0.7030,  3.73916,  3.74204,     4.00,  89.85,   0.01, 
  161.504, 0.2524, 0.7035,  3.73855,  3.74146,     4.00,  89.85,   0.01, 
  162.017, 0.2515, 0.7040,  3.73795,  3.74088,     4.00,  89.85,   0.01, 
  162.530, 0.2507, 0.7045,  3.73733,  3.74029,     4.00,  89.85,   0.01, 
  163.043, 0.2498, 0.7050,  3.73672,  3.73970,     4.00,  89.85,   0.01, 
  163.556, 0.2490, 0.7055,  3.73610,  3.73911,     4.00,  89.85,   0.01, 
  164.069, 0.2481, 0.7060,  3.73548,  3.73851,     4.00,  89.85,   0.01, 
  164.582, 0.2472, 0.7065,  3.73485,  3.73791,     4.00,  89.85,   0.01, 
  165.095, 0.2464, 0.7070,  3.73423,  3.73731,     4.00,  89.85,   0.01, 
  165.608, 0.2455, 0.7075,  3.73360,  3.73670,     4.00,  89.85,   0.01, 
  166.121, 0.2447, 0.7080,  3.73296,  3.73610,     4.00,  89.85,   0.01, 
  166.634, 0.2438, 0.7085,  3.73233,  3.73549,     4.00,  89.85,   0.01, 
  167.147, 0.2430, 0.7090,  3.73169,  3.73487,     4.00,  89.85,   0.01, 
  167.660, 0.2421, 0.7095,  3.73104,  3.73425,     4.00,  89.85,   0.01, 
  168.173, 0.2413, 0.7100,  3.73040,  3.73363,     4.00,  89.85,   0.01, 
  168.686, 0.2404, 0.7105,  3.72975,  3.73301,     4.00,  89.85,   0.01, 
  169.199, 0.2396, 0.7110,  3.72910,  3.73239,     4.00,  89.85,   0.01, 
  169.712, 0.2387, 0.7115,  3.72845,  3.73176,     4.00,  89.85,   0.01, 
  170.225, 0.2379, 0.7120,  3.72779,  3.73113,     4.00,  89.85,   0.01, 
  170.738, 0.2370, 0.7125,  3.72713,  3.73049,     4.00,  89.85,   0.01, 
  171.251, 0.2362, 0.7130,  3.72647,  3.72985,     4.00,  89.85,   0.01, 
  171.764, 0.2353, 0.7135,  3.72581,  3.72921,     4.00,  89.85,   0.01, 
  172.277, 0.2345, 0.7140,  3.72514,  3.72857,     4.00,  89.85,   0.01, 
  172.790, 0.2336, 0.7145,  3.72447,  3.72792,     4.00,  89.85,   0.01, 
  173.303, 0.2328, 0.7150,  3.72380,  3.72728,     4.00,  89.85,   0.01, 
  173.816, 0.2319, 0.7154,  3.72312,  3.72662,     4.00,  89.85,   0.01, 
  174.329, 0.2311, 0.7159,  3.72244,  3.72597,     4.00,  89.85,   0.01, 
  174.842, 0.2302, 0.7164,  3.72176,  3.72531,     4.00,  89.85,   0.01, 
  175.355, 0.2294, 0.7169,  3.72108,  3.72465,     4.00,  89.85,   0.01, 
  175.868, 0.2285, 0.7174,  3.72040,  3.72399,     4.00,  89.85,   0.01, 
  176.381, 0.2277, 0.7179,  3.71971,  3.72333,     4.00,  89.85,   0.01, 
  176.894, 0.2268, 0.7184,  3.71902,  3.72266,     4.00,  89.85,   0.01, 
  177.407, 0.2260, 0.7189,  3.71833,  3.72199,     4.00,  89.85,   0.01, 
  177.920, 0.2251, 0.7194,  3.71763,  3.72131,     4.00,  89.85,   0.01, 
  178.433, 0.2243, 0.7199,  3.71694,  3.72064,     4.00,  89.85,   0.01, 
  178.946, 0.2234, 0.7204,  3.71624,  3.71996,     4.00,  89.85,   0.01, 
  179.459, 0.2226, 0.7209,  3.71554,  3.71928,     4.00,  89.85,   0.01, 
  179.972, 0.2217, 0.7214,  3.71483,  3.71860,     4.00,  89.85,   0.02, 
  180.485, 0.2209, 0.7219,  3.71413,  3.71791,     4.00,  89.85,   0.02, 
  180.998, 0.2200, 0.7224,  3.71342,  3.71723,     4.00,  89.85,   0.02, 
  181.511, 0.2192, 0.7229,  3.71271,  3.71654,     4.00,  89.85,   0.02, 
  182.024, 0.2183, 0.7234,  3.71200,  3.71584,     4.00,  89.85,   0.02, 
  182.537, 0.2175, 0.7239,  3.71129,  3.71515,     4.00,  89.85,   0.02, 
  183.050, 0.2166, 0.7244,  3.71058,  3.71445,     4.00,  89.85,   0.02, 
  183.563, 0.2158, 0.7249,  3.70986,  3.71376,     4.00,  89.85,   0.02, 
  184.076, 0.2149, 0.7254,  3.70914,  3.71306,     4.00,  89.85,   0.02, 
  184.589, 0.2140, 0.7259,  3.70842,  3.71235,     4.00,  89.85,   0.02, 
  185.102, 0.2132, 0.7264,  3.70770,  3.71165,     4.00,  89.85,   0.02, 
  185.615, 0.2123, 0.7269,  3.70698,  3.71094,     4.00,  89.85,   0.02, 
  186.128, 0.2115, 0.7274,  3.70625,  3.71024,     4.00,  89.85,   0.02, 
  186.641, 0.2106, 0.7279,  3.70553,  3.70953,     4.00,  89.85,   0.02, 
  187.154, 0.2098, 0.7284,  3.70480,  3.70882,     4.00,  89.85,   0.02, 
  187.667, 0.2089, 0.7289,  3.70407,  3.70810,     4.00,  89.85,   0.02, 
  188.180, 0.2081, 0.7294,  3.70335,  3.70739,     4.00,  89.85,   0.02, 
  188.693, 0.2072, 0.7299,  3.70262,  3.70667,     4.00,  89.85,   0.02, 
  189.206, 0.2064, 0.7304,  3.70188,  3.70596,     4.00,  89.85,   0.02, 
  189.719, 0.2055, 0.7309,  3.70115,  3.70524,     4.00,  89.85,   0.02, 
  190.232, 0.2047, 0.7314,  3.70042,  3.70452,     4.00,  89.85,   0.02, 
  190.745, 0.2038, 0.7319,  3.69968,  3.70380,     4.00,  89.85,   0.02, 
  191.258, 0.2030, 0.7324,  3.69895,  3.70307,     4.00,  89.85,   0.02, 
  191.771, 0.2021, 0.7329,  3.69821,  3.70235,     4.00,  89.85,   0.02, 
  192.284, 0.2013, 0.7334,  3.69748,  3.70162,     4.00,  89.85,   0.02, 
  192.797, 0.2004, 0.7339,  3.69674,  3.70090,     4.00,  89.85,   0.02, 
  193.310, 0.1996, 0.7344,  3.69600,  3.70017,     4.00,  89.85,   0.02, 
  193.823, 0.1987, 0.7349,  3.69526,  3.69944,     4.00,  89.85,   0.02, 
  194.336, 0.1979, 0.7354,  3.69452,  3.69871,     4.00,  89.85,   0.02, 
  194.849, 0.1970, 0.7359,  3.69378,  3.69798,     4.00,  89.85,   0.02, 
  195.362, 0.1962, 0.7364,  3.69304,  3.69725,     4.00,  89.85,   0.02, 
  195.875, 0.1953, 0.7369,  3.69230,  3.69652,     4.00,  89.85,   0.02, 
  196.388, 0.1945, 0.7374,  3.69156,  3.69579,     4.00,  89.85,   0.02, 
  196.901, 0.1936, 0.7379,  3.69082,  3.69506,     4.00,  89.85,   0.02, 
  197.414, 0.1928, 0.7384,  3.69008,  3.69433,     4.00,  89.85,   0.02, 
  197.927, 0.1919, 0.7389,  3.68934,  3.69359,     4.00,  89.85,   0.02, 
  198.440, 0.1911, 0.7394,  3.68860,  3.69286,     4.00,  89.85,   0.02, 
  198.953, 0.1902, 0.7399,  3.68786,  3.69212,     4.00,  89.85,   0.02, 
  199.466, 0.1894, 0.7404,  3.68712,  3.69139,     4.00,  89.85,   0.02, 
  199.979, 0.1885, 0.7409,  3.68637,  3.69065,     4.00,  89.85,   0.02, 
  200.492, 0.1877, 0.7414,  3.68563,  3.68992,     4.00,  89.85,   0.02, 
  201.005, 0.1868, 0.7419,  3.68489,  3.68918,     4.00,  89.85,   0.02, 
  201.518, 0.1860, 0.7424,  3.68415,  3.68845,     4.00,  89.85,   0.02, 
  202.000, 0.1852, 0.7428,  3.68346,  3.68776,     4.00,  89.85,   0.02, 

            mass  =  0.8166 kg/m2
 specific energy segment =    30.59 W-h/kg
 specific power segment  =    18.35 W/kg
 total heat =          0.3159 W-h/m2
  
