     50  lim, limit on number of iterations
 100.00  h1,  thickness of negative electrode (microns)
  25.00  h2,  thickness of separator (microns)
 100.00  h3,  thickness of positive electrode (microns)
  25.00  hcn, thickness of negative electrode current collector (microns)
  25.00  hcp, thickness of positive electrode current collector (microns)
     80  n1,  number of nodes in negative electrode
     40  n2,  number of nodes in separator
     80  n3,  number of nodes in positive electrode
 363.00  T,   temperature (K)

 1000.0  xx(1,n1+2), initial concentration (mol/m3)
 0.6000  csx,   initial stoichiometric parameter for negative
 0.5000  csy,   initial stoichiometric parameter for positive
   30.0  tmmax, maximum time step size (s)
 .4E-13  dfs1, diffusion coefficient in negative solid (m2/s)
 .1E-12  dfs3, diffusion coefficient in positive solid (m2/s)
  10.00  Rad1,  radius of negative particles (microns)
  10.00  Rad3,  radius of positive particles (microns)

  0.300  ep1,   volume fraction of electrolyte in negative electrode
  0.000  epp1,  volume fraction of polymer phase in negative electrode
  0.100  epf1,  volume fraction of inert filler in negative electrode
  1.000  ep2,   volume fraction of electrolyte in separator
  0.000  epp2,  volume fraction of polymer phase in separator
  0.300  ep3,   volume fraction of electrolyte in positive electrode
  0.000  epp3,  volume fraction of polymer phase in positive electrode
  0.200  epf3,  volume fraction of inert filler in positive electrode
 0.10E+03  sig1,  conductivity of negative matrix (S/m)
  10.      sig3,  conductivity of positive matrix (S/m)
  372.00  cot1,  coulombic capacity of negative material (mAh/g)
  274.00  cot3,  coulombic capacity of positive material (mAh/g)
 .1E-04  rka1,  reaction rate constant for negative reaction 
 .3E-10  rka3,  reaction rate constant for positive reaction

 1324.0  re,   density of electrolyte (kg/m3)
 1800.0  rs1,  density of negative insertion material (kg/m3)
 5010.0  rs3,  density of positive insertion material (kg/m3)
 1800.0  rf,   density of inert filler (kg/m3)
 1780.0  rpl,  density of polymer phase (kg/m3)
    0.0  rc,   density of separator material (kg/m3)
 8954.0  rcn,  density of negative current collector (kg/m3)
 2707.0  rcp,  density of positive current collector (kg/m3)

   0.001000  ranode,   anode film resistance (ohm-m2)
   0.000000  rcathde,  cathode film resistance (ohm-m2)
   0.00  htc,   heat-transfer coefficient with external medium (W/m2K)
   0.000000  dUdT,  temperature coefficient of EMF (V/K)
 2000.0  Cp,    heat capacity of cell (J/kg-K)
   0.00  residm,    residual mass (kg/m2)
 298.00  Tam,   ambient temperature (K)
      2  ncell, number of cells in a cell stack
      2  lht,   0 uses htc,  1 calcs htc,  2 isothermal

      0    nside, side reaction flag 

      1  il1,   1 for long print-out  0 for short print-out
     10  il2,   prints every il2 th node in long print-out
     10  il3,   prints every il3 th time step in long print-out
      1  lflag, 0 for electrolyte in separator only, 1 for uniform
      0  imp, 0 for no impedance, 1 for impedance
   0.00  capp1,  capacitance of negative material (F/m2)
   0.00  capp3,  capacitance of positive material (F/m2)
     20  lcurs, number of current changes
  
 MCMB 2528 Graphite (Bellcore)
 LiPF6 in EC:DMC
 LiCoO2 (Cobalt dioxide)
 open-circuit potential, negative   0.178978294
 delta S negative   0.
 open-circuit potential, positive   4.24165195
 delta S positive   0.
  
      DUAL INSERTION CELL VERSION 5.1
  
   Time     Util N  Util P  Cell Pot   Uocp      Curr      Temp   heatgen
   (min)       x       y      (V)       (V)      (A/m2)    (C)    (W/m2)
  
    0.000, 0.6000, 0.5000,  4.06267,  4.06267,     0.00,  89.85,   0.00, 
    0.001, 0.6000, 0.5000,  4.06267,  4.06267,     0.00,  89.85,   0.00, 
    0.001, 0.6000, 0.5000,  4.06267,  4.06267,     0.00,  89.85,   0.00, 
    0.001, 0.6000, 0.5000,  4.06267,  4.06267,     0.00,  89.85,   0.00, 
    0.002, 0.6000, 0.5000,  4.06267,  4.06267,     0.00,  89.85,   0.00, 
    0.002, 0.6000, 0.5000,  4.06267,  4.06267,     0.00,  89.85,   0.00, 
    0.003, 0.6000, 0.5000,  4.06267,  4.06267,     0.00,  89.85,   0.00, 
    0.003, 0.6000, 0.5000,  4.06267,  4.06267,     0.00,  89.85,   0.00, 
    0.004, 0.6000, 0.5000,  4.06267,  4.06267,     0.00,  89.85,   0.00, 
    0.005, 0.6000, 0.5000,  4.06267,  4.06267,     0.00,  89.85,   0.00, 
    0.006, 0.6000, 0.5000,  4.06267,  4.06267,     0.00,  89.85,   0.00, 
    0.007, 0.6000, 0.5000,  4.06267,  4.06267,     0.00,  89.85,   0.00, 
    0.007, 0.6000, 0.5000,  4.06267,  4.06267,     0.00,  89.85,   0.00, 
    0.009, 0.6000, 0.5000,  4.06267,  4.06267,     0.00,  89.85,   0.00, 
    0.010, 0.6000, 0.5000,  4.06267,  4.06267,     0.00,  89.85,   0.00, 
    0.011, 0.6000, 0.5000,  4.06267,  4.06267,     0.00,  89.85,   0.00, 
    0.012, 0.6000, 0.5000,  4.06267,  4.06267,     0.00,  89.85,   0.00, 
    0.014, 0.6000, 0.5000,  4.06267,  4.06267,     0.00,  89.85,   0.00, 
    0.016, 0.6000, 0.5000,  4.06267,  4.06267,     0.00,  89.85,   0.00, 
    0.017, 0.6000, 0.5000,  4.06267,  4.06267,     0.00,  89.85,   0.00, 
    0.019, 0.6000, 0.5000,  4.06267,  4.06267,     0.00,  89.85,   0.00, 
    0.022, 0.6000, 0.5000,  4.06267,  4.06267,     0.00,  89.85,   0.00, 
    0.024, 0.6000, 0.5000,  4.06267,  4.06267,     0.00,  89.85,   0.00, 
    0.027, 0.6000, 0.5000,  4.06267,  4.06267,     0.00,  89.85,   0.00, 
    0.030, 0.6000, 0.5000,  4.06267,  4.06267,     0.00,  89.85,   0.00, 
    0.033, 0.6000, 0.5000,  4.06267,  4.06267,     0.00,  89.85,   0.00, 
    0.037, 0.6000, 0.5000,  4.06267,  4.06267,     0.00,  89.85,   0.00, 
    0.041, 0.6000, 0.5000,  4.06267,  4.06267,     0.00,  89.85,   0.00, 
    0.045, 0.6000, 0.5000,  4.06267,  4.06267,     0.00,  89.85,   0.00, 
    0.050, 0.6000, 0.5000,  4.06267,  4.06267,     0.00,  89.85,   0.00, 
    0.055, 0.6000, 0.5000,  4.06267,  4.06267,     0.00,  89.85,   0.00, 
    0.061, 0.6000, 0.5000,  4.06267,  4.06267,     0.00,  89.85,   0.00, 
    0.067, 0.6000, 0.5000,  4.06267,  4.06267,     0.00,  89.85,   0.00, 
    0.074, 0.6000, 0.5000,  4.06267,  4.06267,     0.00,  89.85,   0.00, 
    0.082, 0.6000, 0.5000,  4.06267,  4.06267,     0.00,  89.85,   0.00, 
    0.091, 0.6000, 0.5000,  4.06267,  4.06267,     0.00,  89.85,   0.00, 
    0.100, 0.6000, 0.5000,  4.06267,  4.06267,     0.00,  89.85,   0.00, 
    0.110, 0.6000, 0.5000,  4.06267,  4.06267,     0.00,  89.85,   0.00, 
    0.122, 0.6000, 0.5000,  4.06267,  4.06267,     0.00,  89.85,   0.00, 
    0.134, 0.6000, 0.5000,  4.06267,  4.06267,     0.00,  89.85,   0.00, 
    0.148, 0.6000, 0.5000,  4.06267,  4.06267,     0.00,  89.85,   0.00, 
    0.163, 0.6000, 0.5000,  4.06267,  4.06267,     0.00,  89.85,   0.00, 
    0.180, 0.6000, 0.5000,  4.06267,  4.06267,     0.00,  89.85,   0.00, 
    0.198, 0.6000, 0.5000,  4.06267,  4.06267,     0.00,  89.85,   0.00, 
    0.218, 0.6000, 0.5000,  4.06267,  4.06267,     0.00,  89.85,   0.00, 
    0.240, 0.6000, 0.5000,  4.06267,  4.06267,     0.00,  89.85,   0.00, 
    0.264, 0.6000, 0.5000,  4.06267,  4.06267,     0.00,  89.85,   0.00, 
    0.291, 0.6000, 0.5000,  4.06267,  4.06267,     0.00,  89.85,   0.00, 
    0.320, 0.6000, 0.5000,  4.06267,  4.06267,     0.00,  89.85,   0.00, 
    0.353, 0.6000, 0.5000,  4.06267,  4.06267,     0.00,  89.85,   0.00, 
    0.388, 0.6000, 0.5000,  4.06267,  4.06267,     0.00,  89.85,   0.00, 
    0.427, 0.6000, 0.5000,  4.06267,  4.06267,     0.00,  89.85,   0.00, 
    0.470, 0.6000, 0.5000,  4.06267,  4.06267,     0.00,  89.85,   0.00, 
    0.518, 0.6000, 0.5000,  4.06267,  4.06267,     0.00,  89.85,   0.00, 
    0.570, 0.6000, 0.5000,  4.06267,  4.06267,     0.00,  89.85,   0.00, 
    0.627, 0.6000, 0.5000,  4.06267,  4.06267,     0.00,  89.85,   0.00, 
    0.690, 0.6000, 0.5000,  4.06267,  4.06267,     0.00,  89.85,   0.00, 
    0.760, 0.6000, 0.5000,  4.06267,  4.06267,     0.00,  89.85,   0.00, 
    0.836, 0.6000, 0.5000,  4.06267,  4.06267,     0.00,  89.85,   0.00, 
    0.920, 0.6000, 0.5000,  4.06267,  4.06267,     0.00,  89.85,   0.00, 
    1.012, 0.6000, 0.5000,  4.06267,  4.06267,     0.00,  89.85,   0.00, 
    1.113, 0.6000, 0.5000,  4.06267,  4.06267,     0.00,  89.85,   0.00, 
    1.225, 0.6000, 0.5000,  4.06267,  4.06267,     0.00,  89.85,   0.00, 
    1.348, 0.6000, 0.5000,  4.06267,  4.06267,     0.00,  89.85,   0.00, 
    1.483, 0.6000, 0.5000,  4.06267,  4.06267,     0.00,  89.85,   0.00, 
    1.632, 0.6000, 0.5000,  4.06267,  4.06267,     0.00,  89.85,   0.00, 
    1.795, 0.6000, 0.5000,  4.06267,  4.06267,     0.00,  89.85,   0.00, 
    1.975, 0.6000, 0.5000,  4.06267,  4.06267,     0.00,  89.85,   0.00, 
    2.173, 0.6000, 0.5000,  4.06267,  4.06267,     0.00,  89.85,   0.00, 
    2.390, 0.6000, 0.5000,  4.06267,  4.06267,     0.00,  89.85,   0.00, 
    2.629, 0.6000, 0.5000,  4.06267,  4.06267,     0.00,  89.85,   0.00, 
    2.893, 0.6000, 0.5000,  4.06267,  4.06267,     0.00,  89.85,   0.00, 
    3.182, 0.6000, 0.5000,  4.06267,  4.06267,     0.00,  89.85,   0.00, 
    3.501, 0.6000, 0.5000,  4.06267,  4.06267,     0.00,  89.85,   0.00, 
    3.851, 0.6000, 0.5000,  4.06267,  4.06267,     0.00,  89.85,   0.00, 
    4.237, 0.6000, 0.5000,  4.06267,  4.06267,     0.00,  89.85,   0.00, 
    4.661, 0.6000, 0.5000,  4.06267,  4.06267,     0.00,  89.85,   0.00, 
    5.000, 0.6000, 0.5000,  4.06267,  4.06267,     0.00,  89.85,   0.00, 
    5.000, 0.6000, 0.5000,  4.05178,  4.06267,    90.00,  89.85,   0.98, 
 specific energy segment =     0.00 W-h/kg
 specific power segment  =     0.00 W/kg
 total heat =          0.0000 W-h/m2
  
    5.000, 0.6000, 0.5000,  4.05178,  4.06267,    90.00,  89.85,   0.98, 
    5.000, 0.6000, 0.5000,  4.05126,  4.06267,    90.00,  89.85,   1.03, 
    5.001, 0.6000, 0.5000,  4.05093,  4.06266,    90.00,  89.85,   1.06, 
    5.001, 0.6000, 0.5000,  4.05065,  4.06265,    90.00,  89.85,   1.08, 
    5.002, 0.5999, 0.5000,  4.05040,  4.06264,    90.00,  89.85,   1.10, 
    5.002, 0.5999, 0.5000,  4.05016,  4.06263,    90.00,  89.85,   1.12, 
    5.003, 0.5999, 0.5001,  4.04993,  4.06262,    90.00,  89.85,   1.14, 
    5.003, 0.5999, 0.5001,  4.04971,  4.06261,    90.00,  89.85,   1.16, 
    5.004, 0.5999, 0.5001,  4.04948,  4.06259,    90.00,  89.85,   1.18, 
    5.005, 0.5998, 0.5001,  4.04925,  4.06258,    90.00,  89.85,   1.20, 
    5.005, 0.5998, 0.5001,  4.04901,  4.06256,    90.00,  89.85,   1.22, 
    5.006, 0.5998, 0.5001,  4.04877,  4.06254,    90.00,  89.85,   1.24, 
    5.007, 0.5997, 0.5002,  4.04852,  4.06252,    90.00,  89.85,   1.26, 
    5.008, 0.5997, 0.5002,  4.04827,  4.06250,    90.00,  89.85,   1.28, 
    5.009, 0.5997, 0.5002,  4.04800,  4.06248,    90.00,  89.85,   1.30, 
    5.011, 0.5996, 0.5002,  4.04773,  4.06245,    90.00,  89.85,   1.32, 
    5.012, 0.5996, 0.5003,  4.04744,  4.06242,    90.00,  89.85,   1.35, 
    5.014, 0.5995, 0.5003,  4.04715,  4.06239,    90.00,  89.85,   1.37, 
    5.015, 0.5994, 0.5003,  4.04684,  4.06236,    90.00,  89.85,   1.40, 
    5.017, 0.5994, 0.5004,  4.04652,  4.06232,    90.00,  89.85,   1.42, 
    5.019, 0.5993, 0.5004,  4.04619,  4.06228,    90.00,  89.85,   1.45, 
    5.021, 0.5992, 0.5005,  4.04584,  4.06223,    90.00,  89.85,   1.47, 
    5.024, 0.5991, 0.5005,  4.04548,  4.06218,    90.00,  89.85,   1.50, 
    5.027, 0.5990, 0.5006,  4.04510,  4.06212,    90.00,  89.85,   1.53, 
    5.029, 0.5989, 0.5006,  4.04471,  4.06206,    90.00,  89.85,   1.56, 
    5.033, 0.5988, 0.5007,  4.04430,  4.06199,    90.00,  89.85,   1.59, 
    5.036, 0.5986, 0.5008,  4.04388,  4.06192,    90.00,  89.85,   1.62, 
    5.040, 0.5985, 0.5009,  4.04343,  4.06183,    90.00,  89.85,   1.66, 
    5.045, 0.5983, 0.5010,  4.04297,  4.06175,    90.00,  89.85,   1.69, 
    5.050, 0.5982, 0.5011,  4.04249,  4.06165,    90.00,  89.85,   1.72, 
    5.055, 0.5980, 0.5012,  4.04200,  4.06154,    90.00,  89.85,   1.76, 
    5.061, 0.5977, 0.5013,  4.04148,  4.06142,    90.00,  89.85,   1.79, 
    5.067, 0.5975, 0.5015,  4.04094,  4.06129,    90.00,  89.85,   1.83, 
    5.074, 0.5972, 0.5016,  4.04038,  4.06115,    90.00,  89.85,   1.87, 
    5.082, 0.5969, 0.5018,  4.03980,  4.06099,    90.00,  89.85,   1.91, 
    5.090, 0.5966, 0.5020,  4.03919,  4.06082,    90.00,  89.85,   1.94, 
    5.100, 0.5963, 0.5022,  4.03855,  4.06063,    90.00,  89.85,   1.99, 
    5.110, 0.5959, 0.5024,  4.03786,  4.06042,    90.00,  89.85,   2.03, 
    5.121, 0.5955, 0.5027,  4.03714,  4.06020,    90.00,  89.85,   2.07, 
    5.134, 0.5950, 0.5029,  4.03635,  4.05995,    90.00,  89.85,   2.12, 
    5.148, 0.5945, 0.5032,  4.03549,  4.05968,    90.00,  89.85,   2.18, 
    5.163, 0.5939, 0.5036,  4.03453,  4.05938,    90.00,  89.85,   2.23, 
    5.179, 0.5933, 0.5039,  4.03345,  4.05906,    90.00,  89.85,   2.30, 
    5.197, 0.5926, 0.5043,  4.03220,  4.05871,    90.00,  89.85,   2.38, 
    5.218, 0.5919, 0.5048,  4.03071,  4.05832,    90.00,  89.85,   2.48, 
    5.240, 0.5911, 0.5052,  4.02891,  4.05790,    90.00,  89.85,   2.61, 
    5.264, 0.5901, 0.5058,  4.02668,  4.05744,    90.00,  89.85,   2.77, 
    5.291, 0.5891, 0.5064,  4.02388,  4.05695,    90.00,  89.85,   2.98, 
    5.320, 0.5881, 0.5070,  4.02034,  4.05640,    90.00,  89.85,   3.25, 
    5.352, 0.5868, 0.5077,  4.01594,  4.05581,    90.00,  89.85,   3.59, 
    5.388, 0.5855, 0.5085,  4.01065,  4.05516,    90.00,  89.85,   4.01, 
    5.427, 0.5841, 0.5093,  4.00468,  4.05445,    90.00,  89.85,   4.48, 
    5.470, 0.5824, 0.5103,  3.99845,  4.05367,    90.00,  89.85,   4.97, 
    5.517, 0.5807, 0.5113,  3.99248,  4.05279,    90.00,  89.85,   5.43, 
    5.570, 0.5787, 0.5124,  3.98718,  4.05180,    90.00,  89.85,   5.82, 
    5.627, 0.5766, 0.5137,  3.98267,  4.05064,    90.00,  89.85,   6.12, 
    5.690, 0.5742, 0.5151,  3.97877,  4.04921,    90.00,  89.85,   6.34, 
    5.759, 0.5717, 0.5166,  3.97519,  4.04735,    90.00,  89.85,   6.49, 
    5.835, 0.5688, 0.5183,  3.97162,  4.04473,    90.00,  89.85,   6.57, 
    5.919, 0.5657, 0.5201,  3.96784,  4.04083,    90.00,  89.85,   6.56, 
    6.012, 0.5622, 0.5221,  3.96367,  4.03492,    90.00,  89.85,   6.40, 
    6.113, 0.5584, 0.5243,  3.95895,  4.02659,    90.00,  89.85,   6.08, 
    6.225, 0.5543, 0.5268,  3.95347,  4.01688,    90.00,  89.85,   5.71, 
    6.348, 0.5497, 0.5294,  3.94687,  4.00823,    90.00,  89.85,   5.53, 
    6.483, 0.5446, 0.5324,  3.93866,  4.00223,    90.00,  89.85,   5.72, 
    6.631, 0.5391, 0.5356,  3.92827,  3.99831,    90.00,  89.85,   6.30, 
    6.795, 0.5330, 0.5392,  3.91533,  3.99502,    90.00,  89.85,   7.16, 
    6.974, 0.5263, 0.5432,  3.90004,  3.99095,    90.00,  89.85,   8.15, 
    7.172, 0.5189, 0.5475,  3.88356,  3.98471,    90.00,  89.85,   9.06, 
    7.390, 0.5108, 0.5522,  3.86782,  3.97466,    90.00,  89.85,   9.56, 
    7.629, 0.5018, 0.5575,  3.85459,  3.95900,    90.00,  89.85,   9.34, 
    7.892, 0.4920, 0.5632,  3.84464,  3.93695,    90.00,  89.85,   8.25, 
    8.000, 0.4880, 0.5656,  3.84160,  3.92715,    90.00,  89.85,   7.65, 
    8.000, 0.4880, 0.5656,  3.85275,  3.92715,     0.00,  89.85,   0.20, 
 specific energy segment =    21.68 W-h/kg
 specific power segment  =   433.53 W/kg
 total heat =          0.3361 W-h/m2
  
    8.000, 0.4880, 0.5656,  3.85275,  3.92715,     0.00,  89.85,   0.20, 
    8.000, 0.4880, 0.5656,  3.85337,  3.92715,     0.00,  89.85,   0.19, 
    8.001, 0.4880, 0.5656,  3.85378,  3.92715,     0.00,  89.85,   0.19, 
    8.001, 0.4880, 0.5656,  3.85412,  3.92715,     0.00,  89.85,   0.18, 
    8.002, 0.4880, 0.5656,  3.85442,  3.92715,     0.00,  89.85,   0.18, 
    8.002, 0.4880, 0.5656,  3.85471,  3.92715,     0.00,  89.85,   0.18, 
    8.003, 0.4880, 0.5656,  3.85500,  3.92715,     0.00,  89.85,   0.18, 
    8.003, 0.4880, 0.5656,  3.85528,  3.92715,     0.00,  89.85,   0.18, 
    8.004, 0.4880, 0.5656,  3.85556,  3.92715,     0.00,  89.85,   0.18, 
    8.005, 0.4880, 0.5656,  3.85585,  3.92715,     0.00,  89.85,   0.18, 
    8.005, 0.4880, 0.5656,  3.85614,  3.92715,     0.00,  89.85,   0.18, 
    8.006, 0.4880, 0.5656,  3.85644,  3.92715,     0.00,  89.85,   0.18, 
    8.007, 0.4880, 0.5656,  3.85675,  3.92715,     0.00,  89.85,   0.18, 
    8.008, 0.4880, 0.5656,  3.85707,  3.92715,     0.00,  89.85,   0.18, 
    8.009, 0.4880, 0.5656,  3.85740,  3.92715,     0.00,  89.85,   0.19, 
    8.011, 0.4880, 0.5656,  3.85775,  3.92715,     0.00,  89.85,   0.19, 
    8.012, 0.4880, 0.5656,  3.85811,  3.92715,     0.00,  89.85,   0.19, 
    8.014, 0.4880, 0.5656,  3.85848,  3.92715,     0.00,  89.85,   0.19, 
    8.015, 0.4880, 0.5656,  3.85888,  3.92715,     0.00,  89.85,   0.19, 
    8.017, 0.4880, 0.5656,  3.85929,  3.92715,     0.00,  89.85,   0.19, 
    8.019, 0.4880, 0.5656,  3.85972,  3.92715,     0.00,  89.85,   0.19, 
    8.021, 0.4880, 0.5656,  3.86018,  3.92715,     0.00,  89.85,   0.19, 
    8.024, 0.4880, 0.5656,  3.86066,  3.92715,     0.00,  89.85,   0.19, 
    8.027, 0.4880, 0.5656,  3.86116,  3.92715,     0.00,  89.85,   0.19, 
    8.029, 0.4880, 0.5656,  3.86168,  3.92715,     0.00,  89.85,   0.19, 
    8.033, 0.4880, 0.5656,  3.86223,  3.92715,     0.00,  89.85,   0.19, 
    8.036, 0.4880, 0.5656,  3.86281,  3.92715,     0.00,  89.85,   0.18, 
    8.040, 0.4880, 0.5656,  3.86342,  3.92715,     0.00,  89.85,   0.18, 
    8.045, 0.4880, 0.5656,  3.86405,  3.92715,     0.00,  89.85,   0.18, 
    8.050, 0.4880, 0.5656,  3.86472,  3.92715,     0.00,  89.85,   0.17, 
    8.055, 0.4880, 0.5656,  3.86541,  3.92715,     0.00,  89.85,   0.17, 
    8.061, 0.4880, 0.5656,  3.86614,  3.92715,     0.00,  89.85,   0.16, 
    8.067, 0.4880, 0.5656,  3.86690,  3.92715,     0.00,  89.85,   0.16, 
    8.074, 0.4880, 0.5656,  3.86769,  3.92715,     0.00,  89.85,   0.15, 
    8.082, 0.4880, 0.5656,  3.86852,  3.92715,     0.00,  89.85,   0.15, 
    8.090, 0.4880, 0.5656,  3.86939,  3.92715,     0.00,  89.85,   0.14, 
    8.100, 0.4880, 0.5656,  3.87030,  3.92715,     0.00,  89.85,   0.13, 
    8.110, 0.4880, 0.5656,  3.87125,  3.92715,     0.00,  89.85,   0.13, 
    8.121, 0.4880, 0.5656,  3.87224,  3.92715,     0.00,  89.85,   0.12, 
    8.134, 0.4880, 0.5656,  3.87327,  3.92715,     0.00,  89.85,   0.11, 
    8.148, 0.4880, 0.5656,  3.87436,  3.92715,     0.00,  89.85,   0.11, 
    8.163, 0.4880, 0.5656,  3.87549,  3.92715,     0.00,  89.85,   0.10, 
    8.179, 0.4880, 0.5656,  3.87668,  3.92715,     0.00,  89.85,   0.09, 
    8.197, 0.4880, 0.5656,  3.87792,  3.92715,     0.00,  89.85,   0.08, 
    8.218, 0.4880, 0.5656,  3.87921,  3.92715,     0.00,  89.85,   0.08, 
    8.240, 0.4880, 0.5656,  3.88056,  3.92715,     0.00,  89.85,   0.07, 
    8.264, 0.4880, 0.5656,  3.88197,  3.92715,     0.00,  89.85,   0.07, 
    8.291, 0.4880, 0.5656,  3.88344,  3.92715,     0.00,  89.85,   0.06, 
    8.320, 0.4880, 0.5656,  3.88497,  3.92715,     0.00,  89.85,   0.05, 
    8.352, 0.4880, 0.5656,  3.88655,  3.92715,     0.00,  89.85,   0.05, 
    8.388, 0.4880, 0.5656,  3.88819,  3.92715,     0.00,  89.85,   0.04, 
    8.427, 0.4880, 0.5656,  3.88988,  3.92715,     0.00,  89.85,   0.04, 
    8.470, 0.4880, 0.5656,  3.89161,  3.92715,     0.00,  89.85,   0.04, 
    8.517, 0.4880, 0.5656,  3.89339,  3.92715,     0.00,  89.85,   0.03, 
    8.570, 0.4880, 0.5656,  3.89520,  3.92715,     0.00,  89.85,   0.03, 
    8.627, 0.4880, 0.5656,  3.89704,  3.92715,     0.00,  89.85,   0.03, 
    8.690, 0.4880, 0.5656,  3.89891,  3.92715,     0.00,  89.85,   0.02, 
    8.759, 0.4880, 0.5656,  3.90078,  3.92715,     0.00,  89.85,   0.02, 
    8.835, 0.4880, 0.5656,  3.90265,  3.92715,     0.00,  89.85,   0.02, 
    8.919, 0.4880, 0.5656,  3.90451,  3.92715,     0.00,  89.85,   0.01, 
    9.012, 0.4880, 0.5656,  3.90635,  3.92715,     0.00,  89.85,   0.01, 
    9.113, 0.4880, 0.5656,  3.90815,  3.92715,     0.00,  89.85,   0.01, 
    9.225, 0.4880, 0.5656,  3.90991,  3.92715,     0.00,  89.85,   0.01, 
    9.348, 0.4880, 0.5656,  3.91161,  3.92715,     0.00,  89.85,   0.01, 
    9.483, 0.4880, 0.5656,  3.91324,  3.92715,     0.00,  89.85,   0.01, 
    9.631, 0.4880, 0.5656,  3.91478,  3.92715,     0.00,  89.85,   0.01, 
    9.795, 0.4880, 0.5656,  3.91624,  3.92715,     0.00,  89.85,   0.01, 
    9.974, 0.4880, 0.5656,  3.91759,  3.92715,     0.00,  89.85,   0.00, 
   10.172, 0.4880, 0.5656,  3.91885,  3.92715,     0.00,  89.85,   0.00, 
   10.390, 0.4880, 0.5656,  3.91999,  3.92715,     0.00,  89.85,   0.00, 
   10.629, 0.4880, 0.5656,  3.92102,  3.92715,     0.00,  89.85,   0.00, 
   10.892, 0.4880, 0.5656,  3.92195,  3.92715,     0.00,  89.85,   0.00, 
   11.182, 0.4880, 0.5656,  3.92277,  3.92715,     0.00,  89.85,   0.00, 
   11.501, 0.4880, 0.5656,  3.92349,  3.92715,     0.00,  89.85,   0.00, 
   11.851, 0.4880, 0.5656,  3.92412,  3.92715,     0.00,  89.85,   0.00, 
   12.236, 0.4880, 0.5656,  3.92466,  3.92715,     0.00,  89.85,   0.00, 
   12.660, 0.4880, 0.5656,  3.92513,  3.92715,     0.00,  89.85,   0.00, 
   13.000, 0.4880, 0.5656,  3.92544,  3.92715,     0.00,  89.85,   0.00, 
   13.000, 0.4880, 0.5656,  3.91448,  3.92715,    90.00,  89.85,   1.08, 
 specific energy segment =     0.00 W-h/kg
 specific power segment  =     0.00 W/kg
 total heat =          0.3371 W-h/m2
  
   13.000, 0.4880, 0.5656,  3.91448,  3.92715,    90.00,  89.85,   1.08, 
   13.000, 0.4880, 0.5656,  3.91209,  3.92712,    90.00,  89.85,   1.32, 
   13.001, 0.4880, 0.5656,  3.91062,  3.92709,    90.00,  89.85,   1.45, 
   13.001, 0.4880, 0.5656,  3.90945,  3.92705,    90.00,  89.85,   1.56, 
   13.002, 0.4879, 0.5656,  3.90841,  3.92701,    90.00,  89.85,   1.65, 
   13.002, 0.4879, 0.5656,  3.90745,  3.92697,    90.00,  89.85,   1.74, 
   13.003, 0.4879, 0.5656,  3.90652,  3.92692,    90.00,  89.85,   1.82, 
   13.003, 0.4879, 0.5656,  3.90561,  3.92686,    90.00,  89.85,   1.90, 
   13.004, 0.4879, 0.5656,  3.90471,  3.92680,    90.00,  89.85,   1.97, 
   13.005, 0.4878, 0.5657,  3.90381,  3.92674,    90.00,  89.85,   2.05, 
   13.005, 0.4878, 0.5657,  3.90290,  3.92667,    90.00,  89.85,   2.12, 
   13.006, 0.4878, 0.5657,  3.90198,  3.92659,    90.00,  89.85,   2.20, 
   13.007, 0.4877, 0.5657,  3.90103,  3.92650,    90.00,  89.85,   2.28, 
   13.008, 0.4877, 0.5657,  3.90007,  3.92640,    90.00,  89.85,   2.36, 
   13.009, 0.4876, 0.5658,  3.89908,  3.92630,    90.00,  89.85,   2.44, 
   13.011, 0.4876, 0.5658,  3.89806,  3.92618,    90.00,  89.85,   2.52, 
   13.012, 0.4875, 0.5658,  3.89702,  3.92605,    90.00,  89.85,   2.60, 
   13.014, 0.4875, 0.5659,  3.89594,  3.92591,    90.00,  89.85,   2.68, 
   13.015, 0.4874, 0.5659,  3.89482,  3.92576,    90.00,  89.85,   2.77, 
   13.017, 0.4874, 0.5659,  3.89367,  3.92559,    90.00,  89.85,   2.86, 
   13.019, 0.4873, 0.5660,  3.89248,  3.92540,    90.00,  89.85,   2.95, 
   13.021, 0.4872, 0.5660,  3.89126,  3.92520,    90.00,  89.85,   3.04, 
   13.024, 0.4871, 0.5661,  3.88999,  3.92497,    90.00,  89.85,   3.13, 
   13.027, 0.4870, 0.5661,  3.88868,  3.92472,    90.00,  89.85,   3.23, 
   13.029, 0.4869, 0.5662,  3.88732,  3.92445,    90.00,  89.85,   3.33, 
   13.033, 0.4868, 0.5663,  3.88593,  3.92415,    90.00,  89.85,   3.42, 
   13.036, 0.4866, 0.5664,  3.88449,  3.92382,    90.00,  89.85,   3.52, 
   13.040, 0.4865, 0.5664,  3.88301,  3.92346,    90.00,  89.85,   3.62, 
   13.045, 0.4863, 0.5665,  3.88149,  3.92306,    90.00,  89.85,   3.72, 
   13.050, 0.4861, 0.5666,  3.87993,  3.92262,    90.00,  89.85,   3.82, 
   13.055, 0.4859, 0.5668,  3.87833,  3.92214,    90.00,  89.85,   3.92, 
   13.061, 0.4857, 0.5669,  3.87669,  3.92160,    90.00,  89.85,   4.02, 
   13.067, 0.4855, 0.5670,  3.87502,  3.92102,    90.00,  89.85,   4.12, 
   13.074, 0.4852, 0.5672,  3.87331,  3.92038,    90.00,  89.85,   4.22, 
   13.082, 0.4849, 0.5674,  3.87158,  3.91968,    90.00,  89.85,   4.31, 
   13.090, 0.4846, 0.5675,  3.86981,  3.91891,    90.00,  89.85,   4.40, 
   13.100, 0.4843, 0.5677,  3.86802,  3.91806,    90.00,  89.85,   4.48, 
   13.110, 0.4839, 0.5680,  3.86622,  3.91713,    90.00,  89.85,   4.56, 
   13.121, 0.4835, 0.5682,  3.86439,  3.91611,    90.00,  89.85,   4.63, 
   13.134, 0.4830, 0.5685,  3.86256,  3.91499,    90.00,  89.85,   4.70, 
   13.148, 0.4825, 0.5688,  3.86071,  3.91377,    90.00,  89.85,   4.75, 
   13.163, 0.4819, 0.5691,  3.85886,  3.91243,    90.00,  89.85,   4.80, 
   13.179, 0.4813, 0.5695,  3.85701,  3.91097,    90.00,  89.85,   4.83, 
   13.197, 0.4806, 0.5699,  3.85517,  3.90938,    90.00,  89.85,   4.85, 
   13.218, 0.4799, 0.5703,  3.85334,  3.90764,    90.00,  89.85,   4.86, 
   13.240, 0.4790, 0.5708,  3.85152,  3.90576,    90.00,  89.85,   4.86, 
   13.264, 0.4781, 0.5713,  3.84972,  3.90371,    90.00,  89.85,   4.84, 
   13.291, 0.4771, 0.5719,  3.84795,  3.90151,    90.00,  89.85,   4.80, 
   13.320, 0.4760, 0.5726,  3.84620,  3.89913,    90.00,  89.85,   4.74, 
   13.352, 0.4748, 0.5733,  3.84447,  3.89659,    90.00,  89.85,   4.67, 
   13.388, 0.4735, 0.5740,  3.84278,  3.89388,    90.00,  89.85,   4.58, 
   13.427, 0.4720, 0.5749,  3.84111,  3.89100,    90.00,  89.85,   4.47, 
   13.470, 0.4704, 0.5758,  3.83946,  3.88797,    90.00,  89.85,   4.35, 
   13.517, 0.4687, 0.5769,  3.83783,  3.88481,    90.00,  89.85,   4.21, 
   13.570, 0.4667, 0.5780,  3.83619,  3.88154,    90.00,  89.85,   4.07, 
   13.627, 0.4646, 0.5793,  3.83455,  3.87820,    90.00,  89.85,   3.91, 
   13.690, 0.4622, 0.5806,  3.83289,  3.87481,    90.00,  89.85,   3.76, 
   13.759, 0.4596, 0.5822,  3.83120,  3.87143,    90.00,  89.85,   3.60, 
   13.835, 0.4568, 0.5838,  3.82942,  3.86808,    90.00,  89.85,   3.46, 
   13.919, 0.4537, 0.5857,  3.82751,  3.86482,    90.00,  89.85,   3.34, 
   14.012, 0.4502, 0.5877,  3.82541,  3.86167,    90.00,  89.85,   3.24, 
   14.113, 0.4464, 0.5899,  3.82310,  3.85864,    90.00,  89.85,   3.18, 
   14.225, 0.4423, 0.5923,  3.82051,  3.85573,    90.00,  89.85,   3.15, 
   14.348, 0.4377, 0.5950,  3.81761,  3.85290,    90.00,  89.85,   3.16, 
   14.483, 0.4326, 0.5980,  3.81434,  3.85008,    90.00,  89.85,   3.20, 
   14.631, 0.4271, 0.6012,  3.81067,  3.84718,    90.00,  89.85,   3.27, 
   14.795, 0.4210, 0.6048,  3.80654,  3.84408,    90.00,  89.85,   3.37, 
   14.974, 0.4143, 0.6087,  3.80191,  3.84064,    90.00,  89.85,   3.48, 
   15.172, 0.4069, 0.6130,  3.79675,  3.83671,    90.00,  89.85,   3.60, 
   15.390, 0.3988, 0.6178,  3.79103,  3.83217,    90.00,  89.85,   3.71, 
   15.629, 0.3898, 0.6230,  3.78474,  3.82689,    90.00,  89.85,   3.81, 
   15.892, 0.3800, 0.6288,  3.77788,  3.82079,    90.00,  89.85,   3.89, 
   16.000, 0.3760, 0.6311,  3.77509,  3.81823,    90.00,  89.85,   3.91, 
   16.000, 0.3760, 0.6311,  3.78651,  3.81823,     0.00,  89.85,   0.06, 
 specific energy segment =    21.03 W-h/kg
 specific power segment  =   420.50 W/kg
 total heat =          0.5220 W-h/m2
  
   16.000, 0.3760, 0.6311,  3.78651,  3.81823,     0.00,  89.85,   0.06, 
   16.000, 0.3760, 0.6311,  3.78737,  3.81823,     0.00,  89.85,   0.05, 
   16.001, 0.3760, 0.6311,  3.78788,  3.81823,     0.00,  89.85,   0.04, 
   16.001, 0.3760, 0.6311,  3.78828,  3.81823,     0.00,  89.85,   0.04, 
   16.002, 0.3760, 0.6311,  3.78863,  3.81823,     0.00,  89.85,   0.03, 
   16.002, 0.3760, 0.6311,  3.78895,  3.81823,     0.00,  89.85,   0.03, 
   16.003, 0.3760, 0.6311,  3.78925,  3.81823,     0.00,  89.85,   0.03, 
   16.003, 0.3760, 0.6311,  3.78955,  3.81823,     0.00,  89.85,   0.03, 
   16.004, 0.3760, 0.6311,  3.78984,  3.81823,     0.00,  89.85,   0.02, 
   16.005, 0.3760, 0.6311,  3.79013,  3.81823,     0.00,  89.85,   0.02, 
   16.005, 0.3760, 0.6311,  3.79042,  3.81823,     0.00,  89.85,   0.02, 
   16.006, 0.3760, 0.6311,  3.79071,  3.81823,     0.00,  89.85,   0.02, 
   16.007, 0.3760, 0.6311,  3.79101,  3.81823,     0.00,  89.85,   0.02, 
   16.008, 0.3760, 0.6311,  3.79132,  3.81823,     0.00,  89.85,   0.02, 
   16.009, 0.3760, 0.6311,  3.79163,  3.81823,     0.00,  89.85,   0.02, 
   16.011, 0.3760, 0.6311,  3.79195,  3.81823,     0.00,  89.85,   0.02, 
   16.012, 0.3760, 0.6311,  3.79228,  3.81823,     0.00,  89.85,   0.02, 
   16.014, 0.3760, 0.6311,  3.79262,  3.81823,     0.00,  89.85,   0.02, 
   16.015, 0.3760, 0.6311,  3.79297,  3.81823,     0.00,  89.85,   0.01, 
   16.017, 0.3760, 0.6311,  3.79333,  3.81823,     0.00,  89.85,   0.01, 
   16.019, 0.3760, 0.6311,  3.79371,  3.81823,     0.00,  89.85,   0.01, 
   16.021, 0.3760, 0.6311,  3.79409,  3.81823,     0.00,  89.85,   0.01, 
   16.024, 0.3760, 0.6311,  3.79449,  3.81823,     0.00,  89.85,   0.01, 
   16.027, 0.3760, 0.6311,  3.79490,  3.81823,     0.00,  89.85,   0.01, 
   16.029, 0.3760, 0.6311,  3.79532,  3.81823,     0.00,  89.85,   0.01, 
   16.033, 0.3760, 0.6311,  3.79575,  3.81823,     0.00,  89.85,   0.01, 
   16.036, 0.3760, 0.6311,  3.79619,  3.81823,     0.00,  89.85,   0.01, 
   16.040, 0.3760, 0.6311,  3.79665,  3.81823,     0.00,  89.85,   0.01, 
   16.045, 0.3760, 0.6311,  3.79711,  3.81823,     0.00,  89.85,   0.01, 
   16.050, 0.3760, 0.6311,  3.79759,  3.81823,     0.00,  89.85,   0.01, 
   16.055, 0.3760, 0.6311,  3.79807,  3.81823,     0.00,  89.85,   0.01, 
   16.061, 0.3760, 0.6311,  3.79856,  3.81823,     0.00,  89.85,   0.01, 
   16.067, 0.3760, 0.6311,  3.79905,  3.81823,     0.00,  89.85,   0.01, 
   16.074, 0.3760, 0.6311,  3.79955,  3.81823,     0.00,  89.85,   0.01, 
   16.082, 0.3760, 0.6311,  3.80005,  3.81823,     0.00,  89.85,   0.01, 
   16.090, 0.3760, 0.6311,  3.80056,  3.81823,     0.00,  89.85,   0.01, 
   16.100, 0.3760, 0.6311,  3.80107,  3.81823,     0.00,  89.85,   0.01, 
   16.110, 0.3760, 0.6311,  3.80158,  3.81823,     0.00,  89.85,   0.01, 
   16.121, 0.3760, 0.6311,  3.80210,  3.81823,     0.00,  89.85,   0.01, 
   16.134, 0.3760, 0.6311,  3.80262,  3.81823,     0.00,  89.85,   0.01, 
   16.148, 0.3760, 0.6311,  3.80314,  3.81823,     0.00,  89.85,   0.01, 
   16.163, 0.3760, 0.6311,  3.80366,  3.81823,     0.00,  89.85,   0.01, 
   16.179, 0.3760, 0.6311,  3.80419,  3.81823,     0.00,  89.85,   0.01, 
   16.197, 0.3760, 0.6311,  3.80472,  3.81823,     0.00,  89.85,   0.01, 
   16.218, 0.3760, 0.6311,  3.80526,  3.81823,     0.00,  89.85,   0.01, 
   16.240, 0.3760, 0.6311,  3.80579,  3.81823,     0.00,  89.85,   0.01, 
   16.264, 0.3760, 0.6311,  3.80634,  3.81823,     0.00,  89.85,   0.00, 
   16.291, 0.3760, 0.6311,  3.80688,  3.81823,     0.00,  89.85,   0.00, 
   16.320, 0.3760, 0.6311,  3.80743,  3.81823,     0.00,  89.85,   0.00, 
   16.352, 0.3760, 0.6311,  3.80799,  3.81823,     0.00,  89.85,   0.00, 
   16.388, 0.3760, 0.6311,  3.80854,  3.81823,     0.00,  89.85,   0.00, 
   16.427, 0.3760, 0.6311,  3.80910,  3.81823,     0.00,  89.85,   0.00, 
   16.470, 0.3760, 0.6311,  3.80965,  3.81823,     0.00,  89.85,   0.00, 
   16.517, 0.3760, 0.6311,  3.81020,  3.81823,     0.00,  89.85,   0.00, 
   16.570, 0.3760, 0.6311,  3.81075,  3.81823,     0.00,  89.85,   0.00, 
   16.627, 0.3760, 0.6311,  3.81129,  3.81823,     0.00,  89.85,   0.00, 
   16.690, 0.3760, 0.6311,  3.81182,  3.81823,     0.00,  89.85,   0.00, 
   16.759, 0.3760, 0.6311,  3.81234,  3.81823,     0.00,  89.85,   0.00, 
   16.835, 0.3760, 0.6311,  3.81285,  3.81823,     0.00,  89.85,   0.01, 
   16.919, 0.3760, 0.6311,  3.81334,  3.81823,     0.00,  89.85,   0.01, 
   17.012, 0.3760, 0.6311,  3.81382,  3.81823,     0.00,  89.85,   0.01, 
   17.113, 0.3760, 0.6311,  3.81427,  3.81823,     0.00,  89.85,   0.01, 
   17.225, 0.3760, 0.6311,  3.81470,  3.81823,     0.00,  89.85,   0.01, 
   17.348, 0.3760, 0.6311,  3.81511,  3.81823,     0.00,  89.85,   0.01, 
   17.483, 0.3760, 0.6311,  3.81549,  3.81823,     0.00,  89.85,   0.01, 
   17.631, 0.3760, 0.6311,  3.81584,  3.81823,     0.00,  89.85,   0.01, 
   17.795, 0.3760, 0.6311,  3.81617,  3.81823,     0.00,  89.85,   0.00, 
   17.974, 0.3760, 0.6311,  3.81648,  3.81823,     0.00,  89.85,   0.00, 
   18.172, 0.3760, 0.6311,  3.81676,  3.81823,     0.00,  89.85,   0.00, 
   18.390, 0.3760, 0.6311,  3.81700,  3.81823,     0.00,  89.85,   0.00, 
   18.629, 0.3760, 0.6311,  3.81722,  3.81823,     0.00,  89.85,   0.00, 
   18.892, 0.3760, 0.6311,  3.81740,  3.81823,     0.00,  89.85,   0.00, 
   19.182, 0.3760, 0.6311,  3.81756,  3.81823,     0.00,  89.85,   0.00, 
   19.501, 0.3760, 0.6311,  3.81769,  3.81823,     0.00,  89.85,   0.00, 
   19.851, 0.3760, 0.6311,  3.81779,  3.81823,     0.00,  89.85,   0.00, 
   20.236, 0.3760, 0.6311,  3.81788,  3.81823,     0.00,  89.85,   0.00, 
   20.660, 0.3760, 0.6311,  3.81795,  3.81823,     0.00,  89.85,   0.00, 
   21.000, 0.3760, 0.6311,  3.81799,  3.81823,     0.00,  89.85,   0.00, 
   21.000, 0.3760, 0.6311,  3.80683,  3.81823,    90.00,  89.85,   1.01, 
 specific energy segment =     0.00 W-h/kg
 specific power segment  =     0.00 W/kg
 total heat =          0.5223 W-h/m2
  
   21.000, 0.3760, 0.6311,  3.80683,  3.81823,    90.00,  89.85,   1.01, 
   21.000, 0.3760, 0.6311,  3.80623,  3.81822,    90.00,  89.85,   1.07, 
   21.001, 0.3760, 0.6311,  3.80584,  3.81822,    90.00,  89.85,   1.10, 
   21.001, 0.3759, 0.6311,  3.80553,  3.81821,    90.00,  89.85,   1.13, 
   21.002, 0.3759, 0.6312,  3.80524,  3.81820,    90.00,  89.85,   1.16, 
   21.002, 0.3759, 0.6312,  3.80497,  3.81818,    90.00,  89.85,   1.18, 
   21.003, 0.3759, 0.6312,  3.80470,  3.81817,    90.00,  89.85,   1.20, 
   21.003, 0.3759, 0.6312,  3.80444,  3.81816,    90.00,  89.85,   1.22, 
   21.004, 0.3758, 0.6312,  3.80418,  3.81814,    90.00,  89.85,   1.25, 
   21.005, 0.3758, 0.6312,  3.80392,  3.81812,    90.00,  89.85,   1.27, 
   21.005, 0.3758, 0.6312,  3.80365,  3.81811,    90.00,  89.85,   1.29, 
   21.006, 0.3758, 0.6313,  3.80338,  3.81808,    90.00,  89.85,   1.31, 
   21.007, 0.3757, 0.6313,  3.80310,  3.81806,    90.00,  89.85,   1.34, 
   21.008, 0.3757, 0.6313,  3.80281,  3.81804,    90.00,  89.85,   1.36, 
   21.009, 0.3756, 0.6313,  3.80251,  3.81801,    90.00,  89.85,   1.39, 
   21.011, 0.3756, 0.6314,  3.80220,  3.81798,    90.00,  89.85,   1.41, 
   21.012, 0.3755, 0.6314,  3.80188,  3.81795,    90.00,  89.85,   1.44, 
   21.014, 0.3755, 0.6314,  3.80155,  3.81791,    90.00,  89.85,   1.46, 
   21.015, 0.3754, 0.6315,  3.80120,  3.81787,    90.00,  89.85,   1.49, 
   21.017, 0.3753, 0.6315,  3.80085,  3.81782,    90.00,  89.85,   1.52, 
   21.019, 0.3753, 0.6315,  3.80047,  3.81778,    90.00,  89.85,   1.55, 
   21.021, 0.3752, 0.6316,  3.80009,  3.81772,    90.00,  89.85,   1.58, 
   21.024, 0.3751, 0.6316,  3.79969,  3.81766,    90.00,  89.85,   1.61, 
   21.027, 0.3750, 0.6317,  3.79927,  3.81760,    90.00,  89.85,   1.64, 
   21.029, 0.3749, 0.6318,  3.79884,  3.81753,    90.00,  89.85,   1.67, 
   21.033, 0.3748, 0.6318,  3.79839,  3.81745,    90.00,  89.85,   1.70, 
   21.036, 0.3746, 0.6319,  3.79792,  3.81736,    90.00,  89.85,   1.74, 
   21.040, 0.3745, 0.6320,  3.79744,  3.81726,    90.00,  89.85,   1.77, 
   21.045, 0.3743, 0.6321,  3.79693,  3.81716,    90.00,  89.85,   1.81, 
   21.050, 0.3741, 0.6322,  3.79640,  3.81704,    90.00,  89.85,   1.84, 
   21.055, 0.3739, 0.6323,  3.79584,  3.81692,    90.00,  89.85,   1.88, 
   21.061, 0.3737, 0.6325,  3.79526,  3.81678,    90.00,  89.85,   1.92, 
   21.067, 0.3735, 0.6326,  3.79466,  3.81662,    90.00,  89.85,   1.96, 
   21.074, 0.3732, 0.6327,  3.79402,  3.81645,    90.00,  89.85,   2.00, 
   21.082, 0.3729, 0.6329,  3.79336,  3.81627,    90.00,  89.85,   2.05, 
   21.090, 0.3726, 0.6331,  3.79266,  3.81606,    90.00,  89.85,   2.09, 
   21.100, 0.3723, 0.6333,  3.79193,  3.81584,    90.00,  89.85,   2.14, 
   21.110, 0.3719, 0.6335,  3.79117,  3.81559,    90.00,  89.85,   2.18, 
   21.121, 0.3715, 0.6338,  3.79036,  3.81531,    90.00,  89.85,   2.23, 
   21.134, 0.3710, 0.6340,  3.78952,  3.81501,    90.00,  89.85,   2.28, 
   21.148, 0.3705, 0.6343,  3.78863,  3.81468,    90.00,  89.85,   2.33, 
   21.163, 0.3699, 0.6347,  3.78770,  3.81432,    90.00,  89.85,   2.38, 
   21.179, 0.3693, 0.6350,  3.78671,  3.81391,    90.00,  89.85,   2.44, 
   21.197, 0.3686, 0.6354,  3.78567,  3.81347,    90.00,  89.85,   2.49, 
   21.218, 0.3679, 0.6359,  3.78458,  3.81298,    90.00,  89.85,   2.55, 
   21.240, 0.3670, 0.6364,  3.78342,  3.81245,    90.00,  89.85,   2.60, 
   21.264, 0.3661, 0.6369,  3.78219,  3.81185,    90.00,  89.85,   2.66, 
   21.291, 0.3651, 0.6375,  3.78089,  3.81120,    90.00,  89.85,   2.72, 
   21.320, 0.3640, 0.6381,  3.77952,  3.81049,    90.00,  89.85,   2.78, 
   21.352, 0.3628, 0.6388,  3.77806,  3.80970,    90.00,  89.85,   2.84, 
   21.388, 0.3615, 0.6396,  3.77652,  3.80883,    90.00,  89.85,   2.91, 
   21.427, 0.3600, 0.6405,  3.77489,  3.80788,    90.00,  89.85,   2.97, 
   21.470, 0.3584, 0.6414,  3.77316,  3.80683,    90.00,  89.85,   3.03, 
   21.517, 0.3567, 0.6424,  3.77133,  3.80567,    90.00,  89.85,   3.09, 
   21.570, 0.3547, 0.6436,  3.76939,  3.80441,    90.00,  89.85,   3.16, 
   21.627, 0.3526, 0.6448,  3.76734,  3.80301,    90.00,  89.85,   3.22, 
   21.690, 0.3502, 0.6462,  3.76516,  3.80149,    90.00,  89.85,   3.28, 
   21.759, 0.3476, 0.6477,  3.76285,  3.79981,    90.00,  89.85,   3.34, 
   21.835, 0.3448, 0.6494,  3.76035,  3.79798,    90.00,  89.85,   3.39, 
   21.919, 0.3417, 0.6512,  3.75760,  3.79597,    90.00,  89.85,   3.46, 
   22.012, 0.3382, 0.6532,  3.75450,  3.79379,    90.00,  89.85,   3.54, 
   22.113, 0.3344, 0.6555,  3.75100,  3.79140,    90.00,  89.85,   3.64, 
   22.225, 0.3303, 0.6579,  3.74703,  3.78881,    90.00,  89.85,   3.76, 
   22.348, 0.3257, 0.6606,  3.74253,  3.78599,    90.00,  89.85,   3.91, 
   22.483, 0.3206, 0.6635,  3.73742,  3.78293,    90.00,  89.85,   4.09, 
   22.631, 0.3151, 0.6668,  3.73163,  3.77961,    90.00,  89.85,   4.31, 
   22.795, 0.3090, 0.6703,  3.72509,  3.77601,    90.00,  89.85,   4.58, 
   22.974, 0.3023, 0.6743,  3.71773,  3.77209,    90.00,  89.85,   4.89, 
   23.172, 0.2949, 0.6786,  3.70951,  3.76780,    90.00,  89.85,   5.24, 
   23.390, 0.2868, 0.6834,  3.70041,  3.76306,    90.00,  89.85,   5.63, 
   23.629, 0.2778, 0.6886,  3.69042,  3.75775,    90.00,  89.85,   6.05, 
   23.892, 0.2680, 0.6943,  3.67958,  3.75171,    90.00,  89.85,   6.48, 
   24.000, 0.2640, 0.6967,  3.67520,  3.74916,    90.00,  89.85,   6.65, 
   24.000, 0.2640, 0.6967,  3.68708,  3.74916,     0.00,  89.85,   0.08, 
 specific energy segment =    20.58 W-h/kg
 specific power segment  =   411.70 W/kg
 total heat =          0.7425 W-h/m2
  
   24.000, 0.2640, 0.6967,  3.68708,  3.74916,     0.00,  89.85,   0.08, 
   24.000, 0.2640, 0.6967,  3.68844,  3.74916,     0.00,  89.85,   0.04, 
   24.001, 0.2640, 0.6967,  3.68922,  3.74916,     0.00,  89.85,   0.03, 
   24.001, 0.2640, 0.6967,  3.68983,  3.74916,     0.00,  89.85,   0.03, 
   24.002, 0.2640, 0.6967,  3.69037,  3.74916,     0.00,  89.85,   0.02, 
   24.002, 0.2640, 0.6967,  3.69087,  3.74916,     0.00,  89.85,   0.02, 
   24.003, 0.2640, 0.6967,  3.69135,  3.74916,     0.00,  89.85,   0.02, 
   24.003, 0.2640, 0.6967,  3.69181,  3.74916,     0.00,  89.85,   0.02, 
   24.004, 0.2640, 0.6967,  3.69227,  3.74916,     0.00,  89.85,   0.02, 
   24.005, 0.2640, 0.6967,  3.69274,  3.74916,     0.00,  89.85,   0.02, 
   24.005, 0.2640, 0.6967,  3.69321,  3.74916,     0.00,  89.85,   0.02, 
   24.006, 0.2640, 0.6967,  3.69368,  3.74916,     0.00,  89.85,   0.02, 
   24.007, 0.2640, 0.6967,  3.69417,  3.74916,     0.00,  89.85,   0.02, 
   24.008, 0.2640, 0.6967,  3.69466,  3.74916,     0.00,  89.85,   0.02, 
   24.009, 0.2640, 0.6967,  3.69517,  3.74916,     0.00,  89.85,   0.02, 
   24.011, 0.2640, 0.6967,  3.69570,  3.74916,     0.00,  89.85,   0.02, 
   24.012, 0.2640, 0.6967,  3.69624,  3.74916,     0.00,  89.85,   0.02, 
   24.014, 0.2640, 0.6967,  3.69679,  3.74916,     0.00,  89.85,   0.02, 
   24.015, 0.2640, 0.6967,  3.69737,  3.74916,     0.00,  89.85,   0.02, 
   24.017, 0.2640, 0.6967,  3.69796,  3.74916,     0.00,  89.85,   0.02, 
   24.019, 0.2640, 0.6967,  3.69858,  3.74916,     0.00,  89.85,   0.02, 
   24.021, 0.2640, 0.6967,  3.69921,  3.74916,     0.00,  89.85,   0.02, 
   24.024, 0.2640, 0.6967,  3.69987,  3.74916,     0.00,  89.85,   0.02, 
   24.027, 0.2640, 0.6967,  3.70055,  3.74916,     0.00,  89.85,   0.02, 
   24.029, 0.2640, 0.6967,  3.70125,  3.74916,     0.00,  89.85,   0.02, 
   24.033, 0.2640, 0.6967,  3.70198,  3.74916,     0.00,  89.85,   0.02, 
   24.036, 0.2640, 0.6967,  3.70272,  3.74916,     0.00,  89.85,   0.02, 
   24.040, 0.2640, 0.6967,  3.70349,  3.74916,     0.00,  89.85,   0.01, 
   24.045, 0.2640, 0.6967,  3.70428,  3.74916,     0.00,  89.85,   0.01, 
   24.050, 0.2640, 0.6967,  3.70510,  3.74916,     0.00,  89.85,   0.01, 
   24.055, 0.2640, 0.6967,  3.70593,  3.74916,     0.00,  89.85,   0.01, 
   24.061, 0.2640, 0.6967,  3.70679,  3.74916,     0.00,  89.85,   0.01, 
   24.067, 0.2640, 0.6967,  3.70767,  3.74916,     0.00,  89.85,   0.01, 
   24.074, 0.2640, 0.6967,  3.70856,  3.74916,     0.00,  89.85,   0.01, 
   24.082, 0.2640, 0.6967,  3.70948,  3.74916,     0.00,  89.85,   0.01, 
   24.090, 0.2640, 0.6967,  3.71041,  3.74916,     0.00,  89.85,   0.01, 
   24.100, 0.2640, 0.6967,  3.71136,  3.74916,     0.00,  89.85,   0.01, 
   24.110, 0.2640, 0.6967,  3.71233,  3.74916,     0.00,  89.85,   0.01, 
   24.121, 0.2640, 0.6967,  3.71332,  3.74916,     0.00,  89.85,   0.01, 
   24.134, 0.2640, 0.6967,  3.71433,  3.74916,     0.00,  89.85,   0.01, 
   24.148, 0.2640, 0.6967,  3.71535,  3.74916,     0.00,  89.85,   0.01, 
   24.163, 0.2640, 0.6967,  3.71639,  3.74916,     0.00,  89.85,   0.01, 
   24.179, 0.2640, 0.6967,  3.71745,  3.74916,     0.00,  89.85,   0.01, 
   24.197, 0.2640, 0.6967,  3.71853,  3.74916,     0.00,  89.85,   0.01, 
   24.218, 0.2640, 0.6967,  3.71963,  3.74916,     0.00,  89.85,   0.01, 
   24.240, 0.2640, 0.6967,  3.72074,  3.74916,     0.00,  89.85,   0.01, 
   24.264, 0.2640, 0.6967,  3.72187,  3.74916,     0.00,  89.85,   0.01, 
   24.291, 0.2640, 0.6967,  3.72302,  3.74916,     0.00,  89.85,   0.01, 
   24.320, 0.2640, 0.6967,  3.72418,  3.74916,     0.00,  89.85,   0.01, 
   24.352, 0.2640, 0.6967,  3.72535,  3.74916,     0.00,  89.85,   0.01, 
   24.388, 0.2640, 0.6967,  3.72653,  3.74916,     0.00,  89.85,   0.01, 
   24.427, 0.2640, 0.6967,  3.72772,  3.74916,     0.00,  89.85,   0.01, 
   24.470, 0.2640, 0.6967,  3.72890,  3.74916,     0.00,  89.85,   0.01, 
   24.517, 0.2640, 0.6967,  3.73009,  3.74916,     0.00,  89.85,   0.01, 
   24.570, 0.2640, 0.6967,  3.73128,  3.74916,     0.00,  89.85,   0.00, 
   24.627, 0.2640, 0.6967,  3.73245,  3.74916,     0.00,  89.85,   0.00, 
   24.690, 0.2640, 0.6967,  3.73362,  3.74916,     0.00,  89.85,   0.00, 
   24.759, 0.2640, 0.6967,  3.73476,  3.74916,     0.00,  89.85,   0.00, 
   24.835, 0.2640, 0.6967,  3.73589,  3.74916,     0.00,  89.85,   0.00, 
   24.919, 0.2640, 0.6967,  3.73698,  3.74916,     0.00,  89.85,   0.00, 
   25.012, 0.2640, 0.6967,  3.73805,  3.74916,     0.00,  89.85,   0.00, 
   25.113, 0.2640, 0.6967,  3.73908,  3.74916,     0.00,  89.85,   0.00, 
   25.225, 0.2640, 0.6967,  3.74007,  3.74916,     0.00,  89.85,   0.00, 
   25.348, 0.2640, 0.6967,  3.74101,  3.74916,     0.00,  89.85,   0.00, 
   25.483, 0.2640, 0.6967,  3.74190,  3.74916,     0.00,  89.85,   0.00, 
   25.631, 0.2640, 0.6967,  3.74274,  3.74916,     0.00,  89.85,   0.00, 
   25.795, 0.2640, 0.6967,  3.74353,  3.74916,     0.00,  89.85,   0.00, 
   25.974, 0.2640, 0.6967,  3.74425,  3.74916,     0.00,  89.85,   0.00, 
   26.172, 0.2640, 0.6967,  3.74491,  3.74916,     0.00,  89.85,   0.00, 
   26.390, 0.2640, 0.6967,  3.74552,  3.74916,     0.00,  89.85,   0.00, 
   26.629, 0.2640, 0.6967,  3.74606,  3.74916,     0.00,  89.85,   0.00, 
   26.892, 0.2640, 0.6967,  3.74654,  3.74916,     0.00,  89.85,   0.00, 
   27.182, 0.2640, 0.6967,  3.74697,  3.74916,     0.00,  89.85,   0.00, 
   27.501, 0.2640, 0.6967,  3.74734,  3.74916,     0.00,  89.85,   0.00, 
   27.851, 0.2640, 0.6967,  3.74766,  3.74916,     0.00,  89.85,   0.00, 
   28.236, 0.2640, 0.6967,  3.74794,  3.74916,     0.00,  89.85,   0.00, 
   28.660, 0.2640, 0.6967,  3.74817,  3.74916,     0.00,  89.85,   0.00, 
   29.000, 0.2640, 0.6967,  3.74832,  3.74916,     0.00,  89.85,   0.00, 
   29.000, 0.2640, 0.6967,  3.73679,  3.74916,    90.00,  89.85,   1.10, 
 specific energy segment =     0.00 W-h/kg
 specific power segment  =     0.00 W/kg
 total heat =          0.7426 W-h/m2
  
   29.000, 0.2640, 0.6967,  3.73679,  3.74916,    90.00,  89.85,   1.10, 
   29.000, 0.2640, 0.6967,  3.73598,  3.74915,    90.00,  89.85,   1.17, 
   29.001, 0.2640, 0.6967,  3.73547,  3.74914,    90.00,  89.85,   1.22, 
   29.001, 0.2639, 0.6967,  3.73506,  3.74913,    90.00,  89.85,   1.26, 
   29.002, 0.2639, 0.6967,  3.73469,  3.74912,    90.00,  89.85,   1.29, 
   29.002, 0.2639, 0.6967,  3.73434,  3.74911,    90.00,  89.85,   1.32, 
   29.003, 0.2639, 0.6967,  3.73401,  3.74910,    90.00,  89.85,   1.35, 
   29.003, 0.2639, 0.6968,  3.73367,  3.74909,    90.00,  89.85,   1.38, 
   29.004, 0.2638, 0.6968,  3.73334,  3.74907,    90.00,  89.85,   1.41, 
   29.005, 0.2638, 0.6968,  3.73301,  3.74905,    90.00,  89.85,   1.44, 
   29.005, 0.2638, 0.6968,  3.73266,  3.74903,    90.00,  89.85,   1.47, 
   29.006, 0.2637, 0.6968,  3.73231,  3.74901,    90.00,  89.85,   1.50, 
   29.007, 0.2637, 0.6968,  3.73195,  3.74899,    90.00,  89.85,   1.53, 
   29.008, 0.2637, 0.6969,  3.73157,  3.74897,    90.00,  89.85,   1.56, 
   29.009, 0.2636, 0.6969,  3.73118,  3.74894,    90.00,  89.85,   1.59, 
   29.011, 0.2636, 0.6969,  3.73077,  3.74891,    90.00,  89.85,   1.63, 
   29.012, 0.2635, 0.6969,  3.73035,  3.74887,    90.00,  89.85,   1.66, 
   29.014, 0.2635, 0.6970,  3.72991,  3.74884,    90.00,  89.85,   1.70, 
   29.015, 0.2634, 0.6970,  3.72944,  3.74880,    90.00,  89.85,   1.74, 
   29.017, 0.2633, 0.6971,  3.72896,  3.74875,    90.00,  89.85,   1.78, 
   29.019, 0.2633, 0.6971,  3.72845,  3.74870,    90.00,  89.85,   1.82, 
   29.021, 0.2632, 0.6972,  3.72792,  3.74865,    90.00,  89.85,   1.86, 
   29.024, 0.2631, 0.6972,  3.72736,  3.74859,    90.00,  89.85,   1.91, 
   29.027, 0.2630, 0.6973,  3.72677,  3.74852,    90.00,  89.85,   1.95, 
   29.029, 0.2629, 0.6973,  3.72616,  3.74845,    90.00,  89.85,   2.00, 
   29.033, 0.2628, 0.6974,  3.72551,  3.74837,    90.00,  89.85,   2.05, 
   29.036, 0.2626, 0.6975,  3.72484,  3.74829,    90.00,  89.85,   2.11, 
   29.040, 0.2625, 0.6976,  3.72413,  3.74819,    90.00,  89.85,   2.16, 
   29.045, 0.2623, 0.6977,  3.72339,  3.74809,    90.00,  89.85,   2.22, 
   29.050, 0.2621, 0.6978,  3.72261,  3.74797,    90.00,  89.85,   2.28, 
   29.055, 0.2619, 0.6979,  3.72179,  3.74784,    90.00,  89.85,   2.34, 
   29.061, 0.2617, 0.6980,  3.72094,  3.74770,    90.00,  89.85,   2.40, 
   29.067, 0.2615, 0.6982,  3.72005,  3.74754,    90.00,  89.85,   2.47, 
   29.074, 0.2612, 0.6983,  3.71911,  3.74737,    90.00,  89.85,   2.54, 
   29.082, 0.2609, 0.6985,  3.71812,  3.74719,    90.00,  89.85,   2.61, 
   29.090, 0.2606, 0.6987,  3.71709,  3.74698,    90.00,  89.85,   2.69, 
   29.100, 0.2603, 0.6989,  3.71601,  3.74675,    90.00,  89.85,   2.76, 
   29.110, 0.2599, 0.6991,  3.71487,  3.74650,    90.00,  89.85,   2.84, 
   29.121, 0.2594, 0.6993,  3.71366,  3.74622,    90.00,  89.85,   2.93, 
   29.134, 0.2590, 0.6996,  3.71239,  3.74591,    90.00,  89.85,   3.01, 
   29.148, 0.2585, 0.6999,  3.71105,  3.74558,    90.00,  89.85,   3.10, 
   29.163, 0.2579, 0.7002,  3.70963,  3.74520,    90.00,  89.85,   3.20, 
   29.179, 0.2573, 0.7006,  3.70812,  3.74479,    90.00,  89.85,   3.30, 
   29.197, 0.2566, 0.7010,  3.70652,  3.74434,    90.00,  89.85,   3.40, 
   29.218, 0.2559, 0.7014,  3.70481,  3.74383,    90.00,  89.85,   3.51, 
   29.240, 0.2550, 0.7019,  3.70299,  3.74328,    90.00,  89.85,   3.62, 
   29.264, 0.2541, 0.7025,  3.70105,  3.74267,    90.00,  89.85,   3.74, 
   29.291, 0.2531, 0.7030,  3.69898,  3.74199,    90.00,  89.85,   3.87, 
   29.320, 0.2520, 0.7037,  3.69677,  3.74124,    90.00,  89.85,   4.00, 
   29.352, 0.2508, 0.7044,  3.69441,  3.74041,    90.00,  89.85,   4.14, 
   29.388, 0.2495, 0.7052,  3.69189,  3.73948,    90.00,  89.85,   4.28, 
   29.427, 0.2480, 0.7060,  3.68920,  3.73846,    90.00,  89.85,   4.43, 
   29.470, 0.2464, 0.7070,  3.68632,  3.73733,    90.00,  89.85,   4.59, 
   29.517, 0.2447, 0.7080,  3.68326,  3.73607,    90.00,  89.85,   4.75, 
   29.570, 0.2427, 0.7091,  3.67999,  3.73467,    90.00,  89.85,   4.92, 
   29.627, 0.2406, 0.7104,  3.67651,  3.73311,    90.00,  89.85,   5.09, 
   29.690, 0.2382, 0.7118,  3.67281,  3.73138,    90.00,  89.85,   5.27, 
   29.759, 0.2356, 0.7133,  3.66887,  3.72944,    90.00,  89.85,   5.45, 
   29.835, 0.2328, 0.7149,  3.66467,  3.72728,    90.00,  89.85,   5.63, 
   29.919, 0.2297, 0.7168,  3.66018,  3.72487,    90.00,  89.85,   5.82, 
   30.012, 0.2262, 0.7188,  3.65537,  3.72218,    90.00,  89.85,   6.01, 
   30.113, 0.2224, 0.7210,  3.65015,  3.71917,    90.00,  89.85,   6.21, 
   30.225, 0.2183, 0.7235,  3.64446,  3.71580,    90.00,  89.85,   6.42, 
   30.348, 0.2137, 0.7261,  3.63819,  3.71204,    90.00,  89.85,   6.64, 
   30.483, 0.2086, 0.7291,  3.63147,  3.70784,    90.00,  89.85,   6.87, 
   30.631, 0.2031, 0.7323,  3.62483,  3.70315,    90.00,  89.85,   7.05, 
   30.795, 0.1970, 0.7359,  3.61926,  3.69794,    90.00,  89.85,   7.07, 
   30.974, 0.1903, 0.7398,  3.61543,  3.69216,    90.00,  89.85,   6.89, 
   31.172, 0.1829, 0.7442,  3.61230,  3.68578,    90.00,  89.85,   6.59, 
   31.390, 0.1748, 0.7489,  3.60921,  3.67878,    90.00,  89.85,   6.25, 
   31.629, 0.1658, 0.7541,  3.60566,  3.67110,    90.00,  89.85,   5.89, 
   31.892, 0.1560, 0.7599,  3.60081,  3.66265,    90.00,  89.85,   5.57, 
   32.000, 0.1520, 0.7622,  3.59838,  3.65917,    90.00,  89.85,   5.48, 
   32.000, 0.1520, 0.7622,  3.61104,  3.65917,     0.00,  89.85,   0.15, 
 specific energy segment =    20.07 W-h/kg
 specific power segment  =   401.43 W/kg
 total heat =          1.0304 W-h/m2
  
   32.000, 0.1520, 0.7622,  3.61104,  3.65917,     0.00,  89.85,   0.15, 
   32.000, 0.1520, 0.7622,  3.61200,  3.65917,     0.00,  89.85,   0.08, 
   32.001, 0.1520, 0.7622,  3.61250,  3.65917,     0.00,  89.85,   0.06, 
   32.001, 0.1520, 0.7622,  3.61288,  3.65917,     0.00,  89.85,   0.05, 
   32.002, 0.1520, 0.7622,  3.61321,  3.65917,     0.00,  89.85,   0.04, 
   32.002, 0.1520, 0.7622,  3.61350,  3.65917,     0.00,  89.85,   0.03, 
   32.003, 0.1520, 0.7622,  3.61378,  3.65917,     0.00,  89.85,   0.03, 
   32.003, 0.1520, 0.7622,  3.61404,  3.65917,     0.00,  89.85,   0.03, 
   32.004, 0.1520, 0.7622,  3.61431,  3.65917,     0.00,  89.85,   0.03, 
   32.005, 0.1520, 0.7622,  3.61457,  3.65917,     0.00,  89.85,   0.02, 
   32.005, 0.1520, 0.7622,  3.61483,  3.65917,     0.00,  89.85,   0.02, 
   32.006, 0.1520, 0.7622,  3.61509,  3.65917,     0.00,  89.85,   0.02, 
   32.007, 0.1520, 0.7622,  3.61535,  3.65917,     0.00,  89.85,   0.02, 
   32.008, 0.1520, 0.7622,  3.61562,  3.65917,     0.00,  89.85,   0.02, 
   32.009, 0.1520, 0.7622,  3.61590,  3.65917,     0.00,  89.85,   0.02, 
   32.011, 0.1520, 0.7622,  3.61618,  3.65917,     0.00,  89.85,   0.02, 
   32.012, 0.1520, 0.7622,  3.61646,  3.65917,     0.00,  89.85,   0.02, 
   32.014, 0.1520, 0.7622,  3.61676,  3.65917,     0.00,  89.85,   0.02, 
   32.015, 0.1520, 0.7622,  3.61705,  3.65917,     0.00,  89.85,   0.02, 
   32.017, 0.1520, 0.7622,  3.61736,  3.65917,     0.00,  89.85,   0.02, 
   32.019, 0.1520, 0.7622,  3.61768,  3.65917,     0.00,  89.85,   0.02, 
   32.021, 0.1520, 0.7622,  3.61800,  3.65917,     0.00,  89.85,   0.02, 
   32.024, 0.1520, 0.7622,  3.61833,  3.65917,     0.00,  89.85,   0.02, 
   32.027, 0.1520, 0.7622,  3.61866,  3.65917,     0.00,  89.85,   0.02, 
   32.029, 0.1520, 0.7622,  3.61901,  3.65917,     0.00,  89.85,   0.02, 
   32.033, 0.1520, 0.7622,  3.61935,  3.65917,     0.00,  89.85,   0.02, 
   32.036, 0.1520, 0.7622,  3.61971,  3.65917,     0.00,  89.85,   0.02, 
   32.040, 0.1520, 0.7622,  3.62006,  3.65917,     0.00,  89.85,   0.02, 
   32.045, 0.1520, 0.7622,  3.62042,  3.65917,     0.00,  89.85,   0.02, 
   32.050, 0.1520, 0.7622,  3.62079,  3.65917,     0.00,  89.85,   0.02, 
   32.055, 0.1520, 0.7622,  3.62115,  3.65917,     0.00,  89.85,   0.02, 
   32.061, 0.1520, 0.7622,  3.62151,  3.65917,     0.00,  89.85,   0.02, 
   32.067, 0.1520, 0.7622,  3.62187,  3.65917,     0.00,  89.85,   0.02, 
   32.074, 0.1520, 0.7622,  3.62222,  3.65917,     0.00,  89.85,   0.02, 
   32.082, 0.1520, 0.7622,  3.62257,  3.65917,     0.00,  89.85,   0.02, 
   32.090, 0.1520, 0.7622,  3.62291,  3.65917,     0.00,  89.85,   0.02, 
   32.100, 0.1520, 0.7622,  3.62325,  3.65917,     0.00,  89.85,   0.02, 
   32.110, 0.1520, 0.7622,  3.62357,  3.65917,     0.00,  89.85,   0.02, 
   32.121, 0.1520, 0.7622,  3.62389,  3.65917,     0.00,  89.85,   0.02, 
   32.134, 0.1520, 0.7622,  3.62420,  3.65917,     0.00,  89.85,   0.02, 
   32.148, 0.1520, 0.7622,  3.62450,  3.65917,     0.00,  89.85,   0.01, 
   32.163, 0.1520, 0.7622,  3.62480,  3.65917,     0.00,  89.85,   0.01, 
   32.179, 0.1520, 0.7622,  3.62509,  3.65917,     0.00,  89.85,   0.01, 
   32.197, 0.1520, 0.7622,  3.62538,  3.65917,     0.00,  89.85,   0.01, 
   32.218, 0.1520, 0.7622,  3.62568,  3.65917,     0.00,  89.85,   0.01, 
   32.240, 0.1520, 0.7622,  3.62597,  3.65917,     0.00,  89.85,   0.01, 
   32.264, 0.1520, 0.7622,  3.62628,  3.65917,     0.00,  89.85,   0.01, 
   32.291, 0.1520, 0.7622,  3.62661,  3.65917,     0.00,  89.85,   0.01, 
   32.320, 0.1520, 0.7622,  3.62696,  3.65917,     0.00,  89.85,   0.01, 
   32.352, 0.1520, 0.7622,  3.62735,  3.65917,     0.00,  89.85,   0.01, 
   32.388, 0.1520, 0.7622,  3.62778,  3.65917,     0.00,  89.85,   0.01, 
   32.427, 0.1520, 0.7622,  3.62827,  3.65917,     0.00,  89.85,   0.01, 
   32.470, 0.1520, 0.7622,  3.62882,  3.65917,     0.00,  89.85,   0.01, 
   32.517, 0.1520, 0.7622,  3.62945,  3.65917,     0.00,  89.85,   0.01, 
   32.570, 0.1520, 0.7622,  3.63016,  3.65917,     0.00,  89.85,   0.01, 
   32.627, 0.1520, 0.7622,  3.63097,  3.65917,     0.00,  89.85,   0.01, 
   32.690, 0.1520, 0.7622,  3.63188,  3.65917,     0.00,  89.85,   0.01, 
   32.759, 0.1520, 0.7622,  3.63289,  3.65917,     0.00,  89.85,   0.00, 
   32.835, 0.1520, 0.7622,  3.63400,  3.65917,     0.00,  89.85,   0.00, 
   32.919, 0.1520, 0.7622,  3.63521,  3.65917,     0.00,  89.85,   0.00, 
   33.012, 0.1520, 0.7622,  3.63650,  3.65917,     0.00,  89.85,   0.00, 
   33.113, 0.1520, 0.7622,  3.63786,  3.65917,     0.00,  89.85,   0.00, 
   33.225, 0.1520, 0.7622,  3.63928,  3.65917,     0.00,  89.85,   0.00, 
   33.348, 0.1520, 0.7622,  3.64073,  3.65917,     0.00,  89.85,   0.00, 
   33.483, 0.1520, 0.7622,  3.64219,  3.65917,     0.00,  89.85,   0.00, 
   33.631, 0.1520, 0.7622,  3.64365,  3.65917,     0.00,  89.85,   0.00, 
   33.795, 0.1520, 0.7622,  3.64508,  3.65917,     0.00,  89.85,   0.00, 
   33.974, 0.1520, 0.7622,  3.64648,  3.65917,     0.00,  89.85,   0.00, 
   34.172, 0.1520, 0.7622,  3.64783,  3.65917,     0.00,  89.85,   0.00, 
   34.390, 0.1520, 0.7622,  3.64911,  3.65917,     0.00,  89.85,   0.00, 
   34.629, 0.1520, 0.7622,  3.65032,  3.65917,     0.00,  89.85,   0.00, 
   34.892, 0.1520, 0.7622,  3.65146,  3.65917,     0.00,  89.85,   0.00, 
   35.182, 0.1520, 0.7622,  3.65251,  3.65917,     0.00,  89.85,   0.00, 
   35.501, 0.1520, 0.7622,  3.65348,  3.65917,     0.00,  89.85,   0.00, 
   35.851, 0.1520, 0.7622,  3.65436,  3.65917,     0.00,  89.85,   0.00, 
   36.236, 0.1520, 0.7622,  3.65516,  3.65917,     0.00,  89.85,   0.00, 
   36.660, 0.1520, 0.7622,  3.65586,  3.65917,     0.00,  89.85,   0.00, 
   37.000, 0.1520, 0.7622,  3.65633,  3.65917,     0.00,  89.85,   0.00, 
   37.000, 0.1520, 0.7622,  3.64418,  3.65917,    90.00,  89.85,   1.34, 
 specific energy segment =     0.00 W-h/kg
 specific power segment  =     0.00 W/kg
 total heat =          1.0306 W-h/m2
  
   37.000, 0.1520, 0.7622,  3.64418,  3.65917,    90.00,  89.85,   1.34, 
   37.000, 0.1520, 0.7623,  3.64282,  3.65915,    90.00,  89.85,   1.47, 
   37.001, 0.1519, 0.7623,  3.64203,  3.65914,    90.00,  89.85,   1.54, 
   37.001, 0.1519, 0.7623,  3.64141,  3.65913,    90.00,  89.85,   1.59, 
   37.002, 0.1519, 0.7623,  3.64086,  3.65912,    90.00,  89.85,   1.64, 
   37.002, 0.1519, 0.7623,  3.64034,  3.65910,    90.00,  89.85,   1.69, 
   37.003, 0.1519, 0.7623,  3.63984,  3.65908,    90.00,  89.85,   1.73, 
   37.003, 0.1519, 0.7623,  3.63935,  3.65906,    90.00,  89.85,   1.77, 
   37.004, 0.1518, 0.7623,  3.63886,  3.65904,    90.00,  89.85,   1.82, 
   37.005, 0.1518, 0.7623,  3.63836,  3.65902,    90.00,  89.85,   1.86, 
   37.005, 0.1518, 0.7624,  3.63786,  3.65899,    90.00,  89.85,   1.90, 
   37.006, 0.1517, 0.7624,  3.63734,  3.65896,    90.00,  89.85,   1.95, 
   37.007, 0.1517, 0.7624,  3.63681,  3.65893,    90.00,  89.85,   1.99, 
   37.008, 0.1517, 0.7624,  3.63626,  3.65890,    90.00,  89.85,   2.04, 
   37.009, 0.1516, 0.7625,  3.63569,  3.65886,    90.00,  89.85,   2.08, 
   37.011, 0.1516, 0.7625,  3.63510,  3.65882,    90.00,  89.85,   2.13, 
   37.012, 0.1515, 0.7625,  3.63448,  3.65878,    90.00,  89.85,   2.19, 
   37.014, 0.1515, 0.7625,  3.63385,  3.65873,    90.00,  89.85,   2.24, 
   37.015, 0.1514, 0.7626,  3.63318,  3.65867,    90.00,  89.85,   2.29, 
   37.017, 0.1513, 0.7626,  3.63249,  3.65861,    90.00,  89.85,   2.35, 
   37.019, 0.1513, 0.7627,  3.63176,  3.65854,    90.00,  89.85,   2.41, 
   37.021, 0.1512, 0.7627,  3.63101,  3.65847,    90.00,  89.85,   2.47, 
   37.024, 0.1511, 0.7628,  3.63023,  3.65839,    90.00,  89.85,   2.53, 
   37.027, 0.1510, 0.7628,  3.62941,  3.65830,    90.00,  89.85,   2.60, 
   37.029, 0.1509, 0.7629,  3.62856,  3.65820,    90.00,  89.85,   2.67, 
   37.033, 0.1507, 0.7630,  3.62767,  3.65810,    90.00,  89.85,   2.74, 
   37.036, 0.1506, 0.7630,  3.62676,  3.65798,    90.00,  89.85,   2.81, 
   37.040, 0.1505, 0.7631,  3.62581,  3.65785,    90.00,  89.85,   2.88, 
   37.045, 0.1503, 0.7632,  3.62483,  3.65771,    90.00,  89.85,   2.96, 
   37.050, 0.1501, 0.7633,  3.62382,  3.65755,    90.00,  89.85,   3.03, 
   37.055, 0.1499, 0.7634,  3.62279,  3.65738,    90.00,  89.85,   3.11, 
   37.061, 0.1497, 0.7636,  3.62174,  3.65719,    90.00,  89.85,   3.19, 
   37.067, 0.1495, 0.7637,  3.62067,  3.65698,    90.00,  89.85,   3.27, 
   37.074, 0.1492, 0.7639,  3.61959,  3.65674,    90.00,  89.85,   3.34, 
   37.082, 0.1489, 0.7640,  3.61851,  3.65649,    90.00,  89.85,   3.42, 
   37.090, 0.1486, 0.7642,  3.61743,  3.65621,    90.00,  89.85,   3.49, 
   37.100, 0.1482, 0.7644,  3.61638,  3.65590,    90.00,  89.85,   3.55, 
   37.110, 0.1479, 0.7647,  3.61535,  3.65556,    90.00,  89.85,   3.62, 
   37.121, 0.1474, 0.7649,  3.61436,  3.65519,    90.00,  89.85,   3.67, 
   37.134, 0.1470, 0.7652,  3.61342,  3.65478,    90.00,  89.85,   3.72, 
   37.148, 0.1465, 0.7655,  3.61255,  3.65432,    90.00,  89.85,   3.75, 
   37.163, 0.1459, 0.7658,  3.61174,  3.65382,    90.00,  89.85,   3.78, 
   37.179, 0.1453, 0.7662,  3.61101,  3.65327,    90.00,  89.85,   3.79, 
   37.197, 0.1446, 0.7666,  3.61031,  3.65266,    90.00,  89.85,   3.80, 
   37.218, 0.1438, 0.7670,  3.60963,  3.65198,    90.00,  89.85,   3.80, 
   37.240, 0.1430, 0.7675,  3.60896,  3.65124,    90.00,  89.85,   3.79, 
   37.264, 0.1421, 0.7680,  3.60827,  3.65042,    90.00,  89.85,   3.77, 
   37.291, 0.1411, 0.7686,  3.60757,  3.64951,    90.00,  89.85,   3.76, 
   37.320, 0.1400, 0.7692,  3.60685,  3.64851,    90.00,  89.85,   3.73, 
   37.352, 0.1388, 0.7700,  3.60609,  3.64740,    90.00,  89.85,   3.70, 
   37.388, 0.1375, 0.7707,  3.60530,  3.64618,    90.00,  89.85,   3.67, 
   37.427, 0.1360, 0.7716,  3.60444,  3.64483,    90.00,  89.85,   3.63, 
   37.470, 0.1344, 0.7725,  3.60348,  3.64334,    90.00,  89.85,   3.58, 
   37.517, 0.1327, 0.7736,  3.60239,  3.64171,    90.00,  89.85,   3.54, 
   37.570, 0.1307, 0.7747,  3.60113,  3.63992,    90.00,  89.85,   3.49, 
   37.627, 0.1286, 0.7759,  3.59964,  3.63798,    90.00,  89.85,   3.45, 
   37.690, 0.1262, 0.7773,  3.59787,  3.63590,    90.00,  89.85,   3.43, 
   37.759, 0.1236, 0.7788,  3.59571,  3.63369,    90.00,  89.85,   3.42, 
   37.835, 0.1208, 0.7805,  3.59293,  3.63142,    90.00,  89.85,   3.47, 
   37.919, 0.1176, 0.7823,  3.58905,  3.62915,    90.00,  89.85,   3.61, 
   38.012, 0.1142, 0.7844,  3.58294,  3.62696,    90.00,  89.85,   3.96, 
   38.113, 0.1104, 0.7866,  3.57203,  3.62495,    90.00,  89.85,   4.76, 
   38.225, 0.1062, 0.7890,  3.55008,  3.62319,    90.00,  89.85,   6.58, 
   38.348, 0.1017, 0.7917,  3.50147,  3.62169,    90.00,  89.85,  10.82, 
   38.483, 0.0966, 0.7947,  3.38471,  3.62039,    90.00,  89.85,  21.21, 
   38.631, 0.0911, 0.7979,  3.08344,  3.61911,    90.00,  89.85,  48.21, 
   38.780, 0.0855, 0.8011,  2.36219,  3.61780,    90.00,  89.85, 113.00, 
   38.798, 0.0848, 0.8016,  2.21907,  3.61763,    90.00,  89.85, 125.87, 
   38.808, 0.0845, 0.8018,  2.14157,  3.61754,    90.00,  89.85, 132.84, 
   38.813, 0.0843, 0.8019,  2.09716,  3.61749,    90.00,  89.85, 136.83, 
   38.814, 0.0842, 0.8019,  2.08471,  3.61748,    90.00,  89.85, 137.95, 
   38.815, 0.0842, 0.8019,  2.08124,  3.61748,    90.00,  89.85, 138.26, 
   38.815, 0.0842, 0.8019,  2.07857,  3.61747,    90.00,  89.85, 138.50, 
   38.815, 0.0842, 0.8019,  2.07781,  3.61747,    90.00,  89.85, 138.57, 
   38.815, 0.0842, 0.8019,  2.07769,  3.61747,    90.00,  89.85, 138.58, 
 mass is   0.816565
 energy is   11.5116029
 power is   17.7946428
 367 this time step did not converge
 Solid concentration driven to zero.
 Consider changing vcut or the current density.
  
 dV/dt at point of failure is (V/s) -1.05729666
 Moving on to next leg if not the last
  
 comp 7 not converged
 comp 15 not converged
 

     this run just did not converge


