     50  lim, limit on number of iterations
 100.00  h1,  thickness of negative electrode (microns)
  25.00  h2,  thickness of separator (microns)
 100.00  h3,  thickness of positive electrode (microns)
  25.00  hcn, thickness of negative electrode current collector (microns)
  25.00  hcp, thickness of positive electrode current collector (microns)
     80  n1,  number of nodes in negative electrode
     40  n2,  number of nodes in separator
     80  n3,  number of nodes in positive electrode
 363.00  T,   temperature (K)

 1000.0  xx(1,n1+2), initial concentration (mol/m3)
 0.6000  csx,   initial stoichiometric parameter for negative
 0.5000  csy,   initial stoichiometric parameter for positive
   30.0  tmmax, maximum time step size (s)
 .4E-13  dfs1, diffusion coefficient in negative solid (m2/s)
 .1E-12  dfs3, diffusion coefficient in positive solid (m2/s)
  10.00  Rad1,  radius of negative particles (microns)
  10.00  Rad3,  radius of positive particles (microns)

  0.300  ep1,   volume fraction of electrolyte in negative electrode
  0.000  epp1,  volume fraction of polymer phase in negative electrode
  0.100  epf1,  volume fraction of inert filler in negative electrode
  1.000  ep2,   volume fraction of electrolyte in separator
  0.000  epp2,  volume fraction of polymer phase in separator
  0.300  ep3,   volume fraction of electrolyte in positive electrode
  0.000  epp3,  volume fraction of polymer phase in positive electrode
  0.200  epf3,  volume fraction of inert filler in positive electrode
 0.10E+03  sig1,  conductivity of negative matrix (S/m)
  10.      sig3,  conductivity of positive matrix (S/m)
  372.00  cot1,  coulombic capacity of negative material (mAh/g)
  274.00  cot3,  coulombic capacity of positive material (mAh/g)
 .1E-04  rka1,  reaction rate constant for negative reaction 
 .3E-10  rka3,  reaction rate constant for positive reaction

 1324.0  re,   density of electrolyte (kg/m3)
 1800.0  rs1,  density of negative insertion material (kg/m3)
 5010.0  rs3,  density of positive insertion material (kg/m3)
 1800.0  rf,   density of inert filler (kg/m3)
 1780.0  rpl,  density of polymer phase (kg/m3)
    0.0  rc,   density of separator material (kg/m3)
 8954.0  rcn,  density of negative current collector (kg/m3)
 2707.0  rcp,  density of positive current collector (kg/m3)

   0.001000  ranode,   anode film resistance (ohm-m2)
   0.000000  rcathde,  cathode film resistance (ohm-m2)
   0.00  htc,   heat-transfer coefficient with external medium (W/m2K)
   0.000000  dUdT,  temperature coefficient of EMF (V/K)
 2000.0  Cp,    heat capacity of cell (J/kg-K)
   0.00  residm,    residual mass (kg/m2)
 298.00  Tam,   ambient temperature (K)
      1  ncell, number of cells in a cell stack
      2  lht,   0 uses htc,  1 calcs htc,  2 isothermal

      0    nside, side reaction flag 

      1  il1,   1 for long print-out  0 for short print-out
     10  il2,   prints every il2 th node in long print-out
     10  il3,   prints every il3 th time step in long print-out
      1  lflag, 0 for electrolyte in separator only, 1 for uniform
      0  imp, 0 for no impedance, 1 for impedance
   0.00  capp1,  capacitance of negative material (F/m2)
   0.00  capp3,  capacitance of positive material (F/m2)
      1  lcurs, number of current changes
  
 MCMB 2528 Graphite (Bellcore)
 LiPF6 in EC:DMC
 LiCoO2 (Cobalt dioxide)
 open-circuit potential, negative   0.178978294
 delta S negative   0.
 open-circuit potential, positive   4.24165195
 delta S positive   0.
  
      DUAL INSERTION CELL VERSION 5.1
  
   Time     Util N  Util P  Cell Pot   Uocp      Curr      Temp   heatgen
   (min)       x       y      (V)       (V)      (A/m2)    (C)    (W/m2)
  
    0.000, 0.6000, 0.5000,  4.06140,  4.06267,    10.00,  89.85,   0.01, 
    0.001, 0.6000, 0.5000,  4.06137,  4.06267,    10.00,  89.85,   0.01, 
    0.001, 0.6000, 0.5000,  4.06134,  4.06267,    10.00,  89.85,   0.01, 
    0.001, 0.6000, 0.5000,  4.06131,  4.06267,    10.00,  89.85,   0.01, 
    0.002, 0.6000, 0.5000,  4.06129,  4.06267,    10.00,  89.85,   0.01, 
    0.002, 0.6000, 0.5000,  4.06126,  4.06267,    10.00,  89.85,   0.01, 
    0.003, 0.6000, 0.5000,  4.06124,  4.06267,    10.00,  89.85,   0.01, 
    0.003, 0.6000, 0.5000,  4.06122,  4.06267,    10.00,  89.85,   0.01, 
    0.004, 0.6000, 0.5000,  4.06119,  4.06266,    10.00,  89.85,   0.01, 
    0.005, 0.6000, 0.5000,  4.06117,  4.06266,    10.00,  89.85,   0.01, 
    0.006, 0.6000, 0.5000,  4.06114,  4.06266,    10.00,  89.85,   0.02, 
    0.007, 0.6000, 0.5000,  4.06112,  4.06266,    10.00,  89.85,   0.02, 
    0.007, 0.6000, 0.5000,  4.06109,  4.06266,    10.00,  89.85,   0.02, 
    0.009, 0.6000, 0.5000,  4.06106,  4.06265,    10.00,  89.85,   0.02, 
    0.010, 0.6000, 0.5000,  4.06103,  4.06265,    10.00,  89.85,   0.02, 
    0.011, 0.6000, 0.5000,  4.06100,  4.06265,    10.00,  89.85,   0.02, 
    0.012, 0.5999, 0.5000,  4.06097,  4.06264,    10.00,  89.85,   0.02, 
    0.014, 0.5999, 0.5000,  4.06094,  4.06264,    10.00,  89.85,   0.02, 
    0.016, 0.5999, 0.5000,  4.06090,  4.06264,    10.00,  89.85,   0.02, 
    0.017, 0.5999, 0.5000,  4.06087,  4.06263,    10.00,  89.85,   0.02, 
    0.019, 0.5999, 0.5000,  4.06083,  4.06263,    10.00,  89.85,   0.02, 
    0.022, 0.5999, 0.5001,  4.06079,  4.06262,    10.00,  89.85,   0.02, 
    0.024, 0.5999, 0.5001,  4.06075,  4.06262,    10.00,  89.85,   0.02, 
    0.027, 0.5999, 0.5001,  4.06071,  4.06261,    10.00,  89.85,   0.02, 
    0.030, 0.5999, 0.5001,  4.06067,  4.06260,    10.00,  89.85,   0.02, 
    0.033, 0.5999, 0.5001,  4.06062,  4.06260,    10.00,  89.85,   0.02, 
    0.037, 0.5998, 0.5001,  4.06057,  4.06259,    10.00,  89.85,   0.02, 
    0.041, 0.5998, 0.5001,  4.06052,  4.06258,    10.00,  89.85,   0.02, 
    0.045, 0.5998, 0.5001,  4.06047,  4.06257,    10.00,  89.85,   0.02, 
    0.050, 0.5998, 0.5001,  4.06042,  4.06256,    10.00,  89.85,   0.02, 
    0.055, 0.5998, 0.5001,  4.06036,  4.06255,    10.00,  89.85,   0.02, 
    0.061, 0.5997, 0.5001,  4.06031,  4.06253,    10.00,  89.85,   0.02, 
    0.067, 0.5997, 0.5002,  4.06025,  4.06252,    10.00,  89.85,   0.02, 
    0.074, 0.5997, 0.5002,  4.06019,  4.06250,    10.00,  89.85,   0.02, 
    0.082, 0.5997, 0.5002,  4.06012,  4.06248,    10.00,  89.85,   0.02, 
    0.091, 0.5996, 0.5002,  4.06006,  4.06246,    10.00,  89.85,   0.02, 
    0.100, 0.5996, 0.5002,  4.05999,  4.06244,    10.00,  89.85,   0.02, 
    0.110, 0.5995, 0.5003,  4.05992,  4.06242,    10.00,  89.85,   0.02, 
    0.122, 0.5995, 0.5003,  4.05984,  4.06239,    10.00,  89.85,   0.03, 
    0.134, 0.5994, 0.5003,  4.05976,  4.06236,    10.00,  89.85,   0.03, 
    0.148, 0.5994, 0.5004,  4.05968,  4.06233,    10.00,  89.85,   0.03, 
    0.163, 0.5993, 0.5004,  4.05960,  4.06230,    10.00,  89.85,   0.03, 
    0.180, 0.5993, 0.5004,  4.05951,  4.06226,    10.00,  89.85,   0.03, 
    0.198, 0.5992, 0.5005,  4.05942,  4.06222,    10.00,  89.85,   0.03, 
    0.218, 0.5991, 0.5005,  4.05932,  4.06217,    10.00,  89.85,   0.03, 
    0.240, 0.5990, 0.5006,  4.05921,  4.06212,    10.00,  89.85,   0.03, 
    0.264, 0.5989, 0.5006,  4.05911,  4.06206,    10.00,  89.85,   0.03, 
    0.291, 0.5988, 0.5007,  4.05899,  4.06200,    10.00,  89.85,   0.03, 
    0.320, 0.5987, 0.5008,  4.05887,  4.06193,    10.00,  89.85,   0.03, 
    0.353, 0.5985, 0.5009,  4.05874,  4.06186,    10.00,  89.85,   0.03, 
    0.388, 0.5984, 0.5009,  4.05860,  4.06178,    10.00,  89.85,   0.03, 
    0.427, 0.5982, 0.5010,  4.05846,  4.06169,    10.00,  89.85,   0.03, 
    0.470, 0.5980, 0.5011,  4.05831,  4.06159,    10.00,  89.85,   0.03, 
    0.518, 0.5979, 0.5013,  4.05815,  4.06148,    10.00,  89.85,   0.03, 
    0.570, 0.5976, 0.5014,  4.05797,  4.06136,    10.00,  89.85,   0.03, 
    0.627, 0.5974, 0.5015,  4.05779,  4.06123,    10.00,  89.85,   0.03, 
    0.690, 0.5971, 0.5017,  4.05760,  4.06109,    10.00,  89.85,   0.03, 
    0.760, 0.5968, 0.5018,  4.05739,  4.06094,    10.00,  89.85,   0.04, 
    0.836, 0.5965, 0.5020,  4.05717,  4.06077,    10.00,  89.85,   0.04, 
    0.920, 0.5962, 0.5022,  4.05694,  4.06058,    10.00,  89.85,   0.04, 
    1.012, 0.5958, 0.5025,  4.05669,  4.06037,    10.00,  89.85,   0.04, 
    1.113, 0.5954, 0.5027,  4.05643,  4.06015,    10.00,  89.85,   0.04, 
    1.225, 0.5949, 0.5030,  4.05614,  4.05990,    10.00,  89.85,   0.04, 
    1.348, 0.5944, 0.5033,  4.05584,  4.05963,    10.00,  89.85,   0.04, 
    1.483, 0.5938, 0.5036,  4.05551,  4.05934,    10.00,  89.85,   0.04, 
    1.632, 0.5932, 0.5040,  4.05517,  4.05902,    10.00,  89.85,   0.04, 
    1.795, 0.5926, 0.5044,  4.05479,  4.05867,    10.00,  89.85,   0.04, 
    1.975, 0.5918, 0.5048,  4.05439,  4.05829,    10.00,  89.85,   0.04, 
    2.173, 0.5910, 0.5053,  4.05395,  4.05787,    10.00,  89.85,   0.04, 
    2.390, 0.5901, 0.5058,  4.05348,  4.05741,    10.00,  89.85,   0.04, 
    2.629, 0.5891, 0.5064,  4.05297,  4.05692,    10.00,  89.85,   0.04, 
    2.893, 0.5880, 0.5070,  4.05241,  4.05638,    10.00,  89.85,   0.04, 
    3.182, 0.5868, 0.5077,  4.05180,  4.05579,    10.00,  89.85,   0.04, 
    3.501, 0.5855, 0.5085,  4.05113,  4.05514,    10.00,  89.85,   0.04, 
    3.851, 0.5840, 0.5094,  4.05037,  4.05444,    10.00,  89.85,   0.04, 
    4.237, 0.5824, 0.5103,  4.04950,  4.05366,    10.00,  89.85,   0.04, 
    4.661, 0.5807, 0.5113,  4.04849,  4.05279,    10.00,  89.85,   0.04, 
    5.127, 0.5787, 0.5124,  4.04727,  4.05180,    10.00,  89.85,   0.05, 
    5.640, 0.5766, 0.5137,  4.04572,  4.05064,    10.00,  89.85,   0.05, 
    6.153, 0.5745, 0.5149,  4.04387,  4.04936,    10.00,  89.85,   0.05, 
    6.666, 0.5723, 0.5162,  4.04158,  4.04788,    10.00,  89.85,   0.06, 
    7.179, 0.5702, 0.5174,  4.03875,  4.04612,    10.00,  89.85,   0.07, 
    7.692, 0.5681, 0.5187,  4.03525,  4.04395,    10.00,  89.85,   0.09, 
    8.205, 0.5660, 0.5199,  4.03107,  4.04124,    10.00,  89.85,   0.10, 
    8.718, 0.5638, 0.5212,  4.02631,  4.03789,    10.00,  89.85,   0.12, 
    9.231, 0.5617, 0.5224,  4.02124,  4.03386,    10.00,  89.85,   0.13, 
    9.744, 0.5596, 0.5237,  4.01620,  4.02924,    10.00,  89.85,   0.13, 
   10.257, 0.5574, 0.5249,  4.01154,  4.02424,    10.00,  89.85,   0.13, 
   10.770, 0.5553, 0.5262,  4.00750,  4.01924,    10.00,  89.85,   0.12, 
   11.283, 0.5532, 0.5274,  4.00415,  4.01457,    10.00,  89.85,   0.10, 
   11.796, 0.5511, 0.5286,  4.00145,  4.01050,    10.00,  89.85,   0.09, 
   12.309, 0.5489, 0.5299,  3.99928,  4.00712,    10.00,  89.85,   0.08, 
   12.822, 0.5468, 0.5311,  3.99750,  4.00442,    10.00,  89.85,   0.07, 
   13.335, 0.5447, 0.5324,  3.99599,  4.00227,    10.00,  89.85,   0.06, 
   13.848, 0.5426, 0.5336,  3.99464,  4.00054,    10.00,  89.85,   0.06, 
   14.361, 0.5404, 0.5349,  3.99337,  3.99911,    10.00,  89.85,   0.06, 
   14.874, 0.5383, 0.5361,  3.99210,  3.99786,    10.00,  89.85,   0.06, 
   15.387, 0.5362, 0.5374,  3.99080,  3.99670,    10.00,  89.85,   0.06, 
   15.900, 0.5340, 0.5386,  3.98941,  3.99558,    10.00,  89.85,   0.06, 
   16.413, 0.5319, 0.5399,  3.98791,  3.99442,    10.00,  89.85,   0.07, 
   16.926, 0.5298, 0.5411,  3.98627,  3.99320,    10.00,  89.85,   0.07, 
   17.439, 0.5277, 0.5423,  3.98447,  3.99188,    10.00,  89.85,   0.07, 
   17.952, 0.5255, 0.5436,  3.98248,  3.99041,    10.00,  89.85,   0.08, 
   18.465, 0.5234, 0.5448,  3.98029,  3.98879,    10.00,  89.85,   0.09, 
   18.978, 0.5213, 0.5461,  3.97787,  3.98698,    10.00,  89.85,   0.09, 
   19.491, 0.5191, 0.5473,  3.97522,  3.98496,    10.00,  89.85,   0.10, 
   20.004, 0.5170, 0.5486,  3.97232,  3.98271,    10.00,  89.85,   0.10, 
   20.517, 0.5149, 0.5498,  3.96917,  3.98022,    10.00,  89.85,   0.11, 
   21.030, 0.5128, 0.5511,  3.96576,  3.97747,    10.00,  89.85,   0.12, 
   21.543, 0.5106, 0.5523,  3.96209,  3.97444,    10.00,  89.85,   0.12, 
   22.056, 0.5085, 0.5536,  3.95816,  3.97114,    10.00,  89.85,   0.13, 
   22.569, 0.5064, 0.5548,  3.95399,  3.96756,    10.00,  89.85,   0.14, 
   23.082, 0.5042, 0.5560,  3.94960,  3.96369,    10.00,  89.85,   0.14, 
   23.595, 0.5021, 0.5573,  3.94500,  3.95956,    10.00,  89.85,   0.15, 
   24.108, 0.5000, 0.5585,  3.94023,  3.95518,    10.00,  89.85,   0.15, 
   24.621, 0.4979, 0.5598,  3.93532,  3.95056,    10.00,  89.85,   0.15, 
   25.134, 0.4957, 0.5610,  3.93030,  3.94575,    10.00,  89.85,   0.15, 
   25.647, 0.4936, 0.5623,  3.92523,  3.94077,    10.00,  89.85,   0.16, 
   26.160, 0.4915, 0.5635,  3.92014,  3.93566,    10.00,  89.85,   0.16, 
   26.673, 0.4893, 0.5648,  3.91508,  3.93048,    10.00,  89.85,   0.15, 
   27.186, 0.4872, 0.5660,  3.91010,  3.92526,    10.00,  89.85,   0.15, 
   27.699, 0.4851, 0.5673,  3.90523,  3.92006,    10.00,  89.85,   0.15, 
   28.212, 0.4830, 0.5685,  3.90051,  3.91492,    10.00,  89.85,   0.14, 
   28.725, 0.4808, 0.5698,  3.89598,  3.90988,    10.00,  89.85,   0.14, 
   29.238, 0.4787, 0.5710,  3.89166,  3.90499,    10.00,  89.85,   0.13, 
   29.751, 0.4766, 0.5722,  3.88757,  3.90029,    10.00,  89.85,   0.13, 
   30.264, 0.4745, 0.5735,  3.88372,  3.89580,    10.00,  89.85,   0.12, 
   30.777, 0.4723, 0.5747,  3.88013,  3.89154,    10.00,  89.85,   0.11, 
   31.290, 0.4702, 0.5760,  3.87678,  3.88753,    10.00,  89.85,   0.11, 
   31.803, 0.4681, 0.5772,  3.87369,  3.88378,    10.00,  89.85,   0.10, 
   32.316, 0.4659, 0.5785,  3.87083,  3.88028,    10.00,  89.85,   0.09, 
   32.829, 0.4638, 0.5797,  3.86821,  3.87705,    10.00,  89.85,   0.09, 
   33.342, 0.4617, 0.5810,  3.86579,  3.87406,    10.00,  89.85,   0.08, 
   33.855, 0.4596, 0.5822,  3.86358,  3.87131,    10.00,  89.85,   0.08, 
   34.368, 0.4574, 0.5835,  3.86154,  3.86879,    10.00,  89.85,   0.07, 
   34.881, 0.4553, 0.5847,  3.85967,  3.86647,    10.00,  89.85,   0.07, 
   35.394, 0.4532, 0.5859,  3.85793,  3.86434,    10.00,  89.85,   0.06, 
   35.907, 0.4510, 0.5872,  3.85633,  3.86238,    10.00,  89.85,   0.06, 
   36.420, 0.4489, 0.5884,  3.85484,  3.86058,    10.00,  89.85,   0.06, 
   36.933, 0.4468, 0.5897,  3.85344,  3.85891,    10.00,  89.85,   0.05, 
   37.446, 0.4447, 0.5909,  3.85212,  3.85736,    10.00,  89.85,   0.05, 
   37.959, 0.4425, 0.5922,  3.85086,  3.85591,    10.00,  89.85,   0.05, 
   38.472, 0.4404, 0.5934,  3.84966,  3.85454,    10.00,  89.85,   0.05, 
   38.985, 0.4383, 0.5947,  3.84850,  3.85325,    10.00,  89.85,   0.05, 
   39.498, 0.4361, 0.5959,  3.84738,  3.85201,    10.00,  89.85,   0.05, 
   40.011, 0.4340, 0.5972,  3.84628,  3.85083,    10.00,  89.85,   0.05, 
   40.524, 0.4319, 0.5984,  3.84520,  3.84968,    10.00,  89.85,   0.04, 
   41.037, 0.4298, 0.5996,  3.84413,  3.84856,    10.00,  89.85,   0.04, 
   41.550, 0.4276, 0.6009,  3.84306,  3.84746,    10.00,  89.85,   0.04, 
   42.063, 0.4255, 0.6021,  3.84199,  3.84637,    10.00,  89.85,   0.04, 
   42.576, 0.4234, 0.6034,  3.84092,  3.84529,    10.00,  89.85,   0.04, 
   43.089, 0.4212, 0.6046,  3.83984,  3.84421,    10.00,  89.85,   0.04, 
   43.602, 0.4191, 0.6059,  3.83875,  3.84313,    10.00,  89.85,   0.04, 
   44.115, 0.4170, 0.6071,  3.83765,  3.84204,    10.00,  89.85,   0.04, 
   44.628, 0.4149, 0.6084,  3.83653,  3.84094,    10.00,  89.85,   0.04, 
   45.141, 0.4127, 0.6096,  3.83540,  3.83983,    10.00,  89.85,   0.04, 
   45.654, 0.4106, 0.6109,  3.83425,  3.83871,    10.00,  89.85,   0.04, 
   46.167, 0.4085, 0.6121,  3.83309,  3.83758,    10.00,  89.85,   0.04, 
   46.680, 0.4064, 0.6133,  3.83190,  3.83642,    10.00,  89.85,   0.05, 
   47.193, 0.4042, 0.6146,  3.83070,  3.83525,    10.00,  89.85,   0.05, 
   47.706, 0.4021, 0.6158,  3.82949,  3.83406,    10.00,  89.85,   0.05, 
   48.219, 0.4000, 0.6171,  3.82825,  3.83286,    10.00,  89.85,   0.05, 
   48.732, 0.3978, 0.6183,  3.82700,  3.83164,    10.00,  89.85,   0.05, 
   49.245, 0.3957, 0.6196,  3.82574,  3.83040,    10.00,  89.85,   0.05, 
   49.758, 0.3936, 0.6208,  3.82446,  3.82914,    10.00,  89.85,   0.05, 
   50.271, 0.3915, 0.6221,  3.82317,  3.82787,    10.00,  89.85,   0.05, 
   50.784, 0.3893, 0.6233,  3.82186,  3.82658,    10.00,  89.85,   0.05, 
   51.297, 0.3872, 0.6246,  3.82055,  3.82528,    10.00,  89.85,   0.05, 
   51.810, 0.3851, 0.6258,  3.81922,  3.82397,    10.00,  89.85,   0.05, 
   52.323, 0.3829, 0.6271,  3.81788,  3.82264,    10.00,  89.85,   0.05, 
   52.836, 0.3808, 0.6283,  3.81654,  3.82130,    10.00,  89.85,   0.05, 
   53.349, 0.3787, 0.6295,  3.81518,  3.81996,    10.00,  89.85,   0.05, 
   53.862, 0.3766, 0.6308,  3.81383,  3.81860,    10.00,  89.85,   0.05, 
   54.375, 0.3744, 0.6320,  3.81247,  3.81723,    10.00,  89.85,   0.05, 
   54.888, 0.3723, 0.6333,  3.81110,  3.81586,    10.00,  89.85,   0.05, 
   55.401, 0.3702, 0.6345,  3.80974,  3.81448,    10.00,  89.85,   0.05, 
   55.914, 0.3680, 0.6358,  3.80837,  3.81310,    10.00,  89.85,   0.05, 
   56.427, 0.3659, 0.6370,  3.80701,  3.81172,    10.00,  89.85,   0.05, 
   56.940, 0.3638, 0.6383,  3.80566,  3.81033,    10.00,  89.85,   0.05, 
   57.453, 0.3617, 0.6395,  3.80430,  3.80894,    10.00,  89.85,   0.05, 
   57.966, 0.3595, 0.6408,  3.80294,  3.80755,    10.00,  89.85,   0.05, 
   58.479, 0.3574, 0.6420,  3.80157,  3.80616,    10.00,  89.85,   0.05, 
   58.992, 0.3553, 0.6432,  3.80020,  3.80477,    10.00,  89.85,   0.05, 
   59.505, 0.3531, 0.6445,  3.79883,  3.80338,    10.00,  89.85,   0.05, 
   60.018, 0.3510, 0.6457,  3.79746,  3.80200,    10.00,  89.85,   0.05, 
   60.531, 0.3489, 0.6470,  3.79610,  3.80062,    10.00,  89.85,   0.05, 
   61.044, 0.3468, 0.6482,  3.79473,  3.79925,    10.00,  89.85,   0.05, 
   61.557, 0.3446, 0.6495,  3.79337,  3.79788,    10.00,  89.85,   0.05, 
   62.070, 0.3425, 0.6507,  3.79201,  3.79651,    10.00,  89.85,   0.05, 
   62.583, 0.3404, 0.6520,  3.79065,  3.79516,    10.00,  89.85,   0.05, 
   63.096, 0.3383, 0.6532,  3.78930,  3.79381,    10.00,  89.85,   0.05, 
   63.609, 0.3361, 0.6545,  3.78795,  3.79247,    10.00,  89.85,   0.05, 
   64.122, 0.3340, 0.6557,  3.78660,  3.79113,    10.00,  89.85,   0.05, 
   64.635, 0.3319, 0.6569,  3.78527,  3.78980,    10.00,  89.85,   0.05, 
   65.148, 0.3297, 0.6582,  3.78394,  3.78848,    10.00,  89.85,   0.05, 
   65.661, 0.3276, 0.6594,  3.78261,  3.78717,    10.00,  89.85,   0.05, 
   66.174, 0.3255, 0.6607,  3.78130,  3.78587,    10.00,  89.85,   0.05, 
   66.687, 0.3234, 0.6619,  3.77999,  3.78457,    10.00,  89.85,   0.05, 
   67.200, 0.3212, 0.6632,  3.77869,  3.78329,    10.00,  89.85,   0.05, 
   67.713, 0.3191, 0.6644,  3.77740,  3.78201,    10.00,  89.85,   0.05, 
   68.226, 0.3170, 0.6657,  3.77611,  3.78073,    10.00,  89.85,   0.05, 
   68.739, 0.3148, 0.6669,  3.77484,  3.77947,    10.00,  89.85,   0.05, 
   69.252, 0.3127, 0.6682,  3.77357,  3.77821,    10.00,  89.85,   0.05, 
   69.765, 0.3106, 0.6694,  3.77232,  3.77695,    10.00,  89.85,   0.05, 
   70.278, 0.3085, 0.6707,  3.77107,  3.77570,    10.00,  89.85,   0.05, 
   70.791, 0.3063, 0.6719,  3.76982,  3.77446,    10.00,  89.85,   0.05, 
   71.304, 0.3042, 0.6731,  3.76857,  3.77322,    10.00,  89.85,   0.05, 
   71.817, 0.3021, 0.6744,  3.76731,  3.77198,    10.00,  89.85,   0.05, 
   72.330, 0.2999, 0.6756,  3.76604,  3.77074,    10.00,  89.85,   0.05, 
   72.843, 0.2978, 0.6769,  3.76476,  3.76950,    10.00,  89.85,   0.05, 
   73.356, 0.2957, 0.6781,  3.76348,  3.76827,    10.00,  89.85,   0.05, 
   73.869, 0.2936, 0.6794,  3.76218,  3.76703,    10.00,  89.85,   0.05, 
   74.382, 0.2914, 0.6806,  3.76088,  3.76579,    10.00,  89.85,   0.05, 
   74.895, 0.2893, 0.6819,  3.75956,  3.76455,    10.00,  89.85,   0.05, 
   75.408, 0.2872, 0.6831,  3.75824,  3.76330,    10.00,  89.85,   0.05, 
   75.921, 0.2850, 0.6844,  3.75690,  3.76205,    10.00,  89.85,   0.05, 
   76.434, 0.2829, 0.6856,  3.75555,  3.76079,    10.00,  89.85,   0.05, 
   76.947, 0.2808, 0.6868,  3.75419,  3.75953,    10.00,  89.85,   0.05, 
   77.460, 0.2787, 0.6881,  3.75281,  3.75826,    10.00,  89.85,   0.05, 
   77.973, 0.2765, 0.6893,  3.75142,  3.75697,    10.00,  89.85,   0.06, 
   78.486, 0.2744, 0.6906,  3.75001,  3.75568,    10.00,  89.85,   0.06, 
   78.999, 0.2723, 0.6918,  3.74859,  3.75438,    10.00,  89.85,   0.06, 
   79.512, 0.2702, 0.6931,  3.74715,  3.75306,    10.00,  89.85,   0.06, 
   80.025, 0.2680, 0.6943,  3.74569,  3.75173,    10.00,  89.85,   0.06, 
   80.538, 0.2659, 0.6956,  3.74422,  3.75039,    10.00,  89.85,   0.06, 
   81.051, 0.2638, 0.6968,  3.74272,  3.74903,    10.00,  89.85,   0.06, 
   81.564, 0.2616, 0.6981,  3.74121,  3.74765,    10.00,  89.85,   0.06, 
   82.077, 0.2595, 0.6993,  3.73969,  3.74626,    10.00,  89.85,   0.07, 
   82.590, 0.2574, 0.7005,  3.73814,  3.74485,    10.00,  89.85,   0.07, 
   83.103, 0.2553, 0.7018,  3.73657,  3.74343,    10.00,  89.85,   0.07, 
   83.616, 0.2531, 0.7030,  3.73499,  3.74199,    10.00,  89.85,   0.07, 
   84.129, 0.2510, 0.7043,  3.73338,  3.74053,    10.00,  89.85,   0.07, 
   84.642, 0.2489, 0.7055,  3.73176,  3.73905,    10.00,  89.85,   0.07, 
   85.155, 0.2467, 0.7068,  3.73012,  3.73755,    10.00,  89.85,   0.07, 
   85.668, 0.2446, 0.7080,  3.72847,  3.73604,    10.00,  89.85,   0.08, 
   86.181, 0.2425, 0.7093,  3.72679,  3.73451,    10.00,  89.85,   0.08, 
   86.694, 0.2404, 0.7105,  3.72510,  3.73295,    10.00,  89.85,   0.08, 
   87.207, 0.2382, 0.7118,  3.72340,  3.73138,    10.00,  89.85,   0.08, 
   87.720, 0.2361, 0.7130,  3.72167,  3.72979,    10.00,  89.85,   0.08, 
   88.233, 0.2340, 0.7142,  3.71994,  3.72819,    10.00,  89.85,   0.08, 
   88.746, 0.2318, 0.7155,  3.71818,  3.72656,    10.00,  89.85,   0.08, 
   89.259, 0.2297, 0.7167,  3.71642,  3.72492,    10.00,  89.85,   0.09, 
   89.772, 0.2276, 0.7180,  3.71464,  3.72326,    10.00,  89.85,   0.09, 
   90.285, 0.2255, 0.7192,  3.71285,  3.72159,    10.00,  89.85,   0.09, 
   90.798, 0.2233, 0.7205,  3.71104,  3.71990,    10.00,  89.85,   0.09, 
   91.311, 0.2212, 0.7217,  3.70923,  3.71819,    10.00,  89.85,   0.09, 
   91.824, 0.2191, 0.7230,  3.70741,  3.71647,    10.00,  89.85,   0.09, 
   92.337, 0.2169, 0.7242,  3.70557,  3.71474,    10.00,  89.85,   0.09, 
   92.850, 0.2148, 0.7255,  3.70373,  3.71299,    10.00,  89.85,   0.09, 
   93.363, 0.2127, 0.7267,  3.70189,  3.71123,    10.00,  89.85,   0.09, 
   93.876, 0.2106, 0.7280,  3.70003,  3.70946,    10.00,  89.85,   0.09, 
   94.389, 0.2084, 0.7292,  3.69817,  3.70768,    10.00,  89.85,   0.10, 
   94.902, 0.2063, 0.7304,  3.69631,  3.70589,    10.00,  89.85,   0.10, 
   95.415, 0.2042, 0.7317,  3.69444,  3.70409,    10.00,  89.85,   0.10, 
   95.928, 0.2021, 0.7329,  3.69257,  3.70228,    10.00,  89.85,   0.10, 
   96.441, 0.1999, 0.7342,  3.69070,  3.70047,    10.00,  89.85,   0.10, 
   96.954, 0.1978, 0.7354,  3.68883,  3.69865,    10.00,  89.85,   0.10, 
   97.467, 0.1957, 0.7367,  3.68696,  3.69682,    10.00,  89.85,   0.10, 
   97.980, 0.1935, 0.7379,  3.68509,  3.69499,    10.00,  89.85,   0.10, 
   98.493, 0.1914, 0.7392,  3.68322,  3.69316,    10.00,  89.85,   0.10, 
   99.006, 0.1893, 0.7404,  3.68135,  3.69132,    10.00,  89.85,   0.10, 
   99.519, 0.1872, 0.7417,  3.67948,  3.68948,    10.00,  89.85,   0.10, 
  100.032, 0.1850, 0.7429,  3.67762,  3.68764,    10.00,  89.85,   0.10, 
  100.545, 0.1829, 0.7441,  3.67576,  3.68581,    10.00,  89.85,   0.10, 
  101.058, 0.1808, 0.7454,  3.67390,  3.68397,    10.00,  89.85,   0.10, 
  101.571, 0.1786, 0.7466,  3.67204,  3.68213,    10.00,  89.85,   0.10, 
  102.084, 0.1765, 0.7479,  3.67018,  3.68029,    10.00,  89.85,   0.10, 
  102.597, 0.1744, 0.7491,  3.66833,  3.67846,    10.00,  89.85,   0.10, 
  103.110, 0.1723, 0.7504,  3.66647,  3.67663,    10.00,  89.85,   0.10, 
  103.623, 0.1701, 0.7516,  3.66461,  3.67480,    10.00,  89.85,   0.10, 
  104.136, 0.1680, 0.7529,  3.66275,  3.67297,    10.00,  89.85,   0.10, 
  104.649, 0.1659, 0.7541,  3.66088,  3.67114,    10.00,  89.85,   0.10, 
  105.162, 0.1637, 0.7554,  3.65900,  3.66932,    10.00,  89.85,   0.10, 
  105.675, 0.1616, 0.7566,  3.65712,  3.66749,    10.00,  89.85,   0.10, 
  106.188, 0.1595, 0.7578,  3.65522,  3.66566,    10.00,  89.85,   0.10, 
  106.701, 0.1574, 0.7591,  3.65330,  3.66383,    10.00,  89.85,   0.11, 
  107.214, 0.1552, 0.7603,  3.65136,  3.66200,    10.00,  89.85,   0.11, 
  107.727, 0.1531, 0.7616,  3.64941,  3.66015,    10.00,  89.85,   0.11, 
  108.240, 0.1510, 0.7628,  3.64744,  3.65830,    10.00,  89.85,   0.11, 
  108.753, 0.1488, 0.7641,  3.64545,  3.65643,    10.00,  89.85,   0.11, 
  109.266, 0.1467, 0.7653,  3.64346,  3.65455,    10.00,  89.85,   0.11, 
  109.779, 0.1446, 0.7666,  3.64147,  3.65265,    10.00,  89.85,   0.11, 
  110.292, 0.1425, 0.7678,  3.63949,  3.65073,    10.00,  89.85,   0.11, 
  110.805, 0.1403, 0.7691,  3.63753,  3.64880,    10.00,  89.85,   0.11, 
  111.318, 0.1382, 0.7703,  3.63562,  3.64685,    10.00,  89.85,   0.11, 
  111.831, 0.1361, 0.7716,  3.63377,  3.64488,    10.00,  89.85,   0.11, 
  112.344, 0.1340, 0.7728,  3.63200,  3.64291,    10.00,  89.85,   0.11, 
  112.857, 0.1318, 0.7740,  3.63033,  3.64095,    10.00,  89.85,   0.11, 
  113.370, 0.1297, 0.7753,  3.62878,  3.63900,    10.00,  89.85,   0.10, 
  113.883, 0.1276, 0.7765,  3.62734,  3.63709,    10.00,  89.85,   0.10, 
  114.396, 0.1254, 0.7778,  3.62605,  3.63523,    10.00,  89.85,   0.09, 
  114.909, 0.1233, 0.7790,  3.62488,  3.63343,    10.00,  89.85,   0.09, 
  115.422, 0.1212, 0.7803,  3.62384,  3.63173,    10.00,  89.85,   0.08, 
  115.935, 0.1191, 0.7815,  3.62293,  3.63014,    10.00,  89.85,   0.07, 
  116.448, 0.1169, 0.7828,  3.62212,  3.62866,    10.00,  89.85,   0.07, 
  116.960, 0.1148, 0.7840,  3.62140,  3.62731,    10.00,  89.85,   0.06, 
  117.473, 0.1127, 0.7853,  3.62076,  3.62610,    10.00,  89.85,   0.05, 
  117.986, 0.1105, 0.7865,  3.62018,  3.62501,    10.00,  89.85,   0.05, 
  118.499, 0.1084, 0.7877,  3.61963,  3.62405,    10.00,  89.85,   0.04, 
  119.012, 0.1063, 0.7890,  3.61911,  3.62321,    10.00,  89.85,   0.04, 
  119.525, 0.1042, 0.7902,  3.61861,  3.62246,    10.00,  89.85,   0.04, 
  120.038, 0.1020, 0.7915,  3.61810,  3.62180,    10.00,  89.85,   0.04, 
  120.551, 0.0999, 0.7927,  3.61758,  3.62121,    10.00,  89.85,   0.04, 
  121.064, 0.0978, 0.7940,  3.61705,  3.62067,    10.00,  89.85,   0.04, 
  121.577, 0.0956, 0.7952,  3.61650,  3.62016,    10.00,  89.85,   0.04, 
  122.090, 0.0935, 0.7965,  3.61592,  3.61967,    10.00,  89.85,   0.04, 
  122.603, 0.0914, 0.7977,  3.61531,  3.61919,    10.00,  89.85,   0.04, 
  123.116, 0.0893, 0.7990,  3.61466,  3.61870,    10.00,  89.85,   0.04, 
  123.629, 0.0871, 0.8002,  3.61399,  3.61820,    10.00,  89.85,   0.04, 
  124.142, 0.0850, 0.8014,  3.61328,  3.61768,    10.00,  89.85,   0.04, 
  124.655, 0.0829, 0.8027,  3.61254,  3.61713,    10.00,  89.85,   0.05, 
  125.168, 0.0807, 0.8039,  3.61176,  3.61655,    10.00,  89.85,   0.05, 
  125.681, 0.0786, 0.8052,  3.61094,  3.61594,    10.00,  89.85,   0.05, 
  126.194, 0.0765, 0.8064,  3.61007,  3.61530,    10.00,  89.85,   0.05, 
  126.707, 0.0744, 0.8077,  3.60916,  3.61463,    10.00,  89.85,   0.05, 
  127.220, 0.0722, 0.8089,  3.60818,  3.61392,    10.00,  89.85,   0.06, 
  127.733, 0.0701, 0.8102,  3.60713,  3.61318,    10.00,  89.85,   0.06, 
  128.246, 0.0680, 0.8114,  3.60599,  3.61240,    10.00,  89.85,   0.06, 
  128.759, 0.0659, 0.8127,  3.60473,  3.61158,    10.00,  89.85,   0.07, 
  129.272, 0.0637, 0.8139,  3.60333,  3.61070,    10.00,  89.85,   0.07, 
  129.785, 0.0616, 0.8151,  3.60174,  3.60978,    10.00,  89.85,   0.08, 
  130.298, 0.0595, 0.8164,  3.59990,  3.60879,    10.00,  89.85,   0.09, 
  130.811, 0.0573, 0.8176,  3.59774,  3.60771,    10.00,  89.85,   0.10, 
  131.324, 0.0552, 0.8189,  3.59518,  3.60654,    10.00,  89.85,   0.11, 
  131.837, 0.0531, 0.8201,  3.59209,  3.60523,    10.00,  89.85,   0.13, 
  132.350, 0.0510, 0.8214,  3.58832,  3.60376,    10.00,  89.85,   0.15, 
  132.863, 0.0488, 0.8226,  3.58367,  3.60207,    10.00,  89.85,   0.18, 
  133.376, 0.0467, 0.8239,  3.57787,  3.60011,    10.00,  89.85,   0.22, 
  133.889, 0.0446, 0.8251,  3.57059,  3.59779,    10.00,  89.85,   0.27, 
  134.402, 0.0424, 0.8264,  3.56141,  3.59502,    10.00,  89.85,   0.34, 
  134.915, 0.0403, 0.8276,  3.54975,  3.59165,    10.00,  89.85,   0.42, 
  135.428, 0.0382, 0.8289,  3.53491,  3.58750,    10.00,  89.85,   0.53, 
  135.941, 0.0361, 0.8301,  3.51594,  3.58237,    10.00,  89.85,   0.66, 
  136.454, 0.0339, 0.8313,  3.49164,  3.57594,    10.00,  89.85,   0.84, 
  136.967, 0.0318, 0.8326,  3.46047,  3.56785,    10.00,  89.85,   1.07, 
  137.480, 0.0297, 0.8338,  3.42042,  3.55760,    10.00,  89.85,   1.37, 
  137.993, 0.0275, 0.8351,  3.36889,  3.54457,    10.00,  89.85,   1.76, 
  138.506, 0.0254, 0.8363,  3.30256,  3.52795,    10.00,  89.85,   2.25, 
  139.019, 0.0233, 0.8376,  3.21710,  3.50668,    10.00,  89.85,   2.90, 
  139.532, 0.0212, 0.8388,  3.10695,  3.47940,    10.00,  89.85,   3.72, 
  140.045, 0.0190, 0.8401,  2.96492,  3.44438,    10.00,  89.85,   4.79, 
  140.558, 0.0169, 0.8413,  2.78173,  3.39935,    10.00,  89.85,   6.18, 
  141.071, 0.0148, 0.8426,  2.54541,  3.34140,    10.00,  89.85,   7.96, 
  141.584, 0.0126, 0.8438,  2.24049,  3.26676,    10.00,  89.85,  10.26, 
  141.713, 0.0121, 0.8441,  2.15131,  3.24496,    10.00,  89.85,  10.94, 
  141.783, 0.0118, 0.8443,  2.09979,  3.23236,    10.00,  89.85,  11.33, 
  141.793, 0.0118, 0.8443,  2.09256,  3.23059,    10.00,  89.85,  11.38, 
  141.794, 0.0118, 0.8443,  2.09157,  3.23035,    10.00,  89.85,  11.39, 
  141.795, 0.0118, 0.8443,  2.09129,  3.23028,    10.00,  89.85,  11.39, 
  141.795, 0.0118, 0.8443,  2.09110,  3.23025,    10.00,  89.85,  11.39, 
  141.795, 0.0118, 0.8443,  2.09094,  3.23023,    10.00,  89.85,  11.39, 
  141.795, 0.0118, 0.8443,  2.09090,  3.23022,    10.00,  89.85,  11.39, 
  141.795, 0.0118, 0.8443,  2.09086,  3.23022,    10.00,  89.85,  11.39, 
 mass is   0.816565
 energy is   108.753017
 power is   46.0184429
 354 this time step did not converge
 Solid concentration driven to zero.
 Consider changing vcut or the current density.
  
 dV/dt at point of failure is (V/s) -0.156459208
 Moving on to next leg if not the last
  
 comp 7 not converged

            mass  =  0.8166 kg/m2
 specific energy segment =   108.75 W-h/kg
 specific power segment  =    46.02 W/kg
 total heat =          0.5928 W-h/m2
  
