     50  lim, limit on number of iterations
 100.00  h1,  thickness of negative electrode (microns)
  25.00  h2,  thickness of separator (microns)
 100.00  h3,  thickness of positive electrode (microns)
  25.00  hcn, thickness of negative electrode current collector (microns)
  25.00  hcp, thickness of positive electrode current collector (microns)
     80  n1,  number of nodes in negative electrode
     40  n2,  number of nodes in separator
     80  n3,  number of nodes in positive electrode
 298.00  T,   temperature (K)

 1000.0  xx(1,n1+2), initial concentration (mol/m3)
 0.6000  csx,   initial stoichiometric parameter for negative
 0.5000  csy,   initial stoichiometric parameter for positive
   30.0  tmmax, maximum time step size (s)
 .4E-13  dfs1, diffusion coefficient in negative solid (m2/s)
 .1E-12  dfs3, diffusion coefficient in positive solid (m2/s)
  10.00  Rad1,  radius of negative particles (microns)
  10.00  Rad3,  radius of positive particles (microns)

  0.300  ep1,   volume fraction of electrolyte in negative electrode
  0.000  epp1,  volume fraction of polymer phase in negative electrode
  0.100  epf1,  volume fraction of inert filler in negative electrode
  1.000  ep2,   volume fraction of electrolyte in separator
  0.000  epp2,  volume fraction of polymer phase in separator
  0.300  ep3,   volume fraction of electrolyte in positive electrode
  0.000  epp3,  volume fraction of polymer phase in positive electrode
  0.200  epf3,  volume fraction of inert filler in positive electrode
 0.10E+03  sig1,  conductivity of negative matrix (S/m)
  10.      sig3,  conductivity of positive matrix (S/m)
  372.00  cot1,  coulombic capacity of negative material (mAh/g)
  274.00  cot3,  coulombic capacity of positive material (mAh/g)
 .1E-04  rka1,  reaction rate constant for negative reaction 
 .3E-10  rka3,  reaction rate constant for positive reaction

 1324.0  re,   density of electrolyte (kg/m3)
 1800.0  rs1,  density of negative insertion material (kg/m3)
 5010.0  rs3,  density of positive insertion material (kg/m3)
 1800.0  rf,   density of inert filler (kg/m3)
 1780.0  rpl,  density of polymer phase (kg/m3)
    0.0  rc,   density of separator material (kg/m3)
 8954.0  rcn,  density of negative current collector (kg/m3)
 2707.0  rcp,  density of positive current collector (kg/m3)

   0.001000  ranode,   anode film resistance (ohm-m2)
   0.000000  rcathde,  cathode film resistance (ohm-m2)
   0.00  htc,   heat-transfer coefficient with external medium (W/m2K)
   0.000000  dUdT,  temperature coefficient of EMF (V/K)
 2000.0  Cp,    heat capacity of cell (J/kg-K)
   0.00  residm,    residual mass (kg/m2)
 298.00  Tam,   ambient temperature (K)
      1  ncell, number of cells in a cell stack
      2  lht,   0 uses htc,  1 calcs htc,  2 isothermal

      0    nside, side reaction flag 

      1  il1,   1 for long print-out  0 for short print-out
     10  il2,   prints every il2 th node in long print-out
     10  il3,   prints every il3 th time step in long print-out
      1  lflag, 0 for electrolyte in separator only, 1 for uniform
      0  imp, 0 for no impedance, 1 for impedance
   0.00  capp1,  capacitance of negative material (F/m2)
   0.00  capp3,  capacitance of positive material (F/m2)
      3  lcurs, number of current changes
  
 MCMB 2528 Graphite (Bellcore)
 LiPF6 in EC:DMC
 LiCoO2 (Cobalt dioxide)
 open-circuit potential, negative   0.178978294
 delta S negative   0.
 open-circuit potential, positive   4.24165195
 delta S positive   0.
  
      DUAL INSERTION CELL VERSION 5.1
  
   Time     Util N  Util P  Cell Pot   Uocp      Curr      Temp   heatgen
   (min)       x       y      (V)       (V)      (A/m2)    (C)    (W/m2)
  
    0.000, 0.6000, 0.5000,  4.06267,  4.06267,     0.00,  24.85,   0.00, 
    0.001, 0.6000, 0.5000,  4.06267,  4.06267,     0.00,  24.85,   0.00, 
    0.001, 0.6000, 0.5000,  4.06267,  4.06267,     0.00,  24.85,   0.00, 
    0.001, 0.6000, 0.5000,  4.06267,  4.06267,     0.00,  24.85,   0.00, 
    0.002, 0.6000, 0.5000,  4.06267,  4.06267,     0.00,  24.85,   0.00, 
    0.002, 0.6000, 0.5000,  4.06267,  4.06267,     0.00,  24.85,   0.00, 
    0.003, 0.6000, 0.5000,  4.06267,  4.06267,     0.00,  24.85,   0.00, 
    0.003, 0.6000, 0.5000,  4.06267,  4.06267,     0.00,  24.85,   0.00, 
    0.004, 0.6000, 0.5000,  4.06267,  4.06267,     0.00,  24.85,   0.00, 
    0.005, 0.6000, 0.5000,  4.06267,  4.06267,     0.00,  24.85,   0.00, 
    0.006, 0.6000, 0.5000,  4.06267,  4.06267,     0.00,  24.85,   0.00, 
    0.007, 0.6000, 0.5000,  4.06267,  4.06267,     0.00,  24.85,   0.00, 
    0.007, 0.6000, 0.5000,  4.06267,  4.06267,     0.00,  24.85,   0.00, 
    0.009, 0.6000, 0.5000,  4.06267,  4.06267,     0.00,  24.85,   0.00, 
    0.010, 0.6000, 0.5000,  4.06267,  4.06267,     0.00,  24.85,   0.00, 
    0.011, 0.6000, 0.5000,  4.06267,  4.06267,     0.00,  24.85,   0.00, 
    0.012, 0.6000, 0.5000,  4.06267,  4.06267,     0.00,  24.85,   0.00, 
    0.014, 0.6000, 0.5000,  4.06267,  4.06267,     0.00,  24.85,   0.00, 
    0.016, 0.6000, 0.5000,  4.06267,  4.06267,     0.00,  24.85,   0.00, 
    0.017, 0.6000, 0.5000,  4.06267,  4.06267,     0.00,  24.85,   0.00, 
    0.019, 0.6000, 0.5000,  4.06267,  4.06267,     0.00,  24.85,   0.00, 
    0.022, 0.6000, 0.5000,  4.06267,  4.06267,     0.00,  24.85,   0.00, 
    0.024, 0.6000, 0.5000,  4.06267,  4.06267,     0.00,  24.85,   0.00, 
    0.027, 0.6000, 0.5000,  4.06267,  4.06267,     0.00,  24.85,   0.00, 
    0.030, 0.6000, 0.5000,  4.06267,  4.06267,     0.00,  24.85,   0.00, 
    0.033, 0.6000, 0.5000,  4.06267,  4.06267,     0.00,  24.85,   0.00, 
    0.037, 0.6000, 0.5000,  4.06267,  4.06267,     0.00,  24.85,   0.00, 
    0.041, 0.6000, 0.5000,  4.06267,  4.06267,     0.00,  24.85,   0.00, 
    0.045, 0.6000, 0.5000,  4.06267,  4.06267,     0.00,  24.85,   0.00, 
    0.050, 0.6000, 0.5000,  4.06267,  4.06267,     0.00,  24.85,   0.00, 
    0.055, 0.6000, 0.5000,  4.06267,  4.06267,     0.00,  24.85,   0.00, 
    0.061, 0.6000, 0.5000,  4.06267,  4.06267,     0.00,  24.85,   0.00, 
    0.067, 0.6000, 0.5000,  4.06267,  4.06267,     0.00,  24.85,   0.00, 
    0.074, 0.6000, 0.5000,  4.06267,  4.06267,     0.00,  24.85,   0.00, 
    0.082, 0.6000, 0.5000,  4.06267,  4.06267,     0.00,  24.85,   0.00, 
    0.091, 0.6000, 0.5000,  4.06267,  4.06267,     0.00,  24.85,   0.00, 
    0.100, 0.6000, 0.5000,  4.06267,  4.06267,     0.00,  24.85,   0.00, 
    0.110, 0.6000, 0.5000,  4.06267,  4.06267,     0.00,  24.85,   0.00, 
    0.122, 0.6000, 0.5000,  4.06267,  4.06267,     0.00,  24.85,   0.00, 
    0.134, 0.6000, 0.5000,  4.06267,  4.06267,     0.00,  24.85,   0.00, 
    0.148, 0.6000, 0.5000,  4.06267,  4.06267,     0.00,  24.85,   0.00, 
    0.163, 0.6000, 0.5000,  4.06267,  4.06267,     0.00,  24.85,   0.00, 
    0.180, 0.6000, 0.5000,  4.06267,  4.06267,     0.00,  24.85,   0.00, 
    0.198, 0.6000, 0.5000,  4.06267,  4.06267,     0.00,  24.85,   0.00, 
    0.218, 0.6000, 0.5000,  4.06267,  4.06267,     0.00,  24.85,   0.00, 
    0.240, 0.6000, 0.5000,  4.06267,  4.06267,     0.00,  24.85,   0.00, 
    0.264, 0.6000, 0.5000,  4.06267,  4.06267,     0.00,  24.85,   0.00, 
    0.291, 0.6000, 0.5000,  4.06267,  4.06267,     0.00,  24.85,   0.00, 
    0.320, 0.6000, 0.5000,  4.06267,  4.06267,     0.00,  24.85,   0.00, 
    0.353, 0.6000, 0.5000,  4.06267,  4.06267,     0.00,  24.85,   0.00, 
    0.388, 0.6000, 0.5000,  4.06267,  4.06267,     0.00,  24.85,   0.00, 
    0.427, 0.6000, 0.5000,  4.06267,  4.06267,     0.00,  24.85,   0.00, 
    0.470, 0.6000, 0.5000,  4.06267,  4.06267,     0.00,  24.85,   0.00, 
    0.518, 0.6000, 0.5000,  4.06267,  4.06267,     0.00,  24.85,   0.00, 
    0.570, 0.6000, 0.5000,  4.06267,  4.06267,     0.00,  24.85,   0.00, 
    0.627, 0.6000, 0.5000,  4.06267,  4.06267,     0.00,  24.85,   0.00, 
    0.690, 0.6000, 0.5000,  4.06267,  4.06267,     0.00,  24.85,   0.00, 
    0.760, 0.6000, 0.5000,  4.06267,  4.06267,     0.00,  24.85,   0.00, 
    0.836, 0.6000, 0.5000,  4.06267,  4.06267,     0.00,  24.85,   0.00, 
    0.920, 0.6000, 0.5000,  4.06267,  4.06267,     0.00,  24.85,   0.00, 
    1.012, 0.6000, 0.5000,  4.06267,  4.06267,     0.00,  24.85,   0.00, 
    1.113, 0.6000, 0.5000,  4.06267,  4.06267,     0.00,  24.85,   0.00, 
    1.225, 0.6000, 0.5000,  4.06267,  4.06267,     0.00,  24.85,   0.00, 
    1.348, 0.6000, 0.5000,  4.06267,  4.06267,     0.00,  24.85,   0.00, 
    1.483, 0.6000, 0.5000,  4.06267,  4.06267,     0.00,  24.85,   0.00, 
    1.632, 0.6000, 0.5000,  4.06267,  4.06267,     0.00,  24.85,   0.00, 
    1.795, 0.6000, 0.5000,  4.06267,  4.06267,     0.00,  24.85,   0.00, 
    1.975, 0.6000, 0.5000,  4.06267,  4.06267,     0.00,  24.85,   0.00, 
    2.173, 0.6000, 0.5000,  4.06267,  4.06267,     0.00,  24.85,   0.00, 
    2.390, 0.6000, 0.5000,  4.06267,  4.06267,     0.00,  24.85,   0.00, 
    2.629, 0.6000, 0.5000,  4.06267,  4.06267,     0.00,  24.85,   0.00, 
    2.893, 0.6000, 0.5000,  4.06267,  4.06267,     0.00,  24.85,   0.00, 
    3.182, 0.6000, 0.5000,  4.06267,  4.06267,     0.00,  24.85,   0.00, 
    3.501, 0.6000, 0.5000,  4.06267,  4.06267,     0.00,  24.85,   0.00, 
    3.851, 0.6000, 0.5000,  4.06267,  4.06267,     0.00,  24.85,   0.00, 
    4.237, 0.6000, 0.5000,  4.06267,  4.06267,     0.00,  24.85,   0.00, 
    4.661, 0.6000, 0.5000,  4.06267,  4.06267,     0.00,  24.85,   0.00, 
    5.127, 0.6000, 0.5000,  4.06267,  4.06267,     0.00,  24.85,   0.00, 
    5.640, 0.6000, 0.5000,  4.06267,  4.06267,     0.00,  24.85,   0.00, 
    6.153, 0.6000, 0.5000,  4.06267,  4.06267,     0.00,  24.85,   0.00, 
    6.666, 0.6000, 0.5000,  4.06267,  4.06267,     0.00,  24.85,   0.00, 
    7.179, 0.6000, 0.5000,  4.06267,  4.06267,     0.00,  24.85,   0.00, 
    7.692, 0.6000, 0.5000,  4.06267,  4.06267,     0.00,  24.85,   0.00, 
    8.205, 0.6000, 0.5000,  4.06267,  4.06267,     0.00,  24.85,   0.00, 
    8.718, 0.6000, 0.5000,  4.06267,  4.06267,     0.00,  24.85,   0.00, 
    9.231, 0.6000, 0.5000,  4.06267,  4.06267,     0.00,  24.85,   0.00, 
    9.744, 0.6000, 0.5000,  4.06267,  4.06267,     0.00,  24.85,   0.00, 
   10.000, 0.6000, 0.5000,  4.06267,  4.06267,     0.00,  24.85,   0.00, 
   10.000, 0.6000, 0.5000,  4.04175,  4.06267,    19.00,  24.85,   0.40, 
 specific energy segment =     0.00 W-h/kg
 specific power segment  =     0.00 W/kg
 total heat =          0.0000 W-h/m2
  
   10.000, 0.6000, 0.5000,  4.04175,  4.06267,    19.00,  24.85,   0.40, 
   10.000, 0.6000, 0.5000,  4.04164,  4.06267,    19.00,  24.85,   0.40, 
   10.001, 0.6000, 0.5000,  4.04156,  4.06267,    19.00,  24.85,   0.40, 
   10.001, 0.6000, 0.5000,  4.04150,  4.06267,    19.00,  24.85,   0.40, 
   10.002, 0.6000, 0.5000,  4.04145,  4.06267,    19.00,  24.85,   0.40, 
   10.002, 0.6000, 0.5000,  4.04140,  4.06266,    19.00,  24.85,   0.40, 
   10.003, 0.6000, 0.5000,  4.04135,  4.06266,    19.00,  24.85,   0.41, 
   10.003, 0.6000, 0.5000,  4.04129,  4.06266,    19.00,  24.85,   0.41, 
   10.004, 0.6000, 0.5000,  4.04124,  4.06266,    19.00,  24.85,   0.41, 
   10.005, 0.6000, 0.5000,  4.04119,  4.06265,    19.00,  24.85,   0.41, 
   10.005, 0.6000, 0.5000,  4.04113,  4.06265,    19.00,  24.85,   0.41, 
   10.006, 0.6000, 0.5000,  4.04108,  4.06265,    19.00,  24.85,   0.41, 
   10.007, 0.5999, 0.5000,  4.04102,  4.06264,    19.00,  24.85,   0.41, 
   10.008, 0.5999, 0.5000,  4.04096,  4.06264,    19.00,  24.85,   0.41, 
   10.009, 0.5999, 0.5000,  4.04090,  4.06263,    19.00,  24.85,   0.41, 
   10.011, 0.5999, 0.5000,  4.04083,  4.06263,    19.00,  24.85,   0.41, 
   10.012, 0.5999, 0.5001,  4.04076,  4.06262,    19.00,  24.85,   0.42, 
   10.014, 0.5999, 0.5001,  4.04069,  4.06261,    19.00,  24.85,   0.42, 
   10.015, 0.5999, 0.5001,  4.04061,  4.06261,    19.00,  24.85,   0.42, 
   10.017, 0.5999, 0.5001,  4.04053,  4.06260,    19.00,  24.85,   0.42, 
   10.019, 0.5998, 0.5001,  4.04045,  4.06259,    19.00,  24.85,   0.42, 
   10.021, 0.5998, 0.5001,  4.04036,  4.06258,    19.00,  24.85,   0.42, 
   10.024, 0.5998, 0.5001,  4.04027,  4.06257,    19.00,  24.85,   0.42, 
   10.027, 0.5998, 0.5001,  4.04017,  4.06256,    19.00,  24.85,   0.43, 
   10.029, 0.5998, 0.5001,  4.04006,  4.06254,    19.00,  24.85,   0.43, 
   10.033, 0.5997, 0.5002,  4.03995,  4.06253,    19.00,  24.85,   0.43, 
   10.036, 0.5997, 0.5002,  4.03984,  4.06251,    19.00,  24.85,   0.43, 
   10.040, 0.5997, 0.5002,  4.03972,  4.06250,    19.00,  24.85,   0.43, 
   10.045, 0.5996, 0.5002,  4.03959,  4.06248,    19.00,  24.85,   0.43, 
   10.050, 0.5996, 0.5002,  4.03945,  4.06245,    19.00,  24.85,   0.44, 
   10.055, 0.5996, 0.5003,  4.03931,  4.06243,    19.00,  24.85,   0.44, 
   10.061, 0.5995, 0.5003,  4.03916,  4.06241,    19.00,  24.85,   0.44, 
   10.067, 0.5995, 0.5003,  4.03900,  4.06238,    19.00,  24.85,   0.44, 
   10.074, 0.5994, 0.5003,  4.03883,  4.06235,    19.00,  24.85,   0.45, 
   10.082, 0.5994, 0.5004,  4.03865,  4.06231,    19.00,  24.85,   0.45, 
   10.090, 0.5993, 0.5004,  4.03846,  4.06228,    19.00,  24.85,   0.45, 
   10.100, 0.5992, 0.5005,  4.03826,  4.06223,    19.00,  24.85,   0.46, 
   10.110, 0.5991, 0.5005,  4.03805,  4.06219,    19.00,  24.85,   0.46, 
   10.121, 0.5990, 0.5006,  4.03782,  4.06214,    19.00,  24.85,   0.46, 
   10.134, 0.5989, 0.5006,  4.03759,  4.06209,    19.00,  24.85,   0.47, 
   10.148, 0.5988, 0.5007,  4.03734,  4.06203,    19.00,  24.85,   0.47, 
   10.163, 0.5987, 0.5008,  4.03707,  4.06196,    19.00,  24.85,   0.47, 
   10.179, 0.5986, 0.5008,  4.03679,  4.06189,    19.00,  24.85,   0.48, 
   10.197, 0.5984, 0.5009,  4.03650,  4.06181,    19.00,  24.85,   0.48, 
   10.218, 0.5983, 0.5010,  4.03619,  4.06172,    19.00,  24.85,   0.48, 
   10.240, 0.5981, 0.5011,  4.03586,  4.06162,    19.00,  24.85,   0.49, 
   10.264, 0.5979, 0.5012,  4.03552,  4.06152,    19.00,  24.85,   0.49, 
   10.291, 0.5977, 0.5013,  4.03516,  4.06140,    19.00,  24.85,   0.50, 
   10.320, 0.5975, 0.5015,  4.03477,  4.06128,    19.00,  24.85,   0.50, 
   10.352, 0.5972, 0.5016,  4.03438,  4.06114,    19.00,  24.85,   0.51, 
   10.388, 0.5969, 0.5018,  4.03396,  4.06099,    19.00,  24.85,   0.51, 
   10.427, 0.5966, 0.5020,  4.03352,  4.06082,    19.00,  24.85,   0.52, 
   10.470, 0.5963, 0.5022,  4.03306,  4.06064,    19.00,  24.85,   0.52, 
   10.517, 0.5959, 0.5024,  4.03259,  4.06044,    19.00,  24.85,   0.53, 
   10.570, 0.5955, 0.5026,  4.03209,  4.06022,    19.00,  24.85,   0.53, 
   10.627, 0.5951, 0.5029,  4.03157,  4.05998,    19.00,  24.85,   0.54, 
   10.690, 0.5946, 0.5032,  4.03103,  4.05972,    19.00,  24.85,   0.54, 
   10.759, 0.5940, 0.5035,  4.03046,  4.05943,    19.00,  24.85,   0.55, 
   10.835, 0.5934, 0.5039,  4.02987,  4.05911,    19.00,  24.85,   0.55, 
   10.919, 0.5928, 0.5042,  4.02925,  4.05877,    19.00,  24.85,   0.56, 
   11.012, 0.5920, 0.5047,  4.02860,  4.05840,    19.00,  24.85,   0.56, 
   11.113, 0.5912, 0.5051,  4.02792,  4.05799,    19.00,  24.85,   0.57, 
   11.225, 0.5903, 0.5057,  4.02719,  4.05754,    19.00,  24.85,   0.57, 
   11.348, 0.5894, 0.5062,  4.02641,  4.05706,    19.00,  24.85,   0.58, 
   11.483, 0.5883, 0.5068,  4.02557,  4.05653,    19.00,  24.85,   0.58, 
   11.631, 0.5871, 0.5075,  4.02465,  4.05596,    19.00,  24.85,   0.59, 
   11.795, 0.5859, 0.5083,  4.02363,  4.05533,    19.00,  24.85,   0.60, 
   11.974, 0.5844, 0.5091,  4.02247,  4.05464,    19.00,  24.85,   0.61, 
   12.172, 0.5829, 0.5100,  4.02113,  4.05388,    19.00,  24.85,   0.62, 
   12.390, 0.5812, 0.5110,  4.01953,  4.05304,    19.00,  24.85,   0.63, 
   12.629, 0.5793, 0.5121,  4.01758,  4.05208,    19.00,  24.85,   0.65, 
   12.892, 0.5772, 0.5133,  4.01511,  4.05098,    19.00,  24.85,   0.68, 
   13.182, 0.5749, 0.5147,  4.01190,  4.04964,    19.00,  24.85,   0.71, 
   13.501, 0.5724, 0.5162,  4.00763,  4.04793,    19.00,  24.85,   0.76, 
   13.851, 0.5696, 0.5178,  4.00195,  4.04558,    19.00,  24.85,   0.82, 
   14.236, 0.5666, 0.5195,  3.99480,  4.04213,    19.00,  24.85,   0.89, 
   14.660, 0.5633, 0.5215,  3.98679,  4.03689,    19.00,  24.85,   0.95, 
   15.127, 0.5596, 0.5237,  3.97928,  4.02927,    19.00,  24.85,   0.94, 
   15.640, 0.5555, 0.5260,  3.97330,  4.01976,    19.00,  24.85,   0.88, 
   16.153, 0.5515, 0.5284,  3.96922,  4.01128,    19.00,  24.85,   0.80, 
   16.666, 0.5475, 0.5308,  3.96614,  4.00518,    19.00,  24.85,   0.74, 
   17.179, 0.5434, 0.5331,  3.96339,  4.00120,    19.00,  24.85,   0.72, 
   17.692, 0.5394, 0.5355,  3.96054,  3.99847,    19.00,  24.85,   0.72, 
   18.205, 0.5353, 0.5379,  3.95737,  3.99626,    19.00,  24.85,   0.74, 
   18.718, 0.5313, 0.5402,  3.95370,  3.99407,    19.00,  24.85,   0.76, 
   19.231, 0.5272, 0.5426,  3.94943,  3.99160,    19.00,  24.85,   0.80, 
   19.744, 0.5232, 0.5450,  3.94447,  3.98863,    19.00,  24.85,   0.83, 
   20.257, 0.5192, 0.5473,  3.93876,  3.98498,    19.00,  24.85,   0.87, 
   20.770, 0.5151, 0.5497,  3.93223,  3.98050,    19.00,  24.85,   0.91, 
   21.283, 0.5111, 0.5521,  3.92491,  3.97509,    19.00,  24.85,   0.95, 
   21.796, 0.5070, 0.5544,  3.91684,  3.96869,    19.00,  24.85,   0.98, 
   22.309, 0.5030, 0.5568,  3.90816,  3.96127,    19.00,  24.85,   1.01, 
   22.822, 0.4989, 0.5592,  3.89909,  3.95293,    19.00,  24.85,   1.02, 
   23.335, 0.4949, 0.5615,  3.88988,  3.94381,    19.00,  24.85,   1.02, 
   23.848, 0.4909, 0.5639,  3.88082,  3.93415,    19.00,  24.85,   1.01, 
   24.361, 0.4868, 0.5663,  3.87217,  3.92425,    19.00,  24.85,   0.99, 
   24.874, 0.4828, 0.5686,  3.86416,  3.91444,    19.00,  24.85,   0.95, 
   25.387, 0.4787, 0.5710,  3.85692,  3.90503,    19.00,  24.85,   0.91, 
   25.900, 0.4747, 0.5734,  3.85054,  3.89626,    19.00,  24.85,   0.87, 
   26.413, 0.4706, 0.5757,  3.84500,  3.88833,    19.00,  24.85,   0.82, 
   26.926, 0.4666, 0.5781,  3.84025,  3.88133,    19.00,  24.85,   0.78, 
   27.439, 0.4625, 0.5805,  3.83620,  3.87525,    19.00,  24.85,   0.74, 
   27.952, 0.4585, 0.5828,  3.83272,  3.87004,    19.00,  24.85,   0.71, 
   28.465, 0.4545, 0.5852,  3.82971,  3.86561,    19.00,  24.85,   0.68, 
   28.978, 0.4504, 0.5876,  3.82706,  3.86184,    19.00,  24.85,   0.66, 
   29.491, 0.4464, 0.5899,  3.82467,  3.85860,    19.00,  24.85,   0.64, 
   30.004, 0.4423, 0.5923,  3.82249,  3.85577,    19.00,  24.85,   0.63, 
   30.517, 0.4383, 0.5947,  3.82042,  3.85326,    19.00,  24.85,   0.62, 
   31.030, 0.4342, 0.5970,  3.81842,  3.85095,    19.00,  24.85,   0.61, 
   31.543, 0.4302, 0.5994,  3.81643,  3.84879,    19.00,  24.85,   0.61, 
   32.056, 0.4262, 0.6018,  3.81440,  3.84670,    19.00,  24.85,   0.61, 
   32.569, 0.4221, 0.6041,  3.81232,  3.84465,    19.00,  24.85,   0.61, 
   33.082, 0.4181, 0.6065,  3.81017,  3.84259,    19.00,  24.85,   0.61, 
   33.595, 0.4140, 0.6089,  3.80795,  3.84051,    19.00,  24.85,   0.61, 
   34.108, 0.4100, 0.6112,  3.80566,  3.83838,    19.00,  24.85,   0.62, 
   34.621, 0.4059, 0.6136,  3.80329,  3.83620,    19.00,  24.85,   0.62, 
   35.134, 0.4019, 0.6160,  3.80085,  3.83395,    19.00,  24.85,   0.63, 
   35.647, 0.3979, 0.6183,  3.79834,  3.83164,    19.00,  24.85,   0.63, 
   36.160, 0.3938, 0.6207,  3.79577,  3.82928,    19.00,  24.85,   0.64, 
   36.673, 0.3898, 0.6231,  3.79314,  3.82685,    19.00,  24.85,   0.64, 
   37.186, 0.3857, 0.6254,  3.79045,  3.82437,    19.00,  24.85,   0.65, 
   37.699, 0.3817, 0.6278,  3.78772,  3.82185,    19.00,  24.85,   0.65, 
   38.212, 0.3776, 0.6302,  3.78495,  3.81929,    19.00,  24.85,   0.66, 
   38.725, 0.3736, 0.6325,  3.78215,  3.81670,    19.00,  24.85,   0.66, 
   39.238, 0.3696, 0.6349,  3.77932,  3.81408,    19.00,  24.85,   0.67, 
   39.751, 0.3655, 0.6373,  3.77647,  3.81145,    19.00,  24.85,   0.67, 
   40.264, 0.3615, 0.6396,  3.77360,  3.80881,    19.00,  24.85,   0.68, 
   40.777, 0.3574, 0.6420,  3.77073,  3.80617,    19.00,  24.85,   0.68, 
   41.000, 0.3557, 0.6430,  3.76948,  3.80502,    19.00,  24.85,   0.68, 
   41.000, 0.3557, 0.6430,  3.79171,  3.80502,     0.00,  24.85,   0.03, 
 specific energy segment =    46.68 W-h/kg
 specific power segment  =    90.35 W/kg
 total heat =          0.3834 W-h/m2
  
   41.000, 0.3557, 0.6430,  3.79171,  3.80502,     0.00,  24.85,   0.03, 
   41.000, 0.3557, 0.6430,  3.79191,  3.80502,     0.00,  24.85,   0.03, 
   41.001, 0.3557, 0.6430,  3.79204,  3.80502,     0.00,  24.85,   0.02, 
   41.001, 0.3557, 0.6430,  3.79214,  3.80502,     0.00,  24.85,   0.02, 
   41.002, 0.3557, 0.6430,  3.79223,  3.80502,     0.00,  24.85,   0.02, 
   41.002, 0.3557, 0.6430,  3.79231,  3.80502,     0.00,  24.85,   0.02, 
   41.003, 0.3557, 0.6430,  3.79239,  3.80502,     0.00,  24.85,   0.02, 
   41.003, 0.3557, 0.6430,  3.79247,  3.80502,     0.00,  24.85,   0.02, 
   41.004, 0.3557, 0.6430,  3.79255,  3.80502,     0.00,  24.85,   0.02, 
   41.005, 0.3557, 0.6430,  3.79263,  3.80502,     0.00,  24.85,   0.02, 
   41.005, 0.3557, 0.6430,  3.79271,  3.80502,     0.00,  24.85,   0.02, 
   41.006, 0.3557, 0.6430,  3.79279,  3.80502,     0.00,  24.85,   0.02, 
   41.007, 0.3557, 0.6430,  3.79287,  3.80502,     0.00,  24.85,   0.02, 
   41.008, 0.3557, 0.6430,  3.79296,  3.80502,     0.00,  24.85,   0.02, 
   41.009, 0.3557, 0.6430,  3.79304,  3.80502,     0.00,  24.85,   0.02, 
   41.011, 0.3557, 0.6430,  3.79313,  3.80502,     0.00,  24.85,   0.02, 
   41.012, 0.3557, 0.6430,  3.79322,  3.80502,     0.00,  24.85,   0.02, 
   41.014, 0.3557, 0.6430,  3.79332,  3.80502,     0.00,  24.85,   0.02, 
   41.015, 0.3557, 0.6430,  3.79341,  3.80502,     0.00,  24.85,   0.02, 
   41.017, 0.3557, 0.6430,  3.79352,  3.80502,     0.00,  24.85,   0.02, 
   41.019, 0.3557, 0.6430,  3.79362,  3.80502,     0.00,  24.85,   0.02, 
   41.021, 0.3557, 0.6430,  3.79373,  3.80502,     0.00,  24.85,   0.02, 
   41.024, 0.3557, 0.6430,  3.79384,  3.80502,     0.00,  24.85,   0.02, 
   41.027, 0.3557, 0.6430,  3.79396,  3.80502,     0.00,  24.85,   0.02, 
   41.029, 0.3557, 0.6430,  3.79408,  3.80502,     0.00,  24.85,   0.02, 
   41.033, 0.3557, 0.6430,  3.79421,  3.80502,     0.00,  24.85,   0.02, 
   41.036, 0.3557, 0.6430,  3.79435,  3.80502,     0.00,  24.85,   0.02, 
   41.040, 0.3557, 0.6430,  3.79448,  3.80502,     0.00,  24.85,   0.02, 
   41.045, 0.3557, 0.6430,  3.79463,  3.80502,     0.00,  24.85,   0.02, 
   41.050, 0.3557, 0.6430,  3.79478,  3.80502,     0.00,  24.85,   0.02, 
   41.055, 0.3557, 0.6430,  3.79494,  3.80502,     0.00,  24.85,   0.02, 
   41.061, 0.3557, 0.6430,  3.79510,  3.80502,     0.00,  24.85,   0.02, 
   41.067, 0.3557, 0.6430,  3.79527,  3.80502,     0.00,  24.85,   0.02, 
   41.074, 0.3557, 0.6430,  3.79545,  3.80502,     0.00,  24.85,   0.02, 
   41.082, 0.3557, 0.6430,  3.79563,  3.80502,     0.00,  24.85,   0.02, 
   41.090, 0.3557, 0.6430,  3.79583,  3.80502,     0.00,  24.85,   0.02, 
   41.100, 0.3557, 0.6430,  3.79603,  3.80502,     0.00,  24.85,   0.02, 
   41.110, 0.3557, 0.6430,  3.79624,  3.80502,     0.00,  24.85,   0.02, 
   41.121, 0.3557, 0.6430,  3.79646,  3.80502,     0.00,  24.85,   0.02, 
   41.134, 0.3557, 0.6430,  3.79668,  3.80502,     0.00,  24.85,   0.01, 
   41.148, 0.3557, 0.6430,  3.79692,  3.80502,     0.00,  24.85,   0.01, 
   41.163, 0.3557, 0.6430,  3.79716,  3.80502,     0.00,  24.85,   0.01, 
   41.179, 0.3557, 0.6430,  3.79742,  3.80502,     0.00,  24.85,   0.01, 
   41.197, 0.3557, 0.6430,  3.79768,  3.80502,     0.00,  24.85,   0.01, 
   41.218, 0.3557, 0.6430,  3.79795,  3.80502,     0.00,  24.85,   0.01, 
   41.240, 0.3557, 0.6430,  3.79823,  3.80502,     0.00,  24.85,   0.01, 
   41.264, 0.3557, 0.6430,  3.79852,  3.80502,     0.00,  24.85,   0.01, 
   41.291, 0.3557, 0.6430,  3.79881,  3.80502,     0.00,  24.85,   0.01, 
   41.320, 0.3557, 0.6430,  3.79912,  3.80502,     0.00,  24.85,   0.01, 
   41.352, 0.3557, 0.6430,  3.79942,  3.80502,     0.00,  24.85,   0.01, 
   41.388, 0.3557, 0.6430,  3.79974,  3.80502,     0.00,  24.85,   0.01, 
   41.427, 0.3557, 0.6430,  3.80005,  3.80502,     0.00,  24.85,   0.01, 
   41.470, 0.3557, 0.6430,  3.80037,  3.80502,     0.00,  24.85,   0.01, 
   41.517, 0.3557, 0.6430,  3.80069,  3.80502,     0.00,  24.85,   0.01, 
   41.570, 0.3557, 0.6430,  3.80100,  3.80502,     0.00,  24.85,   0.01, 
   41.627, 0.3557, 0.6430,  3.80131,  3.80502,     0.00,  24.85,   0.01, 
   41.690, 0.3557, 0.6430,  3.80162,  3.80502,     0.00,  24.85,   0.01, 
   41.759, 0.3557, 0.6430,  3.80191,  3.80502,     0.00,  24.85,   0.01, 
   41.835, 0.3557, 0.6430,  3.80220,  3.80502,     0.00,  24.85,   0.01, 
   41.919, 0.3557, 0.6430,  3.80247,  3.80502,     0.00,  24.85,   0.01, 
   42.012, 0.3557, 0.6430,  3.80273,  3.80502,     0.00,  24.85,   0.01, 
   42.113, 0.3557, 0.6430,  3.80297,  3.80502,     0.00,  24.85,   0.01, 
   42.225, 0.3557, 0.6430,  3.80319,  3.80502,     0.00,  24.85,   0.01, 
   42.348, 0.3557, 0.6430,  3.80340,  3.80502,     0.00,  24.85,   0.01, 
   42.483, 0.3557, 0.6430,  3.80359,  3.80502,     0.00,  24.85,   0.01, 
   42.631, 0.3557, 0.6430,  3.80376,  3.80502,     0.00,  24.85,   0.01, 
   42.795, 0.3557, 0.6430,  3.80391,  3.80502,     0.00,  24.85,   0.01, 
   42.974, 0.3557, 0.6430,  3.80405,  3.80502,     0.00,  24.85,   0.01, 
   43.172, 0.3557, 0.6430,  3.80417,  3.80502,     0.00,  24.85,   0.01, 
   43.390, 0.3557, 0.6430,  3.80427,  3.80502,     0.00,  24.85,   0.01, 
   43.629, 0.3557, 0.6430,  3.80436,  3.80502,     0.00,  24.85,   0.01, 
   43.892, 0.3557, 0.6430,  3.80444,  3.80502,     0.00,  24.85,   0.01, 
   44.182, 0.3557, 0.6430,  3.80451,  3.80502,     0.00,  24.85,   0.01, 
   44.501, 0.3557, 0.6430,  3.80457,  3.80502,     0.00,  24.85,   0.01, 
   44.851, 0.3557, 0.6430,  3.80463,  3.80502,     0.00,  24.85,   0.00, 
   45.236, 0.3557, 0.6430,  3.80467,  3.80502,     0.00,  24.85,   0.00, 
   45.660, 0.3557, 0.6430,  3.80471,  3.80502,     0.00,  24.85,   0.00, 
   46.127, 0.3557, 0.6430,  3.80475,  3.80502,     0.00,  24.85,   0.00, 
   46.640, 0.3557, 0.6430,  3.80478,  3.80502,     0.00,  24.85,   0.00, 
   47.153, 0.3557, 0.6430,  3.80481,  3.80502,     0.00,  24.85,   0.00, 
   47.666, 0.3557, 0.6430,  3.80483,  3.80502,     0.00,  24.85,   0.00, 
   48.179, 0.3557, 0.6430,  3.80485,  3.80502,     0.00,  24.85,   0.00, 
   48.692, 0.3557, 0.6430,  3.80487,  3.80502,     0.00,  24.85,   0.00, 
   49.205, 0.3557, 0.6430,  3.80488,  3.80502,     0.00,  24.85,   0.00, 
   49.718, 0.3557, 0.6430,  3.80489,  3.80502,     0.00,  24.85,   0.00, 
   50.231, 0.3557, 0.6430,  3.80491,  3.80502,     0.00,  24.85,   0.00, 
   50.744, 0.3557, 0.6430,  3.80492,  3.80502,     0.00,  24.85,   0.00, 
   51.257, 0.3557, 0.6430,  3.80492,  3.80502,     0.00,  24.85,   0.00, 
   51.770, 0.3557, 0.6430,  3.80493,  3.80502,     0.00,  24.85,   0.00, 
   52.283, 0.3557, 0.6430,  3.80494,  3.80502,     0.00,  24.85,   0.00, 
   52.796, 0.3557, 0.6430,  3.80494,  3.80502,     0.00,  24.85,   0.00, 
   53.309, 0.3557, 0.6430,  3.80495,  3.80502,     0.00,  24.85,   0.00, 
   53.822, 0.3557, 0.6430,  3.80495,  3.80502,     0.00,  24.85,   0.00, 
   54.335, 0.3557, 0.6430,  3.80496,  3.80502,     0.00,  24.85,   0.00, 
   54.848, 0.3557, 0.6430,  3.80496,  3.80502,     0.00,  24.85,   0.00, 
   55.361, 0.3557, 0.6430,  3.80496,  3.80502,     0.00,  24.85,   0.00, 
   55.874, 0.3557, 0.6430,  3.80497,  3.80502,     0.00,  24.85,   0.00, 
   56.387, 0.3557, 0.6430,  3.80497,  3.80502,     0.00,  24.85,   0.00, 
   56.900, 0.3557, 0.6430,  3.80497,  3.80502,     0.00,  24.85,   0.00, 
   57.413, 0.3557, 0.6430,  3.80497,  3.80502,     0.00,  24.85,   0.00, 
   57.926, 0.3557, 0.6430,  3.80497,  3.80502,     0.00,  24.85,   0.00, 
   58.439, 0.3557, 0.6430,  3.80497,  3.80502,     0.00,  24.85,   0.00, 
   58.952, 0.3557, 0.6430,  3.80497,  3.80502,     0.00,  24.85,   0.00, 
   59.465, 0.3557, 0.6430,  3.80497,  3.80502,     0.00,  24.85,   0.00, 
   59.978, 0.3557, 0.6430,  3.80497,  3.80502,     0.00,  24.85,   0.00, 
   60.491, 0.3557, 0.6430,  3.80497,  3.80502,     0.00,  24.85,   0.00, 
   61.004, 0.3557, 0.6430,  3.80497,  3.80502,     0.00,  24.85,   0.00, 
   61.517, 0.3557, 0.6430,  3.80497,  3.80502,     0.00,  24.85,   0.00, 
   62.030, 0.3557, 0.6430,  3.80497,  3.80502,     0.00,  24.85,   0.00, 
   62.543, 0.3557, 0.6430,  3.80497,  3.80502,     0.00,  24.85,   0.00, 
   63.056, 0.3557, 0.6430,  3.80497,  3.80502,     0.00,  24.85,   0.00, 
   63.569, 0.3557, 0.6430,  3.80497,  3.80502,     0.00,  24.85,   0.00, 
   64.082, 0.3557, 0.6430,  3.80497,  3.80502,     0.00,  24.85,   0.00, 
   64.595, 0.3557, 0.6430,  3.80497,  3.80502,     0.00,  24.85,   0.00, 
   65.108, 0.3557, 0.6430,  3.80497,  3.80502,     0.00,  24.85,   0.00, 
   65.621, 0.3557, 0.6430,  3.80497,  3.80502,     0.00,  24.85,   0.00, 
   66.134, 0.3557, 0.6430,  3.80497,  3.80502,     0.00,  24.85,   0.00, 
   66.647, 0.3557, 0.6430,  3.80497,  3.80502,     0.00,  24.85,   0.00, 
   67.160, 0.3557, 0.6430,  3.80497,  3.80502,     0.00,  24.85,   0.00, 
   67.673, 0.3557, 0.6430,  3.80497,  3.80502,     0.00,  24.85,   0.00, 
   68.186, 0.3557, 0.6430,  3.80496,  3.80502,     0.00,  24.85,   0.00, 
   68.699, 0.3557, 0.6430,  3.80496,  3.80502,     0.00,  24.85,   0.00, 
   69.212, 0.3557, 0.6430,  3.80496,  3.80502,     0.00,  24.85,   0.00, 
   69.725, 0.3557, 0.6430,  3.80496,  3.80502,     0.00,  24.85,   0.00, 
   70.238, 0.3557, 0.6430,  3.80496,  3.80502,     0.00,  24.85,   0.00, 
   70.751, 0.3557, 0.6430,  3.80496,  3.80502,     0.00,  24.85,   0.00, 
   71.264, 0.3557, 0.6430,  3.80496,  3.80502,     0.00,  24.85,   0.00, 
   71.777, 0.3557, 0.6430,  3.80496,  3.80502,     0.00,  24.85,   0.00, 
   72.290, 0.3557, 0.6430,  3.80496,  3.80502,     0.00,  24.85,   0.00, 
   72.803, 0.3557, 0.6430,  3.80496,  3.80502,     0.00,  24.85,   0.00, 
   73.316, 0.3557, 0.6430,  3.80495,  3.80502,     0.00,  24.85,   0.00, 
   73.829, 0.3557, 0.6430,  3.80495,  3.80502,     0.00,  24.85,   0.00, 
   74.342, 0.3557, 0.6430,  3.80495,  3.80502,     0.00,  24.85,   0.00, 
   74.855, 0.3557, 0.6430,  3.80495,  3.80502,     0.00,  24.85,   0.00, 
   75.368, 0.3557, 0.6430,  3.80495,  3.80502,     0.00,  24.85,   0.00, 
   75.881, 0.3557, 0.6430,  3.80495,  3.80502,     0.00,  24.85,   0.00, 
   76.394, 0.3557, 0.6430,  3.80495,  3.80502,     0.00,  24.85,   0.00, 
   76.907, 0.3557, 0.6430,  3.80495,  3.80502,     0.00,  24.85,   0.00, 
   77.420, 0.3557, 0.6430,  3.80495,  3.80502,     0.00,  24.85,   0.00, 
   77.933, 0.3557, 0.6430,  3.80495,  3.80502,     0.00,  24.85,   0.00, 
   78.446, 0.3557, 0.6430,  3.80494,  3.80502,     0.00,  24.85,   0.00, 
   78.959, 0.3557, 0.6430,  3.80494,  3.80502,     0.00,  24.85,   0.00, 
   79.472, 0.3557, 0.6430,  3.80494,  3.80502,     0.00,  24.85,   0.00, 
   79.984, 0.3557, 0.6430,  3.80494,  3.80502,     0.00,  24.85,   0.00, 
   80.497, 0.3557, 0.6430,  3.80494,  3.80502,     0.00,  24.85,   0.00, 
   81.010, 0.3557, 0.6430,  3.80494,  3.80502,     0.00,  24.85,   0.00, 
   81.523, 0.3557, 0.6430,  3.80494,  3.80502,     0.00,  24.85,   0.00, 
   82.036, 0.3557, 0.6430,  3.80494,  3.80502,     0.00,  24.85,   0.00, 
   82.549, 0.3557, 0.6430,  3.80494,  3.80502,     0.00,  24.85,   0.00, 
   83.062, 0.3557, 0.6430,  3.80494,  3.80502,     0.00,  24.85,   0.00, 
   83.575, 0.3557, 0.6430,  3.80494,  3.80502,     0.00,  24.85,   0.00, 
   84.088, 0.3557, 0.6430,  3.80494,  3.80502,     0.00,  24.85,   0.00, 
   84.601, 0.3557, 0.6430,  3.80494,  3.80502,     0.00,  24.85,   0.00, 
   85.114, 0.3557, 0.6430,  3.80494,  3.80502,     0.00,  24.85,   0.00, 
   85.627, 0.3557, 0.6430,  3.80493,  3.80502,     0.00,  24.85,   0.00, 
   86.140, 0.3557, 0.6430,  3.80493,  3.80502,     0.00,  24.85,   0.00, 
   86.653, 0.3557, 0.6430,  3.80493,  3.80502,     0.00,  24.85,   0.00, 
   87.166, 0.3557, 0.6430,  3.80493,  3.80502,     0.00,  24.85,   0.00, 
   87.679, 0.3557, 0.6430,  3.80493,  3.80502,     0.00,  24.85,   0.00, 
   88.192, 0.3557, 0.6430,  3.80493,  3.80502,     0.00,  24.85,   0.00, 
   88.705, 0.3557, 0.6430,  3.80493,  3.80502,     0.00,  24.85,   0.00, 
   89.218, 0.3557, 0.6430,  3.80493,  3.80502,     0.00,  24.85,   0.00, 
   89.731, 0.3557, 0.6430,  3.80493,  3.80502,     0.00,  24.85,   0.00, 
   90.244, 0.3557, 0.6430,  3.80493,  3.80502,     0.00,  24.85,   0.00, 
   90.757, 0.3557, 0.6430,  3.80493,  3.80502,     0.00,  24.85,   0.00, 
   91.270, 0.3557, 0.6430,  3.80493,  3.80502,     0.00,  24.85,   0.00, 
   91.783, 0.3557, 0.6430,  3.80493,  3.80502,     0.00,  24.85,   0.00, 
   92.296, 0.3557, 0.6430,  3.80493,  3.80502,     0.00,  24.85,   0.00, 
   92.809, 0.3557, 0.6430,  3.80493,  3.80502,     0.00,  24.85,   0.00, 
   93.322, 0.3557, 0.6430,  3.80493,  3.80502,     0.00,  24.85,   0.00, 
   93.835, 0.3557, 0.6430,  3.80493,  3.80502,     0.00,  24.85,   0.00, 
   94.348, 0.3557, 0.6430,  3.80493,  3.80502,     0.00,  24.85,   0.00, 
   94.861, 0.3557, 0.6430,  3.80493,  3.80502,     0.00,  24.85,   0.00, 
   95.374, 0.3557, 0.6430,  3.80493,  3.80502,     0.00,  24.85,   0.00, 
   95.887, 0.3557, 0.6430,  3.80493,  3.80502,     0.00,  24.85,   0.00, 
   96.400, 0.3557, 0.6430,  3.80493,  3.80502,     0.00,  24.85,   0.00, 
   96.913, 0.3557, 0.6430,  3.80493,  3.80502,     0.00,  24.85,   0.00, 
   97.426, 0.3557, 0.6430,  3.80493,  3.80502,     0.00,  24.85,   0.00, 
   97.939, 0.3557, 0.6430,  3.80494,  3.80502,     0.00,  24.85,   0.00, 
   98.452, 0.3557, 0.6430,  3.80494,  3.80502,     0.00,  24.85,   0.00, 
   98.965, 0.3557, 0.6430,  3.80494,  3.80502,     0.00,  24.85,   0.00, 
   99.478, 0.3557, 0.6430,  3.80494,  3.80502,     0.00,  24.85,   0.00, 
   99.991, 0.3557, 0.6430,  3.80494,  3.80502,     0.00,  24.85,   0.00, 
  100.504, 0.3557, 0.6430,  3.80494,  3.80502,     0.00,  24.85,   0.00, 
  101.017, 0.3557, 0.6430,  3.80494,  3.80502,     0.00,  24.85,   0.00, 
  101.530, 0.3557, 0.6430,  3.80494,  3.80502,     0.00,  24.85,   0.00, 
  102.043, 0.3557, 0.6430,  3.80494,  3.80502,     0.00,  24.85,   0.00, 
  102.556, 0.3557, 0.6430,  3.80494,  3.80502,     0.00,  24.85,   0.00, 
  103.069, 0.3557, 0.6430,  3.80494,  3.80502,     0.00,  24.85,   0.00, 
  103.582, 0.3557, 0.6430,  3.80494,  3.80502,     0.00,  24.85,   0.00, 
  104.095, 0.3557, 0.6430,  3.80494,  3.80502,     0.00,  24.85,   0.00, 
  104.608, 0.3557, 0.6430,  3.80494,  3.80502,     0.00,  24.85,   0.00, 
  105.121, 0.3557, 0.6430,  3.80495,  3.80502,     0.00,  24.85,   0.00, 
  105.634, 0.3557, 0.6430,  3.80495,  3.80502,     0.00,  24.85,   0.00, 
  106.147, 0.3557, 0.6430,  3.80495,  3.80502,     0.00,  24.85,   0.00, 
  106.660, 0.3557, 0.6430,  3.80495,  3.80502,     0.00,  24.85,   0.00, 
  107.173, 0.3557, 0.6430,  3.80495,  3.80502,     0.00,  24.85,   0.00, 
  107.686, 0.3557, 0.6430,  3.80495,  3.80502,     0.00,  24.85,   0.00, 
  108.199, 0.3557, 0.6430,  3.80495,  3.80502,     0.00,  24.85,   0.00, 
  108.712, 0.3557, 0.6430,  3.80495,  3.80502,     0.00,  24.85,   0.00, 
  109.225, 0.3557, 0.6430,  3.80495,  3.80502,     0.00,  24.85,   0.00, 
  109.738, 0.3557, 0.6430,  3.80495,  3.80502,     0.00,  24.85,   0.00, 
  110.251, 0.3557, 0.6430,  3.80495,  3.80502,     0.00,  24.85,   0.00, 
  110.764, 0.3557, 0.6430,  3.80496,  3.80502,     0.00,  24.85,   0.00, 
  111.277, 0.3557, 0.6430,  3.80496,  3.80502,     0.00,  24.85,   0.00, 
  111.790, 0.3557, 0.6430,  3.80496,  3.80502,     0.00,  24.85,   0.00, 
  112.303, 0.3557, 0.6430,  3.80496,  3.80502,     0.00,  24.85,   0.00, 
  112.816, 0.3557, 0.6430,  3.80496,  3.80502,     0.00,  24.85,   0.00, 
  113.329, 0.3557, 0.6430,  3.80496,  3.80502,     0.00,  24.85,   0.00, 
  113.842, 0.3557, 0.6430,  3.80496,  3.80502,     0.00,  24.85,   0.00, 
  114.355, 0.3557, 0.6430,  3.80496,  3.80502,     0.00,  24.85,   0.00, 
  114.868, 0.3557, 0.6430,  3.80496,  3.80502,     0.00,  24.85,   0.00, 
  115.381, 0.3557, 0.6430,  3.80496,  3.80502,     0.00,  24.85,   0.00, 
  115.894, 0.3557, 0.6430,  3.80497,  3.80502,     0.00,  24.85,   0.00, 
  116.407, 0.3557, 0.6430,  3.80497,  3.80502,     0.00,  24.85,   0.00, 
  116.920, 0.3557, 0.6430,  3.80497,  3.80502,     0.00,  24.85,   0.00, 
  117.433, 0.3557, 0.6430,  3.80497,  3.80502,     0.00,  24.85,   0.00, 
  117.946, 0.3557, 0.6430,  3.80497,  3.80502,     0.00,  24.85,   0.00, 
  118.459, 0.3557, 0.6430,  3.80497,  3.80502,     0.00,  24.85,   0.00, 
  118.972, 0.3557, 0.6430,  3.80497,  3.80502,     0.00,  24.85,   0.00, 
  119.485, 0.3557, 0.6430,  3.80497,  3.80502,     0.00,  24.85,   0.00, 
  119.998, 0.3557, 0.6430,  3.80497,  3.80502,     0.00,  24.85,   0.00, 
  120.511, 0.3557, 0.6430,  3.80497,  3.80502,     0.00,  24.85,   0.00, 
  121.024, 0.3557, 0.6430,  3.80497,  3.80502,     0.00,  24.85,   0.00, 
  121.537, 0.3557, 0.6430,  3.80498,  3.80502,     0.00,  24.85,   0.00, 
  122.050, 0.3557, 0.6430,  3.80498,  3.80502,     0.00,  24.85,   0.00, 
  122.563, 0.3557, 0.6430,  3.80498,  3.80502,     0.00,  24.85,   0.00, 
  123.076, 0.3557, 0.6430,  3.80498,  3.80502,     0.00,  24.85,   0.00, 
  123.589, 0.3557, 0.6430,  3.80498,  3.80502,     0.00,  24.85,   0.00, 
  124.102, 0.3557, 0.6430,  3.80498,  3.80502,     0.00,  24.85,   0.00, 
  124.615, 0.3557, 0.6430,  3.80498,  3.80502,     0.00,  24.85,   0.00, 
  125.128, 0.3557, 0.6430,  3.80498,  3.80502,     0.00,  24.85,   0.00, 
  125.641, 0.3557, 0.6430,  3.80498,  3.80502,     0.00,  24.85,   0.00, 
  126.154, 0.3557, 0.6430,  3.80498,  3.80502,     0.00,  24.85,   0.00, 
  126.667, 0.3557, 0.6430,  3.80498,  3.80502,     0.00,  24.85,   0.00, 
  127.180, 0.3557, 0.6430,  3.80498,  3.80502,     0.00,  24.85,   0.00, 
  127.693, 0.3557, 0.6430,  3.80498,  3.80502,     0.00,  24.85,   0.00, 
  128.206, 0.3557, 0.6430,  3.80499,  3.80502,     0.00,  24.85,   0.00, 
  128.719, 0.3557, 0.6430,  3.80499,  3.80502,     0.00,  24.85,   0.00, 
  129.232, 0.3557, 0.6430,  3.80499,  3.80502,     0.00,  24.85,   0.00, 
  129.745, 0.3557, 0.6430,  3.80499,  3.80502,     0.00,  24.85,   0.00, 
  130.258, 0.3557, 0.6430,  3.80499,  3.80502,     0.00,  24.85,   0.00, 
  130.771, 0.3557, 0.6430,  3.80499,  3.80502,     0.00,  24.85,   0.00, 
  131.284, 0.3557, 0.6430,  3.80499,  3.80502,     0.00,  24.85,   0.00, 
  131.797, 0.3557, 0.6430,  3.80499,  3.80502,     0.00,  24.85,   0.00, 
  132.310, 0.3557, 0.6430,  3.80499,  3.80502,     0.00,  24.85,   0.00, 
  132.823, 0.3557, 0.6430,  3.80499,  3.80502,     0.00,  24.85,   0.00, 
  133.336, 0.3557, 0.6430,  3.80499,  3.80502,     0.00,  24.85,   0.00, 
  133.849, 0.3557, 0.6430,  3.80499,  3.80502,     0.00,  24.85,   0.00, 
  134.362, 0.3557, 0.6430,  3.80499,  3.80502,     0.00,  24.85,   0.00, 
  134.875, 0.3557, 0.6430,  3.80499,  3.80502,     0.00,  24.85,   0.00, 
  135.388, 0.3557, 0.6430,  3.80499,  3.80502,     0.00,  24.85,   0.00, 
  135.901, 0.3557, 0.6430,  3.80499,  3.80502,     0.00,  24.85,   0.00, 
  136.414, 0.3557, 0.6430,  3.80499,  3.80502,     0.00,  24.85,   0.00, 
  136.927, 0.3557, 0.6430,  3.80500,  3.80502,     0.00,  24.85,   0.00, 
  137.440, 0.3557, 0.6430,  3.80500,  3.80502,     0.00,  24.85,   0.00, 
  137.953, 0.3557, 0.6430,  3.80500,  3.80502,     0.00,  24.85,   0.00, 
  138.466, 0.3557, 0.6430,  3.80500,  3.80502,     0.00,  24.85,   0.00, 
  138.979, 0.3557, 0.6430,  3.80500,  3.80502,     0.00,  24.85,   0.00, 
  139.492, 0.3557, 0.6430,  3.80500,  3.80502,     0.00,  24.85,   0.00, 
  140.005, 0.3557, 0.6430,  3.80500,  3.80502,     0.00,  24.85,   0.00, 
  140.518, 0.3557, 0.6430,  3.80500,  3.80502,     0.00,  24.85,   0.00, 
  141.000, 0.3557, 0.6430,  3.80500,  3.80502,     0.00,  24.85,   0.00, 

            mass  =  0.8166 kg/m2
 specific energy segment =     0.00 W-h/kg
 specific power segment  =     0.00 W/kg
 total heat =          0.3845 W-h/m2
  
