     50  lim, limit on number of iterations
 100.00  h1,  thickness of negative electrode (microns)
  25.00  h2,  thickness of separator (microns)
 100.00  h3,  thickness of positive electrode (microns)
  25.00  hcn, thickness of negative electrode current collector (microns)
  25.00  hcp, thickness of positive electrode current collector (microns)
     80  n1,  number of nodes in negative electrode
     40  n2,  number of nodes in separator
     80  n3,  number of nodes in positive electrode
 298.00  T,   temperature (K)

 1000.0  xx(1,n1+2), initial concentration (mol/m3)
 0.6000  csx,   initial stoichiometric parameter for negative
 0.5000  csy,   initial stoichiometric parameter for positive
   30.0  tmmax, maximum time step size (s)
 .4E-13  dfs1, diffusion coefficient in negative solid (m2/s)
 .1E-12  dfs3, diffusion coefficient in positive solid (m2/s)
  10.00  Rad1,  radius of negative particles (microns)
  10.00  Rad3,  radius of positive particles (microns)

  0.300  ep1,   volume fraction of electrolyte in negative electrode
  0.000  epp1,  volume fraction of polymer phase in negative electrode
  0.100  epf1,  volume fraction of inert filler in negative electrode
  1.000  ep2,   volume fraction of electrolyte in separator
  0.000  epp2,  volume fraction of polymer phase in separator
  0.300  ep3,   volume fraction of electrolyte in positive electrode
  0.000  epp3,  volume fraction of polymer phase in positive electrode
  0.200  epf3,  volume fraction of inert filler in positive electrode
 0.10E+03  sig1,  conductivity of negative matrix (S/m)
  10.      sig3,  conductivity of positive matrix (S/m)
  372.00  cot1,  coulombic capacity of negative material (mAh/g)
  274.00  cot3,  coulombic capacity of positive material (mAh/g)
 .1E-04  rka1,  reaction rate constant for negative reaction 
 .3E-10  rka3,  reaction rate constant for positive reaction

 1324.0  re,   density of electrolyte (kg/m3)
 1800.0  rs1,  density of negative insertion material (kg/m3)
 5010.0  rs3,  density of positive insertion material (kg/m3)
 1800.0  rf,   density of inert filler (kg/m3)
 1780.0  rpl,  density of polymer phase (kg/m3)
    0.0  rc,   density of separator material (kg/m3)
 8954.0  rcn,  density of negative current collector (kg/m3)
 2707.0  rcp,  density of positive current collector (kg/m3)

   0.001000  ranode,   anode film resistance (ohm-m2)
   0.000000  rcathde,  cathode film resistance (ohm-m2)
   0.00  htc,   heat-transfer coefficient with external medium (W/m2K)
   0.000000  dUdT,  temperature coefficient of EMF (V/K)
 2000.0  Cp,    heat capacity of cell (J/kg-K)
   0.00  residm,    residual mass (kg/m2)
 298.00  Tam,   ambient temperature (K)
      1  ncell, number of cells in a cell stack
      2  lht,   0 uses htc,  1 calcs htc,  2 isothermal

      0    nside, side reaction flag 

      1  il1,   1 for long print-out  0 for short print-out
     10  il2,   prints every il2 th node in long print-out
     10  il3,   prints every il3 th time step in long print-out
      1  lflag, 0 for electrolyte in separator only, 1 for uniform
      0  imp, 0 for no impedance, 1 for impedance
   0.00  capp1,  capacitance of negative material (F/m2)
   0.00  capp3,  capacitance of positive material (F/m2)
      3  lcurs, number of current changes
  
 MCMB 2528 Graphite (Bellcore)
 LiPF6 in EC:DMC
 LiCoO2 (Cobalt dioxide)
 open-circuit potential, negative   0.178978294
 delta S negative   0.
 open-circuit potential, positive   4.24165195
 delta S positive   0.
  
      DUAL INSERTION CELL VERSION 5.1
  
   Time     Util N  Util P  Cell Pot   Uocp      Curr      Temp   heatgen
   (min)       x       y      (V)       (V)      (A/m2)    (C)    (W/m2)
  
    0.000, 0.6000, 0.5000,  4.03515,  4.06267,    25.00,  24.85,   0.69, 
    0.001, 0.6000, 0.5000,  4.03506,  4.06267,    25.00,  24.85,   0.69, 
    0.001, 0.6000, 0.5000,  4.03499,  4.06267,    25.00,  24.85,   0.69, 
    0.001, 0.6000, 0.5000,  4.03492,  4.06267,    25.00,  24.85,   0.69, 
    0.002, 0.6000, 0.5000,  4.03486,  4.06266,    25.00,  24.85,   0.70, 
    0.002, 0.6000, 0.5000,  4.03479,  4.06266,    25.00,  24.85,   0.70, 
    0.003, 0.6000, 0.5000,  4.03473,  4.06266,    25.00,  24.85,   0.70, 
    0.003, 0.6000, 0.5000,  4.03466,  4.06265,    25.00,  24.85,   0.70, 
    0.004, 0.6000, 0.5000,  4.03460,  4.06265,    25.00,  24.85,   0.70, 
    0.005, 0.5999, 0.5000,  4.03453,  4.06265,    25.00,  24.85,   0.70, 
    0.006, 0.5999, 0.5000,  4.03446,  4.06264,    25.00,  24.85,   0.70, 
    0.007, 0.5999, 0.5000,  4.03439,  4.06264,    25.00,  24.85,   0.71, 
    0.007, 0.5999, 0.5000,  4.03431,  4.06263,    25.00,  24.85,   0.71, 
    0.009, 0.5999, 0.5001,  4.03423,  4.06262,    25.00,  24.85,   0.71, 
    0.010, 0.5999, 0.5001,  4.03415,  4.06262,    25.00,  24.85,   0.71, 
    0.011, 0.5999, 0.5001,  4.03406,  4.06261,    25.00,  24.85,   0.71, 
    0.012, 0.5999, 0.5001,  4.03397,  4.06260,    25.00,  24.85,   0.72, 
    0.014, 0.5999, 0.5001,  4.03388,  4.06259,    25.00,  24.85,   0.72, 
    0.016, 0.5998, 0.5001,  4.03378,  4.06258,    25.00,  24.85,   0.72, 
    0.017, 0.5998, 0.5001,  4.03367,  4.06257,    25.00,  24.85,   0.72, 
    0.019, 0.5998, 0.5001,  4.03356,  4.06256,    25.00,  24.85,   0.72, 
    0.022, 0.5998, 0.5001,  4.03344,  4.06255,    25.00,  24.85,   0.73, 
    0.024, 0.5997, 0.5001,  4.03332,  4.06253,    25.00,  24.85,   0.73, 
    0.027, 0.5997, 0.5002,  4.03319,  4.06252,    25.00,  24.85,   0.73, 
    0.030, 0.5997, 0.5002,  4.03305,  4.06250,    25.00,  24.85,   0.74, 
    0.033, 0.5997, 0.5002,  4.03291,  4.06248,    25.00,  24.85,   0.74, 
    0.037, 0.5996, 0.5002,  4.03276,  4.06246,    25.00,  24.85,   0.74, 
    0.041, 0.5996, 0.5002,  4.03260,  4.06244,    25.00,  24.85,   0.75, 
    0.045, 0.5995, 0.5003,  4.03243,  4.06241,    25.00,  24.85,   0.75, 
    0.050, 0.5995, 0.5003,  4.03225,  4.06238,    25.00,  24.85,   0.75, 
    0.055, 0.5994, 0.5003,  4.03206,  4.06235,    25.00,  24.85,   0.76, 
    0.061, 0.5994, 0.5004,  4.03185,  4.06232,    25.00,  24.85,   0.76, 
    0.067, 0.5993, 0.5004,  4.03164,  4.06228,    25.00,  24.85,   0.77, 
    0.074, 0.5992, 0.5005,  4.03142,  4.06224,    25.00,  24.85,   0.77, 
    0.082, 0.5991, 0.5005,  4.03118,  4.06220,    25.00,  24.85,   0.78, 
    0.091, 0.5991, 0.5006,  4.03093,  4.06215,    25.00,  24.85,   0.78, 
    0.100, 0.5990, 0.5006,  4.03066,  4.06209,    25.00,  24.85,   0.79, 
    0.110, 0.5989, 0.5007,  4.03038,  4.06204,    25.00,  24.85,   0.79, 
    0.122, 0.5987, 0.5007,  4.03008,  4.06197,    25.00,  24.85,   0.80, 
    0.134, 0.5986, 0.5008,  4.02977,  4.06190,    25.00,  24.85,   0.80, 
    0.148, 0.5985, 0.5009,  4.02943,  4.06182,    25.00,  24.85,   0.81, 
    0.163, 0.5983, 0.5010,  4.02908,  4.06173,    25.00,  24.85,   0.82, 
    0.180, 0.5981, 0.5011,  4.02871,  4.06164,    25.00,  24.85,   0.82, 
    0.198, 0.5979, 0.5012,  4.02831,  4.06154,    25.00,  24.85,   0.83, 
    0.218, 0.5977, 0.5013,  4.02789,  4.06142,    25.00,  24.85,   0.84, 
    0.240, 0.5975, 0.5015,  4.02745,  4.06130,    25.00,  24.85,   0.85, 
    0.264, 0.5973, 0.5016,  4.02699,  4.06116,    25.00,  24.85,   0.85, 
    0.291, 0.5970, 0.5018,  4.02650,  4.06101,    25.00,  24.85,   0.86, 
    0.320, 0.5967, 0.5019,  4.02599,  4.06084,    25.00,  24.85,   0.87, 
    0.353, 0.5963, 0.5021,  4.02545,  4.06066,    25.00,  24.85,   0.88, 
    0.388, 0.5960, 0.5024,  4.02488,  4.06046,    25.00,  24.85,   0.89, 
    0.427, 0.5956, 0.5026,  4.02428,  4.06025,    25.00,  24.85,   0.90, 
    0.470, 0.5951, 0.5029,  4.02366,  4.06001,    25.00,  24.85,   0.91, 
    0.518, 0.5946, 0.5031,  4.02300,  4.05975,    25.00,  24.85,   0.92, 
    0.570, 0.5941, 0.5035,  4.02231,  4.05947,    25.00,  24.85,   0.93, 
    0.627, 0.5935, 0.5038,  4.02159,  4.05916,    25.00,  24.85,   0.94, 
    0.690, 0.5928, 0.5042,  4.02083,  4.05882,    25.00,  24.85,   0.95, 
    0.760, 0.5921, 0.5046,  4.02004,  4.05845,    25.00,  24.85,   0.96, 
    0.836, 0.5913, 0.5051,  4.01920,  4.05804,    25.00,  24.85,   0.97, 
    0.920, 0.5905, 0.5056,  4.01830,  4.05760,    25.00,  24.85,   0.98, 
    1.012, 0.5895, 0.5061,  4.01734,  4.05712,    25.00,  24.85,   0.99, 
    1.113, 0.5885, 0.5068,  4.01630,  4.05660,    25.00,  24.85,   1.00, 
    1.225, 0.5873, 0.5074,  4.01516,  4.05603,    25.00,  24.85,   1.02, 
    1.348, 0.5860, 0.5082,  4.01388,  4.05541,    25.00,  24.85,   1.03, 
    1.483, 0.5846, 0.5090,  4.01242,  4.05473,    25.00,  24.85,   1.05, 
    1.632, 0.5831, 0.5099,  4.01071,  4.05398,    25.00,  24.85,   1.08, 
    1.795, 0.5814, 0.5109,  4.00867,  4.05315,    25.00,  24.85,   1.11, 
    1.975, 0.5795, 0.5120,  4.00617,  4.05221,    25.00,  24.85,   1.15, 
    2.173, 0.5775, 0.5132,  4.00302,  4.05112,    25.00,  24.85,   1.20, 
    2.390, 0.5752, 0.5145,  3.99898,  4.04982,    25.00,  24.85,   1.26, 
    2.629, 0.5727, 0.5160,  3.99378,  4.04817,    25.00,  24.85,   1.35, 
    2.893, 0.5700, 0.5176,  3.98729,  4.04592,    25.00,  24.85,   1.46, 
    3.182, 0.5670, 0.5193,  3.97986,  4.04263,    25.00,  24.85,   1.56, 
    3.501, 0.5637, 0.5213,  3.97245,  4.03765,    25.00,  24.85,   1.62, 
    3.851, 0.5601, 0.5234,  3.96609,  4.03032,    25.00,  24.85,   1.59, 
    4.237, 0.5561, 0.5257,  3.96116,  4.02096,    25.00,  24.85,   1.48, 
    4.661, 0.5517, 0.5283,  3.95724,  4.01158,    25.00,  24.85,   1.36, 
    5.127, 0.5468, 0.5311,  3.95362,  4.00444,    25.00,  24.85,   1.28, 
    5.640, 0.5415, 0.5342,  3.94957,  3.99981,    25.00,  24.85,   1.26, 
    6.153, 0.5362, 0.5374,  3.94494,  3.99671,    25.00,  24.85,   1.29, 
    6.666, 0.5309, 0.5405,  3.93945,  3.99383,    25.00,  24.85,   1.35, 
    7.179, 0.5255, 0.5436,  3.93293,  3.99043,    25.00,  24.85,   1.42, 
    7.692, 0.5202, 0.5467,  3.92521,  3.98602,    25.00,  24.85,   1.51, 
    8.205, 0.5149, 0.5498,  3.91622,  3.98025,    25.00,  24.85,   1.59, 
    8.718, 0.5096, 0.5529,  3.90600,  3.97286,    25.00,  24.85,   1.66, 
    9.231, 0.5043, 0.5560,  3.89480,  3.96373,    25.00,  24.85,   1.71, 
    9.744, 0.4989, 0.5592,  3.88305,  3.95294,    25.00,  24.85,   1.73, 
   10.257, 0.4936, 0.5623,  3.87135,  3.94081,    25.00,  24.85,   1.72, 
   10.770, 0.4883, 0.5654,  3.86031,  3.92792,    25.00,  24.85,   1.68, 
   11.283, 0.4830, 0.5685,  3.85041,  3.91496,    25.00,  24.85,   1.61, 
   11.796, 0.4777, 0.5716,  3.84190,  3.90266,    25.00,  24.85,   1.52, 
   12.309, 0.4723, 0.5747,  3.83483,  3.89157,    25.00,  24.85,   1.42, 
   12.822, 0.4670, 0.5778,  3.82907,  3.88203,    25.00,  24.85,   1.33, 
   13.335, 0.4617, 0.5810,  3.82440,  3.87409,    25.00,  24.85,   1.24, 
   13.848, 0.4564, 0.5841,  3.82056,  3.86762,    25.00,  24.85,   1.18, 
   14.361, 0.4511, 0.5872,  3.81730,  3.86240,    25.00,  24.85,   1.13, 
   14.874, 0.4457, 0.5903,  3.81435,  3.85813,    25.00,  24.85,   1.09, 
   15.387, 0.4404, 0.5934,  3.81157,  3.85455,    25.00,  24.85,   1.07, 
   15.900, 0.4351, 0.5965,  3.80883,  3.85143,    25.00,  24.85,   1.06, 
   16.413, 0.4298, 0.5996,  3.80605,  3.84857,    25.00,  24.85,   1.06, 
   16.926, 0.4245, 0.6028,  3.80320,  3.84584,    25.00,  24.85,   1.06, 
   17.439, 0.4191, 0.6059,  3.80025,  3.84314,    25.00,  24.85,   1.07, 
   17.952, 0.4138, 0.6090,  3.79717,  3.84040,    25.00,  24.85,   1.08, 
   18.465, 0.4085, 0.6121,  3.79397,  3.83759,    25.00,  24.85,   1.09, 
   18.978, 0.4032, 0.6152,  3.79065,  3.83467,    25.00,  24.85,   1.10, 
   19.491, 0.3979, 0.6183,  3.78722,  3.83165,    25.00,  24.85,   1.11, 
   20.004, 0.3925, 0.6214,  3.78368,  3.82852,    25.00,  24.85,   1.12, 
   20.517, 0.3872, 0.6245,  3.78006,  3.82529,    25.00,  24.85,   1.14, 
   21.030, 0.3819, 0.6277,  3.77636,  3.82199,    25.00,  24.85,   1.15, 
   21.543, 0.3766, 0.6308,  3.77260,  3.81861,    25.00,  24.85,   1.16, 
   22.056, 0.3713, 0.6339,  3.76879,  3.81519,    25.00,  24.85,   1.17, 
   22.569, 0.3659, 0.6370,  3.76495,  3.81173,    25.00,  24.85,   1.18, 
   23.082, 0.3606, 0.6401,  3.76110,  3.80825,    25.00,  24.85,   1.19, 
   23.595, 0.3553, 0.6432,  3.75724,  3.80478,    25.00,  24.85,   1.20, 
   24.108, 0.3500, 0.6463,  3.75338,  3.80132,    25.00,  24.85,   1.21, 
   24.621, 0.3447, 0.6495,  3.74953,  3.79789,    25.00,  24.85,   1.22, 
   25.134, 0.3393, 0.6526,  3.74571,  3.79449,    25.00,  24.85,   1.22, 
   25.647, 0.3340, 0.6557,  3.74192,  3.79114,    25.00,  24.85,   1.23, 
   26.160, 0.3287, 0.6588,  3.73817,  3.78784,    25.00,  24.85,   1.24, 
   26.673, 0.3234, 0.6619,  3.73446,  3.78459,    25.00,  24.85,   1.25, 
   27.186, 0.3181, 0.6650,  3.73080,  3.78138,    25.00,  24.85,   1.25, 
   27.699, 0.3127, 0.6681,  3.72718,  3.77822,    25.00,  24.85,   1.26, 
   28.212, 0.3074, 0.6713,  3.72363,  3.77509,    25.00,  24.85,   1.27, 
   28.725, 0.3021, 0.6744,  3.72012,  3.77199,    25.00,  24.85,   1.28, 
   29.238, 0.2968, 0.6775,  3.71667,  3.76890,    25.00,  24.85,   1.28, 
   29.751, 0.2915, 0.6806,  3.71326,  3.76580,    25.00,  24.85,   1.29, 
   30.264, 0.2861, 0.6837,  3.70985,  3.76269,    25.00,  24.85,   1.30, 
   30.777, 0.2808, 0.6868,  3.70639,  3.75954,    25.00,  24.85,   1.31, 
   31.290, 0.2755, 0.6899,  3.70281,  3.75634,    25.00,  24.85,   1.33, 
   31.803, 0.2702, 0.6931,  3.69906,  3.75307,    25.00,  24.85,   1.35, 
   32.316, 0.2649, 0.6962,  3.69515,  3.74972,    25.00,  24.85,   1.37, 
   32.829, 0.2595, 0.6993,  3.69107,  3.74627,    25.00,  24.85,   1.38, 
   33.342, 0.2542, 0.7024,  3.68686,  3.74272,    25.00,  24.85,   1.41, 
   33.855, 0.2489, 0.7055,  3.68251,  3.73906,    25.00,  24.85,   1.43, 
   34.368, 0.2436, 0.7086,  3.67805,  3.73529,    25.00,  24.85,   1.44, 
   34.881, 0.2382, 0.7117,  3.67349,  3.73140,    25.00,  24.85,   1.46, 
   35.394, 0.2329, 0.7149,  3.66886,  3.72739,    25.00,  24.85,   1.48, 
   35.907, 0.2276, 0.7180,  3.66416,  3.72328,    25.00,  24.85,   1.49, 
   36.420, 0.2223, 0.7211,  3.65942,  3.71906,    25.00,  24.85,   1.51, 
   36.933, 0.2170, 0.7242,  3.65465,  3.71475,    25.00,  24.85,   1.52, 
   37.446, 0.2116, 0.7273,  3.64986,  3.71036,    25.00,  24.85,   1.53, 
   37.959, 0.2063, 0.7304,  3.64507,  3.70590,    25.00,  24.85,   1.53, 
   38.472, 0.2010, 0.7335,  3.64029,  3.70139,    25.00,  24.85,   1.54, 
   38.985, 0.1957, 0.7367,  3.63550,  3.69684,    25.00,  24.85,   1.54, 
   39.498, 0.1904, 0.7398,  3.63070,  3.69226,    25.00,  24.85,   1.55, 
   40.000, 0.1852, 0.7428,  3.62599,  3.68776,    25.00,  24.85,   1.55, 
   40.000, 0.1852, 0.7428,  3.65734,  3.68776,     0.00,  24.85,   0.11, 
 specific energy segment =    77.53 W-h/kg
 specific power segment  =   116.30 W/kg
 total heat =          0.8799 W-h/m2
  
   40.000, 0.1852, 0.7428,  3.65734,  3.68776,     0.00,  24.85,   0.11, 
   40.000, 0.1852, 0.7428,  3.65778,  3.68776,     0.00,  24.85,   0.10, 
   40.001, 0.1852, 0.7428,  3.65806,  3.68776,     0.00,  24.85,   0.10, 
   40.001, 0.1852, 0.7428,  3.65827,  3.68776,     0.00,  24.85,   0.10, 
   40.002, 0.1852, 0.7428,  3.65846,  3.68776,     0.00,  24.85,   0.09, 
   40.002, 0.1852, 0.7428,  3.65863,  3.68776,     0.00,  24.85,   0.09, 
   40.003, 0.1852, 0.7428,  3.65880,  3.68776,     0.00,  24.85,   0.09, 
   40.003, 0.1852, 0.7428,  3.65896,  3.68776,     0.00,  24.85,   0.09, 
   40.004, 0.1852, 0.7428,  3.65912,  3.68776,     0.00,  24.85,   0.08, 
   40.005, 0.1852, 0.7428,  3.65928,  3.68776,     0.00,  24.85,   0.08, 
   40.005, 0.1852, 0.7428,  3.65943,  3.68776,     0.00,  24.85,   0.08, 
   40.006, 0.1852, 0.7428,  3.65959,  3.68776,     0.00,  24.85,   0.08, 
   40.007, 0.1852, 0.7428,  3.65975,  3.68776,     0.00,  24.85,   0.08, 
   40.008, 0.1852, 0.7428,  3.65992,  3.68776,     0.00,  24.85,   0.07, 
   40.009, 0.1852, 0.7428,  3.66009,  3.68776,     0.00,  24.85,   0.07, 
   40.011, 0.1852, 0.7428,  3.66026,  3.68776,     0.00,  24.85,   0.07, 
   40.012, 0.1852, 0.7428,  3.66043,  3.68776,     0.00,  24.85,   0.07, 
   40.014, 0.1852, 0.7428,  3.66061,  3.68776,     0.00,  24.85,   0.07, 
   40.015, 0.1852, 0.7428,  3.66080,  3.68776,     0.00,  24.85,   0.06, 
   40.017, 0.1852, 0.7428,  3.66099,  3.68776,     0.00,  24.85,   0.06, 
   40.019, 0.1852, 0.7428,  3.66119,  3.68776,     0.00,  24.85,   0.06, 
   40.021, 0.1852, 0.7428,  3.66140,  3.68776,     0.00,  24.85,   0.06, 
   40.024, 0.1852, 0.7428,  3.66161,  3.68776,     0.00,  24.85,   0.06, 
   40.027, 0.1852, 0.7428,  3.66184,  3.68776,     0.00,  24.85,   0.06, 
   40.029, 0.1852, 0.7428,  3.66207,  3.68776,     0.00,  24.85,   0.06, 
   40.033, 0.1852, 0.7428,  3.66230,  3.68776,     0.00,  24.85,   0.05, 
   40.036, 0.1852, 0.7428,  3.66255,  3.68776,     0.00,  24.85,   0.05, 
   40.040, 0.1852, 0.7428,  3.66281,  3.68776,     0.00,  24.85,   0.05, 
   40.045, 0.1852, 0.7428,  3.66308,  3.68776,     0.00,  24.85,   0.05, 
   40.050, 0.1852, 0.7428,  3.66336,  3.68776,     0.00,  24.85,   0.05, 
   40.055, 0.1852, 0.7428,  3.66366,  3.68776,     0.00,  24.85,   0.05, 
   40.061, 0.1852, 0.7428,  3.66396,  3.68776,     0.00,  24.85,   0.05, 
   40.067, 0.1852, 0.7428,  3.66428,  3.68776,     0.00,  24.85,   0.05, 
   40.074, 0.1852, 0.7428,  3.66461,  3.68776,     0.00,  24.85,   0.04, 
   40.082, 0.1852, 0.7428,  3.66496,  3.68776,     0.00,  24.85,   0.04, 
   40.090, 0.1852, 0.7428,  3.66532,  3.68776,     0.00,  24.85,   0.04, 
   40.100, 0.1852, 0.7428,  3.66569,  3.68776,     0.00,  24.85,   0.04, 
   40.110, 0.1852, 0.7428,  3.66609,  3.68776,     0.00,  24.85,   0.04, 
   40.121, 0.1852, 0.7428,  3.66650,  3.68776,     0.00,  24.85,   0.04, 
   40.134, 0.1852, 0.7428,  3.66692,  3.68776,     0.00,  24.85,   0.04, 
   40.148, 0.1852, 0.7428,  3.66737,  3.68776,     0.00,  24.85,   0.04, 
   40.163, 0.1852, 0.7428,  3.66783,  3.68776,     0.00,  24.85,   0.04, 
   40.179, 0.1852, 0.7428,  3.66832,  3.68776,     0.00,  24.85,   0.04, 
   40.197, 0.1852, 0.7428,  3.66882,  3.68776,     0.00,  24.85,   0.04, 
   40.218, 0.1852, 0.7428,  3.66934,  3.68776,     0.00,  24.85,   0.04, 
   40.240, 0.1852, 0.7428,  3.66988,  3.68776,     0.00,  24.85,   0.04, 
   40.264, 0.1852, 0.7428,  3.67043,  3.68776,     0.00,  24.85,   0.04, 
   40.291, 0.1852, 0.7428,  3.67101,  3.68776,     0.00,  24.85,   0.04, 
   40.320, 0.1852, 0.7428,  3.67160,  3.68776,     0.00,  24.85,   0.03, 
   40.352, 0.1852, 0.7428,  3.67221,  3.68776,     0.00,  24.85,   0.03, 
   40.388, 0.1852, 0.7428,  3.67283,  3.68776,     0.00,  24.85,   0.03, 
   40.427, 0.1852, 0.7428,  3.67347,  3.68776,     0.00,  24.85,   0.03, 
   40.470, 0.1852, 0.7428,  3.67411,  3.68776,     0.00,  24.85,   0.03, 
   40.517, 0.1852, 0.7428,  3.67477,  3.68776,     0.00,  24.85,   0.03, 
   40.570, 0.1852, 0.7428,  3.67543,  3.68776,     0.00,  24.85,   0.03, 
   40.627, 0.1852, 0.7428,  3.67609,  3.68776,     0.00,  24.85,   0.03, 
   40.690, 0.1852, 0.7428,  3.67675,  3.68776,     0.00,  24.85,   0.03, 
   40.759, 0.1852, 0.7428,  3.67741,  3.68776,     0.00,  24.85,   0.03, 
   40.835, 0.1852, 0.7428,  3.67806,  3.68776,     0.00,  24.85,   0.03, 
   40.919, 0.1852, 0.7428,  3.67870,  3.68776,     0.00,  24.85,   0.03, 
   41.012, 0.1852, 0.7428,  3.67933,  3.68776,     0.00,  24.85,   0.02, 
   41.113, 0.1852, 0.7428,  3.67994,  3.68776,     0.00,  24.85,   0.02, 
   41.225, 0.1852, 0.7428,  3.68053,  3.68776,     0.00,  24.85,   0.02, 
   41.348, 0.1852, 0.7428,  3.68110,  3.68776,     0.00,  24.85,   0.02, 
   41.483, 0.1852, 0.7428,  3.68165,  3.68776,     0.00,  24.85,   0.02, 
   41.631, 0.1852, 0.7428,  3.68218,  3.68776,     0.00,  24.85,   0.02, 
   41.795, 0.1852, 0.7428,  3.68268,  3.68776,     0.00,  24.85,   0.02, 
   41.974, 0.1852, 0.7428,  3.68316,  3.68776,     0.00,  24.85,   0.01, 
   42.172, 0.1852, 0.7428,  3.68361,  3.68776,     0.00,  24.85,   0.01, 
   42.390, 0.1852, 0.7428,  3.68404,  3.68776,     0.00,  24.85,   0.01, 
   42.629, 0.1852, 0.7428,  3.68444,  3.68776,     0.00,  24.85,   0.01, 
   42.892, 0.1852, 0.7428,  3.68482,  3.68776,     0.00,  24.85,   0.01, 
   43.182, 0.1852, 0.7428,  3.68517,  3.68776,     0.00,  24.85,   0.01, 
   43.501, 0.1852, 0.7428,  3.68550,  3.68776,     0.00,  24.85,   0.01, 
   43.851, 0.1852, 0.7428,  3.68581,  3.68776,     0.00,  24.85,   0.01, 
   44.236, 0.1852, 0.7428,  3.68609,  3.68776,     0.00,  24.85,   0.01, 
   44.660, 0.1852, 0.7428,  3.68634,  3.68776,     0.00,  24.85,   0.01, 
   45.127, 0.1852, 0.7428,  3.68656,  3.68776,     0.00,  24.85,   0.00, 
   45.640, 0.1852, 0.7428,  3.68676,  3.68776,     0.00,  24.85,   0.00, 
   46.153, 0.1852, 0.7428,  3.68692,  3.68776,     0.00,  24.85,   0.00, 
   46.666, 0.1852, 0.7428,  3.68705,  3.68776,     0.00,  24.85,   0.00, 
   47.179, 0.1852, 0.7428,  3.68715,  3.68776,     0.00,  24.85,   0.00, 
   47.692, 0.1852, 0.7428,  3.68724,  3.68776,     0.00,  24.85,   0.00, 
   48.205, 0.1852, 0.7428,  3.68731,  3.68776,     0.00,  24.85,   0.00, 
   48.718, 0.1852, 0.7428,  3.68737,  3.68776,     0.00,  24.85,   0.00, 
   49.231, 0.1852, 0.7428,  3.68741,  3.68776,     0.00,  24.85,   0.00, 
   49.744, 0.1852, 0.7428,  3.68745,  3.68776,     0.00,  24.85,   0.00, 
   50.257, 0.1852, 0.7428,  3.68749,  3.68776,     0.00,  24.85,   0.00, 
   50.770, 0.1852, 0.7428,  3.68751,  3.68776,     0.00,  24.85,   0.00, 
   51.283, 0.1852, 0.7428,  3.68754,  3.68776,     0.00,  24.85,   0.00, 
   51.796, 0.1852, 0.7428,  3.68756,  3.68776,     0.00,  24.85,   0.00, 
   52.309, 0.1852, 0.7428,  3.68758,  3.68776,     0.00,  24.85,   0.00, 
   52.822, 0.1852, 0.7428,  3.68759,  3.68776,     0.00,  24.85,   0.00, 
   53.335, 0.1852, 0.7428,  3.68761,  3.68776,     0.00,  24.85,   0.00, 
   53.848, 0.1852, 0.7428,  3.68762,  3.68776,     0.00,  24.85,   0.00, 
   54.361, 0.1852, 0.7428,  3.68763,  3.68776,     0.00,  24.85,   0.00, 
   54.874, 0.1852, 0.7428,  3.68764,  3.68776,     0.00,  24.85,   0.00, 
   55.000, 0.1852, 0.7428,  3.68764,  3.68776,     0.00,  24.85,   0.00, 
   55.000, 0.1852, 0.7428,  3.68277,  3.68776,     4.00,  24.85,   0.02, 
 specific energy segment =     0.00 W-h/kg
 specific power segment  =     0.00 W/kg
 total heat =          0.8814 W-h/m2
  
   55.000, 0.1852, 0.7428,  3.68277,  3.68776,     4.00,  24.85,   0.02, 
   55.000, 0.1852, 0.7428,  3.68271,  3.68776,     4.00,  24.85,   0.02, 
   55.001, 0.1852, 0.7428,  3.68267,  3.68776,     4.00,  24.85,   0.02, 
   55.001, 0.1852, 0.7428,  3.68264,  3.68776,     4.00,  24.85,   0.02, 
   55.002, 0.1852, 0.7428,  3.68261,  3.68776,     4.00,  24.85,   0.02, 
   55.002, 0.1852, 0.7428,  3.68258,  3.68775,     4.00,  24.85,   0.02, 
   55.003, 0.1852, 0.7428,  3.68255,  3.68775,     4.00,  24.85,   0.02, 
   55.003, 0.1852, 0.7428,  3.68253,  3.68775,     4.00,  24.85,   0.02, 
   55.004, 0.1852, 0.7428,  3.68250,  3.68775,     4.00,  24.85,   0.02, 
   55.005, 0.1852, 0.7428,  3.68248,  3.68775,     4.00,  24.85,   0.02, 
   55.005, 0.1851, 0.7428,  3.68245,  3.68775,     4.00,  24.85,   0.02, 
   55.006, 0.1851, 0.7428,  3.68243,  3.68775,     4.00,  24.85,   0.02, 
   55.007, 0.1851, 0.7428,  3.68240,  3.68775,     4.00,  24.85,   0.02, 
   55.008, 0.1851, 0.7428,  3.68238,  3.68775,     4.00,  24.85,   0.02, 
   55.009, 0.1851, 0.7428,  3.68235,  3.68774,     4.00,  24.85,   0.02, 
   55.011, 0.1851, 0.7428,  3.68232,  3.68774,     4.00,  24.85,   0.02, 
   55.012, 0.1851, 0.7428,  3.68229,  3.68774,     4.00,  24.85,   0.02, 
   55.014, 0.1851, 0.7428,  3.68226,  3.68774,     4.00,  24.85,   0.02, 
   55.015, 0.1851, 0.7428,  3.68223,  3.68774,     4.00,  24.85,   0.02, 
   55.017, 0.1851, 0.7428,  3.68220,  3.68773,     4.00,  24.85,   0.02, 
   55.019, 0.1851, 0.7428,  3.68216,  3.68773,     4.00,  24.85,   0.02, 
   55.021, 0.1851, 0.7428,  3.68213,  3.68773,     4.00,  24.85,   0.02, 
   55.024, 0.1851, 0.7428,  3.68209,  3.68772,     4.00,  24.85,   0.02, 
   55.027, 0.1851, 0.7428,  3.68205,  3.68772,     4.00,  24.85,   0.02, 
   55.029, 0.1851, 0.7429,  3.68201,  3.68772,     4.00,  24.85,   0.02, 
   55.033, 0.1851, 0.7429,  3.68197,  3.68771,     4.00,  24.85,   0.02, 
   55.036, 0.1851, 0.7429,  3.68193,  3.68771,     4.00,  24.85,   0.02, 
   55.040, 0.1851, 0.7429,  3.68188,  3.68770,     4.00,  24.85,   0.02, 
   55.045, 0.1851, 0.7429,  3.68183,  3.68769,     4.00,  24.85,   0.02, 
   55.050, 0.1851, 0.7429,  3.68178,  3.68769,     4.00,  24.85,   0.02, 
   55.055, 0.1851, 0.7429,  3.68173,  3.68768,     4.00,  24.85,   0.02, 
   55.061, 0.1851, 0.7429,  3.68167,  3.68767,     4.00,  24.85,   0.02, 
   55.067, 0.1850, 0.7429,  3.68161,  3.68766,     4.00,  24.85,   0.02, 
   55.074, 0.1850, 0.7429,  3.68155,  3.68765,     4.00,  24.85,   0.02, 
   55.082, 0.1850, 0.7429,  3.68149,  3.68764,     4.00,  24.85,   0.02, 
   55.090, 0.1850, 0.7429,  3.68142,  3.68763,     4.00,  24.85,   0.03, 
   55.100, 0.1850, 0.7429,  3.68134,  3.68761,     4.00,  24.85,   0.03, 
   55.110, 0.1850, 0.7429,  3.68127,  3.68760,     4.00,  24.85,   0.03, 
   55.121, 0.1850, 0.7429,  3.68119,  3.68758,     4.00,  24.85,   0.03, 
   55.134, 0.1849, 0.7430,  3.68110,  3.68757,     4.00,  24.85,   0.03, 
   55.148, 0.1849, 0.7430,  3.68101,  3.68755,     4.00,  24.85,   0.03, 
   55.163, 0.1849, 0.7430,  3.68092,  3.68752,     4.00,  24.85,   0.03, 
   55.179, 0.1849, 0.7430,  3.68082,  3.68750,     4.00,  24.85,   0.03, 
   55.197, 0.1848, 0.7430,  3.68071,  3.68747,     4.00,  24.85,   0.03, 
   55.218, 0.1848, 0.7430,  3.68060,  3.68745,     4.00,  24.85,   0.03, 
   55.240, 0.1848, 0.7431,  3.68048,  3.68741,     4.00,  24.85,   0.03, 
   55.264, 0.1847, 0.7431,  3.68036,  3.68738,     4.00,  24.85,   0.03, 
   55.291, 0.1847, 0.7431,  3.68023,  3.68734,     4.00,  24.85,   0.03, 
   55.320, 0.1846, 0.7431,  3.68009,  3.68730,     4.00,  24.85,   0.03, 
   55.352, 0.1846, 0.7432,  3.67995,  3.68725,     4.00,  24.85,   0.03, 
   55.388, 0.1845, 0.7432,  3.67980,  3.68720,     4.00,  24.85,   0.03, 
   55.427, 0.1844, 0.7432,  3.67964,  3.68715,     4.00,  24.85,   0.03, 
   55.470, 0.1844, 0.7433,  3.67948,  3.68708,     4.00,  24.85,   0.03, 
   55.517, 0.1843, 0.7433,  3.67931,  3.68702,     4.00,  24.85,   0.03, 
   55.570, 0.1842, 0.7434,  3.67913,  3.68694,     4.00,  24.85,   0.03, 
   55.627, 0.1841, 0.7434,  3.67894,  3.68686,     4.00,  24.85,   0.03, 
   55.690, 0.1840, 0.7435,  3.67874,  3.68677,     4.00,  24.85,   0.03, 
   55.759, 0.1839, 0.7436,  3.67854,  3.68667,     4.00,  24.85,   0.03, 
   55.835, 0.1838, 0.7436,  3.67833,  3.68656,     4.00,  24.85,   0.03, 
   55.919, 0.1836, 0.7437,  3.67811,  3.68644,     4.00,  24.85,   0.03, 
   56.012, 0.1835, 0.7438,  3.67787,  3.68631,     4.00,  24.85,   0.03, 
   56.113, 0.1833, 0.7439,  3.67763,  3.68616,     4.00,  24.85,   0.03, 
   56.225, 0.1831, 0.7440,  3.67738,  3.68600,     4.00,  24.85,   0.03, 
   56.348, 0.1829, 0.7441,  3.67711,  3.68583,     4.00,  24.85,   0.03, 
   56.483, 0.1827, 0.7443,  3.67683,  3.68563,     4.00,  24.85,   0.04, 
   56.631, 0.1825, 0.7444,  3.67654,  3.68542,     4.00,  24.85,   0.04, 
   56.795, 0.1822, 0.7446,  3.67622,  3.68518,     4.00,  24.85,   0.04, 
   56.974, 0.1819, 0.7447,  3.67589,  3.68493,     4.00,  24.85,   0.04, 
   57.172, 0.1816, 0.7449,  3.67553,  3.68464,     4.00,  24.85,   0.04, 
   57.390, 0.1812, 0.7451,  3.67515,  3.68433,     4.00,  24.85,   0.04, 
   57.629, 0.1808, 0.7454,  3.67475,  3.68399,     4.00,  24.85,   0.04, 
   57.892, 0.1804, 0.7456,  3.67431,  3.68361,     4.00,  24.85,   0.04, 
   58.182, 0.1799, 0.7459,  3.67384,  3.68320,     4.00,  24.85,   0.04, 
   58.501, 0.1794, 0.7462,  3.67333,  3.68274,     4.00,  24.85,   0.04, 
   58.851, 0.1788, 0.7466,  3.67278,  3.68224,     4.00,  24.85,   0.04, 
   59.236, 0.1781, 0.7469,  3.67218,  3.68169,     4.00,  24.85,   0.04, 
   59.660, 0.1774, 0.7473,  3.67153,  3.68108,     4.00,  24.85,   0.04, 
   60.127, 0.1767, 0.7478,  3.67083,  3.68041,     4.00,  24.85,   0.04, 
   60.640, 0.1758, 0.7483,  3.67006,  3.67968,     4.00,  24.85,   0.04, 
   61.153, 0.1749, 0.7488,  3.66930,  3.67895,     4.00,  24.85,   0.04, 
   61.666, 0.1741, 0.7493,  3.66855,  3.67821,     4.00,  24.85,   0.04, 
   62.179, 0.1732, 0.7498,  3.66779,  3.67748,     4.00,  24.85,   0.04, 
   62.692, 0.1724, 0.7503,  3.66705,  3.67675,     4.00,  24.85,   0.04, 
   63.205, 0.1715, 0.7508,  3.66630,  3.67601,     4.00,  24.85,   0.04, 
   63.718, 0.1707, 0.7513,  3.66556,  3.67528,     4.00,  24.85,   0.04, 
   64.231, 0.1698, 0.7518,  3.66481,  3.67455,     4.00,  24.85,   0.04, 
   64.744, 0.1690, 0.7523,  3.66407,  3.67382,     4.00,  24.85,   0.04, 
   65.257, 0.1681, 0.7528,  3.66333,  3.67309,     4.00,  24.85,   0.04, 
   65.770, 0.1673, 0.7533,  3.66259,  3.67236,     4.00,  24.85,   0.04, 
   66.283, 0.1664, 0.7538,  3.66185,  3.67163,     4.00,  24.85,   0.04, 
   66.796, 0.1656, 0.7543,  3.66111,  3.67090,     4.00,  24.85,   0.04, 
   67.309, 0.1647, 0.7548,  3.66037,  3.67017,     4.00,  24.85,   0.04, 
   67.822, 0.1639, 0.7553,  3.65963,  3.66944,     4.00,  24.85,   0.04, 
   68.335, 0.1630, 0.7558,  3.65889,  3.66871,     4.00,  24.85,   0.04, 
   68.848, 0.1622, 0.7563,  3.65815,  3.66797,     4.00,  24.85,   0.04, 
   69.361, 0.1613, 0.7568,  3.65741,  3.66724,     4.00,  24.85,   0.04, 
   69.874, 0.1605, 0.7573,  3.65667,  3.66651,     4.00,  24.85,   0.04, 
   70.387, 0.1596, 0.7578,  3.65593,  3.66578,     4.00,  24.85,   0.04, 
   70.900, 0.1588, 0.7583,  3.65518,  3.66505,     4.00,  24.85,   0.04, 
   71.413, 0.1579, 0.7588,  3.65444,  3.66432,     4.00,  24.85,   0.04, 
   71.926, 0.1571, 0.7593,  3.65369,  3.66358,     4.00,  24.85,   0.04, 
   72.439, 0.1562, 0.7598,  3.65294,  3.66285,     4.00,  24.85,   0.04, 
   72.952, 0.1554, 0.7603,  3.65219,  3.66211,     4.00,  24.85,   0.04, 
   73.465, 0.1545, 0.7608,  3.65144,  3.66138,     4.00,  24.85,   0.04, 
   73.978, 0.1537, 0.7613,  3.65069,  3.66064,     4.00,  24.85,   0.04, 
   74.491, 0.1528, 0.7618,  3.64993,  3.65990,     4.00,  24.85,   0.04, 
   75.004, 0.1520, 0.7623,  3.64917,  3.65916,     4.00,  24.85,   0.04, 
   75.517, 0.1511, 0.7628,  3.64841,  3.65842,     4.00,  24.85,   0.04, 
   76.030, 0.1503, 0.7632,  3.64764,  3.65767,     4.00,  24.85,   0.04, 
   76.543, 0.1494, 0.7637,  3.64687,  3.65693,     4.00,  24.85,   0.04, 
   77.056, 0.1486, 0.7642,  3.64610,  3.65618,     4.00,  24.85,   0.04, 
   77.569, 0.1477, 0.7647,  3.64533,  3.65543,     4.00,  24.85,   0.04, 
   78.082, 0.1469, 0.7652,  3.64455,  3.65467,     4.00,  24.85,   0.04, 
   78.595, 0.1460, 0.7657,  3.64377,  3.65391,     4.00,  24.85,   0.04, 
   79.108, 0.1452, 0.7662,  3.64299,  3.65315,     4.00,  24.85,   0.04, 
   79.621, 0.1443, 0.7667,  3.64221,  3.65239,     4.00,  24.85,   0.04, 
   80.134, 0.1435, 0.7672,  3.64142,  3.65163,     4.00,  24.85,   0.04, 
   80.647, 0.1426, 0.7677,  3.64063,  3.65086,     4.00,  24.85,   0.04, 
   81.160, 0.1418, 0.7682,  3.63984,  3.65009,     4.00,  24.85,   0.04, 
   81.673, 0.1409, 0.7687,  3.63905,  3.64931,     4.00,  24.85,   0.04, 
   82.186, 0.1400, 0.7692,  3.63825,  3.64853,     4.00,  24.85,   0.04, 
   82.699, 0.1392, 0.7697,  3.63746,  3.64775,     4.00,  24.85,   0.04, 
   83.212, 0.1383, 0.7702,  3.63667,  3.64697,     4.00,  24.85,   0.04, 
   83.725, 0.1375, 0.7707,  3.63588,  3.64619,     4.00,  24.85,   0.04, 
   84.238, 0.1366, 0.7712,  3.63509,  3.64540,     4.00,  24.85,   0.04, 
   84.751, 0.1358, 0.7717,  3.63430,  3.64462,     4.00,  24.85,   0.04, 
   85.264, 0.1349, 0.7722,  3.63351,  3.64383,     4.00,  24.85,   0.04, 
   85.777, 0.1341, 0.7727,  3.63274,  3.64304,     4.00,  24.85,   0.04, 
   86.290, 0.1332, 0.7732,  3.63196,  3.64225,     4.00,  24.85,   0.04, 
   86.803, 0.1324, 0.7737,  3.63120,  3.64147,     4.00,  24.85,   0.04, 
   87.316, 0.1315, 0.7742,  3.63044,  3.64068,     4.00,  24.85,   0.04, 
   87.829, 0.1307, 0.7747,  3.62969,  3.63990,     4.00,  24.85,   0.04, 
   88.342, 0.1298, 0.7752,  3.62895,  3.63913,     4.00,  24.85,   0.04, 
   88.855, 0.1290, 0.7757,  3.62823,  3.63835,     4.00,  24.85,   0.04, 
   89.368, 0.1281, 0.7762,  3.62751,  3.63759,     4.00,  24.85,   0.04, 
   89.881, 0.1273, 0.7767,  3.62682,  3.63683,     4.00,  24.85,   0.04, 
   90.394, 0.1264, 0.7772,  3.62613,  3.63608,     4.00,  24.85,   0.04, 
   90.907, 0.1256, 0.7777,  3.62547,  3.63534,     4.00,  24.85,   0.04, 
   91.420, 0.1247, 0.7782,  3.62482,  3.63462,     4.00,  24.85,   0.04, 
   91.933, 0.1239, 0.7787,  3.62419,  3.63390,     4.00,  24.85,   0.04, 
   92.446, 0.1230, 0.7792,  3.62358,  3.63320,     4.00,  24.85,   0.04, 
   92.959, 0.1222, 0.7797,  3.62299,  3.63251,     4.00,  24.85,   0.04, 
   93.472, 0.1213, 0.7802,  3.62242,  3.63184,     4.00,  24.85,   0.04, 
   93.984, 0.1205, 0.7807,  3.62187,  3.63118,     4.00,  24.85,   0.04, 
   94.497, 0.1196, 0.7812,  3.62134,  3.63055,     4.00,  24.85,   0.04, 
   95.010, 0.1188, 0.7817,  3.62084,  3.62993,     4.00,  24.85,   0.04, 
   95.523, 0.1179, 0.7822,  3.62035,  3.62933,     4.00,  24.85,   0.04, 
   96.036, 0.1171, 0.7827,  3.61989,  3.62875,     4.00,  24.85,   0.04, 
   96.549, 0.1162, 0.7832,  3.61945,  3.62819,     4.00,  24.85,   0.03, 
   97.062, 0.1154, 0.7837,  3.61903,  3.62766,     4.00,  24.85,   0.03, 
   97.575, 0.1145, 0.7842,  3.61864,  3.62714,     4.00,  24.85,   0.03, 
   98.088, 0.1137, 0.7847,  3.61826,  3.62664,     4.00,  24.85,   0.03, 
   98.601, 0.1128, 0.7852,  3.61790,  3.62617,     4.00,  24.85,   0.03, 
   99.114, 0.1120, 0.7857,  3.61756,  3.62572,     4.00,  24.85,   0.03, 
   99.627, 0.1111, 0.7862,  3.61724,  3.62529,     4.00,  24.85,   0.03, 
  100.140, 0.1103, 0.7867,  3.61693,  3.62487,     4.00,  24.85,   0.03, 
  100.653, 0.1094, 0.7872,  3.61664,  3.62448,     4.00,  24.85,   0.03, 
  101.166, 0.1086, 0.7877,  3.61636,  3.62411,     4.00,  24.85,   0.03, 
  101.679, 0.1077, 0.7882,  3.61609,  3.62376,     4.00,  24.85,   0.03, 
  102.192, 0.1068, 0.7887,  3.61584,  3.62342,     4.00,  24.85,   0.03, 
  102.705, 0.1060, 0.7892,  3.61559,  3.62310,     4.00,  24.85,   0.03, 
  103.218, 0.1051, 0.7897,  3.61535,  3.62280,     4.00,  24.85,   0.03, 
  103.731, 0.1043, 0.7902,  3.61511,  3.62251,     4.00,  24.85,   0.03, 
  104.244, 0.1034, 0.7907,  3.61488,  3.62223,     4.00,  24.85,   0.03, 
  104.757, 0.1026, 0.7912,  3.61465,  3.62197,     4.00,  24.85,   0.03, 
  105.270, 0.1017, 0.7917,  3.61442,  3.62172,     4.00,  24.85,   0.03, 
  105.783, 0.1009, 0.7921,  3.61420,  3.62148,     4.00,  24.85,   0.03, 
  106.296, 0.1000, 0.7926,  3.61398,  3.62125,     4.00,  24.85,   0.03, 
  106.809, 0.0992, 0.7931,  3.61375,  3.62102,     4.00,  24.85,   0.03, 
  107.322, 0.0983, 0.7936,  3.61353,  3.62081,     4.00,  24.85,   0.03, 
  107.835, 0.0975, 0.7941,  3.61332,  3.62060,     4.00,  24.85,   0.03, 
  108.348, 0.0966, 0.7946,  3.61310,  3.62039,     4.00,  24.85,   0.03, 
  108.861, 0.0958, 0.7951,  3.61288,  3.62019,     4.00,  24.85,   0.03, 
  109.374, 0.0949, 0.7956,  3.61266,  3.61999,     4.00,  24.85,   0.03, 
  109.887, 0.0941, 0.7961,  3.61244,  3.61980,     4.00,  24.85,   0.03, 
  110.400, 0.0932, 0.7966,  3.61222,  3.61960,     4.00,  24.85,   0.03, 
  110.913, 0.0924, 0.7971,  3.61200,  3.61941,     4.00,  24.85,   0.03, 
  111.426, 0.0915, 0.7976,  3.61178,  3.61922,     4.00,  24.85,   0.03, 
  111.939, 0.0907, 0.7981,  3.61155,  3.61902,     4.00,  24.85,   0.03, 
  112.452, 0.0898, 0.7986,  3.61133,  3.61883,     4.00,  24.85,   0.03, 
  112.965, 0.0890, 0.7991,  3.61110,  3.61863,     4.00,  24.85,   0.03, 
  113.478, 0.0881, 0.7996,  3.61087,  3.61843,     4.00,  24.85,   0.03, 
  113.991, 0.0873, 0.8001,  3.61063,  3.61823,     4.00,  24.85,   0.03, 
  114.504, 0.0864, 0.8006,  3.61039,  3.61802,     4.00,  24.85,   0.03, 
  115.017, 0.0856, 0.8011,  3.61015,  3.61782,     4.00,  24.85,   0.03, 
  115.530, 0.0847, 0.8016,  3.60991,  3.61760,     4.00,  24.85,   0.03, 
  116.043, 0.0839, 0.8021,  3.60966,  3.61739,     4.00,  24.85,   0.03, 
  116.556, 0.0830, 0.8026,  3.60940,  3.61716,     4.00,  24.85,   0.03, 
  117.069, 0.0822, 0.8031,  3.60915,  3.61694,     4.00,  24.85,   0.03, 
  117.582, 0.0813, 0.8036,  3.60888,  3.61671,     4.00,  24.85,   0.03, 
  118.095, 0.0805, 0.8041,  3.60861,  3.61647,     4.00,  24.85,   0.03, 
  118.608, 0.0796, 0.8046,  3.60834,  3.61623,     4.00,  24.85,   0.03, 
  119.121, 0.0788, 0.8051,  3.60806,  3.61598,     4.00,  24.85,   0.03, 
  119.634, 0.0779, 0.8056,  3.60778,  3.61573,     4.00,  24.85,   0.03, 
  120.147, 0.0771, 0.8061,  3.60749,  3.61548,     4.00,  24.85,   0.03, 
  120.660, 0.0762, 0.8066,  3.60719,  3.61522,     4.00,  24.85,   0.03, 
  121.173, 0.0754, 0.8071,  3.60689,  3.61495,     4.00,  24.85,   0.03, 
  121.686, 0.0745, 0.8076,  3.60658,  3.61468,     4.00,  24.85,   0.03, 
  122.199, 0.0737, 0.8081,  3.60627,  3.61440,     4.00,  24.85,   0.03, 
  122.712, 0.0728, 0.8086,  3.60595,  3.61411,     4.00,  24.85,   0.03, 
  123.225, 0.0719, 0.8091,  3.60562,  3.61383,     4.00,  24.85,   0.03, 
  123.738, 0.0711, 0.8096,  3.60529,  3.61353,     4.00,  24.85,   0.03, 
  124.251, 0.0702, 0.8101,  3.60494,  3.61323,     4.00,  24.85,   0.03, 
  124.764, 0.0694, 0.8106,  3.60459,  3.61292,     4.00,  24.85,   0.03, 
  125.277, 0.0685, 0.8111,  3.60424,  3.61261,     4.00,  24.85,   0.03, 
  125.790, 0.0677, 0.8116,  3.60387,  3.61229,     4.00,  24.85,   0.03, 
  126.303, 0.0668, 0.8121,  3.60349,  3.61196,     4.00,  24.85,   0.03, 
  126.816, 0.0660, 0.8126,  3.60310,  3.61163,     4.00,  24.85,   0.03, 
  127.329, 0.0651, 0.8131,  3.60271,  3.61129,     4.00,  24.85,   0.03, 
  127.842, 0.0643, 0.8136,  3.60230,  3.61094,     4.00,  24.85,   0.03, 
  128.355, 0.0634, 0.8141,  3.60187,  3.61058,     4.00,  24.85,   0.03, 
  128.868, 0.0626, 0.8146,  3.60144,  3.61022,     4.00,  24.85,   0.04, 
  129.381, 0.0617, 0.8151,  3.60099,  3.60984,     4.00,  24.85,   0.04, 
  129.894, 0.0609, 0.8156,  3.60052,  3.60945,     4.00,  24.85,   0.04, 
  130.407, 0.0600, 0.8161,  3.60003,  3.60906,     4.00,  24.85,   0.04, 
  130.920, 0.0592, 0.8166,  3.59952,  3.60865,     4.00,  24.85,   0.04, 
  131.433, 0.0583, 0.8171,  3.59899,  3.60822,     4.00,  24.85,   0.04, 
  131.946, 0.0575, 0.8176,  3.59844,  3.60778,     4.00,  24.85,   0.04, 
  132.459, 0.0566, 0.8181,  3.59786,  3.60733,     4.00,  24.85,   0.04, 
  132.972, 0.0558, 0.8186,  3.59724,  3.60686,     4.00,  24.85,   0.04, 
  133.485, 0.0549, 0.8191,  3.59660,  3.60637,     4.00,  24.85,   0.04, 
  133.998, 0.0541, 0.8196,  3.59592,  3.60585,     4.00,  24.85,   0.04, 
  134.511, 0.0532, 0.8201,  3.59519,  3.60532,     4.00,  24.85,   0.04, 
  135.024, 0.0524, 0.8206,  3.59442,  3.60476,     4.00,  24.85,   0.04, 
  135.537, 0.0515, 0.8210,  3.59360,  3.60416,     4.00,  24.85,   0.04, 
  136.050, 0.0507, 0.8215,  3.59273,  3.60354,     4.00,  24.85,   0.04, 
  136.563, 0.0498, 0.8220,  3.59179,  3.60288,     4.00,  24.85,   0.04, 
  137.076, 0.0490, 0.8225,  3.59079,  3.60219,     4.00,  24.85,   0.05, 
  137.589, 0.0481, 0.8230,  3.58970,  3.60145,     4.00,  24.85,   0.05, 
  138.102, 0.0473, 0.8235,  3.58854,  3.60066,     4.00,  24.85,   0.05, 
  138.615, 0.0464, 0.8240,  3.58728,  3.59982,     4.00,  24.85,   0.05, 
  139.128, 0.0456, 0.8245,  3.58591,  3.59892,     4.00,  24.85,   0.05, 
  139.641, 0.0447, 0.8250,  3.58444,  3.59796,     4.00,  24.85,   0.05, 
  140.154, 0.0439, 0.8255,  3.58283,  3.59692,     4.00,  24.85,   0.06, 
  140.667, 0.0430, 0.8260,  3.58108,  3.59580,     4.00,  24.85,   0.06, 
  141.180, 0.0422, 0.8265,  3.57918,  3.59460,     4.00,  24.85,   0.06, 
  141.693, 0.0413, 0.8270,  3.57710,  3.59329,     4.00,  24.85,   0.06, 
  142.206, 0.0405, 0.8275,  3.57483,  3.59188,     4.00,  24.85,   0.07, 
  142.719, 0.0396, 0.8280,  3.57235,  3.59035,     4.00,  24.85,   0.07, 
  143.232, 0.0387, 0.8285,  3.56963,  3.58868,     4.00,  24.85,   0.08, 
  143.745, 0.0379, 0.8290,  3.56665,  3.58687,     4.00,  24.85,   0.08, 
  144.258, 0.0370, 0.8295,  3.56338,  3.58489,     4.00,  24.85,   0.09, 
  144.771, 0.0362, 0.8300,  3.55978,  3.58273,     4.00,  24.85,   0.09, 
  145.284, 0.0353, 0.8305,  3.55583,  3.58037,     4.00,  24.85,   0.10, 
  145.797, 0.0345, 0.8310,  3.55149,  3.57778,     4.00,  24.85,   0.11, 
  146.310, 0.0336, 0.8315,  3.54670,  3.57495,     4.00,  24.85,   0.11, 
  146.823, 0.0328, 0.8320,  3.54143,  3.57184,     4.00,  24.85,   0.12, 
  147.336, 0.0319, 0.8325,  3.53563,  3.56842,     4.00,  24.85,   0.13, 
  147.849, 0.0311, 0.8330,  3.52923,  3.56467,     4.00,  24.85,   0.14, 
  148.362, 0.0302, 0.8335,  3.52217,  3.56055,     4.00,  24.85,   0.15, 
  148.875, 0.0294, 0.8340,  3.51438,  3.55601,     4.00,  24.85,   0.17, 
  149.388, 0.0285, 0.8345,  3.50578,  3.55101,     4.00,  24.85,   0.18, 
  149.901, 0.0277, 0.8350,  3.49629,  3.54551,     4.00,  24.85,   0.20, 
  150.414, 0.0268, 0.8355,  3.48580,  3.53944,     4.00,  24.85,   0.21, 
  150.927, 0.0260, 0.8360,  3.47421,  3.53274,     4.00,  24.85,   0.23, 
  151.440, 0.0251, 0.8365,  3.46140,  3.52536,     4.00,  24.85,   0.26, 
  151.953, 0.0243, 0.8370,  3.44725,  3.51720,     4.00,  24.85,   0.28, 
  152.466, 0.0234, 0.8375,  3.43160,  3.50820,     4.00,  24.85,   0.31, 
  152.979, 0.0226, 0.8380,  3.41429,  3.49826,     4.00,  24.85,   0.34, 
  153.492, 0.0217, 0.8385,  3.39515,  3.48728,     4.00,  24.85,   0.37, 
  154.005, 0.0209, 0.8390,  3.37397,  3.47515,     4.00,  24.85,   0.40, 
  154.518, 0.0200, 0.8395,  3.35055,  3.46173,     4.00,  24.85,   0.44, 
  155.031, 0.0192, 0.8400,  3.32463,  3.44690,     4.00,  24.85,   0.49, 
  155.544, 0.0183, 0.8405,  3.29595,  3.43051,     4.00,  24.85,   0.54, 
  156.057, 0.0175, 0.8410,  3.26422,  3.41237,     4.00,  24.85,   0.59, 
  156.570, 0.0166, 0.8415,  3.22909,  3.39231,     4.00,  24.85,   0.65, 
  157.083, 0.0158, 0.8420,  3.19022,  3.37013,     4.00,  24.85,   0.72, 
  157.596, 0.0149, 0.8425,  3.14719,  3.34558,     4.00,  24.85,   0.79, 
  158.109, 0.0141, 0.8430,  3.09956,  3.31841,     4.00,  24.85,   0.87, 
  158.622, 0.0132, 0.8435,  3.04682,  3.28835,     4.00,  24.85,   0.96, 
  159.135, 0.0124, 0.8440,  2.98845,  3.25509,     4.00,  24.85,   1.06, 
  159.648, 0.0115, 0.8445,  2.92382,  3.21827,     4.00,  24.85,   1.17, 
  160.161, 0.0107, 0.8450,  2.85226,  3.17751,     4.00,  24.85,   1.30, 
  160.674, 0.0098, 0.8455,  2.77303,  3.13240,     4.00,  24.85,   1.43, 
  161.187, 0.0090, 0.8460,  2.68530,  3.08246,     4.00,  24.85,   1.58, 
  161.700, 0.0081, 0.8465,  2.58816,  3.02717,     4.00,  24.85,   1.75, 
  162.213, 0.0073, 0.8470,  2.48060,  2.96596,     4.00,  24.85,   1.94, 
  162.726, 0.0064, 0.8475,  2.36150,  2.89819,     4.00,  24.85,   2.14, 
  163.239, 0.0056, 0.8480,  2.22960,  2.82316,     4.00,  24.85,   2.37, 
  163.496, 0.0051, 0.8482,  2.15844,  2.78268,     4.00,  24.85,   2.49, 
  163.637, 0.0049, 0.8483,  2.11772,  2.75952,     4.00,  24.85,   2.56, 
  163.714, 0.0048, 0.8484,  2.09484,  2.74650,     4.00,  24.85,   2.60, 
  163.736, 0.0047, 0.8484,  2.08848,  2.74288,     4.00,  24.85,   2.61, 
  163.742, 0.0047, 0.8484,  2.08672,  2.74189,     4.00,  24.85,   2.61, 
  163.745, 0.0047, 0.8484,  2.08543,  2.74134,     4.00,  24.85,   2.61, 
  163.745, 0.0047, 0.8484,  2.08510,  2.74126,     4.00,  24.85,   2.61, 
  163.745, 0.0047, 0.8484,  2.08502,  2.74125,     4.00,  24.85,   2.61, 
  163.745, 0.0047, 0.8484,  2.08496,  2.74125,     4.00,  24.85,   2.61, 
  163.745, 0.0047, 0.8484,  2.08494,  2.74125,     4.00,  24.85,   2.61, 
  163.745, 0.0047, 0.8484,  2.08491,  2.74124,     4.00,  24.85,   2.61, 
  163.745, 0.0047, 0.8484,  2.08485,  2.74124,     4.00,  24.85,   2.61, 
 mass is   0.816565
 energy is   31.5202136
 power is   11.5497189
 338 this time step did not converge
 Solid concentration driven to zero.
 Consider changing vcut or the current density.
  
 dV/dt at point of failure is (V/s) -0.327516929
 Moving on to next leg if not the last
  
 comp 7 not converged

            mass  =  0.8166 kg/m2
 specific energy segment =    31.52 W-h/kg
 specific power segment  =    17.39 W/kg
 total heat =          1.1709 W-h/m2
  
