     50  lim, limit on number of iterations
 100.00  h1,  thickness of negative electrode (microns)
  25.00  h2,  thickness of separator (microns)
 100.00  h3,  thickness of positive electrode (microns)
  25.00  hcn, thickness of negative electrode current collector (microns)
  25.00  hcp, thickness of positive electrode current collector (microns)
     80  n1,  number of nodes in negative electrode
     40  n2,  number of nodes in separator
     80  n3,  number of nodes in positive electrode
 298.00  T,   temperature (K)

 1000.0  xx(1,n1+2), initial concentration (mol/m3)
 0.6000  csx,   initial stoichiometric parameter for negative
 0.5000  csy,   initial stoichiometric parameter for positive
   30.0  tmmax, maximum time step size (s)
 .4E-13  dfs1, diffusion coefficient in negative solid (m2/s)
 .1E-12  dfs3, diffusion coefficient in positive solid (m2/s)
  10.00  Rad1,  radius of negative particles (microns)
  10.00  Rad3,  radius of positive particles (microns)

  0.300  ep1,   volume fraction of electrolyte in negative electrode
  0.000  epp1,  volume fraction of polymer phase in negative electrode
  0.100  epf1,  volume fraction of inert filler in negative electrode
  1.000  ep2,   volume fraction of electrolyte in separator
  0.000  epp2,  volume fraction of polymer phase in separator
  0.300  ep3,   volume fraction of electrolyte in positive electrode
  0.000  epp3,  volume fraction of polymer phase in positive electrode
  0.200  epf3,  volume fraction of inert filler in positive electrode
 0.10E+03  sig1,  conductivity of negative matrix (S/m)
  10.      sig3,  conductivity of positive matrix (S/m)
  372.00  cot1,  coulombic capacity of negative material (mAh/g)
  274.00  cot3,  coulombic capacity of positive material (mAh/g)
 .1E-04  rka1,  reaction rate constant for negative reaction 
 .3E-10  rka3,  reaction rate constant for positive reaction

 1324.0  re,   density of electrolyte (kg/m3)
 1800.0  rs1,  density of negative insertion material (kg/m3)
 5010.0  rs3,  density of positive insertion material (kg/m3)
 1800.0  rf,   density of inert filler (kg/m3)
 1780.0  rpl,  density of polymer phase (kg/m3)
    0.0  rc,   density of separator material (kg/m3)
 8954.0  rcn,  density of negative current collector (kg/m3)
 2707.0  rcp,  density of positive current collector (kg/m3)

   0.001000  ranode,   anode film resistance (ohm-m2)
   0.000000  rcathde,  cathode film resistance (ohm-m2)
   0.00  htc,   heat-transfer coefficient with external medium (W/m2K)
   0.000000  dUdT,  temperature coefficient of EMF (V/K)
 2000.0  Cp,    heat capacity of cell (J/kg-K)
   0.00  residm,    residual mass (kg/m2)
 298.00  Tam,   ambient temperature (K)
      1  ncell, number of cells in a cell stack
      2  lht,   0 uses htc,  1 calcs htc,  2 isothermal

      0    nside, side reaction flag 

      1  il1,   1 for long print-out  0 for short print-out
     10  il2,   prints every il2 th node in long print-out
     10  il3,   prints every il3 th time step in long print-out
      1  lflag, 0 for electrolyte in separator only, 1 for uniform
      0  imp, 0 for no impedance, 1 for impedance
   0.00  capp1,  capacitance of negative material (F/m2)
   0.00  capp3,  capacitance of positive material (F/m2)
      3  lcurs, number of current changes
  
 MCMB 2528 Graphite (Bellcore)
 LiPF6 in EC:DMC
 LiCoO2 (Cobalt dioxide)
 open-circuit potential, negative   0.178978294
 delta S negative   0.
 open-circuit potential, positive   4.24165195
 delta S positive   0.
  
      DUAL INSERTION CELL VERSION 5.1
  
   Time     Util N  Util P  Cell Pot   Uocp      Curr      Temp   heatgen
   (min)       x       y      (V)       (V)      (A/m2)    (C)    (W/m2)
  
    0.000, 0.6000, 0.5000,  3.96594,  4.06267,   100.00,  24.85,   9.67, 
    0.001, 0.6000, 0.5000,  3.96557,  4.06266,   100.00,  24.85,   9.71, 
    0.001, 0.6000, 0.5000,  3.96526,  4.06265,   100.00,  24.85,   9.74, 
    0.001, 0.5999, 0.5000,  3.96498,  4.06264,   100.00,  24.85,   9.77, 
    0.002, 0.5999, 0.5000,  3.96471,  4.06263,   100.00,  24.85,   9.79, 
    0.002, 0.5999, 0.5001,  3.96444,  4.06262,   100.00,  24.85,   9.82, 
    0.003, 0.5999, 0.5001,  3.96417,  4.06261,   100.00,  24.85,   9.84, 
    0.003, 0.5999, 0.5001,  3.96390,  4.06259,   100.00,  24.85,   9.87, 
    0.004, 0.5998, 0.5001,  3.96362,  4.06258,   100.00,  24.85,   9.90, 
    0.005, 0.5998, 0.5001,  3.96333,  4.06256,   100.00,  24.85,   9.92, 
    0.006, 0.5998, 0.5001,  3.96304,  4.06254,   100.00,  24.85,   9.95, 
    0.007, 0.5997, 0.5002,  3.96273,  4.06252,   100.00,  24.85,   9.98, 
    0.007, 0.5997, 0.5002,  3.96241,  4.06250,   100.00,  24.85,  10.01, 
    0.009, 0.5996, 0.5002,  3.96208,  4.06248,   100.00,  24.85,  10.04, 
    0.010, 0.5996, 0.5002,  3.96173,  4.06245,   100.00,  24.85,  10.07, 
    0.011, 0.5995, 0.5003,  3.96136,  4.06242,   100.00,  24.85,  10.10, 
    0.012, 0.5995, 0.5003,  3.96098,  4.06239,   100.00,  24.85,  10.14, 
    0.014, 0.5994, 0.5003,  3.96057,  4.06235,   100.00,  24.85,  10.18, 
    0.016, 0.5994, 0.5004,  3.96014,  4.06231,   100.00,  24.85,  10.22, 
    0.017, 0.5993, 0.5004,  3.95969,  4.06227,   100.00,  24.85,  10.26, 
    0.019, 0.5992, 0.5005,  3.95921,  4.06222,   100.00,  24.85,  10.30, 
    0.022, 0.5991, 0.5005,  3.95870,  4.06217,   100.00,  24.85,  10.35, 
    0.024, 0.5990, 0.5006,  3.95816,  4.06211,   100.00,  24.85,  10.39, 
    0.027, 0.5989, 0.5007,  3.95759,  4.06205,   100.00,  24.85,  10.44, 
    0.030, 0.5988, 0.5007,  3.95698,  4.06198,   100.00,  24.85,  10.50, 
    0.033, 0.5986, 0.5008,  3.95633,  4.06191,   100.00,  24.85,  10.55, 
    0.037, 0.5985, 0.5009,  3.95563,  4.06183,   100.00,  24.85,  10.62, 
    0.041, 0.5983, 0.5010,  3.95489,  4.06174,   100.00,  24.85,  10.68, 
    0.045, 0.5981, 0.5011,  3.95410,  4.06164,   100.00,  24.85,  10.75, 
    0.050, 0.5979, 0.5012,  3.95324,  4.06153,   100.00,  24.85,  10.82, 
    0.055, 0.5977, 0.5013,  3.95232,  4.06141,   100.00,  24.85,  10.90, 
    0.061, 0.5975, 0.5015,  3.95133,  4.06127,   100.00,  24.85,  10.99, 
    0.067, 0.5972, 0.5016,  3.95026,  4.06113,   100.00,  24.85,  11.08, 
    0.074, 0.5969, 0.5018,  3.94909,  4.06097,   100.00,  24.85,  11.18, 
    0.082, 0.5966, 0.5020,  3.94782,  4.06080,   100.00,  24.85,  11.29, 
    0.091, 0.5962, 0.5022,  3.94644,  4.06061,   100.00,  24.85,  11.41, 
    0.100, 0.5958, 0.5024,  3.94492,  4.06040,   100.00,  24.85,  11.54, 
    0.110, 0.5954, 0.5027,  3.94323,  4.06017,   100.00,  24.85,  11.68, 
    0.122, 0.5950, 0.5030,  3.94135,  4.05992,   100.00,  24.85,  11.85, 
    0.134, 0.5944, 0.5033,  3.93925,  4.05965,   100.00,  24.85,  12.03, 
    0.148, 0.5939, 0.5036,  3.93688,  4.05935,   100.00,  24.85,  12.24, 
    0.163, 0.5932, 0.5040,  3.93420,  4.05902,   100.00,  24.85,  12.47, 
    0.180, 0.5926, 0.5044,  3.93115,  4.05867,   100.00,  24.85,  12.74, 
    0.198, 0.5918, 0.5048,  3.92768,  4.05828,   100.00,  24.85,  13.05, 
    0.218, 0.5910, 0.5053,  3.92373,  4.05786,   100.00,  24.85,  13.40, 
    0.240, 0.5900, 0.5058,  3.91924,  4.05739,   100.00,  24.85,  13.80, 
    0.264, 0.5890, 0.5064,  3.91417,  4.05689,   100.00,  24.85,  14.26, 
    0.291, 0.5879, 0.5071,  3.90848,  4.05634,   100.00,  24.85,  14.77, 
    0.320, 0.5867, 0.5078,  3.90224,  4.05574,   100.00,  24.85,  15.34, 
    0.353, 0.5854, 0.5086,  3.89562,  4.05509,   100.00,  24.85,  15.93, 
    0.388, 0.5839, 0.5094,  3.88893,  4.05437,   100.00,  24.85,  16.53, 
    0.427, 0.5823, 0.5104,  3.88248,  4.05358,   100.00,  24.85,  17.08, 
    0.470, 0.5805, 0.5114,  3.87646,  4.05270,   100.00,  24.85,  17.59, 
    0.518, 0.5785, 0.5126,  3.87087,  4.05169,   100.00,  24.85,  18.03, 
    0.570, 0.5764, 0.5138,  3.86556,  4.05050,   100.00,  24.85,  18.40, 
    0.627, 0.5740, 0.5152,  3.86037,  4.04904,   100.00,  24.85,  18.72, 
    0.690, 0.5714, 0.5168,  3.85514,  4.04711,   100.00,  24.85,  18.96, 
    0.760, 0.5685, 0.5184,  3.84973,  4.04439,   100.00,  24.85,  19.10, 
    0.836, 0.5653, 0.5203,  3.84403,  4.04032,   100.00,  24.85,  19.17, 
    0.920, 0.5618, 0.5223,  3.83792,  4.03415,   100.00,  24.85,  19.19, 
    1.012, 0.5580, 0.5246,  3.83127,  4.02560,   100.00,  24.85,  19.19, 
    1.113, 0.5538, 0.5270,  3.82392,  4.01587,   100.00,  24.85,  19.18, 
    1.225, 0.5492, 0.5297,  3.81564,  4.00747,   100.00,  24.85,  19.20, 
    1.348, 0.5441, 0.5327,  3.80601,  4.00175,   100.00,  24.85,  19.39, 
    1.483, 0.5385, 0.5360,  3.79459,  3.99796,   100.00,  24.85,  19.87, 
    1.632, 0.5323, 0.5396,  3.78128,  3.99465,   100.00,  24.85,  20.65, 
    1.795, 0.5255, 0.5436,  3.76667,  3.99042,   100.00,  24.85,  21.55, 
    1.975, 0.5181, 0.5480,  3.75211,  3.98386,   100.00,  24.85,  22.25, 
    2.173, 0.5099, 0.5528,  3.73892,  3.97330,   100.00,  24.85,  22.44, 
    2.390, 0.5008, 0.5580,  3.72745,  3.95697,   100.00,  24.85,  21.99, 
    2.629, 0.4909, 0.5639,  3.71718,  3.93431,   100.00,  24.85,  21.09, 
    2.893, 0.4800, 0.5702,  3.70740,  3.90793,   100.00,  24.85,  20.04, 
    3.182, 0.4680, 0.5773,  3.69751,  3.88363,   100.00,  24.85,  19.12, 
    3.501, 0.4548, 0.5850,  3.68694,  3.86592,   100.00,  24.85,  18.50, 
    3.851, 0.4402, 0.5935,  3.67521,  3.85444,   100.00,  24.85,  18.30, 
    4.237, 0.4242, 0.6029,  3.66189,  3.84573,   100.00,  24.85,  18.49, 
    4.661, 0.4067, 0.6132,  3.64679,  3.83659,   100.00,  24.85,  18.93, 
    5.127, 0.3873, 0.6245,  3.62998,  3.82535,   100.00,  24.85,  19.45, 
    5.640, 0.3660, 0.6370,  3.61171,  3.81179,   100.00,  24.85,  19.93, 
    6.153, 0.3447, 0.6494,  3.59397,  3.79795,   100.00,  24.85,  20.32, 
    6.666, 0.3235, 0.6619,  3.57562,  3.78464,   100.00,  24.85,  20.76, 
    7.179, 0.3022, 0.6743,  3.55522,  3.77204,   100.00,  24.85,  21.45, 
    7.692, 0.2809, 0.6868,  3.53417,  3.75960,   100.00,  24.85,  22.25, 
    8.205, 0.2596, 0.6992,  3.51587,  3.74634,   100.00,  24.85,  22.65, 
    8.718, 0.2383, 0.7117,  3.49948,  3.73147,   100.00,  24.85,  22.76, 
    9.231, 0.2171, 0.7241,  3.48304,  3.71483,   100.00,  24.85,  22.85, 
    9.744, 0.1958, 0.7366,  3.46641,  3.69692,   100.00,  24.85,  22.98, 
   10.000, 0.1852, 0.7428,  3.45795,  3.68776,   100.00,  24.85,  23.12, 
   10.000, 0.1852, 0.7428,  3.57805,  3.68776,     0.00,  24.85,   1.79, 
 specific energy segment =    74.42 W-h/kg
 specific power segment  =   446.50 W/kg
 total heat =          3.4107 W-h/m2
  
   10.000, 0.1852, 0.7428,  3.57805,  3.68776,     0.00,  24.85,   1.79, 
   10.000, 0.1852, 0.7428,  3.58280,  3.68776,     0.00,  24.85,   1.27, 
   10.001, 0.1852, 0.7428,  3.58486,  3.68776,     0.00,  24.85,   1.07, 
   10.001, 0.1852, 0.7428,  3.58620,  3.68776,     0.00,  24.85,   0.94, 
   10.002, 0.1852, 0.7428,  3.58723,  3.68776,     0.00,  24.85,   0.85, 
   10.002, 0.1852, 0.7428,  3.58809,  3.68776,     0.00,  24.85,   0.78, 
   10.003, 0.1852, 0.7428,  3.58886,  3.68776,     0.00,  24.85,   0.72, 
   10.003, 0.1852, 0.7428,  3.58955,  3.68776,     0.00,  24.85,   0.67, 
   10.004, 0.1852, 0.7428,  3.59020,  3.68776,     0.00,  24.85,   0.63, 
   10.005, 0.1852, 0.7428,  3.59082,  3.68776,     0.00,  24.85,   0.59, 
   10.005, 0.1852, 0.7428,  3.59141,  3.68776,     0.00,  24.85,   0.55, 
   10.006, 0.1852, 0.7428,  3.59198,  3.68776,     0.00,  24.85,   0.52, 
   10.007, 0.1852, 0.7428,  3.59255,  3.68776,     0.00,  24.85,   0.49, 
   10.008, 0.1852, 0.7428,  3.59311,  3.68776,     0.00,  24.85,   0.46, 
   10.009, 0.1852, 0.7428,  3.59366,  3.68776,     0.00,  24.85,   0.44, 
   10.011, 0.1852, 0.7428,  3.59422,  3.68776,     0.00,  24.85,   0.41, 
   10.012, 0.1852, 0.7428,  3.59478,  3.68776,     0.00,  24.85,   0.39, 
   10.014, 0.1852, 0.7428,  3.59535,  3.68776,     0.00,  24.85,   0.37, 
   10.015, 0.1852, 0.7428,  3.59592,  3.68776,     0.00,  24.85,   0.35, 
   10.017, 0.1852, 0.7428,  3.59651,  3.68776,     0.00,  24.85,   0.34, 
   10.019, 0.1852, 0.7428,  3.59710,  3.68776,     0.00,  24.85,   0.32, 
   10.021, 0.1852, 0.7428,  3.59772,  3.68776,     0.00,  24.85,   0.31, 
   10.024, 0.1852, 0.7428,  3.59834,  3.68776,     0.00,  24.85,   0.30, 
   10.027, 0.1852, 0.7428,  3.59899,  3.68776,     0.00,  24.85,   0.29, 
   10.029, 0.1852, 0.7428,  3.59966,  3.68776,     0.00,  24.85,   0.28, 
   10.033, 0.1852, 0.7428,  3.60035,  3.68776,     0.00,  24.85,   0.28, 
   10.036, 0.1852, 0.7428,  3.60107,  3.68776,     0.00,  24.85,   0.27, 
   10.040, 0.1852, 0.7428,  3.60181,  3.68776,     0.00,  24.85,   0.27, 
   10.045, 0.1852, 0.7428,  3.60258,  3.68776,     0.00,  24.85,   0.27, 
   10.050, 0.1852, 0.7428,  3.60339,  3.68776,     0.00,  24.85,   0.27, 
   10.055, 0.1852, 0.7428,  3.60422,  3.68776,     0.00,  24.85,   0.28, 
   10.061, 0.1852, 0.7428,  3.60509,  3.68776,     0.00,  24.85,   0.28, 
   10.067, 0.1852, 0.7428,  3.60600,  3.68776,     0.00,  24.85,   0.29, 
   10.074, 0.1852, 0.7428,  3.60695,  3.68776,     0.00,  24.85,   0.30, 
   10.082, 0.1852, 0.7428,  3.60793,  3.68776,     0.00,  24.85,   0.31, 
   10.090, 0.1852, 0.7428,  3.60896,  3.68776,     0.00,  24.85,   0.33, 
   10.100, 0.1852, 0.7428,  3.61003,  3.68776,     0.00,  24.85,   0.34, 
   10.110, 0.1852, 0.7428,  3.61115,  3.68776,     0.00,  24.85,   0.36, 
   10.121, 0.1852, 0.7428,  3.61231,  3.68776,     0.00,  24.85,   0.38, 
   10.134, 0.1852, 0.7428,  3.61352,  3.68776,     0.00,  24.85,   0.40, 
   10.148, 0.1852, 0.7428,  3.61477,  3.68776,     0.00,  24.85,   0.43, 
   10.163, 0.1852, 0.7428,  3.61607,  3.68776,     0.00,  24.85,   0.45, 
   10.179, 0.1852, 0.7428,  3.61742,  3.68776,     0.00,  24.85,   0.48, 
   10.197, 0.1852, 0.7428,  3.61881,  3.68776,     0.00,  24.85,   0.50, 
   10.218, 0.1852, 0.7428,  3.62024,  3.68776,     0.00,  24.85,   0.53, 
   10.240, 0.1852, 0.7428,  3.62171,  3.68776,     0.00,  24.85,   0.56, 
   10.264, 0.1852, 0.7428,  3.62323,  3.68776,     0.00,  24.85,   0.58, 
   10.291, 0.1852, 0.7428,  3.62478,  3.68776,     0.00,  24.85,   0.61, 
   10.320, 0.1852, 0.7428,  3.62637,  3.68776,     0.00,  24.85,   0.64, 
   10.352, 0.1852, 0.7428,  3.62800,  3.68776,     0.00,  24.85,   0.66, 
   10.388, 0.1852, 0.7428,  3.62967,  3.68776,     0.00,  24.85,   0.68, 
   10.427, 0.1852, 0.7428,  3.63140,  3.68776,     0.00,  24.85,   0.70, 
   10.470, 0.1852, 0.7428,  3.63323,  3.68776,     0.00,  24.85,   0.70, 
   10.517, 0.1852, 0.7428,  3.63525,  3.68776,     0.00,  24.85,   0.69, 
   10.570, 0.1852, 0.7428,  3.63755,  3.68776,     0.00,  24.85,   0.67, 
   10.627, 0.1852, 0.7428,  3.64015,  3.68776,     0.00,  24.85,   0.62, 
   10.690, 0.1852, 0.7428,  3.64292,  3.68776,     0.00,  24.85,   0.58, 
   10.759, 0.1852, 0.7428,  3.64577,  3.68776,     0.00,  24.85,   0.53, 
   10.835, 0.1852, 0.7428,  3.64864,  3.68776,     0.00,  24.85,   0.49, 
   10.919, 0.1852, 0.7428,  3.65146,  3.68776,     0.00,  24.85,   0.45, 
   11.012, 0.1852, 0.7428,  3.65422,  3.68776,     0.00,  24.85,   0.42, 
   11.113, 0.1852, 0.7428,  3.65688,  3.68776,     0.00,  24.85,   0.39, 
   11.225, 0.1852, 0.7428,  3.65944,  3.68776,     0.00,  24.85,   0.36, 
   11.348, 0.1852, 0.7428,  3.66189,  3.68776,     0.00,  24.85,   0.34, 
   11.483, 0.1852, 0.7428,  3.66421,  3.68776,     0.00,  24.85,   0.31, 
   11.631, 0.1852, 0.7428,  3.66641,  3.68776,     0.00,  24.85,   0.29, 
   11.795, 0.1852, 0.7428,  3.66848,  3.68776,     0.00,  24.85,   0.27, 
   11.974, 0.1852, 0.7428,  3.67043,  3.68776,     0.00,  24.85,   0.25, 
   12.172, 0.1852, 0.7428,  3.67227,  3.68776,     0.00,  24.85,   0.23, 
   12.390, 0.1852, 0.7428,  3.67398,  3.68776,     0.00,  24.85,   0.21, 
   12.629, 0.1852, 0.7428,  3.67559,  3.68776,     0.00,  24.85,   0.19, 
   12.892, 0.1852, 0.7428,  3.67708,  3.68776,     0.00,  24.85,   0.17, 
   13.182, 0.1852, 0.7428,  3.67846,  3.68776,     0.00,  24.85,   0.16, 
   13.501, 0.1852, 0.7428,  3.67973,  3.68776,     0.00,  24.85,   0.14, 
   13.851, 0.1852, 0.7428,  3.68089,  3.68776,     0.00,  24.85,   0.13, 
   14.236, 0.1852, 0.7428,  3.68194,  3.68776,     0.00,  24.85,   0.11, 
   14.660, 0.1852, 0.7428,  3.68287,  3.68776,     0.00,  24.85,   0.10, 
   15.127, 0.1852, 0.7428,  3.68370,  3.68776,     0.00,  24.85,   0.09, 
   15.640, 0.1852, 0.7428,  3.68441,  3.68776,     0.00,  24.85,   0.08, 
   16.153, 0.1852, 0.7428,  3.68498,  3.68776,     0.00,  24.85,   0.07, 
   16.666, 0.1852, 0.7428,  3.68543,  3.68776,     0.00,  24.85,   0.06, 
   17.179, 0.1852, 0.7428,  3.68579,  3.68776,     0.00,  24.85,   0.05, 
   17.692, 0.1852, 0.7428,  3.68607,  3.68776,     0.00,  24.85,   0.05, 
   18.205, 0.1852, 0.7428,  3.68630,  3.68776,     0.00,  24.85,   0.04, 
   18.718, 0.1852, 0.7428,  3.68649,  3.68776,     0.00,  24.85,   0.04, 
   19.231, 0.1852, 0.7428,  3.68664,  3.68776,     0.00,  24.85,   0.03, 
   19.744, 0.1852, 0.7428,  3.68676,  3.68776,     0.00,  24.85,   0.03, 
   20.257, 0.1852, 0.7428,  3.68686,  3.68776,     0.00,  24.85,   0.03, 
   20.770, 0.1852, 0.7428,  3.68695,  3.68776,     0.00,  24.85,   0.03, 
   21.283, 0.1852, 0.7428,  3.68702,  3.68776,     0.00,  24.85,   0.02, 
   21.796, 0.1852, 0.7428,  3.68708,  3.68776,     0.00,  24.85,   0.02, 
   22.309, 0.1852, 0.7428,  3.68713,  3.68776,     0.00,  24.85,   0.02, 
   22.822, 0.1852, 0.7428,  3.68718,  3.68776,     0.00,  24.85,   0.02, 
   23.335, 0.1852, 0.7428,  3.68722,  3.68776,     0.00,  24.85,   0.01, 
   23.848, 0.1852, 0.7428,  3.68725,  3.68776,     0.00,  24.85,   0.01, 
   24.361, 0.1852, 0.7428,  3.68728,  3.68776,     0.00,  24.85,   0.01, 
   24.874, 0.1852, 0.7428,  3.68731,  3.68776,     0.00,  24.85,   0.01, 
   25.000, 0.1852, 0.7428,  3.68732,  3.68776,     0.00,  24.85,   0.01, 
   25.000, 0.1852, 0.7428,  3.68244,  3.68776,     4.00,  24.85,   0.03, 
 specific energy segment =     0.00 W-h/kg
 specific power segment  =     0.00 W/kg
 total heat =          3.4377 W-h/m2
  
   25.000, 0.1852, 0.7428,  3.68244,  3.68776,     4.00,  24.85,   0.03, 
   25.000, 0.1852, 0.7428,  3.68238,  3.68776,     4.00,  24.85,   0.03, 
   25.001, 0.1852, 0.7428,  3.68234,  3.68776,     4.00,  24.85,   0.03, 
   25.001, 0.1852, 0.7428,  3.68230,  3.68776,     4.00,  24.85,   0.03, 
   25.002, 0.1852, 0.7428,  3.68227,  3.68776,     4.00,  24.85,   0.03, 
   25.002, 0.1852, 0.7428,  3.68225,  3.68775,     4.00,  24.85,   0.03, 
   25.003, 0.1852, 0.7428,  3.68222,  3.68775,     4.00,  24.85,   0.03, 
   25.003, 0.1852, 0.7428,  3.68220,  3.68775,     4.00,  24.85,   0.03, 
   25.004, 0.1852, 0.7428,  3.68217,  3.68775,     4.00,  24.85,   0.03, 
   25.005, 0.1852, 0.7428,  3.68215,  3.68775,     4.00,  24.85,   0.03, 
   25.005, 0.1851, 0.7428,  3.68212,  3.68775,     4.00,  24.85,   0.03, 
   25.006, 0.1851, 0.7428,  3.68210,  3.68775,     4.00,  24.85,   0.03, 
   25.007, 0.1851, 0.7428,  3.68207,  3.68775,     4.00,  24.85,   0.03, 
   25.008, 0.1851, 0.7428,  3.68204,  3.68775,     4.00,  24.85,   0.03, 
   25.009, 0.1851, 0.7428,  3.68202,  3.68774,     4.00,  24.85,   0.03, 
   25.011, 0.1851, 0.7428,  3.68199,  3.68774,     4.00,  24.85,   0.03, 
   25.012, 0.1851, 0.7428,  3.68196,  3.68774,     4.00,  24.85,   0.03, 
   25.014, 0.1851, 0.7428,  3.68193,  3.68774,     4.00,  24.85,   0.03, 
   25.015, 0.1851, 0.7428,  3.68190,  3.68774,     4.00,  24.85,   0.03, 
   25.017, 0.1851, 0.7428,  3.68187,  3.68773,     4.00,  24.85,   0.03, 
   25.019, 0.1851, 0.7428,  3.68183,  3.68773,     4.00,  24.85,   0.03, 
   25.021, 0.1851, 0.7428,  3.68180,  3.68773,     4.00,  24.85,   0.03, 
   25.024, 0.1851, 0.7428,  3.68176,  3.68772,     4.00,  24.85,   0.04, 
   25.027, 0.1851, 0.7428,  3.68172,  3.68772,     4.00,  24.85,   0.04, 
   25.029, 0.1851, 0.7429,  3.68168,  3.68772,     4.00,  24.85,   0.04, 
   25.033, 0.1851, 0.7429,  3.68164,  3.68771,     4.00,  24.85,   0.04, 
   25.036, 0.1851, 0.7429,  3.68160,  3.68771,     4.00,  24.85,   0.04, 
   25.040, 0.1851, 0.7429,  3.68155,  3.68770,     4.00,  24.85,   0.04, 
   25.045, 0.1851, 0.7429,  3.68150,  3.68769,     4.00,  24.85,   0.04, 
   25.050, 0.1851, 0.7429,  3.68145,  3.68769,     4.00,  24.85,   0.04, 
   25.055, 0.1851, 0.7429,  3.68140,  3.68768,     4.00,  24.85,   0.04, 
   25.061, 0.1851, 0.7429,  3.68134,  3.68767,     4.00,  24.85,   0.04, 
   25.067, 0.1850, 0.7429,  3.68128,  3.68766,     4.00,  24.85,   0.04, 
   25.074, 0.1850, 0.7429,  3.68122,  3.68765,     4.00,  24.85,   0.04, 
   25.082, 0.1850, 0.7429,  3.68116,  3.68764,     4.00,  24.85,   0.04, 
   25.090, 0.1850, 0.7429,  3.68109,  3.68763,     4.00,  24.85,   0.04, 
   25.100, 0.1850, 0.7429,  3.68101,  3.68761,     4.00,  24.85,   0.04, 
   25.110, 0.1850, 0.7429,  3.68094,  3.68760,     4.00,  24.85,   0.04, 
   25.121, 0.1850, 0.7429,  3.68086,  3.68758,     4.00,  24.85,   0.04, 
   25.134, 0.1849, 0.7430,  3.68077,  3.68757,     4.00,  24.85,   0.04, 
   25.148, 0.1849, 0.7430,  3.68068,  3.68755,     4.00,  24.85,   0.04, 
   25.163, 0.1849, 0.7430,  3.68059,  3.68752,     4.00,  24.85,   0.04, 
   25.179, 0.1849, 0.7430,  3.68049,  3.68750,     4.00,  24.85,   0.04, 
   25.197, 0.1848, 0.7430,  3.68038,  3.68747,     4.00,  24.85,   0.04, 
   25.218, 0.1848, 0.7430,  3.68027,  3.68745,     4.00,  24.85,   0.04, 
   25.240, 0.1848, 0.7431,  3.68016,  3.68741,     4.00,  24.85,   0.04, 
   25.264, 0.1847, 0.7431,  3.68004,  3.68738,     4.00,  24.85,   0.04, 
   25.291, 0.1847, 0.7431,  3.67991,  3.68734,     4.00,  24.85,   0.04, 
   25.320, 0.1846, 0.7431,  3.67977,  3.68730,     4.00,  24.85,   0.04, 
   25.352, 0.1846, 0.7432,  3.67963,  3.68725,     4.00,  24.85,   0.04, 
   25.388, 0.1845, 0.7432,  3.67948,  3.68720,     4.00,  24.85,   0.04, 
   25.427, 0.1844, 0.7432,  3.67932,  3.68715,     4.00,  24.85,   0.04, 
   25.470, 0.1844, 0.7433,  3.67916,  3.68708,     4.00,  24.85,   0.04, 
   25.517, 0.1843, 0.7433,  3.67899,  3.68702,     4.00,  24.85,   0.04, 
   25.570, 0.1842, 0.7434,  3.67881,  3.68694,     4.00,  24.85,   0.04, 
   25.627, 0.1841, 0.7434,  3.67863,  3.68686,     4.00,  24.85,   0.04, 
   25.690, 0.1840, 0.7435,  3.67844,  3.68677,     4.00,  24.85,   0.04, 
   25.759, 0.1839, 0.7436,  3.67823,  3.68667,     4.00,  24.85,   0.04, 
   25.835, 0.1838, 0.7436,  3.67802,  3.68656,     4.00,  24.85,   0.04, 
   25.919, 0.1836, 0.7437,  3.67781,  3.68644,     4.00,  24.85,   0.04, 
   26.012, 0.1835, 0.7438,  3.67758,  3.68631,     4.00,  24.85,   0.04, 
   26.113, 0.1833, 0.7439,  3.67734,  3.68616,     4.00,  24.85,   0.04, 
   26.225, 0.1831, 0.7440,  3.67709,  3.68600,     4.00,  24.85,   0.04, 
   26.348, 0.1829, 0.7441,  3.67683,  3.68583,     4.00,  24.85,   0.04, 
   26.483, 0.1827, 0.7443,  3.67655,  3.68563,     4.00,  24.85,   0.04, 
   26.631, 0.1825, 0.7444,  3.67626,  3.68542,     4.00,  24.85,   0.04, 
   26.795, 0.1822, 0.7446,  3.67595,  3.68518,     4.00,  24.85,   0.04, 
   26.974, 0.1819, 0.7447,  3.67562,  3.68493,     4.00,  24.85,   0.04, 
   27.172, 0.1816, 0.7449,  3.67527,  3.68464,     4.00,  24.85,   0.04, 
   27.390, 0.1812, 0.7451,  3.67490,  3.68433,     4.00,  24.85,   0.04, 
   27.629, 0.1808, 0.7454,  3.67450,  3.68399,     4.00,  24.85,   0.04, 
   27.892, 0.1804, 0.7456,  3.67407,  3.68361,     4.00,  24.85,   0.04, 
   28.182, 0.1799, 0.7459,  3.67361,  3.68320,     4.00,  24.85,   0.04, 
   28.501, 0.1794, 0.7462,  3.67311,  3.68274,     4.00,  24.85,   0.04, 
   28.851, 0.1788, 0.7466,  3.67256,  3.68224,     4.00,  24.85,   0.04, 
   29.236, 0.1781, 0.7469,  3.67198,  3.68169,     4.00,  24.85,   0.04, 
   29.660, 0.1774, 0.7473,  3.67134,  3.68108,     4.00,  24.85,   0.04, 
   30.127, 0.1767, 0.7478,  3.67064,  3.68041,     4.00,  24.85,   0.04, 
   30.640, 0.1758, 0.7483,  3.66988,  3.67968,     4.00,  24.85,   0.04, 
   31.153, 0.1749, 0.7488,  3.66913,  3.67895,     4.00,  24.85,   0.04, 
   31.666, 0.1741, 0.7493,  3.66839,  3.67821,     4.00,  24.85,   0.04, 
   32.179, 0.1732, 0.7498,  3.66764,  3.67748,     4.00,  24.85,   0.04, 
   32.692, 0.1724, 0.7503,  3.66690,  3.67675,     4.00,  24.85,   0.04, 
   33.205, 0.1715, 0.7508,  3.66616,  3.67601,     4.00,  24.85,   0.04, 
   33.718, 0.1707, 0.7513,  3.66543,  3.67528,     4.00,  24.85,   0.04, 
   34.231, 0.1698, 0.7518,  3.66469,  3.67455,     4.00,  24.85,   0.04, 
   34.744, 0.1690, 0.7523,  3.66395,  3.67382,     4.00,  24.85,   0.04, 
   35.257, 0.1681, 0.7528,  3.66322,  3.67309,     4.00,  24.85,   0.04, 
   35.770, 0.1673, 0.7533,  3.66248,  3.67236,     4.00,  24.85,   0.04, 
   36.283, 0.1664, 0.7538,  3.66175,  3.67163,     4.00,  24.85,   0.04, 
   36.796, 0.1656, 0.7543,  3.66102,  3.67090,     4.00,  24.85,   0.04, 
   37.309, 0.1647, 0.7548,  3.66028,  3.67017,     4.00,  24.85,   0.04, 
   37.822, 0.1639, 0.7553,  3.65955,  3.66944,     4.00,  24.85,   0.04, 
   38.335, 0.1630, 0.7558,  3.65881,  3.66871,     4.00,  24.85,   0.04, 
   38.848, 0.1622, 0.7563,  3.65807,  3.66797,     4.00,  24.85,   0.04, 
   39.361, 0.1613, 0.7568,  3.65734,  3.66724,     4.00,  24.85,   0.04, 
   39.874, 0.1605, 0.7573,  3.65660,  3.66651,     4.00,  24.85,   0.04, 
   40.387, 0.1596, 0.7578,  3.65586,  3.66578,     4.00,  24.85,   0.04, 
   40.900, 0.1588, 0.7583,  3.65512,  3.66505,     4.00,  24.85,   0.04, 
   41.413, 0.1579, 0.7588,  3.65438,  3.66432,     4.00,  24.85,   0.04, 
   41.926, 0.1571, 0.7593,  3.65363,  3.66358,     4.00,  24.85,   0.04, 
   42.439, 0.1562, 0.7598,  3.65289,  3.66285,     4.00,  24.85,   0.04, 
   42.952, 0.1554, 0.7603,  3.65214,  3.66211,     4.00,  24.85,   0.04, 
   43.465, 0.1545, 0.7608,  3.65139,  3.66138,     4.00,  24.85,   0.04, 
   43.978, 0.1537, 0.7613,  3.65064,  3.66064,     4.00,  24.85,   0.04, 
   44.491, 0.1528, 0.7618,  3.64988,  3.65990,     4.00,  24.85,   0.04, 
   45.004, 0.1520, 0.7623,  3.64912,  3.65916,     4.00,  24.85,   0.04, 
   45.517, 0.1511, 0.7628,  3.64836,  3.65842,     4.00,  24.85,   0.04, 
   46.030, 0.1503, 0.7632,  3.64760,  3.65767,     4.00,  24.85,   0.04, 
   46.543, 0.1494, 0.7637,  3.64683,  3.65693,     4.00,  24.85,   0.04, 
   47.056, 0.1486, 0.7642,  3.64606,  3.65618,     4.00,  24.85,   0.04, 
   47.569, 0.1477, 0.7647,  3.64529,  3.65543,     4.00,  24.85,   0.04, 
   48.082, 0.1469, 0.7652,  3.64452,  3.65467,     4.00,  24.85,   0.04, 
   48.595, 0.1460, 0.7657,  3.64374,  3.65391,     4.00,  24.85,   0.04, 
   49.108, 0.1452, 0.7662,  3.64296,  3.65315,     4.00,  24.85,   0.04, 
   49.621, 0.1443, 0.7667,  3.64218,  3.65239,     4.00,  24.85,   0.04, 
   50.134, 0.1435, 0.7672,  3.64139,  3.65163,     4.00,  24.85,   0.04, 
   50.647, 0.1426, 0.7677,  3.64060,  3.65086,     4.00,  24.85,   0.04, 
   51.160, 0.1418, 0.7682,  3.63981,  3.65009,     4.00,  24.85,   0.04, 
   51.673, 0.1409, 0.7687,  3.63902,  3.64931,     4.00,  24.85,   0.04, 
   52.186, 0.1400, 0.7692,  3.63823,  3.64853,     4.00,  24.85,   0.04, 
   52.699, 0.1392, 0.7697,  3.63743,  3.64775,     4.00,  24.85,   0.04, 
   53.212, 0.1383, 0.7702,  3.63664,  3.64697,     4.00,  24.85,   0.04, 
   53.725, 0.1375, 0.7707,  3.63585,  3.64619,     4.00,  24.85,   0.04, 
   54.238, 0.1366, 0.7712,  3.63506,  3.64540,     4.00,  24.85,   0.04, 
   54.751, 0.1358, 0.7717,  3.63427,  3.64462,     4.00,  24.85,   0.04, 
   55.264, 0.1349, 0.7722,  3.63349,  3.64383,     4.00,  24.85,   0.04, 
   55.777, 0.1341, 0.7727,  3.63271,  3.64304,     4.00,  24.85,   0.04, 
   56.290, 0.1332, 0.7732,  3.63194,  3.64225,     4.00,  24.85,   0.04, 
   56.803, 0.1324, 0.7737,  3.63118,  3.64147,     4.00,  24.85,   0.04, 
   57.316, 0.1315, 0.7742,  3.63042,  3.64068,     4.00,  24.85,   0.04, 
   57.829, 0.1307, 0.7747,  3.62967,  3.63990,     4.00,  24.85,   0.04, 
   58.342, 0.1298, 0.7752,  3.62893,  3.63913,     4.00,  24.85,   0.04, 
   58.855, 0.1290, 0.7757,  3.62821,  3.63835,     4.00,  24.85,   0.04, 
   59.368, 0.1281, 0.7762,  3.62750,  3.63759,     4.00,  24.85,   0.04, 
   59.881, 0.1273, 0.7767,  3.62680,  3.63683,     4.00,  24.85,   0.04, 
   60.394, 0.1264, 0.7772,  3.62612,  3.63608,     4.00,  24.85,   0.04, 
   60.907, 0.1256, 0.7777,  3.62545,  3.63534,     4.00,  24.85,   0.04, 
   61.420, 0.1247, 0.7782,  3.62480,  3.63462,     4.00,  24.85,   0.04, 
   61.933, 0.1239, 0.7787,  3.62417,  3.63390,     4.00,  24.85,   0.04, 
   62.446, 0.1230, 0.7792,  3.62356,  3.63320,     4.00,  24.85,   0.04, 
   62.959, 0.1222, 0.7797,  3.62298,  3.63251,     4.00,  24.85,   0.04, 
   63.472, 0.1213, 0.7802,  3.62241,  3.63184,     4.00,  24.85,   0.04, 
   63.984, 0.1205, 0.7807,  3.62186,  3.63118,     4.00,  24.85,   0.04, 
   64.497, 0.1196, 0.7812,  3.62133,  3.63055,     4.00,  24.85,   0.04, 
   65.010, 0.1188, 0.7817,  3.62083,  3.62993,     4.00,  24.85,   0.04, 
   65.523, 0.1179, 0.7822,  3.62034,  3.62933,     4.00,  24.85,   0.04, 
   66.036, 0.1171, 0.7827,  3.61988,  3.62875,     4.00,  24.85,   0.04, 
   66.549, 0.1162, 0.7832,  3.61944,  3.62819,     4.00,  24.85,   0.04, 
   67.062, 0.1154, 0.7837,  3.61902,  3.62766,     4.00,  24.85,   0.03, 
   67.575, 0.1145, 0.7842,  3.61863,  3.62714,     4.00,  24.85,   0.03, 
   68.088, 0.1137, 0.7847,  3.61825,  3.62664,     4.00,  24.85,   0.03, 
   68.601, 0.1128, 0.7852,  3.61789,  3.62617,     4.00,  24.85,   0.03, 
   69.114, 0.1120, 0.7857,  3.61755,  3.62572,     4.00,  24.85,   0.03, 
   69.627, 0.1111, 0.7862,  3.61723,  3.62529,     4.00,  24.85,   0.03, 
   70.140, 0.1103, 0.7867,  3.61692,  3.62487,     4.00,  24.85,   0.03, 
   70.653, 0.1094, 0.7872,  3.61663,  3.62448,     4.00,  24.85,   0.03, 
   71.166, 0.1086, 0.7877,  3.61635,  3.62411,     4.00,  24.85,   0.03, 
   71.679, 0.1077, 0.7882,  3.61609,  3.62376,     4.00,  24.85,   0.03, 
   72.192, 0.1068, 0.7887,  3.61583,  3.62342,     4.00,  24.85,   0.03, 
   72.705, 0.1060, 0.7892,  3.61558,  3.62310,     4.00,  24.85,   0.03, 
   73.218, 0.1051, 0.7897,  3.61534,  3.62280,     4.00,  24.85,   0.03, 
   73.731, 0.1043, 0.7902,  3.61510,  3.62251,     4.00,  24.85,   0.03, 
   74.244, 0.1034, 0.7907,  3.61487,  3.62223,     4.00,  24.85,   0.03, 
   74.757, 0.1026, 0.7912,  3.61464,  3.62197,     4.00,  24.85,   0.03, 
   75.270, 0.1017, 0.7917,  3.61442,  3.62172,     4.00,  24.85,   0.03, 
   75.783, 0.1009, 0.7921,  3.61419,  3.62148,     4.00,  24.85,   0.03, 
   76.296, 0.1000, 0.7926,  3.61397,  3.62125,     4.00,  24.85,   0.03, 
   76.809, 0.0992, 0.7931,  3.61375,  3.62102,     4.00,  24.85,   0.03, 
   77.322, 0.0983, 0.7936,  3.61353,  3.62081,     4.00,  24.85,   0.03, 
   77.835, 0.0975, 0.7941,  3.61331,  3.62060,     4.00,  24.85,   0.03, 
   78.348, 0.0966, 0.7946,  3.61309,  3.62039,     4.00,  24.85,   0.03, 
   78.861, 0.0958, 0.7951,  3.61287,  3.62019,     4.00,  24.85,   0.03, 
   79.374, 0.0949, 0.7956,  3.61266,  3.61999,     4.00,  24.85,   0.03, 
   79.887, 0.0941, 0.7961,  3.61244,  3.61980,     4.00,  24.85,   0.03, 
   80.400, 0.0932, 0.7966,  3.61222,  3.61960,     4.00,  24.85,   0.03, 
   80.913, 0.0924, 0.7971,  3.61200,  3.61941,     4.00,  24.85,   0.03, 
   81.426, 0.0915, 0.7976,  3.61177,  3.61922,     4.00,  24.85,   0.03, 
   81.939, 0.0907, 0.7981,  3.61155,  3.61902,     4.00,  24.85,   0.03, 
   82.452, 0.0898, 0.7986,  3.61132,  3.61883,     4.00,  24.85,   0.03, 
   82.965, 0.0890, 0.7991,  3.61109,  3.61863,     4.00,  24.85,   0.03, 
   83.478, 0.0881, 0.7996,  3.61086,  3.61843,     4.00,  24.85,   0.03, 
   83.991, 0.0873, 0.8001,  3.61063,  3.61823,     4.00,  24.85,   0.03, 
   84.504, 0.0864, 0.8006,  3.61039,  3.61802,     4.00,  24.85,   0.03, 
   85.017, 0.0856, 0.8011,  3.61015,  3.61782,     4.00,  24.85,   0.03, 
   85.530, 0.0847, 0.8016,  3.60990,  3.61760,     4.00,  24.85,   0.03, 
   86.043, 0.0839, 0.8021,  3.60966,  3.61739,     4.00,  24.85,   0.03, 
   86.556, 0.0830, 0.8026,  3.60940,  3.61716,     4.00,  24.85,   0.03, 
   87.069, 0.0822, 0.8031,  3.60914,  3.61694,     4.00,  24.85,   0.03, 
   87.582, 0.0813, 0.8036,  3.60888,  3.61671,     4.00,  24.85,   0.03, 
   88.095, 0.0805, 0.8041,  3.60861,  3.61647,     4.00,  24.85,   0.03, 
   88.608, 0.0796, 0.8046,  3.60834,  3.61623,     4.00,  24.85,   0.03, 
   89.121, 0.0788, 0.8051,  3.60806,  3.61598,     4.00,  24.85,   0.03, 
   89.634, 0.0779, 0.8056,  3.60777,  3.61573,     4.00,  24.85,   0.03, 
   90.147, 0.0771, 0.8061,  3.60748,  3.61548,     4.00,  24.85,   0.03, 
   90.660, 0.0762, 0.8066,  3.60719,  3.61522,     4.00,  24.85,   0.03, 
   91.173, 0.0754, 0.8071,  3.60689,  3.61495,     4.00,  24.85,   0.03, 
   91.686, 0.0745, 0.8076,  3.60658,  3.61468,     4.00,  24.85,   0.03, 
   92.199, 0.0737, 0.8081,  3.60626,  3.61440,     4.00,  24.85,   0.03, 
   92.712, 0.0728, 0.8086,  3.60594,  3.61411,     4.00,  24.85,   0.03, 
   93.225, 0.0719, 0.8091,  3.60562,  3.61383,     4.00,  24.85,   0.03, 
   93.738, 0.0711, 0.8096,  3.60528,  3.61353,     4.00,  24.85,   0.03, 
   94.251, 0.0702, 0.8101,  3.60494,  3.61323,     4.00,  24.85,   0.03, 
   94.764, 0.0694, 0.8106,  3.60459,  3.61292,     4.00,  24.85,   0.03, 
   95.277, 0.0685, 0.8111,  3.60423,  3.61261,     4.00,  24.85,   0.03, 
   95.790, 0.0677, 0.8116,  3.60386,  3.61229,     4.00,  24.85,   0.03, 
   96.303, 0.0668, 0.8121,  3.60349,  3.61196,     4.00,  24.85,   0.03, 
   96.816, 0.0660, 0.8126,  3.60310,  3.61163,     4.00,  24.85,   0.03, 
   97.329, 0.0651, 0.8131,  3.60270,  3.61129,     4.00,  24.85,   0.03, 
   97.842, 0.0643, 0.8136,  3.60229,  3.61094,     4.00,  24.85,   0.03, 
   98.355, 0.0634, 0.8141,  3.60187,  3.61058,     4.00,  24.85,   0.03, 
   98.868, 0.0626, 0.8146,  3.60143,  3.61022,     4.00,  24.85,   0.04, 
   99.381, 0.0617, 0.8151,  3.60098,  3.60984,     4.00,  24.85,   0.04, 
   99.894, 0.0609, 0.8156,  3.60051,  3.60945,     4.00,  24.85,   0.04, 
  100.407, 0.0600, 0.8161,  3.60003,  3.60906,     4.00,  24.85,   0.04, 
  100.920, 0.0592, 0.8166,  3.59952,  3.60865,     4.00,  24.85,   0.04, 
  101.433, 0.0583, 0.8171,  3.59899,  3.60822,     4.00,  24.85,   0.04, 
  101.946, 0.0575, 0.8176,  3.59843,  3.60778,     4.00,  24.85,   0.04, 
  102.459, 0.0566, 0.8181,  3.59785,  3.60733,     4.00,  24.85,   0.04, 
  102.972, 0.0558, 0.8186,  3.59724,  3.60686,     4.00,  24.85,   0.04, 
  103.485, 0.0549, 0.8191,  3.59659,  3.60637,     4.00,  24.85,   0.04, 
  103.998, 0.0541, 0.8196,  3.59591,  3.60585,     4.00,  24.85,   0.04, 
  104.511, 0.0532, 0.8201,  3.59518,  3.60532,     4.00,  24.85,   0.04, 
  105.024, 0.0524, 0.8206,  3.59442,  3.60476,     4.00,  24.85,   0.04, 
  105.537, 0.0515, 0.8210,  3.59360,  3.60416,     4.00,  24.85,   0.04, 
  106.050, 0.0507, 0.8215,  3.59272,  3.60354,     4.00,  24.85,   0.04, 
  106.563, 0.0498, 0.8220,  3.59178,  3.60288,     4.00,  24.85,   0.04, 
  107.076, 0.0490, 0.8225,  3.59078,  3.60219,     4.00,  24.85,   0.05, 
  107.589, 0.0481, 0.8230,  3.58969,  3.60145,     4.00,  24.85,   0.05, 
  108.102, 0.0473, 0.8235,  3.58853,  3.60066,     4.00,  24.85,   0.05, 
  108.615, 0.0464, 0.8240,  3.58727,  3.59982,     4.00,  24.85,   0.05, 
  109.128, 0.0456, 0.8245,  3.58590,  3.59892,     4.00,  24.85,   0.05, 
  109.641, 0.0447, 0.8250,  3.58442,  3.59796,     4.00,  24.85,   0.05, 
  110.154, 0.0439, 0.8255,  3.58282,  3.59692,     4.00,  24.85,   0.06, 
  110.667, 0.0430, 0.8260,  3.58107,  3.59580,     4.00,  24.85,   0.06, 
  111.180, 0.0422, 0.8265,  3.57916,  3.59460,     4.00,  24.85,   0.06, 
  111.693, 0.0413, 0.8270,  3.57708,  3.59329,     4.00,  24.85,   0.06, 
  112.206, 0.0405, 0.8275,  3.57481,  3.59188,     4.00,  24.85,   0.07, 
  112.719, 0.0396, 0.8280,  3.57232,  3.59035,     4.00,  24.85,   0.07, 
  113.232, 0.0387, 0.8285,  3.56960,  3.58868,     4.00,  24.85,   0.07, 
  113.745, 0.0379, 0.8290,  3.56662,  3.58687,     4.00,  24.85,   0.08, 
  114.258, 0.0370, 0.8295,  3.56334,  3.58489,     4.00,  24.85,   0.08, 
  114.771, 0.0362, 0.8300,  3.55975,  3.58273,     4.00,  24.85,   0.09, 
  115.284, 0.0353, 0.8305,  3.55579,  3.58037,     4.00,  24.85,   0.10, 
  115.797, 0.0345, 0.8310,  3.55144,  3.57778,     4.00,  24.85,   0.10, 
  116.310, 0.0336, 0.8315,  3.54666,  3.57495,     4.00,  24.85,   0.11, 
  116.823, 0.0328, 0.8320,  3.54138,  3.57184,     4.00,  24.85,   0.12, 
  117.336, 0.0319, 0.8325,  3.53557,  3.56842,     4.00,  24.85,   0.13, 
  117.849, 0.0311, 0.8330,  3.52917,  3.56467,     4.00,  24.85,   0.14, 
  118.362, 0.0302, 0.8335,  3.52210,  3.56055,     4.00,  24.85,   0.15, 
  118.875, 0.0294, 0.8340,  3.51430,  3.55601,     4.00,  24.85,   0.16, 
  119.388, 0.0285, 0.8345,  3.50570,  3.55101,     4.00,  24.85,   0.17, 
  119.901, 0.0277, 0.8350,  3.49619,  3.54551,     4.00,  24.85,   0.19, 
  120.414, 0.0268, 0.8355,  3.48570,  3.53944,     4.00,  24.85,   0.21, 
  120.927, 0.0260, 0.8360,  3.47410,  3.53274,     4.00,  24.85,   0.22, 
  121.440, 0.0251, 0.8365,  3.46128,  3.52536,     4.00,  24.85,   0.25, 
  121.953, 0.0243, 0.8370,  3.44711,  3.51720,     4.00,  24.85,   0.27, 
  122.466, 0.0234, 0.8375,  3.43144,  3.50820,     4.00,  24.85,   0.29, 
  122.979, 0.0226, 0.8380,  3.41412,  3.49826,     4.00,  24.85,   0.32, 
  123.492, 0.0217, 0.8385,  3.39496,  3.48728,     4.00,  24.85,   0.35, 
  124.005, 0.0209, 0.8390,  3.37377,  3.47515,     4.00,  24.85,   0.39, 
  124.518, 0.0200, 0.8395,  3.35032,  3.46173,     4.00,  24.85,   0.42, 
  125.031, 0.0192, 0.8400,  3.32438,  3.44690,     4.00,  24.85,   0.47, 
  125.544, 0.0183, 0.8405,  3.29567,  3.43051,     4.00,  24.85,   0.51, 
  126.057, 0.0175, 0.8410,  3.26391,  3.41237,     4.00,  24.85,   0.57, 
  126.570, 0.0166, 0.8415,  3.22875,  3.39231,     4.00,  24.85,   0.62, 
  127.083, 0.0158, 0.8420,  3.18984,  3.37013,     4.00,  24.85,   0.69, 
  127.596, 0.0149, 0.8425,  3.14677,  3.34558,     4.00,  24.85,   0.76, 
  128.109, 0.0141, 0.8430,  3.09909,  3.31841,     4.00,  24.85,   0.83, 
  128.622, 0.0132, 0.8435,  3.04631,  3.28835,     4.00,  24.85,   0.92, 
  129.135, 0.0124, 0.8440,  2.98787,  3.25509,     4.00,  24.85,   1.02, 
  129.648, 0.0115, 0.8445,  2.92318,  3.21827,     4.00,  24.85,   1.12, 
  130.161, 0.0107, 0.8450,  2.85156,  3.17751,     4.00,  24.85,   1.24, 
  130.674, 0.0098, 0.8455,  2.77225,  3.13240,     4.00,  24.85,   1.37, 
  131.187, 0.0090, 0.8460,  2.68444,  3.08246,     4.00,  24.85,   1.51, 
  131.700, 0.0081, 0.8465,  2.58721,  3.02717,     4.00,  24.85,   1.67, 
  132.213, 0.0073, 0.8470,  2.47955,  2.96596,     4.00,  24.85,   1.85, 
  132.726, 0.0064, 0.8475,  2.36033,  2.89819,     4.00,  24.85,   2.04, 
  133.239, 0.0056, 0.8480,  2.22831,  2.82316,     4.00,  24.85,   2.26, 
  133.496, 0.0051, 0.8482,  2.15708,  2.78268,     4.00,  24.85,   2.38, 
  133.637, 0.0049, 0.8483,  2.11632,  2.75952,     4.00,  24.85,   2.44, 
  133.714, 0.0048, 0.8484,  2.09341,  2.74650,     4.00,  24.85,   2.48, 
  133.736, 0.0047, 0.8484,  2.08705,  2.74288,     4.00,  24.85,   2.49, 
  133.739, 0.0047, 0.8484,  2.08608,  2.74239,     4.00,  24.85,   2.49, 
  133.740, 0.0047, 0.8484,  2.08528,  2.74211,     4.00,  24.85,   2.48, 
  133.740, 0.0047, 0.8484,  2.08509,  2.74207,     4.00,  24.85,   2.48, 
  133.741, 0.0047, 0.8484,  2.08501,  2.74206,     4.00,  24.85,   2.48, 
  133.741, 0.0047, 0.8484,  2.08494,  2.74206,     4.00,  24.85,   2.48, 
  133.741, 0.0047, 0.8484,  2.08483,  2.74206,     4.00,  24.85,   2.48, 
 mass is   0.816565
 energy is   31.5185319
 power is   14.1401506
 478 this time step did not converge
 Solid concentration driven to zero.
 Consider changing vcut or the current density.
  
 dV/dt at point of failure is (V/s) -0.19463999
 Moving on to next leg if not the last
  
 comp 7 not converged

            mass  =  0.8166 kg/m2
 specific energy segment =    31.52 W-h/kg
 specific power segment  =    17.39 W/kg
 total heat =          3.7177 W-h/m2
  
