     50  lim, limit on number of iterations
 100.00  h1,  thickness of negative electrode (microns)
  25.00  h2,  thickness of separator (microns)
 100.00  h3,  thickness of positive electrode (microns)
  25.00  hcn, thickness of negative electrode current collector (microns)
  25.00  hcp, thickness of positive electrode current collector (microns)
     80  n1,  number of nodes in negative electrode
     40  n2,  number of nodes in separator
     80  n3,  number of nodes in positive electrode
 298.00  T,   temperature (K)

 1000.0  xx(1,n1+2), initial concentration (mol/m3)
 0.6000  csx,   initial stoichiometric parameter for negative
 0.5000  csy,   initial stoichiometric parameter for positive
   30.0  tmmax, maximum time step size (s)
 .4E-13  dfs1, diffusion coefficient in negative solid (m2/s)
 .1E-12  dfs3, diffusion coefficient in positive solid (m2/s)
  10.00  Rad1,  radius of negative particles (microns)
  10.00  Rad3,  radius of positive particles (microns)

  0.300  ep1,   volume fraction of electrolyte in negative electrode
  0.000  epp1,  volume fraction of polymer phase in negative electrode
  0.100  epf1,  volume fraction of inert filler in negative electrode
  1.000  ep2,   volume fraction of electrolyte in separator
  0.000  epp2,  volume fraction of polymer phase in separator
  0.300  ep3,   volume fraction of electrolyte in positive electrode
  0.000  epp3,  volume fraction of polymer phase in positive electrode
  0.200  epf3,  volume fraction of inert filler in positive electrode
 0.10E+03  sig1,  conductivity of negative matrix (S/m)
  10.      sig3,  conductivity of positive matrix (S/m)
  372.00  cot1,  coulombic capacity of negative material (mAh/g)
  274.00  cot3,  coulombic capacity of positive material (mAh/g)
 .1E-04  rka1,  reaction rate constant for negative reaction 
 .3E-10  rka3,  reaction rate constant for positive reaction

 1324.0  re,   density of electrolyte (kg/m3)
 1800.0  rs1,  density of negative insertion material (kg/m3)
 5010.0  rs3,  density of positive insertion material (kg/m3)
 1800.0  rf,   density of inert filler (kg/m3)
 1780.0  rpl,  density of polymer phase (kg/m3)
    0.0  rc,   density of separator material (kg/m3)
 8954.0  rcn,  density of negative current collector (kg/m3)
 2707.0  rcp,  density of positive current collector (kg/m3)

   0.001000  ranode,   anode film resistance (ohm-m2)
   0.000000  rcathde,  cathode film resistance (ohm-m2)
   0.00  htc,   heat-transfer coefficient with external medium (W/m2K)
   0.000000  dUdT,  temperature coefficient of EMF (V/K)
 2000.0  Cp,    heat capacity of cell (J/kg-K)
   0.00  residm,    residual mass (kg/m2)
 298.00  Tam,   ambient temperature (K)
      1  ncell, number of cells in a cell stack
      2  lht,   0 uses htc,  1 calcs htc,  2 isothermal

      0    nside, side reaction flag 

      1  il1,   1 for long print-out  0 for short print-out
     10  il2,   prints every il2 th node in long print-out
     10  il3,   prints every il3 th time step in long print-out
      1  lflag, 0 for electrolyte in separator only, 1 for uniform
      0  imp, 0 for no impedance, 1 for impedance
   0.00  capp1,  capacitance of negative material (F/m2)
   0.00  capp3,  capacitance of positive material (F/m2)
      2  lcurs, number of current changes
  
 MCMB 2528 Graphite (Bellcore)
 LiPF6 in EC:DMC
 LiCoO2 (Cobalt dioxide)
 open-circuit potential, negative   0.178978294
 delta S negative   0.
 open-circuit potential, positive   4.24165195
 delta S positive   0.
  
      DUAL INSERTION CELL VERSION 5.1
  
   Time     Util N  Util P  Cell Pot   Uocp      Curr      Temp   heatgen
   (min)       x       y      (V)       (V)      (A/m2)    (C)    (W/m2)
  
    0.000, 0.6000, 0.5000,  4.06267,  4.06267,     0.00,  24.85,   0.00, 
    0.001, 0.6000, 0.5000,  4.06267,  4.06267,     0.00,  24.85,   0.00, 
    0.001, 0.6000, 0.5000,  4.06267,  4.06267,     0.00,  24.85,   0.00, 
    0.001, 0.6000, 0.5000,  4.06267,  4.06267,     0.00,  24.85,   0.00, 
    0.002, 0.6000, 0.5000,  4.06267,  4.06267,     0.00,  24.85,   0.00, 
    0.002, 0.6000, 0.5000,  4.06267,  4.06267,     0.00,  24.85,   0.00, 
    0.003, 0.6000, 0.5000,  4.06267,  4.06267,     0.00,  24.85,   0.00, 
    0.003, 0.6000, 0.5000,  4.06267,  4.06267,     0.00,  24.85,   0.00, 
    0.004, 0.6000, 0.5000,  4.06267,  4.06267,     0.00,  24.85,   0.00, 
    0.005, 0.6000, 0.5000,  4.06267,  4.06267,     0.00,  24.85,   0.00, 
    0.006, 0.6000, 0.5000,  4.06267,  4.06267,     0.00,  24.85,   0.00, 
    0.007, 0.6000, 0.5000,  4.06267,  4.06267,     0.00,  24.85,   0.00, 
    0.007, 0.6000, 0.5000,  4.06267,  4.06267,     0.00,  24.85,   0.00, 
    0.009, 0.6000, 0.5000,  4.06267,  4.06267,     0.00,  24.85,   0.00, 
    0.010, 0.6000, 0.5000,  4.06267,  4.06267,     0.00,  24.85,   0.00, 
    0.011, 0.6000, 0.5000,  4.06267,  4.06267,     0.00,  24.85,   0.00, 
    0.012, 0.6000, 0.5000,  4.06267,  4.06267,     0.00,  24.85,   0.00, 
    0.014, 0.6000, 0.5000,  4.06267,  4.06267,     0.00,  24.85,   0.00, 
    0.016, 0.6000, 0.5000,  4.06267,  4.06267,     0.00,  24.85,   0.00, 
    0.017, 0.6000, 0.5000,  4.06267,  4.06267,     0.00,  24.85,   0.00, 
    0.019, 0.6000, 0.5000,  4.06267,  4.06267,     0.00,  24.85,   0.00, 
    0.022, 0.6000, 0.5000,  4.06267,  4.06267,     0.00,  24.85,   0.00, 
    0.024, 0.6000, 0.5000,  4.06267,  4.06267,     0.00,  24.85,   0.00, 
    0.027, 0.6000, 0.5000,  4.06267,  4.06267,     0.00,  24.85,   0.00, 
    0.030, 0.6000, 0.5000,  4.06267,  4.06267,     0.00,  24.85,   0.00, 
    0.033, 0.6000, 0.5000,  4.06267,  4.06267,     0.00,  24.85,   0.00, 
    0.037, 0.6000, 0.5000,  4.06267,  4.06267,     0.00,  24.85,   0.00, 
    0.041, 0.6000, 0.5000,  4.06267,  4.06267,     0.00,  24.85,   0.00, 
    0.045, 0.6000, 0.5000,  4.06267,  4.06267,     0.00,  24.85,   0.00, 
    0.050, 0.6000, 0.5000,  4.06267,  4.06267,     0.00,  24.85,   0.00, 
    0.055, 0.6000, 0.5000,  4.06267,  4.06267,     0.00,  24.85,   0.00, 
    0.061, 0.6000, 0.5000,  4.06267,  4.06267,     0.00,  24.85,   0.00, 
    0.067, 0.6000, 0.5000,  4.06267,  4.06267,     0.00,  24.85,   0.00, 
    0.074, 0.6000, 0.5000,  4.06267,  4.06267,     0.00,  24.85,   0.00, 
    0.082, 0.6000, 0.5000,  4.06267,  4.06267,     0.00,  24.85,   0.00, 
    0.091, 0.6000, 0.5000,  4.06267,  4.06267,     0.00,  24.85,   0.00, 
    0.100, 0.6000, 0.5000,  4.06267,  4.06267,     0.00,  24.85,   0.00, 
    0.110, 0.6000, 0.5000,  4.06267,  4.06267,     0.00,  24.85,   0.00, 
    0.122, 0.6000, 0.5000,  4.06267,  4.06267,     0.00,  24.85,   0.00, 
    0.134, 0.6000, 0.5000,  4.06267,  4.06267,     0.00,  24.85,   0.00, 
    0.148, 0.6000, 0.5000,  4.06267,  4.06267,     0.00,  24.85,   0.00, 
    0.163, 0.6000, 0.5000,  4.06267,  4.06267,     0.00,  24.85,   0.00, 
    0.180, 0.6000, 0.5000,  4.06267,  4.06267,     0.00,  24.85,   0.00, 
    0.198, 0.6000, 0.5000,  4.06267,  4.06267,     0.00,  24.85,   0.00, 
    0.218, 0.6000, 0.5000,  4.06267,  4.06267,     0.00,  24.85,   0.00, 
    0.240, 0.6000, 0.5000,  4.06267,  4.06267,     0.00,  24.85,   0.00, 
    0.264, 0.6000, 0.5000,  4.06267,  4.06267,     0.00,  24.85,   0.00, 
    0.291, 0.6000, 0.5000,  4.06267,  4.06267,     0.00,  24.85,   0.00, 
    0.320, 0.6000, 0.5000,  4.06267,  4.06267,     0.00,  24.85,   0.00, 
    0.353, 0.6000, 0.5000,  4.06267,  4.06267,     0.00,  24.85,   0.00, 
    0.388, 0.6000, 0.5000,  4.06267,  4.06267,     0.00,  24.85,   0.00, 
    0.427, 0.6000, 0.5000,  4.06267,  4.06267,     0.00,  24.85,   0.00, 
    0.470, 0.6000, 0.5000,  4.06267,  4.06267,     0.00,  24.85,   0.00, 
    0.518, 0.6000, 0.5000,  4.06267,  4.06267,     0.00,  24.85,   0.00, 
    0.570, 0.6000, 0.5000,  4.06267,  4.06267,     0.00,  24.85,   0.00, 
    0.627, 0.6000, 0.5000,  4.06267,  4.06267,     0.00,  24.85,   0.00, 
    0.690, 0.6000, 0.5000,  4.06267,  4.06267,     0.00,  24.85,   0.00, 
    0.760, 0.6000, 0.5000,  4.06267,  4.06267,     0.00,  24.85,   0.00, 
    0.836, 0.6000, 0.5000,  4.06267,  4.06267,     0.00,  24.85,   0.00, 
    0.920, 0.6000, 0.5000,  4.06267,  4.06267,     0.00,  24.85,   0.00, 
    1.000, 0.6000, 0.5000,  4.06267,  4.06267,     0.00,  24.85,   0.00, 
    1.000, 0.6000, 0.5000,  4.05934,  4.06267,     3.00,  24.85,   0.01, 
 specific energy segment =     0.00 W-h/kg
 specific power segment  =     0.00 W/kg
 total heat =          0.0000 W-h/m2
  
    1.000, 0.6000, 0.5000,  4.05934,  4.06267,     3.00,  24.85,   0.01, 
    1.000, 0.6000, 0.5000,  4.05933,  4.06267,     3.00,  24.85,   0.01, 
    1.001, 0.6000, 0.5000,  4.05931,  4.06267,     3.00,  24.85,   0.01, 
    1.001, 0.6000, 0.5000,  4.05930,  4.06267,     3.00,  24.85,   0.01, 
    1.002, 0.6000, 0.5000,  4.05930,  4.06267,     3.00,  24.85,   0.01, 
    1.002, 0.6000, 0.5000,  4.05929,  4.06267,     3.00,  24.85,   0.01, 
    1.003, 0.6000, 0.5000,  4.05928,  4.06267,     3.00,  24.85,   0.01, 
    1.003, 0.6000, 0.5000,  4.05927,  4.06267,     3.00,  24.85,   0.01, 
    1.004, 0.6000, 0.5000,  4.05926,  4.06267,     3.00,  24.85,   0.01, 
    1.005, 0.6000, 0.5000,  4.05926,  4.06267,     3.00,  24.85,   0.01, 
    1.005, 0.6000, 0.5000,  4.05925,  4.06267,     3.00,  24.85,   0.01, 
    1.006, 0.6000, 0.5000,  4.05924,  4.06267,     3.00,  24.85,   0.01, 
    1.007, 0.6000, 0.5000,  4.05923,  4.06267,     3.00,  24.85,   0.01, 
    1.008, 0.6000, 0.5000,  4.05922,  4.06267,     3.00,  24.85,   0.01, 
    1.009, 0.6000, 0.5000,  4.05921,  4.06267,     3.00,  24.85,   0.01, 
    1.011, 0.6000, 0.5000,  4.05920,  4.06267,     3.00,  24.85,   0.01, 
    1.012, 0.6000, 0.5000,  4.05919,  4.06267,     3.00,  24.85,   0.01, 
    1.014, 0.6000, 0.5000,  4.05918,  4.06266,     3.00,  24.85,   0.01, 
    1.015, 0.6000, 0.5000,  4.05917,  4.06266,     3.00,  24.85,   0.01, 
    1.017, 0.6000, 0.5000,  4.05915,  4.06266,     3.00,  24.85,   0.01, 
    1.019, 0.6000, 0.5000,  4.05914,  4.06266,     3.00,  24.85,   0.01, 
    1.021, 0.6000, 0.5000,  4.05913,  4.06266,     3.00,  24.85,   0.01, 
    1.024, 0.6000, 0.5000,  4.05911,  4.06266,     3.00,  24.85,   0.01, 
    1.027, 0.6000, 0.5000,  4.05910,  4.06266,     3.00,  24.85,   0.01, 
    1.029, 0.6000, 0.5000,  4.05908,  4.06265,     3.00,  24.85,   0.01, 
    1.033, 0.6000, 0.5000,  4.05906,  4.06265,     3.00,  24.85,   0.01, 
    1.036, 0.6000, 0.5000,  4.05905,  4.06265,     3.00,  24.85,   0.01, 
    1.040, 0.5999, 0.5000,  4.05903,  4.06265,     3.00,  24.85,   0.01, 
    1.045, 0.5999, 0.5000,  4.05901,  4.06264,     3.00,  24.85,   0.01, 
    1.050, 0.5999, 0.5000,  4.05899,  4.06264,     3.00,  24.85,   0.01, 
    1.055, 0.5999, 0.5000,  4.05897,  4.06264,     3.00,  24.85,   0.01, 
    1.061, 0.5999, 0.5000,  4.05894,  4.06263,     3.00,  24.85,   0.01, 
    1.067, 0.5999, 0.5000,  4.05892,  4.06263,     3.00,  24.85,   0.01, 
    1.074, 0.5999, 0.5001,  4.05889,  4.06262,     3.00,  24.85,   0.01, 
    1.082, 0.5999, 0.5001,  4.05886,  4.06262,     3.00,  24.85,   0.01, 
    1.090, 0.5999, 0.5001,  4.05883,  4.06261,     3.00,  24.85,   0.01, 
    1.100, 0.5999, 0.5001,  4.05880,  4.06260,     3.00,  24.85,   0.01, 
    1.110, 0.5999, 0.5001,  4.05877,  4.06260,     3.00,  24.85,   0.01, 
    1.121, 0.5998, 0.5001,  4.05874,  4.06259,     3.00,  24.85,   0.01, 
    1.134, 0.5998, 0.5001,  4.05870,  4.06258,     3.00,  24.85,   0.01, 
    1.148, 0.5998, 0.5001,  4.05866,  4.06257,     3.00,  24.85,   0.01, 
    1.163, 0.5998, 0.5001,  4.05862,  4.06256,     3.00,  24.85,   0.01, 
    1.179, 0.5998, 0.5001,  4.05858,  4.06255,     3.00,  24.85,   0.01, 
    1.197, 0.5998, 0.5001,  4.05853,  4.06254,     3.00,  24.85,   0.01, 
    1.218, 0.5997, 0.5002,  4.05849,  4.06252,     3.00,  24.85,   0.01, 
    1.240, 0.5997, 0.5002,  4.05844,  4.06251,     3.00,  24.85,   0.01, 
    1.264, 0.5997, 0.5002,  4.05838,  4.06249,     3.00,  24.85,   0.01, 
    1.291, 0.5996, 0.5002,  4.05833,  4.06247,     3.00,  24.85,   0.01, 
    1.320, 0.5996, 0.5002,  4.05827,  4.06245,     3.00,  24.85,   0.01, 
    1.352, 0.5996, 0.5003,  4.05821,  4.06243,     3.00,  24.85,   0.01, 
    1.388, 0.5995, 0.5003,  4.05815,  4.06240,     3.00,  24.85,   0.01, 
    1.427, 0.5995, 0.5003,  4.05808,  4.06238,     3.00,  24.85,   0.01, 
    1.470, 0.5994, 0.5003,  4.05801,  4.06235,     3.00,  24.85,   0.01, 
    1.517, 0.5994, 0.5004,  4.05794,  4.06231,     3.00,  24.85,   0.01, 
    1.570, 0.5993, 0.5004,  4.05787,  4.06228,     3.00,  24.85,   0.01, 
    1.627, 0.5992, 0.5005,  4.05779,  4.06224,     3.00,  24.85,   0.01, 
    1.690, 0.5991, 0.5005,  4.05771,  4.06219,     3.00,  24.85,   0.01, 
    1.759, 0.5991, 0.5006,  4.05762,  4.06215,     3.00,  24.85,   0.01, 
    1.835, 0.5990, 0.5006,  4.05753,  4.06209,     3.00,  24.85,   0.01, 
    1.919, 0.5989, 0.5007,  4.05744,  4.06204,     3.00,  24.85,   0.01, 
    2.012, 0.5987, 0.5007,  4.05735,  4.06197,     3.00,  24.85,   0.01, 
    2.113, 0.5986, 0.5008,  4.05725,  4.06190,     3.00,  24.85,   0.01, 
    2.225, 0.5985, 0.5009,  4.05714,  4.06183,     3.00,  24.85,   0.01, 
    2.348, 0.5983, 0.5010,  4.05704,  4.06174,     3.00,  24.85,   0.01, 
    2.483, 0.5982, 0.5011,  4.05692,  4.06165,     3.00,  24.85,   0.01, 
    2.631, 0.5980, 0.5012,  4.05680,  4.06155,     3.00,  24.85,   0.01, 
    2.795, 0.5978, 0.5013,  4.05666,  4.06144,     3.00,  24.85,   0.01, 
    2.974, 0.5975, 0.5014,  4.05652,  4.06131,     3.00,  24.85,   0.01, 
    3.172, 0.5973, 0.5016,  4.05637,  4.06118,     3.00,  24.85,   0.01, 
    3.390, 0.5970, 0.5017,  4.05621,  4.06103,     3.00,  24.85,   0.01, 
    3.629, 0.5967, 0.5019,  4.05604,  4.06087,     3.00,  24.85,   0.01, 
    3.892, 0.5964, 0.5021,  4.05585,  4.06069,     3.00,  24.85,   0.01, 
    4.182, 0.5960, 0.5023,  4.05564,  4.06050,     3.00,  24.85,   0.01, 
    4.501, 0.5956, 0.5026,  4.05542,  4.06029,     3.00,  24.85,   0.01, 
    4.851, 0.5952, 0.5028,  4.05517,  4.06006,     3.00,  24.85,   0.01, 
    5.236, 0.5947, 0.5031,  4.05491,  4.05980,     3.00,  24.85,   0.01, 
    5.660, 0.5942, 0.5034,  4.05462,  4.05952,     3.00,  24.85,   0.01, 
    6.127, 0.5936, 0.5037,  4.05430,  4.05922,     3.00,  24.85,   0.01, 
    6.640, 0.5930, 0.5041,  4.05396,  4.05889,     3.00,  24.85,   0.01, 
    7.153, 0.5923, 0.5045,  4.05362,  4.05856,     3.00,  24.85,   0.01, 
    7.666, 0.5917, 0.5049,  4.05328,  4.05823,     3.00,  24.85,   0.01, 
    8.179, 0.5911, 0.5052,  4.05294,  4.05791,     3.00,  24.85,   0.01, 
    8.692, 0.5904, 0.5056,  4.05260,  4.05759,     3.00,  24.85,   0.01, 
    9.205, 0.5898, 0.5060,  4.05227,  4.05727,     3.00,  24.85,   0.01, 
    9.718, 0.5892, 0.5064,  4.05194,  4.05695,     3.00,  24.85,   0.01, 
   10.231, 0.5885, 0.5067,  4.05161,  4.05663,     3.00,  24.85,   0.01, 
   10.744, 0.5879, 0.5071,  4.05128,  4.05631,     3.00,  24.85,   0.01, 
   11.257, 0.5872, 0.5075,  4.05096,  4.05600,     3.00,  24.85,   0.01, 
   11.770, 0.5866, 0.5078,  4.05063,  4.05569,     3.00,  24.85,   0.01, 
   12.283, 0.5860, 0.5082,  4.05031,  4.05538,     3.00,  24.85,   0.01, 
   12.796, 0.5853, 0.5086,  4.04998,  4.05507,     3.00,  24.85,   0.01, 
   13.309, 0.5847, 0.5090,  4.04966,  4.05476,     3.00,  24.85,   0.02, 
   13.822, 0.5840, 0.5093,  4.04933,  4.05445,     3.00,  24.85,   0.02, 
   14.335, 0.5834, 0.5097,  4.04900,  4.05414,     3.00,  24.85,   0.02, 
   14.848, 0.5828, 0.5101,  4.04867,  4.05382,     3.00,  24.85,   0.02, 
   15.361, 0.5821, 0.5105,  4.04834,  4.05351,     3.00,  24.85,   0.02, 
   15.874, 0.5815, 0.5108,  4.04800,  4.05320,     3.00,  24.85,   0.02, 
   16.387, 0.5809, 0.5112,  4.04766,  4.05288,     3.00,  24.85,   0.02, 
   16.900, 0.5802, 0.5116,  4.04732,  4.05256,     3.00,  24.85,   0.02, 
   17.413, 0.5796, 0.5120,  4.04697,  4.05224,     3.00,  24.85,   0.02, 
   17.926, 0.5789, 0.5123,  4.04661,  4.05191,     3.00,  24.85,   0.02, 
   18.439, 0.5783, 0.5127,  4.04624,  4.05157,     3.00,  24.85,   0.02, 
   18.952, 0.5777, 0.5131,  4.04587,  4.05123,     3.00,  24.85,   0.02, 
   19.465, 0.5770, 0.5135,  4.04548,  4.05088,     3.00,  24.85,   0.02, 
   19.978, 0.5764, 0.5138,  4.04508,  4.05052,     3.00,  24.85,   0.02, 
   20.491, 0.5757, 0.5142,  4.04466,  4.05014,     3.00,  24.85,   0.02, 
   21.004, 0.5751, 0.5146,  4.04423,  4.04976,     3.00,  24.85,   0.02, 
   21.517, 0.5745, 0.5149,  4.04377,  4.04936,     3.00,  24.85,   0.02, 
   22.030, 0.5738, 0.5153,  4.04329,  4.04894,     3.00,  24.85,   0.02, 
   22.543, 0.5732, 0.5157,  4.04279,  4.04850,     3.00,  24.85,   0.02, 
   23.056, 0.5726, 0.5161,  4.04226,  4.04804,     3.00,  24.85,   0.02, 
   23.569, 0.5719, 0.5164,  4.04170,  4.04755,     3.00,  24.85,   0.02, 
   24.082, 0.5713, 0.5168,  4.04111,  4.04704,     3.00,  24.85,   0.02, 
   24.595, 0.5706, 0.5172,  4.04048,  4.04649,     3.00,  24.85,   0.02, 
   25.108, 0.5700, 0.5176,  4.03981,  4.04592,     3.00,  24.85,   0.02, 
   25.621, 0.5694, 0.5179,  4.03909,  4.04530,     3.00,  24.85,   0.02, 
   26.134, 0.5687, 0.5183,  4.03833,  4.04464,     3.00,  24.85,   0.02, 
   26.647, 0.5681, 0.5187,  4.03751,  4.04394,     3.00,  24.85,   0.02, 
   27.160, 0.5674, 0.5191,  4.03664,  4.04319,     3.00,  24.85,   0.02, 
   27.673, 0.5668, 0.5194,  4.03571,  4.04239,     3.00,  24.85,   0.02, 
   28.186, 0.5662, 0.5198,  4.03472,  4.04153,     3.00,  24.85,   0.02, 
   28.699, 0.5655, 0.5202,  4.03367,  4.04061,     3.00,  24.85,   0.02, 
   29.212, 0.5649, 0.5206,  4.03256,  4.03964,     3.00,  24.85,   0.02, 
   29.725, 0.5643, 0.5209,  4.03139,  4.03861,     3.00,  24.85,   0.02, 
   30.238, 0.5636, 0.5213,  4.03016,  4.03751,     3.00,  24.85,   0.02, 
   30.751, 0.5630, 0.5217,  4.02886,  4.03635,     3.00,  24.85,   0.02, 
   31.264, 0.5623, 0.5220,  4.02752,  4.03513,     3.00,  24.85,   0.02, 
   31.777, 0.5617, 0.5224,  4.02613,  4.03385,     3.00,  24.85,   0.02, 
   32.290, 0.5611, 0.5228,  4.02469,  4.03251,     3.00,  24.85,   0.02, 
   32.803, 0.5604, 0.5232,  4.02322,  4.03113,     3.00,  24.85,   0.02, 
   33.316, 0.5598, 0.5235,  4.02172,  4.02970,     3.00,  24.85,   0.02, 
   33.829, 0.5591, 0.5239,  4.02021,  4.02824,     3.00,  24.85,   0.02, 
   34.342, 0.5585, 0.5243,  4.01869,  4.02675,     3.00,  24.85,   0.02, 
   34.855, 0.5579, 0.5247,  4.01717,  4.02524,     3.00,  24.85,   0.02, 
   35.368, 0.5572, 0.5250,  4.01567,  4.02372,     3.00,  24.85,   0.02, 
   35.881, 0.5566, 0.5254,  4.01419,  4.02220,     3.00,  24.85,   0.02, 
   36.394, 0.5560, 0.5258,  4.01274,  4.02070,     3.00,  24.85,   0.02, 
   36.907, 0.5553, 0.5262,  4.01134,  4.01922,     3.00,  24.85,   0.02, 
   37.420, 0.5547, 0.5265,  4.00998,  4.01777,     3.00,  24.85,   0.02, 
   37.933, 0.5540, 0.5269,  4.00868,  4.01636,     3.00,  24.85,   0.02, 
   38.446, 0.5534, 0.5273,  4.00743,  4.01500,     3.00,  24.85,   0.02, 
   38.959, 0.5528, 0.5277,  4.00625,  4.01369,     3.00,  24.85,   0.02, 
   39.472, 0.5521, 0.5280,  4.00513,  4.01243,     3.00,  24.85,   0.02, 
   39.984, 0.5515, 0.5284,  4.00407,  4.01124,     3.00,  24.85,   0.02, 
   40.497, 0.5508, 0.5288,  4.00308,  4.01012,     3.00,  24.85,   0.02, 
   41.010, 0.5502, 0.5291,  4.00215,  4.00905,     3.00,  24.85,   0.02, 
   41.523, 0.5496, 0.5295,  4.00128,  4.00805,     3.00,  24.85,   0.02, 
   42.036, 0.5489, 0.5299,  4.00046,  4.00711,     3.00,  24.85,   0.02, 
   42.549, 0.5483, 0.5303,  3.99971,  4.00623,     3.00,  24.85,   0.02, 
   43.062, 0.5477, 0.5306,  3.99900,  4.00541,     3.00,  24.85,   0.02, 
   43.575, 0.5470, 0.5310,  3.99834,  4.00465,     3.00,  24.85,   0.02, 
   44.088, 0.5464, 0.5314,  3.99772,  4.00394,     3.00,  24.85,   0.02, 
   44.601, 0.5457, 0.5318,  3.99714,  4.00327,     3.00,  24.85,   0.02, 
   45.114, 0.5451, 0.5321,  3.99660,  4.00265,     3.00,  24.85,   0.02, 
   45.627, 0.5445, 0.5325,  3.99609,  4.00207,     3.00,  24.85,   0.02, 
   46.140, 0.5438, 0.5329,  3.99561,  4.00153,     3.00,  24.85,   0.02, 
   46.653, 0.5432, 0.5333,  3.99515,  4.00102,     3.00,  24.85,   0.02, 
   47.166, 0.5425, 0.5336,  3.99472,  4.00053,     3.00,  24.85,   0.02, 
   47.679, 0.5419, 0.5340,  3.99430,  4.00008,     3.00,  24.85,   0.02, 
   48.192, 0.5413, 0.5344,  3.99390,  3.99965,     3.00,  24.85,   0.02, 
   48.705, 0.5406, 0.5348,  3.99352,  3.99924,     3.00,  24.85,   0.02, 
   49.218, 0.5400, 0.5351,  3.99314,  3.99884,     3.00,  24.85,   0.02, 
   49.731, 0.5394, 0.5355,  3.99278,  3.99846,     3.00,  24.85,   0.02, 
   50.244, 0.5387, 0.5359,  3.99242,  3.99809,     3.00,  24.85,   0.02, 
   50.757, 0.5381, 0.5362,  3.99207,  3.99774,     3.00,  24.85,   0.02, 
   51.270, 0.5374, 0.5366,  3.99172,  3.99738,     3.00,  24.85,   0.02, 
   51.783, 0.5368, 0.5370,  3.99137,  3.99704,     3.00,  24.85,   0.02, 
   52.296, 0.5362, 0.5374,  3.99102,  3.99670,     3.00,  24.85,   0.02, 
   52.809, 0.5355, 0.5377,  3.99067,  3.99636,     3.00,  24.85,   0.02, 
   53.322, 0.5349, 0.5381,  3.99032,  3.99602,     3.00,  24.85,   0.02, 
   53.835, 0.5342, 0.5385,  3.98996,  3.99569,     3.00,  24.85,   0.02, 
   54.348, 0.5336, 0.5389,  3.98960,  3.99535,     3.00,  24.85,   0.02, 
   54.861, 0.5330, 0.5392,  3.98923,  3.99500,     3.00,  24.85,   0.02, 
   55.374, 0.5323, 0.5396,  3.98886,  3.99465,     3.00,  24.85,   0.02, 
   55.887, 0.5317, 0.5400,  3.98848,  3.99430,     3.00,  24.85,   0.02, 
   56.400, 0.5311, 0.5404,  3.98808,  3.99394,     3.00,  24.85,   0.02, 
   56.913, 0.5304, 0.5407,  3.98768,  3.99357,     3.00,  24.85,   0.02, 
   57.426, 0.5298, 0.5411,  3.98727,  3.99320,     3.00,  24.85,   0.02, 
   57.939, 0.5291, 0.5415,  3.98685,  3.99281,     3.00,  24.85,   0.02, 
   58.452, 0.5285, 0.5419,  3.98641,  3.99242,     3.00,  24.85,   0.02, 
   58.965, 0.5279, 0.5422,  3.98596,  3.99201,     3.00,  24.85,   0.02, 
   59.478, 0.5272, 0.5426,  3.98550,  3.99159,     3.00,  24.85,   0.02, 
   59.991, 0.5266, 0.5430,  3.98502,  3.99116,     3.00,  24.85,   0.02, 
   60.504, 0.5259, 0.5433,  3.98453,  3.99071,     3.00,  24.85,   0.02, 
   61.017, 0.5253, 0.5437,  3.98403,  3.99025,     3.00,  24.85,   0.02, 
   61.530, 0.5247, 0.5441,  3.98351,  3.98978,     3.00,  24.85,   0.02, 
   62.043, 0.5240, 0.5445,  3.98297,  3.98929,     3.00,  24.85,   0.02, 
   62.556, 0.5234, 0.5448,  3.98241,  3.98878,     3.00,  24.85,   0.02, 
   63.069, 0.5228, 0.5452,  3.98184,  3.98826,     3.00,  24.85,   0.02, 
   63.582, 0.5221, 0.5456,  3.98124,  3.98772,     3.00,  24.85,   0.02, 
   64.095, 0.5215, 0.5460,  3.98063,  3.98716,     3.00,  24.85,   0.02, 
   64.608, 0.5208, 0.5463,  3.98000,  3.98659,     3.00,  24.85,   0.02, 
   65.121, 0.5202, 0.5467,  3.97935,  3.98599,     3.00,  24.85,   0.02, 
   65.634, 0.5196, 0.5471,  3.97868,  3.98537,     3.00,  24.85,   0.02, 
   66.147, 0.5189, 0.5475,  3.97799,  3.98474,     3.00,  24.85,   0.02, 
   66.660, 0.5183, 0.5478,  3.97727,  3.98408,     3.00,  24.85,   0.02, 
   67.173, 0.5176, 0.5482,  3.97654,  3.98340,     3.00,  24.85,   0.02, 
   67.686, 0.5170, 0.5486,  3.97578,  3.98271,     3.00,  24.85,   0.02, 
   68.199, 0.5164, 0.5490,  3.97500,  3.98198,     3.00,  24.85,   0.02, 
   68.712, 0.5157, 0.5493,  3.97419,  3.98124,     3.00,  24.85,   0.02, 
   69.225, 0.5151, 0.5497,  3.97337,  3.98047,     3.00,  24.85,   0.02, 
   69.738, 0.5145, 0.5501,  3.97251,  3.97968,     3.00,  24.85,   0.02, 
   70.251, 0.5138, 0.5504,  3.97164,  3.97887,     3.00,  24.85,   0.02, 
   70.764, 0.5132, 0.5508,  3.97074,  3.97803,     3.00,  24.85,   0.02, 
   71.277, 0.5125, 0.5512,  3.96982,  3.97717,     3.00,  24.85,   0.02, 
   71.790, 0.5119, 0.5516,  3.96887,  3.97628,     3.00,  24.85,   0.02, 
   72.303, 0.5113, 0.5519,  3.96789,  3.97537,     3.00,  24.85,   0.02, 
   72.816, 0.5106, 0.5523,  3.96690,  3.97443,     3.00,  24.85,   0.02, 
   73.329, 0.5100, 0.5527,  3.96587,  3.97347,     3.00,  24.85,   0.02, 
   73.842, 0.5093, 0.5531,  3.96483,  3.97248,     3.00,  24.85,   0.02, 
   74.355, 0.5087, 0.5534,  3.96375,  3.97147,     3.00,  24.85,   0.02, 
   74.868, 0.5081, 0.5538,  3.96266,  3.97043,     3.00,  24.85,   0.02, 
   75.381, 0.5074, 0.5542,  3.96154,  3.96937,     3.00,  24.85,   0.02, 
   75.894, 0.5068, 0.5546,  3.96039,  3.96828,     3.00,  24.85,   0.02, 
   76.407, 0.5062, 0.5549,  3.95922,  3.96717,     3.00,  24.85,   0.02, 
   76.920, 0.5055, 0.5553,  3.95802,  3.96603,     3.00,  24.85,   0.02, 
   77.433, 0.5049, 0.5557,  3.95681,  3.96487,     3.00,  24.85,   0.02, 
   77.946, 0.5042, 0.5561,  3.95557,  3.96368,     3.00,  24.85,   0.02, 
   78.459, 0.5036, 0.5564,  3.95430,  3.96247,     3.00,  24.85,   0.02, 
   78.972, 0.5030, 0.5568,  3.95302,  3.96123,     3.00,  24.85,   0.02, 
   79.485, 0.5023, 0.5572,  3.95171,  3.95997,     3.00,  24.85,   0.02, 
   79.998, 0.5017, 0.5575,  3.95038,  3.95869,     3.00,  24.85,   0.02, 
   80.511, 0.5010, 0.5579,  3.94903,  3.95738,     3.00,  24.85,   0.03, 
   81.024, 0.5004, 0.5583,  3.94766,  3.95606,     3.00,  24.85,   0.03, 
   81.537, 0.4998, 0.5587,  3.94627,  3.95471,     3.00,  24.85,   0.03, 
   82.050, 0.4991, 0.5590,  3.94487,  3.95334,     3.00,  24.85,   0.03, 
   82.563, 0.4985, 0.5594,  3.94344,  3.95195,     3.00,  24.85,   0.03, 
   83.076, 0.4979, 0.5598,  3.94200,  3.95055,     3.00,  24.85,   0.03, 
   83.589, 0.4972, 0.5602,  3.94055,  3.94912,     3.00,  24.85,   0.03, 
   84.102, 0.4966, 0.5605,  3.93908,  3.94768,     3.00,  24.85,   0.03, 
   84.615, 0.4959, 0.5609,  3.93759,  3.94622,     3.00,  24.85,   0.03, 
   85.128, 0.4953, 0.5613,  3.93610,  3.94475,     3.00,  24.85,   0.03, 
   85.641, 0.4947, 0.5617,  3.93459,  3.94326,     3.00,  24.85,   0.03, 
   86.154, 0.4940, 0.5620,  3.93307,  3.94176,     3.00,  24.85,   0.03, 
   86.667, 0.4934, 0.5624,  3.93155,  3.94024,     3.00,  24.85,   0.03, 
   87.180, 0.4927, 0.5628,  3.93001,  3.93872,     3.00,  24.85,   0.03, 
   87.693, 0.4921, 0.5632,  3.92847,  3.93719,     3.00,  24.85,   0.03, 
   88.206, 0.4915, 0.5635,  3.92692,  3.93564,     3.00,  24.85,   0.03, 
   88.719, 0.4908, 0.5639,  3.92537,  3.93409,     3.00,  24.85,   0.03, 
   89.232, 0.4902, 0.5643,  3.92382,  3.93254,     3.00,  24.85,   0.03, 
   89.745, 0.4896, 0.5646,  3.92227,  3.93098,     3.00,  24.85,   0.03, 
   90.258, 0.4889, 0.5650,  3.92071,  3.92942,     3.00,  24.85,   0.03, 
   90.771, 0.4883, 0.5654,  3.91916,  3.92785,     3.00,  24.85,   0.03, 
   91.284, 0.4876, 0.5658,  3.91761,  3.92628,     3.00,  24.85,   0.03, 
   91.797, 0.4870, 0.5661,  3.91606,  3.92472,     3.00,  24.85,   0.03, 
   92.310, 0.4864, 0.5665,  3.91452,  3.92315,     3.00,  24.85,   0.03, 
   92.823, 0.4857, 0.5669,  3.91298,  3.92159,     3.00,  24.85,   0.03, 
   93.336, 0.4851, 0.5673,  3.91145,  3.92004,     3.00,  24.85,   0.03, 
   93.849, 0.4844, 0.5676,  3.90993,  3.91849,     3.00,  24.85,   0.03, 
   94.362, 0.4838, 0.5680,  3.90842,  3.91694,     3.00,  24.85,   0.03, 
   94.875, 0.4832, 0.5684,  3.90691,  3.91541,     3.00,  24.85,   0.03, 
   95.388, 0.4825, 0.5688,  3.90543,  3.91388,     3.00,  24.85,   0.03, 
   95.901, 0.4819, 0.5691,  3.90395,  3.91236,     3.00,  24.85,   0.03, 
   96.414, 0.4813, 0.5695,  3.90249,  3.91086,     3.00,  24.85,   0.03, 
   96.927, 0.4806, 0.5699,  3.90104,  3.90937,     3.00,  24.85,   0.02, 
   97.440, 0.4800, 0.5703,  3.89961,  3.90789,     3.00,  24.85,   0.02, 
   97.953, 0.4793, 0.5706,  3.89819,  3.90642,     3.00,  24.85,   0.02, 
   98.466, 0.4787, 0.5710,  3.89679,  3.90498,     3.00,  24.85,   0.02, 
   98.979, 0.4781, 0.5714,  3.89541,  3.90354,     3.00,  24.85,   0.02, 
   99.492, 0.4774, 0.5717,  3.89405,  3.90213,     3.00,  24.85,   0.02, 
  100.005, 0.4768, 0.5721,  3.89271,  3.90073,     3.00,  24.85,   0.02, 
  100.518, 0.4761, 0.5725,  3.89139,  3.89936,     3.00,  24.85,   0.02, 
  101.031, 0.4755, 0.5729,  3.89009,  3.89800,     3.00,  24.85,   0.02, 
  101.544, 0.4749, 0.5732,  3.88881,  3.89666,     3.00,  24.85,   0.02, 
  102.057, 0.4742, 0.5736,  3.88756,  3.89534,     3.00,  24.85,   0.02, 
  102.570, 0.4736, 0.5740,  3.88632,  3.89405,     3.00,  24.85,   0.02, 
  103.083, 0.4730, 0.5744,  3.88511,  3.89277,     3.00,  24.85,   0.02, 
  103.596, 0.4723, 0.5747,  3.88392,  3.89152,     3.00,  24.85,   0.02, 
  104.109, 0.4717, 0.5751,  3.88275,  3.89029,     3.00,  24.85,   0.02, 
  104.622, 0.4710, 0.5755,  3.88161,  3.88909,     3.00,  24.85,   0.02, 
  105.135, 0.4704, 0.5759,  3.88049,  3.88790,     3.00,  24.85,   0.02, 
  105.648, 0.4698, 0.5762,  3.87939,  3.88674,     3.00,  24.85,   0.02, 
  106.161, 0.4691, 0.5766,  3.87831,  3.88560,     3.00,  24.85,   0.02, 
  106.674, 0.4685, 0.5770,  3.87726,  3.88449,     3.00,  24.85,   0.02, 
  107.187, 0.4678, 0.5774,  3.87623,  3.88340,     3.00,  24.85,   0.02, 
  107.700, 0.4672, 0.5777,  3.87523,  3.88233,     3.00,  24.85,   0.02, 
  108.213, 0.4666, 0.5781,  3.87425,  3.88129,     3.00,  24.85,   0.02, 
  108.726, 0.4659, 0.5785,  3.87329,  3.88027,     3.00,  24.85,   0.02, 
  109.239, 0.4653, 0.5788,  3.87235,  3.87927,     3.00,  24.85,   0.02, 
  109.752, 0.4647, 0.5792,  3.87144,  3.87830,     3.00,  24.85,   0.02, 
  110.265, 0.4640, 0.5796,  3.87054,  3.87735,     3.00,  24.85,   0.02, 
  110.778, 0.4634, 0.5800,  3.86967,  3.87642,     3.00,  24.85,   0.02, 
  111.291, 0.4627, 0.5803,  3.86882,  3.87551,     3.00,  24.85,   0.02, 
  111.804, 0.4621, 0.5807,  3.86799,  3.87463,     3.00,  24.85,   0.02, 
  112.317, 0.4615, 0.5811,  3.86719,  3.87377,     3.00,  24.85,   0.02, 
  112.830, 0.4608, 0.5815,  3.86640,  3.87292,     3.00,  24.85,   0.02, 
  113.343, 0.4602, 0.5818,  3.86563,  3.87210,     3.00,  24.85,   0.02, 
  113.856, 0.4595, 0.5822,  3.86488,  3.87130,     3.00,  24.85,   0.02, 
  114.369, 0.4589, 0.5826,  3.86415,  3.87052,     3.00,  24.85,   0.02, 
  114.882, 0.4583, 0.5830,  3.86344,  3.86976,     3.00,  24.85,   0.02, 
  115.395, 0.4576, 0.5833,  3.86275,  3.86902,     3.00,  24.85,   0.02, 
  115.908, 0.4570, 0.5837,  3.86207,  3.86830,     3.00,  24.85,   0.02, 
  116.421, 0.4564, 0.5841,  3.86141,  3.86760,     3.00,  24.85,   0.02, 
  116.934, 0.4557, 0.5845,  3.86077,  3.86691,     3.00,  24.85,   0.02, 
  117.447, 0.4551, 0.5848,  3.86015,  3.86624,     3.00,  24.85,   0.02, 
  117.960, 0.4544, 0.5852,  3.85954,  3.86559,     3.00,  24.85,   0.02, 
  118.473, 0.4538, 0.5856,  3.85894,  3.86495,     3.00,  24.85,   0.02, 
  118.986, 0.4532, 0.5859,  3.85836,  3.86433,     3.00,  24.85,   0.02, 
  119.499, 0.4525, 0.5863,  3.85780,  3.86373,     3.00,  24.85,   0.02, 
  120.012, 0.4519, 0.5867,  3.85724,  3.86314,     3.00,  24.85,   0.02, 
  120.525, 0.4512, 0.5871,  3.85670,  3.86257,     3.00,  24.85,   0.02, 
  121.038, 0.4506, 0.5874,  3.85618,  3.86200,     3.00,  24.85,   0.02, 
  121.551, 0.4500, 0.5878,  3.85566,  3.86146,     3.00,  24.85,   0.02, 
  122.064, 0.4493, 0.5882,  3.85516,  3.86092,     3.00,  24.85,   0.02, 
  122.577, 0.4487, 0.5886,  3.85467,  3.86040,     3.00,  24.85,   0.02, 
  123.090, 0.4481, 0.5889,  3.85418,  3.85989,     3.00,  24.85,   0.02, 
  123.603, 0.4474, 0.5893,  3.85371,  3.85939,     3.00,  24.85,   0.02, 
  124.116, 0.4468, 0.5897,  3.85325,  3.85890,     3.00,  24.85,   0.02, 
  124.629, 0.4461, 0.5901,  3.85280,  3.85843,     3.00,  24.85,   0.02, 
  125.142, 0.4455, 0.5904,  3.85236,  3.85796,     3.00,  24.85,   0.02, 
  125.655, 0.4449, 0.5908,  3.85192,  3.85750,     3.00,  24.85,   0.02, 
  126.168, 0.4442, 0.5912,  3.85150,  3.85705,     3.00,  24.85,   0.02, 
  126.681, 0.4436, 0.5916,  3.85108,  3.85661,     3.00,  24.85,   0.02, 
  127.194, 0.4429, 0.5919,  3.85067,  3.85618,     3.00,  24.85,   0.02, 
  127.707, 0.4423, 0.5923,  3.85026,  3.85576,     3.00,  24.85,   0.02, 
  128.220, 0.4417, 0.5927,  3.84987,  3.85534,     3.00,  24.85,   0.02, 
  128.733, 0.4410, 0.5930,  3.84948,  3.85494,     3.00,  24.85,   0.02, 
  129.246, 0.4404, 0.5934,  3.84909,  3.85454,     3.00,  24.85,   0.02, 
  129.759, 0.4398, 0.5938,  3.84871,  3.85414,     3.00,  24.85,   0.02, 
  130.272, 0.4391, 0.5942,  3.84834,  3.85375,     3.00,  24.85,   0.02, 
  130.785, 0.4385, 0.5945,  3.84797,  3.85337,     3.00,  24.85,   0.02, 
  131.298, 0.4378, 0.5949,  3.84760,  3.85299,     3.00,  24.85,   0.02, 
  131.811, 0.4372, 0.5953,  3.84724,  3.85262,     3.00,  24.85,   0.02, 
  132.324, 0.4366, 0.5957,  3.84688,  3.85225,     3.00,  24.85,   0.02, 
  132.837, 0.4359, 0.5960,  3.84653,  3.85189,     3.00,  24.85,   0.02, 
  133.350, 0.4353, 0.5964,  3.84618,  3.85153,     3.00,  24.85,   0.02, 
  133.863, 0.4346, 0.5968,  3.84583,  3.85117,     3.00,  24.85,   0.02, 
  134.376, 0.4340, 0.5972,  3.84549,  3.85082,     3.00,  24.85,   0.02, 
  134.889, 0.4334, 0.5975,  3.84515,  3.85047,     3.00,  24.85,   0.02, 
  135.402, 0.4327, 0.5979,  3.84481,  3.85013,     3.00,  24.85,   0.02, 
  135.915, 0.4321, 0.5983,  3.84448,  3.84979,     3.00,  24.85,   0.02, 
  136.428, 0.4315, 0.5987,  3.84414,  3.84945,     3.00,  24.85,   0.02, 
  136.941, 0.4308, 0.5990,  3.84381,  3.84911,     3.00,  24.85,   0.02, 
  137.454, 0.4302, 0.5994,  3.84348,  3.84878,     3.00,  24.85,   0.02, 
  137.967, 0.4295, 0.5998,  3.84315,  3.84844,     3.00,  24.85,   0.02, 
  138.480, 0.4289, 0.6002,  3.84282,  3.84811,     3.00,  24.85,   0.02, 
  138.993, 0.4283, 0.6005,  3.84249,  3.84778,     3.00,  24.85,   0.02, 
  139.506, 0.4276, 0.6009,  3.84217,  3.84745,     3.00,  24.85,   0.02, 
  140.019, 0.4270, 0.6013,  3.84184,  3.84713,     3.00,  24.85,   0.02, 
  140.532, 0.4263, 0.6016,  3.84152,  3.84680,     3.00,  24.85,   0.02, 
  141.045, 0.4257, 0.6020,  3.84119,  3.84647,     3.00,  24.85,   0.02, 
  141.558, 0.4251, 0.6024,  3.84087,  3.84615,     3.00,  24.85,   0.02, 
  142.071, 0.4244, 0.6028,  3.84055,  3.84582,     3.00,  24.85,   0.02, 
  142.584, 0.4238, 0.6031,  3.84022,  3.84550,     3.00,  24.85,   0.02, 
  143.097, 0.4232, 0.6035,  3.83990,  3.84518,     3.00,  24.85,   0.02, 
  143.610, 0.4225, 0.6039,  3.83958,  3.84485,     3.00,  24.85,   0.02, 
  144.123, 0.4219, 0.6043,  3.83925,  3.84453,     3.00,  24.85,   0.02, 
  144.636, 0.4212, 0.6046,  3.83893,  3.84421,     3.00,  24.85,   0.02, 
  145.149, 0.4206, 0.6050,  3.83860,  3.84388,     3.00,  24.85,   0.02, 
  145.662, 0.4200, 0.6054,  3.83828,  3.84356,     3.00,  24.85,   0.02, 
  146.175, 0.4193, 0.6058,  3.83795,  3.84323,     3.00,  24.85,   0.02, 
  146.688, 0.4187, 0.6061,  3.83762,  3.84291,     3.00,  24.85,   0.02, 
  147.201, 0.4180, 0.6065,  3.83730,  3.84258,     3.00,  24.85,   0.02, 
  147.714, 0.4174, 0.6069,  3.83697,  3.84225,     3.00,  24.85,   0.02, 
  148.227, 0.4168, 0.6073,  3.83664,  3.84193,     3.00,  24.85,   0.02, 
  148.740, 0.4161, 0.6076,  3.83631,  3.84160,     3.00,  24.85,   0.02, 
  149.253, 0.4155, 0.6080,  3.83598,  3.84127,     3.00,  24.85,   0.02, 
  149.766, 0.4149, 0.6084,  3.83564,  3.84094,     3.00,  24.85,   0.02, 
  150.279, 0.4142, 0.6087,  3.83531,  3.84061,     3.00,  24.85,   0.02, 
  150.792, 0.4136, 0.6091,  3.83498,  3.84028,     3.00,  24.85,   0.02, 
  151.305, 0.4129, 0.6095,  3.83464,  3.83994,     3.00,  24.85,   0.02, 
  151.818, 0.4123, 0.6099,  3.83430,  3.83961,     3.00,  24.85,   0.02, 
  152.331, 0.4117, 0.6102,  3.83396,  3.83927,     3.00,  24.85,   0.02, 
  152.844, 0.4110, 0.6106,  3.83362,  3.83893,     3.00,  24.85,   0.02, 
  153.357, 0.4104, 0.6110,  3.83328,  3.83860,     3.00,  24.85,   0.02, 
  153.870, 0.4097, 0.6114,  3.83294,  3.83826,     3.00,  24.85,   0.02, 
  154.383, 0.4091, 0.6117,  3.83259,  3.83791,     3.00,  24.85,   0.02, 
  154.896, 0.4085, 0.6121,  3.83225,  3.83757,     3.00,  24.85,   0.02, 
  155.409, 0.4078, 0.6125,  3.83190,  3.83723,     3.00,  24.85,   0.02, 
  155.922, 0.4072, 0.6129,  3.83155,  3.83688,     3.00,  24.85,   0.02, 
  156.435, 0.4066, 0.6132,  3.83120,  3.83653,     3.00,  24.85,   0.02, 
  156.948, 0.4059, 0.6136,  3.83085,  3.83618,     3.00,  24.85,   0.02, 
  157.461, 0.4053, 0.6140,  3.83050,  3.83583,     3.00,  24.85,   0.02, 
  157.974, 0.4046, 0.6144,  3.83014,  3.83548,     3.00,  24.85,   0.02, 
  158.487, 0.4040, 0.6147,  3.82979,  3.83513,     3.00,  24.85,   0.02, 
  159.000, 0.4034, 0.6151,  3.82943,  3.83477,     3.00,  24.85,   0.02, 
  159.513, 0.4027, 0.6155,  3.82907,  3.83442,     3.00,  24.85,   0.02, 
  160.026, 0.4021, 0.6158,  3.82871,  3.83406,     3.00,  24.85,   0.02, 
  160.539, 0.4014, 0.6162,  3.82835,  3.83370,     3.00,  24.85,   0.02, 
  161.052, 0.4008, 0.6166,  3.82798,  3.83334,     3.00,  24.85,   0.02, 
  161.565, 0.4002, 0.6170,  3.82762,  3.83298,     3.00,  24.85,   0.02, 
  162.078, 0.3995, 0.6173,  3.82725,  3.83261,     3.00,  24.85,   0.02, 
  162.591, 0.3989, 0.6177,  3.82689,  3.83225,     3.00,  24.85,   0.02, 
  163.104, 0.3983, 0.6181,  3.82652,  3.83188,     3.00,  24.85,   0.02, 
  163.617, 0.3976, 0.6185,  3.82614,  3.83151,     3.00,  24.85,   0.02, 
  164.130, 0.3970, 0.6188,  3.82577,  3.83114,     3.00,  24.85,   0.02, 
  164.643, 0.3963, 0.6192,  3.82540,  3.83077,     3.00,  24.85,   0.02, 
  165.156, 0.3957, 0.6196,  3.82502,  3.83039,     3.00,  24.85,   0.02, 
  165.669, 0.3951, 0.6200,  3.82465,  3.83002,     3.00,  24.85,   0.02, 
  166.182, 0.3944, 0.6203,  3.82427,  3.82964,     3.00,  24.85,   0.02, 
  166.695, 0.3938, 0.6207,  3.82389,  3.82926,     3.00,  24.85,   0.02, 
  167.208, 0.3932, 0.6211,  3.82351,  3.82888,     3.00,  24.85,   0.02, 
  167.721, 0.3925, 0.6215,  3.82313,  3.82850,     3.00,  24.85,   0.02, 
  168.234, 0.3919, 0.6218,  3.82274,  3.82812,     3.00,  24.85,   0.02, 
  168.747, 0.3912, 0.6222,  3.82236,  3.82774,     3.00,  24.85,   0.02, 
  169.260, 0.3906, 0.6226,  3.82197,  3.82735,     3.00,  24.85,   0.02, 
  169.773, 0.3900, 0.6229,  3.82159,  3.82697,     3.00,  24.85,   0.02, 
  170.286, 0.3893, 0.6233,  3.82120,  3.82658,     3.00,  24.85,   0.02, 
  170.799, 0.3887, 0.6237,  3.82081,  3.82619,     3.00,  24.85,   0.02, 
  171.312, 0.3880, 0.6241,  3.82042,  3.82580,     3.00,  24.85,   0.02, 
  171.825, 0.3874, 0.6244,  3.82003,  3.82541,     3.00,  24.85,   0.02, 
  172.338, 0.3868, 0.6248,  3.81964,  3.82502,     3.00,  24.85,   0.02, 
  172.851, 0.3861, 0.6252,  3.81925,  3.82462,     3.00,  24.85,   0.02, 
  173.364, 0.3855, 0.6256,  3.81885,  3.82423,     3.00,  24.85,   0.02, 
  173.877, 0.3849, 0.6259,  3.81846,  3.82383,     3.00,  24.85,   0.02, 
  174.390, 0.3842, 0.6263,  3.81806,  3.82343,     3.00,  24.85,   0.02, 
  174.903, 0.3836, 0.6267,  3.81766,  3.82304,     3.00,  24.85,   0.02, 
  175.416, 0.3829, 0.6271,  3.81727,  3.82264,     3.00,  24.85,   0.02, 
  175.929, 0.3823, 0.6274,  3.81687,  3.82224,     3.00,  24.85,   0.02, 
  176.442, 0.3817, 0.6278,  3.81647,  3.82184,     3.00,  24.85,   0.02, 
  176.955, 0.3810, 0.6282,  3.81607,  3.82143,     3.00,  24.85,   0.02, 
  177.468, 0.3804, 0.6286,  3.81567,  3.82103,     3.00,  24.85,   0.02, 
  177.981, 0.3797, 0.6289,  3.81527,  3.82063,     3.00,  24.85,   0.02, 
  178.494, 0.3791, 0.6293,  3.81487,  3.82022,     3.00,  24.85,   0.02, 
  179.007, 0.3785, 0.6297,  3.81446,  3.81982,     3.00,  24.85,   0.02, 
  179.520, 0.3778, 0.6300,  3.81406,  3.81941,     3.00,  24.85,   0.02, 
  180.033, 0.3772, 0.6304,  3.81366,  3.81900,     3.00,  24.85,   0.02, 
  180.546, 0.3766, 0.6308,  3.81325,  3.81859,     3.00,  24.85,   0.02, 
  181.059, 0.3759, 0.6312,  3.81285,  3.81819,     3.00,  24.85,   0.02, 
  181.572, 0.3753, 0.6315,  3.81245,  3.81778,     3.00,  24.85,   0.02, 
  182.085, 0.3746, 0.6319,  3.81204,  3.81737,     3.00,  24.85,   0.02, 
  182.598, 0.3740, 0.6323,  3.81164,  3.81696,     3.00,  24.85,   0.02, 
  183.111, 0.3734, 0.6327,  3.81123,  3.81654,     3.00,  24.85,   0.02, 
  183.624, 0.3727, 0.6330,  3.81083,  3.81613,     3.00,  24.85,   0.02, 
  184.137, 0.3721, 0.6334,  3.81042,  3.81572,     3.00,  24.85,   0.02, 
  184.650, 0.3714, 0.6338,  3.81002,  3.81531,     3.00,  24.85,   0.02, 
  185.163, 0.3708, 0.6342,  3.80961,  3.81489,     3.00,  24.85,   0.02, 
  185.676, 0.3702, 0.6345,  3.80921,  3.81448,     3.00,  24.85,   0.02, 
  186.189, 0.3695, 0.6349,  3.80880,  3.81406,     3.00,  24.85,   0.02, 
  186.702, 0.3689, 0.6353,  3.80840,  3.81365,     3.00,  24.85,   0.02, 
  187.215, 0.3683, 0.6357,  3.80799,  3.81323,     3.00,  24.85,   0.02, 
  187.728, 0.3676, 0.6360,  3.80759,  3.81282,     3.00,  24.85,   0.02, 
  188.241, 0.3670, 0.6364,  3.80718,  3.81240,     3.00,  24.85,   0.02, 
  188.754, 0.3663, 0.6368,  3.80677,  3.81199,     3.00,  24.85,   0.02, 
  189.267, 0.3657, 0.6371,  3.80637,  3.81157,     3.00,  24.85,   0.02, 
  189.780, 0.3651, 0.6375,  3.80596,  3.81116,     3.00,  24.85,   0.02, 
  190.293, 0.3644, 0.6379,  3.80555,  3.81074,     3.00,  24.85,   0.02, 
  190.806, 0.3638, 0.6383,  3.80514,  3.81032,     3.00,  24.85,   0.02, 
  191.319, 0.3631, 0.6386,  3.80473,  3.80990,     3.00,  24.85,   0.02, 
  191.832, 0.3625, 0.6390,  3.80432,  3.80949,     3.00,  24.85,   0.02, 
  192.345, 0.3619, 0.6394,  3.80391,  3.80907,     3.00,  24.85,   0.02, 
  192.858, 0.3612, 0.6398,  3.80350,  3.80865,     3.00,  24.85,   0.02, 
  193.371, 0.3606, 0.6401,  3.80309,  3.80824,     3.00,  24.85,   0.02, 
  193.884, 0.3600, 0.6405,  3.80267,  3.80782,     3.00,  24.85,   0.02, 
  194.397, 0.3593, 0.6409,  3.80226,  3.80740,     3.00,  24.85,   0.02, 
  194.910, 0.3587, 0.6413,  3.80184,  3.80699,     3.00,  24.85,   0.02, 
  195.423, 0.3580, 0.6416,  3.80143,  3.80657,     3.00,  24.85,   0.02, 
  195.936, 0.3574, 0.6420,  3.80101,  3.80615,     3.00,  24.85,   0.02, 
  196.449, 0.3568, 0.6424,  3.80060,  3.80574,     3.00,  24.85,   0.02, 
  196.962, 0.3561, 0.6428,  3.80018,  3.80532,     3.00,  24.85,   0.02, 
  197.475, 0.3555, 0.6431,  3.79977,  3.80490,     3.00,  24.85,   0.02, 
  197.988, 0.3548, 0.6435,  3.79935,  3.80449,     3.00,  24.85,   0.02, 
  198.501, 0.3542, 0.6439,  3.79893,  3.80407,     3.00,  24.85,   0.02, 
  199.014, 0.3536, 0.6442,  3.79851,  3.80365,     3.00,  24.85,   0.02, 
  199.527, 0.3529, 0.6446,  3.79810,  3.80324,     3.00,  24.85,   0.02, 
  200.040, 0.3523, 0.6450,  3.79768,  3.80282,     3.00,  24.85,   0.02, 
  200.553, 0.3517, 0.6454,  3.79726,  3.80241,     3.00,  24.85,   0.02, 
  201.066, 0.3510, 0.6457,  3.79684,  3.80199,     3.00,  24.85,   0.02, 
  201.579, 0.3504, 0.6461,  3.79642,  3.80158,     3.00,  24.85,   0.02, 
  202.092, 0.3497, 0.6465,  3.79600,  3.80117,     3.00,  24.85,   0.02, 
  202.605, 0.3491, 0.6469,  3.79558,  3.80075,     3.00,  24.85,   0.02, 
  203.118, 0.3485, 0.6472,  3.79517,  3.80034,     3.00,  24.85,   0.02, 
  203.631, 0.3478, 0.6476,  3.79475,  3.79993,     3.00,  24.85,   0.02, 
  204.144, 0.3472, 0.6480,  3.79433,  3.79952,     3.00,  24.85,   0.02, 
  204.657, 0.3465, 0.6484,  3.79391,  3.79910,     3.00,  24.85,   0.02, 
  205.170, 0.3459, 0.6487,  3.79349,  3.79869,     3.00,  24.85,   0.02, 
  205.683, 0.3453, 0.6491,  3.79307,  3.79828,     3.00,  24.85,   0.02, 
  206.196, 0.3446, 0.6495,  3.79265,  3.79787,     3.00,  24.85,   0.02, 
  206.709, 0.3440, 0.6499,  3.79224,  3.79746,     3.00,  24.85,   0.02, 
  207.222, 0.3434, 0.6502,  3.79182,  3.79705,     3.00,  24.85,   0.02, 
  207.735, 0.3427, 0.6506,  3.79140,  3.79665,     3.00,  24.85,   0.02, 
  208.248, 0.3421, 0.6510,  3.79098,  3.79624,     3.00,  24.85,   0.02, 
  208.761, 0.3414, 0.6513,  3.79056,  3.79583,     3.00,  24.85,   0.02, 
  209.274, 0.3408, 0.6517,  3.79015,  3.79542,     3.00,  24.85,   0.02, 
  209.787, 0.3402, 0.6521,  3.78973,  3.79502,     3.00,  24.85,   0.02, 
  210.300, 0.3395, 0.6525,  3.78931,  3.79461,     3.00,  24.85,   0.02, 
  210.813, 0.3389, 0.6528,  3.78889,  3.79421,     3.00,  24.85,   0.02, 
  211.326, 0.3382, 0.6532,  3.78848,  3.79380,     3.00,  24.85,   0.02, 
  211.839, 0.3376, 0.6536,  3.78806,  3.79340,     3.00,  24.85,   0.02, 
  212.352, 0.3370, 0.6540,  3.78765,  3.79300,     3.00,  24.85,   0.02, 
  212.865, 0.3363, 0.6543,  3.78723,  3.79259,     3.00,  24.85,   0.02, 
  213.378, 0.3357, 0.6547,  3.78682,  3.79219,     3.00,  24.85,   0.02, 
  213.891, 0.3351, 0.6551,  3.78640,  3.79179,     3.00,  24.85,   0.02, 
  214.404, 0.3344, 0.6555,  3.78599,  3.79139,     3.00,  24.85,   0.02, 
  214.917, 0.3338, 0.6558,  3.78557,  3.79099,     3.00,  24.85,   0.02, 
  215.430, 0.3331, 0.6562,  3.78516,  3.79059,     3.00,  24.85,   0.02, 
  215.943, 0.3325, 0.6566,  3.78475,  3.79020,     3.00,  24.85,   0.02, 
  216.456, 0.3319, 0.6570,  3.78433,  3.78980,     3.00,  24.85,   0.02, 
  216.969, 0.3312, 0.6573,  3.78392,  3.78940,     3.00,  24.85,   0.02, 
  217.482, 0.3306, 0.6577,  3.78351,  3.78901,     3.00,  24.85,   0.02, 
  217.995, 0.3299, 0.6581,  3.78310,  3.78861,     3.00,  24.85,   0.02, 
  218.508, 0.3293, 0.6584,  3.78269,  3.78822,     3.00,  24.85,   0.02, 
  219.021, 0.3287, 0.6588,  3.78228,  3.78782,     3.00,  24.85,   0.02, 
  219.534, 0.3280, 0.6592,  3.78187,  3.78743,     3.00,  24.85,   0.02, 
  220.047, 0.3274, 0.6596,  3.78146,  3.78704,     3.00,  24.85,   0.02, 
  220.560, 0.3268, 0.6599,  3.78105,  3.78665,     3.00,  24.85,   0.02, 
  221.073, 0.3261, 0.6603,  3.78064,  3.78626,     3.00,  24.85,   0.02, 
  221.586, 0.3255, 0.6607,  3.78024,  3.78587,     3.00,  24.85,   0.02, 
  222.099, 0.3248, 0.6611,  3.77983,  3.78548,     3.00,  24.85,   0.02, 
  222.612, 0.3242, 0.6614,  3.77942,  3.78509,     3.00,  24.85,   0.02, 
  223.125, 0.3236, 0.6618,  3.77902,  3.78470,     3.00,  24.85,   0.02, 
  223.638, 0.3229, 0.6622,  3.77861,  3.78431,     3.00,  24.85,   0.02, 
  224.151, 0.3223, 0.6626,  3.77821,  3.78393,     3.00,  24.85,   0.02, 
  224.664, 0.3216, 0.6629,  3.77781,  3.78354,     3.00,  24.85,   0.02, 
  225.177, 0.3210, 0.6633,  3.77740,  3.78315,     3.00,  24.85,   0.02, 
  225.690, 0.3204, 0.6637,  3.77700,  3.78277,     3.00,  24.85,   0.02, 
  226.203, 0.3197, 0.6641,  3.77660,  3.78239,     3.00,  24.85,   0.02, 
  226.716, 0.3191, 0.6644,  3.77620,  3.78200,     3.00,  24.85,   0.02, 
  227.229, 0.3185, 0.6648,  3.77580,  3.78162,     3.00,  24.85,   0.02, 
  227.742, 0.3178, 0.6652,  3.77540,  3.78124,     3.00,  24.85,   0.02, 
  228.255, 0.3172, 0.6655,  3.77500,  3.78086,     3.00,  24.85,   0.02, 
  228.768, 0.3165, 0.6659,  3.77460,  3.78048,     3.00,  24.85,   0.02, 
  229.281, 0.3159, 0.6663,  3.77421,  3.78009,     3.00,  24.85,   0.02, 
  229.794, 0.3153, 0.6667,  3.77381,  3.77972,     3.00,  24.85,   0.02, 
  230.307, 0.3146, 0.6670,  3.77342,  3.77934,     3.00,  24.85,   0.02, 
  230.820, 0.3140, 0.6674,  3.77302,  3.77896,     3.00,  24.85,   0.02, 
  231.333, 0.3133, 0.6678,  3.77263,  3.77858,     3.00,  24.85,   0.02, 
  231.846, 0.3127, 0.6682,  3.77223,  3.77820,     3.00,  24.85,   0.02, 
  232.359, 0.3121, 0.6685,  3.77184,  3.77783,     3.00,  24.85,   0.02, 
  232.872, 0.3114, 0.6689,  3.77145,  3.77745,     3.00,  24.85,   0.02, 
  233.385, 0.3108, 0.6693,  3.77106,  3.77707,     3.00,  24.85,   0.02, 
  233.898, 0.3102, 0.6697,  3.77067,  3.77670,     3.00,  24.85,   0.02, 
  234.411, 0.3095, 0.6700,  3.77028,  3.77632,     3.00,  24.85,   0.02, 
  234.924, 0.3089, 0.6704,  3.76989,  3.77595,     3.00,  24.85,   0.02, 
  235.437, 0.3082, 0.6708,  3.76950,  3.77557,     3.00,  24.85,   0.02, 
  235.950, 0.3076, 0.6712,  3.76912,  3.77520,     3.00,  24.85,   0.02, 
  236.463, 0.3070, 0.6715,  3.76873,  3.77483,     3.00,  24.85,   0.02, 
  236.976, 0.3063, 0.6719,  3.76835,  3.77445,     3.00,  24.85,   0.02, 
  237.489, 0.3057, 0.6723,  3.76796,  3.77408,     3.00,  24.85,   0.02, 
  238.002, 0.3050, 0.6726,  3.76758,  3.77371,     3.00,  24.85,   0.02, 
  238.515, 0.3044, 0.6730,  3.76720,  3.77334,     3.00,  24.85,   0.02, 
  239.028, 0.3038, 0.6734,  3.76682,  3.77296,     3.00,  24.85,   0.02, 
  239.541, 0.3031, 0.6738,  3.76643,  3.77259,     3.00,  24.85,   0.02, 
  240.054, 0.3025, 0.6741,  3.76606,  3.77222,     3.00,  24.85,   0.02, 
  240.567, 0.3019, 0.6745,  3.76568,  3.77185,     3.00,  24.85,   0.02, 
  241.080, 0.3012, 0.6749,  3.76530,  3.77148,     3.00,  24.85,   0.02, 
  241.593, 0.3006, 0.6753,  3.76492,  3.77111,     3.00,  24.85,   0.02, 
  242.106, 0.2999, 0.6756,  3.76455,  3.77074,     3.00,  24.85,   0.02, 
  242.619, 0.2993, 0.6760,  3.76417,  3.77036,     3.00,  24.85,   0.02, 
  243.132, 0.2987, 0.6764,  3.76380,  3.76999,     3.00,  24.85,   0.02, 
  243.645, 0.2980, 0.6768,  3.76342,  3.76962,     3.00,  24.85,   0.02, 
  244.158, 0.2974, 0.6771,  3.76305,  3.76925,     3.00,  24.85,   0.02, 
  244.671, 0.2967, 0.6775,  3.76268,  3.76888,     3.00,  24.85,   0.02, 
  245.184, 0.2961, 0.6779,  3.76231,  3.76851,     3.00,  24.85,   0.02, 
  245.697, 0.2955, 0.6783,  3.76194,  3.76814,     3.00,  24.85,   0.02, 
  246.210, 0.2948, 0.6786,  3.76157,  3.76777,     3.00,  24.85,   0.02, 
  246.723, 0.2942, 0.6790,  3.76120,  3.76740,     3.00,  24.85,   0.02, 
  247.236, 0.2936, 0.6794,  3.76083,  3.76703,     3.00,  24.85,   0.02, 
  247.749, 0.2929, 0.6797,  3.76046,  3.76665,     3.00,  24.85,   0.02, 
  248.262, 0.2923, 0.6801,  3.76010,  3.76628,     3.00,  24.85,   0.02, 
  248.775, 0.2916, 0.6805,  3.75973,  3.76591,     3.00,  24.85,   0.02, 
  249.288, 0.2910, 0.6809,  3.75937,  3.76554,     3.00,  24.85,   0.02, 
  249.801, 0.2904, 0.6812,  3.75900,  3.76517,     3.00,  24.85,   0.02, 
  250.314, 0.2897, 0.6816,  3.75864,  3.76479,     3.00,  24.85,   0.02, 
  250.827, 0.2891, 0.6820,  3.75827,  3.76442,     3.00,  24.85,   0.02, 
  251.340, 0.2884, 0.6824,  3.75791,  3.76405,     3.00,  24.85,   0.02, 
  251.853, 0.2878, 0.6827,  3.75755,  3.76367,     3.00,  24.85,   0.02, 
  252.366, 0.2872, 0.6831,  3.75718,  3.76330,     3.00,  24.85,   0.02, 
  252.879, 0.2865, 0.6835,  3.75682,  3.76292,     3.00,  24.85,   0.02, 
  253.392, 0.2859, 0.6839,  3.75645,  3.76255,     3.00,  24.85,   0.02, 
  253.905, 0.2853, 0.6842,  3.75609,  3.76217,     3.00,  24.85,   0.02, 
  254.418, 0.2846, 0.6846,  3.75572,  3.76180,     3.00,  24.85,   0.02, 
  254.931, 0.2840, 0.6850,  3.75536,  3.76142,     3.00,  24.85,   0.02, 
  255.444, 0.2833, 0.6854,  3.75499,  3.76104,     3.00,  24.85,   0.02, 
  255.957, 0.2827, 0.6857,  3.75462,  3.76066,     3.00,  24.85,   0.02, 
  256.470, 0.2821, 0.6861,  3.75425,  3.76028,     3.00,  24.85,   0.02, 
  256.983, 0.2814, 0.6865,  3.75388,  3.75991,     3.00,  24.85,   0.02, 
  257.496, 0.2808, 0.6868,  3.75351,  3.75952,     3.00,  24.85,   0.02, 
  258.009, 0.2801, 0.6872,  3.75314,  3.75914,     3.00,  24.85,   0.02, 
  258.522, 0.2795, 0.6876,  3.75276,  3.75876,     3.00,  24.85,   0.02, 
  259.035, 0.2789, 0.6880,  3.75239,  3.75838,     3.00,  24.85,   0.02, 
  259.548, 0.2782, 0.6883,  3.75201,  3.75800,     3.00,  24.85,   0.02, 
  260.061, 0.2776, 0.6887,  3.75163,  3.75761,     3.00,  24.85,   0.02, 
  260.574, 0.2770, 0.6891,  3.75125,  3.75723,     3.00,  24.85,   0.02, 
  261.087, 0.2763, 0.6895,  3.75087,  3.75684,     3.00,  24.85,   0.02, 
  261.600, 0.2757, 0.6898,  3.75048,  3.75645,     3.00,  24.85,   0.02, 
  262.113, 0.2750, 0.6902,  3.75010,  3.75606,     3.00,  24.85,   0.02, 
  262.626, 0.2744, 0.6906,  3.74971,  3.75568,     3.00,  24.85,   0.02, 
  263.139, 0.2738, 0.6910,  3.74932,  3.75529,     3.00,  24.85,   0.02, 
  263.652, 0.2731, 0.6913,  3.74893,  3.75489,     3.00,  24.85,   0.02, 
  264.165, 0.2725, 0.6917,  3.74853,  3.75450,     3.00,  24.85,   0.02, 
  264.678, 0.2718, 0.6921,  3.74814,  3.75411,     3.00,  24.85,   0.02, 
  265.191, 0.2712, 0.6925,  3.74774,  3.75371,     3.00,  24.85,   0.02, 
  265.704, 0.2706, 0.6928,  3.74734,  3.75332,     3.00,  24.85,   0.02, 
  266.217, 0.2699, 0.6932,  3.74695,  3.75292,     3.00,  24.85,   0.02, 
  266.730, 0.2693, 0.6936,  3.74654,  3.75252,     3.00,  24.85,   0.02, 
  267.243, 0.2687, 0.6939,  3.74614,  3.75212,     3.00,  24.85,   0.02, 
  267.756, 0.2680, 0.6943,  3.74573,  3.75172,     3.00,  24.85,   0.02, 
  268.269, 0.2674, 0.6947,  3.74533,  3.75132,     3.00,  24.85,   0.02, 
  268.782, 0.2667, 0.6951,  3.74492,  3.75092,     3.00,  24.85,   0.02, 
  269.295, 0.2661, 0.6954,  3.74451,  3.75051,     3.00,  24.85,   0.02, 
  269.808, 0.2655, 0.6958,  3.74410,  3.75011,     3.00,  24.85,   0.02, 
  270.321, 0.2648, 0.6962,  3.74368,  3.74970,     3.00,  24.85,   0.02, 
  270.834, 0.2642, 0.6966,  3.74327,  3.74929,     3.00,  24.85,   0.02, 
  271.347, 0.2635, 0.6969,  3.74285,  3.74888,     3.00,  24.85,   0.02, 
  271.860, 0.2629, 0.6973,  3.74243,  3.74847,     3.00,  24.85,   0.02, 
  272.373, 0.2623, 0.6977,  3.74201,  3.74806,     3.00,  24.85,   0.02, 
  272.886, 0.2616, 0.6981,  3.74159,  3.74765,     3.00,  24.85,   0.02, 
  273.398, 0.2610, 0.6984,  3.74116,  3.74723,     3.00,  24.85,   0.02, 
  273.911, 0.2604, 0.6988,  3.74074,  3.74681,     3.00,  24.85,   0.02, 
  274.424, 0.2597, 0.6992,  3.74031,  3.74640,     3.00,  24.85,   0.02, 
  274.937, 0.2591, 0.6996,  3.73988,  3.74598,     3.00,  24.85,   0.02, 
  275.450, 0.2584, 0.6999,  3.73945,  3.74555,     3.00,  24.85,   0.02, 
  275.963, 0.2578, 0.7003,  3.73901,  3.74513,     3.00,  24.85,   0.02, 
  276.476, 0.2572, 0.7007,  3.73858,  3.74471,     3.00,  24.85,   0.02, 
  276.989, 0.2565, 0.7011,  3.73814,  3.74428,     3.00,  24.85,   0.02, 
  277.502, 0.2559, 0.7014,  3.73770,  3.74385,     3.00,  24.85,   0.02, 
  278.015, 0.2552, 0.7018,  3.73726,  3.74342,     3.00,  24.85,   0.02, 
  278.528, 0.2546, 0.7022,  3.73682,  3.74299,     3.00,  24.85,   0.02, 
  279.041, 0.2540, 0.7025,  3.73638,  3.74256,     3.00,  24.85,   0.02, 
  279.554, 0.2533, 0.7029,  3.73593,  3.74213,     3.00,  24.85,   0.02, 
  280.067, 0.2527, 0.7033,  3.73548,  3.74169,     3.00,  24.85,   0.02, 
  280.580, 0.2521, 0.7037,  3.73503,  3.74126,     3.00,  24.85,   0.02, 
  281.093, 0.2514, 0.7040,  3.73458,  3.74082,     3.00,  24.85,   0.02, 
  281.606, 0.2508, 0.7044,  3.73413,  3.74038,     3.00,  24.85,   0.02, 
  282.119, 0.2501, 0.7048,  3.73368,  3.73993,     3.00,  24.85,   0.02, 
  282.632, 0.2495, 0.7052,  3.73322,  3.73949,     3.00,  24.85,   0.02, 
  283.145, 0.2489, 0.7055,  3.73276,  3.73905,     3.00,  24.85,   0.02, 
  283.658, 0.2482, 0.7059,  3.73230,  3.73860,     3.00,  24.85,   0.02, 
  284.171, 0.2476, 0.7063,  3.73184,  3.73815,     3.00,  24.85,   0.02, 
  284.684, 0.2469, 0.7067,  3.73138,  3.73770,     3.00,  24.85,   0.02, 
  285.197, 0.2463, 0.7070,  3.73091,  3.73725,     3.00,  24.85,   0.02, 
  285.710, 0.2457, 0.7074,  3.73045,  3.73679,     3.00,  24.85,   0.02, 
  286.223, 0.2450, 0.7078,  3.72998,  3.73634,     3.00,  24.85,   0.02, 
  286.736, 0.2444, 0.7082,  3.72951,  3.73588,     3.00,  24.85,   0.02, 
  287.249, 0.2438, 0.7085,  3.72904,  3.73542,     3.00,  24.85,   0.02, 
  287.762, 0.2431, 0.7089,  3.72856,  3.73496,     3.00,  24.85,   0.02, 
  288.275, 0.2425, 0.7093,  3.72809,  3.73450,     3.00,  24.85,   0.02, 
  288.788, 0.2418, 0.7096,  3.72761,  3.73404,     3.00,  24.85,   0.02, 
  289.301, 0.2412, 0.7100,  3.72713,  3.73357,     3.00,  24.85,   0.02, 
  289.814, 0.2406, 0.7104,  3.72665,  3.73310,     3.00,  24.85,   0.02, 
  290.327, 0.2399, 0.7108,  3.72617,  3.73264,     3.00,  24.85,   0.02, 
  290.840, 0.2393, 0.7111,  3.72569,  3.73216,     3.00,  24.85,   0.02, 
  291.353, 0.2386, 0.7115,  3.72521,  3.73169,     3.00,  24.85,   0.02, 
  291.866, 0.2380, 0.7119,  3.72472,  3.73122,     3.00,  24.85,   0.02, 
  292.379, 0.2374, 0.7123,  3.72423,  3.73074,     3.00,  24.85,   0.02, 
  292.892, 0.2367, 0.7126,  3.72374,  3.73027,     3.00,  24.85,   0.02, 
  293.405, 0.2361, 0.7130,  3.72325,  3.72979,     3.00,  24.85,   0.02, 
  293.918, 0.2355, 0.7134,  3.72276,  3.72931,     3.00,  24.85,   0.02, 
  294.431, 0.2348, 0.7138,  3.72226,  3.72883,     3.00,  24.85,   0.02, 
  294.944, 0.2342, 0.7141,  3.72177,  3.72834,     3.00,  24.85,   0.02, 
  295.457, 0.2335, 0.7145,  3.72127,  3.72786,     3.00,  24.85,   0.02, 
  295.970, 0.2329, 0.7149,  3.72077,  3.72737,     3.00,  24.85,   0.02, 
  296.483, 0.2323, 0.7153,  3.72027,  3.72688,     3.00,  24.85,   0.02, 
  296.996, 0.2316, 0.7156,  3.71977,  3.72639,     3.00,  24.85,   0.02, 
  297.509, 0.2310, 0.7160,  3.71926,  3.72590,     3.00,  24.85,   0.02, 
  298.022, 0.2303, 0.7164,  3.71876,  3.72541,     3.00,  24.85,   0.02, 
  298.535, 0.2297, 0.7167,  3.71825,  3.72492,     3.00,  24.85,   0.02, 
  299.048, 0.2291, 0.7171,  3.71774,  3.72442,     3.00,  24.85,   0.02, 
  299.561, 0.2284, 0.7175,  3.71723,  3.72392,     3.00,  24.85,   0.02, 
  300.074, 0.2278, 0.7179,  3.71672,  3.72342,     3.00,  24.85,   0.02, 
  300.587, 0.2272, 0.7182,  3.71621,  3.72292,     3.00,  24.85,   0.02, 
  301.100, 0.2265, 0.7186,  3.71570,  3.72242,     3.00,  24.85,   0.02, 
  301.613, 0.2259, 0.7190,  3.71518,  3.72192,     3.00,  24.85,   0.02, 
  302.126, 0.2252, 0.7194,  3.71466,  3.72141,     3.00,  24.85,   0.02, 
  302.639, 0.2246, 0.7197,  3.71415,  3.72091,     3.00,  24.85,   0.02, 
  303.152, 0.2240, 0.7201,  3.71363,  3.72040,     3.00,  24.85,   0.02, 
  303.665, 0.2233, 0.7205,  3.71311,  3.71989,     3.00,  24.85,   0.02, 
  304.178, 0.2227, 0.7209,  3.71259,  3.71938,     3.00,  24.85,   0.02, 
  304.691, 0.2220, 0.7212,  3.71206,  3.71887,     3.00,  24.85,   0.02, 
  305.204, 0.2214, 0.7216,  3.71154,  3.71836,     3.00,  24.85,   0.02, 
  305.717, 0.2208, 0.7220,  3.71101,  3.71784,     3.00,  24.85,   0.02, 
  306.230, 0.2201, 0.7224,  3.71049,  3.71733,     3.00,  24.85,   0.02, 
  306.743, 0.2195, 0.7227,  3.70996,  3.71681,     3.00,  24.85,   0.02, 
  307.256, 0.2189, 0.7231,  3.70943,  3.71629,     3.00,  24.85,   0.02, 
  307.769, 0.2182, 0.7235,  3.70890,  3.71577,     3.00,  24.85,   0.02, 
  308.282, 0.2176, 0.7238,  3.70837,  3.71525,     3.00,  24.85,   0.02, 
  308.795, 0.2169, 0.7242,  3.70784,  3.71473,     3.00,  24.85,   0.02, 
  309.308, 0.2163, 0.7246,  3.70731,  3.71421,     3.00,  24.85,   0.02, 
  309.821, 0.2157, 0.7250,  3.70677,  3.71368,     3.00,  24.85,   0.02, 
  310.334, 0.2150, 0.7253,  3.70624,  3.71316,     3.00,  24.85,   0.02, 
  310.847, 0.2144, 0.7257,  3.70570,  3.71263,     3.00,  24.85,   0.02, 
  311.360, 0.2137, 0.7261,  3.70516,  3.71211,     3.00,  24.85,   0.02, 
  311.873, 0.2131, 0.7265,  3.70463,  3.71158,     3.00,  24.85,   0.02, 
  312.386, 0.2125, 0.7268,  3.70409,  3.71105,     3.00,  24.85,   0.02, 
  312.899, 0.2118, 0.7272,  3.70355,  3.71052,     3.00,  24.85,   0.02, 
  313.412, 0.2112, 0.7276,  3.70301,  3.70999,     3.00,  24.85,   0.02, 
  313.925, 0.2106, 0.7280,  3.70247,  3.70945,     3.00,  24.85,   0.02, 
  314.438, 0.2099, 0.7283,  3.70192,  3.70892,     3.00,  24.85,   0.02, 
  314.951, 0.2093, 0.7287,  3.70138,  3.70839,     3.00,  24.85,   0.02, 
  315.464, 0.2086, 0.7291,  3.70084,  3.70785,     3.00,  24.85,   0.02, 
  315.977, 0.2080, 0.7295,  3.70029,  3.70732,     3.00,  24.85,   0.02, 
  316.490, 0.2074, 0.7298,  3.69975,  3.70678,     3.00,  24.85,   0.02, 
  317.003, 0.2067, 0.7302,  3.69920,  3.70624,     3.00,  24.85,   0.02, 
  317.516, 0.2061, 0.7306,  3.69865,  3.70570,     3.00,  24.85,   0.02, 
  318.029, 0.2054, 0.7309,  3.69811,  3.70516,     3.00,  24.85,   0.02, 
  318.542, 0.2048, 0.7313,  3.69756,  3.70462,     3.00,  24.85,   0.02, 
  319.055, 0.2042, 0.7317,  3.69701,  3.70408,     3.00,  24.85,   0.02, 
  319.568, 0.2035, 0.7321,  3.69646,  3.70354,     3.00,  24.85,   0.02, 
  320.081, 0.2029, 0.7324,  3.69591,  3.70300,     3.00,  24.85,   0.02, 
  320.594, 0.2023, 0.7328,  3.69536,  3.70246,     3.00,  24.85,   0.02, 
  321.107, 0.2016, 0.7332,  3.69481,  3.70191,     3.00,  24.85,   0.02, 
  321.620, 0.2010, 0.7336,  3.69426,  3.70137,     3.00,  24.85,   0.02, 
  322.133, 0.2003, 0.7339,  3.69371,  3.70082,     3.00,  24.85,   0.02, 
  322.646, 0.1997, 0.7343,  3.69316,  3.70028,     3.00,  24.85,   0.02, 
  323.159, 0.1991, 0.7347,  3.69261,  3.69973,     3.00,  24.85,   0.02, 
  323.672, 0.1984, 0.7351,  3.69205,  3.69919,     3.00,  24.85,   0.02, 
  324.185, 0.1978, 0.7354,  3.69150,  3.69864,     3.00,  24.85,   0.02, 
  324.698, 0.1971, 0.7358,  3.69095,  3.69809,     3.00,  24.85,   0.02, 
  325.211, 0.1965, 0.7362,  3.69039,  3.69754,     3.00,  24.85,   0.02, 
  325.724, 0.1959, 0.7366,  3.68984,  3.69700,     3.00,  24.85,   0.02, 
  326.237, 0.1952, 0.7369,  3.68928,  3.69645,     3.00,  24.85,   0.02, 
  326.750, 0.1946, 0.7373,  3.68873,  3.69590,     3.00,  24.85,   0.02, 
  327.263, 0.1940, 0.7377,  3.68818,  3.69535,     3.00,  24.85,   0.02, 
  327.776, 0.1933, 0.7380,  3.68762,  3.69480,     3.00,  24.85,   0.02, 
  328.289, 0.1927, 0.7384,  3.68707,  3.69425,     3.00,  24.85,   0.02, 
  328.802, 0.1920, 0.7388,  3.68651,  3.69370,     3.00,  24.85,   0.02, 
  329.315, 0.1914, 0.7392,  3.68595,  3.69315,     3.00,  24.85,   0.02, 
  329.828, 0.1908, 0.7395,  3.68540,  3.69260,     3.00,  24.85,   0.02, 
  330.341, 0.1901, 0.7399,  3.68484,  3.69205,     3.00,  24.85,   0.02, 
  330.854, 0.1895, 0.7403,  3.68429,  3.69150,     3.00,  24.85,   0.02, 
  331.367, 0.1888, 0.7407,  3.68373,  3.69095,     3.00,  24.85,   0.02, 
  331.880, 0.1882, 0.7410,  3.68318,  3.69039,     3.00,  24.85,   0.02, 
  332.393, 0.1876, 0.7414,  3.68262,  3.68984,     3.00,  24.85,   0.02, 
  332.906, 0.1869, 0.7418,  3.68207,  3.68929,     3.00,  24.85,   0.02, 
  333.419, 0.1863, 0.7422,  3.68151,  3.68874,     3.00,  24.85,   0.02, 
  333.932, 0.1857, 0.7425,  3.68096,  3.68819,     3.00,  24.85,   0.02, 
  334.445, 0.1850, 0.7429,  3.68040,  3.68764,     3.00,  24.85,   0.02, 
  334.958, 0.1844, 0.7433,  3.67984,  3.68709,     3.00,  24.85,   0.02, 
  335.471, 0.1837, 0.7437,  3.67929,  3.68653,     3.00,  24.85,   0.02, 
  335.984, 0.1831, 0.7440,  3.67873,  3.68598,     3.00,  24.85,   0.02, 
  336.497, 0.1825, 0.7444,  3.67818,  3.68543,     3.00,  24.85,   0.02, 
  337.010, 0.1818, 0.7448,  3.67762,  3.68488,     3.00,  24.85,   0.02, 
  337.523, 0.1812, 0.7451,  3.67707,  3.68433,     3.00,  24.85,   0.02, 
  338.036, 0.1806, 0.7455,  3.67652,  3.68378,     3.00,  24.85,   0.02, 
  338.549, 0.1799, 0.7459,  3.67596,  3.68323,     3.00,  24.85,   0.02, 
  339.062, 0.1793, 0.7463,  3.67541,  3.68267,     3.00,  24.85,   0.02, 
  339.575, 0.1786, 0.7466,  3.67485,  3.68212,     3.00,  24.85,   0.02, 
  340.088, 0.1780, 0.7470,  3.67430,  3.68157,     3.00,  24.85,   0.02, 
  340.601, 0.1774, 0.7474,  3.67375,  3.68102,     3.00,  24.85,   0.02, 
  341.114, 0.1767, 0.7478,  3.67319,  3.68047,     3.00,  24.85,   0.02, 
  341.627, 0.1761, 0.7481,  3.67264,  3.67992,     3.00,  24.85,   0.02, 
  342.140, 0.1754, 0.7485,  3.67209,  3.67937,     3.00,  24.85,   0.02, 
  342.653, 0.1748, 0.7489,  3.67153,  3.67882,     3.00,  24.85,   0.02, 
  343.166, 0.1742, 0.7493,  3.67098,  3.67827,     3.00,  24.85,   0.02, 
  343.679, 0.1735, 0.7496,  3.67043,  3.67772,     3.00,  24.85,   0.02, 
  344.192, 0.1729, 0.7500,  3.66988,  3.67717,     3.00,  24.85,   0.02, 
  344.705, 0.1723, 0.7504,  3.66932,  3.67662,     3.00,  24.85,   0.02, 
  345.218, 0.1716, 0.7508,  3.66877,  3.67607,     3.00,  24.85,   0.02, 
  345.731, 0.1710, 0.7511,  3.66822,  3.67552,     3.00,  24.85,   0.02, 
  346.244, 0.1703, 0.7515,  3.66767,  3.67497,     3.00,  24.85,   0.02, 
  346.757, 0.1697, 0.7519,  3.66712,  3.67443,     3.00,  24.85,   0.02, 
  347.270, 0.1691, 0.7522,  3.66656,  3.67388,     3.00,  24.85,   0.02, 
  347.783, 0.1684, 0.7526,  3.66601,  3.67333,     3.00,  24.85,   0.02, 
  348.296, 0.1678, 0.7530,  3.66546,  3.67278,     3.00,  24.85,   0.02, 
  348.809, 0.1671, 0.7534,  3.66491,  3.67223,     3.00,  24.85,   0.02, 
  349.322, 0.1665, 0.7537,  3.66436,  3.67169,     3.00,  24.85,   0.02, 
  349.835, 0.1659, 0.7541,  3.66381,  3.67114,     3.00,  24.85,   0.02, 
  350.348, 0.1652, 0.7545,  3.66325,  3.67059,     3.00,  24.85,   0.02, 
  350.861, 0.1646, 0.7549,  3.66270,  3.67004,     3.00,  24.85,   0.02, 
  351.374, 0.1640, 0.7552,  3.66215,  3.66949,     3.00,  24.85,   0.02, 
  351.887, 0.1633, 0.7556,  3.66160,  3.66895,     3.00,  24.85,   0.02, 
  352.400, 0.1627, 0.7560,  3.66105,  3.66840,     3.00,  24.85,   0.02, 
  352.913, 0.1620, 0.7564,  3.66049,  3.66785,     3.00,  24.85,   0.02, 
  353.426, 0.1614, 0.7567,  3.65994,  3.66730,     3.00,  24.85,   0.02, 
  353.939, 0.1608, 0.7571,  3.65939,  3.66675,     3.00,  24.85,   0.02, 
  354.452, 0.1601, 0.7575,  3.65883,  3.66621,     3.00,  24.85,   0.02, 
  354.965, 0.1595, 0.7579,  3.65828,  3.66566,     3.00,  24.85,   0.02, 
  355.478, 0.1588, 0.7582,  3.65772,  3.66511,     3.00,  24.85,   0.02, 
  355.991, 0.1582, 0.7586,  3.65717,  3.66456,     3.00,  24.85,   0.02, 
  356.504, 0.1576, 0.7590,  3.65661,  3.66401,     3.00,  24.85,   0.02, 
  357.017, 0.1569, 0.7593,  3.65605,  3.66346,     3.00,  24.85,   0.02, 
  357.530, 0.1563, 0.7597,  3.65549,  3.66291,     3.00,  24.85,   0.02, 
  358.043, 0.1557, 0.7601,  3.65493,  3.66236,     3.00,  24.85,   0.02, 
  358.556, 0.1550, 0.7605,  3.65437,  3.66181,     3.00,  24.85,   0.02, 
  359.069, 0.1544, 0.7608,  3.65381,  3.66125,     3.00,  24.85,   0.02, 
  359.582, 0.1537, 0.7612,  3.65325,  3.66070,     3.00,  24.85,   0.02, 
  360.095, 0.1531, 0.7616,  3.65269,  3.66015,     3.00,  24.85,   0.02, 
  360.608, 0.1525, 0.7620,  3.65212,  3.65959,     3.00,  24.85,   0.02, 
  361.121, 0.1518, 0.7623,  3.65155,  3.65903,     3.00,  24.85,   0.02, 
  361.634, 0.1512, 0.7627,  3.65099,  3.65848,     3.00,  24.85,   0.02, 
  362.147, 0.1505, 0.7631,  3.65042,  3.65792,     3.00,  24.85,   0.02, 
  362.660, 0.1499, 0.7635,  3.64985,  3.65736,     3.00,  24.85,   0.02, 
  363.173, 0.1493, 0.7638,  3.64927,  3.65680,     3.00,  24.85,   0.02, 
  363.686, 0.1486, 0.7642,  3.64870,  3.65624,     3.00,  24.85,   0.02, 
  364.199, 0.1480, 0.7646,  3.64812,  3.65567,     3.00,  24.85,   0.02, 
  364.712, 0.1474, 0.7650,  3.64755,  3.65511,     3.00,  24.85,   0.02, 
  365.225, 0.1467, 0.7653,  3.64697,  3.65454,     3.00,  24.85,   0.02, 
  365.738, 0.1461, 0.7657,  3.64639,  3.65397,     3.00,  24.85,   0.02, 
  366.251, 0.1454, 0.7661,  3.64581,  3.65341,     3.00,  24.85,   0.02, 
  366.764, 0.1448, 0.7664,  3.64522,  3.65283,     3.00,  24.85,   0.02, 
  367.277, 0.1442, 0.7668,  3.64464,  3.65226,     3.00,  24.85,   0.02, 
  367.790, 0.1435, 0.7672,  3.64405,  3.65169,     3.00,  24.85,   0.02, 
  368.303, 0.1429, 0.7676,  3.64346,  3.65111,     3.00,  24.85,   0.02, 
  368.816, 0.1422, 0.7679,  3.64287,  3.65053,     3.00,  24.85,   0.02, 
  369.329, 0.1416, 0.7683,  3.64228,  3.64995,     3.00,  24.85,   0.02, 
  369.842, 0.1410, 0.7687,  3.64169,  3.64937,     3.00,  24.85,   0.02, 
  370.355, 0.1403, 0.7691,  3.64110,  3.64879,     3.00,  24.85,   0.02, 
  370.868, 0.1397, 0.7694,  3.64050,  3.64821,     3.00,  24.85,   0.02, 
  371.381, 0.1391, 0.7698,  3.63991,  3.64762,     3.00,  24.85,   0.02, 
  371.894, 0.1384, 0.7702,  3.63932,  3.64704,     3.00,  24.85,   0.02, 
  372.407, 0.1378, 0.7706,  3.63872,  3.64645,     3.00,  24.85,   0.02, 
  372.920, 0.1371, 0.7709,  3.63813,  3.64586,     3.00,  24.85,   0.02, 
  373.433, 0.1365, 0.7713,  3.63753,  3.64527,     3.00,  24.85,   0.02, 
  373.946, 0.1359, 0.7717,  3.63694,  3.64468,     3.00,  24.85,   0.02, 
  374.459, 0.1352, 0.7721,  3.63635,  3.64409,     3.00,  24.85,   0.02, 
  374.972, 0.1346, 0.7724,  3.63576,  3.64350,     3.00,  24.85,   0.02, 
  375.485, 0.1339, 0.7728,  3.63517,  3.64291,     3.00,  24.85,   0.02, 
  375.998, 0.1333, 0.7732,  3.63459,  3.64232,     3.00,  24.85,   0.02, 
  376.511, 0.1327, 0.7735,  3.63401,  3.64173,     3.00,  24.85,   0.02, 
  377.024, 0.1320, 0.7739,  3.63343,  3.64114,     3.00,  24.85,   0.02, 
  377.537, 0.1314, 0.7743,  3.63286,  3.64055,     3.00,  24.85,   0.02, 
  378.050, 0.1308, 0.7747,  3.63229,  3.63996,     3.00,  24.85,   0.02, 
  378.563, 0.1301, 0.7750,  3.63172,  3.63938,     3.00,  24.85,   0.02, 
  379.076, 0.1295, 0.7754,  3.63116,  3.63880,     3.00,  24.85,   0.02, 
  379.589, 0.1288, 0.7758,  3.63061,  3.63822,     3.00,  24.85,   0.02, 
  380.102, 0.1282, 0.7762,  3.63006,  3.63765,     3.00,  24.85,   0.02, 
  380.615, 0.1276, 0.7765,  3.62952,  3.63708,     3.00,  24.85,   0.02, 
  381.128, 0.1269, 0.7769,  3.62899,  3.63652,     3.00,  24.85,   0.02, 
  381.641, 0.1263, 0.7773,  3.62846,  3.63596,     3.00,  24.85,   0.02, 
  382.154, 0.1256, 0.7777,  3.62795,  3.63540,     3.00,  24.85,   0.02, 
  382.667, 0.1250, 0.7780,  3.62744,  3.63485,     3.00,  24.85,   0.02, 
  383.180, 0.1244, 0.7784,  3.62695,  3.63431,     3.00,  24.85,   0.02, 
  383.693, 0.1237, 0.7788,  3.62646,  3.63378,     3.00,  24.85,   0.02, 
  384.206, 0.1231, 0.7792,  3.62598,  3.63325,     3.00,  24.85,   0.02, 
  384.719, 0.1225, 0.7795,  3.62551,  3.63274,     3.00,  24.85,   0.02, 
  385.232, 0.1218, 0.7799,  3.62506,  3.63223,     3.00,  24.85,   0.02, 
  385.745, 0.1212, 0.7803,  3.62461,  3.63173,     3.00,  24.85,   0.02, 
  386.258, 0.1205, 0.7806,  3.62418,  3.63124,     3.00,  24.85,   0.02, 
  386.771, 0.1199, 0.7810,  3.62376,  3.63076,     3.00,  24.85,   0.02, 
  387.284, 0.1193, 0.7814,  3.62335,  3.63028,     3.00,  24.85,   0.02, 
  387.797, 0.1186, 0.7818,  3.62295,  3.62983,     3.00,  24.85,   0.02, 
  388.310, 0.1180, 0.7821,  3.62257,  3.62938,     3.00,  24.85,   0.02, 
  388.823, 0.1173, 0.7825,  3.62220,  3.62894,     3.00,  24.85,   0.02, 
  389.336, 0.1167, 0.7829,  3.62184,  3.62851,     3.00,  24.85,   0.02, 
  389.849, 0.1161, 0.7833,  3.62149,  3.62810,     3.00,  24.85,   0.02, 
  390.362, 0.1154, 0.7836,  3.62115,  3.62770,     3.00,  24.85,   0.02, 
  390.875, 0.1148, 0.7840,  3.62083,  3.62731,     3.00,  24.85,   0.02, 
  391.388, 0.1142, 0.7844,  3.62051,  3.62693,     3.00,  24.85,   0.02, 
  391.901, 0.1135, 0.7848,  3.62021,  3.62656,     3.00,  24.85,   0.02, 
  392.414, 0.1129, 0.7851,  3.61992,  3.62621,     3.00,  24.85,   0.02, 
  392.927, 0.1122, 0.7855,  3.61964,  3.62586,     3.00,  24.85,   0.02, 
  393.440, 0.1116, 0.7859,  3.61937,  3.62553,     3.00,  24.85,   0.02, 
  393.953, 0.1110, 0.7863,  3.61912,  3.62521,     3.00,  24.85,   0.02, 
  394.466, 0.1103, 0.7866,  3.61887,  3.62491,     3.00,  24.85,   0.02, 
  394.979, 0.1097, 0.7870,  3.61863,  3.62461,     3.00,  24.85,   0.02, 
  395.492, 0.1090, 0.7874,  3.61840,  3.62432,     3.00,  24.85,   0.02, 
  396.005, 0.1084, 0.7877,  3.61818,  3.62405,     3.00,  24.85,   0.02, 
  396.518, 0.1078, 0.7881,  3.61797,  3.62378,     3.00,  24.85,   0.02, 
  397.031, 0.1071, 0.7885,  3.61776,  3.62353,     3.00,  24.85,   0.02, 
  397.544, 0.1065, 0.7889,  3.61756,  3.62328,     3.00,  24.85,   0.02, 
  398.057, 0.1059, 0.7892,  3.61737,  3.62305,     3.00,  24.85,   0.02, 
  398.570, 0.1052, 0.7896,  3.61718,  3.62282,     3.00,  24.85,   0.02, 
  399.083, 0.1046, 0.7900,  3.61700,  3.62260,     3.00,  24.85,   0.02, 
  399.596, 0.1039, 0.7904,  3.61682,  3.62239,     3.00,  24.85,   0.02, 
  400.109, 0.1033, 0.7907,  3.61664,  3.62219,     3.00,  24.85,   0.02, 
  400.622, 0.1027, 0.7911,  3.61647,  3.62199,     3.00,  24.85,   0.02, 
  401.135, 0.1020, 0.7915,  3.61630,  3.62180,     3.00,  24.85,   0.02, 
  401.648, 0.1014, 0.7919,  3.61614,  3.62162,     3.00,  24.85,   0.02, 
  402.161, 0.1007, 0.7922,  3.61597,  3.62144,     3.00,  24.85,   0.02, 
  402.674, 0.1001, 0.7926,  3.61581,  3.62126,     3.00,  24.85,   0.02, 
  403.187, 0.0995, 0.7930,  3.61565,  3.62110,     3.00,  24.85,   0.02, 
  403.700, 0.0988, 0.7934,  3.61548,  3.62093,     3.00,  24.85,   0.02, 
  404.213, 0.0982, 0.7937,  3.61532,  3.62077,     3.00,  24.85,   0.02, 
  404.726, 0.0976, 0.7941,  3.61516,  3.62061,     3.00,  24.85,   0.02, 
  405.239, 0.0969, 0.7945,  3.61501,  3.62046,     3.00,  24.85,   0.02, 
  405.752, 0.0963, 0.7948,  3.61485,  3.62031,     3.00,  24.85,   0.02, 
  406.265, 0.0956, 0.7952,  3.61469,  3.62016,     3.00,  24.85,   0.02, 
  406.778, 0.0950, 0.7956,  3.61453,  3.62001,     3.00,  24.85,   0.02, 
  407.291, 0.0944, 0.7960,  3.61437,  3.61986,     3.00,  24.85,   0.02, 
  407.804, 0.0937, 0.7963,  3.61421,  3.61972,     3.00,  24.85,   0.02, 
  408.317, 0.0931, 0.7967,  3.61405,  3.61957,     3.00,  24.85,   0.02, 
  408.830, 0.0924, 0.7971,  3.61389,  3.61943,     3.00,  24.85,   0.02, 
  409.343, 0.0918, 0.7975,  3.61373,  3.61928,     3.00,  24.85,   0.02, 
  409.856, 0.0912, 0.7978,  3.61357,  3.61914,     3.00,  24.85,   0.02, 
  410.369, 0.0905, 0.7982,  3.61341,  3.61899,     3.00,  24.85,   0.02, 
  410.882, 0.0899, 0.7986,  3.61324,  3.61884,     3.00,  24.85,   0.02, 
  411.395, 0.0893, 0.7990,  3.61308,  3.61870,     3.00,  24.85,   0.02, 
  411.908, 0.0886, 0.7993,  3.61291,  3.61855,     3.00,  24.85,   0.02, 
  412.421, 0.0880, 0.7997,  3.61275,  3.61840,     3.00,  24.85,   0.02, 
  412.934, 0.0873, 0.8001,  3.61258,  3.61825,     3.00,  24.85,   0.02, 
  413.447, 0.0867, 0.8005,  3.61240,  3.61809,     3.00,  24.85,   0.02, 
  413.960, 0.0861, 0.8008,  3.61223,  3.61794,     3.00,  24.85,   0.02, 
  414.473, 0.0854, 0.8012,  3.61206,  3.61778,     3.00,  24.85,   0.02, 
  414.986, 0.0848, 0.8016,  3.61188,  3.61762,     3.00,  24.85,   0.02, 
  415.499, 0.0841, 0.8020,  3.61170,  3.61746,     3.00,  24.85,   0.02, 
  416.012, 0.0835, 0.8023,  3.61152,  3.61729,     3.00,  24.85,   0.02, 
  416.525, 0.0829, 0.8027,  3.61133,  3.61713,     3.00,  24.85,   0.02, 
  417.038, 0.0822, 0.8031,  3.61114,  3.61696,     3.00,  24.85,   0.02, 
  417.551, 0.0816, 0.8034,  3.61095,  3.61678,     3.00,  24.85,   0.02, 
  418.064, 0.0810, 0.8038,  3.61076,  3.61661,     3.00,  24.85,   0.02, 
  418.577, 0.0803, 0.8042,  3.61056,  3.61643,     3.00,  24.85,   0.02, 
  419.090, 0.0797, 0.8046,  3.61037,  3.61625,     3.00,  24.85,   0.02, 
  419.603, 0.0790, 0.8049,  3.61016,  3.61607,     3.00,  24.85,   0.02, 
  420.116, 0.0784, 0.8053,  3.60996,  3.61588,     3.00,  24.85,   0.02, 
  420.629, 0.0778, 0.8057,  3.60975,  3.61569,     3.00,  24.85,   0.02, 
  421.142, 0.0771, 0.8061,  3.60954,  3.61550,     3.00,  24.85,   0.02, 
  421.655, 0.0765, 0.8064,  3.60933,  3.61530,     3.00,  24.85,   0.02, 
  422.168, 0.0758, 0.8068,  3.60911,  3.61510,     3.00,  24.85,   0.02, 
  422.681, 0.0752, 0.8072,  3.60889,  3.61490,     3.00,  24.85,   0.02, 
  423.194, 0.0746, 0.8076,  3.60866,  3.61470,     3.00,  24.85,   0.02, 
  423.707, 0.0739, 0.8079,  3.60844,  3.61449,     3.00,  24.85,   0.02, 
  424.220, 0.0733, 0.8083,  3.60821,  3.61428,     3.00,  24.85,   0.02, 
  424.733, 0.0727, 0.8087,  3.60797,  3.61407,     3.00,  24.85,   0.02, 
  425.246, 0.0720, 0.8091,  3.60773,  3.61385,     3.00,  24.85,   0.02, 
  425.759, 0.0714, 0.8094,  3.60749,  3.61363,     3.00,  24.85,   0.02, 
  426.272, 0.0707, 0.8098,  3.60725,  3.61341,     3.00,  24.85,   0.02, 
  426.785, 0.0701, 0.8102,  3.60700,  3.61318,     3.00,  24.85,   0.02, 
  427.298, 0.0695, 0.8105,  3.60674,  3.61295,     3.00,  24.85,   0.02, 
  427.811, 0.0688, 0.8109,  3.60648,  3.61271,     3.00,  24.85,   0.02, 
  428.324, 0.0682, 0.8113,  3.60622,  3.61248,     3.00,  24.85,   0.02, 
  428.837, 0.0675, 0.8117,  3.60596,  3.61223,     3.00,  24.85,   0.02, 
  429.350, 0.0669, 0.8120,  3.60568,  3.61199,     3.00,  24.85,   0.02, 
  429.863, 0.0663, 0.8124,  3.60541,  3.61174,     3.00,  24.85,   0.02, 
  430.376, 0.0656, 0.8128,  3.60512,  3.61149,     3.00,  24.85,   0.02, 
  430.889, 0.0650, 0.8132,  3.60483,  3.61123,     3.00,  24.85,   0.02, 
  431.402, 0.0644, 0.8135,  3.60454,  3.61097,     3.00,  24.85,   0.02, 
  431.915, 0.0637, 0.8139,  3.60424,  3.61070,     3.00,  24.85,   0.02, 
  432.428, 0.0631, 0.8143,  3.60393,  3.61043,     3.00,  24.85,   0.02, 
  432.941, 0.0624, 0.8147,  3.60362,  3.61015,     3.00,  24.85,   0.02, 
  433.454, 0.0618, 0.8150,  3.60329,  3.60987,     3.00,  24.85,   0.02, 
  433.967, 0.0612, 0.8154,  3.60296,  3.60958,     3.00,  24.85,   0.02, 
  434.480, 0.0605, 0.8158,  3.60262,  3.60929,     3.00,  24.85,   0.02, 
  434.993, 0.0599, 0.8162,  3.60227,  3.60899,     3.00,  24.85,   0.02, 
  435.506, 0.0592, 0.8165,  3.60191,  3.60868,     3.00,  24.85,   0.02, 
  436.019, 0.0586, 0.8169,  3.60154,  3.60836,     3.00,  24.85,   0.02, 
  436.532, 0.0580, 0.8173,  3.60116,  3.60804,     3.00,  24.85,   0.02, 
  437.045, 0.0573, 0.8176,  3.60077,  3.60771,     3.00,  24.85,   0.02, 
  437.558, 0.0567, 0.8180,  3.60036,  3.60737,     3.00,  24.85,   0.02, 
  438.071, 0.0561, 0.8184,  3.59993,  3.60702,     3.00,  24.85,   0.02, 
  438.584, 0.0554, 0.8188,  3.59949,  3.60665,     3.00,  24.85,   0.02, 
  439.097, 0.0548, 0.8191,  3.59904,  3.60628,     3.00,  24.85,   0.02, 
  439.610, 0.0541, 0.8195,  3.59856,  3.60590,     3.00,  24.85,   0.02, 
  440.123, 0.0535, 0.8199,  3.59807,  3.60550,     3.00,  24.85,   0.02, 
  440.636, 0.0529, 0.8203,  3.59755,  3.60508,     3.00,  24.85,   0.02, 
  441.149, 0.0522, 0.8206,  3.59701,  3.60466,     3.00,  24.85,   0.02, 
  441.662, 0.0516, 0.8210,  3.59645,  3.60421,     3.00,  24.85,   0.02, 
  442.175, 0.0509, 0.8214,  3.59586,  3.60375,     3.00,  24.85,   0.02, 
  442.688, 0.0503, 0.8218,  3.59524,  3.60327,     3.00,  24.85,   0.02, 
  443.201, 0.0497, 0.8221,  3.59459,  3.60277,     3.00,  24.85,   0.02, 
  443.714, 0.0490, 0.8225,  3.59390,  3.60224,     3.00,  24.85,   0.03, 
  444.227, 0.0484, 0.8229,  3.59318,  3.60170,     3.00,  24.85,   0.03, 
  444.740, 0.0478, 0.8233,  3.59241,  3.60112,     3.00,  24.85,   0.03, 
  445.253, 0.0471, 0.8236,  3.59161,  3.60052,     3.00,  24.85,   0.03, 
  445.766, 0.0465, 0.8240,  3.59076,  3.59989,     3.00,  24.85,   0.03, 
  446.279, 0.0458, 0.8244,  3.58985,  3.59922,     3.00,  24.85,   0.03, 
  446.792, 0.0452, 0.8247,  3.58890,  3.59852,     3.00,  24.85,   0.03, 
  447.305, 0.0446, 0.8251,  3.58788,  3.59778,     3.00,  24.85,   0.03, 
  447.818, 0.0439, 0.8255,  3.58681,  3.59700,     3.00,  24.85,   0.03, 
  448.331, 0.0433, 0.8259,  3.58566,  3.59618,     3.00,  24.85,   0.03, 
  448.844, 0.0426, 0.8262,  3.58444,  3.59531,     3.00,  24.85,   0.03, 
  449.357, 0.0420, 0.8266,  3.58314,  3.59438,     3.00,  24.85,   0.03, 
  449.870, 0.0414, 0.8270,  3.58175,  3.59340,     3.00,  24.85,   0.03, 
  450.383, 0.0407, 0.8274,  3.58027,  3.59236,     3.00,  24.85,   0.04, 
  450.896, 0.0401, 0.8277,  3.57869,  3.59125,     3.00,  24.85,   0.04, 
  451.409, 0.0395, 0.8281,  3.57701,  3.59008,     3.00,  24.85,   0.04, 
  451.922, 0.0388, 0.8285,  3.57520,  3.58882,     3.00,  24.85,   0.04, 
  452.435, 0.0382, 0.8289,  3.57327,  3.58749,     3.00,  24.85,   0.04, 
  452.948, 0.0375, 0.8292,  3.57120,  3.58606,     3.00,  24.85,   0.04, 
  453.461, 0.0369, 0.8296,  3.56898,  3.58454,     3.00,  24.85,   0.05, 
  453.974, 0.0363, 0.8300,  3.56660,  3.58291,     3.00,  24.85,   0.05, 
  454.487, 0.0356, 0.8304,  3.56405,  3.58117,     3.00,  24.85,   0.05, 
  455.000, 0.0350, 0.8307,  3.56132,  3.57931,     3.00,  24.85,   0.05, 
  455.513, 0.0343, 0.8311,  3.55838,  3.57732,     3.00,  24.85,   0.06, 
  456.026, 0.0337, 0.8315,  3.55523,  3.57518,     3.00,  24.85,   0.06, 
  456.539, 0.0331, 0.8318,  3.55184,  3.57290,     3.00,  24.85,   0.06, 
  457.052, 0.0324, 0.8322,  3.54820,  3.57044,     3.00,  24.85,   0.07, 
  457.565, 0.0318, 0.8326,  3.54428,  3.56781,     3.00,  24.85,   0.07, 
  458.078, 0.0312, 0.8330,  3.54007,  3.56499,     3.00,  24.85,   0.07, 
  458.591, 0.0305, 0.8333,  3.53554,  3.56195,     3.00,  24.85,   0.08, 
  459.104, 0.0299, 0.8337,  3.53066,  3.55870,     3.00,  24.85,   0.08, 
  459.617, 0.0292, 0.8341,  3.52542,  3.55519,     3.00,  24.85,   0.09, 
  460.130, 0.0286, 0.8345,  3.51977,  3.55143,     3.00,  24.85,   0.09, 
  460.643, 0.0280, 0.8348,  3.51369,  3.54738,     3.00,  24.85,   0.10, 
  461.156, 0.0273, 0.8352,  3.50713,  3.54303,     3.00,  24.85,   0.11, 
  461.669, 0.0267, 0.8356,  3.50008,  3.53834,     3.00,  24.85,   0.11, 
  462.182, 0.0260, 0.8360,  3.49247,  3.53330,     3.00,  24.85,   0.12, 
  462.695, 0.0254, 0.8363,  3.48428,  3.52787,     3.00,  24.85,   0.13, 
  463.208, 0.0248, 0.8367,  3.47545,  3.52203,     3.00,  24.85,   0.14, 
  463.721, 0.0241, 0.8371,  3.46593,  3.51574,     3.00,  24.85,   0.15, 
  464.234, 0.0235, 0.8375,  3.45567,  3.50896,     3.00,  24.85,   0.16, 
  464.747, 0.0229, 0.8378,  3.44461,  3.50165,     3.00,  24.85,   0.17, 
  465.260, 0.0222, 0.8382,  3.43268,  3.49378,     3.00,  24.85,   0.18, 
  465.773, 0.0216, 0.8386,  3.41982,  3.48530,     3.00,  24.85,   0.20, 
  466.286, 0.0209, 0.8389,  3.40595,  3.47616,     3.00,  24.85,   0.21, 
  466.799, 0.0203, 0.8393,  3.39099,  3.46631,     3.00,  24.85,   0.23, 
  467.312, 0.0197, 0.8397,  3.37485,  3.45568,     3.00,  24.85,   0.24, 
  467.825, 0.0190, 0.8401,  3.35744,  3.44423,     3.00,  24.85,   0.26, 
  468.338, 0.0184, 0.8404,  3.33866,  3.43188,     3.00,  24.85,   0.28, 
  468.851, 0.0177, 0.8408,  3.31840,  3.41856,     3.00,  24.85,   0.30, 
  469.364, 0.0171, 0.8412,  3.29654,  3.40419,     3.00,  24.85,   0.32, 
  469.877, 0.0165, 0.8416,  3.27296,  3.38870,     3.00,  24.85,   0.35, 
  470.390, 0.0158, 0.8419,  3.24751,  3.37198,     3.00,  24.85,   0.37, 
  470.903, 0.0152, 0.8423,  3.22005,  3.35395,     3.00,  24.85,   0.40, 
  471.416, 0.0146, 0.8427,  3.19042,  3.33450,     3.00,  24.85,   0.43, 
  471.929, 0.0139, 0.8431,  3.15844,  3.31351,     3.00,  24.85,   0.46, 
  472.442, 0.0133, 0.8434,  3.12393,  3.29087,     3.00,  24.85,   0.50, 
  472.955, 0.0126, 0.8438,  3.08669,  3.26644,     3.00,  24.85,   0.54, 
  473.468, 0.0120, 0.8442,  3.04649,  3.24007,     3.00,  24.85,   0.58, 
  473.981, 0.0114, 0.8446,  3.00311,  3.21162,     3.00,  24.85,   0.63, 
  474.494, 0.0107, 0.8449,  2.95628,  3.18092,     3.00,  24.85,   0.67, 
  475.007, 0.0101, 0.8453,  2.90575,  3.14779,     3.00,  24.85,   0.73, 
  475.520, 0.0094, 0.8457,  2.85120,  3.11203,     3.00,  24.85,   0.78, 
  476.033, 0.0088, 0.8460,  2.79232,  3.07344,     3.00,  24.85,   0.84, 
  476.546, 0.0082, 0.8464,  2.72877,  3.03180,     3.00,  24.85,   0.91, 
  477.059, 0.0075, 0.8468,  2.66017,  2.98685,     3.00,  24.85,   0.98, 
  477.572, 0.0069, 0.8472,  2.58612,  2.93833,     3.00,  24.85,   1.06, 
  478.085, 0.0063, 0.8475,  2.50618,  2.88596,     3.00,  24.85,   1.14, 
  478.598, 0.0056, 0.8479,  2.41990,  2.82944,     3.00,  24.85,   1.23, 
  479.111, 0.0050, 0.8483,  2.32676,  2.76843,     3.00,  24.85,   1.32, 
  479.624, 0.0043, 0.8487,  2.22621,  2.70257,     3.00,  24.85,   1.43, 
  480.137, 0.0037, 0.8490,  2.11768,  2.63148,     3.00,  24.85,   1.54, 
  480.265, 0.0035, 0.8491,  2.08922,  2.61285,     3.00,  24.85,   1.57, 
  480.269, 0.0035, 0.8491,  2.08823,  2.61220,     3.00,  24.85,   1.57, 
  480.272, 0.0035, 0.8491,  2.08759,  2.61184,     3.00,  24.85,   1.57, 
  480.273, 0.0035, 0.8491,  2.08707,  2.61165,     3.00,  24.85,   1.57, 
  480.273, 0.0035, 0.8491,  2.08695,  2.61162,     3.00,  24.85,   1.57, 
  480.273, 0.0035, 0.8491,  2.08683,  2.61161,     3.00,  24.85,   1.57, 
  480.273, 0.0035, 0.8491,  2.08681,  2.61161,     3.00,  24.85,   1.57, 
  480.273, 0.0035, 0.8491,  2.08677,  2.61161,     3.00,  24.85,   1.57, 
 mass is   0.816565
 energy is   110.232246
 power is   13.7711892
 473 this time step did not converge
 Solid concentration driven to zero.
 Consider changing vcut or the current density.
  
 dV/dt at point of failure is (V/s) -0.17758695
 Moving on to next leg if not the last
  
 comp 7 not converged

            mass  =  0.8166 kg/m2
 specific energy segment =   110.23 W-h/kg
 specific power segment  =    13.80 W/kg
 total heat =          0.3311 W-h/m2
  
