     50  lim, limit on number of iterations
 100.00  h1,  thickness of negative electrode (microns)
  25.00  h2,  thickness of separator (microns)
 100.00  h3,  thickness of positive electrode (microns)
  25.00  hcn, thickness of negative electrode current collector (microns)
  25.00  hcp, thickness of positive electrode current collector (microns)
     80  n1,  number of nodes in negative electrode
     40  n2,  number of nodes in separator
     80  n3,  number of nodes in positive electrode
 363.00  T,   temperature (K)

 1000.0  xx(1,n1+2), initial concentration (mol/m3)
 0.6000  csx,   initial stoichiometric parameter for negative
 0.5000  csy,   initial stoichiometric parameter for positive
   30.0  tmmax, maximum time step size (s)
 .4E-13  dfs1, diffusion coefficient in negative solid (m2/s)
 .1E-12  dfs3, diffusion coefficient in positive solid (m2/s)
  10.00  Rad1,  radius of negative particles (microns)
  10.00  Rad3,  radius of positive particles (microns)

  0.300  ep1,   volume fraction of electrolyte in negative electrode
  0.000  epp1,  volume fraction of polymer phase in negative electrode
  0.100  epf1,  volume fraction of inert filler in negative electrode
  1.000  ep2,   volume fraction of electrolyte in separator
  0.000  epp2,  volume fraction of polymer phase in separator
  0.300  ep3,   volume fraction of electrolyte in positive electrode
  0.000  epp3,  volume fraction of polymer phase in positive electrode
  0.200  epf3,  volume fraction of inert filler in positive electrode
 0.10E+03  sig1,  conductivity of negative matrix (S/m)
  10.      sig3,  conductivity of positive matrix (S/m)
  372.00  cot1,  coulombic capacity of negative material (mAh/g)
  274.00  cot3,  coulombic capacity of positive material (mAh/g)
 .1E-04  rka1,  reaction rate constant for negative reaction 
 .3E-10  rka3,  reaction rate constant for positive reaction

 1324.0  re,   density of electrolyte (kg/m3)
 1800.0  rs1,  density of negative insertion material (kg/m3)
 5010.0  rs3,  density of positive insertion material (kg/m3)
 1800.0  rf,   density of inert filler (kg/m3)
 1780.0  rpl,  density of polymer phase (kg/m3)
    0.0  rc,   density of separator material (kg/m3)
 8954.0  rcn,  density of negative current collector (kg/m3)
 2707.0  rcp,  density of positive current collector (kg/m3)

   0.001000  ranode,   anode film resistance (ohm-m2)
   0.000000  rcathde,  cathode film resistance (ohm-m2)
   0.00  htc,   heat-transfer coefficient with external medium (W/m2K)
   0.000000  dUdT,  temperature coefficient of EMF (V/K)
 2000.0  Cp,    heat capacity of cell (J/kg-K)
   0.00  residm,    residual mass (kg/m2)
 298.00  Tam,   ambient temperature (K)
      1  ncell, number of cells in a cell stack
      2  lht,   0 uses htc,  1 calcs htc,  2 isothermal

      0    nside, side reaction flag 

      1  il1,   1 for long print-out  0 for short print-out
     10  il2,   prints every il2 th node in long print-out
     10  il3,   prints every il3 th time step in long print-out
      1  lflag, 0 for electrolyte in separator only, 1 for uniform
      0  imp, 0 for no impedance, 1 for impedance
   0.00  capp1,  capacitance of negative material (F/m2)
   0.00  capp3,  capacitance of positive material (F/m2)
     24  lcurs, number of current changes
  
 MCMB 2528 Graphite (Bellcore)
 LiPF6 in EC:DMC
 LiCoO2 (Cobalt dioxide)
 open-circuit potential, negative   0.178978294
 delta S negative   0.
 open-circuit potential, positive   4.24165195
 delta S positive   0.
  
      DUAL INSERTION CELL VERSION 5.1
  
   Time     Util N  Util P  Cell Pot   Uocp      Curr      Temp   heatgen
   (min)       x       y      (V)       (V)      (A/m2)    (C)    (W/m2)
  
    0.000, 0.6000, 0.5000,  4.06204,  4.06267,     5.00,  89.85,   0.00, 
    0.001, 0.6000, 0.5000,  4.06202,  4.06267,     5.00,  89.85,   0.00, 
    0.001, 0.6000, 0.5000,  4.06201,  4.06267,     5.00,  89.85,   0.00, 
    0.001, 0.6000, 0.5000,  4.06199,  4.06267,     5.00,  89.85,   0.00, 
    0.002, 0.6000, 0.5000,  4.06198,  4.06267,     5.00,  89.85,   0.00, 
    0.002, 0.6000, 0.5000,  4.06197,  4.06267,     5.00,  89.85,   0.00, 
    0.003, 0.6000, 0.5000,  4.06196,  4.06267,     5.00,  89.85,   0.00, 
    0.003, 0.6000, 0.5000,  4.06195,  4.06267,     5.00,  89.85,   0.00, 
    0.004, 0.6000, 0.5000,  4.06193,  4.06267,     5.00,  89.85,   0.00, 
    0.005, 0.6000, 0.5000,  4.06192,  4.06267,     5.00,  89.85,   0.00, 
    0.006, 0.6000, 0.5000,  4.06191,  4.06267,     5.00,  89.85,   0.00, 
    0.007, 0.6000, 0.5000,  4.06189,  4.06267,     5.00,  89.85,   0.00, 
    0.007, 0.6000, 0.5000,  4.06188,  4.06266,     5.00,  89.85,   0.00, 
    0.009, 0.6000, 0.5000,  4.06187,  4.06266,     5.00,  89.85,   0.00, 
    0.010, 0.6000, 0.5000,  4.06185,  4.06266,     5.00,  89.85,   0.00, 
    0.011, 0.6000, 0.5000,  4.06184,  4.06266,     5.00,  89.85,   0.00, 
    0.012, 0.6000, 0.5000,  4.06182,  4.06266,     5.00,  89.85,   0.00, 
    0.014, 0.6000, 0.5000,  4.06180,  4.06266,     5.00,  89.85,   0.00, 
    0.016, 0.6000, 0.5000,  4.06179,  4.06266,     5.00,  89.85,   0.00, 
    0.017, 0.6000, 0.5000,  4.06177,  4.06265,     5.00,  89.85,   0.00, 
    0.019, 0.6000, 0.5000,  4.06175,  4.06265,     5.00,  89.85,   0.00, 
    0.022, 0.6000, 0.5000,  4.06173,  4.06265,     5.00,  89.85,   0.00, 
    0.024, 0.5999, 0.5000,  4.06171,  4.06265,     5.00,  89.85,   0.00, 
    0.027, 0.5999, 0.5000,  4.06169,  4.06264,     5.00,  89.85,   0.00, 
    0.030, 0.5999, 0.5000,  4.06167,  4.06264,     5.00,  89.85,   0.00, 
    0.033, 0.5999, 0.5000,  4.06165,  4.06264,     5.00,  89.85,   0.00, 
    0.037, 0.5999, 0.5000,  4.06162,  4.06263,     5.00,  89.85,   0.01, 
    0.041, 0.5999, 0.5000,  4.06160,  4.06263,     5.00,  89.85,   0.01, 
    0.045, 0.5999, 0.5001,  4.06157,  4.06262,     5.00,  89.85,   0.01, 
    0.050, 0.5999, 0.5001,  4.06155,  4.06262,     5.00,  89.85,   0.01, 
    0.055, 0.5999, 0.5001,  4.06152,  4.06261,     5.00,  89.85,   0.01, 
    0.061, 0.5999, 0.5001,  4.06149,  4.06260,     5.00,  89.85,   0.01, 
    0.067, 0.5999, 0.5001,  4.06146,  4.06260,     5.00,  89.85,   0.01, 
    0.074, 0.5998, 0.5001,  4.06143,  4.06259,     5.00,  89.85,   0.01, 
    0.082, 0.5998, 0.5001,  4.06140,  4.06258,     5.00,  89.85,   0.01, 
    0.091, 0.5998, 0.5001,  4.06136,  4.06257,     5.00,  89.85,   0.01, 
    0.100, 0.5998, 0.5001,  4.06133,  4.06256,     5.00,  89.85,   0.01, 
    0.110, 0.5998, 0.5001,  4.06129,  4.06255,     5.00,  89.85,   0.01, 
    0.122, 0.5997, 0.5001,  4.06126,  4.06253,     5.00,  89.85,   0.01, 
    0.134, 0.5997, 0.5002,  4.06122,  4.06252,     5.00,  89.85,   0.01, 
    0.148, 0.5997, 0.5002,  4.06118,  4.06250,     5.00,  89.85,   0.01, 
    0.163, 0.5997, 0.5002,  4.06113,  4.06248,     5.00,  89.85,   0.01, 
    0.180, 0.5996, 0.5002,  4.06109,  4.06247,     5.00,  89.85,   0.01, 
    0.198, 0.5996, 0.5002,  4.06104,  4.06244,     5.00,  89.85,   0.01, 
    0.218, 0.5995, 0.5003,  4.06099,  4.06242,     5.00,  89.85,   0.01, 
    0.240, 0.5995, 0.5003,  4.06094,  4.06240,     5.00,  89.85,   0.01, 
    0.264, 0.5995, 0.5003,  4.06088,  4.06237,     5.00,  89.85,   0.01, 
    0.291, 0.5994, 0.5004,  4.06082,  4.06234,     5.00,  89.85,   0.01, 
    0.320, 0.5993, 0.5004,  4.06076,  4.06230,     5.00,  89.85,   0.01, 
    0.353, 0.5993, 0.5004,  4.06070,  4.06226,     5.00,  89.85,   0.01, 
    0.388, 0.5992, 0.5005,  4.06063,  4.06222,     5.00,  89.85,   0.01, 
    0.427, 0.5991, 0.5005,  4.06055,  4.06218,     5.00,  89.85,   0.01, 
    0.470, 0.5990, 0.5006,  4.06048,  4.06213,     5.00,  89.85,   0.01, 
    0.518, 0.5989, 0.5006,  4.06039,  4.06207,     5.00,  89.85,   0.01, 
    0.570, 0.5988, 0.5007,  4.06031,  4.06201,     5.00,  89.85,   0.01, 
    0.627, 0.5987, 0.5008,  4.06021,  4.06195,     5.00,  89.85,   0.01, 
    0.690, 0.5986, 0.5008,  4.06011,  4.06188,     5.00,  89.85,   0.01, 
    0.760, 0.5984, 0.5009,  4.06001,  4.06180,     5.00,  89.85,   0.01, 
    0.836, 0.5983, 0.5010,  4.05989,  4.06171,     5.00,  89.85,   0.01, 
    0.920, 0.5981, 0.5011,  4.05977,  4.06161,     5.00,  89.85,   0.01, 
    1.012, 0.5979, 0.5012,  4.05964,  4.06151,     5.00,  89.85,   0.01, 
    1.113, 0.5977, 0.5014,  4.05951,  4.06139,     5.00,  89.85,   0.01, 
    1.225, 0.5975, 0.5015,  4.05936,  4.06127,     5.00,  89.85,   0.01, 
    1.348, 0.5972, 0.5016,  4.05920,  4.06113,     5.00,  89.85,   0.01, 
    1.483, 0.5969, 0.5018,  4.05903,  4.06098,     5.00,  89.85,   0.01, 
    1.632, 0.5966, 0.5020,  4.05885,  4.06081,     5.00,  89.85,   0.01, 
    1.795, 0.5963, 0.5022,  4.05865,  4.06063,     5.00,  89.85,   0.01, 
    1.975, 0.5959, 0.5024,  4.05844,  4.06043,     5.00,  89.85,   0.01, 
    2.173, 0.5955, 0.5026,  4.05821,  4.06021,     5.00,  89.85,   0.01, 
    2.390, 0.5950, 0.5029,  4.05796,  4.05997,     5.00,  89.85,   0.01, 
    2.629, 0.5945, 0.5032,  4.05769,  4.05971,     5.00,  89.85,   0.01, 
    2.893, 0.5940, 0.5035,  4.05740,  4.05942,     5.00,  89.85,   0.01, 
    3.182, 0.5934, 0.5039,  4.05709,  4.05911,     5.00,  89.85,   0.01, 
    3.501, 0.5927, 0.5043,  4.05675,  4.05876,     5.00,  89.85,   0.01, 
    3.851, 0.5920, 0.5047,  4.05637,  4.05839,     5.00,  89.85,   0.01, 
    4.237, 0.5912, 0.5051,  4.05597,  4.05798,     5.00,  89.85,   0.01, 
    4.661, 0.5903, 0.5057,  4.05553,  4.05754,     5.00,  89.85,   0.01, 
    5.000, 0.5896, 0.5061,  4.05518,  4.05719,     5.00,  89.85,   0.01, 
    5.000, 0.5896, 0.5061,  4.05214,  4.05719,    30.00,  89.85,   0.15, 
 specific energy segment =     2.07 W-h/kg
 specific power segment  =    24.85 W/kg
 total heat =          0.0008 W-h/m2
  
    5.000, 0.5896, 0.5061,  4.05214,  4.05719,    30.00,  89.85,   0.15, 
    5.000, 0.5896, 0.5061,  4.05201,  4.05718,    30.00,  89.85,   0.15, 
    5.001, 0.5896, 0.5061,  4.05192,  4.05718,    30.00,  89.85,   0.16, 
    5.001, 0.5896, 0.5061,  4.05185,  4.05718,    30.00,  89.85,   0.16, 
    5.002, 0.5896, 0.5061,  4.05179,  4.05718,    30.00,  89.85,   0.16, 
    5.002, 0.5896, 0.5061,  4.05172,  4.05717,    30.00,  89.85,   0.16, 
    5.003, 0.5896, 0.5061,  4.05166,  4.05717,    30.00,  89.85,   0.16, 
    5.003, 0.5896, 0.5061,  4.05160,  4.05717,    30.00,  89.85,   0.17, 
    5.004, 0.5896, 0.5061,  4.05154,  4.05716,    30.00,  89.85,   0.17, 
    5.005, 0.5896, 0.5061,  4.05148,  4.05716,    30.00,  89.85,   0.17, 
    5.005, 0.5896, 0.5061,  4.05142,  4.05715,    30.00,  89.85,   0.17, 
    5.006, 0.5896, 0.5061,  4.05136,  4.05715,    30.00,  89.85,   0.17, 
    5.007, 0.5895, 0.5061,  4.05129,  4.05714,    30.00,  89.85,   0.17, 
    5.008, 0.5895, 0.5061,  4.05122,  4.05713,    30.00,  89.85,   0.18, 
    5.009, 0.5895, 0.5061,  4.05115,  4.05713,    30.00,  89.85,   0.18, 
    5.011, 0.5895, 0.5061,  4.05108,  4.05712,    30.00,  89.85,   0.18, 
    5.012, 0.5895, 0.5062,  4.05100,  4.05711,    30.00,  89.85,   0.18, 
    5.014, 0.5895, 0.5062,  4.05092,  4.05710,    30.00,  89.85,   0.18, 
    5.015, 0.5894, 0.5062,  4.05084,  4.05709,    30.00,  89.85,   0.19, 
    5.017, 0.5894, 0.5062,  4.05075,  4.05708,    30.00,  89.85,   0.19, 
    5.019, 0.5894, 0.5062,  4.05066,  4.05707,    30.00,  89.85,   0.19, 
    5.021, 0.5894, 0.5062,  4.05057,  4.05705,    30.00,  89.85,   0.19, 
    5.024, 0.5893, 0.5062,  4.05047,  4.05704,    30.00,  89.85,   0.20, 
    5.027, 0.5893, 0.5063,  4.05036,  4.05702,    30.00,  89.85,   0.20, 
    5.029, 0.5893, 0.5063,  4.05026,  4.05700,    30.00,  89.85,   0.20, 
    5.033, 0.5892, 0.5063,  4.05014,  4.05698,    30.00,  89.85,   0.20, 
    5.036, 0.5892, 0.5063,  4.05003,  4.05696,    30.00,  89.85,   0.21, 
    5.040, 0.5891, 0.5064,  4.04991,  4.05693,    30.00,  89.85,   0.21, 
    5.045, 0.5891, 0.5064,  4.04978,  4.05691,    30.00,  89.85,   0.21, 
    5.050, 0.5890, 0.5064,  4.04965,  4.05688,    30.00,  89.85,   0.22, 
    5.055, 0.5889, 0.5065,  4.04951,  4.05685,    30.00,  89.85,   0.22, 
    5.061, 0.5889, 0.5065,  4.04936,  4.05681,    30.00,  89.85,   0.22, 
    5.067, 0.5888, 0.5066,  4.04921,  4.05677,    30.00,  89.85,   0.23, 
    5.074, 0.5887, 0.5066,  4.04906,  4.05673,    30.00,  89.85,   0.23, 
    5.082, 0.5886, 0.5067,  4.04890,  4.05668,    30.00,  89.85,   0.23, 
    5.090, 0.5885, 0.5067,  4.04873,  4.05663,    30.00,  89.85,   0.24, 
    5.100, 0.5884, 0.5068,  4.04855,  4.05657,    30.00,  89.85,   0.24, 
    5.110, 0.5883, 0.5069,  4.04837,  4.05651,    30.00,  89.85,   0.24, 
    5.121, 0.5881, 0.5070,  4.04817,  4.05644,    30.00,  89.85,   0.25, 
    5.134, 0.5880, 0.5070,  4.04797,  4.05636,    30.00,  89.85,   0.25, 
    5.148, 0.5878, 0.5071,  4.04776,  4.05627,    30.00,  89.85,   0.25, 
    5.163, 0.5876, 0.5073,  4.04753,  4.05618,    30.00,  89.85,   0.26, 
    5.179, 0.5874, 0.5074,  4.04729,  4.05608,    30.00,  89.85,   0.26, 
    5.197, 0.5872, 0.5075,  4.04704,  4.05597,    30.00,  89.85,   0.27, 
    5.218, 0.5869, 0.5077,  4.04676,  4.05585,    30.00,  89.85,   0.27, 
    5.240, 0.5866, 0.5078,  4.04647,  4.05571,    30.00,  89.85,   0.28, 
    5.264, 0.5863, 0.5080,  4.04616,  4.05557,    30.00,  89.85,   0.28, 
    5.291, 0.5860, 0.5082,  4.04581,  4.05540,    30.00,  89.85,   0.29, 
    5.320, 0.5856, 0.5084,  4.04544,  4.05523,    30.00,  89.85,   0.29, 
    5.352, 0.5852, 0.5086,  4.04504,  4.05503,    30.00,  89.85,   0.30, 
    5.388, 0.5848, 0.5089,  4.04459,  4.05481,    30.00,  89.85,   0.31, 
    5.427, 0.5843, 0.5092,  4.04409,  4.05458,    30.00,  89.85,   0.31, 
    5.470, 0.5838, 0.5095,  4.04353,  4.05432,    30.00,  89.85,   0.32, 
    5.517, 0.5832, 0.5098,  4.04290,  4.05403,    30.00,  89.85,   0.33, 
    5.570, 0.5825, 0.5102,  4.04218,  4.05371,    30.00,  89.85,   0.35, 
    5.627, 0.5818, 0.5106,  4.04135,  4.05336,    30.00,  89.85,   0.36, 
    5.690, 0.5810, 0.5111,  4.04038,  4.05298,    30.00,  89.85,   0.38, 
    5.759, 0.5802, 0.5116,  4.03922,  4.05254,    30.00,  89.85,   0.40, 
    5.835, 0.5792, 0.5122,  4.03782,  4.05206,    30.00,  89.85,   0.43, 
    5.919, 0.5782, 0.5128,  4.03613,  4.05151,    30.00,  89.85,   0.46, 
    6.012, 0.5770, 0.5134,  4.03405,  4.05089,    30.00,  89.85,   0.51, 
    6.113, 0.5758, 0.5142,  4.03149,  4.05016,    30.00,  89.85,   0.56, 
    6.225, 0.5744, 0.5150,  4.02836,  4.04930,    30.00,  89.85,   0.63, 
    6.348, 0.5729, 0.5159,  4.02457,  4.04826,    30.00,  89.85,   0.71, 
    6.483, 0.5712, 0.5169,  4.02014,  4.04696,    30.00,  89.85,   0.80, 
    6.631, 0.5693, 0.5180,  4.01518,  4.04527,    30.00,  89.85,   0.90, 
    6.795, 0.5673, 0.5191,  4.00996,  4.04300,    30.00,  89.85,   0.99, 
    6.974, 0.5651, 0.5205,  4.00486,  4.03990,    30.00,  89.85,   1.05, 
    7.172, 0.5626, 0.5219,  4.00022,  4.03563,    30.00,  89.85,   1.06, 
    7.390, 0.5599, 0.5235,  3.99624,  4.02994,    30.00,  89.85,   1.01, 
    7.629, 0.5569, 0.5252,  3.99289,  4.02296,    30.00,  89.85,   0.90, 
    7.892, 0.5536, 0.5271,  3.98996,  4.01549,    30.00,  89.85,   0.77, 
    8.182, 0.5500, 0.5293,  3.98715,  4.00877,    30.00,  89.85,   0.65, 
    8.501, 0.5461, 0.5316,  3.98414,  4.00361,    30.00,  89.85,   0.58, 
    8.851, 0.5417, 0.5341,  3.98058,  3.99994,    30.00,  89.85,   0.58, 
    9.236, 0.5369, 0.5369,  3.97613,  3.99710,    30.00,  89.85,   0.63, 
    9.660, 0.5316, 0.5400,  3.97033,  3.99427,    30.00,  89.85,   0.72, 
   10.000, 0.5274, 0.5425,  3.96488,  3.99171,    30.00,  89.85,   0.80, 
   10.000, 0.5274, 0.5425,  3.96794,  3.99171,     5.00,  89.85,   0.13, 
 specific energy segment =    12.25 W-h/kg
 specific power segment  =   147.06 W/kg
 total heat =          0.0575 W-h/m2
  
   10.000, 0.5274, 0.5425,  3.96794,  3.99171,     5.00,  89.85,   0.13, 
   10.000, 0.5274, 0.5425,  3.96836,  3.99171,     5.00,  89.85,   0.12, 
   10.001, 0.5274, 0.5425,  3.96862,  3.99171,     5.00,  89.85,   0.12, 
   10.001, 0.5274, 0.5425,  3.96882,  3.99171,     5.00,  89.85,   0.12, 
   10.002, 0.5274, 0.5425,  3.96899,  3.99171,     5.00,  89.85,   0.12, 
   10.002, 0.5274, 0.5425,  3.96915,  3.99171,     5.00,  89.85,   0.12, 
   10.003, 0.5274, 0.5425,  3.96931,  3.99171,     5.00,  89.85,   0.11, 
   10.003, 0.5274, 0.5425,  3.96946,  3.99170,     5.00,  89.85,   0.11, 
   10.004, 0.5274, 0.5425,  3.96961,  3.99170,     5.00,  89.85,   0.11, 
   10.005, 0.5274, 0.5425,  3.96976,  3.99170,     5.00,  89.85,   0.11, 
   10.005, 0.5274, 0.5425,  3.96991,  3.99170,     5.00,  89.85,   0.11, 
   10.006, 0.5274, 0.5425,  3.97006,  3.99170,     5.00,  89.85,   0.11, 
   10.007, 0.5274, 0.5425,  3.97021,  3.99170,     5.00,  89.85,   0.11, 
   10.008, 0.5274, 0.5425,  3.97037,  3.99170,     5.00,  89.85,   0.11, 
   10.009, 0.5274, 0.5425,  3.97053,  3.99170,     5.00,  89.85,   0.11, 
   10.011, 0.5274, 0.5425,  3.97069,  3.99169,     5.00,  89.85,   0.11, 
   10.012, 0.5274, 0.5425,  3.97086,  3.99169,     5.00,  89.85,   0.11, 
   10.014, 0.5274, 0.5425,  3.97103,  3.99169,     5.00,  89.85,   0.10, 
   10.015, 0.5274, 0.5425,  3.97121,  3.99169,     5.00,  89.85,   0.10, 
   10.017, 0.5274, 0.5425,  3.97139,  3.99169,     5.00,  89.85,   0.10, 
   10.019, 0.5274, 0.5425,  3.97158,  3.99168,     5.00,  89.85,   0.10, 
   10.021, 0.5274, 0.5425,  3.97178,  3.99168,     5.00,  89.85,   0.10, 
   10.024, 0.5274, 0.5425,  3.97198,  3.99168,     5.00,  89.85,   0.10, 
   10.027, 0.5273, 0.5425,  3.97219,  3.99167,     5.00,  89.85,   0.10, 
   10.029, 0.5273, 0.5425,  3.97240,  3.99167,     5.00,  89.85,   0.10, 
   10.033, 0.5273, 0.5425,  3.97262,  3.99166,     5.00,  89.85,   0.10, 
   10.036, 0.5273, 0.5425,  3.97284,  3.99166,     5.00,  89.85,   0.10, 
   10.040, 0.5273, 0.5425,  3.97307,  3.99165,     5.00,  89.85,   0.09, 
   10.045, 0.5273, 0.5425,  3.97331,  3.99165,     5.00,  89.85,   0.09, 
   10.050, 0.5273, 0.5426,  3.97355,  3.99164,     5.00,  89.85,   0.09, 
   10.055, 0.5273, 0.5426,  3.97380,  3.99163,     5.00,  89.85,   0.09, 
   10.061, 0.5273, 0.5426,  3.97405,  3.99163,     5.00,  89.85,   0.09, 
   10.067, 0.5273, 0.5426,  3.97430,  3.99162,     5.00,  89.85,   0.09, 
   10.074, 0.5272, 0.5426,  3.97456,  3.99161,     5.00,  89.85,   0.09, 
   10.082, 0.5272, 0.5426,  3.97483,  3.99160,     5.00,  89.85,   0.08, 
   10.090, 0.5272, 0.5426,  3.97510,  3.99158,     5.00,  89.85,   0.08, 
   10.100, 0.5272, 0.5426,  3.97537,  3.99157,     5.00,  89.85,   0.08, 
   10.110, 0.5272, 0.5426,  3.97565,  3.99156,     5.00,  89.85,   0.08, 
   10.121, 0.5272, 0.5426,  3.97593,  3.99154,     5.00,  89.85,   0.08, 
   10.134, 0.5271, 0.5427,  3.97621,  3.99152,     5.00,  89.85,   0.08, 
   10.148, 0.5271, 0.5427,  3.97649,  3.99151,     5.00,  89.85,   0.08, 
   10.163, 0.5271, 0.5427,  3.97678,  3.99148,     5.00,  89.85,   0.07, 
   10.179, 0.5270, 0.5427,  3.97707,  3.99146,     5.00,  89.85,   0.07, 
   10.197, 0.5270, 0.5427,  3.97736,  3.99144,     5.00,  89.85,   0.07, 
   10.218, 0.5270, 0.5428,  3.97765,  3.99141,     5.00,  89.85,   0.07, 
   10.240, 0.5269, 0.5428,  3.97795,  3.99138,     5.00,  89.85,   0.07, 
   10.264, 0.5269, 0.5428,  3.97825,  3.99134,     5.00,  89.85,   0.07, 
   10.291, 0.5268, 0.5428,  3.97854,  3.99130,     5.00,  89.85,   0.06, 
   10.320, 0.5267, 0.5429,  3.97884,  3.99126,     5.00,  89.85,   0.06, 
   10.352, 0.5267, 0.5429,  3.97913,  3.99122,     5.00,  89.85,   0.06, 
   10.388, 0.5266, 0.5430,  3.97943,  3.99117,     5.00,  89.85,   0.06, 
   10.427, 0.5265, 0.5430,  3.97972,  3.99111,     5.00,  89.85,   0.06, 
   10.470, 0.5264, 0.5431,  3.98000,  3.99105,     5.00,  89.85,   0.06, 
   10.517, 0.5263, 0.5431,  3.98028,  3.99098,     5.00,  89.85,   0.05, 
   10.570, 0.5262, 0.5432,  3.98055,  3.99091,     5.00,  89.85,   0.05, 
   10.627, 0.5261, 0.5433,  3.98081,  3.99082,     5.00,  89.85,   0.05, 
   10.690, 0.5260, 0.5433,  3.98106,  3.99073,     5.00,  89.85,   0.05, 
   10.759, 0.5258, 0.5434,  3.98130,  3.99063,     5.00,  89.85,   0.05, 
   10.835, 0.5257, 0.5435,  3.98152,  3.99052,     5.00,  89.85,   0.05, 
   10.919, 0.5255, 0.5436,  3.98172,  3.99039,     5.00,  89.85,   0.04, 
   11.012, 0.5253, 0.5437,  3.98190,  3.99025,     5.00,  89.85,   0.04, 
   11.113, 0.5251, 0.5438,  3.98206,  3.99010,     5.00,  89.85,   0.04, 
   11.225, 0.5249, 0.5440,  3.98219,  3.98992,     5.00,  89.85,   0.04, 
   11.348, 0.5246, 0.5441,  3.98228,  3.98973,     5.00,  89.85,   0.04, 
   11.483, 0.5243, 0.5443,  3.98235,  3.98952,     5.00,  89.85,   0.04, 
   11.631, 0.5240, 0.5445,  3.98237,  3.98928,     5.00,  89.85,   0.03, 
   11.795, 0.5237, 0.5447,  3.98234,  3.98901,     5.00,  89.85,   0.03, 
   11.974, 0.5233, 0.5449,  3.98227,  3.98871,     5.00,  89.85,   0.03, 
   12.172, 0.5229, 0.5451,  3.98214,  3.98838,     5.00,  89.85,   0.03, 
   12.390, 0.5224, 0.5454,  3.98195,  3.98800,     5.00,  89.85,   0.03, 
   12.629, 0.5219, 0.5457,  3.98169,  3.98758,     5.00,  89.85,   0.03, 
   12.892, 0.5214, 0.5460,  3.98135,  3.98710,     5.00,  89.85,   0.03, 
   13.182, 0.5208, 0.5464,  3.98092,  3.98655,     5.00,  89.85,   0.03, 
   13.501, 0.5201, 0.5467,  3.98038,  3.98594,     5.00,  89.85,   0.03, 
   13.851, 0.5194, 0.5472,  3.97974,  3.98523,     5.00,  89.85,   0.03, 
   14.236, 0.5186, 0.5476,  3.97896,  3.98443,     5.00,  89.85,   0.03, 
   14.660, 0.5177, 0.5482,  3.97804,  3.98350,     5.00,  89.85,   0.03, 
   15.000, 0.5170, 0.5486,  3.97725,  3.98273,     5.00,  89.85,   0.03, 
   15.000, 0.5170, 0.5486,  3.97421,  3.98273,    30.00,  89.85,   0.25, 
 specific energy segment =     2.03 W-h/kg
 specific power segment  =    24.37 W/kg
 total heat =          0.0605 W-h/m2
  
   15.000, 0.5170, 0.5486,  3.97421,  3.98273,    30.00,  89.85,   0.25, 
   15.000, 0.5170, 0.5486,  3.97379,  3.98273,    30.00,  89.85,   0.27, 
   15.001, 0.5170, 0.5486,  3.97353,  3.98272,    30.00,  89.85,   0.27, 
   15.001, 0.5170, 0.5486,  3.97333,  3.98272,    30.00,  89.85,   0.28, 
   15.002, 0.5170, 0.5486,  3.97315,  3.98271,    30.00,  89.85,   0.29, 
   15.002, 0.5170, 0.5486,  3.97298,  3.98270,    30.00,  89.85,   0.29, 
   15.003, 0.5170, 0.5486,  3.97282,  3.98270,    30.00,  89.85,   0.30, 
   15.003, 0.5170, 0.5486,  3.97266,  3.98269,    30.00,  89.85,   0.30, 
   15.004, 0.5170, 0.5486,  3.97249,  3.98268,    30.00,  89.85,   0.30, 
   15.005, 0.5170, 0.5486,  3.97233,  3.98267,    30.00,  89.85,   0.31, 
   15.005, 0.5170, 0.5486,  3.97216,  3.98266,    30.00,  89.85,   0.31, 
   15.006, 0.5170, 0.5486,  3.97199,  3.98265,    30.00,  89.85,   0.32, 
   15.007, 0.5169, 0.5486,  3.97182,  3.98263,    30.00,  89.85,   0.32, 
   15.008, 0.5169, 0.5486,  3.97163,  3.98262,    30.00,  89.85,   0.33, 
   15.009, 0.5169, 0.5486,  3.97145,  3.98260,    30.00,  89.85,   0.33, 
   15.011, 0.5169, 0.5486,  3.97125,  3.98259,    30.00,  89.85,   0.34, 
   15.012, 0.5169, 0.5487,  3.97104,  3.98257,    30.00,  89.85,   0.35, 
   15.014, 0.5169, 0.5487,  3.97083,  3.98255,    30.00,  89.85,   0.35, 
   15.015, 0.5168, 0.5487,  3.97061,  3.98252,    30.00,  89.85,   0.36, 
   15.017, 0.5168, 0.5487,  3.97037,  3.98250,    30.00,  89.85,   0.36, 
   15.019, 0.5168, 0.5487,  3.97013,  3.98247,    30.00,  89.85,   0.37, 
   15.021, 0.5168, 0.5487,  3.96987,  3.98244,    30.00,  89.85,   0.38, 
   15.024, 0.5167, 0.5487,  3.96960,  3.98240,    30.00,  89.85,   0.38, 
   15.027, 0.5167, 0.5488,  3.96932,  3.98236,    30.00,  89.85,   0.39, 
   15.029, 0.5167, 0.5488,  3.96902,  3.98232,    30.00,  89.85,   0.40, 
   15.033, 0.5166, 0.5488,  3.96871,  3.98227,    30.00,  89.85,   0.41, 
   15.036, 0.5166, 0.5488,  3.96838,  3.98222,    30.00,  89.85,   0.41, 
   15.040, 0.5165, 0.5489,  3.96803,  3.98217,    30.00,  89.85,   0.42, 
   15.045, 0.5165, 0.5489,  3.96767,  3.98211,    30.00,  89.85,   0.43, 
   15.050, 0.5164, 0.5489,  3.96729,  3.98204,    30.00,  89.85,   0.44, 
   15.055, 0.5163, 0.5490,  3.96688,  3.98196,    30.00,  89.85,   0.45, 
   15.061, 0.5163, 0.5490,  3.96646,  3.98188,    30.00,  89.85,   0.46, 
   15.067, 0.5162, 0.5491,  3.96601,  3.98179,    30.00,  89.85,   0.47, 
   15.074, 0.5161, 0.5491,  3.96554,  3.98169,    30.00,  89.85,   0.48, 
   15.082, 0.5160, 0.5492,  3.96504,  3.98157,    30.00,  89.85,   0.50, 
   15.090, 0.5159, 0.5492,  3.96451,  3.98145,    30.00,  89.85,   0.51, 
   15.100, 0.5158, 0.5493,  3.96395,  3.98131,    30.00,  89.85,   0.52, 
   15.110, 0.5157, 0.5494,  3.96336,  3.98116,    30.00,  89.85,   0.53, 
   15.121, 0.5155, 0.5494,  3.96273,  3.98099,    30.00,  89.85,   0.55, 
   15.134, 0.5154, 0.5495,  3.96206,  3.98081,    30.00,  89.85,   0.56, 
   15.148, 0.5152, 0.5496,  3.96135,  3.98060,    30.00,  89.85,   0.58, 
   15.163, 0.5150, 0.5497,  3.96059,  3.98037,    30.00,  89.85,   0.59, 
   15.179, 0.5148, 0.5499,  3.95979,  3.98012,    30.00,  89.85,   0.61, 
   15.197, 0.5146, 0.5500,  3.95892,  3.97983,    30.00,  89.85,   0.63, 
   15.218, 0.5143, 0.5501,  3.95799,  3.97952,    30.00,  89.85,   0.65, 
   15.240, 0.5140, 0.5503,  3.95700,  3.97917,    30.00,  89.85,   0.66, 
   15.264, 0.5137, 0.5505,  3.95593,  3.97878,    30.00,  89.85,   0.69, 
   15.291, 0.5134, 0.5507,  3.95477,  3.97835,    30.00,  89.85,   0.71, 
   15.320, 0.5130, 0.5509,  3.95353,  3.97786,    30.00,  89.85,   0.73, 
   15.352, 0.5126, 0.5511,  3.95220,  3.97732,    30.00,  89.85,   0.75, 
   15.388, 0.5122, 0.5514,  3.95075,  3.97671,    30.00,  89.85,   0.78, 
   15.427, 0.5117, 0.5517,  3.94919,  3.97602,    30.00,  89.85,   0.80, 
   15.470, 0.5112, 0.5520,  3.94750,  3.97525,    30.00,  89.85,   0.83, 
   15.517, 0.5106, 0.5523,  3.94567,  3.97439,    30.00,  89.85,   0.86, 
   15.570, 0.5099, 0.5527,  3.94368,  3.97341,    30.00,  89.85,   0.89, 
   15.627, 0.5092, 0.5531,  3.94153,  3.97230,    30.00,  89.85,   0.92, 
   15.690, 0.5084, 0.5536,  3.93920,  3.97105,    30.00,  89.85,   0.96, 
   15.759, 0.5076, 0.5541,  3.93666,  3.96963,    30.00,  89.85,   0.99, 
   15.835, 0.5066, 0.5547,  3.93391,  3.96801,    30.00,  89.85,   1.02, 
   15.919, 0.5056, 0.5553,  3.93092,  3.96616,    30.00,  89.85,   1.06, 
   16.012, 0.5044, 0.5559,  3.92767,  3.96406,    30.00,  89.85,   1.09, 
   16.113, 0.5032, 0.5567,  3.92416,  3.96165,    30.00,  89.85,   1.12, 
   16.225, 0.5018, 0.5575,  3.92036,  3.95890,    30.00,  89.85,   1.16, 
   16.348, 0.5003, 0.5584,  3.91627,  3.95575,    30.00,  89.85,   1.18, 
   16.483, 0.4986, 0.5594,  3.91187,  3.95214,    30.00,  89.85,   1.21, 
   16.631, 0.4967, 0.5604,  3.90718,  3.94803,    30.00,  89.85,   1.22, 
   16.795, 0.4947, 0.5616,  3.90221,  3.94334,    30.00,  89.85,   1.23, 
   16.974, 0.4925, 0.5629,  3.89698,  3.93803,    30.00,  89.85,   1.23, 
   17.172, 0.4900, 0.5644,  3.89155,  3.93206,    30.00,  89.85,   1.21, 
   17.390, 0.4873, 0.5660,  3.88598,  3.92543,    30.00,  89.85,   1.18, 
   17.629, 0.4843, 0.5677,  3.88037,  3.91816,    30.00,  89.85,   1.13, 
   17.892, 0.4810, 0.5696,  3.87482,  3.91034,    30.00,  89.85,   1.06, 
   18.182, 0.4774, 0.5717,  3.86945,  3.90214,    30.00,  89.85,   0.98, 
   18.501, 0.4735, 0.5741,  3.86435,  3.89379,    30.00,  89.85,   0.88, 
   18.851, 0.4691, 0.5766,  3.85961,  3.88557,    30.00,  89.85,   0.78, 
   19.236, 0.4643, 0.5794,  3.85527,  3.87778,    30.00,  89.85,   0.67, 
   19.660, 0.4590, 0.5825,  3.85132,  3.87067,    30.00,  89.85,   0.58, 
   20.000, 0.4548, 0.5850,  3.84860,  3.86596,    30.00,  89.85,   0.52, 
   20.000, 0.4548, 0.5850,  3.85168,  3.86596,     5.00,  89.85,   0.08, 
 specific energy segment =    11.92 W-h/kg
 specific power segment  =   142.99 W/kg
 total heat =          0.1366 W-h/m2
  
   20.000, 0.4548, 0.5850,  3.85168,  3.86596,     5.00,  89.85,   0.08, 
   20.000, 0.4548, 0.5850,  3.85184,  3.86596,     5.00,  89.85,   0.08, 
   20.001, 0.4548, 0.5850,  3.85194,  3.86596,     5.00,  89.85,   0.08, 
   20.001, 0.4548, 0.5850,  3.85203,  3.86596,     5.00,  89.85,   0.08, 
   20.002, 0.4548, 0.5850,  3.85210,  3.86596,     5.00,  89.85,   0.08, 
   20.002, 0.4548, 0.5850,  3.85218,  3.86596,     5.00,  89.85,   0.08, 
   20.003, 0.4548, 0.5850,  3.85225,  3.86595,     5.00,  89.85,   0.08, 
   20.003, 0.4548, 0.5850,  3.85231,  3.86595,     5.00,  89.85,   0.07, 
   20.004, 0.4548, 0.5850,  3.85238,  3.86595,     5.00,  89.85,   0.07, 
   20.005, 0.4548, 0.5850,  3.85245,  3.86595,     5.00,  89.85,   0.07, 
   20.005, 0.4548, 0.5850,  3.85252,  3.86595,     5.00,  89.85,   0.07, 
   20.006, 0.4548, 0.5850,  3.85259,  3.86595,     5.00,  89.85,   0.07, 
   20.007, 0.4548, 0.5850,  3.85266,  3.86594,     5.00,  89.85,   0.07, 
   20.008, 0.4548, 0.5850,  3.85274,  3.86594,     5.00,  89.85,   0.07, 
   20.009, 0.4548, 0.5850,  3.85281,  3.86594,     5.00,  89.85,   0.07, 
   20.011, 0.4548, 0.5850,  3.85289,  3.86594,     5.00,  89.85,   0.07, 
   20.012, 0.4548, 0.5850,  3.85297,  3.86593,     5.00,  89.85,   0.07, 
   20.014, 0.4548, 0.5850,  3.85306,  3.86593,     5.00,  89.85,   0.07, 
   20.015, 0.4548, 0.5850,  3.85314,  3.86593,     5.00,  89.85,   0.07, 
   20.017, 0.4548, 0.5850,  3.85323,  3.86592,     5.00,  89.85,   0.07, 
   20.019, 0.4548, 0.5850,  3.85333,  3.86592,     5.00,  89.85,   0.07, 
   20.021, 0.4548, 0.5850,  3.85342,  3.86591,     5.00,  89.85,   0.07, 
   20.024, 0.4548, 0.5850,  3.85352,  3.86591,     5.00,  89.85,   0.07, 
   20.027, 0.4548, 0.5850,  3.85362,  3.86590,     5.00,  89.85,   0.07, 
   20.029, 0.4547, 0.5850,  3.85373,  3.86590,     5.00,  89.85,   0.07, 
   20.033, 0.4547, 0.5850,  3.85384,  3.86589,     5.00,  89.85,   0.07, 
   20.036, 0.4547, 0.5850,  3.85395,  3.86588,     5.00,  89.85,   0.06, 
   20.040, 0.4547, 0.5850,  3.85407,  3.86587,     5.00,  89.85,   0.06, 
   20.045, 0.4547, 0.5850,  3.85419,  3.86586,     5.00,  89.85,   0.06, 
   20.050, 0.4547, 0.5850,  3.85431,  3.86585,     5.00,  89.85,   0.06, 
   20.055, 0.4547, 0.5851,  3.85444,  3.86584,     5.00,  89.85,   0.06, 
   20.061, 0.4547, 0.5851,  3.85456,  3.86583,     5.00,  89.85,   0.06, 
   20.067, 0.4547, 0.5851,  3.85469,  3.86582,     5.00,  89.85,   0.06, 
   20.074, 0.4547, 0.5851,  3.85483,  3.86580,     5.00,  89.85,   0.06, 
   20.082, 0.4546, 0.5851,  3.85496,  3.86579,     5.00,  89.85,   0.06, 
   20.090, 0.4546, 0.5851,  3.85510,  3.86577,     5.00,  89.85,   0.06, 
   20.100, 0.4546, 0.5851,  3.85523,  3.86575,     5.00,  89.85,   0.06, 
   20.110, 0.4546, 0.5851,  3.85537,  3.86573,     5.00,  89.85,   0.06, 
   20.121, 0.4546, 0.5851,  3.85552,  3.86570,     5.00,  89.85,   0.05, 
   20.134, 0.4545, 0.5852,  3.85566,  3.86568,     5.00,  89.85,   0.05, 
   20.148, 0.4545, 0.5852,  3.85580,  3.86565,     5.00,  89.85,   0.05, 
   20.163, 0.4545, 0.5852,  3.85595,  3.86562,     5.00,  89.85,   0.05, 
   20.179, 0.4544, 0.5852,  3.85610,  3.86558,     5.00,  89.85,   0.05, 
   20.197, 0.4544, 0.5852,  3.85625,  3.86554,     5.00,  89.85,   0.05, 
   20.218, 0.4544, 0.5853,  3.85640,  3.86550,     5.00,  89.85,   0.05, 
   20.240, 0.4543, 0.5853,  3.85655,  3.86546,     5.00,  89.85,   0.05, 
   20.264, 0.4543, 0.5853,  3.85670,  3.86541,     5.00,  89.85,   0.05, 
   20.291, 0.4542, 0.5853,  3.85685,  3.86535,     5.00,  89.85,   0.04, 
   20.320, 0.4541, 0.5854,  3.85700,  3.86529,     5.00,  89.85,   0.04, 
   20.352, 0.4541, 0.5854,  3.85715,  3.86522,     5.00,  89.85,   0.04, 
   20.388, 0.4540, 0.5855,  3.85730,  3.86515,     5.00,  89.85,   0.04, 
   20.427, 0.4539, 0.5855,  3.85744,  3.86507,     5.00,  89.85,   0.04, 
   20.470, 0.4538, 0.5856,  3.85759,  3.86498,     5.00,  89.85,   0.04, 
   20.517, 0.4537, 0.5856,  3.85772,  3.86488,     5.00,  89.85,   0.04, 
   20.570, 0.4536, 0.5857,  3.85785,  3.86478,     5.00,  89.85,   0.04, 
   20.627, 0.4535, 0.5857,  3.85798,  3.86466,     5.00,  89.85,   0.03, 
   20.690, 0.4534, 0.5858,  3.85809,  3.86454,     5.00,  89.85,   0.03, 
   20.759, 0.4532, 0.5859,  3.85819,  3.86440,     5.00,  89.85,   0.03, 
   20.835, 0.4531, 0.5860,  3.85828,  3.86425,     5.00,  89.85,   0.03, 
   20.919, 0.4529, 0.5861,  3.85835,  3.86408,     5.00,  89.85,   0.03, 
   21.012, 0.4527, 0.5862,  3.85841,  3.86390,     5.00,  89.85,   0.03, 
   21.113, 0.4525, 0.5863,  3.85844,  3.86370,     5.00,  89.85,   0.03, 
   21.225, 0.4523, 0.5865,  3.85845,  3.86349,     5.00,  89.85,   0.03, 
   21.348, 0.4520, 0.5866,  3.85843,  3.86325,     5.00,  89.85,   0.02, 
   21.483, 0.4517, 0.5868,  3.85839,  3.86300,     5.00,  89.85,   0.02, 
   21.631, 0.4514, 0.5870,  3.85831,  3.86272,     5.00,  89.85,   0.02, 
   21.795, 0.4511, 0.5872,  3.85820,  3.86242,     5.00,  89.85,   0.02, 
   21.974, 0.4507, 0.5874,  3.85805,  3.86209,     5.00,  89.85,   0.02, 
   22.172, 0.4503, 0.5876,  3.85787,  3.86174,     5.00,  89.85,   0.02, 
   22.390, 0.4498, 0.5879,  3.85764,  3.86135,     5.00,  89.85,   0.02, 
   22.629, 0.4494, 0.5882,  3.85737,  3.86094,     5.00,  89.85,   0.02, 
   22.892, 0.4488, 0.5885,  3.85706,  3.86049,     5.00,  89.85,   0.02, 
   23.182, 0.4482, 0.5889,  3.85670,  3.86001,     5.00,  89.85,   0.02, 
   23.501, 0.4475, 0.5892,  3.85630,  3.85949,     5.00,  89.85,   0.02, 
   23.851, 0.4468, 0.5897,  3.85585,  3.85893,     5.00,  89.85,   0.02, 
   24.236, 0.4460, 0.5901,  3.85536,  3.85834,     5.00,  89.85,   0.01, 
   24.660, 0.4451, 0.5906,  3.85481,  3.85770,     5.00,  89.85,   0.01, 
   25.000, 0.4444, 0.5911,  3.85438,  3.85720,     5.00,  89.85,   0.01, 
   25.000, 0.4444, 0.5911,  3.85131,  3.85720,    30.00,  89.85,   0.17, 
 specific energy segment =     1.97 W-h/kg
 specific power segment  =    23.62 W/kg
 total heat =          0.1385 W-h/m2
  
   25.000, 0.4444, 0.5911,  3.85131,  3.85720,    30.00,  89.85,   0.17, 
   25.000, 0.4444, 0.5911,  3.85113,  3.85720,    30.00,  89.85,   0.18, 
   25.001, 0.4444, 0.5911,  3.85101,  3.85719,    30.00,  89.85,   0.18, 
   25.001, 0.4444, 0.5911,  3.85092,  3.85719,    30.00,  89.85,   0.19, 
   25.002, 0.4444, 0.5911,  3.85083,  3.85719,    30.00,  89.85,   0.19, 
   25.002, 0.4444, 0.5911,  3.85075,  3.85718,    30.00,  89.85,   0.19, 
   25.003, 0.4444, 0.5911,  3.85068,  3.85718,    30.00,  89.85,   0.19, 
   25.003, 0.4444, 0.5911,  3.85060,  3.85717,    30.00,  89.85,   0.20, 
   25.004, 0.4444, 0.5911,  3.85052,  3.85717,    30.00,  89.85,   0.20, 
   25.005, 0.4444, 0.5911,  3.85045,  3.85716,    30.00,  89.85,   0.20, 
   25.005, 0.4444, 0.5911,  3.85037,  3.85715,    30.00,  89.85,   0.20, 
   25.006, 0.4444, 0.5911,  3.85029,  3.85715,    30.00,  89.85,   0.20, 
   25.007, 0.4443, 0.5911,  3.85021,  3.85714,    30.00,  89.85,   0.21, 
   25.008, 0.4443, 0.5911,  3.85012,  3.85713,    30.00,  89.85,   0.21, 
   25.009, 0.4443, 0.5911,  3.85003,  3.85712,    30.00,  89.85,   0.21, 
   25.011, 0.4443, 0.5911,  3.84994,  3.85711,    30.00,  89.85,   0.21, 
   25.012, 0.4443, 0.5911,  3.84985,  3.85710,    30.00,  89.85,   0.22, 
   25.014, 0.4443, 0.5912,  3.84975,  3.85708,    30.00,  89.85,   0.22, 
   25.015, 0.4442, 0.5912,  3.84965,  3.85707,    30.00,  89.85,   0.22, 
   25.017, 0.4442, 0.5912,  3.84955,  3.85705,    30.00,  89.85,   0.22, 
   25.019, 0.4442, 0.5912,  3.84944,  3.85703,    30.00,  89.85,   0.23, 
   25.021, 0.4442, 0.5912,  3.84933,  3.85701,    30.00,  89.85,   0.23, 
   25.024, 0.4441, 0.5912,  3.84921,  3.85699,    30.00,  89.85,   0.23, 
   25.027, 0.4441, 0.5913,  3.84908,  3.85697,    30.00,  89.85,   0.24, 
   25.029, 0.4441, 0.5913,  3.84896,  3.85694,    30.00,  89.85,   0.24, 
   25.033, 0.4440, 0.5913,  3.84882,  3.85692,    30.00,  89.85,   0.24, 
   25.036, 0.4440, 0.5913,  3.84868,  3.85688,    30.00,  89.85,   0.24, 
   25.040, 0.4439, 0.5914,  3.84854,  3.85685,    30.00,  89.85,   0.25, 
   25.045, 0.4439, 0.5914,  3.84839,  3.85681,    30.00,  89.85,   0.25, 
   25.050, 0.4438, 0.5914,  3.84824,  3.85677,    30.00,  89.85,   0.25, 
   25.055, 0.4438, 0.5915,  3.84808,  3.85673,    30.00,  89.85,   0.26, 
   25.061, 0.4437, 0.5915,  3.84791,  3.85668,    30.00,  89.85,   0.26, 
   25.067, 0.4436, 0.5915,  3.84774,  3.85662,    30.00,  89.85,   0.26, 
   25.074, 0.4435, 0.5916,  3.84757,  3.85656,    30.00,  89.85,   0.27, 
   25.082, 0.4434, 0.5917,  3.84738,  3.85650,    30.00,  89.85,   0.27, 
   25.090, 0.4433, 0.5917,  3.84719,  3.85643,    30.00,  89.85,   0.28, 
   25.100, 0.4432, 0.5918,  3.84700,  3.85635,    30.00,  89.85,   0.28, 
   25.110, 0.4431, 0.5919,  3.84680,  3.85626,    30.00,  89.85,   0.28, 
   25.121, 0.4429, 0.5919,  3.84659,  3.85617,    30.00,  89.85,   0.29, 
   25.134, 0.4428, 0.5920,  3.84637,  3.85606,    30.00,  89.85,   0.29, 
   25.148, 0.4426, 0.5921,  3.84614,  3.85595,    30.00,  89.85,   0.29, 
   25.163, 0.4424, 0.5922,  3.84590,  3.85583,    30.00,  89.85,   0.30, 
   25.179, 0.4422, 0.5924,  3.84566,  3.85569,    30.00,  89.85,   0.30, 
   25.197, 0.4420, 0.5925,  3.84540,  3.85554,    30.00,  89.85,   0.30, 
   25.218, 0.4417, 0.5926,  3.84513,  3.85538,    30.00,  89.85,   0.31, 
   25.240, 0.4415, 0.5928,  3.84484,  3.85520,    30.00,  89.85,   0.31, 
   25.264, 0.4411, 0.5930,  3.84454,  3.85501,    30.00,  89.85,   0.31, 
   25.291, 0.4408, 0.5932,  3.84423,  3.85480,    30.00,  89.85,   0.32, 
   25.320, 0.4405, 0.5934,  3.84390,  3.85457,    30.00,  89.85,   0.32, 
   25.352, 0.4400, 0.5936,  3.84354,  3.85432,    30.00,  89.85,   0.32, 
   25.388, 0.4396, 0.5939,  3.84317,  3.85405,    30.00,  89.85,   0.33, 
   25.427, 0.4391, 0.5942,  3.84278,  3.85375,    30.00,  89.85,   0.33, 
   25.470, 0.4386, 0.5945,  3.84236,  3.85343,    30.00,  89.85,   0.33, 
   25.517, 0.4380, 0.5948,  3.84192,  3.85308,    30.00,  89.85,   0.33, 
   25.570, 0.4373, 0.5952,  3.84145,  3.85270,    30.00,  89.85,   0.34, 
   25.627, 0.4366, 0.5956,  3.84095,  3.85229,    30.00,  89.85,   0.34, 
   25.690, 0.4358, 0.5961,  3.84042,  3.85185,    30.00,  89.85,   0.34, 
   25.759, 0.4350, 0.5966,  3.83985,  3.85136,    30.00,  89.85,   0.34, 
   25.835, 0.4340, 0.5971,  3.83924,  3.85084,    30.00,  89.85,   0.35, 
   25.919, 0.4330, 0.5978,  3.83859,  3.85027,    30.00,  89.85,   0.35, 
   26.012, 0.4318, 0.5984,  3.83788,  3.84965,    30.00,  89.85,   0.35, 
   26.113, 0.4306, 0.5992,  3.83712,  3.84899,    30.00,  89.85,   0.36, 
   26.225, 0.4292, 0.6000,  3.83630,  3.84826,    30.00,  89.85,   0.36, 
   26.348, 0.4277, 0.6009,  3.83541,  3.84747,    30.00,  89.85,   0.36, 
   26.483, 0.4260, 0.6019,  3.83444,  3.84661,    30.00,  89.85,   0.36, 
   26.631, 0.4241, 0.6029,  3.83338,  3.84567,    30.00,  89.85,   0.37, 
   26.795, 0.4221, 0.6041,  3.83222,  3.84464,    30.00,  89.85,   0.37, 
   26.974, 0.4199, 0.6054,  3.83094,  3.84350,    30.00,  89.85,   0.38, 
   27.172, 0.4174, 0.6069,  3.82953,  3.84225,    30.00,  89.85,   0.38, 
   27.390, 0.4147, 0.6085,  3.82798,  3.84085,    30.00,  89.85,   0.39, 
   27.629, 0.4117, 0.6102,  3.82626,  3.83930,    30.00,  89.85,   0.39, 
   27.892, 0.4084, 0.6121,  3.82434,  3.83755,    30.00,  89.85,   0.39, 
   28.182, 0.4048, 0.6142,  3.82223,  3.83559,    30.00,  89.85,   0.40, 
   28.501, 0.4009, 0.6166,  3.81989,  3.83337,    30.00,  89.85,   0.40, 
   28.851, 0.3965, 0.6191,  3.81728,  3.83086,    30.00,  89.85,   0.40, 
   29.236, 0.3917, 0.6219,  3.81434,  3.82802,    30.00,  89.85,   0.41, 
   29.660, 0.3864, 0.6250,  3.81103,  3.82481,    30.00,  89.85,   0.41, 
   30.000, 0.3822, 0.6275,  3.80834,  3.82218,    30.00,  89.85,   0.41, 
   30.000, 0.3822, 0.6275,  3.81146,  3.82218,     5.00,  89.85,   0.06, 
 specific energy segment =    11.72 W-h/kg
 specific power segment  =   140.61 W/kg
 total heat =          0.1700 W-h/m2
  
   30.000, 0.3822, 0.6275,  3.81146,  3.82218,     5.00,  89.85,   0.06, 
   30.000, 0.3822, 0.6275,  3.81163,  3.82218,     5.00,  89.85,   0.06, 
   30.001, 0.3822, 0.6275,  3.81173,  3.82218,     5.00,  89.85,   0.06, 
   30.001, 0.3822, 0.6275,  3.81182,  3.82218,     5.00,  89.85,   0.06, 
   30.002, 0.3822, 0.6275,  3.81189,  3.82218,     5.00,  89.85,   0.05, 
   30.002, 0.3822, 0.6275,  3.81196,  3.82218,     5.00,  89.85,   0.05, 
   30.003, 0.3822, 0.6275,  3.81203,  3.82218,     5.00,  89.85,   0.05, 
   30.003, 0.3822, 0.6275,  3.81210,  3.82218,     5.00,  89.85,   0.05, 
   30.004, 0.3822, 0.6275,  3.81216,  3.82218,     5.00,  89.85,   0.05, 
   30.005, 0.3822, 0.6275,  3.81223,  3.82218,     5.00,  89.85,   0.05, 
   30.005, 0.3822, 0.6275,  3.81230,  3.82217,     5.00,  89.85,   0.05, 
   30.006, 0.3822, 0.6275,  3.81237,  3.82217,     5.00,  89.85,   0.05, 
   30.007, 0.3822, 0.6275,  3.81244,  3.82217,     5.00,  89.85,   0.05, 
   30.008, 0.3822, 0.6275,  3.81251,  3.82217,     5.00,  89.85,   0.05, 
   30.009, 0.3822, 0.6275,  3.81258,  3.82217,     5.00,  89.85,   0.05, 
   30.011, 0.3822, 0.6275,  3.81266,  3.82217,     5.00,  89.85,   0.05, 
   30.012, 0.3822, 0.6275,  3.81273,  3.82217,     5.00,  89.85,   0.05, 
   30.014, 0.3822, 0.6275,  3.81281,  3.82216,     5.00,  89.85,   0.05, 
   30.015, 0.3822, 0.6275,  3.81290,  3.82216,     5.00,  89.85,   0.05, 
   30.017, 0.3822, 0.6275,  3.81298,  3.82216,     5.00,  89.85,   0.05, 
   30.019, 0.3822, 0.6275,  3.81307,  3.82216,     5.00,  89.85,   0.05, 
   30.021, 0.3822, 0.6275,  3.81316,  3.82215,     5.00,  89.85,   0.05, 
   30.024, 0.3822, 0.6275,  3.81325,  3.82215,     5.00,  89.85,   0.05, 
   30.027, 0.3822, 0.6275,  3.81334,  3.82215,     5.00,  89.85,   0.05, 
   30.029, 0.3821, 0.6275,  3.81344,  3.82214,     5.00,  89.85,   0.05, 
   30.033, 0.3821, 0.6275,  3.81354,  3.82214,     5.00,  89.85,   0.05, 
   30.036, 0.3821, 0.6275,  3.81364,  3.82213,     5.00,  89.85,   0.05, 
   30.040, 0.3821, 0.6275,  3.81374,  3.82213,     5.00,  89.85,   0.05, 
   30.045, 0.3821, 0.6275,  3.81385,  3.82212,     5.00,  89.85,   0.05, 
   30.050, 0.3821, 0.6275,  3.81396,  3.82212,     5.00,  89.85,   0.05, 
   30.055, 0.3821, 0.6275,  3.81407,  3.82211,     5.00,  89.85,   0.04, 
   30.061, 0.3821, 0.6276,  3.81418,  3.82210,     5.00,  89.85,   0.04, 
   30.067, 0.3821, 0.6276,  3.81429,  3.82209,     5.00,  89.85,   0.04, 
   30.074, 0.3821, 0.6276,  3.81440,  3.82209,     5.00,  89.85,   0.04, 
   30.082, 0.3820, 0.6276,  3.81452,  3.82208,     5.00,  89.85,   0.04, 
   30.090, 0.3820, 0.6276,  3.81463,  3.82206,     5.00,  89.85,   0.04, 
   30.100, 0.3820, 0.6276,  3.81474,  3.82205,     5.00,  89.85,   0.04, 
   30.110, 0.3820, 0.6276,  3.81486,  3.82204,     5.00,  89.85,   0.04, 
   30.121, 0.3820, 0.6276,  3.81497,  3.82202,     5.00,  89.85,   0.04, 
   30.134, 0.3819, 0.6276,  3.81509,  3.82201,     5.00,  89.85,   0.04, 
   30.148, 0.3819, 0.6277,  3.81520,  3.82199,     5.00,  89.85,   0.04, 
   30.163, 0.3819, 0.6277,  3.81532,  3.82197,     5.00,  89.85,   0.04, 
   30.179, 0.3818, 0.6277,  3.81543,  3.82195,     5.00,  89.85,   0.04, 
   30.197, 0.3818, 0.6277,  3.81555,  3.82192,     5.00,  89.85,   0.04, 
   30.218, 0.3818, 0.6277,  3.81566,  3.82190,     5.00,  89.85,   0.04, 
   30.240, 0.3817, 0.6278,  3.81578,  3.82187,     5.00,  89.85,   0.04, 
   30.264, 0.3817, 0.6278,  3.81589,  3.82184,     5.00,  89.85,   0.03, 
   30.291, 0.3816, 0.6278,  3.81600,  3.82180,     5.00,  89.85,   0.03, 
   30.320, 0.3815, 0.6279,  3.81611,  3.82176,     5.00,  89.85,   0.03, 
   30.352, 0.3815, 0.6279,  3.81622,  3.82172,     5.00,  89.85,   0.03, 
   30.388, 0.3814, 0.6280,  3.81632,  3.82168,     5.00,  89.85,   0.03, 
   30.427, 0.3813, 0.6280,  3.81643,  3.82162,     5.00,  89.85,   0.03, 
   30.470, 0.3812, 0.6281,  3.81652,  3.82157,     5.00,  89.85,   0.03, 
   30.517, 0.3811, 0.6281,  3.81662,  3.82151,     5.00,  89.85,   0.03, 
   30.570, 0.3810, 0.6282,  3.81670,  3.82144,     5.00,  89.85,   0.03, 
   30.627, 0.3809, 0.6282,  3.81678,  3.82136,     5.00,  89.85,   0.03, 
   30.690, 0.3808, 0.6283,  3.81686,  3.82128,     5.00,  89.85,   0.03, 
   30.759, 0.3806, 0.6284,  3.81692,  3.82119,     5.00,  89.85,   0.03, 
   30.835, 0.3805, 0.6285,  3.81697,  3.82109,     5.00,  89.85,   0.02, 
   30.919, 0.3803, 0.6286,  3.81701,  3.82098,     5.00,  89.85,   0.02, 
   31.012, 0.3801, 0.6287,  3.81704,  3.82086,     5.00,  89.85,   0.02, 
   31.113, 0.3799, 0.6288,  3.81705,  3.82073,     5.00,  89.85,   0.02, 
   31.225, 0.3797, 0.6290,  3.81705,  3.82058,     5.00,  89.85,   0.02, 
   31.348, 0.3794, 0.6291,  3.81702,  3.82042,     5.00,  89.85,   0.02, 
   31.483, 0.3791, 0.6293,  3.81697,  3.82024,     5.00,  89.85,   0.02, 
   31.631, 0.3788, 0.6295,  3.81689,  3.82004,     5.00,  89.85,   0.02, 
   31.795, 0.3785, 0.6297,  3.81678,  3.81983,     5.00,  89.85,   0.02, 
   31.974, 0.3781, 0.6299,  3.81664,  3.81959,     5.00,  89.85,   0.02, 
   32.172, 0.3777, 0.6301,  3.81647,  3.81933,     5.00,  89.85,   0.02, 
   32.390, 0.3773, 0.6304,  3.81626,  3.81904,     5.00,  89.85,   0.02, 
   32.629, 0.3768, 0.6307,  3.81601,  3.81872,     5.00,  89.85,   0.01, 
   32.892, 0.3762, 0.6310,  3.81572,  3.81838,     5.00,  89.85,   0.01, 
   33.182, 0.3756, 0.6313,  3.81539,  3.81799,     5.00,  89.85,   0.01, 
   33.501, 0.3749, 0.6317,  3.81500,  3.81757,     5.00,  89.85,   0.01, 
   33.851, 0.3742, 0.6322,  3.81457,  3.81710,     5.00,  89.85,   0.01, 
   34.236, 0.3734, 0.6326,  3.81408,  3.81658,     5.00,  89.85,   0.01, 
   34.660, 0.3725, 0.6331,  3.81354,  3.81602,     5.00,  89.85,   0.01, 
   35.000, 0.3718, 0.6336,  3.81309,  3.81556,     5.00,  89.85,   0.01, 
   35.000, 0.3718, 0.6336,  3.80998,  3.81556,    30.00,  89.85,   0.16, 
 specific energy segment =     1.95 W-h/kg
 specific power segment  =    23.36 W/kg
 total heat =          0.1715 W-h/m2
  
   35.000, 0.3718, 0.6336,  3.80998,  3.81556,    30.00,  89.85,   0.16, 
   35.000, 0.3718, 0.6336,  3.80982,  3.81556,    30.00,  89.85,   0.17, 
   35.001, 0.3718, 0.6336,  3.80971,  3.81556,    30.00,  89.85,   0.17, 
   35.001, 0.3718, 0.6336,  3.80962,  3.81555,    30.00,  89.85,   0.18, 
   35.002, 0.3718, 0.6336,  3.80954,  3.81555,    30.00,  89.85,   0.18, 
   35.002, 0.3718, 0.6336,  3.80947,  3.81554,    30.00,  89.85,   0.18, 
   35.003, 0.3718, 0.6336,  3.80940,  3.81554,    30.00,  89.85,   0.18, 
   35.003, 0.3718, 0.6336,  3.80932,  3.81554,    30.00,  89.85,   0.18, 
   35.004, 0.3718, 0.6336,  3.80925,  3.81553,    30.00,  89.85,   0.19, 
   35.005, 0.3718, 0.6336,  3.80918,  3.81552,    30.00,  89.85,   0.19, 
   35.005, 0.3718, 0.6336,  3.80910,  3.81552,    30.00,  89.85,   0.19, 
   35.006, 0.3718, 0.6336,  3.80902,  3.81551,    30.00,  89.85,   0.19, 
   35.007, 0.3717, 0.6336,  3.80894,  3.81550,    30.00,  89.85,   0.19, 
   35.008, 0.3717, 0.6336,  3.80886,  3.81550,    30.00,  89.85,   0.20, 
   35.009, 0.3717, 0.6336,  3.80878,  3.81549,    30.00,  89.85,   0.20, 
   35.011, 0.3717, 0.6336,  3.80869,  3.81548,    30.00,  89.85,   0.20, 
   35.012, 0.3717, 0.6336,  3.80860,  3.81546,    30.00,  89.85,   0.20, 
   35.014, 0.3717, 0.6337,  3.80851,  3.81545,    30.00,  89.85,   0.21, 
   35.015, 0.3716, 0.6337,  3.80841,  3.81544,    30.00,  89.85,   0.21, 
   35.017, 0.3716, 0.6337,  3.80830,  3.81542,    30.00,  89.85,   0.21, 
   35.019, 0.3716, 0.6337,  3.80820,  3.81541,    30.00,  89.85,   0.21, 
   35.021, 0.3716, 0.6337,  3.80809,  3.81539,    30.00,  89.85,   0.22, 
   35.024, 0.3715, 0.6337,  3.80797,  3.81537,    30.00,  89.85,   0.22, 
   35.027, 0.3715, 0.6337,  3.80785,  3.81535,    30.00,  89.85,   0.22, 
   35.029, 0.3715, 0.6338,  3.80772,  3.81532,    30.00,  89.85,   0.23, 
   35.033, 0.3714, 0.6338,  3.80759,  3.81530,    30.00,  89.85,   0.23, 
   35.036, 0.3714, 0.6338,  3.80745,  3.81527,    30.00,  89.85,   0.23, 
   35.040, 0.3713, 0.6338,  3.80731,  3.81524,    30.00,  89.85,   0.23, 
   35.045, 0.3713, 0.6339,  3.80716,  3.81520,    30.00,  89.85,   0.24, 
   35.050, 0.3712, 0.6339,  3.80701,  3.81516,    30.00,  89.85,   0.24, 
   35.055, 0.3712, 0.6340,  3.80685,  3.81512,    30.00,  89.85,   0.24, 
   35.061, 0.3711, 0.6340,  3.80668,  3.81507,    30.00,  89.85,   0.25, 
   35.067, 0.3710, 0.6340,  3.80651,  3.81502,    30.00,  89.85,   0.25, 
   35.074, 0.3709, 0.6341,  3.80633,  3.81496,    30.00,  89.85,   0.26, 
   35.082, 0.3708, 0.6341,  3.80614,  3.81490,    30.00,  89.85,   0.26, 
   35.090, 0.3707, 0.6342,  3.80595,  3.81483,    30.00,  89.85,   0.26, 
   35.100, 0.3706, 0.6343,  3.80575,  3.81476,    30.00,  89.85,   0.27, 
   35.110, 0.3705, 0.6344,  3.80554,  3.81467,    30.00,  89.85,   0.27, 
   35.121, 0.3703, 0.6344,  3.80532,  3.81458,    30.00,  89.85,   0.27, 
   35.134, 0.3702, 0.6345,  3.80509,  3.81448,    30.00,  89.85,   0.28, 
   35.148, 0.3700, 0.6346,  3.80484,  3.81437,    30.00,  89.85,   0.28, 
   35.163, 0.3698, 0.6347,  3.80459,  3.81425,    30.00,  89.85,   0.29, 
   35.179, 0.3696, 0.6349,  3.80432,  3.81412,    30.00,  89.85,   0.29, 
   35.197, 0.3694, 0.6350,  3.80403,  3.81397,    30.00,  89.85,   0.29, 
   35.218, 0.3691, 0.6351,  3.80373,  3.81381,    30.00,  89.85,   0.30, 
   35.240, 0.3689, 0.6353,  3.80341,  3.81363,    30.00,  89.85,   0.30, 
   35.264, 0.3686, 0.6355,  3.80306,  3.81343,    30.00,  89.85,   0.31, 
   35.291, 0.3682, 0.6357,  3.80269,  3.81321,    30.00,  89.85,   0.31, 
   35.320, 0.3679, 0.6359,  3.80230,  3.81298,    30.00,  89.85,   0.32, 
   35.352, 0.3675, 0.6361,  3.80188,  3.81271,    30.00,  89.85,   0.32, 
   35.388, 0.3670, 0.6364,  3.80143,  3.81243,    30.00,  89.85,   0.33, 
   35.427, 0.3665, 0.6367,  3.80095,  3.81211,    30.00,  89.85,   0.33, 
   35.470, 0.3660, 0.6370,  3.80044,  3.81176,    30.00,  89.85,   0.34, 
   35.517, 0.3654, 0.6373,  3.79989,  3.81138,    30.00,  89.85,   0.34, 
   35.570, 0.3647, 0.6377,  3.79930,  3.81095,    30.00,  89.85,   0.35, 
   35.627, 0.3640, 0.6381,  3.79867,  3.81049,    30.00,  89.85,   0.35, 
   35.690, 0.3633, 0.6386,  3.79799,  3.80998,    30.00,  89.85,   0.36, 
   35.759, 0.3624, 0.6391,  3.79727,  3.80941,    30.00,  89.85,   0.36, 
   35.835, 0.3614, 0.6396,  3.79649,  3.80879,    30.00,  89.85,   0.37, 
   35.919, 0.3604, 0.6402,  3.79565,  3.80811,    30.00,  89.85,   0.37, 
   36.012, 0.3592, 0.6409,  3.79475,  3.80736,    30.00,  89.85,   0.38, 
   36.113, 0.3580, 0.6417,  3.79377,  3.80653,    30.00,  89.85,   0.38, 
   36.225, 0.3566, 0.6425,  3.79273,  3.80563,    30.00,  89.85,   0.39, 
   36.348, 0.3551, 0.6434,  3.79160,  3.80463,    30.00,  89.85,   0.39, 
   36.483, 0.3534, 0.6444,  3.79038,  3.80354,    30.00,  89.85,   0.40, 
   36.631, 0.3515, 0.6454,  3.78906,  3.80233,    30.00,  89.85,   0.40, 
   36.795, 0.3495, 0.6466,  3.78763,  3.80101,    30.00,  89.85,   0.40, 
   36.974, 0.3473, 0.6479,  3.78609,  3.79957,    30.00,  89.85,   0.41, 
   37.172, 0.3448, 0.6494,  3.78442,  3.79798,    30.00,  89.85,   0.41, 
   37.390, 0.3421, 0.6510,  3.78261,  3.79625,    30.00,  89.85,   0.41, 
   37.629, 0.3391, 0.6527,  3.78065,  3.79436,    30.00,  89.85,   0.41, 
   37.892, 0.3358, 0.6546,  3.77852,  3.79229,    30.00,  89.85,   0.42, 
   38.182, 0.3322, 0.6567,  3.77622,  3.79003,    30.00,  89.85,   0.42, 
   38.501, 0.3283, 0.6591,  3.77372,  3.78758,    30.00,  89.85,   0.42, 
   38.851, 0.3239, 0.6616,  3.77101,  3.78491,    30.00,  89.85,   0.42, 
   39.236, 0.3191, 0.6644,  3.76802,  3.78202,    30.00,  89.85,   0.42, 
   39.660, 0.3138, 0.6675,  3.76467,  3.77887,    30.00,  89.85,   0.42, 
   40.000, 0.3096, 0.6700,  3.76191,  3.77638,    30.00,  89.85,   0.43, 
   40.000, 0.3096, 0.6700,  3.76510,  3.77638,     5.00,  89.85,   0.06, 
 specific energy segment =    11.58 W-h/kg
 specific power segment  =   138.96 W/kg
 total heat =          0.2046 W-h/m2
  
   40.000, 0.3096, 0.6700,  3.76510,  3.77638,     5.00,  89.85,   0.06, 
   40.000, 0.3096, 0.6700,  3.76530,  3.77638,     5.00,  89.85,   0.06, 
   40.001, 0.3096, 0.6700,  3.76543,  3.77638,     5.00,  89.85,   0.06, 
   40.001, 0.3096, 0.6700,  3.76553,  3.77638,     5.00,  89.85,   0.06, 
   40.002, 0.3096, 0.6700,  3.76562,  3.77638,     5.00,  89.85,   0.06, 
   40.002, 0.3096, 0.6700,  3.76570,  3.77638,     5.00,  89.85,   0.06, 
   40.003, 0.3096, 0.6700,  3.76578,  3.77638,     5.00,  89.85,   0.05, 
   40.003, 0.3096, 0.6700,  3.76585,  3.77637,     5.00,  89.85,   0.05, 
   40.004, 0.3096, 0.6700,  3.76593,  3.77637,     5.00,  89.85,   0.05, 
   40.005, 0.3096, 0.6700,  3.76601,  3.77637,     5.00,  89.85,   0.05, 
   40.005, 0.3096, 0.6700,  3.76608,  3.77637,     5.00,  89.85,   0.05, 
   40.006, 0.3096, 0.6700,  3.76616,  3.77637,     5.00,  89.85,   0.05, 
   40.007, 0.3096, 0.6700,  3.76624,  3.77637,     5.00,  89.85,   0.05, 
   40.008, 0.3096, 0.6700,  3.76632,  3.77637,     5.00,  89.85,   0.05, 
   40.009, 0.3096, 0.6700,  3.76640,  3.77637,     5.00,  89.85,   0.05, 
   40.011, 0.3096, 0.6700,  3.76649,  3.77637,     5.00,  89.85,   0.05, 
   40.012, 0.3096, 0.6700,  3.76658,  3.77636,     5.00,  89.85,   0.05, 
   40.014, 0.3096, 0.6700,  3.76667,  3.77636,     5.00,  89.85,   0.05, 
   40.015, 0.3096, 0.6700,  3.76676,  3.77636,     5.00,  89.85,   0.05, 
   40.017, 0.3096, 0.6700,  3.76686,  3.77636,     5.00,  89.85,   0.05, 
   40.019, 0.3096, 0.6700,  3.76696,  3.77636,     5.00,  89.85,   0.05, 
   40.021, 0.3096, 0.6700,  3.76706,  3.77635,     5.00,  89.85,   0.05, 
   40.024, 0.3096, 0.6700,  3.76717,  3.77635,     5.00,  89.85,   0.05, 
   40.027, 0.3096, 0.6700,  3.76727,  3.77635,     5.00,  89.85,   0.05, 
   40.029, 0.3095, 0.6700,  3.76739,  3.77634,     5.00,  89.85,   0.05, 
   40.033, 0.3095, 0.6700,  3.76750,  3.77634,     5.00,  89.85,   0.05, 
   40.036, 0.3095, 0.6700,  3.76762,  3.77633,     5.00,  89.85,   0.04, 
   40.040, 0.3095, 0.6700,  3.76774,  3.77633,     5.00,  89.85,   0.04, 
   40.045, 0.3095, 0.6700,  3.76786,  3.77632,     5.00,  89.85,   0.04, 
   40.050, 0.3095, 0.6700,  3.76799,  3.77632,     5.00,  89.85,   0.04, 
   40.055, 0.3095, 0.6700,  3.76812,  3.77631,     5.00,  89.85,   0.04, 
   40.061, 0.3095, 0.6700,  3.76825,  3.77630,     5.00,  89.85,   0.04, 
   40.067, 0.3095, 0.6701,  3.76838,  3.77630,     5.00,  89.85,   0.04, 
   40.074, 0.3095, 0.6701,  3.76851,  3.77629,     5.00,  89.85,   0.04, 
   40.082, 0.3094, 0.6701,  3.76864,  3.77628,     5.00,  89.85,   0.04, 
   40.090, 0.3094, 0.6701,  3.76878,  3.77627,     5.00,  89.85,   0.04, 
   40.100, 0.3094, 0.6701,  3.76891,  3.77626,     5.00,  89.85,   0.04, 
   40.110, 0.3094, 0.6701,  3.76905,  3.77624,     5.00,  89.85,   0.04, 
   40.121, 0.3094, 0.6701,  3.76918,  3.77623,     5.00,  89.85,   0.04, 
   40.134, 0.3093, 0.6701,  3.76932,  3.77622,     5.00,  89.85,   0.04, 
   40.148, 0.3093, 0.6702,  3.76945,  3.77620,     5.00,  89.85,   0.03, 
   40.163, 0.3093, 0.6702,  3.76959,  3.77618,     5.00,  89.85,   0.03, 
   40.179, 0.3092, 0.6702,  3.76972,  3.77616,     5.00,  89.85,   0.03, 
   40.197, 0.3092, 0.6702,  3.76986,  3.77614,     5.00,  89.85,   0.03, 
   40.218, 0.3092, 0.6702,  3.76999,  3.77611,     5.00,  89.85,   0.03, 
   40.240, 0.3091, 0.6703,  3.77013,  3.77609,     5.00,  89.85,   0.03, 
   40.264, 0.3091, 0.6703,  3.77026,  3.77606,     5.00,  89.85,   0.03, 
   40.291, 0.3090, 0.6703,  3.77039,  3.77602,     5.00,  89.85,   0.03, 
   40.320, 0.3089, 0.6704,  3.77052,  3.77599,     5.00,  89.85,   0.03, 
   40.352, 0.3089, 0.6704,  3.77064,  3.77595,     5.00,  89.85,   0.03, 
   40.388, 0.3088, 0.6704,  3.77077,  3.77591,     5.00,  89.85,   0.03, 
   40.427, 0.3087, 0.6705,  3.77089,  3.77586,     5.00,  89.85,   0.03, 
   40.470, 0.3086, 0.6705,  3.77100,  3.77581,     5.00,  89.85,   0.02, 
   40.517, 0.3085, 0.6706,  3.77111,  3.77575,     5.00,  89.85,   0.02, 
   40.570, 0.3084, 0.6707,  3.77122,  3.77569,     5.00,  89.85,   0.02, 
   40.627, 0.3083, 0.6707,  3.77131,  3.77562,     5.00,  89.85,   0.02, 
   40.690, 0.3082, 0.6708,  3.77140,  3.77554,     5.00,  89.85,   0.02, 
   40.759, 0.3080, 0.6709,  3.77147,  3.77546,     5.00,  89.85,   0.02, 
   40.835, 0.3079, 0.6710,  3.77154,  3.77536,     5.00,  89.85,   0.02, 
   40.919, 0.3077, 0.6711,  3.77159,  3.77526,     5.00,  89.85,   0.02, 
   41.012, 0.3075, 0.6712,  3.77162,  3.77515,     5.00,  89.85,   0.02, 
   41.113, 0.3073, 0.6713,  3.77164,  3.77503,     5.00,  89.85,   0.02, 
   41.225, 0.3071, 0.6715,  3.77164,  3.77489,     5.00,  89.85,   0.02, 
   41.348, 0.3068, 0.6716,  3.77161,  3.77474,     5.00,  89.85,   0.02, 
   41.483, 0.3065, 0.6718,  3.77156,  3.77458,     5.00,  89.85,   0.02, 
   41.631, 0.3062, 0.6720,  3.77149,  3.77440,     5.00,  89.85,   0.01, 
   41.795, 0.3059, 0.6722,  3.77139,  3.77420,     5.00,  89.85,   0.01, 
   41.974, 0.3055, 0.6724,  3.77126,  3.77398,     5.00,  89.85,   0.01, 
   42.172, 0.3051, 0.6726,  3.77110,  3.77374,     5.00,  89.85,   0.01, 
   42.390, 0.3047, 0.6729,  3.77090,  3.77348,     5.00,  89.85,   0.01, 
   42.629, 0.3042, 0.6732,  3.77067,  3.77319,     5.00,  89.85,   0.01, 
   42.892, 0.3036, 0.6735,  3.77039,  3.77287,     5.00,  89.85,   0.01, 
   43.182, 0.3030, 0.6738,  3.77008,  3.77252,     5.00,  89.85,   0.01, 
   43.501, 0.3024, 0.6742,  3.76973,  3.77214,     5.00,  89.85,   0.01, 
   43.851, 0.3016, 0.6747,  3.76932,  3.77171,     5.00,  89.85,   0.01, 
   44.236, 0.3008, 0.6751,  3.76887,  3.77125,     5.00,  89.85,   0.01, 
   44.660, 0.2999, 0.6756,  3.76837,  3.77074,     5.00,  89.85,   0.01, 
   45.000, 0.2992, 0.6760,  3.76797,  3.77033,     5.00,  89.85,   0.01, 
   45.000, 0.2992, 0.6760,  3.76480,  3.77033,    30.00,  89.85,   0.16, 
 specific energy segment =     1.92 W-h/kg
 specific power segment  =    23.09 W/kg
 total heat =          0.2059 W-h/m2
  
   45.000, 0.2992, 0.6760,  3.76480,  3.77033,    30.00,  89.85,   0.16, 
   45.000, 0.2992, 0.6760,  3.76463,  3.77033,    30.00,  89.85,   0.17, 
   45.001, 0.2992, 0.6761,  3.76452,  3.77032,    30.00,  89.85,   0.17, 
   45.001, 0.2992, 0.6761,  3.76443,  3.77032,    30.00,  89.85,   0.17, 
   45.002, 0.2992, 0.6761,  3.76436,  3.77032,    30.00,  89.85,   0.18, 
   45.002, 0.2992, 0.6761,  3.76428,  3.77031,    30.00,  89.85,   0.18, 
   45.003, 0.2992, 0.6761,  3.76421,  3.77031,    30.00,  89.85,   0.18, 
   45.003, 0.2992, 0.6761,  3.76413,  3.77031,    30.00,  89.85,   0.18, 
   45.004, 0.2992, 0.6761,  3.76406,  3.77030,    30.00,  89.85,   0.19, 
   45.005, 0.2992, 0.6761,  3.76399,  3.77030,    30.00,  89.85,   0.19, 
   45.005, 0.2992, 0.6761,  3.76391,  3.77029,    30.00,  89.85,   0.19, 
   45.006, 0.2992, 0.6761,  3.76383,  3.77029,    30.00,  89.85,   0.19, 
   45.007, 0.2992, 0.6761,  3.76375,  3.77028,    30.00,  89.85,   0.19, 
   45.008, 0.2991, 0.6761,  3.76367,  3.77027,    30.00,  89.85,   0.20, 
   45.009, 0.2991, 0.6761,  3.76359,  3.77026,    30.00,  89.85,   0.20, 
   45.011, 0.2991, 0.6761,  3.76350,  3.77025,    30.00,  89.85,   0.20, 
   45.012, 0.2991, 0.6761,  3.76340,  3.77024,    30.00,  89.85,   0.20, 
   45.014, 0.2991, 0.6761,  3.76331,  3.77023,    30.00,  89.85,   0.21, 
   45.015, 0.2991, 0.6762,  3.76321,  3.77022,    30.00,  89.85,   0.21, 
   45.017, 0.2990, 0.6762,  3.76310,  3.77021,    30.00,  89.85,   0.21, 
   45.019, 0.2990, 0.6762,  3.76299,  3.77019,    30.00,  89.85,   0.21, 
   45.021, 0.2990, 0.6762,  3.76288,  3.77018,    30.00,  89.85,   0.22, 
   45.024, 0.2989, 0.6762,  3.76276,  3.77016,    30.00,  89.85,   0.22, 
   45.027, 0.2989, 0.6762,  3.76264,  3.77014,    30.00,  89.85,   0.22, 
   45.029, 0.2989, 0.6763,  3.76251,  3.77012,    30.00,  89.85,   0.23, 
   45.033, 0.2988, 0.6763,  3.76237,  3.77009,    30.00,  89.85,   0.23, 
   45.036, 0.2988, 0.6763,  3.76223,  3.77007,    30.00,  89.85,   0.23, 
   45.040, 0.2987, 0.6763,  3.76208,  3.77004,    30.00,  89.85,   0.24, 
   45.045, 0.2987, 0.6764,  3.76192,  3.77001,    30.00,  89.85,   0.24, 
   45.050, 0.2986, 0.6764,  3.76176,  3.76997,    30.00,  89.85,   0.24, 
   45.055, 0.2986, 0.6764,  3.76159,  3.76993,    30.00,  89.85,   0.25, 
   45.061, 0.2985, 0.6765,  3.76142,  3.76989,    30.00,  89.85,   0.25, 
   45.067, 0.2984, 0.6765,  3.76123,  3.76985,    30.00,  89.85,   0.26, 
   45.074, 0.2983, 0.6766,  3.76104,  3.76979,    30.00,  89.85,   0.26, 
   45.082, 0.2982, 0.6766,  3.76085,  3.76974,    30.00,  89.85,   0.27, 
   45.090, 0.2981, 0.6767,  3.76064,  3.76968,    30.00,  89.85,   0.27, 
   45.100, 0.2980, 0.6768,  3.76042,  3.76961,    30.00,  89.85,   0.27, 
   45.110, 0.2979, 0.6768,  3.76020,  3.76953,    30.00,  89.85,   0.28, 
   45.121, 0.2977, 0.6769,  3.75997,  3.76945,    30.00,  89.85,   0.28, 
   45.134, 0.2976, 0.6770,  3.75972,  3.76936,    30.00,  89.85,   0.29, 
   45.148, 0.2974, 0.6771,  3.75946,  3.76926,    30.00,  89.85,   0.29, 
   45.163, 0.2972, 0.6772,  3.75919,  3.76915,    30.00,  89.85,   0.30, 
   45.179, 0.2970, 0.6774,  3.75890,  3.76903,    30.00,  89.85,   0.30, 
   45.197, 0.2968, 0.6775,  3.75860,  3.76890,    30.00,  89.85,   0.31, 
   45.218, 0.2965, 0.6776,  3.75828,  3.76876,    30.00,  89.85,   0.31, 
   45.240, 0.2963, 0.6778,  3.75794,  3.76860,    30.00,  89.85,   0.32, 
   45.264, 0.2960, 0.6780,  3.75758,  3.76842,    30.00,  89.85,   0.32, 
   45.291, 0.2956, 0.6782,  3.75720,  3.76823,    30.00,  89.85,   0.33, 
   45.320, 0.2953, 0.6784,  3.75679,  3.76802,    30.00,  89.85,   0.34, 
   45.352, 0.2949, 0.6786,  3.75635,  3.76778,    30.00,  89.85,   0.34, 
   45.388, 0.2944, 0.6789,  3.75588,  3.76752,    30.00,  89.85,   0.35, 
   45.427, 0.2939, 0.6792,  3.75538,  3.76724,    30.00,  89.85,   0.36, 
   45.470, 0.2934, 0.6795,  3.75484,  3.76693,    30.00,  89.85,   0.36, 
   45.517, 0.2928, 0.6798,  3.75426,  3.76659,    30.00,  89.85,   0.37, 
   45.570, 0.2922, 0.6802,  3.75364,  3.76621,    30.00,  89.85,   0.38, 
   45.627, 0.2914, 0.6806,  3.75296,  3.76579,    30.00,  89.85,   0.38, 
   45.690, 0.2907, 0.6811,  3.75224,  3.76534,    30.00,  89.85,   0.39, 
   45.759, 0.2898, 0.6816,  3.75145,  3.76483,    30.00,  89.85,   0.40, 
   45.835, 0.2888, 0.6821,  3.75060,  3.76428,    30.00,  89.85,   0.41, 
   45.919, 0.2878, 0.6827,  3.74967,  3.76367,    30.00,  89.85,   0.42, 
   46.012, 0.2867, 0.6834,  3.74867,  3.76299,    30.00,  89.85,   0.43, 
   46.113, 0.2854, 0.6842,  3.74757,  3.76225,    30.00,  89.85,   0.44, 
   46.225, 0.2840, 0.6850,  3.74638,  3.76143,    30.00,  89.85,   0.45, 
   46.348, 0.2825, 0.6859,  3.74507,  3.76053,    30.00,  89.85,   0.46, 
   46.483, 0.2808, 0.6868,  3.74364,  3.75953,    30.00,  89.85,   0.48, 
   46.631, 0.2789, 0.6879,  3.74206,  3.75842,    30.00,  89.85,   0.49, 
   46.795, 0.2769, 0.6891,  3.74033,  3.75720,    30.00,  89.85,   0.51, 
   46.974, 0.2747, 0.6904,  3.73842,  3.75584,    30.00,  89.85,   0.52, 
   47.172, 0.2722, 0.6919,  3.73632,  3.75433,    30.00,  89.85,   0.54, 
   47.390, 0.2695, 0.6935,  3.73399,  3.75265,    30.00,  89.85,   0.56, 
   47.629, 0.2665, 0.6952,  3.73140,  3.75078,    30.00,  89.85,   0.58, 
   47.892, 0.2632, 0.6971,  3.72854,  3.74869,    30.00,  89.85,   0.60, 
   48.182, 0.2596, 0.6992,  3.72536,  3.74635,    30.00,  89.85,   0.63, 
   48.501, 0.2557, 0.7015,  3.72182,  3.74371,    30.00,  89.85,   0.66, 
   48.851, 0.2513, 0.7041,  3.71789,  3.74075,    30.00,  89.85,   0.69, 
   49.236, 0.2465, 0.7069,  3.71352,  3.73739,    30.00,  89.85,   0.72, 
   49.660, 0.2412, 0.7100,  3.70868,  3.73360,    30.00,  89.85,   0.75, 
   50.000, 0.2370, 0.7125,  3.70477,  3.73048,    30.00,  89.85,   0.77, 
   50.000, 0.2370, 0.7125,  3.70805,  3.73048,     5.00,  89.85,   0.13, 
 specific energy segment =    11.43 W-h/kg
 specific power segment  =   137.14 W/kg
 total heat =          0.2532 W-h/m2
  
   50.000, 0.2370, 0.7125,  3.70805,  3.73048,     5.00,  89.85,   0.13, 
   50.000, 0.2370, 0.7125,  3.70839,  3.73048,     5.00,  89.85,   0.12, 
   50.001, 0.2370, 0.7125,  3.70859,  3.73048,     5.00,  89.85,   0.12, 
   50.001, 0.2370, 0.7125,  3.70875,  3.73048,     5.00,  89.85,   0.11, 
   50.002, 0.2370, 0.7125,  3.70889,  3.73047,     5.00,  89.85,   0.11, 
   50.002, 0.2370, 0.7125,  3.70901,  3.73047,     5.00,  89.85,   0.11, 
   50.003, 0.2370, 0.7125,  3.70913,  3.73047,     5.00,  89.85,   0.11, 
   50.003, 0.2370, 0.7125,  3.70925,  3.73047,     5.00,  89.85,   0.11, 
   50.004, 0.2370, 0.7125,  3.70937,  3.73047,     5.00,  89.85,   0.11, 
   50.005, 0.2370, 0.7125,  3.70949,  3.73047,     5.00,  89.85,   0.11, 
   50.005, 0.2370, 0.7125,  3.70960,  3.73047,     5.00,  89.85,   0.11, 
   50.006, 0.2370, 0.7125,  3.70972,  3.73047,     5.00,  89.85,   0.11, 
   50.007, 0.2370, 0.7125,  3.70985,  3.73047,     5.00,  89.85,   0.11, 
   50.008, 0.2370, 0.7125,  3.70997,  3.73046,     5.00,  89.85,   0.11, 
   50.009, 0.2370, 0.7125,  3.71010,  3.73046,     5.00,  89.85,   0.10, 
   50.011, 0.2370, 0.7125,  3.71023,  3.73046,     5.00,  89.85,   0.10, 
   50.012, 0.2370, 0.7125,  3.71037,  3.73046,     5.00,  89.85,   0.10, 
   50.014, 0.2370, 0.7125,  3.71051,  3.73046,     5.00,  89.85,   0.10, 
   50.015, 0.2370, 0.7125,  3.71065,  3.73045,     5.00,  89.85,   0.10, 
   50.017, 0.2370, 0.7125,  3.71080,  3.73045,     5.00,  89.85,   0.10, 
   50.019, 0.2370, 0.7125,  3.71096,  3.73045,     5.00,  89.85,   0.10, 
   50.021, 0.2370, 0.7125,  3.71112,  3.73044,     5.00,  89.85,   0.10, 
   50.024, 0.2370, 0.7125,  3.71128,  3.73044,     5.00,  89.85,   0.10, 
   50.027, 0.2370, 0.7125,  3.71145,  3.73044,     5.00,  89.85,   0.10, 
   50.029, 0.2370, 0.7125,  3.71163,  3.73043,     5.00,  89.85,   0.10, 
   50.033, 0.2369, 0.7125,  3.71181,  3.73043,     5.00,  89.85,   0.10, 
   50.036, 0.2369, 0.7125,  3.71199,  3.73042,     5.00,  89.85,   0.09, 
   50.040, 0.2369, 0.7125,  3.71218,  3.73041,     5.00,  89.85,   0.09, 
   50.045, 0.2369, 0.7125,  3.71238,  3.73041,     5.00,  89.85,   0.09, 
   50.050, 0.2369, 0.7125,  3.71258,  3.73040,     5.00,  89.85,   0.09, 
   50.055, 0.2369, 0.7125,  3.71279,  3.73039,     5.00,  89.85,   0.09, 
   50.061, 0.2369, 0.7125,  3.71300,  3.73038,     5.00,  89.85,   0.09, 
   50.067, 0.2369, 0.7126,  3.71321,  3.73037,     5.00,  89.85,   0.09, 
   50.074, 0.2369, 0.7126,  3.71343,  3.73036,     5.00,  89.85,   0.09, 
   50.082, 0.2368, 0.7126,  3.71365,  3.73035,     5.00,  89.85,   0.09, 
   50.090, 0.2368, 0.7126,  3.71388,  3.73034,     5.00,  89.85,   0.08, 
   50.100, 0.2368, 0.7126,  3.71411,  3.73032,     5.00,  89.85,   0.08, 
   50.110, 0.2368, 0.7126,  3.71435,  3.73031,     5.00,  89.85,   0.08, 
   50.121, 0.2368, 0.7126,  3.71458,  3.73029,     5.00,  89.85,   0.08, 
   50.134, 0.2367, 0.7126,  3.71482,  3.73027,     5.00,  89.85,   0.08, 
   50.148, 0.2367, 0.7126,  3.71507,  3.73025,     5.00,  89.85,   0.08, 
   50.163, 0.2367, 0.7127,  3.71532,  3.73022,     5.00,  89.85,   0.08, 
   50.179, 0.2366, 0.7127,  3.71557,  3.73020,     5.00,  89.85,   0.07, 
   50.197, 0.2366, 0.7127,  3.71582,  3.73017,     5.00,  89.85,   0.07, 
   50.218, 0.2366, 0.7127,  3.71608,  3.73014,     5.00,  89.85,   0.07, 
   50.240, 0.2365, 0.7128,  3.71634,  3.73011,     5.00,  89.85,   0.07, 
   50.264, 0.2365, 0.7128,  3.71660,  3.73007,     5.00,  89.85,   0.07, 
   50.291, 0.2364, 0.7128,  3.71687,  3.73003,     5.00,  89.85,   0.07, 
   50.320, 0.2363, 0.7129,  3.71713,  3.72998,     5.00,  89.85,   0.07, 
   50.352, 0.2363, 0.7129,  3.71740,  3.72993,     5.00,  89.85,   0.06, 
   50.388, 0.2362, 0.7129,  3.71767,  3.72987,     5.00,  89.85,   0.06, 
   50.427, 0.2361, 0.7130,  3.71794,  3.72981,     5.00,  89.85,   0.06, 
   50.470, 0.2360, 0.7130,  3.71820,  3.72975,     5.00,  89.85,   0.06, 
   50.517, 0.2359, 0.7131,  3.71846,  3.72967,     5.00,  89.85,   0.06, 
   50.570, 0.2358, 0.7132,  3.71872,  3.72959,     5.00,  89.85,   0.06, 
   50.627, 0.2357, 0.7132,  3.71897,  3.72950,     5.00,  89.85,   0.05, 
   50.690, 0.2356, 0.7133,  3.71922,  3.72940,     5.00,  89.85,   0.05, 
   50.759, 0.2354, 0.7134,  3.71945,  3.72930,     5.00,  89.85,   0.05, 
   50.835, 0.2353, 0.7135,  3.71967,  3.72918,     5.00,  89.85,   0.05, 
   50.919, 0.2351, 0.7136,  3.71988,  3.72904,     5.00,  89.85,   0.05, 
   51.012, 0.2349, 0.7137,  3.72007,  3.72890,     5.00,  89.85,   0.04, 
   51.113, 0.2347, 0.7138,  3.72025,  3.72874,     5.00,  89.85,   0.04, 
   51.225, 0.2345, 0.7140,  3.72040,  3.72857,     5.00,  89.85,   0.04, 
   51.348, 0.2342, 0.7141,  3.72052,  3.72837,     5.00,  89.85,   0.04, 
   51.483, 0.2339, 0.7143,  3.72062,  3.72816,     5.00,  89.85,   0.04, 
   51.631, 0.2336, 0.7145,  3.72069,  3.72793,     5.00,  89.85,   0.04, 
   51.795, 0.2333, 0.7146,  3.72072,  3.72767,     5.00,  89.85,   0.04, 
   51.974, 0.2329, 0.7149,  3.72071,  3.72738,     5.00,  89.85,   0.03, 
   52.172, 0.2325, 0.7151,  3.72066,  3.72707,     5.00,  89.85,   0.03, 
   52.390, 0.2321, 0.7154,  3.72056,  3.72672,     5.00,  89.85,   0.03, 
   52.629, 0.2316, 0.7157,  3.72041,  3.72634,     5.00,  89.85,   0.03, 
   52.892, 0.2310, 0.7160,  3.72020,  3.72592,     5.00,  89.85,   0.03, 
   53.182, 0.2304, 0.7163,  3.71993,  3.72546,     5.00,  89.85,   0.03, 
   53.501, 0.2298, 0.7167,  3.71960,  3.72495,     5.00,  89.85,   0.03, 
   53.851, 0.2290, 0.7171,  3.71920,  3.72438,     5.00,  89.85,   0.03, 
   54.236, 0.2282, 0.7176,  3.71871,  3.72376,     5.00,  89.85,   0.03, 
   54.660, 0.2273, 0.7181,  3.71815,  3.72307,     5.00,  89.85,   0.02, 
   55.000, 0.2266, 0.7185,  3.71767,  3.72252,     5.00,  89.85,   0.02, 
   55.000, 0.2266, 0.7185,  3.71441,  3.72252,    30.00,  89.85,   0.24, 
 specific energy segment =     1.90 W-h/kg
 specific power segment  =    22.77 W/kg
 total heat =          0.2562 W-h/m2
  
   55.000, 0.2266, 0.7185,  3.71441,  3.72252,    30.00,  89.85,   0.24, 
   55.000, 0.2266, 0.7185,  3.71410,  3.72252,    30.00,  89.85,   0.25, 
   55.001, 0.2266, 0.7185,  3.71391,  3.72251,    30.00,  89.85,   0.26, 
   55.001, 0.2266, 0.7185,  3.71376,  3.72251,    30.00,  89.85,   0.26, 
   55.002, 0.2266, 0.7186,  3.71363,  3.72250,    30.00,  89.85,   0.26, 
   55.002, 0.2266, 0.7186,  3.71350,  3.72250,    30.00,  89.85,   0.27, 
   55.003, 0.2266, 0.7186,  3.71339,  3.72249,    30.00,  89.85,   0.27, 
   55.003, 0.2266, 0.7186,  3.71327,  3.72249,    30.00,  89.85,   0.28, 
   55.004, 0.2266, 0.7186,  3.71315,  3.72248,    30.00,  89.85,   0.28, 
   55.005, 0.2266, 0.7186,  3.71304,  3.72248,    30.00,  89.85,   0.28, 
   55.005, 0.2266, 0.7186,  3.71292,  3.72247,    30.00,  89.85,   0.29, 
   55.006, 0.2266, 0.7186,  3.71279,  3.72246,    30.00,  89.85,   0.29, 
   55.007, 0.2266, 0.7186,  3.71267,  3.72245,    30.00,  89.85,   0.29, 
   55.008, 0.2265, 0.7186,  3.71254,  3.72244,    30.00,  89.85,   0.30, 
   55.009, 0.2265, 0.7186,  3.71240,  3.72243,    30.00,  89.85,   0.30, 
   55.011, 0.2265, 0.7186,  3.71227,  3.72242,    30.00,  89.85,   0.30, 
   55.012, 0.2265, 0.7186,  3.71212,  3.72240,    30.00,  89.85,   0.31, 
   55.014, 0.2265, 0.7186,  3.71197,  3.72239,    30.00,  89.85,   0.31, 
   55.015, 0.2265, 0.7187,  3.71181,  3.72237,    30.00,  89.85,   0.32, 
   55.017, 0.2264, 0.7187,  3.71165,  3.72235,    30.00,  89.85,   0.32, 
   55.019, 0.2264, 0.7187,  3.71148,  3.72233,    30.00,  89.85,   0.32, 
   55.021, 0.2264, 0.7187,  3.71130,  3.72231,    30.00,  89.85,   0.33, 
   55.024, 0.2263, 0.7187,  3.71111,  3.72229,    30.00,  89.85,   0.33, 
   55.027, 0.2263, 0.7187,  3.71092,  3.72226,    30.00,  89.85,   0.34, 
   55.029, 0.2263, 0.7188,  3.71072,  3.72223,    30.00,  89.85,   0.34, 
   55.033, 0.2262, 0.7188,  3.71050,  3.72220,    30.00,  89.85,   0.35, 
   55.036, 0.2262, 0.7188,  3.71028,  3.72216,    30.00,  89.85,   0.36, 
   55.040, 0.2261, 0.7188,  3.71005,  3.72212,    30.00,  89.85,   0.36, 
   55.045, 0.2261, 0.7189,  3.70981,  3.72208,    30.00,  89.85,   0.37, 
   55.050, 0.2260, 0.7189,  3.70956,  3.72203,    30.00,  89.85,   0.37, 
   55.055, 0.2260, 0.7189,  3.70929,  3.72198,    30.00,  89.85,   0.38, 
   55.061, 0.2259, 0.7190,  3.70902,  3.72192,    30.00,  89.85,   0.39, 
   55.067, 0.2258, 0.7190,  3.70873,  3.72186,    30.00,  89.85,   0.39, 
   55.074, 0.2257, 0.7191,  3.70843,  3.72179,    30.00,  89.85,   0.40, 
   55.082, 0.2256, 0.7191,  3.70812,  3.72172,    30.00,  89.85,   0.41, 
   55.090, 0.2255, 0.7192,  3.70779,  3.72163,    30.00,  89.85,   0.41, 
   55.100, 0.2254, 0.7193,  3.70745,  3.72154,    30.00,  89.85,   0.42, 
   55.110, 0.2253, 0.7193,  3.70709,  3.72144,    30.00,  89.85,   0.43, 
   55.121, 0.2251, 0.7194,  3.70671,  3.72133,    30.00,  89.85,   0.44, 
   55.134, 0.2250, 0.7195,  3.70632,  3.72120,    30.00,  89.85,   0.45, 
   55.148, 0.2248, 0.7196,  3.70591,  3.72107,    30.00,  89.85,   0.45, 
   55.163, 0.2246, 0.7197,  3.70547,  3.72092,    30.00,  89.85,   0.46, 
   55.179, 0.2244, 0.7198,  3.70501,  3.72076,    30.00,  89.85,   0.47, 
   55.197, 0.2242, 0.7200,  3.70452,  3.72058,    30.00,  89.85,   0.48, 
   55.218, 0.2239, 0.7201,  3.70401,  3.72038,    30.00,  89.85,   0.49, 
   55.240, 0.2237, 0.7203,  3.70346,  3.72016,    30.00,  89.85,   0.50, 
   55.264, 0.2234, 0.7205,  3.70289,  3.71992,    30.00,  89.85,   0.51, 
   55.291, 0.2230, 0.7207,  3.70227,  3.71965,    30.00,  89.85,   0.52, 
   55.320, 0.2227, 0.7209,  3.70162,  3.71936,    30.00,  89.85,   0.53, 
   55.352, 0.2223, 0.7211,  3.70093,  3.71904,    30.00,  89.85,   0.54, 
   55.388, 0.2218, 0.7214,  3.70019,  3.71868,    30.00,  89.85,   0.55, 
   55.427, 0.2213, 0.7217,  3.69940,  3.71829,    30.00,  89.85,   0.57, 
   55.470, 0.2208, 0.7220,  3.69857,  3.71786,    30.00,  89.85,   0.58, 
   55.517, 0.2202, 0.7223,  3.69767,  3.71738,    30.00,  89.85,   0.59, 
   55.570, 0.2196, 0.7227,  3.69672,  3.71686,    30.00,  89.85,   0.60, 
   55.627, 0.2188, 0.7231,  3.69570,  3.71628,    30.00,  89.85,   0.62, 
   55.690, 0.2181, 0.7236,  3.69461,  3.71564,    30.00,  89.85,   0.63, 
   55.759, 0.2172, 0.7241,  3.69344,  3.71494,    30.00,  89.85,   0.64, 
   55.835, 0.2162, 0.7246,  3.69219,  3.71416,    30.00,  89.85,   0.66, 
   55.919, 0.2152, 0.7252,  3.69085,  3.71330,    30.00,  89.85,   0.67, 
   56.012, 0.2141, 0.7259,  3.68942,  3.71236,    30.00,  89.85,   0.69, 
   56.113, 0.2128, 0.7266,  3.68788,  3.71131,    30.00,  89.85,   0.70, 
   56.225, 0.2114, 0.7275,  3.68622,  3.71016,    30.00,  89.85,   0.72, 
   56.348, 0.2099, 0.7284,  3.68445,  3.70888,    30.00,  89.85,   0.73, 
   56.483, 0.2082, 0.7293,  3.68254,  3.70747,    30.00,  89.85,   0.75, 
   56.631, 0.2063, 0.7304,  3.68049,  3.70592,    30.00,  89.85,   0.76, 
   56.795, 0.2043, 0.7316,  3.67828,  3.70420,    30.00,  89.85,   0.78, 
   56.974, 0.2021, 0.7329,  3.67589,  3.70230,    30.00,  89.85,   0.79, 
   57.172, 0.1996, 0.7344,  3.67333,  3.70020,    30.00,  89.85,   0.81, 
   57.390, 0.1969, 0.7360,  3.67055,  3.69788,    30.00,  89.85,   0.82, 
   57.629, 0.1939, 0.7377,  3.66755,  3.69532,    30.00,  89.85,   0.83, 
   57.892, 0.1906, 0.7396,  3.66429,  3.69250,    30.00,  89.85,   0.85, 
   58.182, 0.1870, 0.7417,  3.66075,  3.68939,    30.00,  89.85,   0.86, 
   58.501, 0.1831, 0.7440,  3.65686,  3.68596,    30.00,  89.85,   0.87, 
   58.851, 0.1787, 0.7466,  3.65257,  3.68219,    30.00,  89.85,   0.89, 
   59.236, 0.1739, 0.7494,  3.64781,  3.67806,    30.00,  89.85,   0.91, 
   59.660, 0.1686, 0.7525,  3.64253,  3.67352,    30.00,  89.85,   0.93, 
   60.000, 0.1644, 0.7550,  3.63832,  3.66989,    30.00,  89.85,   0.95, 
   60.000, 0.1644, 0.7550,  3.64172,  3.66989,     5.00,  89.85,   0.15, 
 specific energy segment =    11.24 W-h/kg
 specific power segment  =   134.85 W/kg
 total heat =          0.3224 W-h/m2
  
   60.000, 0.1644, 0.7550,  3.64172,  3.66989,     5.00,  89.85,   0.15, 
   60.000, 0.1644, 0.7550,  3.64211,  3.66989,     5.00,  89.85,   0.14, 
   60.001, 0.1644, 0.7550,  3.64234,  3.66989,     5.00,  89.85,   0.14, 
   60.001, 0.1644, 0.7550,  3.64251,  3.66989,     5.00,  89.85,   0.14, 
   60.002, 0.1644, 0.7550,  3.64266,  3.66989,     5.00,  89.85,   0.14, 
   60.002, 0.1644, 0.7550,  3.64281,  3.66989,     5.00,  89.85,   0.14, 
   60.003, 0.1644, 0.7550,  3.64294,  3.66989,     5.00,  89.85,   0.14, 
   60.003, 0.1644, 0.7550,  3.64308,  3.66989,     5.00,  89.85,   0.14, 
   60.004, 0.1644, 0.7550,  3.64321,  3.66989,     5.00,  89.85,   0.13, 
   60.005, 0.1644, 0.7550,  3.64334,  3.66989,     5.00,  89.85,   0.13, 
   60.005, 0.1644, 0.7550,  3.64348,  3.66988,     5.00,  89.85,   0.13, 
   60.006, 0.1644, 0.7550,  3.64361,  3.66988,     5.00,  89.85,   0.13, 
   60.007, 0.1644, 0.7550,  3.64375,  3.66988,     5.00,  89.85,   0.13, 
   60.008, 0.1644, 0.7550,  3.64389,  3.66988,     5.00,  89.85,   0.13, 
   60.009, 0.1644, 0.7550,  3.64404,  3.66988,     5.00,  89.85,   0.13, 
   60.011, 0.1644, 0.7550,  3.64419,  3.66987,     5.00,  89.85,   0.13, 
   60.012, 0.1644, 0.7550,  3.64434,  3.66987,     5.00,  89.85,   0.13, 
   60.014, 0.1644, 0.7550,  3.64450,  3.66987,     5.00,  89.85,   0.13, 
   60.015, 0.1644, 0.7550,  3.64467,  3.66987,     5.00,  89.85,   0.13, 
   60.017, 0.1644, 0.7550,  3.64484,  3.66986,     5.00,  89.85,   0.13, 
   60.019, 0.1644, 0.7550,  3.64502,  3.66986,     5.00,  89.85,   0.13, 
   60.021, 0.1644, 0.7550,  3.64520,  3.66986,     5.00,  89.85,   0.12, 
   60.024, 0.1644, 0.7550,  3.64539,  3.66985,     5.00,  89.85,   0.12, 
   60.027, 0.1644, 0.7550,  3.64558,  3.66985,     5.00,  89.85,   0.12, 
   60.029, 0.1644, 0.7550,  3.64578,  3.66984,     5.00,  89.85,   0.12, 
   60.033, 0.1643, 0.7550,  3.64599,  3.66984,     5.00,  89.85,   0.12, 
   60.036, 0.1643, 0.7550,  3.64621,  3.66983,     5.00,  89.85,   0.12, 
   60.040, 0.1643, 0.7550,  3.64643,  3.66982,     5.00,  89.85,   0.12, 
   60.045, 0.1643, 0.7550,  3.64665,  3.66981,     5.00,  89.85,   0.12, 
   60.050, 0.1643, 0.7550,  3.64689,  3.66981,     5.00,  89.85,   0.12, 
   60.055, 0.1643, 0.7550,  3.64713,  3.66980,     5.00,  89.85,   0.11, 
   60.061, 0.1643, 0.7550,  3.64737,  3.66979,     5.00,  89.85,   0.11, 
   60.067, 0.1643, 0.7550,  3.64762,  3.66977,     5.00,  89.85,   0.11, 
   60.074, 0.1643, 0.7551,  3.64788,  3.66976,     5.00,  89.85,   0.11, 
   60.082, 0.1642, 0.7551,  3.64814,  3.66975,     5.00,  89.85,   0.11, 
   60.090, 0.1642, 0.7551,  3.64841,  3.66973,     5.00,  89.85,   0.11, 
   60.100, 0.1642, 0.7551,  3.64868,  3.66972,     5.00,  89.85,   0.11, 
   60.110, 0.1642, 0.7551,  3.64896,  3.66970,     5.00,  89.85,   0.10, 
   60.121, 0.1642, 0.7551,  3.64924,  3.66968,     5.00,  89.85,   0.10, 
   60.134, 0.1641, 0.7551,  3.64953,  3.66966,     5.00,  89.85,   0.10, 
   60.148, 0.1641, 0.7551,  3.64983,  3.66963,     5.00,  89.85,   0.10, 
   60.163, 0.1641, 0.7552,  3.65012,  3.66960,     5.00,  89.85,   0.10, 
   60.179, 0.1640, 0.7552,  3.65043,  3.66957,     5.00,  89.85,   0.10, 
   60.197, 0.1640, 0.7552,  3.65074,  3.66954,     5.00,  89.85,   0.09, 
   60.218, 0.1640, 0.7552,  3.65105,  3.66951,     5.00,  89.85,   0.09, 
   60.240, 0.1639, 0.7553,  3.65137,  3.66947,     5.00,  89.85,   0.09, 
   60.264, 0.1639, 0.7553,  3.65169,  3.66942,     5.00,  89.85,   0.09, 
   60.291, 0.1638, 0.7553,  3.65202,  3.66938,     5.00,  89.85,   0.09, 
   60.320, 0.1638, 0.7554,  3.65235,  3.66932,     5.00,  89.85,   0.09, 
   60.352, 0.1637, 0.7554,  3.65269,  3.66927,     5.00,  89.85,   0.08, 
   60.388, 0.1636, 0.7554,  3.65302,  3.66920,     5.00,  89.85,   0.08, 
   60.427, 0.1635, 0.7555,  3.65336,  3.66913,     5.00,  89.85,   0.08, 
   60.470, 0.1634, 0.7555,  3.65370,  3.66906,     5.00,  89.85,   0.08, 
   60.517, 0.1633, 0.7556,  3.65403,  3.66897,     5.00,  89.85,   0.08, 
   60.570, 0.1632, 0.7557,  3.65437,  3.66888,     5.00,  89.85,   0.07, 
   60.627, 0.1631, 0.7557,  3.65470,  3.66878,     5.00,  89.85,   0.07, 
   60.690, 0.1630, 0.7558,  3.65502,  3.66867,     5.00,  89.85,   0.07, 
   60.759, 0.1628, 0.7559,  3.65533,  3.66854,     5.00,  89.85,   0.07, 
   60.835, 0.1627, 0.7560,  3.65564,  3.66841,     5.00,  89.85,   0.06, 
   60.919, 0.1625, 0.7561,  3.65593,  3.66826,     5.00,  89.85,   0.06, 
   61.012, 0.1623, 0.7562,  3.65620,  3.66809,     5.00,  89.85,   0.06, 
   61.113, 0.1621, 0.7563,  3.65646,  3.66791,     5.00,  89.85,   0.06, 
   61.225, 0.1619, 0.7565,  3.65669,  3.66771,     5.00,  89.85,   0.06, 
   61.348, 0.1616, 0.7566,  3.65691,  3.66750,     5.00,  89.85,   0.05, 
   61.483, 0.1613, 0.7568,  3.65709,  3.66725,     5.00,  89.85,   0.05, 
   61.631, 0.1610, 0.7569,  3.65724,  3.66699,     5.00,  89.85,   0.05, 
   61.795, 0.1607, 0.7571,  3.65735,  3.66670,     5.00,  89.85,   0.05, 
   61.974, 0.1603, 0.7574,  3.65742,  3.66638,     5.00,  89.85,   0.04, 
   62.172, 0.1599, 0.7576,  3.65745,  3.66603,     5.00,  89.85,   0.04, 
   62.390, 0.1595, 0.7579,  3.65742,  3.66564,     5.00,  89.85,   0.04, 
   62.629, 0.1590, 0.7582,  3.65734,  3.66521,     5.00,  89.85,   0.04, 
   62.892, 0.1584, 0.7585,  3.65719,  3.66474,     5.00,  89.85,   0.04, 
   63.182, 0.1578, 0.7588,  3.65698,  3.66422,     5.00,  89.85,   0.04, 
   63.501, 0.1572, 0.7592,  3.65669,  3.66366,     5.00,  89.85,   0.03, 
   63.851, 0.1564, 0.7596,  3.65632,  3.66303,     5.00,  89.85,   0.03, 
   64.236, 0.1556, 0.7601,  3.65586,  3.66234,     5.00,  89.85,   0.03, 
   64.660, 0.1548, 0.7606,  3.65530,  3.66158,     5.00,  89.85,   0.03, 
   65.000, 0.1540, 0.7610,  3.65482,  3.66097,     5.00,  89.85,   0.03, 
   65.000, 0.1540, 0.7610,  3.65144,  3.66097,    30.00,  89.85,   0.28, 
 specific energy segment =     1.87 W-h/kg
 specific power segment  =    22.39 W/kg
 total heat =          0.3263 W-h/m2
  
   65.000, 0.1540, 0.7610,  3.65144,  3.66097,    30.00,  89.85,   0.28, 
   65.000, 0.1540, 0.7610,  3.65106,  3.66096,    30.00,  89.85,   0.30, 
   65.001, 0.1540, 0.7610,  3.65084,  3.66096,    30.00,  89.85,   0.30, 
   65.001, 0.1540, 0.7610,  3.65067,  3.66096,    30.00,  89.85,   0.31, 
   65.002, 0.1540, 0.7610,  3.65052,  3.66095,    30.00,  89.85,   0.31, 
   65.002, 0.1540, 0.7610,  3.65038,  3.66095,    30.00,  89.85,   0.32, 
   65.003, 0.1540, 0.7611,  3.65024,  3.66094,    30.00,  89.85,   0.32, 
   65.003, 0.1540, 0.7611,  3.65010,  3.66093,    30.00,  89.85,   0.32, 
   65.004, 0.1540, 0.7611,  3.64997,  3.66093,    30.00,  89.85,   0.33, 
   65.005, 0.1540, 0.7611,  3.64983,  3.66092,    30.00,  89.85,   0.33, 
   65.005, 0.1540, 0.7611,  3.64970,  3.66091,    30.00,  89.85,   0.34, 
   65.006, 0.1540, 0.7611,  3.64955,  3.66090,    30.00,  89.85,   0.34, 
   65.007, 0.1540, 0.7611,  3.64941,  3.66089,    30.00,  89.85,   0.34, 
   65.008, 0.1539, 0.7611,  3.64926,  3.66088,    30.00,  89.85,   0.35, 
   65.009, 0.1539, 0.7611,  3.64910,  3.66087,    30.00,  89.85,   0.35, 
   65.011, 0.1539, 0.7611,  3.64894,  3.66085,    30.00,  89.85,   0.36, 
   65.012, 0.1539, 0.7611,  3.64878,  3.66084,    30.00,  89.85,   0.36, 
   65.014, 0.1539, 0.7611,  3.64860,  3.66082,    30.00,  89.85,   0.37, 
   65.015, 0.1539, 0.7611,  3.64842,  3.66080,    30.00,  89.85,   0.37, 
   65.017, 0.1538, 0.7612,  3.64823,  3.66078,    30.00,  89.85,   0.38, 
   65.019, 0.1538, 0.7612,  3.64804,  3.66076,    30.00,  89.85,   0.38, 
   65.021, 0.1538, 0.7612,  3.64783,  3.66074,    30.00,  89.85,   0.39, 
   65.024, 0.1537, 0.7612,  3.64761,  3.66071,    30.00,  89.85,   0.39, 
   65.027, 0.1537, 0.7612,  3.64739,  3.66068,    30.00,  89.85,   0.40, 
   65.029, 0.1537, 0.7612,  3.64716,  3.66065,    30.00,  89.85,   0.40, 
   65.033, 0.1536, 0.7613,  3.64691,  3.66061,    30.00,  89.85,   0.41, 
   65.036, 0.1536, 0.7613,  3.64665,  3.66058,    30.00,  89.85,   0.42, 
   65.040, 0.1535, 0.7613,  3.64639,  3.66053,    30.00,  89.85,   0.42, 
   65.045, 0.1535, 0.7614,  3.64611,  3.66049,    30.00,  89.85,   0.43, 
   65.050, 0.1534, 0.7614,  3.64582,  3.66043,    30.00,  89.85,   0.44, 
   65.055, 0.1534, 0.7614,  3.64551,  3.66038,    30.00,  89.85,   0.45, 
   65.061, 0.1533, 0.7615,  3.64519,  3.66031,    30.00,  89.85,   0.45, 
   65.067, 0.1532, 0.7615,  3.64486,  3.66024,    30.00,  89.85,   0.46, 
   65.074, 0.1531, 0.7616,  3.64451,  3.66017,    30.00,  89.85,   0.47, 
   65.082, 0.1530, 0.7616,  3.64415,  3.66008,    30.00,  89.85,   0.48, 
   65.090, 0.1529, 0.7617,  3.64377,  3.65999,    30.00,  89.85,   0.49, 
   65.100, 0.1528, 0.7618,  3.64338,  3.65989,    30.00,  89.85,   0.50, 
   65.110, 0.1527, 0.7618,  3.64296,  3.65978,    30.00,  89.85,   0.50, 
   65.121, 0.1525, 0.7619,  3.64252,  3.65966,    30.00,  89.85,   0.51, 
   65.134, 0.1524, 0.7620,  3.64207,  3.65952,    30.00,  89.85,   0.52, 
   65.148, 0.1522, 0.7621,  3.64159,  3.65937,    30.00,  89.85,   0.53, 
   65.163, 0.1520, 0.7622,  3.64108,  3.65921,    30.00,  89.85,   0.54, 
   65.179, 0.1518, 0.7623,  3.64055,  3.65903,    30.00,  89.85,   0.55, 
   65.197, 0.1516, 0.7625,  3.63999,  3.65883,    30.00,  89.85,   0.57, 
   65.218, 0.1513, 0.7626,  3.63939,  3.65861,    30.00,  89.85,   0.58, 
   65.240, 0.1511, 0.7628,  3.63877,  3.65837,    30.00,  89.85,   0.59, 
   65.264, 0.1508, 0.7630,  3.63811,  3.65811,    30.00,  89.85,   0.60, 
   65.291, 0.1504, 0.7632,  3.63741,  3.65782,    30.00,  89.85,   0.61, 
   65.320, 0.1501, 0.7634,  3.63668,  3.65750,    30.00,  89.85,   0.62, 
   65.352, 0.1497, 0.7636,  3.63590,  3.65714,    30.00,  89.85,   0.64, 
   65.388, 0.1492, 0.7639,  3.63508,  3.65676,    30.00,  89.85,   0.65, 
   65.427, 0.1487, 0.7641,  3.63422,  3.65633,    30.00,  89.85,   0.66, 
   65.470, 0.1482, 0.7645,  3.63332,  3.65585,    30.00,  89.85,   0.68, 
   65.517, 0.1476, 0.7648,  3.63238,  3.65533,    30.00,  89.85,   0.69, 
   65.570, 0.1470, 0.7652,  3.63139,  3.65476,    30.00,  89.85,   0.70, 
   65.627, 0.1462, 0.7656,  3.63037,  3.65413,    30.00,  89.85,   0.71, 
   65.690, 0.1455, 0.7661,  3.62932,  3.65343,    30.00,  89.85,   0.72, 
   65.759, 0.1446, 0.7666,  3.62824,  3.65265,    30.00,  89.85,   0.73, 
   65.835, 0.1436, 0.7671,  3.62714,  3.65180,    30.00,  89.85,   0.74, 
   65.919, 0.1426, 0.7677,  3.62604,  3.65086,    30.00,  89.85,   0.74, 
   66.012, 0.1415, 0.7684,  3.62494,  3.64982,    30.00,  89.85,   0.75, 
   66.113, 0.1402, 0.7691,  3.62386,  3.64867,    30.00,  89.85,   0.74, 
   66.225, 0.1388, 0.7700,  3.62281,  3.64739,    30.00,  89.85,   0.74, 
   66.348, 0.1373, 0.7709,  3.62181,  3.64599,    30.00,  89.85,   0.72, 
   66.483, 0.1356, 0.7718,  3.62087,  3.64443,    30.00,  89.85,   0.71, 
   66.631, 0.1337, 0.7729,  3.62000,  3.64272,    30.00,  89.85,   0.68, 
   66.795, 0.1317, 0.7741,  3.61918,  3.64084,    30.00,  89.85,   0.65, 
   66.974, 0.1295, 0.7754,  3.61841,  3.63880,    30.00,  89.85,   0.61, 
   67.172, 0.1270, 0.7769,  3.61764,  3.63659,    30.00,  89.85,   0.57, 
   67.390, 0.1243, 0.7784,  3.61684,  3.63426,    30.00,  89.85,   0.52, 
   67.629, 0.1213, 0.7802,  3.61600,  3.63184,    30.00,  89.85,   0.48, 
   67.892, 0.1180, 0.7821,  3.61506,  3.62942,    30.00,  89.85,   0.43, 
   68.182, 0.1144, 0.7842,  3.61398,  3.62710,    30.00,  89.85,   0.40, 
   68.501, 0.1105, 0.7865,  3.61269,  3.62498,    30.00,  89.85,   0.37, 
   68.851, 0.1061, 0.7891,  3.61113,  3.62315,    30.00,  89.85,   0.36, 
   69.236, 0.1013, 0.7919,  3.60922,  3.62160,    30.00,  89.85,   0.37, 
   69.660, 0.0960, 0.7950,  3.60685,  3.62025,    30.00,  89.85,   0.40, 
   70.000, 0.0918, 0.7975,  3.60466,  3.61928,    30.00,  89.85,   0.44, 
   70.000, 0.0918, 0.7975,  3.60824,  3.61928,     5.00,  89.85,   0.06, 
 specific energy segment =    11.08 W-h/kg
 specific power segment  =   132.94 W/kg
 total heat =          0.3695 W-h/m2
  
   70.000, 0.0918, 0.7975,  3.60824,  3.61928,     5.00,  89.85,   0.06, 
   70.000, 0.0918, 0.7975,  3.60848,  3.61928,     5.00,  89.85,   0.06, 
   70.001, 0.0918, 0.7975,  3.60862,  3.61928,     5.00,  89.85,   0.05, 
   70.001, 0.0918, 0.7975,  3.60873,  3.61928,     5.00,  89.85,   0.05, 
   70.002, 0.0918, 0.7975,  3.60882,  3.61928,     5.00,  89.85,   0.05, 
   70.002, 0.0918, 0.7975,  3.60890,  3.61928,     5.00,  89.85,   0.05, 
   70.003, 0.0918, 0.7975,  3.60899,  3.61928,     5.00,  89.85,   0.05, 
   70.003, 0.0918, 0.7975,  3.60906,  3.61928,     5.00,  89.85,   0.05, 
   70.004, 0.0918, 0.7975,  3.60914,  3.61928,     5.00,  89.85,   0.05, 
   70.005, 0.0918, 0.7975,  3.60922,  3.61928,     5.00,  89.85,   0.05, 
   70.005, 0.0918, 0.7975,  3.60930,  3.61928,     5.00,  89.85,   0.05, 
   70.006, 0.0918, 0.7975,  3.60938,  3.61928,     5.00,  89.85,   0.05, 
   70.007, 0.0918, 0.7975,  3.60946,  3.61928,     5.00,  89.85,   0.05, 
   70.008, 0.0918, 0.7975,  3.60954,  3.61928,     5.00,  89.85,   0.05, 
   70.009, 0.0918, 0.7975,  3.60962,  3.61928,     5.00,  89.85,   0.05, 
   70.011, 0.0918, 0.7975,  3.60971,  3.61928,     5.00,  89.85,   0.05, 
   70.012, 0.0918, 0.7975,  3.60980,  3.61928,     5.00,  89.85,   0.05, 
   70.014, 0.0918, 0.7975,  3.60989,  3.61928,     5.00,  89.85,   0.05, 
   70.015, 0.0918, 0.7975,  3.60998,  3.61928,     5.00,  89.85,   0.05, 
   70.017, 0.0918, 0.7975,  3.61008,  3.61928,     5.00,  89.85,   0.05, 
   70.019, 0.0918, 0.7975,  3.61018,  3.61928,     5.00,  89.85,   0.05, 
   70.021, 0.0918, 0.7975,  3.61028,  3.61927,     5.00,  89.85,   0.05, 
   70.024, 0.0918, 0.7975,  3.61039,  3.61927,     5.00,  89.85,   0.05, 
   70.027, 0.0918, 0.7975,  3.61050,  3.61927,     5.00,  89.85,   0.04, 
   70.029, 0.0918, 0.7975,  3.61061,  3.61927,     5.00,  89.85,   0.04, 
   70.033, 0.0918, 0.7975,  3.61072,  3.61927,     5.00,  89.85,   0.04, 
   70.036, 0.0917, 0.7975,  3.61084,  3.61927,     5.00,  89.85,   0.04, 
   70.040, 0.0917, 0.7975,  3.61096,  3.61927,     5.00,  89.85,   0.04, 
   70.045, 0.0917, 0.7975,  3.61108,  3.61926,     5.00,  89.85,   0.04, 
   70.050, 0.0917, 0.7975,  3.61120,  3.61926,     5.00,  89.85,   0.04, 
   70.055, 0.0917, 0.7975,  3.61133,  3.61926,     5.00,  89.85,   0.04, 
   70.061, 0.0917, 0.7975,  3.61146,  3.61926,     5.00,  89.85,   0.04, 
   70.067, 0.0917, 0.7975,  3.61158,  3.61925,     5.00,  89.85,   0.04, 
   70.074, 0.0917, 0.7975,  3.61171,  3.61925,     5.00,  89.85,   0.04, 
   70.082, 0.0916, 0.7976,  3.61184,  3.61925,     5.00,  89.85,   0.04, 
   70.090, 0.0916, 0.7976,  3.61197,  3.61924,     5.00,  89.85,   0.04, 
   70.100, 0.0916, 0.7976,  3.61210,  3.61924,     5.00,  89.85,   0.04, 
   70.110, 0.0916, 0.7976,  3.61223,  3.61923,     5.00,  89.85,   0.04, 
   70.121, 0.0916, 0.7976,  3.61236,  3.61923,     5.00,  89.85,   0.03, 
   70.134, 0.0915, 0.7976,  3.61249,  3.61922,     5.00,  89.85,   0.03, 
   70.148, 0.0915, 0.7976,  3.61262,  3.61921,     5.00,  89.85,   0.03, 
   70.163, 0.0915, 0.7977,  3.61275,  3.61921,     5.00,  89.85,   0.03, 
   70.179, 0.0914, 0.7977,  3.61288,  3.61920,     5.00,  89.85,   0.03, 
   70.197, 0.0914, 0.7977,  3.61301,  3.61919,     5.00,  89.85,   0.03, 
   70.218, 0.0914, 0.7977,  3.61314,  3.61918,     5.00,  89.85,   0.03, 
   70.240, 0.0913, 0.7977,  3.61327,  3.61917,     5.00,  89.85,   0.03, 
   70.264, 0.0913, 0.7978,  3.61340,  3.61916,     5.00,  89.85,   0.03, 
   70.291, 0.0912, 0.7978,  3.61353,  3.61915,     5.00,  89.85,   0.03, 
   70.320, 0.0912, 0.7978,  3.61366,  3.61913,     5.00,  89.85,   0.03, 
   70.352, 0.0911, 0.7979,  3.61379,  3.61912,     5.00,  89.85,   0.03, 
   70.388, 0.0910, 0.7979,  3.61391,  3.61910,     5.00,  89.85,   0.03, 
   70.427, 0.0909, 0.7980,  3.61404,  3.61908,     5.00,  89.85,   0.03, 
   70.470, 0.0908, 0.7980,  3.61417,  3.61906,     5.00,  89.85,   0.02, 
   70.517, 0.0907, 0.7981,  3.61429,  3.61904,     5.00,  89.85,   0.02, 
   70.570, 0.0906, 0.7982,  3.61441,  3.61902,     5.00,  89.85,   0.02, 
   70.627, 0.0905, 0.7982,  3.61452,  3.61899,     5.00,  89.85,   0.02, 
   70.690, 0.0904, 0.7983,  3.61464,  3.61896,     5.00,  89.85,   0.02, 
   70.759, 0.0902, 0.7984,  3.61475,  3.61893,     5.00,  89.85,   0.02, 
   70.835, 0.0901, 0.7985,  3.61485,  3.61889,     5.00,  89.85,   0.02, 
   70.919, 0.0899, 0.7986,  3.61494,  3.61885,     5.00,  89.85,   0.02, 
   71.012, 0.0897, 0.7987,  3.61503,  3.61881,     5.00,  89.85,   0.02, 
   71.113, 0.0895, 0.7988,  3.61511,  3.61876,     5.00,  89.85,   0.02, 
   71.225, 0.0893, 0.7989,  3.61518,  3.61870,     5.00,  89.85,   0.02, 
   71.348, 0.0890, 0.7991,  3.61524,  3.61864,     5.00,  89.85,   0.02, 
   71.483, 0.0887, 0.7993,  3.61529,  3.61858,     5.00,  89.85,   0.02, 
   71.631, 0.0884, 0.7994,  3.61533,  3.61851,     5.00,  89.85,   0.02, 
   71.795, 0.0881, 0.7996,  3.61535,  3.61843,     5.00,  89.85,   0.02, 
   71.974, 0.0877, 0.7999,  3.61535,  3.61834,     5.00,  89.85,   0.02, 
   72.172, 0.0873, 0.8001,  3.61534,  3.61824,     5.00,  89.85,   0.01, 
   72.390, 0.0869, 0.8004,  3.61532,  3.61813,     5.00,  89.85,   0.01, 
   72.629, 0.0864, 0.8007,  3.61527,  3.61801,     5.00,  89.85,   0.01, 
   72.892, 0.0858, 0.8010,  3.61520,  3.61788,     5.00,  89.85,   0.01, 
   73.182, 0.0852, 0.8013,  3.61510,  3.61773,     5.00,  89.85,   0.01, 
   73.501, 0.0846, 0.8017,  3.61498,  3.61756,     5.00,  89.85,   0.01, 
   73.851, 0.0838, 0.8021,  3.61484,  3.61738,     5.00,  89.85,   0.01, 
   74.236, 0.0830, 0.8026,  3.61466,  3.61717,     5.00,  89.85,   0.01, 
   74.660, 0.0822, 0.8031,  3.61444,  3.61693,     5.00,  89.85,   0.01, 
   75.000, 0.0814, 0.8035,  3.61426,  3.61674,     5.00,  89.85,   0.01, 
   75.000, 0.0814, 0.8035,  3.61070,  3.61674,    30.00,  89.85,   0.18, 
 specific energy segment =     1.84 W-h/kg
 specific power segment  =    22.13 W/kg
 total heat =          0.3709 W-h/m2
  
   75.000, 0.0814, 0.8035,  3.61070,  3.61674,    30.00,  89.85,   0.18, 
   75.000, 0.0814, 0.8035,  3.61055,  3.61674,    30.00,  89.85,   0.18, 
   75.001, 0.0814, 0.8035,  3.61045,  3.61674,    30.00,  89.85,   0.19, 
   75.001, 0.0814, 0.8035,  3.61038,  3.61674,    30.00,  89.85,   0.19, 
   75.002, 0.0814, 0.8035,  3.61031,  3.61674,    30.00,  89.85,   0.19, 
   75.002, 0.0814, 0.8035,  3.61025,  3.61674,    30.00,  89.85,   0.19, 
   75.003, 0.0814, 0.8035,  3.61019,  3.61674,    30.00,  89.85,   0.20, 
   75.003, 0.0814, 0.8036,  3.61013,  3.61673,    30.00,  89.85,   0.20, 
   75.004, 0.0814, 0.8036,  3.61007,  3.61673,    30.00,  89.85,   0.20, 
   75.005, 0.0814, 0.8036,  3.61001,  3.61673,    30.00,  89.85,   0.20, 
   75.005, 0.0814, 0.8036,  3.60995,  3.61673,    30.00,  89.85,   0.20, 
   75.006, 0.0814, 0.8036,  3.60989,  3.61672,    30.00,  89.85,   0.20, 
   75.007, 0.0814, 0.8036,  3.60982,  3.61672,    30.00,  89.85,   0.21, 
   75.008, 0.0813, 0.8036,  3.60976,  3.61672,    30.00,  89.85,   0.21, 
   75.009, 0.0813, 0.8036,  3.60969,  3.61671,    30.00,  89.85,   0.21, 
   75.011, 0.0813, 0.8036,  3.60961,  3.61671,    30.00,  89.85,   0.21, 
   75.012, 0.0813, 0.8036,  3.60954,  3.61670,    30.00,  89.85,   0.21, 
   75.014, 0.0813, 0.8036,  3.60946,  3.61670,    30.00,  89.85,   0.22, 
   75.015, 0.0813, 0.8036,  3.60938,  3.61669,    30.00,  89.85,   0.22, 
   75.017, 0.0812, 0.8037,  3.60929,  3.61669,    30.00,  89.85,   0.22, 
   75.019, 0.0812, 0.8037,  3.60920,  3.61668,    30.00,  89.85,   0.22, 
   75.021, 0.0812, 0.8037,  3.60910,  3.61667,    30.00,  89.85,   0.23, 
   75.024, 0.0812, 0.8037,  3.60900,  3.61666,    30.00,  89.85,   0.23, 
   75.027, 0.0811, 0.8037,  3.60890,  3.61665,    30.00,  89.85,   0.23, 
   75.029, 0.0811, 0.8037,  3.60879,  3.61664,    30.00,  89.85,   0.24, 
   75.033, 0.0810, 0.8038,  3.60868,  3.61663,    30.00,  89.85,   0.24, 
   75.036, 0.0810, 0.8038,  3.60856,  3.61662,    30.00,  89.85,   0.24, 
   75.040, 0.0809, 0.8038,  3.60843,  3.61661,    30.00,  89.85,   0.24, 
   75.045, 0.0809, 0.8039,  3.60830,  3.61659,    30.00,  89.85,   0.25, 
   75.050, 0.0808, 0.8039,  3.60817,  3.61657,    30.00,  89.85,   0.25, 
   75.055, 0.0808, 0.8039,  3.60802,  3.61656,    30.00,  89.85,   0.26, 
   75.061, 0.0807, 0.8040,  3.60788,  3.61654,    30.00,  89.85,   0.26, 
   75.067, 0.0806, 0.8040,  3.60772,  3.61651,    30.00,  89.85,   0.26, 
   75.074, 0.0805, 0.8041,  3.60757,  3.61649,    30.00,  89.85,   0.27, 
   75.082, 0.0804, 0.8041,  3.60740,  3.61646,    30.00,  89.85,   0.27, 
   75.090, 0.0803, 0.8042,  3.60723,  3.61643,    30.00,  89.85,   0.28, 
   75.100, 0.0802, 0.8043,  3.60704,  3.61640,    30.00,  89.85,   0.28, 
   75.110, 0.0801, 0.8043,  3.60685,  3.61636,    30.00,  89.85,   0.28, 
   75.121, 0.0799, 0.8044,  3.60665,  3.61632,    30.00,  89.85,   0.29, 
   75.134, 0.0798, 0.8045,  3.60644,  3.61628,    30.00,  89.85,   0.29, 
   75.148, 0.0796, 0.8046,  3.60622,  3.61623,    30.00,  89.85,   0.30, 
   75.163, 0.0794, 0.8047,  3.60598,  3.61618,    30.00,  89.85,   0.31, 
   75.179, 0.0792, 0.8048,  3.60573,  3.61612,    30.00,  89.85,   0.31, 
   75.197, 0.0790, 0.8050,  3.60546,  3.61605,    30.00,  89.85,   0.32, 
   75.218, 0.0787, 0.8051,  3.60517,  3.61598,    30.00,  89.85,   0.32, 
   75.240, 0.0785, 0.8053,  3.60486,  3.61590,    30.00,  89.85,   0.33, 
   75.264, 0.0782, 0.8055,  3.60452,  3.61581,    30.00,  89.85,   0.34, 
   75.291, 0.0778, 0.8056,  3.60415,  3.61571,    30.00,  89.85,   0.35, 
   75.320, 0.0775, 0.8059,  3.60374,  3.61560,    30.00,  89.85,   0.36, 
   75.352, 0.0771, 0.8061,  3.60330,  3.61548,    30.00,  89.85,   0.37, 
   75.388, 0.0766, 0.8064,  3.60281,  3.61534,    30.00,  89.85,   0.38, 
   75.427, 0.0761, 0.8066,  3.60227,  3.61519,    30.00,  89.85,   0.39, 
   75.470, 0.0756, 0.8070,  3.60166,  3.61503,    30.00,  89.85,   0.40, 
   75.517, 0.0750, 0.8073,  3.60097,  3.61484,    30.00,  89.85,   0.42, 
   75.570, 0.0744, 0.8077,  3.60020,  3.61463,    30.00,  89.85,   0.43, 
   75.627, 0.0736, 0.8081,  3.59931,  3.61440,    30.00,  89.85,   0.45, 
   75.690, 0.0729, 0.8086,  3.59827,  3.61414,    30.00,  89.85,   0.48, 
   75.759, 0.0720, 0.8091,  3.59706,  3.61384,    30.00,  89.85,   0.50, 
   75.835, 0.0711, 0.8096,  3.59562,  3.61351,    30.00,  89.85,   0.54, 
   75.919, 0.0700, 0.8102,  3.59387,  3.61314,    30.00,  89.85,   0.58, 
   76.012, 0.0689, 0.8109,  3.59172,  3.61273,    30.00,  89.85,   0.63, 
   76.113, 0.0676, 0.8116,  3.58902,  3.61225,    30.00,  89.85,   0.70, 
   76.225, 0.0662, 0.8125,  3.58555,  3.61172,    30.00,  89.85,   0.78, 
   76.348, 0.0647, 0.8133,  3.58101,  3.61110,    30.00,  89.85,   0.90, 
   76.483, 0.0630, 0.8143,  3.57490,  3.61039,    30.00,  89.85,   1.06, 
   76.631, 0.0611, 0.8154,  3.56648,  3.60958,    30.00,  89.85,   1.29, 
   76.795, 0.0591, 0.8166,  3.55454,  3.60861,    30.00,  89.85,   1.62, 
   76.974, 0.0569, 0.8179,  3.53715,  3.60746,    30.00,  89.85,   2.11, 
   77.172, 0.0544, 0.8194,  3.51102,  3.60606,    30.00,  89.85,   2.85, 
   77.390, 0.0517, 0.8209,  3.47054,  3.60430,    30.00,  89.85,   4.01, 
   77.629, 0.0487, 0.8227,  3.40568,  3.60199,    30.00,  89.85,   5.89, 
   77.892, 0.0455, 0.8246,  3.29803,  3.59880,    30.00,  89.85,   9.02, 
   78.182, 0.0418, 0.8267,  3.11245,  3.59414,    30.00,  89.85,  14.45, 
   78.472, 0.0382, 0.8288,  2.81684,  3.58763,    30.00,  89.85,  23.12, 
   78.761, 0.0346, 0.8309,  2.34779,  3.57825,    30.00,  89.85,  36.91, 
   78.834, 0.0337, 0.8315,  2.19239,  3.57529,    30.00,  89.85,  41.48, 
   78.852, 0.0335, 0.8316,  2.15066,  3.57450,    30.00,  89.85,  42.71, 
   78.872, 0.0333, 0.8317,  2.10337,  3.57361,    30.00,  89.85,  44.10, 
   78.877, 0.0332, 0.8318,  2.09010,  3.57336,    30.00,  89.85,  44.50, 
   78.878, 0.0332, 0.8318,  2.08806,  3.57333,    30.00,  89.85,  44.56, 
   78.878, 0.0332, 0.8318,  2.08777,  3.57333,    30.00,  89.85,  44.56, 
   78.878, 0.0332, 0.8318,  2.08770,  3.57333,    30.00,  89.85,  44.57, 
   78.878, 0.0332, 0.8318,  2.08761,  3.57333,    30.00,  89.85,  44.57, 
 mass is   0.816565
 energy is   7.98238764
 power is   6.07196388
 469 this time step did not converge
 Solid concentration driven to zero.
 Consider changing vcut or the current density.
  
 dV/dt at point of failure is (V/s) -0.371359576
 Moving on to next leg if not the last
  
 comp 7 not converged
 comp 15 not converged
 

     this run just did not converge


