     50  lim, limit on number of iterations
 100.00  h1,  thickness of negative electrode (microns)
  25.00  h2,  thickness of separator (microns)
 100.00  h3,  thickness of positive electrode (microns)
  25.00  hcn, thickness of negative electrode current collector (microns)
  25.00  hcp, thickness of positive electrode current collector (microns)
     80  n1,  number of nodes in negative electrode
     40  n2,  number of nodes in separator
     80  n3,  number of nodes in positive electrode
 298.00  T,   temperature (K)

 1000.0  xx(1,n1+2), initial concentration (mol/m3)
 0.6000  csx,   initial stoichiometric parameter for negative
 0.5000  csy,   initial stoichiometric parameter for positive
   30.0  tmmax, maximum time step size (s)
 .4E-13  dfs1, diffusion coefficient in negative solid (m2/s)
 .1E-12  dfs3, diffusion coefficient in positive solid (m2/s)
  10.00  Rad1,  radius of negative particles (microns)
  10.00  Rad3,  radius of positive particles (microns)

  0.300  ep1,   volume fraction of electrolyte in negative electrode
  0.000  epp1,  volume fraction of polymer phase in negative electrode
  0.100  epf1,  volume fraction of inert filler in negative electrode
  1.000  ep2,   volume fraction of electrolyte in separator
  0.000  epp2,  volume fraction of polymer phase in separator
  0.300  ep3,   volume fraction of electrolyte in positive electrode
  0.000  epp3,  volume fraction of polymer phase in positive electrode
  0.200  epf3,  volume fraction of inert filler in positive electrode
 0.10E+03  sig1,  conductivity of negative matrix (S/m)
  10.      sig3,  conductivity of positive matrix (S/m)
  372.00  cot1,  coulombic capacity of negative material (mAh/g)
  274.00  cot3,  coulombic capacity of positive material (mAh/g)
 .1E-04  rka1,  reaction rate constant for negative reaction 
 .3E-10  rka3,  reaction rate constant for positive reaction

 1324.0  re,   density of electrolyte (kg/m3)
 1800.0  rs1,  density of negative insertion material (kg/m3)
 5010.0  rs3,  density of positive insertion material (kg/m3)
 1800.0  rf,   density of inert filler (kg/m3)
 1780.0  rpl,  density of polymer phase (kg/m3)
    0.0  rc,   density of separator material (kg/m3)
 8954.0  rcn,  density of negative current collector (kg/m3)
 2707.0  rcp,  density of positive current collector (kg/m3)

   0.001000  ranode,   anode film resistance (ohm-m2)
   0.000000  rcathde,  cathode film resistance (ohm-m2)
   0.00  htc,   heat-transfer coefficient with external medium (W/m2K)
   0.000000  dUdT,  temperature coefficient of EMF (V/K)
 2000.0  Cp,    heat capacity of cell (J/kg-K)
   0.00  residm,    residual mass (kg/m2)
 298.00  Tam,   ambient temperature (K)
      1  ncell, number of cells in a cell stack
      2  lht,   0 uses htc,  1 calcs htc,  2 isothermal

      0    nside, side reaction flag 

      1  il1,   1 for long print-out  0 for short print-out
     10  il2,   prints every il2 th node in long print-out
     10  il3,   prints every il3 th time step in long print-out
      1  lflag, 0 for electrolyte in separator only, 1 for uniform
      0  imp, 0 for no impedance, 1 for impedance
   0.00  capp1,  capacitance of negative material (F/m2)
   0.00  capp3,  capacitance of positive material (F/m2)
      2  lcurs, number of current changes
  
 MCMB 2528 Graphite (Bellcore)
 LiPF6 in EC:DMC
 LiCoO2 (Cobalt dioxide)
 open-circuit potential, negative   0.178978294
 delta S negative   0.
 open-circuit potential, positive   4.24165195
 delta S positive   0.
  
      DUAL INSERTION CELL VERSION 5.1
  
   Time     Util N  Util P  Cell Pot   Uocp      Curr      Temp   heatgen
   (min)       x       y      (V)       (V)      (A/m2)    (C)    (W/m2)
  
    0.000, 0.6000, 0.5000,  4.06267,  4.06267,     0.00,  24.85,   0.00, 
    0.001, 0.6000, 0.5000,  4.06267,  4.06267,     0.00,  24.85,   0.00, 
    0.001, 0.6000, 0.5000,  4.06267,  4.06267,     0.00,  24.85,   0.00, 
    0.001, 0.6000, 0.5000,  4.06267,  4.06267,     0.00,  24.85,   0.00, 
    0.002, 0.6000, 0.5000,  4.06267,  4.06267,     0.00,  24.85,   0.00, 
    0.002, 0.6000, 0.5000,  4.06267,  4.06267,     0.00,  24.85,   0.00, 
    0.003, 0.6000, 0.5000,  4.06267,  4.06267,     0.00,  24.85,   0.00, 
    0.003, 0.6000, 0.5000,  4.06267,  4.06267,     0.00,  24.85,   0.00, 
    0.004, 0.6000, 0.5000,  4.06267,  4.06267,     0.00,  24.85,   0.00, 
    0.005, 0.6000, 0.5000,  4.06267,  4.06267,     0.00,  24.85,   0.00, 
    0.006, 0.6000, 0.5000,  4.06267,  4.06267,     0.00,  24.85,   0.00, 
    0.007, 0.6000, 0.5000,  4.06267,  4.06267,     0.00,  24.85,   0.00, 
    0.007, 0.6000, 0.5000,  4.06267,  4.06267,     0.00,  24.85,   0.00, 
    0.009, 0.6000, 0.5000,  4.06267,  4.06267,     0.00,  24.85,   0.00, 
    0.010, 0.6000, 0.5000,  4.06267,  4.06267,     0.00,  24.85,   0.00, 
    0.011, 0.6000, 0.5000,  4.06267,  4.06267,     0.00,  24.85,   0.00, 
    0.012, 0.6000, 0.5000,  4.06267,  4.06267,     0.00,  24.85,   0.00, 
    0.014, 0.6000, 0.5000,  4.06267,  4.06267,     0.00,  24.85,   0.00, 
    0.016, 0.6000, 0.5000,  4.06267,  4.06267,     0.00,  24.85,   0.00, 
    0.017, 0.6000, 0.5000,  4.06267,  4.06267,     0.00,  24.85,   0.00, 
    0.019, 0.6000, 0.5000,  4.06267,  4.06267,     0.00,  24.85,   0.00, 
    0.022, 0.6000, 0.5000,  4.06267,  4.06267,     0.00,  24.85,   0.00, 
    0.024, 0.6000, 0.5000,  4.06267,  4.06267,     0.00,  24.85,   0.00, 
    0.027, 0.6000, 0.5000,  4.06267,  4.06267,     0.00,  24.85,   0.00, 
    0.030, 0.6000, 0.5000,  4.06267,  4.06267,     0.00,  24.85,   0.00, 
    0.033, 0.6000, 0.5000,  4.06267,  4.06267,     0.00,  24.85,   0.00, 
    0.037, 0.6000, 0.5000,  4.06267,  4.06267,     0.00,  24.85,   0.00, 
    0.041, 0.6000, 0.5000,  4.06267,  4.06267,     0.00,  24.85,   0.00, 
    0.045, 0.6000, 0.5000,  4.06267,  4.06267,     0.00,  24.85,   0.00, 
    0.050, 0.6000, 0.5000,  4.06267,  4.06267,     0.00,  24.85,   0.00, 
    0.055, 0.6000, 0.5000,  4.06267,  4.06267,     0.00,  24.85,   0.00, 
    0.061, 0.6000, 0.5000,  4.06267,  4.06267,     0.00,  24.85,   0.00, 
    0.067, 0.6000, 0.5000,  4.06267,  4.06267,     0.00,  24.85,   0.00, 
    0.074, 0.6000, 0.5000,  4.06267,  4.06267,     0.00,  24.85,   0.00, 
    0.082, 0.6000, 0.5000,  4.06267,  4.06267,     0.00,  24.85,   0.00, 
    0.091, 0.6000, 0.5000,  4.06267,  4.06267,     0.00,  24.85,   0.00, 
    0.100, 0.6000, 0.5000,  4.06267,  4.06267,     0.00,  24.85,   0.00, 
    0.110, 0.6000, 0.5000,  4.06267,  4.06267,     0.00,  24.85,   0.00, 
    0.122, 0.6000, 0.5000,  4.06267,  4.06267,     0.00,  24.85,   0.00, 
    0.134, 0.6000, 0.5000,  4.06267,  4.06267,     0.00,  24.85,   0.00, 
    0.148, 0.6000, 0.5000,  4.06267,  4.06267,     0.00,  24.85,   0.00, 
    0.163, 0.6000, 0.5000,  4.06267,  4.06267,     0.00,  24.85,   0.00, 
    0.180, 0.6000, 0.5000,  4.06267,  4.06267,     0.00,  24.85,   0.00, 
    0.198, 0.6000, 0.5000,  4.06267,  4.06267,     0.00,  24.85,   0.00, 
    0.218, 0.6000, 0.5000,  4.06267,  4.06267,     0.00,  24.85,   0.00, 
    0.240, 0.6000, 0.5000,  4.06267,  4.06267,     0.00,  24.85,   0.00, 
    0.264, 0.6000, 0.5000,  4.06267,  4.06267,     0.00,  24.85,   0.00, 
    0.291, 0.6000, 0.5000,  4.06267,  4.06267,     0.00,  24.85,   0.00, 
    0.320, 0.6000, 0.5000,  4.06267,  4.06267,     0.00,  24.85,   0.00, 
    0.353, 0.6000, 0.5000,  4.06267,  4.06267,     0.00,  24.85,   0.00, 
    0.388, 0.6000, 0.5000,  4.06267,  4.06267,     0.00,  24.85,   0.00, 
    0.427, 0.6000, 0.5000,  4.06267,  4.06267,     0.00,  24.85,   0.00, 
    0.470, 0.6000, 0.5000,  4.06267,  4.06267,     0.00,  24.85,   0.00, 
    0.518, 0.6000, 0.5000,  4.06267,  4.06267,     0.00,  24.85,   0.00, 
    0.570, 0.6000, 0.5000,  4.06267,  4.06267,     0.00,  24.85,   0.00, 
    0.627, 0.6000, 0.5000,  4.06267,  4.06267,     0.00,  24.85,   0.00, 
    0.690, 0.6000, 0.5000,  4.06267,  4.06267,     0.00,  24.85,   0.00, 
    0.760, 0.6000, 0.5000,  4.06267,  4.06267,     0.00,  24.85,   0.00, 
    0.836, 0.6000, 0.5000,  4.06267,  4.06267,     0.00,  24.85,   0.00, 
    0.920, 0.6000, 0.5000,  4.06267,  4.06267,     0.00,  24.85,   0.00, 
    1.000, 0.6000, 0.5000,  4.06267,  4.06267,     0.00,  24.85,   0.00, 
    1.000, 0.6000, 0.5000,  4.05270,  4.06267,     9.00,  24.85,   0.09, 
 specific energy segment =     0.00 W-h/kg
 specific power segment  =     0.00 W/kg
 total heat =          0.0000 W-h/m2
  
    1.000, 0.6000, 0.5000,  4.05270,  4.06267,     9.00,  24.85,   0.09, 
    1.000, 0.6000, 0.5000,  4.05265,  4.06267,     9.00,  24.85,   0.09, 
    1.001, 0.6000, 0.5000,  4.05261,  4.06267,     9.00,  24.85,   0.09, 
    1.001, 0.6000, 0.5000,  4.05258,  4.06267,     9.00,  24.85,   0.09, 
    1.002, 0.6000, 0.5000,  4.05256,  4.06267,     9.00,  24.85,   0.09, 
    1.002, 0.6000, 0.5000,  4.05253,  4.06267,     9.00,  24.85,   0.09, 
    1.003, 0.6000, 0.5000,  4.05251,  4.06267,     9.00,  24.85,   0.09, 
    1.003, 0.6000, 0.5000,  4.05248,  4.06267,     9.00,  24.85,   0.09, 
    1.004, 0.6000, 0.5000,  4.05246,  4.06267,     9.00,  24.85,   0.09, 
    1.005, 0.6000, 0.5000,  4.05243,  4.06266,     9.00,  24.85,   0.09, 
    1.005, 0.6000, 0.5000,  4.05241,  4.06266,     9.00,  24.85,   0.09, 
    1.006, 0.6000, 0.5000,  4.05238,  4.06266,     9.00,  24.85,   0.09, 
    1.007, 0.6000, 0.5000,  4.05236,  4.06266,     9.00,  24.85,   0.09, 
    1.008, 0.6000, 0.5000,  4.05233,  4.06266,     9.00,  24.85,   0.09, 
    1.009, 0.6000, 0.5000,  4.05230,  4.06265,     9.00,  24.85,   0.09, 
    1.011, 0.6000, 0.5000,  4.05227,  4.06265,     9.00,  24.85,   0.09, 
    1.012, 0.6000, 0.5000,  4.05223,  4.06265,     9.00,  24.85,   0.09, 
    1.014, 0.5999, 0.5000,  4.05220,  4.06265,     9.00,  24.85,   0.09, 
    1.015, 0.5999, 0.5000,  4.05216,  4.06264,     9.00,  24.85,   0.09, 
    1.017, 0.5999, 0.5000,  4.05213,  4.06264,     9.00,  24.85,   0.09, 
    1.019, 0.5999, 0.5000,  4.05209,  4.06263,     9.00,  24.85,   0.09, 
    1.021, 0.5999, 0.5000,  4.05205,  4.06263,     9.00,  24.85,   0.10, 
    1.024, 0.5999, 0.5001,  4.05200,  4.06262,     9.00,  24.85,   0.10, 
    1.027, 0.5999, 0.5001,  4.05196,  4.06262,     9.00,  24.85,   0.10, 
    1.029, 0.5999, 0.5001,  4.05191,  4.06261,     9.00,  24.85,   0.10, 
    1.033, 0.5999, 0.5001,  4.05186,  4.06261,     9.00,  24.85,   0.10, 
    1.036, 0.5999, 0.5001,  4.05180,  4.06260,     9.00,  24.85,   0.10, 
    1.040, 0.5998, 0.5001,  4.05175,  4.06259,     9.00,  24.85,   0.10, 
    1.045, 0.5998, 0.5001,  4.05169,  4.06258,     9.00,  24.85,   0.10, 
    1.050, 0.5998, 0.5001,  4.05162,  4.06257,     9.00,  24.85,   0.10, 
    1.055, 0.5998, 0.5001,  4.05156,  4.06256,     9.00,  24.85,   0.10, 
    1.061, 0.5998, 0.5001,  4.05149,  4.06255,     9.00,  24.85,   0.10, 
    1.067, 0.5997, 0.5001,  4.05141,  4.06253,     9.00,  24.85,   0.10, 
    1.074, 0.5997, 0.5002,  4.05133,  4.06252,     9.00,  24.85,   0.10, 
    1.082, 0.5997, 0.5002,  4.05125,  4.06250,     9.00,  24.85,   0.10, 
    1.090, 0.5997, 0.5002,  4.05116,  4.06248,     9.00,  24.85,   0.10, 
    1.100, 0.5996, 0.5002,  4.05107,  4.06247,     9.00,  24.85,   0.10, 
    1.110, 0.5996, 0.5002,  4.05097,  4.06244,     9.00,  24.85,   0.10, 
    1.121, 0.5995, 0.5003,  4.05087,  4.06242,     9.00,  24.85,   0.10, 
    1.134, 0.5995, 0.5003,  4.05076,  4.06239,     9.00,  24.85,   0.10, 
    1.148, 0.5994, 0.5003,  4.05064,  4.06237,     9.00,  24.85,   0.11, 
    1.163, 0.5994, 0.5004,  4.05052,  4.06233,     9.00,  24.85,   0.11, 
    1.179, 0.5993, 0.5004,  4.05039,  4.06230,     9.00,  24.85,   0.11, 
    1.197, 0.5993, 0.5004,  4.05025,  4.06226,     9.00,  24.85,   0.11, 
    1.218, 0.5992, 0.5005,  4.05011,  4.06222,     9.00,  24.85,   0.11, 
    1.240, 0.5991, 0.5005,  4.04996,  4.06217,     9.00,  24.85,   0.11, 
    1.264, 0.5990, 0.5006,  4.04980,  4.06212,     9.00,  24.85,   0.11, 
    1.291, 0.5989, 0.5006,  4.04963,  4.06207,     9.00,  24.85,   0.11, 
    1.320, 0.5988, 0.5007,  4.04946,  4.06201,     9.00,  24.85,   0.11, 
    1.352, 0.5987, 0.5008,  4.04927,  4.06194,     9.00,  24.85,   0.11, 
    1.388, 0.5986, 0.5008,  4.04908,  4.06187,     9.00,  24.85,   0.11, 
    1.427, 0.5984, 0.5009,  4.04888,  4.06179,     9.00,  24.85,   0.12, 
    1.470, 0.5982, 0.5010,  4.04867,  4.06170,     9.00,  24.85,   0.12, 
    1.517, 0.5981, 0.5011,  4.04845,  4.06160,     9.00,  24.85,   0.12, 
    1.570, 0.5979, 0.5012,  4.04823,  4.06149,     9.00,  24.85,   0.12, 
    1.627, 0.5977, 0.5014,  4.04799,  4.06138,     9.00,  24.85,   0.12, 
    1.690, 0.5974, 0.5015,  4.04775,  4.06125,     9.00,  24.85,   0.12, 
    1.759, 0.5972, 0.5017,  4.04750,  4.06111,     9.00,  24.85,   0.12, 
    1.835, 0.5969, 0.5018,  4.04723,  4.06095,     9.00,  24.85,   0.12, 
    1.919, 0.5966, 0.5020,  4.04696,  4.06078,     9.00,  24.85,   0.12, 
    2.012, 0.5962, 0.5022,  4.04667,  4.06060,     9.00,  24.85,   0.12, 
    2.113, 0.5958, 0.5024,  4.04638,  4.06040,     9.00,  24.85,   0.13, 
    2.225, 0.5954, 0.5027,  4.04606,  4.06017,     9.00,  24.85,   0.13, 
    2.348, 0.5950, 0.5029,  4.04574,  4.05993,     9.00,  24.85,   0.13, 
    2.483, 0.5945, 0.5032,  4.04539,  4.05966,     9.00,  24.85,   0.13, 
    2.631, 0.5939, 0.5036,  4.04502,  4.05937,     9.00,  24.85,   0.13, 
    2.795, 0.5933, 0.5039,  4.04463,  4.05905,     9.00,  24.85,   0.13, 
    2.974, 0.5926, 0.5043,  4.04421,  4.05871,     9.00,  24.85,   0.13, 
    3.172, 0.5919, 0.5047,  4.04376,  4.05833,     9.00,  24.85,   0.13, 
    3.390, 0.5911, 0.5052,  4.04328,  4.05791,     9.00,  24.85,   0.13, 
    3.629, 0.5902, 0.5057,  4.04276,  4.05746,     9.00,  24.85,   0.13, 
    3.892, 0.5892, 0.5063,  4.04219,  4.05697,     9.00,  24.85,   0.13, 
    4.182, 0.5881, 0.5070,  4.04157,  4.05644,     9.00,  24.85,   0.13, 
    4.501, 0.5869, 0.5077,  4.04090,  4.05585,     9.00,  24.85,   0.13, 
    4.851, 0.5856, 0.5084,  4.04015,  4.05521,     9.00,  24.85,   0.13, 
    5.236, 0.5842, 0.5093,  4.03931,  4.05451,     9.00,  24.85,   0.13, 
    5.660, 0.5826, 0.5102,  4.03837,  4.05374,     9.00,  24.85,   0.14, 
    6.127, 0.5809, 0.5112,  4.03727,  4.05288,     9.00,  24.85,   0.14, 
    6.640, 0.5789, 0.5123,  4.03597,  4.05191,     9.00,  24.85,   0.14, 
    7.153, 0.5770, 0.5134,  4.03452,  4.05088,     9.00,  24.85,   0.15, 
    7.666, 0.5751, 0.5146,  4.03287,  4.04976,     9.00,  24.85,   0.15, 
    8.179, 0.5732, 0.5157,  4.03093,  4.04850,     9.00,  24.85,   0.16, 
    8.692, 0.5713, 0.5168,  4.02863,  4.04705,     9.00,  24.85,   0.16, 
    9.205, 0.5694, 0.5179,  4.02588,  4.04531,     9.00,  24.85,   0.17, 
    9.718, 0.5675, 0.5191,  4.02261,  4.04320,     9.00,  24.85,   0.18, 
   10.231, 0.5655, 0.5202,  4.01881,  4.04063,     9.00,  24.85,   0.20, 
   10.744, 0.5636, 0.5213,  4.01455,  4.03752,     9.00,  24.85,   0.21, 
   11.257, 0.5617, 0.5224,  4.01001,  4.03386,     9.00,  24.85,   0.21, 
   11.770, 0.5598, 0.5235,  4.00544,  4.02972,     9.00,  24.85,   0.22, 
   12.283, 0.5579, 0.5247,  4.00111,  4.02526,     9.00,  24.85,   0.22, 
   12.796, 0.5560, 0.5258,  3.99722,  4.02072,     9.00,  24.85,   0.21, 
   13.309, 0.5540, 0.5269,  3.99389,  4.01638,     9.00,  24.85,   0.20, 
   13.822, 0.5521, 0.5280,  3.99111,  4.01245,     9.00,  24.85,   0.19, 
   14.335, 0.5502, 0.5291,  3.98884,  4.00906,     9.00,  24.85,   0.18, 
   14.848, 0.5483, 0.5303,  3.98698,  4.00625,     9.00,  24.85,   0.17, 
   15.361, 0.5464, 0.5314,  3.98543,  4.00395,     9.00,  24.85,   0.17, 
   15.874, 0.5445, 0.5325,  3.98409,  4.00208,     9.00,  24.85,   0.16, 
   16.387, 0.5426, 0.5336,  3.98288,  4.00054,     9.00,  24.85,   0.16, 
   16.900, 0.5406, 0.5347,  3.98174,  3.99924,     9.00,  24.85,   0.16, 
   17.413, 0.5387, 0.5359,  3.98062,  3.99810,     9.00,  24.85,   0.16, 
   17.926, 0.5368, 0.5370,  3.97947,  3.99704,     9.00,  24.85,   0.16, 
   18.439, 0.5349, 0.5381,  3.97828,  3.99603,     9.00,  24.85,   0.16, 
   18.952, 0.5330, 0.5392,  3.97701,  3.99501,     9.00,  24.85,   0.16, 
   19.465, 0.5311, 0.5404,  3.97564,  3.99395,     9.00,  24.85,   0.17, 
   19.978, 0.5291, 0.5415,  3.97415,  3.99282,     9.00,  24.85,   0.17, 
   20.491, 0.5272, 0.5426,  3.97253,  3.99159,     9.00,  24.85,   0.17, 
   21.004, 0.5253, 0.5437,  3.97076,  3.99026,     9.00,  24.85,   0.18, 
   21.517, 0.5234, 0.5448,  3.96883,  3.98879,     9.00,  24.85,   0.18, 
   22.030, 0.5215, 0.5460,  3.96673,  3.98717,     9.00,  24.85,   0.18, 
   22.543, 0.5196, 0.5471,  3.96444,  3.98538,     9.00,  24.85,   0.19, 
   23.056, 0.5177, 0.5482,  3.96196,  3.98341,     9.00,  24.85,   0.19, 
   23.569, 0.5157, 0.5493,  3.95928,  3.98125,     9.00,  24.85,   0.20, 
   24.082, 0.5138, 0.5504,  3.95640,  3.97888,     9.00,  24.85,   0.20, 
   24.595, 0.5119, 0.5516,  3.95330,  3.97629,     9.00,  24.85,   0.21, 
   25.108, 0.5100, 0.5527,  3.94999,  3.97348,     9.00,  24.85,   0.21, 
   25.621, 0.5081, 0.5538,  3.94648,  3.97045,     9.00,  24.85,   0.22, 
   26.134, 0.5062, 0.5549,  3.94277,  3.96718,     9.00,  24.85,   0.22, 
   26.647, 0.5042, 0.5560,  3.93887,  3.96369,     9.00,  24.85,   0.22, 
   27.160, 0.5023, 0.5572,  3.93480,  3.95999,     9.00,  24.85,   0.23, 
   27.673, 0.5004, 0.5583,  3.93058,  3.95607,     9.00,  24.85,   0.23, 
   28.186, 0.4985, 0.5594,  3.92624,  3.95197,     9.00,  24.85,   0.23, 
   28.699, 0.4966, 0.5605,  3.92179,  3.94770,     9.00,  24.85,   0.23, 
   29.212, 0.4947, 0.5617,  3.91727,  3.94328,     9.00,  24.85,   0.23, 
   29.725, 0.4928, 0.5628,  3.91271,  3.93874,     9.00,  24.85,   0.23, 
   30.238, 0.4908, 0.5639,  3.90814,  3.93411,     9.00,  24.85,   0.23, 
   30.751, 0.4889, 0.5650,  3.90360,  3.92944,     9.00,  24.85,   0.23, 
   31.264, 0.4870, 0.5661,  3.89912,  3.92474,     9.00,  24.85,   0.23, 
   31.777, 0.4851, 0.5673,  3.89473,  3.92006,     9.00,  24.85,   0.23, 
   32.290, 0.4832, 0.5684,  3.89046,  3.91543,     9.00,  24.85,   0.22, 
   32.803, 0.4813, 0.5695,  3.88633,  3.91088,     9.00,  24.85,   0.22, 
   33.316, 0.4793, 0.5706,  3.88236,  3.90644,     9.00,  24.85,   0.22, 
   33.829, 0.4774, 0.5717,  3.87858,  3.90215,     9.00,  24.85,   0.21, 
   34.342, 0.4755, 0.5729,  3.87498,  3.89802,     9.00,  24.85,   0.21, 
   34.855, 0.4736, 0.5740,  3.87159,  3.89406,     9.00,  24.85,   0.20, 
   35.368, 0.4717, 0.5751,  3.86840,  3.89031,     9.00,  24.85,   0.20, 
   35.881, 0.4698, 0.5762,  3.86541,  3.88676,     9.00,  24.85,   0.19, 
   36.394, 0.4679, 0.5773,  3.86263,  3.88341,     9.00,  24.85,   0.19, 
   36.907, 0.4659, 0.5785,  3.86003,  3.88028,     9.00,  24.85,   0.18, 
   37.420, 0.4640, 0.5796,  3.85763,  3.87736,     9.00,  24.85,   0.18, 
   37.933, 0.4621, 0.5807,  3.85540,  3.87464,     9.00,  24.85,   0.17, 
   38.446, 0.4602, 0.5818,  3.85333,  3.87211,     9.00,  24.85,   0.17, 
   38.959, 0.4583, 0.5830,  3.85141,  3.86977,     9.00,  24.85,   0.16, 
   39.472, 0.4564, 0.5841,  3.84964,  3.86760,     9.00,  24.85,   0.16, 
   39.984, 0.4544, 0.5852,  3.84798,  3.86560,     9.00,  24.85,   0.16, 
   40.497, 0.4525, 0.5863,  3.84644,  3.86374,     9.00,  24.85,   0.15, 
   41.010, 0.4506, 0.5874,  3.84500,  3.86201,     9.00,  24.85,   0.15, 
   41.523, 0.4487, 0.5886,  3.84365,  3.86041,     9.00,  24.85,   0.15, 
   42.036, 0.4468, 0.5897,  3.84237,  3.85891,     9.00,  24.85,   0.15, 
   42.549, 0.4449, 0.5908,  3.84115,  3.85751,     9.00,  24.85,   0.15, 
   43.062, 0.4430, 0.5919,  3.84000,  3.85619,     9.00,  24.85,   0.14, 
   43.575, 0.4410, 0.5930,  3.83888,  3.85494,     9.00,  24.85,   0.14, 
   44.088, 0.4391, 0.5942,  3.83781,  3.85376,     9.00,  24.85,   0.14, 
   44.601, 0.4372, 0.5953,  3.83677,  3.85262,     9.00,  24.85,   0.14, 
   45.114, 0.4353, 0.5964,  3.83575,  3.85153,     9.00,  24.85,   0.14, 
   45.627, 0.4334, 0.5975,  3.83475,  3.85048,     9.00,  24.85,   0.14, 
   46.140, 0.4315, 0.5987,  3.83376,  3.84945,     9.00,  24.85,   0.14, 
   46.653, 0.4295, 0.5998,  3.83278,  3.84845,     9.00,  24.85,   0.14, 
   47.166, 0.4276, 0.6009,  3.83181,  3.84746,     9.00,  24.85,   0.14, 
   47.679, 0.4257, 0.6020,  3.83084,  3.84648,     9.00,  24.85,   0.14, 
   48.192, 0.4238, 0.6031,  3.82987,  3.84550,     9.00,  24.85,   0.14, 
   48.705, 0.4219, 0.6043,  3.82890,  3.84453,     9.00,  24.85,   0.14, 
   49.218, 0.4200, 0.6054,  3.82792,  3.84356,     9.00,  24.85,   0.14, 
   49.731, 0.4181, 0.6065,  3.82693,  3.84259,     9.00,  24.85,   0.14, 
   50.244, 0.4161, 0.6076,  3.82594,  3.84160,     9.00,  24.85,   0.14, 
   50.757, 0.4142, 0.6087,  3.82494,  3.84061,     9.00,  24.85,   0.14, 
   51.270, 0.4123, 0.6099,  3.82393,  3.83961,     9.00,  24.85,   0.14, 
   51.783, 0.4104, 0.6110,  3.82291,  3.83860,     9.00,  24.85,   0.14, 
   52.296, 0.4085, 0.6121,  3.82188,  3.83758,     9.00,  24.85,   0.14, 
   52.809, 0.4066, 0.6132,  3.82084,  3.83654,     9.00,  24.85,   0.14, 
   53.322, 0.4047, 0.6143,  3.81979,  3.83549,     9.00,  24.85,   0.14, 
   53.835, 0.4027, 0.6155,  3.81874,  3.83442,     9.00,  24.85,   0.14, 
   54.348, 0.4008, 0.6166,  3.81767,  3.83334,     9.00,  24.85,   0.14, 
   54.861, 0.3989, 0.6177,  3.81659,  3.83225,     9.00,  24.85,   0.14, 
   55.374, 0.3970, 0.6188,  3.81549,  3.83114,     9.00,  24.85,   0.14, 
   55.887, 0.3951, 0.6200,  3.81438,  3.83002,     9.00,  24.85,   0.14, 
   56.400, 0.3932, 0.6211,  3.81325,  3.82889,     9.00,  24.85,   0.14, 
   56.913, 0.3912, 0.6222,  3.81210,  3.82774,     9.00,  24.85,   0.14, 
   57.426, 0.3893, 0.6233,  3.81094,  3.82658,     9.00,  24.85,   0.14, 
   57.939, 0.3874, 0.6244,  3.80977,  3.82541,     9.00,  24.85,   0.14, 
   58.452, 0.3855, 0.6256,  3.80858,  3.82423,     9.00,  24.85,   0.14, 
   58.965, 0.3836, 0.6267,  3.80738,  3.82304,     9.00,  24.85,   0.14, 
   59.478, 0.3817, 0.6278,  3.80616,  3.82184,     9.00,  24.85,   0.14, 
   59.991, 0.3798, 0.6289,  3.80494,  3.82063,     9.00,  24.85,   0.14, 
   60.504, 0.3778, 0.6300,  3.80370,  3.81941,     9.00,  24.85,   0.14, 
   61.017, 0.3759, 0.6312,  3.80246,  3.81819,     9.00,  24.85,   0.14, 
   61.530, 0.3740, 0.6323,  3.80120,  3.81696,     9.00,  24.85,   0.14, 
   62.043, 0.3721, 0.6334,  3.79994,  3.81572,     9.00,  24.85,   0.14, 
   62.556, 0.3702, 0.6345,  3.79867,  3.81448,     9.00,  24.85,   0.14, 
   63.069, 0.3683, 0.6356,  3.79739,  3.81324,     9.00,  24.85,   0.14, 
   63.582, 0.3663, 0.6368,  3.79611,  3.81199,     9.00,  24.85,   0.14, 
   64.095, 0.3644, 0.6379,  3.79482,  3.81074,     9.00,  24.85,   0.14, 
   64.608, 0.3625, 0.6390,  3.79353,  3.80949,     9.00,  24.85,   0.15, 
   65.121, 0.3606, 0.6401,  3.79224,  3.80824,     9.00,  24.85,   0.15, 
   65.634, 0.3587, 0.6413,  3.79094,  3.80699,     9.00,  24.85,   0.15, 
   66.147, 0.3568, 0.6424,  3.78964,  3.80574,     9.00,  24.85,   0.15, 
   66.660, 0.3549, 0.6435,  3.78833,  3.80449,     9.00,  24.85,   0.15, 
   67.173, 0.3529, 0.6446,  3.78703,  3.80324,     9.00,  24.85,   0.15, 
   67.686, 0.3510, 0.6457,  3.78572,  3.80200,     9.00,  24.85,   0.15, 
   68.199, 0.3491, 0.6469,  3.78442,  3.80076,     9.00,  24.85,   0.15, 
   68.712, 0.3472, 0.6480,  3.78312,  3.79952,     9.00,  24.85,   0.15, 
   69.225, 0.3453, 0.6491,  3.78181,  3.79829,     9.00,  24.85,   0.15, 
   69.738, 0.3434, 0.6502,  3.78051,  3.79706,     9.00,  24.85,   0.15, 
   70.251, 0.3414, 0.6513,  3.77921,  3.79584,     9.00,  24.85,   0.15, 
   70.764, 0.3395, 0.6525,  3.77791,  3.79462,     9.00,  24.85,   0.15, 
   71.277, 0.3376, 0.6536,  3.77662,  3.79341,     9.00,  24.85,   0.15, 
   71.790, 0.3357, 0.6547,  3.77533,  3.79220,     9.00,  24.85,   0.15, 
   72.303, 0.3338, 0.6558,  3.77404,  3.79100,     9.00,  24.85,   0.15, 
   72.816, 0.3319, 0.6569,  3.77276,  3.78980,     9.00,  24.85,   0.15, 
   73.329, 0.3300, 0.6581,  3.77148,  3.78862,     9.00,  24.85,   0.15, 
   73.842, 0.3280, 0.6592,  3.77021,  3.78744,     9.00,  24.85,   0.15, 
   74.355, 0.3261, 0.6603,  3.76894,  3.78626,     9.00,  24.85,   0.15, 
   74.868, 0.3242, 0.6614,  3.76767,  3.78509,     9.00,  24.85,   0.16, 
   75.381, 0.3223, 0.6626,  3.76641,  3.78393,     9.00,  24.85,   0.16, 
   75.894, 0.3204, 0.6637,  3.76516,  3.78277,     9.00,  24.85,   0.16, 
   76.407, 0.3185, 0.6648,  3.76392,  3.78162,     9.00,  24.85,   0.16, 
   76.920, 0.3165, 0.6659,  3.76268,  3.78048,     9.00,  24.85,   0.16, 
   77.433, 0.3146, 0.6670,  3.76145,  3.77934,     9.00,  24.85,   0.16, 
   77.946, 0.3127, 0.6682,  3.76022,  3.77821,     9.00,  24.85,   0.16, 
   78.459, 0.3108, 0.6693,  3.75900,  3.77708,     9.00,  24.85,   0.16, 
   78.972, 0.3089, 0.6704,  3.75779,  3.77595,     9.00,  24.85,   0.16, 
   79.485, 0.3070, 0.6715,  3.75659,  3.77483,     9.00,  24.85,   0.16, 
   79.998, 0.3051, 0.6726,  3.75539,  3.77371,     9.00,  24.85,   0.16, 
   80.511, 0.3031, 0.6738,  3.75420,  3.77260,     9.00,  24.85,   0.16, 
   81.024, 0.3012, 0.6749,  3.75302,  3.77148,     9.00,  24.85,   0.16, 
   81.537, 0.2993, 0.6760,  3.75184,  3.77037,     9.00,  24.85,   0.16, 
   82.050, 0.2974, 0.6771,  3.75068,  3.76926,     9.00,  24.85,   0.16, 
   82.563, 0.2955, 0.6782,  3.74952,  3.76814,     9.00,  24.85,   0.16, 
   83.076, 0.2936, 0.6794,  3.74837,  3.76703,     9.00,  24.85,   0.17, 
   83.589, 0.2916, 0.6805,  3.74722,  3.76592,     9.00,  24.85,   0.17, 
   84.102, 0.2897, 0.6816,  3.74608,  3.76480,     9.00,  24.85,   0.17, 
   84.615, 0.2878, 0.6827,  3.74495,  3.76368,     9.00,  24.85,   0.17, 
   85.128, 0.2859, 0.6839,  3.74382,  3.76255,     9.00,  24.85,   0.17, 
   85.641, 0.2840, 0.6850,  3.74270,  3.76142,     9.00,  24.85,   0.17, 
   86.154, 0.2821, 0.6861,  3.74157,  3.76029,     9.00,  24.85,   0.17, 
   86.667, 0.2802, 0.6872,  3.74044,  3.75915,     9.00,  24.85,   0.17, 
   87.180, 0.2782, 0.6883,  3.73929,  3.75800,     9.00,  24.85,   0.17, 
   87.693, 0.2763, 0.6895,  3.73814,  3.75684,     9.00,  24.85,   0.17, 
   88.206, 0.2744, 0.6906,  3.73697,  3.75568,     9.00,  24.85,   0.17, 
   88.719, 0.2725, 0.6917,  3.73579,  3.75451,     9.00,  24.85,   0.17, 
   89.232, 0.2706, 0.6928,  3.73459,  3.75332,     9.00,  24.85,   0.17, 
   89.745, 0.2687, 0.6939,  3.73336,  3.75213,     9.00,  24.85,   0.17, 
   90.258, 0.2667, 0.6951,  3.73212,  3.75092,     9.00,  24.85,   0.17, 
   90.771, 0.2648, 0.6962,  3.73086,  3.74971,     9.00,  24.85,   0.17, 
   91.284, 0.2629, 0.6973,  3.72958,  3.74848,     9.00,  24.85,   0.17, 
   91.797, 0.2610, 0.6984,  3.72828,  3.74724,     9.00,  24.85,   0.17, 
   92.310, 0.2591, 0.6996,  3.72695,  3.74598,     9.00,  24.85,   0.18, 
   92.823, 0.2572, 0.7007,  3.72561,  3.74471,     9.00,  24.85,   0.18, 
   93.336, 0.2553, 0.7018,  3.72425,  3.74343,     9.00,  24.85,   0.18, 
   93.849, 0.2533, 0.7029,  3.72288,  3.74213,     9.00,  24.85,   0.18, 
   94.362, 0.2514, 0.7040,  3.72148,  3.74082,     9.00,  24.85,   0.18, 
   94.875, 0.2495, 0.7052,  3.72007,  3.73950,     9.00,  24.85,   0.18, 
   95.388, 0.2476, 0.7063,  3.71863,  3.73816,     9.00,  24.85,   0.18, 
   95.901, 0.2457, 0.7074,  3.71718,  3.73680,     9.00,  24.85,   0.18, 
   96.414, 0.2438, 0.7085,  3.71572,  3.73543,     9.00,  24.85,   0.18, 
   96.927, 0.2418, 0.7096,  3.71424,  3.73404,     9.00,  24.85,   0.18, 
   97.440, 0.2399, 0.7108,  3.71274,  3.73264,     9.00,  24.85,   0.18, 
   97.953, 0.2380, 0.7119,  3.71122,  3.73123,     9.00,  24.85,   0.18, 
   98.466, 0.2361, 0.7130,  3.70970,  3.72979,     9.00,  24.85,   0.18, 
   98.979, 0.2342, 0.7141,  3.70815,  3.72835,     9.00,  24.85,   0.18, 
   99.492, 0.2323, 0.7152,  3.70660,  3.72689,     9.00,  24.85,   0.18, 
  100.005, 0.2304, 0.7164,  3.70503,  3.72542,     9.00,  24.85,   0.18, 
  100.518, 0.2284, 0.7175,  3.70345,  3.72393,     9.00,  24.85,   0.19, 
  101.031, 0.2265, 0.7186,  3.70186,  3.72243,     9.00,  24.85,   0.19, 
  101.544, 0.2246, 0.7197,  3.70025,  3.72091,     9.00,  24.85,   0.19, 
  102.057, 0.2227, 0.7209,  3.69864,  3.71939,     9.00,  24.85,   0.19, 
  102.570, 0.2208, 0.7220,  3.69701,  3.71785,     9.00,  24.85,   0.19, 
  103.083, 0.2189, 0.7231,  3.69538,  3.71630,     9.00,  24.85,   0.19, 
  103.596, 0.2169, 0.7242,  3.69374,  3.71474,     9.00,  24.85,   0.19, 
  104.109, 0.2150, 0.7253,  3.69209,  3.71317,     9.00,  24.85,   0.19, 
  104.622, 0.2131, 0.7265,  3.69043,  3.71158,     9.00,  24.85,   0.19, 
  105.135, 0.2112, 0.7276,  3.68877,  3.70999,     9.00,  24.85,   0.19, 
  105.648, 0.2093, 0.7287,  3.68711,  3.70839,     9.00,  24.85,   0.19, 
  106.161, 0.2074, 0.7298,  3.68543,  3.70679,     9.00,  24.85,   0.19, 
  106.674, 0.2055, 0.7309,  3.68376,  3.70517,     9.00,  24.85,   0.19, 
  107.187, 0.2035, 0.7321,  3.68208,  3.70355,     9.00,  24.85,   0.19, 
  107.700, 0.2016, 0.7332,  3.68039,  3.70192,     9.00,  24.85,   0.19, 
  108.213, 0.1997, 0.7343,  3.67871,  3.70028,     9.00,  24.85,   0.19, 
  108.726, 0.1978, 0.7354,  3.67702,  3.69865,     9.00,  24.85,   0.19, 
  109.239, 0.1959, 0.7365,  3.67534,  3.69700,     9.00,  24.85,   0.20, 
  109.752, 0.1940, 0.7377,  3.67365,  3.69536,     9.00,  24.85,   0.20, 
  110.265, 0.1921, 0.7388,  3.67196,  3.69371,     9.00,  24.85,   0.20, 
  110.778, 0.1901, 0.7399,  3.67028,  3.69206,     9.00,  24.85,   0.20, 
  111.291, 0.1882, 0.7410,  3.66859,  3.69040,     9.00,  24.85,   0.20, 
  111.804, 0.1863, 0.7422,  3.66691,  3.68875,     9.00,  24.85,   0.20, 
  112.317, 0.1844, 0.7433,  3.66522,  3.68709,     9.00,  24.85,   0.20, 
  112.830, 0.1825, 0.7444,  3.66354,  3.68544,     9.00,  24.85,   0.20, 
  113.343, 0.1806, 0.7455,  3.66186,  3.68378,     9.00,  24.85,   0.20, 
  113.856, 0.1786, 0.7466,  3.66018,  3.68213,     9.00,  24.85,   0.20, 
  114.369, 0.1767, 0.7478,  3.65851,  3.68048,     9.00,  24.85,   0.20, 
  114.882, 0.1748, 0.7489,  3.65683,  3.67883,     9.00,  24.85,   0.20, 
  115.395, 0.1729, 0.7500,  3.65515,  3.67718,     9.00,  24.85,   0.20, 
  115.908, 0.1710, 0.7511,  3.65348,  3.67553,     9.00,  24.85,   0.20, 
  116.421, 0.1691, 0.7522,  3.65180,  3.67388,     9.00,  24.85,   0.20, 
  116.934, 0.1672, 0.7534,  3.65011,  3.67224,     9.00,  24.85,   0.20, 
  117.447, 0.1652, 0.7545,  3.64842,  3.67060,     9.00,  24.85,   0.20, 
  117.960, 0.1633, 0.7556,  3.64673,  3.66895,     9.00,  24.85,   0.20, 
  118.473, 0.1614, 0.7567,  3.64502,  3.66731,     9.00,  24.85,   0.20, 
  118.986, 0.1595, 0.7578,  3.64331,  3.66566,     9.00,  24.85,   0.20, 
  119.499, 0.1576, 0.7590,  3.64158,  3.66402,     9.00,  24.85,   0.20, 
  120.012, 0.1557, 0.7601,  3.63984,  3.66236,     9.00,  24.85,   0.20, 
  120.525, 0.1537, 0.7612,  3.63809,  3.66071,     9.00,  24.85,   0.20, 
  121.038, 0.1518, 0.7623,  3.63632,  3.65904,     9.00,  24.85,   0.20, 
  121.551, 0.1499, 0.7635,  3.63454,  3.65737,     9.00,  24.85,   0.21, 
  122.064, 0.1480, 0.7646,  3.63275,  3.65568,     9.00,  24.85,   0.21, 
  122.577, 0.1461, 0.7657,  3.63096,  3.65398,     9.00,  24.85,   0.21, 
  123.090, 0.1442, 0.7668,  3.62916,  3.65227,     9.00,  24.85,   0.21, 
  123.603, 0.1423, 0.7679,  3.62737,  3.65054,     9.00,  24.85,   0.21, 
  124.116, 0.1403, 0.7691,  3.62559,  3.64880,     9.00,  24.85,   0.21, 
  124.629, 0.1384, 0.7702,  3.62385,  3.64704,     9.00,  24.85,   0.21, 
  125.142, 0.1365, 0.7713,  3.62215,  3.64528,     9.00,  24.85,   0.21, 
  125.655, 0.1346, 0.7724,  3.62051,  3.64350,     9.00,  24.85,   0.21, 
  126.168, 0.1327, 0.7735,  3.61893,  3.64173,     9.00,  24.85,   0.20, 
  126.681, 0.1308, 0.7747,  3.61745,  3.63997,     9.00,  24.85,   0.20, 
  127.194, 0.1288, 0.7758,  3.61606,  3.63823,     9.00,  24.85,   0.20, 
  127.707, 0.1269, 0.7769,  3.61478,  3.63652,     9.00,  24.85,   0.20, 
  128.220, 0.1250, 0.7780,  3.61361,  3.63486,     9.00,  24.85,   0.19, 
  128.733, 0.1231, 0.7791,  3.61256,  3.63326,     9.00,  24.85,   0.19, 
  129.246, 0.1212, 0.7803,  3.61163,  3.63173,     9.00,  24.85,   0.18, 
  129.759, 0.1193, 0.7814,  3.61081,  3.63029,     9.00,  24.85,   0.17, 
  130.272, 0.1174, 0.7825,  3.61007,  3.62895,     9.00,  24.85,   0.17, 
  130.785, 0.1154, 0.7836,  3.60940,  3.62770,     9.00,  24.85,   0.16, 
  131.298, 0.1135, 0.7848,  3.60876,  3.62657,     9.00,  24.85,   0.16, 
  131.811, 0.1116, 0.7859,  3.60815,  3.62554,     9.00,  24.85,   0.16, 
  132.324, 0.1097, 0.7870,  3.60755,  3.62461,     9.00,  24.85,   0.15, 
  132.837, 0.1078, 0.7881,  3.60696,  3.62379,     9.00,  24.85,   0.15, 
  133.350, 0.1059, 0.7892,  3.60639,  3.62305,     9.00,  24.85,   0.15, 
  133.863, 0.1039, 0.7904,  3.60581,  3.62239,     9.00,  24.85,   0.15, 
  134.376, 0.1020, 0.7915,  3.60525,  3.62180,     9.00,  24.85,   0.15, 
  134.889, 0.1001, 0.7926,  3.60468,  3.62127,     9.00,  24.85,   0.15, 
  135.402, 0.0982, 0.7937,  3.60412,  3.62077,     9.00,  24.85,   0.15, 
  135.915, 0.0963, 0.7948,  3.60355,  3.62031,     9.00,  24.85,   0.15, 
  136.428, 0.0944, 0.7960,  3.60298,  3.61986,     9.00,  24.85,   0.15, 
  136.941, 0.0925, 0.7971,  3.60241,  3.61943,     9.00,  24.85,   0.15, 
  137.454, 0.0905, 0.7982,  3.60182,  3.61899,     9.00,  24.85,   0.15, 
  137.967, 0.0886, 0.7993,  3.60122,  3.61855,     9.00,  24.85,   0.16, 
  138.480, 0.0867, 0.8005,  3.60059,  3.61809,     9.00,  24.85,   0.16, 
  138.993, 0.0848, 0.8016,  3.59995,  3.61762,     9.00,  24.85,   0.16, 
  139.506, 0.0829, 0.8027,  3.59928,  3.61713,     9.00,  24.85,   0.16, 
  140.019, 0.0810, 0.8038,  3.59859,  3.61661,     9.00,  24.85,   0.16, 
  140.532, 0.0790, 0.8049,  3.59786,  3.61607,     9.00,  24.85,   0.16, 
  141.045, 0.0771, 0.8061,  3.59710,  3.61550,     9.00,  24.85,   0.17, 
  141.558, 0.0752, 0.8072,  3.59630,  3.61491,     9.00,  24.85,   0.17, 
  142.071, 0.0733, 0.8083,  3.59546,  3.61428,     9.00,  24.85,   0.17, 
  142.584, 0.0714, 0.8094,  3.59457,  3.61363,     9.00,  24.85,   0.17, 
  143.097, 0.0695, 0.8105,  3.59362,  3.61295,     9.00,  24.85,   0.17, 
  143.610, 0.0676, 0.8117,  3.59260,  3.61224,     9.00,  24.85,   0.18, 
  144.123, 0.0656, 0.8128,  3.59149,  3.61149,     9.00,  24.85,   0.18, 
  144.636, 0.0637, 0.8139,  3.59029,  3.61070,     9.00,  24.85,   0.18, 
  145.149, 0.0618, 0.8150,  3.58895,  3.60987,     9.00,  24.85,   0.19, 
  145.662, 0.0599, 0.8161,  3.58745,  3.60899,     9.00,  24.85,   0.19, 
  146.175, 0.0580, 0.8173,  3.58574,  3.60804,     9.00,  24.85,   0.20, 
  146.688, 0.0561, 0.8184,  3.58377,  3.60702,     9.00,  24.85,   0.21, 
  147.201, 0.0541, 0.8195,  3.58147,  3.60590,     9.00,  24.85,   0.22, 
  147.714, 0.0522, 0.8206,  3.57874,  3.60466,     9.00,  24.85,   0.23, 
  148.227, 0.0503, 0.8218,  3.57549,  3.60328,     9.00,  24.85,   0.25, 
  148.740, 0.0484, 0.8229,  3.57157,  3.60170,     9.00,  24.85,   0.27, 
  149.253, 0.0465, 0.8240,  3.56680,  3.59990,     9.00,  24.85,   0.30, 
  149.766, 0.0446, 0.8251,  3.56097,  3.59779,     9.00,  24.85,   0.33, 
  150.279, 0.0427, 0.8262,  3.55380,  3.59532,     9.00,  24.85,   0.37, 
  150.792, 0.0407, 0.8274,  3.54493,  3.59238,     9.00,  24.85,   0.43, 
  151.305, 0.0388, 0.8285,  3.53393,  3.58884,     9.00,  24.85,   0.49, 
  151.818, 0.0369, 0.8296,  3.52025,  3.58456,     9.00,  24.85,   0.58, 
  152.331, 0.0350, 0.8307,  3.50319,  3.57934,     9.00,  24.85,   0.69, 
  152.844, 0.0331, 0.8318,  3.48188,  3.57293,     9.00,  24.85,   0.82, 
  153.357, 0.0312, 0.8330,  3.45522,  3.56502,     9.00,  24.85,   0.99, 
  153.870, 0.0292, 0.8341,  3.42182,  3.55524,     9.00,  24.85,   1.20, 
  154.383, 0.0273, 0.8352,  3.37994,  3.54309,     9.00,  24.85,   1.47, 
  154.896, 0.0254, 0.8363,  3.32739,  3.52795,     9.00,  24.85,   1.80, 
  155.409, 0.0235, 0.8374,  3.26140,  3.50905,     9.00,  24.85,   2.23, 
  155.922, 0.0216, 0.8386,  3.17850,  3.48542,     9.00,  24.85,   2.76, 
  156.435, 0.0197, 0.8397,  3.07432,  3.45583,     9.00,  24.85,   3.43, 
  156.948, 0.0178, 0.8408,  2.94336,  3.41874,     9.00,  24.85,   4.28, 
  157.461, 0.0158, 0.8419,  2.77870,  3.37221,     9.00,  24.85,   5.34, 
  157.974, 0.0139, 0.8431,  2.57162,  3.31379,     9.00,  24.85,   6.68, 
  158.487, 0.0120, 0.8442,  2.31117,  3.24043,     9.00,  24.85,   8.36, 
  158.743, 0.0111, 0.8447,  2.15675,  3.19696,     9.00,  24.85,   9.36, 
  158.808, 0.0108, 0.8449,  2.11529,  3.18530,     9.00,  24.85,   9.63, 
  158.843, 0.0107, 0.8450,  2.09198,  3.17874,     9.00,  24.85,   9.78, 
  158.862, 0.0106, 0.8450,  2.07895,  3.17509,     9.00,  24.85,   9.86, 
  158.865, 0.0106, 0.8450,  2.07632,  3.17458,     9.00,  24.85,   9.88, 
  158.865, 0.0106, 0.8450,  2.07549,  3.17451,     9.00,  24.85,   9.88, 
  158.865, 0.0106, 0.8450,  2.07542,  3.17451,     9.00,  24.85,   9.89, 
  158.865, 0.0106, 0.8450,  2.07537,  3.17451,     9.00,  24.85,   9.89, 
 mass is   0.816565
 energy is   108.613888
 power is   41.0211187
 446 this time step did not converge
 Solid concentration driven to zero.
 Consider changing vcut or the current density.
  
 dV/dt at point of failure is (V/s) -0.497648104
 Moving on to next leg if not the last
  
 comp 7 not converged

            mass  =  0.8166 kg/m2
 specific energy segment =   108.61 W-h/kg
 specific power segment  =    41.28 W/kg
 total heat =          0.8507 W-h/m2
  
