     50  lim, limit on number of iterations
 100.00  h1,  thickness of negative electrode (microns)
  25.00  h2,  thickness of separator (microns)
 100.00  h3,  thickness of positive electrode (microns)
  25.00  hcn, thickness of negative electrode current collector (microns)
  25.00  hcp, thickness of positive electrode current collector (microns)
     80  n1,  number of nodes in negative electrode
     40  n2,  number of nodes in separator
     80  n3,  number of nodes in positive electrode
 333.00  T,   temperature (K)

 1000.0  xx(1,n1+2), initial concentration (mol/m3)
 0.6000  csx,   initial stoichiometric parameter for negative
 0.5000  csy,   initial stoichiometric parameter for positive
   30.0  tmmax, maximum time step size (s)
 .4E-13  dfs1, diffusion coefficient in negative solid (m2/s)
 .1E-12  dfs3, diffusion coefficient in positive solid (m2/s)
  10.00  Rad1,  radius of negative particles (microns)
  10.00  Rad3,  radius of positive particles (microns)

  0.300  ep1,   volume fraction of electrolyte in negative electrode
  0.000  epp1,  volume fraction of polymer phase in negative electrode
  0.100  epf1,  volume fraction of inert filler in negative electrode
  1.000  ep2,   volume fraction of electrolyte in separator
  0.000  epp2,  volume fraction of polymer phase in separator
  0.300  ep3,   volume fraction of electrolyte in positive electrode
  0.000  epp3,  volume fraction of polymer phase in positive electrode
  0.200  epf3,  volume fraction of inert filler in positive electrode
 0.10E+03  sig1,  conductivity of negative matrix (S/m)
  10.      sig3,  conductivity of positive matrix (S/m)
  372.00  cot1,  coulombic capacity of negative material (mAh/g)
  274.00  cot3,  coulombic capacity of positive material (mAh/g)
 .1E-04  rka1,  reaction rate constant for negative reaction 
 .3E-10  rka3,  reaction rate constant for positive reaction

 1324.0  re,   density of electrolyte (kg/m3)
 1800.0  rs1,  density of negative insertion material (kg/m3)
 5010.0  rs3,  density of positive insertion material (kg/m3)
 1800.0  rf,   density of inert filler (kg/m3)
 1780.0  rpl,  density of polymer phase (kg/m3)
    0.0  rc,   density of separator material (kg/m3)
 8954.0  rcn,  density of negative current collector (kg/m3)
 2707.0  rcp,  density of positive current collector (kg/m3)

   0.001000  ranode,   anode film resistance (ohm-m2)
   0.000000  rcathde,  cathode film resistance (ohm-m2)
   0.00  htc,   heat-transfer coefficient with external medium (W/m2K)
   0.000000  dUdT,  temperature coefficient of EMF (V/K)
 2000.0  Cp,    heat capacity of cell (J/kg-K)
   0.00  residm,    residual mass (kg/m2)
 298.00  Tam,   ambient temperature (K)
      1  ncell, number of cells in a cell stack
      2  lht,   0 uses htc,  1 calcs htc,  2 isothermal

      0    nside, side reaction flag 

      1  il1,   1 for long print-out  0 for short print-out
     10  il2,   prints every il2 th node in long print-out
     10  il3,   prints every il3 th time step in long print-out
      1  lflag, 0 for electrolyte in separator only, 1 for uniform
      0  imp, 0 for no impedance, 1 for impedance
   0.00  capp1,  capacitance of negative material (F/m2)
   0.00  capp3,  capacitance of positive material (F/m2)
      1  lcurs, number of current changes
  
 MCMB 2528 Graphite (Bellcore)
 LiPF6 in EC:DMC
 LiCoO2 (Cobalt dioxide)
 open-circuit potential, negative   0.178978294
 delta S negative   0.
 open-circuit potential, positive   4.24165195
 delta S positive   0.
  
      DUAL INSERTION CELL VERSION 5.1
  
   Time     Util N  Util P  Cell Pot   Uocp      Curr      Temp   heatgen
   (min)       x       y      (V)       (V)      (A/m2)    (C)    (W/m2)
  
    0.000, 0.6000, 0.5000,  4.05964,  4.06267,    10.00,  59.85,   0.03, 
    0.001, 0.6000, 0.5000,  4.05961,  4.06267,    10.00,  59.85,   0.03, 
    0.001, 0.6000, 0.5000,  4.05958,  4.06267,    10.00,  59.85,   0.03, 
    0.001, 0.6000, 0.5000,  4.05955,  4.06267,    10.00,  59.85,   0.03, 
    0.002, 0.6000, 0.5000,  4.05953,  4.06267,    10.00,  59.85,   0.03, 
    0.002, 0.6000, 0.5000,  4.05950,  4.06267,    10.00,  59.85,   0.03, 
    0.003, 0.6000, 0.5000,  4.05948,  4.06267,    10.00,  59.85,   0.03, 
    0.003, 0.6000, 0.5000,  4.05945,  4.06267,    10.00,  59.85,   0.03, 
    0.004, 0.6000, 0.5000,  4.05943,  4.06266,    10.00,  59.85,   0.03, 
    0.005, 0.6000, 0.5000,  4.05940,  4.06266,    10.00,  59.85,   0.03, 
    0.006, 0.6000, 0.5000,  4.05937,  4.06266,    10.00,  59.85,   0.03, 
    0.007, 0.6000, 0.5000,  4.05935,  4.06266,    10.00,  59.85,   0.03, 
    0.007, 0.6000, 0.5000,  4.05932,  4.06266,    10.00,  59.85,   0.03, 
    0.009, 0.6000, 0.5000,  4.05929,  4.06265,    10.00,  59.85,   0.03, 
    0.010, 0.6000, 0.5000,  4.05926,  4.06265,    10.00,  59.85,   0.03, 
    0.011, 0.6000, 0.5000,  4.05923,  4.06265,    10.00,  59.85,   0.03, 
    0.012, 0.5999, 0.5000,  4.05919,  4.06264,    10.00,  59.85,   0.03, 
    0.014, 0.5999, 0.5000,  4.05916,  4.06264,    10.00,  59.85,   0.03, 
    0.016, 0.5999, 0.5000,  4.05912,  4.06264,    10.00,  59.85,   0.04, 
    0.017, 0.5999, 0.5000,  4.05909,  4.06263,    10.00,  59.85,   0.04, 
    0.019, 0.5999, 0.5000,  4.05905,  4.06263,    10.00,  59.85,   0.04, 
    0.022, 0.5999, 0.5001,  4.05900,  4.06262,    10.00,  59.85,   0.04, 
    0.024, 0.5999, 0.5001,  4.05896,  4.06262,    10.00,  59.85,   0.04, 
    0.027, 0.5999, 0.5001,  4.05892,  4.06261,    10.00,  59.85,   0.04, 
    0.030, 0.5999, 0.5001,  4.05887,  4.06260,    10.00,  59.85,   0.04, 
    0.033, 0.5999, 0.5001,  4.05882,  4.06260,    10.00,  59.85,   0.04, 
    0.037, 0.5998, 0.5001,  4.05876,  4.06259,    10.00,  59.85,   0.04, 
    0.041, 0.5998, 0.5001,  4.05871,  4.06258,    10.00,  59.85,   0.04, 
    0.045, 0.5998, 0.5001,  4.05865,  4.06257,    10.00,  59.85,   0.04, 
    0.050, 0.5998, 0.5001,  4.05859,  4.06256,    10.00,  59.85,   0.04, 
    0.055, 0.5998, 0.5001,  4.05852,  4.06255,    10.00,  59.85,   0.04, 
    0.061, 0.5997, 0.5001,  4.05846,  4.06253,    10.00,  59.85,   0.04, 
    0.067, 0.5997, 0.5002,  4.05839,  4.06252,    10.00,  59.85,   0.04, 
    0.074, 0.5997, 0.5002,  4.05831,  4.06250,    10.00,  59.85,   0.04, 
    0.082, 0.5997, 0.5002,  4.05824,  4.06248,    10.00,  59.85,   0.04, 
    0.091, 0.5996, 0.5002,  4.05816,  4.06246,    10.00,  59.85,   0.04, 
    0.100, 0.5996, 0.5002,  4.05807,  4.06244,    10.00,  59.85,   0.04, 
    0.110, 0.5995, 0.5003,  4.05798,  4.06242,    10.00,  59.85,   0.04, 
    0.122, 0.5995, 0.5003,  4.05789,  4.06239,    10.00,  59.85,   0.04, 
    0.134, 0.5994, 0.5003,  4.05780,  4.06236,    10.00,  59.85,   0.05, 
    0.148, 0.5994, 0.5004,  4.05770,  4.06233,    10.00,  59.85,   0.05, 
    0.163, 0.5993, 0.5004,  4.05760,  4.06230,    10.00,  59.85,   0.05, 
    0.180, 0.5993, 0.5004,  4.05749,  4.06226,    10.00,  59.85,   0.05, 
    0.198, 0.5992, 0.5005,  4.05738,  4.06222,    10.00,  59.85,   0.05, 
    0.218, 0.5991, 0.5005,  4.05727,  4.06217,    10.00,  59.85,   0.05, 
    0.240, 0.5990, 0.5006,  4.05715,  4.06212,    10.00,  59.85,   0.05, 
    0.264, 0.5989, 0.5006,  4.05703,  4.06206,    10.00,  59.85,   0.05, 
    0.291, 0.5988, 0.5007,  4.05690,  4.06200,    10.00,  59.85,   0.05, 
    0.320, 0.5987, 0.5008,  4.05677,  4.06193,    10.00,  59.85,   0.05, 
    0.353, 0.5985, 0.5009,  4.05663,  4.06186,    10.00,  59.85,   0.05, 
    0.388, 0.5984, 0.5009,  4.05648,  4.06178,    10.00,  59.85,   0.05, 
    0.427, 0.5982, 0.5010,  4.05633,  4.06169,    10.00,  59.85,   0.05, 
    0.470, 0.5980, 0.5011,  4.05617,  4.06159,    10.00,  59.85,   0.05, 
    0.518, 0.5979, 0.5013,  4.05600,  4.06148,    10.00,  59.85,   0.05, 
    0.570, 0.5976, 0.5014,  4.05582,  4.06136,    10.00,  59.85,   0.06, 
    0.627, 0.5974, 0.5015,  4.05563,  4.06123,    10.00,  59.85,   0.06, 
    0.690, 0.5971, 0.5017,  4.05543,  4.06109,    10.00,  59.85,   0.06, 
    0.760, 0.5968, 0.5018,  4.05522,  4.06094,    10.00,  59.85,   0.06, 
    0.836, 0.5965, 0.5020,  4.05499,  4.06077,    10.00,  59.85,   0.06, 
    0.920, 0.5962, 0.5022,  4.05475,  4.06058,    10.00,  59.85,   0.06, 
    1.012, 0.5958, 0.5025,  4.05449,  4.06037,    10.00,  59.85,   0.06, 
    1.113, 0.5954, 0.5027,  4.05422,  4.06015,    10.00,  59.85,   0.06, 
    1.225, 0.5949, 0.5030,  4.05392,  4.05990,    10.00,  59.85,   0.06, 
    1.348, 0.5944, 0.5033,  4.05361,  4.05963,    10.00,  59.85,   0.06, 
    1.483, 0.5938, 0.5036,  4.05328,  4.05934,    10.00,  59.85,   0.06, 
    1.632, 0.5932, 0.5040,  4.05292,  4.05902,    10.00,  59.85,   0.06, 
    1.795, 0.5926, 0.5044,  4.05253,  4.05867,    10.00,  59.85,   0.06, 
    1.975, 0.5918, 0.5048,  4.05212,  4.05829,    10.00,  59.85,   0.06, 
    2.173, 0.5910, 0.5053,  4.05167,  4.05787,    10.00,  59.85,   0.06, 
    2.390, 0.5901, 0.5058,  4.05119,  4.05741,    10.00,  59.85,   0.06, 
    2.629, 0.5891, 0.5064,  4.05066,  4.05692,    10.00,  59.85,   0.06, 
    2.893, 0.5880, 0.5070,  4.05009,  4.05638,    10.00,  59.85,   0.06, 
    3.182, 0.5868, 0.5077,  4.04947,  4.05579,    10.00,  59.85,   0.06, 
    3.501, 0.5855, 0.5085,  4.04878,  4.05514,    10.00,  59.85,   0.06, 
    3.851, 0.5840, 0.5094,  4.04800,  4.05444,    10.00,  59.85,   0.06, 
    4.237, 0.5824, 0.5103,  4.04712,  4.05366,    10.00,  59.85,   0.07, 
    4.661, 0.5807, 0.5113,  4.04610,  4.05279,    10.00,  59.85,   0.07, 
    5.127, 0.5787, 0.5124,  4.04486,  4.05180,    10.00,  59.85,   0.07, 
    5.640, 0.5766, 0.5137,  4.04330,  4.05064,    10.00,  59.85,   0.07, 
    6.153, 0.5745, 0.5149,  4.04144,  4.04936,    10.00,  59.85,   0.08, 
    6.666, 0.5723, 0.5162,  4.03915,  4.04788,    10.00,  59.85,   0.09, 
    7.179, 0.5702, 0.5174,  4.03631,  4.04612,    10.00,  59.85,   0.10, 
    7.692, 0.5681, 0.5187,  4.03281,  4.04395,    10.00,  59.85,   0.11, 
    8.205, 0.5660, 0.5199,  4.02863,  4.04124,    10.00,  59.85,   0.13, 
    8.718, 0.5638, 0.5212,  4.02388,  4.03789,    10.00,  59.85,   0.14, 
    9.231, 0.5617, 0.5224,  4.01880,  4.03386,    10.00,  59.85,   0.15, 
    9.744, 0.5596, 0.5237,  4.01377,  4.02924,    10.00,  59.85,   0.15, 
   10.257, 0.5574, 0.5249,  4.00912,  4.02424,    10.00,  59.85,   0.15, 
   10.770, 0.5553, 0.5262,  4.00508,  4.01924,    10.00,  59.85,   0.14, 
   11.283, 0.5532, 0.5274,  4.00174,  4.01457,    10.00,  59.85,   0.13, 
   11.796, 0.5511, 0.5286,  3.99905,  4.01050,    10.00,  59.85,   0.11, 
   12.309, 0.5489, 0.5299,  3.99688,  4.00712,    10.00,  59.85,   0.10, 
   12.822, 0.5468, 0.5311,  3.99511,  4.00442,    10.00,  59.85,   0.09, 
   13.335, 0.5447, 0.5324,  3.99360,  4.00227,    10.00,  59.85,   0.09, 
   13.848, 0.5426, 0.5336,  3.99225,  4.00054,    10.00,  59.85,   0.08, 
   14.361, 0.5404, 0.5349,  3.99098,  3.99911,    10.00,  59.85,   0.08, 
   14.874, 0.5383, 0.5361,  3.98971,  3.99786,    10.00,  59.85,   0.08, 
   15.387, 0.5362, 0.5374,  3.98840,  3.99670,    10.00,  59.85,   0.08, 
   15.900, 0.5340, 0.5386,  3.98702,  3.99558,    10.00,  59.85,   0.09, 
   16.413, 0.5319, 0.5399,  3.98552,  3.99442,    10.00,  59.85,   0.09, 
   16.926, 0.5298, 0.5411,  3.98388,  3.99320,    10.00,  59.85,   0.09, 
   17.439, 0.5277, 0.5423,  3.98207,  3.99188,    10.00,  59.85,   0.10, 
   17.952, 0.5255, 0.5436,  3.98008,  3.99041,    10.00,  59.85,   0.10, 
   18.465, 0.5234, 0.5448,  3.97789,  3.98879,    10.00,  59.85,   0.11, 
   18.978, 0.5213, 0.5461,  3.97548,  3.98698,    10.00,  59.85,   0.12, 
   19.491, 0.5191, 0.5473,  3.97283,  3.98496,    10.00,  59.85,   0.12, 
   20.004, 0.5170, 0.5486,  3.96993,  3.98271,    10.00,  59.85,   0.13, 
   20.517, 0.5149, 0.5498,  3.96678,  3.98022,    10.00,  59.85,   0.13, 
   21.030, 0.5128, 0.5511,  3.96337,  3.97747,    10.00,  59.85,   0.14, 
   21.543, 0.5106, 0.5523,  3.95970,  3.97444,    10.00,  59.85,   0.15, 
   22.056, 0.5085, 0.5536,  3.95578,  3.97114,    10.00,  59.85,   0.15, 
   22.569, 0.5064, 0.5548,  3.95161,  3.96756,    10.00,  59.85,   0.16, 
   23.082, 0.5042, 0.5560,  3.94722,  3.96369,    10.00,  59.85,   0.16, 
   23.595, 0.5021, 0.5573,  3.94263,  3.95956,    10.00,  59.85,   0.17, 
   24.108, 0.5000, 0.5585,  3.93786,  3.95518,    10.00,  59.85,   0.17, 
   24.621, 0.4979, 0.5598,  3.93295,  3.95056,    10.00,  59.85,   0.18, 
   25.134, 0.4957, 0.5610,  3.92793,  3.94575,    10.00,  59.85,   0.18, 
   25.647, 0.4936, 0.5623,  3.92286,  3.94077,    10.00,  59.85,   0.18, 
   26.160, 0.4915, 0.5635,  3.91777,  3.93566,    10.00,  59.85,   0.18, 
   26.673, 0.4893, 0.5648,  3.91272,  3.93048,    10.00,  59.85,   0.18, 
   27.186, 0.4872, 0.5660,  3.90773,  3.92526,    10.00,  59.85,   0.18, 
   27.699, 0.4851, 0.5673,  3.90287,  3.92006,    10.00,  59.85,   0.17, 
   28.212, 0.4830, 0.5685,  3.89815,  3.91492,    10.00,  59.85,   0.17, 
   28.725, 0.4808, 0.5698,  3.89362,  3.90988,    10.00,  59.85,   0.16, 
   29.238, 0.4787, 0.5710,  3.88930,  3.90499,    10.00,  59.85,   0.16, 
   29.751, 0.4766, 0.5722,  3.88521,  3.90029,    10.00,  59.85,   0.15, 
   30.264, 0.4745, 0.5735,  3.88137,  3.89580,    10.00,  59.85,   0.14, 
   30.777, 0.4723, 0.5747,  3.87778,  3.89154,    10.00,  59.85,   0.14, 
   31.290, 0.4702, 0.5760,  3.87444,  3.88753,    10.00,  59.85,   0.13, 
   31.803, 0.4681, 0.5772,  3.87134,  3.88378,    10.00,  59.85,   0.12, 
   32.316, 0.4659, 0.5785,  3.86849,  3.88028,    10.00,  59.85,   0.12, 
   32.829, 0.4638, 0.5797,  3.86587,  3.87705,    10.00,  59.85,   0.11, 
   33.342, 0.4617, 0.5810,  3.86345,  3.87406,    10.00,  59.85,   0.11, 
   33.855, 0.4596, 0.5822,  3.86124,  3.87131,    10.00,  59.85,   0.10, 
   34.368, 0.4574, 0.5835,  3.85920,  3.86879,    10.00,  59.85,   0.10, 
   34.881, 0.4553, 0.5847,  3.85733,  3.86647,    10.00,  59.85,   0.09, 
   35.394, 0.4532, 0.5859,  3.85560,  3.86434,    10.00,  59.85,   0.09, 
   35.907, 0.4510, 0.5872,  3.85399,  3.86238,    10.00,  59.85,   0.08, 
   36.420, 0.4489, 0.5884,  3.85250,  3.86058,    10.00,  59.85,   0.08, 
   36.933, 0.4468, 0.5897,  3.85110,  3.85891,    10.00,  59.85,   0.08, 
   37.446, 0.4447, 0.5909,  3.84978,  3.85736,    10.00,  59.85,   0.08, 
   37.959, 0.4425, 0.5922,  3.84852,  3.85591,    10.00,  59.85,   0.07, 
   38.472, 0.4404, 0.5934,  3.84732,  3.85454,    10.00,  59.85,   0.07, 
   38.985, 0.4383, 0.5947,  3.84616,  3.85325,    10.00,  59.85,   0.07, 
   39.498, 0.4361, 0.5959,  3.84504,  3.85201,    10.00,  59.85,   0.07, 
   40.011, 0.4340, 0.5972,  3.84393,  3.85083,    10.00,  59.85,   0.07, 
   40.524, 0.4319, 0.5984,  3.84285,  3.84968,    10.00,  59.85,   0.07, 
   41.037, 0.4298, 0.5996,  3.84178,  3.84856,    10.00,  59.85,   0.07, 
   41.550, 0.4276, 0.6009,  3.84071,  3.84746,    10.00,  59.85,   0.07, 
   42.063, 0.4255, 0.6021,  3.83964,  3.84637,    10.00,  59.85,   0.07, 
   42.576, 0.4234, 0.6034,  3.83856,  3.84529,    10.00,  59.85,   0.07, 
   43.089, 0.4212, 0.6046,  3.83748,  3.84421,    10.00,  59.85,   0.07, 
   43.602, 0.4191, 0.6059,  3.83639,  3.84313,    10.00,  59.85,   0.07, 
   44.115, 0.4170, 0.6071,  3.83529,  3.84204,    10.00,  59.85,   0.07, 
   44.628, 0.4149, 0.6084,  3.83417,  3.84094,    10.00,  59.85,   0.07, 
   45.141, 0.4127, 0.6096,  3.83304,  3.83983,    10.00,  59.85,   0.07, 
   45.654, 0.4106, 0.6109,  3.83189,  3.83871,    10.00,  59.85,   0.07, 
   46.167, 0.4085, 0.6121,  3.83072,  3.83758,    10.00,  59.85,   0.07, 
   46.680, 0.4064, 0.6133,  3.82954,  3.83642,    10.00,  59.85,   0.07, 
   47.193, 0.4042, 0.6146,  3.82834,  3.83525,    10.00,  59.85,   0.07, 
   47.706, 0.4021, 0.6158,  3.82713,  3.83406,    10.00,  59.85,   0.07, 
   48.219, 0.4000, 0.6171,  3.82590,  3.83286,    10.00,  59.85,   0.07, 
   48.732, 0.3978, 0.6183,  3.82465,  3.83164,    10.00,  59.85,   0.07, 
   49.245, 0.3957, 0.6196,  3.82339,  3.83040,    10.00,  59.85,   0.07, 
   49.758, 0.3936, 0.6208,  3.82212,  3.82914,    10.00,  59.85,   0.07, 
   50.271, 0.3915, 0.6221,  3.82083,  3.82787,    10.00,  59.85,   0.07, 
   50.784, 0.3893, 0.6233,  3.81953,  3.82658,    10.00,  59.85,   0.07, 
   51.297, 0.3872, 0.6246,  3.81822,  3.82528,    10.00,  59.85,   0.07, 
   51.810, 0.3851, 0.6258,  3.81690,  3.82397,    10.00,  59.85,   0.07, 
   52.323, 0.3829, 0.6271,  3.81558,  3.82264,    10.00,  59.85,   0.07, 
   52.836, 0.3808, 0.6283,  3.81425,  3.82130,    10.00,  59.85,   0.07, 
   53.349, 0.3787, 0.6295,  3.81292,  3.81996,    10.00,  59.85,   0.07, 
   53.862, 0.3766, 0.6308,  3.81159,  3.81860,    10.00,  59.85,   0.07, 
   54.375, 0.3744, 0.6320,  3.81025,  3.81723,    10.00,  59.85,   0.07, 
   54.888, 0.3723, 0.6333,  3.80891,  3.81586,    10.00,  59.85,   0.07, 
   55.401, 0.3702, 0.6345,  3.80755,  3.81448,    10.00,  59.85,   0.07, 
   55.914, 0.3680, 0.6358,  3.80619,  3.81310,    10.00,  59.85,   0.07, 
   56.427, 0.3659, 0.6370,  3.80482,  3.81172,    10.00,  59.85,   0.07, 
   56.940, 0.3638, 0.6383,  3.80344,  3.81033,    10.00,  59.85,   0.07, 
   57.453, 0.3617, 0.6395,  3.80206,  3.80894,    10.00,  59.85,   0.07, 
   57.966, 0.3595, 0.6408,  3.80068,  3.80755,    10.00,  59.85,   0.07, 
   58.479, 0.3574, 0.6420,  3.79929,  3.80616,    10.00,  59.85,   0.07, 
   58.992, 0.3553, 0.6432,  3.79791,  3.80477,    10.00,  59.85,   0.07, 
   59.505, 0.3531, 0.6445,  3.79652,  3.80338,    10.00,  59.85,   0.07, 
   60.018, 0.3510, 0.6457,  3.79513,  3.80200,    10.00,  59.85,   0.07, 
   60.531, 0.3489, 0.6470,  3.79374,  3.80062,    10.00,  59.85,   0.07, 
   61.044, 0.3468, 0.6482,  3.79235,  3.79925,    10.00,  59.85,   0.07, 
   61.557, 0.3446, 0.6495,  3.79097,  3.79788,    10.00,  59.85,   0.07, 
   62.070, 0.3425, 0.6507,  3.78958,  3.79651,    10.00,  59.85,   0.07, 
   62.583, 0.3404, 0.6520,  3.78821,  3.79516,    10.00,  59.85,   0.07, 
   63.096, 0.3383, 0.6532,  3.78683,  3.79381,    10.00,  59.85,   0.07, 
   63.609, 0.3361, 0.6545,  3.78546,  3.79247,    10.00,  59.85,   0.07, 
   64.122, 0.3340, 0.6557,  3.78409,  3.79113,    10.00,  59.85,   0.07, 
   64.635, 0.3319, 0.6569,  3.78273,  3.78980,    10.00,  59.85,   0.07, 
   65.148, 0.3297, 0.6582,  3.78138,  3.78848,    10.00,  59.85,   0.07, 
   65.661, 0.3276, 0.6594,  3.78003,  3.78717,    10.00,  59.85,   0.07, 
   66.174, 0.3255, 0.6607,  3.77869,  3.78587,    10.00,  59.85,   0.07, 
   66.687, 0.3234, 0.6619,  3.77736,  3.78457,    10.00,  59.85,   0.07, 
   67.200, 0.3212, 0.6632,  3.77603,  3.78329,    10.00,  59.85,   0.07, 
   67.713, 0.3191, 0.6644,  3.77472,  3.78201,    10.00,  59.85,   0.07, 
   68.226, 0.3170, 0.6657,  3.77341,  3.78073,    10.00,  59.85,   0.07, 
   68.739, 0.3148, 0.6669,  3.77211,  3.77947,    10.00,  59.85,   0.07, 
   69.252, 0.3127, 0.6682,  3.77082,  3.77821,    10.00,  59.85,   0.07, 
   69.765, 0.3106, 0.6694,  3.76953,  3.77695,    10.00,  59.85,   0.07, 
   70.278, 0.3085, 0.6707,  3.76826,  3.77570,    10.00,  59.85,   0.07, 
   70.791, 0.3063, 0.6719,  3.76700,  3.77446,    10.00,  59.85,   0.07, 
   71.304, 0.3042, 0.6731,  3.76574,  3.77322,    10.00,  59.85,   0.07, 
   71.817, 0.3021, 0.6744,  3.76450,  3.77198,    10.00,  59.85,   0.07, 
   72.330, 0.2999, 0.6756,  3.76325,  3.77074,    10.00,  59.85,   0.07, 
   72.843, 0.2978, 0.6769,  3.76201,  3.76950,    10.00,  59.85,   0.07, 
   73.356, 0.2957, 0.6781,  3.76075,  3.76827,    10.00,  59.85,   0.08, 
   73.869, 0.2936, 0.6794,  3.75949,  3.76703,    10.00,  59.85,   0.08, 
   74.382, 0.2914, 0.6806,  3.75821,  3.76579,    10.00,  59.85,   0.08, 
   74.895, 0.2893, 0.6819,  3.75692,  3.76455,    10.00,  59.85,   0.08, 
   75.408, 0.2872, 0.6831,  3.75562,  3.76330,    10.00,  59.85,   0.08, 
   75.921, 0.2850, 0.6844,  3.75430,  3.76205,    10.00,  59.85,   0.08, 
   76.434, 0.2829, 0.6856,  3.75296,  3.76079,    10.00,  59.85,   0.08, 
   76.947, 0.2808, 0.6868,  3.75161,  3.75953,    10.00,  59.85,   0.08, 
   77.460, 0.2787, 0.6881,  3.75025,  3.75826,    10.00,  59.85,   0.08, 
   77.973, 0.2765, 0.6893,  3.74887,  3.75697,    10.00,  59.85,   0.08, 
   78.486, 0.2744, 0.6906,  3.74747,  3.75568,    10.00,  59.85,   0.08, 
   78.999, 0.2723, 0.6918,  3.74605,  3.75438,    10.00,  59.85,   0.08, 
   79.512, 0.2702, 0.6931,  3.74462,  3.75306,    10.00,  59.85,   0.09, 
   80.025, 0.2680, 0.6943,  3.74316,  3.75173,    10.00,  59.85,   0.09, 
   80.538, 0.2659, 0.6956,  3.74169,  3.75039,    10.00,  59.85,   0.09, 
   81.051, 0.2638, 0.6968,  3.74021,  3.74903,    10.00,  59.85,   0.09, 
   81.564, 0.2616, 0.6981,  3.73870,  3.74765,    10.00,  59.85,   0.09, 
   82.077, 0.2595, 0.6993,  3.73717,  3.74626,    10.00,  59.85,   0.09, 
   82.590, 0.2574, 0.7005,  3.73563,  3.74485,    10.00,  59.85,   0.09, 
   83.103, 0.2553, 0.7018,  3.73406,  3.74343,    10.00,  59.85,   0.09, 
   83.616, 0.2531, 0.7030,  3.73248,  3.74199,    10.00,  59.85,   0.10, 
   84.129, 0.2510, 0.7043,  3.73088,  3.74053,    10.00,  59.85,   0.10, 
   84.642, 0.2489, 0.7055,  3.72926,  3.73905,    10.00,  59.85,   0.10, 
   85.155, 0.2467, 0.7068,  3.72762,  3.73755,    10.00,  59.85,   0.10, 
   85.668, 0.2446, 0.7080,  3.72596,  3.73604,    10.00,  59.85,   0.10, 
   86.181, 0.2425, 0.7093,  3.72429,  3.73451,    10.00,  59.85,   0.10, 
   86.694, 0.2404, 0.7105,  3.72260,  3.73295,    10.00,  59.85,   0.10, 
   87.207, 0.2382, 0.7118,  3.72089,  3.73138,    10.00,  59.85,   0.11, 
   87.720, 0.2361, 0.7130,  3.71917,  3.72979,    10.00,  59.85,   0.11, 
   88.233, 0.2340, 0.7142,  3.71743,  3.72819,    10.00,  59.85,   0.11, 
   88.746, 0.2318, 0.7155,  3.71568,  3.72656,    10.00,  59.85,   0.11, 
   89.259, 0.2297, 0.7167,  3.71391,  3.72492,    10.00,  59.85,   0.11, 
   89.772, 0.2276, 0.7180,  3.71213,  3.72326,    10.00,  59.85,   0.11, 
   90.285, 0.2255, 0.7192,  3.71034,  3.72159,    10.00,  59.85,   0.11, 
   90.798, 0.2233, 0.7205,  3.70854,  3.71990,    10.00,  59.85,   0.11, 
   91.311, 0.2212, 0.7217,  3.70672,  3.71819,    10.00,  59.85,   0.11, 
   91.824, 0.2191, 0.7230,  3.70490,  3.71647,    10.00,  59.85,   0.12, 
   92.337, 0.2169, 0.7242,  3.70306,  3.71474,    10.00,  59.85,   0.12, 
   92.850, 0.2148, 0.7255,  3.70122,  3.71299,    10.00,  59.85,   0.12, 
   93.363, 0.2127, 0.7267,  3.69937,  3.71123,    10.00,  59.85,   0.12, 
   93.876, 0.2106, 0.7280,  3.69752,  3.70946,    10.00,  59.85,   0.12, 
   94.389, 0.2084, 0.7292,  3.69566,  3.70768,    10.00,  59.85,   0.12, 
   94.902, 0.2063, 0.7304,  3.69379,  3.70589,    10.00,  59.85,   0.12, 
   95.415, 0.2042, 0.7317,  3.69192,  3.70409,    10.00,  59.85,   0.12, 
   95.928, 0.2021, 0.7329,  3.69005,  3.70228,    10.00,  59.85,   0.12, 
   96.441, 0.1999, 0.7342,  3.68818,  3.70047,    10.00,  59.85,   0.12, 
   96.954, 0.1978, 0.7354,  3.68631,  3.69865,    10.00,  59.85,   0.12, 
   97.467, 0.1957, 0.7367,  3.68443,  3.69682,    10.00,  59.85,   0.12, 
   97.980, 0.1935, 0.7379,  3.68256,  3.69499,    10.00,  59.85,   0.12, 
   98.493, 0.1914, 0.7392,  3.68069,  3.69316,    10.00,  59.85,   0.12, 
   99.006, 0.1893, 0.7404,  3.67882,  3.69132,    10.00,  59.85,   0.13, 
   99.519, 0.1872, 0.7417,  3.67695,  3.68948,    10.00,  59.85,   0.13, 
  100.032, 0.1850, 0.7429,  3.67508,  3.68764,    10.00,  59.85,   0.13, 
  100.545, 0.1829, 0.7441,  3.67322,  3.68581,    10.00,  59.85,   0.13, 
  101.058, 0.1808, 0.7454,  3.67136,  3.68397,    10.00,  59.85,   0.13, 
  101.571, 0.1786, 0.7466,  3.66950,  3.68213,    10.00,  59.85,   0.13, 
  102.084, 0.1765, 0.7479,  3.66764,  3.68029,    10.00,  59.85,   0.13, 
  102.597, 0.1744, 0.7491,  3.66578,  3.67846,    10.00,  59.85,   0.13, 
  103.110, 0.1723, 0.7504,  3.66392,  3.67663,    10.00,  59.85,   0.13, 
  103.623, 0.1701, 0.7516,  3.66206,  3.67480,    10.00,  59.85,   0.13, 
  104.136, 0.1680, 0.7529,  3.66020,  3.67297,    10.00,  59.85,   0.13, 
  104.649, 0.1659, 0.7541,  3.65833,  3.67114,    10.00,  59.85,   0.13, 
  105.162, 0.1637, 0.7554,  3.65645,  3.66932,    10.00,  59.85,   0.13, 
  105.675, 0.1616, 0.7566,  3.65456,  3.66749,    10.00,  59.85,   0.13, 
  106.188, 0.1595, 0.7578,  3.65265,  3.66566,    10.00,  59.85,   0.13, 
  106.701, 0.1574, 0.7591,  3.65073,  3.66383,    10.00,  59.85,   0.13, 
  107.214, 0.1552, 0.7603,  3.64879,  3.66200,    10.00,  59.85,   0.13, 
  107.727, 0.1531, 0.7616,  3.64684,  3.66015,    10.00,  59.85,   0.13, 
  108.240, 0.1510, 0.7628,  3.64487,  3.65830,    10.00,  59.85,   0.13, 
  108.753, 0.1488, 0.7641,  3.64288,  3.65643,    10.00,  59.85,   0.14, 
  109.266, 0.1467, 0.7653,  3.64088,  3.65455,    10.00,  59.85,   0.14, 
  109.779, 0.1446, 0.7666,  3.63889,  3.65265,    10.00,  59.85,   0.14, 
  110.292, 0.1425, 0.7678,  3.63690,  3.65073,    10.00,  59.85,   0.14, 
  110.805, 0.1403, 0.7691,  3.63495,  3.64880,    10.00,  59.85,   0.14, 
  111.318, 0.1382, 0.7703,  3.63303,  3.64685,    10.00,  59.85,   0.14, 
  111.831, 0.1361, 0.7716,  3.63118,  3.64488,    10.00,  59.85,   0.14, 
  112.344, 0.1340, 0.7728,  3.62941,  3.64291,    10.00,  59.85,   0.13, 
  112.857, 0.1318, 0.7740,  3.62774,  3.64095,    10.00,  59.85,   0.13, 
  113.370, 0.1297, 0.7753,  3.62619,  3.63900,    10.00,  59.85,   0.13, 
  113.883, 0.1276, 0.7765,  3.62476,  3.63709,    10.00,  59.85,   0.12, 
  114.396, 0.1254, 0.7778,  3.62346,  3.63523,    10.00,  59.85,   0.12, 
  114.909, 0.1233, 0.7790,  3.62230,  3.63343,    10.00,  59.85,   0.11, 
  115.422, 0.1212, 0.7803,  3.62126,  3.63173,    10.00,  59.85,   0.10, 
  115.935, 0.1191, 0.7815,  3.62035,  3.63014,    10.00,  59.85,   0.10, 
  116.448, 0.1169, 0.7828,  3.61955,  3.62866,    10.00,  59.85,   0.09, 
  116.960, 0.1148, 0.7840,  3.61884,  3.62731,    10.00,  59.85,   0.08, 
  117.473, 0.1127, 0.7853,  3.61820,  3.62610,    10.00,  59.85,   0.08, 
  117.986, 0.1105, 0.7865,  3.61761,  3.62501,    10.00,  59.85,   0.07, 
  118.499, 0.1084, 0.7877,  3.61705,  3.62405,    10.00,  59.85,   0.07, 
  119.012, 0.1063, 0.7890,  3.61652,  3.62321,    10.00,  59.85,   0.07, 
  119.525, 0.1042, 0.7902,  3.61599,  3.62246,    10.00,  59.85,   0.06, 
  120.038, 0.1020, 0.7915,  3.61546,  3.62180,    10.00,  59.85,   0.06, 
  120.551, 0.0999, 0.7927,  3.61493,  3.62121,    10.00,  59.85,   0.06, 
  121.064, 0.0978, 0.7940,  3.61438,  3.62067,    10.00,  59.85,   0.06, 
  121.577, 0.0956, 0.7952,  3.61382,  3.62016,    10.00,  59.85,   0.06, 
  122.090, 0.0935, 0.7965,  3.61324,  3.61967,    10.00,  59.85,   0.06, 
  122.603, 0.0914, 0.7977,  3.61262,  3.61919,    10.00,  59.85,   0.07, 
  123.116, 0.0893, 0.7990,  3.61198,  3.61870,    10.00,  59.85,   0.07, 
  123.629, 0.0871, 0.8002,  3.61130,  3.61820,    10.00,  59.85,   0.07, 
  124.142, 0.0850, 0.8014,  3.61059,  3.61768,    10.00,  59.85,   0.07, 
  124.655, 0.0829, 0.8027,  3.60985,  3.61713,    10.00,  59.85,   0.07, 
  125.168, 0.0807, 0.8039,  3.60906,  3.61655,    10.00,  59.85,   0.07, 
  125.681, 0.0786, 0.8052,  3.60824,  3.61594,    10.00,  59.85,   0.08, 
  126.194, 0.0765, 0.8064,  3.60737,  3.61530,    10.00,  59.85,   0.08, 
  126.707, 0.0744, 0.8077,  3.60645,  3.61463,    10.00,  59.85,   0.08, 
  127.220, 0.0722, 0.8089,  3.60548,  3.61392,    10.00,  59.85,   0.08, 
  127.733, 0.0701, 0.8102,  3.60442,  3.61318,    10.00,  59.85,   0.09, 
  128.246, 0.0680, 0.8114,  3.60328,  3.61240,    10.00,  59.85,   0.09, 
  128.759, 0.0659, 0.8127,  3.60202,  3.61158,    10.00,  59.85,   0.10, 
  129.272, 0.0637, 0.8139,  3.60061,  3.61070,    10.00,  59.85,   0.10, 
  129.785, 0.0616, 0.8151,  3.59901,  3.60978,    10.00,  59.85,   0.11, 
  130.298, 0.0595, 0.8164,  3.59717,  3.60879,    10.00,  59.85,   0.12, 
  130.811, 0.0573, 0.8176,  3.59501,  3.60771,    10.00,  59.85,   0.13, 
  131.324, 0.0552, 0.8189,  3.59245,  3.60654,    10.00,  59.85,   0.14, 
  131.837, 0.0531, 0.8201,  3.58936,  3.60523,    10.00,  59.85,   0.16, 
  132.350, 0.0510, 0.8214,  3.58558,  3.60376,    10.00,  59.85,   0.18, 
  132.863, 0.0488, 0.8226,  3.58092,  3.60207,    10.00,  59.85,   0.21, 
  133.376, 0.0467, 0.8239,  3.57512,  3.60011,    10.00,  59.85,   0.25, 
  133.889, 0.0446, 0.8251,  3.56784,  3.59779,    10.00,  59.85,   0.30, 
  134.402, 0.0424, 0.8264,  3.55865,  3.59502,    10.00,  59.85,   0.36, 
  134.915, 0.0403, 0.8276,  3.54700,  3.59165,    10.00,  59.85,   0.45, 
  135.428, 0.0382, 0.8289,  3.53215,  3.58750,    10.00,  59.85,   0.55, 
  135.941, 0.0361, 0.8301,  3.51317,  3.58237,    10.00,  59.85,   0.69, 
  136.454, 0.0339, 0.8313,  3.48888,  3.57594,    10.00,  59.85,   0.87, 
  136.967, 0.0318, 0.8326,  3.45770,  3.56785,    10.00,  59.85,   1.10, 
  137.480, 0.0297, 0.8338,  3.41764,  3.55760,    10.00,  59.85,   1.40, 
  137.993, 0.0275, 0.8351,  3.36611,  3.54457,    10.00,  59.85,   1.78, 
  138.506, 0.0254, 0.8363,  3.29977,  3.52795,    10.00,  59.85,   2.28, 
  139.019, 0.0233, 0.8376,  3.21431,  3.50668,    10.00,  59.85,   2.92, 
  139.532, 0.0212, 0.8388,  3.10415,  3.47940,    10.00,  59.85,   3.75, 
  140.045, 0.0190, 0.8401,  2.96212,  3.44438,    10.00,  59.85,   4.82, 
  140.558, 0.0169, 0.8413,  2.77893,  3.39935,    10.00,  59.85,   6.20, 
  141.071, 0.0148, 0.8426,  2.54260,  3.34140,    10.00,  59.85,   7.99, 
  141.584, 0.0126, 0.8438,  2.23767,  3.26676,    10.00,  59.85,  10.29, 
  141.713, 0.0121, 0.8441,  2.14850,  3.24496,    10.00,  59.85,  10.96, 
  141.783, 0.0118, 0.8443,  2.09697,  3.23236,    10.00,  59.85,  11.35, 
  141.793, 0.0118, 0.8443,  2.08975,  3.23059,    10.00,  59.85,  11.41, 
  141.794, 0.0118, 0.8443,  2.08872,  3.23035,    10.00,  59.85,  11.41, 
  141.795, 0.0118, 0.8443,  2.08837,  3.23028,    10.00,  59.85,  11.42, 
  141.795, 0.0118, 0.8443,  2.08811,  3.23025,    10.00,  59.85,  11.42, 
  141.795, 0.0118, 0.8443,  2.08788,  3.23023,    10.00,  59.85,  11.42, 
  141.795, 0.0118, 0.8443,  2.08782,  3.23022,    10.00,  59.85,  11.42, 
  141.795, 0.0118, 0.8443,  2.08775,  3.23022,    10.00,  59.85,  11.42, 
 mass is   0.816565
 energy is   108.680711
 power is   45.9878471
 354 this time step did not converge
 Solid concentration driven to zero.
 Consider changing vcut or the current density.
  
 dV/dt at point of failure is (V/s) -0.303168945
 Moving on to next leg if not the last
  
 comp 7 not converged

            mass  =  0.8166 kg/m2
 specific energy segment =   108.68 W-h/kg
 specific power segment  =    45.99 W/kg
 total heat =          0.6518 W-h/m2
  
