     50  lim, limit on number of iterations
 100.00  h1,  thickness of negative electrode (microns)
  25.00  h2,  thickness of separator (microns)
 100.00  h3,  thickness of positive electrode (microns)
  25.00  hcn, thickness of negative electrode current collector (microns)
  25.00  hcp, thickness of positive electrode current collector (microns)
     80  n1,  number of nodes in negative electrode
     40  n2,  number of nodes in separator
     80  n3,  number of nodes in positive electrode
 298.00  T,   temperature (K)

 1000.0  xx(1,n1+2), initial concentration (mol/m3)
 0.6000  csx,   initial stoichiometric parameter for negative
 0.5000  csy,   initial stoichiometric parameter for positive
   30.0  tmmax, maximum time step size (s)
 .4E-13  dfs1, diffusion coefficient in negative solid (m2/s)
 .1E-12  dfs3, diffusion coefficient in positive solid (m2/s)
  10.00  Rad1,  radius of negative particles (microns)
  10.00  Rad3,  radius of positive particles (microns)

  0.300  ep1,   volume fraction of electrolyte in negative electrode
  0.000  epp1,  volume fraction of polymer phase in negative electrode
  0.100  epf1,  volume fraction of inert filler in negative electrode
  1.000  ep2,   volume fraction of electrolyte in separator
  0.000  epp2,  volume fraction of polymer phase in separator
  0.300  ep3,   volume fraction of electrolyte in positive electrode
  0.000  epp3,  volume fraction of polymer phase in positive electrode
  0.200  epf3,  volume fraction of inert filler in positive electrode
 0.10E+03  sig1,  conductivity of negative matrix (S/m)
  10.      sig3,  conductivity of positive matrix (S/m)
  372.00  cot1,  coulombic capacity of negative material (mAh/g)
  274.00  cot3,  coulombic capacity of positive material (mAh/g)
 .1E-04  rka1,  reaction rate constant for negative reaction 
 .3E-10  rka3,  reaction rate constant for positive reaction

 1324.0  re,   density of electrolyte (kg/m3)
 1800.0  rs1,  density of negative insertion material (kg/m3)
 5010.0  rs3,  density of positive insertion material (kg/m3)
 1800.0  rf,   density of inert filler (kg/m3)
 1780.0  rpl,  density of polymer phase (kg/m3)
    0.0  rc,   density of separator material (kg/m3)
 8954.0  rcn,  density of negative current collector (kg/m3)
 2707.0  rcp,  density of positive current collector (kg/m3)

   0.001000  ranode,   anode film resistance (ohm-m2)
   0.000000  rcathde,  cathode film resistance (ohm-m2)
   0.00  htc,   heat-transfer coefficient with external medium (W/m2K)
   0.000000  dUdT,  temperature coefficient of EMF (V/K)
 2000.0  Cp,    heat capacity of cell (J/kg-K)
   0.00  residm,    residual mass (kg/m2)
 298.00  Tam,   ambient temperature (K)
      1  ncell, number of cells in a cell stack
      2  lht,   0 uses htc,  1 calcs htc,  2 isothermal

      0    nside, side reaction flag 

      1  il1,   1 for long print-out  0 for short print-out
     10  il2,   prints every il2 th node in long print-out
     10  il3,   prints every il3 th time step in long print-out
      1  lflag, 0 for electrolyte in separator only, 1 for uniform
      0  imp, 0 for no impedance, 1 for impedance
   0.00  capp1,  capacitance of negative material (F/m2)
   0.00  capp3,  capacitance of positive material (F/m2)
      2  lcurs, number of current changes
  
 MCMB 2528 Graphite (Bellcore)
 LiPF6 in EC:DMC
 LiCoO2 (Cobalt dioxide)
 open-circuit potential, negative   0.178978294
 delta S negative   0.
 open-circuit potential, positive   4.24165195
 delta S positive   0.
  
      DUAL INSERTION CELL VERSION 5.1
  
   Time     Util N  Util P  Cell Pot   Uocp      Curr      Temp   heatgen
   (min)       x       y      (V)       (V)      (A/m2)    (C)    (W/m2)
  
    0.000, 0.6000, 0.5000,  4.06267,  4.06267,     0.00,  24.85,   0.00, 
    0.001, 0.6000, 0.5000,  4.06267,  4.06267,     0.00,  24.85,   0.00, 
    0.001, 0.6000, 0.5000,  4.06267,  4.06267,     0.00,  24.85,   0.00, 
    0.001, 0.6000, 0.5000,  4.06267,  4.06267,     0.00,  24.85,   0.00, 
    0.002, 0.6000, 0.5000,  4.06267,  4.06267,     0.00,  24.85,   0.00, 
    0.002, 0.6000, 0.5000,  4.06267,  4.06267,     0.00,  24.85,   0.00, 
    0.003, 0.6000, 0.5000,  4.06267,  4.06267,     0.00,  24.85,   0.00, 
    0.003, 0.6000, 0.5000,  4.06267,  4.06267,     0.00,  24.85,   0.00, 
    0.004, 0.6000, 0.5000,  4.06267,  4.06267,     0.00,  24.85,   0.00, 
    0.005, 0.6000, 0.5000,  4.06267,  4.06267,     0.00,  24.85,   0.00, 
    0.006, 0.6000, 0.5000,  4.06267,  4.06267,     0.00,  24.85,   0.00, 
    0.007, 0.6000, 0.5000,  4.06267,  4.06267,     0.00,  24.85,   0.00, 
    0.007, 0.6000, 0.5000,  4.06267,  4.06267,     0.00,  24.85,   0.00, 
    0.009, 0.6000, 0.5000,  4.06267,  4.06267,     0.00,  24.85,   0.00, 
    0.010, 0.6000, 0.5000,  4.06267,  4.06267,     0.00,  24.85,   0.00, 
    0.011, 0.6000, 0.5000,  4.06267,  4.06267,     0.00,  24.85,   0.00, 
    0.012, 0.6000, 0.5000,  4.06267,  4.06267,     0.00,  24.85,   0.00, 
    0.014, 0.6000, 0.5000,  4.06267,  4.06267,     0.00,  24.85,   0.00, 
    0.016, 0.6000, 0.5000,  4.06267,  4.06267,     0.00,  24.85,   0.00, 
    0.017, 0.6000, 0.5000,  4.06267,  4.06267,     0.00,  24.85,   0.00, 
    0.019, 0.6000, 0.5000,  4.06267,  4.06267,     0.00,  24.85,   0.00, 
    0.022, 0.6000, 0.5000,  4.06267,  4.06267,     0.00,  24.85,   0.00, 
    0.024, 0.6000, 0.5000,  4.06267,  4.06267,     0.00,  24.85,   0.00, 
    0.027, 0.6000, 0.5000,  4.06267,  4.06267,     0.00,  24.85,   0.00, 
    0.030, 0.6000, 0.5000,  4.06267,  4.06267,     0.00,  24.85,   0.00, 
    0.033, 0.6000, 0.5000,  4.06267,  4.06267,     0.00,  24.85,   0.00, 
    0.037, 0.6000, 0.5000,  4.06267,  4.06267,     0.00,  24.85,   0.00, 
    0.041, 0.6000, 0.5000,  4.06267,  4.06267,     0.00,  24.85,   0.00, 
    0.045, 0.6000, 0.5000,  4.06267,  4.06267,     0.00,  24.85,   0.00, 
    0.050, 0.6000, 0.5000,  4.06267,  4.06267,     0.00,  24.85,   0.00, 
    0.055, 0.6000, 0.5000,  4.06267,  4.06267,     0.00,  24.85,   0.00, 
    0.061, 0.6000, 0.5000,  4.06267,  4.06267,     0.00,  24.85,   0.00, 
    0.067, 0.6000, 0.5000,  4.06267,  4.06267,     0.00,  24.85,   0.00, 
    0.074, 0.6000, 0.5000,  4.06267,  4.06267,     0.00,  24.85,   0.00, 
    0.082, 0.6000, 0.5000,  4.06267,  4.06267,     0.00,  24.85,   0.00, 
    0.091, 0.6000, 0.5000,  4.06267,  4.06267,     0.00,  24.85,   0.00, 
    0.100, 0.6000, 0.5000,  4.06267,  4.06267,     0.00,  24.85,   0.00, 
    0.110, 0.6000, 0.5000,  4.06267,  4.06267,     0.00,  24.85,   0.00, 
    0.122, 0.6000, 0.5000,  4.06267,  4.06267,     0.00,  24.85,   0.00, 
    0.134, 0.6000, 0.5000,  4.06267,  4.06267,     0.00,  24.85,   0.00, 
    0.148, 0.6000, 0.5000,  4.06267,  4.06267,     0.00,  24.85,   0.00, 
    0.163, 0.6000, 0.5000,  4.06267,  4.06267,     0.00,  24.85,   0.00, 
    0.180, 0.6000, 0.5000,  4.06267,  4.06267,     0.00,  24.85,   0.00, 
    0.198, 0.6000, 0.5000,  4.06267,  4.06267,     0.00,  24.85,   0.00, 
    0.218, 0.6000, 0.5000,  4.06267,  4.06267,     0.00,  24.85,   0.00, 
    0.240, 0.6000, 0.5000,  4.06267,  4.06267,     0.00,  24.85,   0.00, 
    0.264, 0.6000, 0.5000,  4.06267,  4.06267,     0.00,  24.85,   0.00, 
    0.291, 0.6000, 0.5000,  4.06267,  4.06267,     0.00,  24.85,   0.00, 
    0.320, 0.6000, 0.5000,  4.06267,  4.06267,     0.00,  24.85,   0.00, 
    0.353, 0.6000, 0.5000,  4.06267,  4.06267,     0.00,  24.85,   0.00, 
    0.388, 0.6000, 0.5000,  4.06267,  4.06267,     0.00,  24.85,   0.00, 
    0.427, 0.6000, 0.5000,  4.06267,  4.06267,     0.00,  24.85,   0.00, 
    0.470, 0.6000, 0.5000,  4.06267,  4.06267,     0.00,  24.85,   0.00, 
    0.518, 0.6000, 0.5000,  4.06267,  4.06267,     0.00,  24.85,   0.00, 
    0.570, 0.6000, 0.5000,  4.06267,  4.06267,     0.00,  24.85,   0.00, 
    0.627, 0.6000, 0.5000,  4.06267,  4.06267,     0.00,  24.85,   0.00, 
    0.690, 0.6000, 0.5000,  4.06267,  4.06267,     0.00,  24.85,   0.00, 
    0.760, 0.6000, 0.5000,  4.06267,  4.06267,     0.00,  24.85,   0.00, 
    0.836, 0.6000, 0.5000,  4.06267,  4.06267,     0.00,  24.85,   0.00, 
    0.920, 0.6000, 0.5000,  4.06267,  4.06267,     0.00,  24.85,   0.00, 
    1.000, 0.6000, 0.5000,  4.06267,  4.06267,     0.00,  24.85,   0.00, 
    1.000, 0.6000, 0.5000,  4.04066,  4.06267,    20.00,  24.85,   0.44, 
 specific energy segment =     0.00 W-h/kg
 specific power segment  =     0.00 W/kg
 total heat =          0.0000 W-h/m2
  
    1.000, 0.6000, 0.5000,  4.04066,  4.06267,    20.00,  24.85,   0.44, 
    1.000, 0.6000, 0.5000,  4.04055,  4.06267,    20.00,  24.85,   0.44, 
    1.001, 0.6000, 0.5000,  4.04047,  4.06267,    20.00,  24.85,   0.44, 
    1.001, 0.6000, 0.5000,  4.04041,  4.06267,    20.00,  24.85,   0.45, 
    1.002, 0.6000, 0.5000,  4.04035,  4.06267,    20.00,  24.85,   0.45, 
    1.002, 0.6000, 0.5000,  4.04030,  4.06266,    20.00,  24.85,   0.45, 
    1.003, 0.6000, 0.5000,  4.04024,  4.06266,    20.00,  24.85,   0.45, 
    1.003, 0.6000, 0.5000,  4.04019,  4.06266,    20.00,  24.85,   0.45, 
    1.004, 0.6000, 0.5000,  4.04013,  4.06266,    20.00,  24.85,   0.45, 
    1.005, 0.6000, 0.5000,  4.04008,  4.06265,    20.00,  24.85,   0.45, 
    1.005, 0.6000, 0.5000,  4.04002,  4.06265,    20.00,  24.85,   0.45, 
    1.006, 0.5999, 0.5000,  4.03996,  4.06264,    20.00,  24.85,   0.45, 
    1.007, 0.5999, 0.5000,  4.03990,  4.06264,    20.00,  24.85,   0.45, 
    1.008, 0.5999, 0.5000,  4.03983,  4.06264,    20.00,  24.85,   0.46, 
    1.009, 0.5999, 0.5000,  4.03977,  4.06263,    20.00,  24.85,   0.46, 
    1.011, 0.5999, 0.5001,  4.03970,  4.06262,    20.00,  24.85,   0.46, 
    1.012, 0.5999, 0.5001,  4.03963,  4.06262,    20.00,  24.85,   0.46, 
    1.014, 0.5999, 0.5001,  4.03955,  4.06261,    20.00,  24.85,   0.46, 
    1.015, 0.5999, 0.5001,  4.03947,  4.06260,    20.00,  24.85,   0.46, 
    1.017, 0.5999, 0.5001,  4.03938,  4.06259,    20.00,  24.85,   0.46, 
    1.019, 0.5998, 0.5001,  4.03930,  4.06258,    20.00,  24.85,   0.47, 
    1.021, 0.5998, 0.5001,  4.03920,  4.06257,    20.00,  24.85,   0.47, 
    1.024, 0.5998, 0.5001,  4.03910,  4.06256,    20.00,  24.85,   0.47, 
    1.027, 0.5998, 0.5001,  4.03900,  4.06255,    20.00,  24.85,   0.47, 
    1.029, 0.5998, 0.5001,  4.03889,  4.06254,    20.00,  24.85,   0.47, 
    1.033, 0.5997, 0.5002,  4.03878,  4.06252,    20.00,  24.85,   0.47, 
    1.036, 0.5997, 0.5002,  4.03865,  4.06250,    20.00,  24.85,   0.48, 
    1.040, 0.5997, 0.5002,  4.03853,  4.06249,    20.00,  24.85,   0.48, 
    1.045, 0.5996, 0.5002,  4.03839,  4.06247,    20.00,  24.85,   0.48, 
    1.050, 0.5996, 0.5002,  4.03825,  4.06244,    20.00,  24.85,   0.48, 
    1.055, 0.5995, 0.5003,  4.03810,  4.06242,    20.00,  24.85,   0.49, 
    1.061, 0.5995, 0.5003,  4.03794,  4.06239,    20.00,  24.85,   0.49, 
    1.067, 0.5994, 0.5003,  4.03777,  4.06236,    20.00,  24.85,   0.49, 
    1.074, 0.5994, 0.5004,  4.03759,  4.06233,    20.00,  24.85,   0.49, 
    1.082, 0.5993, 0.5004,  4.03740,  4.06229,    20.00,  24.85,   0.50, 
    1.090, 0.5993, 0.5004,  4.03720,  4.06225,    20.00,  24.85,   0.50, 
    1.100, 0.5992, 0.5005,  4.03699,  4.06221,    20.00,  24.85,   0.50, 
    1.110, 0.5991, 0.5005,  4.03677,  4.06216,    20.00,  24.85,   0.51, 
    1.121, 0.5990, 0.5006,  4.03653,  4.06211,    20.00,  24.85,   0.51, 
    1.134, 0.5989, 0.5006,  4.03628,  4.06205,    20.00,  24.85,   0.52, 
    1.148, 0.5988, 0.5007,  4.03602,  4.06199,    20.00,  24.85,   0.52, 
    1.163, 0.5987, 0.5008,  4.03574,  4.06192,    20.00,  24.85,   0.52, 
    1.179, 0.5985, 0.5009,  4.03544,  4.06185,    20.00,  24.85,   0.53, 
    1.197, 0.5984, 0.5010,  4.03513,  4.06176,    20.00,  24.85,   0.53, 
    1.218, 0.5982, 0.5011,  4.03480,  4.06167,    20.00,  24.85,   0.54, 
    1.240, 0.5980, 0.5012,  4.03446,  4.06157,    20.00,  24.85,   0.54, 
    1.264, 0.5978, 0.5013,  4.03409,  4.06146,    20.00,  24.85,   0.55, 
    1.291, 0.5976, 0.5014,  4.03371,  4.06134,    20.00,  24.85,   0.55, 
    1.320, 0.5973, 0.5016,  4.03331,  4.06121,    20.00,  24.85,   0.56, 
    1.352, 0.5971, 0.5017,  4.03289,  4.06106,    20.00,  24.85,   0.56, 
    1.388, 0.5968, 0.5019,  4.03245,  4.06090,    20.00,  24.85,   0.57, 
    1.427, 0.5965, 0.5021,  4.03198,  4.06072,    20.00,  24.85,   0.57, 
    1.470, 0.5961, 0.5023,  4.03150,  4.06053,    20.00,  24.85,   0.58, 
    1.517, 0.5957, 0.5025,  4.03099,  4.06032,    20.00,  24.85,   0.59, 
    1.570, 0.5953, 0.5028,  4.03046,  4.06009,    20.00,  24.85,   0.59, 
    1.627, 0.5948, 0.5030,  4.02991,  4.05984,    20.00,  24.85,   0.60, 
    1.690, 0.5943, 0.5034,  4.02934,  4.05956,    20.00,  24.85,   0.60, 
    1.759, 0.5937, 0.5037,  4.02874,  4.05926,    20.00,  24.85,   0.61, 
    1.835, 0.5931, 0.5041,  4.02811,  4.05893,    20.00,  24.85,   0.61, 
    1.919, 0.5924, 0.5045,  4.02745,  4.05858,    20.00,  24.85,   0.62, 
    2.012, 0.5916, 0.5049,  4.02676,  4.05818,    20.00,  24.85,   0.63, 
    2.113, 0.5908, 0.5054,  4.02603,  4.05776,    20.00,  24.85,   0.63, 
    2.225, 0.5898, 0.5059,  4.02524,  4.05729,    20.00,  24.85,   0.64, 
    2.348, 0.5888, 0.5065,  4.02440,  4.05678,    20.00,  24.85,   0.64, 
    2.483, 0.5877, 0.5072,  4.02349,  4.05623,    20.00,  24.85,   0.65, 
    2.631, 0.5865, 0.5079,  4.02248,  4.05562,    20.00,  24.85,   0.66, 
    2.795, 0.5851, 0.5087,  4.02135,  4.05496,    20.00,  24.85,   0.67, 
    2.974, 0.5836, 0.5096,  4.02004,  4.05424,    20.00,  24.85,   0.68, 
    3.172, 0.5820, 0.5105,  4.01851,  4.05344,    20.00,  24.85,   0.69, 
    3.390, 0.5802, 0.5116,  4.01665,  4.05254,    20.00,  24.85,   0.71, 
    3.629, 0.5782, 0.5128,  4.01434,  4.05151,    20.00,  24.85,   0.74, 
    3.892, 0.5760, 0.5140,  4.01137,  4.05030,    20.00,  24.85,   0.77, 
    4.182, 0.5736, 0.5155,  4.00746,  4.04878,    20.00,  24.85,   0.82, 
    4.501, 0.5710, 0.5170,  4.00228,  4.04677,    20.00,  24.85,   0.88, 
    4.851, 0.5680, 0.5187,  3.99563,  4.04390,    20.00,  24.85,   0.96, 
    5.236, 0.5649, 0.5206,  3.98786,  4.03958,    20.00,  24.85,   1.03, 
    5.660, 0.5613, 0.5226,  3.98010,  4.03309,    20.00,  24.85,   1.05, 
    6.127, 0.5575, 0.5249,  3.97358,  4.02428,    20.00,  24.85,   1.01, 
    6.640, 0.5532, 0.5274,  3.96869,  4.01460,    20.00,  24.85,   0.92, 
    7.153, 0.5490, 0.5299,  3.96520,  4.00715,    20.00,  24.85,   0.84, 
    7.666, 0.5447, 0.5324,  3.96223,  4.00228,    20.00,  24.85,   0.80, 
    8.179, 0.5404, 0.5349,  3.95923,  3.99912,    20.00,  24.85,   0.80, 
    8.692, 0.5362, 0.5374,  3.95591,  3.99671,    20.00,  24.85,   0.81, 
    9.205, 0.5319, 0.5398,  3.95205,  3.99443,    20.00,  24.85,   0.84, 
    9.718, 0.5277, 0.5423,  3.94755,  3.99189,    20.00,  24.85,   0.88, 
   10.231, 0.5234, 0.5448,  3.94230,  3.98880,    20.00,  24.85,   0.92, 
   10.744, 0.5192, 0.5473,  3.93621,  3.98498,    20.00,  24.85,   0.97, 
   11.257, 0.5149, 0.5498,  3.92924,  3.98024,    20.00,  24.85,   1.02, 
   11.770, 0.5106, 0.5523,  3.92140,  3.97447,    20.00,  24.85,   1.06, 
   12.283, 0.5064, 0.5548,  3.91278,  3.96758,    20.00,  24.85,   1.09, 
   12.796, 0.5021, 0.5573,  3.90354,  3.95959,    20.00,  24.85,   1.12, 
   13.309, 0.4979, 0.5598,  3.89395,  3.95060,    20.00,  24.85,   1.13, 
   13.822, 0.4936, 0.5623,  3.88433,  3.94081,    20.00,  24.85,   1.13, 
   14.335, 0.4894, 0.5648,  3.87500,  3.93052,    20.00,  24.85,   1.11, 
   14.848, 0.4851, 0.5673,  3.86624,  3.92009,    20.00,  24.85,   1.07, 
   15.361, 0.4809, 0.5697,  3.85828,  3.90992,    20.00,  24.85,   1.03, 
   15.874, 0.4766, 0.5722,  3.85123,  3.90032,    20.00,  24.85,   0.98, 
   16.387, 0.4723, 0.5747,  3.84512,  3.89157,    20.00,  24.85,   0.93, 
   16.900, 0.4681, 0.5772,  3.83991,  3.88380,    20.00,  24.85,   0.88, 
   17.413, 0.4638, 0.5797,  3.83549,  3.87707,    20.00,  24.85,   0.83, 
   17.926, 0.4596, 0.5822,  3.83175,  3.87133,    20.00,  24.85,   0.79, 
   18.439, 0.4553, 0.5847,  3.82853,  3.86649,    20.00,  24.85,   0.76, 
   18.952, 0.4511, 0.5872,  3.82573,  3.86240,    20.00,  24.85,   0.73, 
   19.465, 0.4468, 0.5897,  3.82323,  3.85892,    20.00,  24.85,   0.71, 
   19.978, 0.4425, 0.5922,  3.82094,  3.85592,    20.00,  24.85,   0.69, 
   20.491, 0.4383, 0.5947,  3.81878,  3.85326,    20.00,  24.85,   0.68, 
   21.004, 0.4340, 0.5971,  3.81667,  3.85084,    20.00,  24.85,   0.68, 
   21.517, 0.4298, 0.5996,  3.81455,  3.84857,    20.00,  24.85,   0.67, 
   22.030, 0.4255, 0.6021,  3.81239,  3.84638,    20.00,  24.85,   0.67, 
   22.543, 0.4213, 0.6046,  3.81016,  3.84422,    20.00,  24.85,   0.67, 
   23.056, 0.4170, 0.6071,  3.80786,  3.84205,    20.00,  24.85,   0.68, 
   23.569, 0.4128, 0.6096,  3.80548,  3.83984,    20.00,  24.85,   0.68, 
   24.082, 0.4085, 0.6121,  3.80302,  3.83758,    20.00,  24.85,   0.69, 
   24.595, 0.4042, 0.6146,  3.80047,  3.83526,    20.00,  24.85,   0.69, 
   25.108, 0.4000, 0.6171,  3.79785,  3.83287,    20.00,  24.85,   0.70, 
   25.621, 0.3957, 0.6196,  3.79515,  3.83041,    20.00,  24.85,   0.71, 
   26.134, 0.3915, 0.6221,  3.79239,  3.82788,    20.00,  24.85,   0.71, 
   26.647, 0.3872, 0.6246,  3.78957,  3.82529,    20.00,  24.85,   0.72, 
   27.160, 0.3830, 0.6270,  3.78669,  3.82265,    20.00,  24.85,   0.72, 
   27.673, 0.3787, 0.6295,  3.78377,  3.81997,    20.00,  24.85,   0.73, 
   28.186, 0.3744, 0.6320,  3.78081,  3.81724,    20.00,  24.85,   0.74, 
   28.699, 0.3702, 0.6345,  3.77782,  3.81449,    20.00,  24.85,   0.74, 
   29.212, 0.3659, 0.6370,  3.77481,  3.81173,    20.00,  24.85,   0.75, 
   29.725, 0.3617, 0.6395,  3.77179,  3.80895,    20.00,  24.85,   0.75, 
   30.238, 0.3574, 0.6420,  3.76875,  3.80617,    20.00,  24.85,   0.76, 
   30.751, 0.3532, 0.6445,  3.76572,  3.80339,    20.00,  24.85,   0.76, 
   31.264, 0.3489, 0.6470,  3.76268,  3.80063,    20.00,  24.85,   0.76, 
   31.777, 0.3447, 0.6495,  3.75965,  3.79789,    20.00,  24.85,   0.77, 
   32.290, 0.3404, 0.6520,  3.75664,  3.79517,    20.00,  24.85,   0.77, 
   32.803, 0.3361, 0.6544,  3.75364,  3.79248,    20.00,  24.85,   0.78, 
   33.316, 0.3319, 0.6569,  3.75067,  3.78981,    20.00,  24.85,   0.78, 
   33.829, 0.3276, 0.6594,  3.74771,  3.78718,    20.00,  24.85,   0.79, 
   34.342, 0.3234, 0.6619,  3.74479,  3.78458,    20.00,  24.85,   0.79, 
   34.855, 0.3191, 0.6644,  3.74190,  3.78202,    20.00,  24.85,   0.79, 
   35.368, 0.3149, 0.6669,  3.73903,  3.77948,    20.00,  24.85,   0.80, 
   35.881, 0.3106, 0.6694,  3.73621,  3.77696,    20.00,  24.85,   0.80, 
   36.394, 0.3063, 0.6719,  3.73341,  3.77447,    20.00,  24.85,   0.81, 
   36.907, 0.3021, 0.6744,  3.73065,  3.77199,    20.00,  24.85,   0.81, 
   37.420, 0.2978, 0.6769,  3.72793,  3.76951,    20.00,  24.85,   0.82, 
   37.933, 0.2936, 0.6794,  3.72524,  3.76704,    20.00,  24.85,   0.82, 
   38.446, 0.2893, 0.6819,  3.72258,  3.76456,    20.00,  24.85,   0.83, 
   38.959, 0.2851, 0.6843,  3.71992,  3.76206,    20.00,  24.85,   0.83, 
   39.472, 0.2808, 0.6868,  3.71724,  3.75954,    20.00,  24.85,   0.84, 
   39.984, 0.2766, 0.6893,  3.71451,  3.75698,    20.00,  24.85,   0.85, 
   40.497, 0.2723, 0.6918,  3.71168,  3.75439,    20.00,  24.85,   0.85, 
   41.010, 0.2680, 0.6943,  3.70874,  3.75174,    20.00,  24.85,   0.86, 
   41.523, 0.2638, 0.6968,  3.70570,  3.74904,    20.00,  24.85,   0.87, 
   42.036, 0.2595, 0.6993,  3.70256,  3.74627,    20.00,  24.85,   0.88, 
   42.549, 0.2553, 0.7018,  3.69932,  3.74344,    20.00,  24.85,   0.89, 
   43.062, 0.2510, 0.7043,  3.69599,  3.74054,    20.00,  24.85,   0.90, 
   43.575, 0.2468, 0.7068,  3.69257,  3.73757,    20.00,  24.85,   0.91, 
   44.088, 0.2425, 0.7093,  3.68908,  3.73452,    20.00,  24.85,   0.92, 
   44.601, 0.2382, 0.7117,  3.68552,  3.73139,    20.00,  24.85,   0.93, 
   45.114, 0.2340, 0.7142,  3.68190,  3.72820,    20.00,  24.85,   0.94, 
   45.627, 0.2297, 0.7167,  3.67823,  3.72493,    20.00,  24.85,   0.95, 
   46.140, 0.2255, 0.7192,  3.67451,  3.72160,    20.00,  24.85,   0.95, 
   46.653, 0.2212, 0.7217,  3.67077,  3.71820,    20.00,  24.85,   0.96, 
   47.166, 0.2170, 0.7242,  3.66699,  3.71475,    20.00,  24.85,   0.96, 
   47.679, 0.2127, 0.7267,  3.66320,  3.71124,    20.00,  24.85,   0.97, 
   48.192, 0.2085, 0.7292,  3.65940,  3.70769,    20.00,  24.85,   0.97, 
   48.705, 0.2042, 0.7317,  3.65559,  3.70410,    20.00,  24.85,   0.98, 
   49.218, 0.1999, 0.7342,  3.65179,  3.70048,    20.00,  24.85,   0.98, 
   49.731, 0.1957, 0.7367,  3.64798,  3.69683,    20.00,  24.85,   0.98, 
   50.244, 0.1914, 0.7392,  3.64418,  3.69317,    20.00,  24.85,   0.98, 
   50.757, 0.1872, 0.7416,  3.64038,  3.68950,    20.00,  24.85,   0.99, 
   51.270, 0.1829, 0.7441,  3.63658,  3.68582,    20.00,  24.85,   0.99, 
   51.783, 0.1787, 0.7466,  3.63275,  3.68214,    20.00,  24.85,   0.99, 
   52.296, 0.1744, 0.7491,  3.62890,  3.67847,    20.00,  24.85,   0.99, 
   52.809, 0.1701, 0.7516,  3.62499,  3.67481,    20.00,  24.85,   1.00, 
   53.322, 0.1659, 0.7541,  3.62103,  3.67116,    20.00,  24.85,   1.01, 
   53.835, 0.1616, 0.7566,  3.61702,  3.66751,    20.00,  24.85,   1.01, 
   54.348, 0.1574, 0.7591,  3.61299,  3.66385,    20.00,  24.85,   1.02, 
   54.861, 0.1531, 0.7616,  3.60902,  3.66017,    20.00,  24.85,   1.02, 
   55.374, 0.1489, 0.7641,  3.60525,  3.65645,    20.00,  24.85,   1.02, 
   55.887, 0.1446, 0.7666,  3.60186,  3.65266,    20.00,  24.85,   1.01, 
   56.400, 0.1404, 0.7691,  3.59903,  3.64881,    20.00,  24.85,   0.99, 
   56.913, 0.1361, 0.7715,  3.59679,  3.64490,    20.00,  24.85,   0.95, 
   57.426, 0.1318, 0.7740,  3.59490,  3.64096,    20.00,  24.85,   0.90, 
   57.939, 0.1276, 0.7765,  3.59316,  3.63710,    20.00,  24.85,   0.86, 
   58.452, 0.1233, 0.7790,  3.59149,  3.63345,    20.00,  24.85,   0.83, 
   58.965, 0.1191, 0.7815,  3.58987,  3.63015,    20.00,  24.85,   0.81, 
   59.478, 0.1148, 0.7840,  3.58829,  3.62732,    20.00,  24.85,   0.79, 
   59.991, 0.1106, 0.7865,  3.58674,  3.62502,    20.00,  24.85,   0.78, 
   60.504, 0.1063, 0.7890,  3.58520,  3.62321,    20.00,  24.85,   0.78, 
   61.017, 0.1020, 0.7915,  3.58364,  3.62181,    20.00,  24.85,   0.78, 
   61.530, 0.0978, 0.7940,  3.58205,  3.62067,    20.00,  24.85,   0.78, 
   62.043, 0.0935, 0.7965,  3.58037,  3.61967,    20.00,  24.85,   0.79, 
   62.556, 0.0893, 0.7989,  3.57854,  3.61870,    20.00,  24.85,   0.80, 
   63.069, 0.0850, 0.8014,  3.57651,  3.61768,    20.00,  24.85,   0.82, 
   63.582, 0.0808, 0.8039,  3.57421,  3.61656,    20.00,  24.85,   0.85, 
   64.095, 0.0765, 0.8064,  3.57153,  3.61531,    20.00,  24.85,   0.88, 
   64.608, 0.0723, 0.8089,  3.56822,  3.61393,    20.00,  24.85,   0.92, 
   65.121, 0.0680, 0.8114,  3.56385,  3.61241,    20.00,  24.85,   0.97, 
   65.634, 0.0637, 0.8139,  3.55762,  3.61071,    20.00,  24.85,   1.06, 
   66.147, 0.0595, 0.8164,  3.54823,  3.60879,    20.00,  24.85,   1.21, 
   66.660, 0.0552, 0.8189,  3.53350,  3.60654,    20.00,  24.85,   1.46, 
   67.173, 0.0510, 0.8214,  3.50986,  3.60377,    20.00,  24.85,   1.88, 
   67.686, 0.0467, 0.8239,  3.47135,  3.60013,    20.00,  24.85,   2.58, 
   68.199, 0.0425, 0.8264,  3.40804,  3.59504,    20.00,  24.85,   3.74, 
   68.712, 0.0382, 0.8288,  3.30339,  3.58754,    20.00,  24.85,   5.68, 
   69.225, 0.0339, 0.8313,  3.12984,  3.57599,    20.00,  24.85,   8.92, 
   69.738, 0.0297, 0.8338,  2.84145,  3.55768,    20.00,  24.85,  14.32, 
   70.251, 0.0254, 0.8363,  2.36164,  3.52808,    20.00,  24.85,  23.33, 
   70.380, 0.0244, 0.8369,  2.19835,  3.51812,    20.00,  24.85,  26.39, 
   70.444, 0.0238, 0.8373,  2.10856,  3.51266,    20.00,  24.85,  28.08, 
   70.461, 0.0237, 0.8373,  2.08285,  3.51110,    20.00,  24.85,  28.56, 
   70.471, 0.0236, 0.8374,  2.06851,  3.51023,    20.00,  24.85,  28.83, 
   70.476, 0.0236, 0.8374,  2.05995,  3.50974,    20.00,  24.85,  29.00, 
   70.478, 0.0236, 0.8374,  2.05604,  3.50961,    20.00,  24.85,  29.07, 
   70.478, 0.0236, 0.8374,  2.05501,  3.50959,    20.00,  24.85,  29.09, 
   70.478, 0.0236, 0.8374,  2.05476,  3.50959,    20.00,  24.85,  29.10, 
   70.478, 0.0236, 0.8374,  2.05447,  3.50959,    20.00,  24.85,  29.11, 
 mass is   0.816565
 energy is   105.657587
 power is   89.9492631
 275 this time step did not converge
 Solid concentration driven to zero.
 Consider changing vcut or the current density.
  
 dV/dt at point of failure is (V/s) -0.317359785
 Moving on to next leg if not the last
  
 comp 7 not converged

            mass  =  0.8166 kg/m2
 specific energy segment =   105.66 W-h/kg
 specific power segment  =    91.24 W/kg
 total heat =          1.5670 W-h/m2
  
