     50  lim, limit on number of iterations
 100.00  h1,  thickness of negative electrode (microns)
  25.00  h2,  thickness of separator (microns)
 100.00  h3,  thickness of positive electrode (microns)
  25.00  hcn, thickness of negative electrode current collector (microns)
  25.00  hcp, thickness of positive electrode current collector (microns)
     80  n1,  number of nodes in negative electrode
     40  n2,  number of nodes in separator
     80  n3,  number of nodes in positive electrode
 298.00  T,   temperature (K)

 1000.0  xx(1,n1+2), initial concentration (mol/m3)
 0.6000  csx,   initial stoichiometric parameter for negative
 0.5000  csy,   initial stoichiometric parameter for positive
   30.0  tmmax, maximum time step size (s)
 .4E-13  dfs1, diffusion coefficient in negative solid (m2/s)
 .1E-12  dfs3, diffusion coefficient in positive solid (m2/s)
  10.00  Rad1,  radius of negative particles (microns)
  10.00  Rad3,  radius of positive particles (microns)

  0.300  ep1,   volume fraction of electrolyte in negative electrode
  0.000  epp1,  volume fraction of polymer phase in negative electrode
  0.100  epf1,  volume fraction of inert filler in negative electrode
  1.000  ep2,   volume fraction of electrolyte in separator
  0.000  epp2,  volume fraction of polymer phase in separator
  0.300  ep3,   volume fraction of electrolyte in positive electrode
  0.000  epp3,  volume fraction of polymer phase in positive electrode
  0.200  epf3,  volume fraction of inert filler in positive electrode
 0.10E+03  sig1,  conductivity of negative matrix (S/m)
  10.      sig3,  conductivity of positive matrix (S/m)
  372.00  cot1,  coulombic capacity of negative material (mAh/g)
  274.00  cot3,  coulombic capacity of positive material (mAh/g)
 .1E-04  rka1,  reaction rate constant for negative reaction 
 .3E-10  rka3,  reaction rate constant for positive reaction

 1324.0  re,   density of electrolyte (kg/m3)
 1800.0  rs1,  density of negative insertion material (kg/m3)
 5010.0  rs3,  density of positive insertion material (kg/m3)
 1800.0  rf,   density of inert filler (kg/m3)
 1780.0  rpl,  density of polymer phase (kg/m3)
    0.0  rc,   density of separator material (kg/m3)
 8954.0  rcn,  density of negative current collector (kg/m3)
 2707.0  rcp,  density of positive current collector (kg/m3)

   0.001000  ranode,   anode film resistance (ohm-m2)
   0.000000  rcathde,  cathode film resistance (ohm-m2)
   0.00  htc,   heat-transfer coefficient with external medium (W/m2K)
   0.000000  dUdT,  temperature coefficient of EMF (V/K)
 2000.0  Cp,    heat capacity of cell (J/kg-K)
   0.00  residm,    residual mass (kg/m2)
 298.00  Tam,   ambient temperature (K)
      1  ncell, number of cells in a cell stack
      2  lht,   0 uses htc,  1 calcs htc,  2 isothermal

      0    nside, side reaction flag 

      1  il1,   1 for long print-out  0 for short print-out
     10  il2,   prints every il2 th node in long print-out
     10  il3,   prints every il3 th time step in long print-out
      1  lflag, 0 for electrolyte in separator only, 1 for uniform
      0  imp, 0 for no impedance, 1 for impedance
   0.00  capp1,  capacitance of negative material (F/m2)
   0.00  capp3,  capacitance of positive material (F/m2)
      1  lcurs, number of current changes
  
 MCMB 2528 Graphite (Bellcore)
 LiPF6 in EC:DMC
 LiCoO2 (Cobalt dioxide)
 open-circuit potential, negative   0.178978294
 delta S negative   0.
 open-circuit potential, positive   4.24165195
 delta S positive   0.
  
      DUAL INSERTION CELL VERSION 5.1
  
   Time     Util N  Util P  Cell Pot   Uocp      Curr      Temp   heatgen
   (min)       x       y      (V)       (V)      (A/m2)    (C)    (W/m2)
  
    0.000, 0.6000, 0.5000,  4.05154,  4.06267,    10.00,  24.85,   0.11, 
    0.001, 0.6000, 0.5000,  4.05150,  4.06267,    10.00,  24.85,   0.11, 
    0.001, 0.6000, 0.5000,  4.05147,  4.06267,    10.00,  24.85,   0.11, 
    0.001, 0.6000, 0.5000,  4.05144,  4.06267,    10.00,  24.85,   0.11, 
    0.002, 0.6000, 0.5000,  4.05142,  4.06267,    10.00,  24.85,   0.11, 
    0.002, 0.6000, 0.5000,  4.05139,  4.06267,    10.00,  24.85,   0.11, 
    0.003, 0.6000, 0.5000,  4.05137,  4.06267,    10.00,  24.85,   0.11, 
    0.003, 0.6000, 0.5000,  4.05134,  4.06267,    10.00,  24.85,   0.11, 
    0.004, 0.6000, 0.5000,  4.05132,  4.06266,    10.00,  24.85,   0.11, 
    0.005, 0.6000, 0.5000,  4.05129,  4.06266,    10.00,  24.85,   0.11, 
    0.006, 0.6000, 0.5000,  4.05126,  4.06266,    10.00,  24.85,   0.11, 
    0.007, 0.6000, 0.5000,  4.05123,  4.06266,    10.00,  24.85,   0.11, 
    0.007, 0.6000, 0.5000,  4.05120,  4.06266,    10.00,  24.85,   0.11, 
    0.009, 0.6000, 0.5000,  4.05117,  4.06265,    10.00,  24.85,   0.11, 
    0.010, 0.6000, 0.5000,  4.05114,  4.06265,    10.00,  24.85,   0.12, 
    0.011, 0.6000, 0.5000,  4.05111,  4.06265,    10.00,  24.85,   0.12, 
    0.012, 0.5999, 0.5000,  4.05107,  4.06264,    10.00,  24.85,   0.12, 
    0.014, 0.5999, 0.5000,  4.05103,  4.06264,    10.00,  24.85,   0.12, 
    0.016, 0.5999, 0.5000,  4.05099,  4.06264,    10.00,  24.85,   0.12, 
    0.017, 0.5999, 0.5000,  4.05095,  4.06263,    10.00,  24.85,   0.12, 
    0.019, 0.5999, 0.5000,  4.05091,  4.06263,    10.00,  24.85,   0.12, 
    0.022, 0.5999, 0.5001,  4.05086,  4.06262,    10.00,  24.85,   0.12, 
    0.024, 0.5999, 0.5001,  4.05081,  4.06262,    10.00,  24.85,   0.12, 
    0.027, 0.5999, 0.5001,  4.05076,  4.06261,    10.00,  24.85,   0.12, 
    0.030, 0.5999, 0.5001,  4.05071,  4.06260,    10.00,  24.85,   0.12, 
    0.033, 0.5999, 0.5001,  4.05065,  4.06260,    10.00,  24.85,   0.12, 
    0.037, 0.5998, 0.5001,  4.05059,  4.06259,    10.00,  24.85,   0.12, 
    0.041, 0.5998, 0.5001,  4.05053,  4.06258,    10.00,  24.85,   0.12, 
    0.045, 0.5998, 0.5001,  4.05047,  4.06257,    10.00,  24.85,   0.12, 
    0.050, 0.5998, 0.5001,  4.05039,  4.06256,    10.00,  24.85,   0.12, 
    0.055, 0.5998, 0.5001,  4.05032,  4.06255,    10.00,  24.85,   0.12, 
    0.061, 0.5997, 0.5001,  4.05024,  4.06253,    10.00,  24.85,   0.12, 
    0.067, 0.5997, 0.5002,  4.05016,  4.06252,    10.00,  24.85,   0.12, 
    0.074, 0.5997, 0.5002,  4.05007,  4.06250,    10.00,  24.85,   0.12, 
    0.082, 0.5997, 0.5002,  4.04998,  4.06248,    10.00,  24.85,   0.12, 
    0.091, 0.5996, 0.5002,  4.04988,  4.06246,    10.00,  24.85,   0.13, 
    0.100, 0.5996, 0.5002,  4.04978,  4.06244,    10.00,  24.85,   0.13, 
    0.110, 0.5995, 0.5003,  4.04967,  4.06242,    10.00,  24.85,   0.13, 
    0.122, 0.5995, 0.5003,  4.04955,  4.06239,    10.00,  24.85,   0.13, 
    0.134, 0.5994, 0.5003,  4.04943,  4.06236,    10.00,  24.85,   0.13, 
    0.148, 0.5994, 0.5004,  4.04930,  4.06233,    10.00,  24.85,   0.13, 
    0.163, 0.5993, 0.5004,  4.04917,  4.06230,    10.00,  24.85,   0.13, 
    0.180, 0.5993, 0.5004,  4.04902,  4.06226,    10.00,  24.85,   0.13, 
    0.198, 0.5992, 0.5005,  4.04887,  4.06222,    10.00,  24.85,   0.13, 
    0.218, 0.5991, 0.5005,  4.04871,  4.06217,    10.00,  24.85,   0.13, 
    0.240, 0.5990, 0.5006,  4.04854,  4.06212,    10.00,  24.85,   0.14, 
    0.264, 0.5989, 0.5006,  4.04837,  4.06206,    10.00,  24.85,   0.14, 
    0.291, 0.5988, 0.5007,  4.04818,  4.06200,    10.00,  24.85,   0.14, 
    0.320, 0.5987, 0.5008,  4.04798,  4.06193,    10.00,  24.85,   0.14, 
    0.353, 0.5985, 0.5009,  4.04778,  4.06186,    10.00,  24.85,   0.14, 
    0.388, 0.5984, 0.5009,  4.04757,  4.06178,    10.00,  24.85,   0.14, 
    0.427, 0.5982, 0.5010,  4.04734,  4.06169,    10.00,  24.85,   0.14, 
    0.470, 0.5980, 0.5011,  4.04711,  4.06159,    10.00,  24.85,   0.14, 
    0.518, 0.5979, 0.5013,  4.04687,  4.06148,    10.00,  24.85,   0.15, 
    0.570, 0.5976, 0.5014,  4.04662,  4.06136,    10.00,  24.85,   0.15, 
    0.627, 0.5974, 0.5015,  4.04636,  4.06123,    10.00,  24.85,   0.15, 
    0.690, 0.5971, 0.5017,  4.04609,  4.06109,    10.00,  24.85,   0.15, 
    0.760, 0.5968, 0.5018,  4.04580,  4.06094,    10.00,  24.85,   0.15, 
    0.836, 0.5965, 0.5020,  4.04551,  4.06077,    10.00,  24.85,   0.15, 
    0.920, 0.5962, 0.5022,  4.04520,  4.06058,    10.00,  24.85,   0.15, 
    1.012, 0.5958, 0.5025,  4.04489,  4.06037,    10.00,  24.85,   0.15, 
    1.113, 0.5954, 0.5027,  4.04455,  4.06015,    10.00,  24.85,   0.16, 
    1.225, 0.5949, 0.5030,  4.04421,  4.05990,    10.00,  24.85,   0.16, 
    1.348, 0.5944, 0.5033,  4.04384,  4.05963,    10.00,  24.85,   0.16, 
    1.483, 0.5938, 0.5036,  4.04345,  4.05934,    10.00,  24.85,   0.16, 
    1.632, 0.5932, 0.5040,  4.04304,  4.05902,    10.00,  24.85,   0.16, 
    1.795, 0.5926, 0.5044,  4.04261,  4.05867,    10.00,  24.85,   0.16, 
    1.975, 0.5918, 0.5048,  4.04214,  4.05829,    10.00,  24.85,   0.16, 
    2.173, 0.5910, 0.5053,  4.04164,  4.05787,    10.00,  24.85,   0.16, 
    2.390, 0.5901, 0.5058,  4.04110,  4.05741,    10.00,  24.85,   0.16, 
    2.629, 0.5891, 0.5064,  4.04051,  4.05692,    10.00,  24.85,   0.16, 
    2.893, 0.5880, 0.5070,  4.03987,  4.05638,    10.00,  24.85,   0.16, 
    3.182, 0.5868, 0.5077,  4.03917,  4.05579,    10.00,  24.85,   0.16, 
    3.501, 0.5855, 0.5085,  4.03839,  4.05514,    10.00,  24.85,   0.17, 
    3.851, 0.5840, 0.5094,  4.03752,  4.05444,    10.00,  24.85,   0.17, 
    4.237, 0.5824, 0.5103,  4.03653,  4.05366,    10.00,  24.85,   0.17, 
    4.661, 0.5807, 0.5113,  4.03538,  4.05279,    10.00,  24.85,   0.17, 
    5.127, 0.5787, 0.5124,  4.03400,  4.05180,    10.00,  24.85,   0.18, 
    5.640, 0.5766, 0.5137,  4.03228,  4.05064,    10.00,  24.85,   0.18, 
    6.153, 0.5745, 0.5149,  4.03026,  4.04936,    10.00,  24.85,   0.19, 
    6.666, 0.5723, 0.5162,  4.02784,  4.04788,    10.00,  24.85,   0.20, 
    7.179, 0.5702, 0.5174,  4.02491,  4.04612,    10.00,  24.85,   0.21, 
    7.692, 0.5681, 0.5187,  4.02135,  4.04395,    10.00,  24.85,   0.22, 
    8.205, 0.5660, 0.5199,  4.01714,  4.04124,    10.00,  24.85,   0.24, 
    8.718, 0.5638, 0.5212,  4.01237,  4.03789,    10.00,  24.85,   0.25, 
    9.231, 0.5617, 0.5224,  4.00729,  4.03386,    10.00,  24.85,   0.26, 
    9.744, 0.5596, 0.5237,  4.00226,  4.02924,    10.00,  24.85,   0.27, 
   10.257, 0.5574, 0.5249,  3.99762,  4.02424,    10.00,  24.85,   0.27, 
   10.770, 0.5553, 0.5262,  3.99361,  4.01924,    10.00,  24.85,   0.26, 
   11.283, 0.5532, 0.5274,  3.99029,  4.01457,    10.00,  24.85,   0.24, 
   11.796, 0.5511, 0.5286,  3.98762,  4.01050,    10.00,  24.85,   0.23, 
   12.309, 0.5489, 0.5299,  3.98548,  4.00712,    10.00,  24.85,   0.22, 
   12.822, 0.5468, 0.5311,  3.98373,  4.00442,    10.00,  24.85,   0.21, 
   13.335, 0.5447, 0.5324,  3.98224,  4.00227,    10.00,  24.85,   0.20, 
   13.848, 0.5426, 0.5336,  3.98090,  4.00054,    10.00,  24.85,   0.20, 
   14.361, 0.5404, 0.5349,  3.97963,  3.99911,    10.00,  24.85,   0.20, 
   14.874, 0.5383, 0.5361,  3.97836,  3.99786,    10.00,  24.85,   0.20, 
   15.387, 0.5362, 0.5374,  3.97704,  3.99670,    10.00,  24.85,   0.20, 
   15.900, 0.5340, 0.5386,  3.97565,  3.99558,    10.00,  24.85,   0.20, 
   16.413, 0.5319, 0.5399,  3.97413,  3.99442,    10.00,  24.85,   0.20, 
   16.926, 0.5298, 0.5411,  3.97248,  3.99320,    10.00,  24.85,   0.21, 
   17.439, 0.5277, 0.5423,  3.97067,  3.99188,    10.00,  24.85,   0.21, 
   17.952, 0.5255, 0.5436,  3.96868,  3.99041,    10.00,  24.85,   0.22, 
   18.465, 0.5234, 0.5448,  3.96649,  3.98879,    10.00,  24.85,   0.22, 
   18.978, 0.5213, 0.5461,  3.96408,  3.98698,    10.00,  24.85,   0.23, 
   19.491, 0.5191, 0.5473,  3.96145,  3.98496,    10.00,  24.85,   0.24, 
   20.004, 0.5170, 0.5486,  3.95857,  3.98271,    10.00,  24.85,   0.24, 
   20.517, 0.5149, 0.5498,  3.95544,  3.98022,    10.00,  24.85,   0.25, 
   21.030, 0.5128, 0.5511,  3.95206,  3.97747,    10.00,  24.85,   0.26, 
   21.543, 0.5106, 0.5523,  3.94843,  3.97444,    10.00,  24.85,   0.26, 
   22.056, 0.5085, 0.5536,  3.94454,  3.97114,    10.00,  24.85,   0.27, 
   22.569, 0.5064, 0.5548,  3.94041,  3.96756,    10.00,  24.85,   0.27, 
   23.082, 0.5042, 0.5560,  3.93606,  3.96369,    10.00,  24.85,   0.28, 
   23.595, 0.5021, 0.5573,  3.93150,  3.95956,    10.00,  24.85,   0.28, 
   24.108, 0.5000, 0.5585,  3.92676,  3.95518,    10.00,  24.85,   0.28, 
   24.621, 0.4979, 0.5598,  3.92189,  3.95056,    10.00,  24.85,   0.29, 
   25.134, 0.4957, 0.5610,  3.91691,  3.94575,    10.00,  24.85,   0.29, 
   25.647, 0.4936, 0.5623,  3.91187,  3.94077,    10.00,  24.85,   0.29, 
   26.160, 0.4915, 0.5635,  3.90682,  3.93566,    10.00,  24.85,   0.29, 
   26.673, 0.4893, 0.5648,  3.90180,  3.93048,    10.00,  24.85,   0.29, 
   27.186, 0.4872, 0.5660,  3.89685,  3.92526,    10.00,  24.85,   0.28, 
   27.699, 0.4851, 0.5673,  3.89201,  3.92006,    10.00,  24.85,   0.28, 
   28.212, 0.4830, 0.5685,  3.88733,  3.91492,    10.00,  24.85,   0.28, 
   28.725, 0.4808, 0.5698,  3.88283,  3.90988,    10.00,  24.85,   0.27, 
   29.238, 0.4787, 0.5710,  3.87855,  3.90499,    10.00,  24.85,   0.26, 
   29.751, 0.4766, 0.5722,  3.87449,  3.90029,    10.00,  24.85,   0.26, 
   30.264, 0.4745, 0.5735,  3.87068,  3.89580,    10.00,  24.85,   0.25, 
   30.777, 0.4723, 0.5747,  3.86711,  3.89154,    10.00,  24.85,   0.24, 
   31.290, 0.4702, 0.5760,  3.86380,  3.88753,    10.00,  24.85,   0.24, 
   31.803, 0.4681, 0.5772,  3.86073,  3.88378,    10.00,  24.85,   0.23, 
   32.316, 0.4659, 0.5785,  3.85790,  3.88028,    10.00,  24.85,   0.22, 
   32.829, 0.4638, 0.5797,  3.85530,  3.87705,    10.00,  24.85,   0.22, 
   33.342, 0.4617, 0.5810,  3.85291,  3.87406,    10.00,  24.85,   0.21, 
   33.855, 0.4596, 0.5822,  3.85070,  3.87131,    10.00,  24.85,   0.21, 
   34.368, 0.4574, 0.5835,  3.84868,  3.86879,    10.00,  24.85,   0.20, 
   34.881, 0.4553, 0.5847,  3.84681,  3.86647,    10.00,  24.85,   0.20, 
   35.394, 0.4532, 0.5859,  3.84509,  3.86434,    10.00,  24.85,   0.19, 
   35.907, 0.4510, 0.5872,  3.84349,  3.86238,    10.00,  24.85,   0.19, 
   36.420, 0.4489, 0.5884,  3.84199,  3.86058,    10.00,  24.85,   0.18, 
   36.933, 0.4468, 0.5897,  3.84059,  3.85891,    10.00,  24.85,   0.18, 
   37.446, 0.4447, 0.5909,  3.83926,  3.85736,    10.00,  24.85,   0.18, 
   37.959, 0.4425, 0.5922,  3.83799,  3.85591,    10.00,  24.85,   0.18, 
   38.472, 0.4404, 0.5934,  3.83678,  3.85454,    10.00,  24.85,   0.18, 
   38.985, 0.4383, 0.5947,  3.83561,  3.85325,    10.00,  24.85,   0.18, 
   39.498, 0.4361, 0.5959,  3.83448,  3.85201,    10.00,  24.85,   0.17, 
   40.011, 0.4340, 0.5972,  3.83336,  3.85083,    10.00,  24.85,   0.17, 
   40.524, 0.4319, 0.5984,  3.83227,  3.84968,    10.00,  24.85,   0.17, 
   41.037, 0.4298, 0.5996,  3.83118,  3.84856,    10.00,  24.85,   0.17, 
   41.550, 0.4276, 0.6009,  3.83011,  3.84746,    10.00,  24.85,   0.17, 
   42.063, 0.4255, 0.6021,  3.82903,  3.84637,    10.00,  24.85,   0.17, 
   42.576, 0.4234, 0.6034,  3.82795,  3.84529,    10.00,  24.85,   0.17, 
   43.089, 0.4212, 0.6046,  3.82687,  3.84421,    10.00,  24.85,   0.17, 
   43.602, 0.4191, 0.6059,  3.82578,  3.84313,    10.00,  24.85,   0.17, 
   44.115, 0.4170, 0.6071,  3.82469,  3.84204,    10.00,  24.85,   0.17, 
   44.628, 0.4149, 0.6084,  3.82358,  3.84094,    10.00,  24.85,   0.17, 
   45.141, 0.4127, 0.6096,  3.82247,  3.83983,    10.00,  24.85,   0.17, 
   45.654, 0.4106, 0.6109,  3.82134,  3.83871,    10.00,  24.85,   0.17, 
   46.167, 0.4085, 0.6121,  3.82021,  3.83758,    10.00,  24.85,   0.17, 
   46.680, 0.4064, 0.6133,  3.81906,  3.83642,    10.00,  24.85,   0.17, 
   47.193, 0.4042, 0.6146,  3.81790,  3.83525,    10.00,  24.85,   0.17, 
   47.706, 0.4021, 0.6158,  3.81672,  3.83406,    10.00,  24.85,   0.17, 
   48.219, 0.4000, 0.6171,  3.81552,  3.83286,    10.00,  24.85,   0.17, 
   48.732, 0.3978, 0.6183,  3.81429,  3.83164,    10.00,  24.85,   0.17, 
   49.245, 0.3957, 0.6196,  3.81305,  3.83040,    10.00,  24.85,   0.17, 
   49.758, 0.3936, 0.6208,  3.81179,  3.82914,    10.00,  24.85,   0.17, 
   50.271, 0.3915, 0.6221,  3.81050,  3.82787,    10.00,  24.85,   0.17, 
   50.784, 0.3893, 0.6233,  3.80920,  3.82658,    10.00,  24.85,   0.17, 
   51.297, 0.3872, 0.6246,  3.80788,  3.82528,    10.00,  24.85,   0.17, 
   51.810, 0.3851, 0.6258,  3.80655,  3.82397,    10.00,  24.85,   0.17, 
   52.323, 0.3829, 0.6271,  3.80520,  3.82264,    10.00,  24.85,   0.17, 
   52.836, 0.3808, 0.6283,  3.80383,  3.82130,    10.00,  24.85,   0.18, 
   53.349, 0.3787, 0.6295,  3.80245,  3.81996,    10.00,  24.85,   0.18, 
   53.862, 0.3766, 0.6308,  3.80106,  3.81860,    10.00,  24.85,   0.18, 
   54.375, 0.3744, 0.6320,  3.79966,  3.81723,    10.00,  24.85,   0.18, 
   54.888, 0.3723, 0.6333,  3.79825,  3.81586,    10.00,  24.85,   0.18, 
   55.401, 0.3702, 0.6345,  3.79683,  3.81448,    10.00,  24.85,   0.18, 
   55.914, 0.3680, 0.6358,  3.79540,  3.81310,    10.00,  24.85,   0.18, 
   56.427, 0.3659, 0.6370,  3.79397,  3.81172,    10.00,  24.85,   0.18, 
   56.940, 0.3638, 0.6383,  3.79253,  3.81033,    10.00,  24.85,   0.18, 
   57.453, 0.3617, 0.6395,  3.79108,  3.80894,    10.00,  24.85,   0.18, 
   57.966, 0.3595, 0.6408,  3.78963,  3.80755,    10.00,  24.85,   0.18, 
   58.479, 0.3574, 0.6420,  3.78818,  3.80616,    10.00,  24.85,   0.18, 
   58.992, 0.3553, 0.6432,  3.78673,  3.80477,    10.00,  24.85,   0.18, 
   59.505, 0.3531, 0.6445,  3.78527,  3.80338,    10.00,  24.85,   0.18, 
   60.018, 0.3510, 0.6457,  3.78381,  3.80200,    10.00,  24.85,   0.18, 
   60.531, 0.3489, 0.6470,  3.78236,  3.80062,    10.00,  24.85,   0.18, 
   61.044, 0.3468, 0.6482,  3.78090,  3.79925,    10.00,  24.85,   0.19, 
   61.557, 0.3446, 0.6495,  3.77945,  3.79788,    10.00,  24.85,   0.19, 
   62.070, 0.3425, 0.6507,  3.77799,  3.79651,    10.00,  24.85,   0.19, 
   62.583, 0.3404, 0.6520,  3.77654,  3.79516,    10.00,  24.85,   0.19, 
   63.096, 0.3383, 0.6532,  3.77510,  3.79381,    10.00,  24.85,   0.19, 
   63.609, 0.3361, 0.6545,  3.77366,  3.79247,    10.00,  24.85,   0.19, 
   64.122, 0.3340, 0.6557,  3.77222,  3.79113,    10.00,  24.85,   0.19, 
   64.635, 0.3319, 0.6569,  3.77079,  3.78980,    10.00,  24.85,   0.19, 
   65.148, 0.3297, 0.6582,  3.76936,  3.78848,    10.00,  24.85,   0.19, 
   65.661, 0.3276, 0.6594,  3.76794,  3.78717,    10.00,  24.85,   0.19, 
   66.174, 0.3255, 0.6607,  3.76652,  3.78587,    10.00,  24.85,   0.19, 
   66.687, 0.3234, 0.6619,  3.76511,  3.78457,    10.00,  24.85,   0.19, 
   67.200, 0.3212, 0.6632,  3.76371,  3.78329,    10.00,  24.85,   0.19, 
   67.713, 0.3191, 0.6644,  3.76232,  3.78201,    10.00,  24.85,   0.19, 
   68.226, 0.3170, 0.6657,  3.76094,  3.78073,    10.00,  24.85,   0.19, 
   68.739, 0.3148, 0.6669,  3.75956,  3.77947,    10.00,  24.85,   0.20, 
   69.252, 0.3127, 0.6682,  3.75819,  3.77821,    10.00,  24.85,   0.20, 
   69.765, 0.3106, 0.6694,  3.75683,  3.77695,    10.00,  24.85,   0.20, 
   70.278, 0.3085, 0.6707,  3.75548,  3.77570,    10.00,  24.85,   0.20, 
   70.791, 0.3063, 0.6719,  3.75414,  3.77446,    10.00,  24.85,   0.20, 
   71.304, 0.3042, 0.6731,  3.75280,  3.77322,    10.00,  24.85,   0.20, 
   71.817, 0.3021, 0.6744,  3.75148,  3.77198,    10.00,  24.85,   0.20, 
   72.330, 0.2999, 0.6756,  3.75017,  3.77074,    10.00,  24.85,   0.20, 
   72.843, 0.2978, 0.6769,  3.74886,  3.76950,    10.00,  24.85,   0.20, 
   73.356, 0.2957, 0.6781,  3.74757,  3.76827,    10.00,  24.85,   0.20, 
   73.869, 0.2936, 0.6794,  3.74628,  3.76703,    10.00,  24.85,   0.20, 
   74.382, 0.2914, 0.6806,  3.74500,  3.76579,    10.00,  24.85,   0.20, 
   74.895, 0.2893, 0.6819,  3.74373,  3.76455,    10.00,  24.85,   0.21, 
   75.408, 0.2872, 0.6831,  3.74247,  3.76330,    10.00,  24.85,   0.21, 
   75.921, 0.2850, 0.6844,  3.74121,  3.76205,    10.00,  24.85,   0.21, 
   76.434, 0.2829, 0.6856,  3.73995,  3.76079,    10.00,  24.85,   0.21, 
   76.947, 0.2808, 0.6868,  3.73869,  3.75953,    10.00,  24.85,   0.21, 
   77.460, 0.2787, 0.6881,  3.73741,  3.75826,    10.00,  24.85,   0.21, 
   77.973, 0.2765, 0.6893,  3.73613,  3.75697,    10.00,  24.85,   0.21, 
   78.486, 0.2744, 0.6906,  3.73483,  3.75568,    10.00,  24.85,   0.21, 
   78.999, 0.2723, 0.6918,  3.73350,  3.75438,    10.00,  24.85,   0.21, 
   79.512, 0.2702, 0.6931,  3.73215,  3.75306,    10.00,  24.85,   0.21, 
   80.025, 0.2680, 0.6943,  3.73078,  3.75173,    10.00,  24.85,   0.21, 
   80.538, 0.2659, 0.6956,  3.72938,  3.75039,    10.00,  24.85,   0.22, 
   81.051, 0.2638, 0.6968,  3.72796,  3.74903,    10.00,  24.85,   0.22, 
   81.564, 0.2616, 0.6981,  3.72652,  3.74765,    10.00,  24.85,   0.22, 
   82.077, 0.2595, 0.6993,  3.72504,  3.74626,    10.00,  24.85,   0.22, 
   82.590, 0.2574, 0.7005,  3.72355,  3.74485,    10.00,  24.85,   0.22, 
   83.103, 0.2553, 0.7018,  3.72203,  3.74343,    10.00,  24.85,   0.22, 
   83.616, 0.2531, 0.7030,  3.72049,  3.74199,    10.00,  24.85,   0.22, 
   84.129, 0.2510, 0.7043,  3.71892,  3.74053,    10.00,  24.85,   0.22, 
   84.642, 0.2489, 0.7055,  3.71734,  3.73905,    10.00,  24.85,   0.22, 
   85.155, 0.2467, 0.7068,  3.71573,  3.73755,    10.00,  24.85,   0.22, 
   85.668, 0.2446, 0.7080,  3.71410,  3.73604,    10.00,  24.85,   0.22, 
   86.181, 0.2425, 0.7093,  3.71245,  3.73451,    10.00,  24.85,   0.22, 
   86.694, 0.2404, 0.7105,  3.71078,  3.73295,    10.00,  24.85,   0.22, 
   87.207, 0.2382, 0.7118,  3.70909,  3.73138,    10.00,  24.85,   0.23, 
   87.720, 0.2361, 0.7130,  3.70738,  3.72979,    10.00,  24.85,   0.23, 
   88.233, 0.2340, 0.7142,  3.70566,  3.72819,    10.00,  24.85,   0.23, 
   88.746, 0.2318, 0.7155,  3.70392,  3.72656,    10.00,  24.85,   0.23, 
   89.259, 0.2297, 0.7167,  3.70216,  3.72492,    10.00,  24.85,   0.23, 
   89.772, 0.2276, 0.7180,  3.70039,  3.72326,    10.00,  24.85,   0.23, 
   90.285, 0.2255, 0.7192,  3.69860,  3.72159,    10.00,  24.85,   0.23, 
   90.798, 0.2233, 0.7205,  3.69681,  3.71990,    10.00,  24.85,   0.23, 
   91.311, 0.2212, 0.7217,  3.69500,  3.71819,    10.00,  24.85,   0.23, 
   91.824, 0.2191, 0.7230,  3.69318,  3.71647,    10.00,  24.85,   0.23, 
   92.337, 0.2169, 0.7242,  3.69135,  3.71474,    10.00,  24.85,   0.23, 
   92.850, 0.2148, 0.7255,  3.68951,  3.71299,    10.00,  24.85,   0.24, 
   93.363, 0.2127, 0.7267,  3.68766,  3.71123,    10.00,  24.85,   0.24, 
   93.876, 0.2106, 0.7280,  3.68580,  3.70946,    10.00,  24.85,   0.24, 
   94.389, 0.2084, 0.7292,  3.68394,  3.70768,    10.00,  24.85,   0.24, 
   94.902, 0.2063, 0.7304,  3.68208,  3.70589,    10.00,  24.85,   0.24, 
   95.415, 0.2042, 0.7317,  3.68021,  3.70409,    10.00,  24.85,   0.24, 
   95.928, 0.2021, 0.7329,  3.67833,  3.70228,    10.00,  24.85,   0.24, 
   96.441, 0.1999, 0.7342,  3.67646,  3.70047,    10.00,  24.85,   0.24, 
   96.954, 0.1978, 0.7354,  3.67458,  3.69865,    10.00,  24.85,   0.24, 
   97.467, 0.1957, 0.7367,  3.67270,  3.69682,    10.00,  24.85,   0.24, 
   97.980, 0.1935, 0.7379,  3.67083,  3.69499,    10.00,  24.85,   0.24, 
   98.493, 0.1914, 0.7392,  3.66895,  3.69316,    10.00,  24.85,   0.24, 
   99.006, 0.1893, 0.7404,  3.66707,  3.69132,    10.00,  24.85,   0.24, 
   99.519, 0.1872, 0.7417,  3.66520,  3.68948,    10.00,  24.85,   0.24, 
  100.032, 0.1850, 0.7429,  3.66333,  3.68764,    10.00,  24.85,   0.24, 
  100.545, 0.1829, 0.7441,  3.66146,  3.68581,    10.00,  24.85,   0.24, 
  101.058, 0.1808, 0.7454,  3.65959,  3.68397,    10.00,  24.85,   0.24, 
  101.571, 0.1786, 0.7466,  3.65772,  3.68213,    10.00,  24.85,   0.24, 
  102.084, 0.1765, 0.7479,  3.65585,  3.68029,    10.00,  24.85,   0.24, 
  102.597, 0.1744, 0.7491,  3.65399,  3.67846,    10.00,  24.85,   0.24, 
  103.110, 0.1723, 0.7504,  3.65212,  3.67663,    10.00,  24.85,   0.25, 
  103.623, 0.1701, 0.7516,  3.65025,  3.67480,    10.00,  24.85,   0.25, 
  104.136, 0.1680, 0.7529,  3.64837,  3.67297,    10.00,  24.85,   0.25, 
  104.649, 0.1659, 0.7541,  3.64649,  3.67114,    10.00,  24.85,   0.25, 
  105.162, 0.1637, 0.7554,  3.64460,  3.66932,    10.00,  24.85,   0.25, 
  105.675, 0.1616, 0.7566,  3.64270,  3.66749,    10.00,  24.85,   0.25, 
  106.188, 0.1595, 0.7578,  3.64078,  3.66566,    10.00,  24.85,   0.25, 
  106.701, 0.1574, 0.7591,  3.63885,  3.66383,    10.00,  24.85,   0.25, 
  107.214, 0.1552, 0.7603,  3.63690,  3.66200,    10.00,  24.85,   0.25, 
  107.727, 0.1531, 0.7616,  3.63494,  3.66015,    10.00,  24.85,   0.25, 
  108.240, 0.1510, 0.7628,  3.63295,  3.65830,    10.00,  24.85,   0.25, 
  108.753, 0.1488, 0.7641,  3.63096,  3.65643,    10.00,  24.85,   0.25, 
  109.266, 0.1467, 0.7653,  3.62896,  3.65455,    10.00,  24.85,   0.26, 
  109.779, 0.1446, 0.7666,  3.62696,  3.65265,    10.00,  24.85,   0.26, 
  110.292, 0.1425, 0.7678,  3.62498,  3.65073,    10.00,  24.85,   0.26, 
  110.805, 0.1403, 0.7691,  3.62302,  3.64880,    10.00,  24.85,   0.26, 
  111.318, 0.1382, 0.7703,  3.62112,  3.64685,    10.00,  24.85,   0.26, 
  111.831, 0.1361, 0.7716,  3.61927,  3.64488,    10.00,  24.85,   0.26, 
  112.344, 0.1340, 0.7728,  3.61752,  3.64291,    10.00,  24.85,   0.25, 
  112.857, 0.1318, 0.7740,  3.61587,  3.64095,    10.00,  24.85,   0.25, 
  113.370, 0.1297, 0.7753,  3.61435,  3.63900,    10.00,  24.85,   0.25, 
  113.883, 0.1276, 0.7765,  3.61296,  3.63709,    10.00,  24.85,   0.24, 
  114.396, 0.1254, 0.7778,  3.61172,  3.63523,    10.00,  24.85,   0.23, 
  114.909, 0.1233, 0.7790,  3.61062,  3.63343,    10.00,  24.85,   0.23, 
  115.422, 0.1212, 0.7803,  3.60967,  3.63173,    10.00,  24.85,   0.22, 
  115.935, 0.1191, 0.7815,  3.60882,  3.63014,    10.00,  24.85,   0.21, 
  116.448, 0.1169, 0.7828,  3.60806,  3.62866,    10.00,  24.85,   0.20, 
  116.960, 0.1148, 0.7840,  3.60733,  3.62731,    10.00,  24.85,   0.20, 
  117.473, 0.1127, 0.7853,  3.60664,  3.62610,    10.00,  24.85,   0.19, 
  117.986, 0.1105, 0.7865,  3.60596,  3.62501,    10.00,  24.85,   0.19, 
  118.499, 0.1084, 0.7877,  3.60530,  3.62405,    10.00,  24.85,   0.19, 
  119.012, 0.1063, 0.7890,  3.60464,  3.62321,    10.00,  24.85,   0.19, 
  119.525, 0.1042, 0.7902,  3.60399,  3.62246,    10.00,  24.85,   0.19, 
  120.038, 0.1020, 0.7915,  3.60335,  3.62180,    10.00,  24.85,   0.19, 
  120.551, 0.0999, 0.7927,  3.60271,  3.62121,    10.00,  24.85,   0.19, 
  121.064, 0.0978, 0.7940,  3.60207,  3.62067,    10.00,  24.85,   0.19, 
  121.577, 0.0956, 0.7952,  3.60142,  3.62016,    10.00,  24.85,   0.19, 
  122.090, 0.0935, 0.7965,  3.60077,  3.61967,    10.00,  24.85,   0.19, 
  122.603, 0.0914, 0.7977,  3.60010,  3.61919,    10.00,  24.85,   0.19, 
  123.116, 0.0893, 0.7990,  3.59942,  3.61870,    10.00,  24.85,   0.19, 
  123.629, 0.0871, 0.8002,  3.59872,  3.61820,    10.00,  24.85,   0.19, 
  124.142, 0.0850, 0.8014,  3.59798,  3.61768,    10.00,  24.85,   0.20, 
  124.655, 0.0829, 0.8027,  3.59722,  3.61713,    10.00,  24.85,   0.20, 
  125.168, 0.0807, 0.8039,  3.59642,  3.61655,    10.00,  24.85,   0.20, 
  125.681, 0.0786, 0.8052,  3.59557,  3.61594,    10.00,  24.85,   0.20, 
  126.194, 0.0765, 0.8064,  3.59468,  3.61530,    10.00,  24.85,   0.21, 
  126.707, 0.0744, 0.8077,  3.59374,  3.61463,    10.00,  24.85,   0.21, 
  127.220, 0.0722, 0.8089,  3.59274,  3.61392,    10.00,  24.85,   0.21, 
  127.733, 0.0701, 0.8102,  3.59166,  3.61318,    10.00,  24.85,   0.22, 
  128.246, 0.0680, 0.8114,  3.59049,  3.61240,    10.00,  24.85,   0.22, 
  128.759, 0.0659, 0.8127,  3.58921,  3.61158,    10.00,  24.85,   0.22, 
  129.272, 0.0637, 0.8139,  3.58779,  3.61070,    10.00,  24.85,   0.23, 
  129.785, 0.0616, 0.8151,  3.58618,  3.60978,    10.00,  24.85,   0.24, 
  130.298, 0.0595, 0.8164,  3.58433,  3.60879,    10.00,  24.85,   0.25, 
  130.811, 0.0573, 0.8176,  3.58218,  3.60771,    10.00,  24.85,   0.26, 
  131.324, 0.0552, 0.8189,  3.57962,  3.60654,    10.00,  24.85,   0.27, 
  131.837, 0.0531, 0.8201,  3.57653,  3.60523,    10.00,  24.85,   0.29, 
  132.350, 0.0510, 0.8214,  3.57276,  3.60376,    10.00,  24.85,   0.31, 
  132.863, 0.0488, 0.8226,  3.56811,  3.60207,    10.00,  24.85,   0.34, 
  133.376, 0.0467, 0.8239,  3.56232,  3.60011,    10.00,  24.85,   0.38, 
  133.889, 0.0446, 0.8251,  3.55504,  3.59779,    10.00,  24.85,   0.43, 
  134.402, 0.0424, 0.8264,  3.54585,  3.59502,    10.00,  24.85,   0.49, 
  134.915, 0.0403, 0.8276,  3.53419,  3.59165,    10.00,  24.85,   0.57, 
  135.428, 0.0382, 0.8289,  3.51934,  3.58750,    10.00,  24.85,   0.68, 
  135.941, 0.0361, 0.8301,  3.50036,  3.58237,    10.00,  24.85,   0.82, 
  136.454, 0.0339, 0.8313,  3.47605,  3.57594,    10.00,  24.85,   1.00, 
  136.967, 0.0318, 0.8326,  3.44487,  3.56785,    10.00,  24.85,   1.23, 
  137.480, 0.0297, 0.8338,  3.40479,  3.55760,    10.00,  24.85,   1.53, 
  137.993, 0.0275, 0.8351,  3.35325,  3.54457,    10.00,  24.85,   1.91, 
  138.506, 0.0254, 0.8363,  3.28690,  3.52795,    10.00,  24.85,   2.41, 
  139.019, 0.0233, 0.8376,  3.20142,  3.50668,    10.00,  24.85,   3.05, 
  139.532, 0.0212, 0.8388,  3.09124,  3.47940,    10.00,  24.85,   3.88, 
  140.045, 0.0190, 0.8401,  2.94919,  3.44438,    10.00,  24.85,   4.95, 
  140.558, 0.0169, 0.8413,  2.76598,  3.39935,    10.00,  24.85,   6.33, 
  141.071, 0.0148, 0.8426,  2.52963,  3.34140,    10.00,  24.85,   8.12, 
  141.584, 0.0126, 0.8438,  2.22468,  3.26676,    10.00,  24.85,  10.42, 
  141.713, 0.0121, 0.8441,  2.13550,  3.24496,    10.00,  24.85,  11.09, 
  141.783, 0.0118, 0.8443,  2.08397,  3.23236,    10.00,  24.85,  11.48, 
  141.793, 0.0118, 0.8443,  2.07653,  3.23059,    10.00,  24.85,  11.54, 
  141.794, 0.0118, 0.8443,  2.07501,  3.23035,    10.00,  24.85,  11.55, 
  141.795, 0.0118, 0.8443,  2.07444,  3.23028,    10.00,  24.85,  11.55, 
  141.795, 0.0118, 0.8443,  2.07402,  3.23025,    10.00,  24.85,  11.56, 
  141.795, 0.0118, 0.8443,  2.07366,  3.23023,    10.00,  24.85,  11.56, 
  141.795, 0.0118, 0.8443,  2.07354,  3.23022,    10.00,  24.85,  11.56, 
  141.795, 0.0118, 0.8443,  2.07332,  3.23022,    10.00,  24.85,  11.56, 
 mass is   0.816565
 energy is   108.344157
 power is   45.8454354
 354 this time step did not converge
 Solid concentration driven to zero.
 Consider changing vcut or the current density.
  
 dV/dt at point of failure is (V/s) -0.884153326
 Moving on to next leg if not the last
  
 comp 7 not converged

            mass  =  0.8166 kg/m2
 specific energy segment =   108.34 W-h/kg
 specific power segment  =    45.85 W/kg
 total heat =          0.9266 W-h/m2
  
