     50  lim, limit on number of iterations
 100.00  h1,  thickness of negative electrode (microns)
  25.00  h2,  thickness of separator (microns)
 100.00  h3,  thickness of positive electrode (microns)
  25.00  hcn, thickness of negative electrode current collector (microns)
  25.00  hcp, thickness of positive electrode current collector (microns)
     80  n1,  number of nodes in negative electrode
     40  n2,  number of nodes in separator
     80  n3,  number of nodes in positive electrode
 298.00  T,   temperature (K)

 1000.0  xx(1,n1+2), initial concentration (mol/m3)
 0.6000  csx,   initial stoichiometric parameter for negative
 0.5000  csy,   initial stoichiometric parameter for positive
   30.0  tmmax, maximum time step size (s)
 .4E-13  dfs1, diffusion coefficient in negative solid (m2/s)
 .1E-12  dfs3, diffusion coefficient in positive solid (m2/s)
  10.00  Rad1,  radius of negative particles (microns)
  10.00  Rad3,  radius of positive particles (microns)

  0.300  ep1,   volume fraction of electrolyte in negative electrode
  0.000  epp1,  volume fraction of polymer phase in negative electrode
  0.100  epf1,  volume fraction of inert filler in negative electrode
  1.000  ep2,   volume fraction of electrolyte in separator
  0.000  epp2,  volume fraction of polymer phase in separator
  0.300  ep3,   volume fraction of electrolyte in positive electrode
  0.000  epp3,  volume fraction of polymer phase in positive electrode
  0.200  epf3,  volume fraction of inert filler in positive electrode
 0.10E+03  sig1,  conductivity of negative matrix (S/m)
  10.      sig3,  conductivity of positive matrix (S/m)
  372.00  cot1,  coulombic capacity of negative material (mAh/g)
  274.00  cot3,  coulombic capacity of positive material (mAh/g)
 .1E-04  rka1,  reaction rate constant for negative reaction 
 .3E-10  rka3,  reaction rate constant for positive reaction

 1324.0  re,   density of electrolyte (kg/m3)
 1800.0  rs1,  density of negative insertion material (kg/m3)
 5010.0  rs3,  density of positive insertion material (kg/m3)
 1800.0  rf,   density of inert filler (kg/m3)
 1780.0  rpl,  density of polymer phase (kg/m3)
    0.0  rc,   density of separator material (kg/m3)
 8954.0  rcn,  density of negative current collector (kg/m3)
 2707.0  rcp,  density of positive current collector (kg/m3)

   0.001000  ranode,   anode film resistance (ohm-m2)
   0.000000  rcathde,  cathode film resistance (ohm-m2)
   0.00  htc,   heat-transfer coefficient with external medium (W/m2K)
   0.000000  dUdT,  temperature coefficient of EMF (V/K)
 2000.0  Cp,    heat capacity of cell (J/kg-K)
   0.00  residm,    residual mass (kg/m2)
 298.00  Tam,   ambient temperature (K)
      1  ncell, number of cells in a cell stack
      2  lht,   0 uses htc,  1 calcs htc,  2 isothermal

      0    nside, side reaction flag 

      1  il1,   1 for long print-out  0 for short print-out
     10  il2,   prints every il2 th node in long print-out
     10  il3,   prints every il3 th time step in long print-out
      1  lflag, 0 for electrolyte in separator only, 1 for uniform
      0  imp, 0 for no impedance, 1 for impedance
   0.00  capp1,  capacitance of negative material (F/m2)
   0.00  capp3,  capacitance of positive material (F/m2)
      3  lcurs, number of current changes
  
 MCMB 2528 Graphite (Bellcore)
 LiPF6 in EC:DMC
 LiCoO2 (Cobalt dioxide)
 open-circuit potential, negative   0.178978294
 delta S negative   0.
 open-circuit potential, positive   4.24165195
 delta S positive   0.
  
      DUAL INSERTION CELL VERSION 5.1
  
   Time     Util N  Util P  Cell Pot   Uocp      Curr      Temp   heatgen
   (min)       x       y      (V)       (V)      (A/m2)    (C)    (W/m2)
  
    0.000, 0.6000, 0.5000,  4.06267,  4.06267,     0.00,  24.85,   0.00, 
    0.001, 0.6000, 0.5000,  4.06267,  4.06267,     0.00,  24.85,   0.00, 
    0.001, 0.6000, 0.5000,  4.06267,  4.06267,     0.00,  24.85,   0.00, 
    0.001, 0.6000, 0.5000,  4.06267,  4.06267,     0.00,  24.85,   0.00, 
    0.002, 0.6000, 0.5000,  4.06267,  4.06267,     0.00,  24.85,   0.00, 
    0.002, 0.6000, 0.5000,  4.06267,  4.06267,     0.00,  24.85,   0.00, 
    0.003, 0.6000, 0.5000,  4.06267,  4.06267,     0.00,  24.85,   0.00, 
    0.003, 0.6000, 0.5000,  4.06267,  4.06267,     0.00,  24.85,   0.00, 
    0.004, 0.6000, 0.5000,  4.06267,  4.06267,     0.00,  24.85,   0.00, 
    0.005, 0.6000, 0.5000,  4.06267,  4.06267,     0.00,  24.85,   0.00, 
    0.006, 0.6000, 0.5000,  4.06267,  4.06267,     0.00,  24.85,   0.00, 
    0.007, 0.6000, 0.5000,  4.06267,  4.06267,     0.00,  24.85,   0.00, 
    0.007, 0.6000, 0.5000,  4.06267,  4.06267,     0.00,  24.85,   0.00, 
    0.009, 0.6000, 0.5000,  4.06267,  4.06267,     0.00,  24.85,   0.00, 
    0.010, 0.6000, 0.5000,  4.06267,  4.06267,     0.00,  24.85,   0.00, 
    0.011, 0.6000, 0.5000,  4.06267,  4.06267,     0.00,  24.85,   0.00, 
    0.012, 0.6000, 0.5000,  4.06267,  4.06267,     0.00,  24.85,   0.00, 
    0.014, 0.6000, 0.5000,  4.06267,  4.06267,     0.00,  24.85,   0.00, 
    0.016, 0.6000, 0.5000,  4.06267,  4.06267,     0.00,  24.85,   0.00, 
    0.017, 0.6000, 0.5000,  4.06267,  4.06267,     0.00,  24.85,   0.00, 
    0.019, 0.6000, 0.5000,  4.06267,  4.06267,     0.00,  24.85,   0.00, 
    0.022, 0.6000, 0.5000,  4.06267,  4.06267,     0.00,  24.85,   0.00, 
    0.024, 0.6000, 0.5000,  4.06267,  4.06267,     0.00,  24.85,   0.00, 
    0.027, 0.6000, 0.5000,  4.06267,  4.06267,     0.00,  24.85,   0.00, 
    0.030, 0.6000, 0.5000,  4.06267,  4.06267,     0.00,  24.85,   0.00, 
    0.033, 0.6000, 0.5000,  4.06267,  4.06267,     0.00,  24.85,   0.00, 
    0.037, 0.6000, 0.5000,  4.06267,  4.06267,     0.00,  24.85,   0.00, 
    0.041, 0.6000, 0.5000,  4.06267,  4.06267,     0.00,  24.85,   0.00, 
    0.045, 0.6000, 0.5000,  4.06267,  4.06267,     0.00,  24.85,   0.00, 
    0.050, 0.6000, 0.5000,  4.06267,  4.06267,     0.00,  24.85,   0.00, 
    0.055, 0.6000, 0.5000,  4.06267,  4.06267,     0.00,  24.85,   0.00, 
    0.061, 0.6000, 0.5000,  4.06267,  4.06267,     0.00,  24.85,   0.00, 
    0.067, 0.6000, 0.5000,  4.06267,  4.06267,     0.00,  24.85,   0.00, 
    0.074, 0.6000, 0.5000,  4.06267,  4.06267,     0.00,  24.85,   0.00, 
    0.082, 0.6000, 0.5000,  4.06267,  4.06267,     0.00,  24.85,   0.00, 
    0.091, 0.6000, 0.5000,  4.06267,  4.06267,     0.00,  24.85,   0.00, 
    0.100, 0.6000, 0.5000,  4.06267,  4.06267,     0.00,  24.85,   0.00, 
    0.110, 0.6000, 0.5000,  4.06267,  4.06267,     0.00,  24.85,   0.00, 
    0.122, 0.6000, 0.5000,  4.06267,  4.06267,     0.00,  24.85,   0.00, 
    0.134, 0.6000, 0.5000,  4.06267,  4.06267,     0.00,  24.85,   0.00, 
    0.148, 0.6000, 0.5000,  4.06267,  4.06267,     0.00,  24.85,   0.00, 
    0.163, 0.6000, 0.5000,  4.06267,  4.06267,     0.00,  24.85,   0.00, 
    0.180, 0.6000, 0.5000,  4.06267,  4.06267,     0.00,  24.85,   0.00, 
    0.198, 0.6000, 0.5000,  4.06267,  4.06267,     0.00,  24.85,   0.00, 
    0.218, 0.6000, 0.5000,  4.06267,  4.06267,     0.00,  24.85,   0.00, 
    0.240, 0.6000, 0.5000,  4.06267,  4.06267,     0.00,  24.85,   0.00, 
    0.264, 0.6000, 0.5000,  4.06267,  4.06267,     0.00,  24.85,   0.00, 
    0.291, 0.6000, 0.5000,  4.06267,  4.06267,     0.00,  24.85,   0.00, 
    0.320, 0.6000, 0.5000,  4.06267,  4.06267,     0.00,  24.85,   0.00, 
    0.353, 0.6000, 0.5000,  4.06267,  4.06267,     0.00,  24.85,   0.00, 
    0.388, 0.6000, 0.5000,  4.06267,  4.06267,     0.00,  24.85,   0.00, 
    0.427, 0.6000, 0.5000,  4.06267,  4.06267,     0.00,  24.85,   0.00, 
    0.470, 0.6000, 0.5000,  4.06267,  4.06267,     0.00,  24.85,   0.00, 
    0.518, 0.6000, 0.5000,  4.06267,  4.06267,     0.00,  24.85,   0.00, 
    0.570, 0.6000, 0.5000,  4.06267,  4.06267,     0.00,  24.85,   0.00, 
    0.627, 0.6000, 0.5000,  4.06267,  4.06267,     0.00,  24.85,   0.00, 
    0.690, 0.6000, 0.5000,  4.06267,  4.06267,     0.00,  24.85,   0.00, 
    0.760, 0.6000, 0.5000,  4.06267,  4.06267,     0.00,  24.85,   0.00, 
    0.836, 0.6000, 0.5000,  4.06267,  4.06267,     0.00,  24.85,   0.00, 
    0.920, 0.6000, 0.5000,  4.06267,  4.06267,     0.00,  24.85,   0.00, 
    1.012, 0.6000, 0.5000,  4.06267,  4.06267,     0.00,  24.85,   0.00, 
    1.113, 0.6000, 0.5000,  4.06267,  4.06267,     0.00,  24.85,   0.00, 
    1.225, 0.6000, 0.5000,  4.06267,  4.06267,     0.00,  24.85,   0.00, 
    1.348, 0.6000, 0.5000,  4.06267,  4.06267,     0.00,  24.85,   0.00, 
    1.483, 0.6000, 0.5000,  4.06267,  4.06267,     0.00,  24.85,   0.00, 
    1.632, 0.6000, 0.5000,  4.06267,  4.06267,     0.00,  24.85,   0.00, 
    1.795, 0.6000, 0.5000,  4.06267,  4.06267,     0.00,  24.85,   0.00, 
    1.975, 0.6000, 0.5000,  4.06267,  4.06267,     0.00,  24.85,   0.00, 
    2.173, 0.6000, 0.5000,  4.06267,  4.06267,     0.00,  24.85,   0.00, 
    2.390, 0.6000, 0.5000,  4.06267,  4.06267,     0.00,  24.85,   0.00, 
    2.629, 0.6000, 0.5000,  4.06267,  4.06267,     0.00,  24.85,   0.00, 
    2.893, 0.6000, 0.5000,  4.06267,  4.06267,     0.00,  24.85,   0.00, 
    3.182, 0.6000, 0.5000,  4.06267,  4.06267,     0.00,  24.85,   0.00, 
    3.501, 0.6000, 0.5000,  4.06267,  4.06267,     0.00,  24.85,   0.00, 
    3.851, 0.6000, 0.5000,  4.06267,  4.06267,     0.00,  24.85,   0.00, 
    4.237, 0.6000, 0.5000,  4.06267,  4.06267,     0.00,  24.85,   0.00, 
    4.661, 0.6000, 0.5000,  4.06267,  4.06267,     0.00,  24.85,   0.00, 
    5.127, 0.6000, 0.5000,  4.06267,  4.06267,     0.00,  24.85,   0.00, 
    5.640, 0.6000, 0.5000,  4.06267,  4.06267,     0.00,  24.85,   0.00, 
    6.153, 0.6000, 0.5000,  4.06267,  4.06267,     0.00,  24.85,   0.00, 
    6.666, 0.6000, 0.5000,  4.06267,  4.06267,     0.00,  24.85,   0.00, 
    7.179, 0.6000, 0.5000,  4.06267,  4.06267,     0.00,  24.85,   0.00, 
    7.692, 0.6000, 0.5000,  4.06267,  4.06267,     0.00,  24.85,   0.00, 
    8.205, 0.6000, 0.5000,  4.06267,  4.06267,     0.00,  24.85,   0.00, 
    8.718, 0.6000, 0.5000,  4.06267,  4.06267,     0.00,  24.85,   0.00, 
    9.231, 0.6000, 0.5000,  4.06267,  4.06267,     0.00,  24.85,   0.00, 
    9.744, 0.6000, 0.5000,  4.06267,  4.06267,     0.00,  24.85,   0.00, 
   10.000, 0.6000, 0.5000,  4.06267,  4.06267,     0.00,  24.85,   0.00, 
   10.000, 0.6000, 0.5000,  4.03743,  4.06267,    23.00,  24.85,   0.58, 
 specific energy segment =     0.00 W-h/kg
 specific power segment  =     0.00 W/kg
 total heat =          0.0000 W-h/m2
  
   10.000, 0.6000, 0.5000,  4.03743,  4.06267,    23.00,  24.85,   0.58, 
   10.000, 0.6000, 0.5000,  4.03730,  4.06267,    23.00,  24.85,   0.58, 
   10.001, 0.6000, 0.5000,  4.03721,  4.06267,    23.00,  24.85,   0.59, 
   10.001, 0.6000, 0.5000,  4.03714,  4.06267,    23.00,  24.85,   0.59, 
   10.002, 0.6000, 0.5000,  4.03707,  4.06267,    23.00,  24.85,   0.59, 
   10.002, 0.6000, 0.5000,  4.03701,  4.06266,    23.00,  24.85,   0.59, 
   10.003, 0.6000, 0.5000,  4.03695,  4.06266,    23.00,  24.85,   0.59, 
   10.003, 0.6000, 0.5000,  4.03689,  4.06266,    23.00,  24.85,   0.59, 
   10.004, 0.6000, 0.5000,  4.03682,  4.06265,    23.00,  24.85,   0.59, 
   10.005, 0.6000, 0.5000,  4.03676,  4.06265,    23.00,  24.85,   0.60, 
   10.005, 0.5999, 0.5000,  4.03669,  4.06265,    23.00,  24.85,   0.60, 
   10.006, 0.5999, 0.5000,  4.03662,  4.06264,    23.00,  24.85,   0.60, 
   10.007, 0.5999, 0.5000,  4.03655,  4.06264,    23.00,  24.85,   0.60, 
   10.008, 0.5999, 0.5000,  4.03648,  4.06263,    23.00,  24.85,   0.60, 
   10.009, 0.5999, 0.5001,  4.03640,  4.06262,    23.00,  24.85,   0.60, 
   10.011, 0.5999, 0.5001,  4.03632,  4.06262,    23.00,  24.85,   0.60, 
   10.012, 0.5999, 0.5001,  4.03624,  4.06261,    23.00,  24.85,   0.61, 
   10.014, 0.5999, 0.5001,  4.03615,  4.06260,    23.00,  24.85,   0.61, 
   10.015, 0.5999, 0.5001,  4.03606,  4.06259,    23.00,  24.85,   0.61, 
   10.017, 0.5998, 0.5001,  4.03596,  4.06258,    23.00,  24.85,   0.61, 
   10.019, 0.5998, 0.5001,  4.03586,  4.06257,    23.00,  24.85,   0.61, 
   10.021, 0.5998, 0.5001,  4.03575,  4.06256,    23.00,  24.85,   0.62, 
   10.024, 0.5998, 0.5001,  4.03564,  4.06255,    23.00,  24.85,   0.62, 
   10.027, 0.5997, 0.5001,  4.03552,  4.06253,    23.00,  24.85,   0.62, 
   10.029, 0.5997, 0.5002,  4.03539,  4.06252,    23.00,  24.85,   0.62, 
   10.033, 0.5997, 0.5002,  4.03526,  4.06250,    23.00,  24.85,   0.63, 
   10.036, 0.5997, 0.5002,  4.03512,  4.06248,    23.00,  24.85,   0.63, 
   10.040, 0.5996, 0.5002,  4.03497,  4.06246,    23.00,  24.85,   0.63, 
   10.045, 0.5996, 0.5002,  4.03481,  4.06243,    23.00,  24.85,   0.64, 
   10.050, 0.5995, 0.5003,  4.03465,  4.06241,    23.00,  24.85,   0.64, 
   10.055, 0.5995, 0.5003,  4.03447,  4.06238,    23.00,  24.85,   0.64, 
   10.061, 0.5994, 0.5003,  4.03429,  4.06235,    23.00,  24.85,   0.65, 
   10.067, 0.5994, 0.5004,  4.03409,  4.06232,    23.00,  24.85,   0.65, 
   10.074, 0.5993, 0.5004,  4.03388,  4.06228,    23.00,  24.85,   0.65, 
   10.082, 0.5992, 0.5005,  4.03367,  4.06224,    23.00,  24.85,   0.66, 
   10.090, 0.5991, 0.5005,  4.03343,  4.06219,    23.00,  24.85,   0.66, 
   10.100, 0.5990, 0.5006,  4.03319,  4.06214,    23.00,  24.85,   0.67, 
   10.110, 0.5990, 0.5006,  4.03293,  4.06209,    23.00,  24.85,   0.67, 
   10.121, 0.5988, 0.5007,  4.03266,  4.06203,    23.00,  24.85,   0.68, 
   10.134, 0.5987, 0.5007,  4.03237,  4.06196,    23.00,  24.85,   0.68, 
   10.148, 0.5986, 0.5008,  4.03206,  4.06189,    23.00,  24.85,   0.69, 
   10.163, 0.5984, 0.5009,  4.03174,  4.06181,    23.00,  24.85,   0.69, 
   10.179, 0.5983, 0.5010,  4.03140,  4.06172,    23.00,  24.85,   0.70, 
   10.197, 0.5981, 0.5011,  4.03104,  4.06163,    23.00,  24.85,   0.70, 
   10.218, 0.5979, 0.5012,  4.03066,  4.06152,    23.00,  24.85,   0.71, 
   10.240, 0.5977, 0.5013,  4.03026,  4.06141,    23.00,  24.85,   0.72, 
   10.264, 0.5975, 0.5015,  4.02983,  4.06128,    23.00,  24.85,   0.72, 
   10.291, 0.5972, 0.5016,  4.02939,  4.06114,    23.00,  24.85,   0.73, 
   10.320, 0.5969, 0.5018,  4.02892,  4.06099,    23.00,  24.85,   0.74, 
   10.352, 0.5966, 0.5020,  4.02842,  4.06082,    23.00,  24.85,   0.74, 
   10.388, 0.5963, 0.5022,  4.02791,  4.06064,    23.00,  24.85,   0.75, 
   10.427, 0.5959, 0.5024,  4.02737,  4.06044,    23.00,  24.85,   0.76, 
   10.470, 0.5955, 0.5026,  4.02680,  4.06022,    23.00,  24.85,   0.77, 
   10.517, 0.5951, 0.5029,  4.02620,  4.05998,    23.00,  24.85,   0.77, 
   10.570, 0.5946, 0.5032,  4.02558,  4.05972,    23.00,  24.85,   0.78, 
   10.627, 0.5940, 0.5035,  4.02493,  4.05943,    23.00,  24.85,   0.79, 
   10.690, 0.5934, 0.5039,  4.02425,  4.05912,    23.00,  24.85,   0.80, 
   10.759, 0.5928, 0.5042,  4.02354,  4.05877,    23.00,  24.85,   0.81, 
   10.835, 0.5920, 0.5047,  4.02279,  4.05840,    23.00,  24.85,   0.82, 
   10.919, 0.5912, 0.5051,  4.02200,  4.05799,    23.00,  24.85,   0.82, 
   11.012, 0.5903, 0.5056,  4.02116,  4.05755,    23.00,  24.85,   0.83, 
   11.113, 0.5894, 0.5062,  4.02025,  4.05706,    23.00,  24.85,   0.84, 
   11.225, 0.5883, 0.5068,  4.01928,  4.05653,    23.00,  24.85,   0.85, 
   11.348, 0.5871, 0.5075,  4.01821,  4.05596,    23.00,  24.85,   0.86, 
   11.483, 0.5859, 0.5083,  4.01701,  4.05533,    23.00,  24.85,   0.88, 
   11.631, 0.5844, 0.5091,  4.01564,  4.05464,    23.00,  24.85,   0.89, 
   11.795, 0.5829, 0.5100,  4.01404,  4.05388,    23.00,  24.85,   0.91, 
   11.974, 0.5812, 0.5110,  4.01213,  4.05303,    23.00,  24.85,   0.94, 
   12.172, 0.5793, 0.5121,  4.00978,  4.05208,    23.00,  24.85,   0.97, 
   12.390, 0.5772, 0.5133,  4.00681,  4.05098,    23.00,  24.85,   1.01, 
   12.629, 0.5749, 0.5147,  4.00297,  4.04964,    23.00,  24.85,   1.07, 
   12.892, 0.5724, 0.5162,  3.99796,  4.04793,    23.00,  24.85,   1.14, 
   13.182, 0.5696, 0.5178,  3.99160,  4.04557,    23.00,  24.85,   1.23, 
   13.501, 0.5666, 0.5196,  3.98413,  4.04212,    23.00,  24.85,   1.32, 
   13.851, 0.5633, 0.5215,  3.97651,  4.03687,    23.00,  24.85,   1.38, 
   14.236, 0.5596, 0.5237,  3.96989,  4.02924,    23.00,  24.85,   1.35, 
   14.660, 0.5555, 0.5260,  3.96477,  4.01973,    23.00,  24.85,   1.26, 
   15.127, 0.5511, 0.5286,  3.96079,  4.01053,    23.00,  24.85,   1.14, 
   15.640, 0.5462, 0.5315,  3.95720,  4.00374,    23.00,  24.85,   1.07, 
   16.153, 0.5413, 0.5344,  3.95360,  3.99967,    23.00,  24.85,   1.06, 
   16.666, 0.5364, 0.5372,  3.94954,  3.99683,    23.00,  24.85,   1.08, 
   17.179, 0.5315, 0.5401,  3.94477,  3.99420,    23.00,  24.85,   1.13, 
   17.692, 0.5266, 0.5430,  3.93912,  3.99118,    23.00,  24.85,   1.19, 
   18.205, 0.5217, 0.5458,  3.93248,  3.98737,    23.00,  24.85,   1.25, 
   18.718, 0.5168, 0.5487,  3.92474,  3.98250,    23.00,  24.85,   1.32, 
   19.231, 0.5119, 0.5516,  3.91589,  3.97632,    23.00,  24.85,   1.38, 
   19.744, 0.5070, 0.5544,  3.90604,  3.96869,    23.00,  24.85,   1.43, 
   20.257, 0.5021, 0.5573,  3.89545,  3.95960,    23.00,  24.85,   1.47, 
   20.770, 0.4972, 0.5601,  3.88451,  3.94918,    23.00,  24.85,   1.48, 
   21.283, 0.4923, 0.5630,  3.87371,  3.93776,    23.00,  24.85,   1.46, 
   21.796, 0.4875, 0.5659,  3.86352,  3.92583,    23.00,  24.85,   1.43, 
   22.309, 0.4826, 0.5687,  3.85429,  3.91394,    23.00,  24.85,   1.37, 
   22.822, 0.4777, 0.5716,  3.84625,  3.90266,    23.00,  24.85,   1.29, 
   23.335, 0.4728, 0.5745,  3.83943,  3.89241,    23.00,  24.85,   1.22, 
   23.848, 0.4679, 0.5773,  3.83377,  3.88345,    23.00,  24.85,   1.14, 
   24.361, 0.4630, 0.5802,  3.82909,  3.87585,    23.00,  24.85,   1.08, 
   24.874, 0.4581, 0.5831,  3.82521,  3.86955,    23.00,  24.85,   1.02, 
   25.387, 0.4532, 0.5859,  3.82193,  3.86436,    23.00,  24.85,   0.97, 
   25.900, 0.4483, 0.5888,  3.81906,  3.86008,    23.00,  24.85,   0.94, 
   26.413, 0.4434, 0.5917,  3.81644,  3.85649,    23.00,  24.85,   0.92, 
   26.926, 0.4385, 0.5945,  3.81394,  3.85339,    23.00,  24.85,   0.90, 
   27.439, 0.4336, 0.5974,  3.81145,  3.85061,    23.00,  24.85,   0.89, 
   27.952, 0.4287, 0.6003,  3.80893,  3.84802,    23.00,  24.85,   0.89, 
   28.465, 0.4238, 0.6031,  3.80635,  3.84551,    23.00,  24.85,   0.89, 
   28.978, 0.4189, 0.6060,  3.80367,  3.84303,    23.00,  24.85,   0.90, 
   29.491, 0.4140, 0.6089,  3.80089,  3.84051,    23.00,  24.85,   0.91, 
   30.004, 0.4091, 0.6117,  3.79800,  3.83793,    23.00,  24.85,   0.91, 
   30.517, 0.4042, 0.6146,  3.79501,  3.83526,    23.00,  24.85,   0.92, 
   31.030, 0.3993, 0.6174,  3.79192,  3.83251,    23.00,  24.85,   0.93, 
   31.543, 0.3945, 0.6203,  3.78874,  3.82966,    23.00,  24.85,   0.94, 
   32.056, 0.3896, 0.6232,  3.78547,  3.82673,    23.00,  24.85,   0.95, 
   32.569, 0.3847, 0.6260,  3.78213,  3.82372,    23.00,  24.85,   0.96, 
   33.000, 0.3805, 0.6285,  3.77928,  3.82114,    23.00,  24.85,   0.97, 
   33.000, 0.3805, 0.6285,  3.80609,  3.82114,     0.00,  24.85,   0.03, 
 specific energy segment =    41.96 W-h/kg
 specific power segment  =   109.47 W/kg
 total heat =          0.4201 W-h/m2
  
   33.000, 0.3805, 0.6285,  3.80609,  3.82114,     0.00,  24.85,   0.03, 
   33.000, 0.3805, 0.6285,  3.80631,  3.82114,     0.00,  24.85,   0.03, 
   33.001, 0.3805, 0.6285,  3.80646,  3.82114,     0.00,  24.85,   0.03, 
   33.001, 0.3805, 0.6285,  3.80657,  3.82114,     0.00,  24.85,   0.03, 
   33.002, 0.3805, 0.6285,  3.80667,  3.82114,     0.00,  24.85,   0.03, 
   33.002, 0.3805, 0.6285,  3.80677,  3.82114,     0.00,  24.85,   0.02, 
   33.003, 0.3805, 0.6285,  3.80686,  3.82114,     0.00,  24.85,   0.02, 
   33.003, 0.3805, 0.6285,  3.80695,  3.82114,     0.00,  24.85,   0.02, 
   33.004, 0.3805, 0.6285,  3.80703,  3.82114,     0.00,  24.85,   0.02, 
   33.005, 0.3805, 0.6285,  3.80712,  3.82114,     0.00,  24.85,   0.02, 
   33.005, 0.3805, 0.6285,  3.80721,  3.82114,     0.00,  24.85,   0.02, 
   33.006, 0.3805, 0.6285,  3.80730,  3.82114,     0.00,  24.85,   0.02, 
   33.007, 0.3805, 0.6285,  3.80740,  3.82114,     0.00,  24.85,   0.02, 
   33.008, 0.3805, 0.6285,  3.80749,  3.82114,     0.00,  24.85,   0.02, 
   33.009, 0.3805, 0.6285,  3.80759,  3.82114,     0.00,  24.85,   0.02, 
   33.011, 0.3805, 0.6285,  3.80769,  3.82114,     0.00,  24.85,   0.02, 
   33.012, 0.3805, 0.6285,  3.80779,  3.82114,     0.00,  24.85,   0.02, 
   33.014, 0.3805, 0.6285,  3.80790,  3.82114,     0.00,  24.85,   0.02, 
   33.015, 0.3805, 0.6285,  3.80801,  3.82114,     0.00,  24.85,   0.02, 
   33.017, 0.3805, 0.6285,  3.80813,  3.82114,     0.00,  24.85,   0.02, 
   33.019, 0.3805, 0.6285,  3.80825,  3.82114,     0.00,  24.85,   0.02, 
   33.021, 0.3805, 0.6285,  3.80837,  3.82114,     0.00,  24.85,   0.02, 
   33.024, 0.3805, 0.6285,  3.80850,  3.82114,     0.00,  24.85,   0.02, 
   33.027, 0.3805, 0.6285,  3.80864,  3.82114,     0.00,  24.85,   0.02, 
   33.029, 0.3805, 0.6285,  3.80878,  3.82114,     0.00,  24.85,   0.02, 
   33.033, 0.3805, 0.6285,  3.80893,  3.82114,     0.00,  24.85,   0.02, 
   33.036, 0.3805, 0.6285,  3.80908,  3.82114,     0.00,  24.85,   0.02, 
   33.040, 0.3805, 0.6285,  3.80924,  3.82114,     0.00,  24.85,   0.02, 
   33.045, 0.3805, 0.6285,  3.80940,  3.82114,     0.00,  24.85,   0.02, 
   33.050, 0.3805, 0.6285,  3.80958,  3.82114,     0.00,  24.85,   0.02, 
   33.055, 0.3805, 0.6285,  3.80976,  3.82114,     0.00,  24.85,   0.02, 
   33.061, 0.3805, 0.6285,  3.80994,  3.82114,     0.00,  24.85,   0.02, 
   33.067, 0.3805, 0.6285,  3.81014,  3.82114,     0.00,  24.85,   0.02, 
   33.074, 0.3805, 0.6285,  3.81034,  3.82114,     0.00,  24.85,   0.02, 
   33.082, 0.3805, 0.6285,  3.81056,  3.82114,     0.00,  24.85,   0.02, 
   33.090, 0.3805, 0.6285,  3.81078,  3.82114,     0.00,  24.85,   0.02, 
   33.100, 0.3805, 0.6285,  3.81101,  3.82114,     0.00,  24.85,   0.02, 
   33.110, 0.3805, 0.6285,  3.81125,  3.82114,     0.00,  24.85,   0.02, 
   33.121, 0.3805, 0.6285,  3.81150,  3.82114,     0.00,  24.85,   0.02, 
   33.134, 0.3805, 0.6285,  3.81176,  3.82114,     0.00,  24.85,   0.02, 
   33.148, 0.3805, 0.6285,  3.81203,  3.82114,     0.00,  24.85,   0.02, 
   33.163, 0.3805, 0.6285,  3.81231,  3.82114,     0.00,  24.85,   0.02, 
   33.179, 0.3805, 0.6285,  3.81259,  3.82114,     0.00,  24.85,   0.02, 
   33.197, 0.3805, 0.6285,  3.81289,  3.82114,     0.00,  24.85,   0.02, 
   33.218, 0.3805, 0.6285,  3.81320,  3.82114,     0.00,  24.85,   0.02, 
   33.240, 0.3805, 0.6285,  3.81352,  3.82114,     0.00,  24.85,   0.02, 
   33.264, 0.3805, 0.6285,  3.81385,  3.82114,     0.00,  24.85,   0.02, 
   33.291, 0.3805, 0.6285,  3.81418,  3.82114,     0.00,  24.85,   0.02, 
   33.320, 0.3805, 0.6285,  3.81452,  3.82114,     0.00,  24.85,   0.02, 
   33.352, 0.3805, 0.6285,  3.81487,  3.82114,     0.00,  24.85,   0.02, 
   33.388, 0.3805, 0.6285,  3.81522,  3.82114,     0.00,  24.85,   0.02, 
   33.427, 0.3805, 0.6285,  3.81558,  3.82114,     0.00,  24.85,   0.02, 
   33.470, 0.3805, 0.6285,  3.81593,  3.82114,     0.00,  24.85,   0.02, 
   33.517, 0.3805, 0.6285,  3.81629,  3.82114,     0.00,  24.85,   0.02, 
   33.570, 0.3805, 0.6285,  3.81664,  3.82114,     0.00,  24.85,   0.02, 
   33.627, 0.3805, 0.6285,  3.81698,  3.82114,     0.00,  24.85,   0.02, 
   33.690, 0.3805, 0.6285,  3.81731,  3.82114,     0.00,  24.85,   0.02, 
   33.759, 0.3805, 0.6285,  3.81764,  3.82114,     0.00,  24.85,   0.02, 
   33.835, 0.3805, 0.6285,  3.81795,  3.82114,     0.00,  24.85,   0.02, 
   33.919, 0.3805, 0.6285,  3.81824,  3.82114,     0.00,  24.85,   0.02, 
   34.012, 0.3805, 0.6285,  3.81852,  3.82114,     0.00,  24.85,   0.02, 
   34.113, 0.3805, 0.6285,  3.81877,  3.82114,     0.00,  24.85,   0.02, 
   34.225, 0.3805, 0.6285,  3.81901,  3.82114,     0.00,  24.85,   0.02, 
   34.348, 0.3805, 0.6285,  3.81923,  3.82114,     0.00,  24.85,   0.02, 
   34.483, 0.3805, 0.6285,  3.81942,  3.82114,     0.00,  24.85,   0.02, 
   34.631, 0.3805, 0.6285,  3.81960,  3.82114,     0.00,  24.85,   0.01, 
   34.795, 0.3805, 0.6285,  3.81975,  3.82114,     0.00,  24.85,   0.01, 
   34.974, 0.3805, 0.6285,  3.81988,  3.82114,     0.00,  24.85,   0.01, 
   35.172, 0.3805, 0.6285,  3.82000,  3.82114,     0.00,  24.85,   0.01, 
   35.390, 0.3805, 0.6285,  3.82010,  3.82114,     0.00,  24.85,   0.01, 
   35.629, 0.3805, 0.6285,  3.82019,  3.82114,     0.00,  24.85,   0.01, 
   35.892, 0.3805, 0.6285,  3.82026,  3.82114,     0.00,  24.85,   0.01, 
   36.182, 0.3805, 0.6285,  3.82032,  3.82114,     0.00,  24.85,   0.01, 
   36.501, 0.3805, 0.6285,  3.82037,  3.82114,     0.00,  24.85,   0.01, 
   36.851, 0.3805, 0.6285,  3.82042,  3.82114,     0.00,  24.85,   0.01, 
   37.236, 0.3805, 0.6285,  3.82045,  3.82114,     0.00,  24.85,   0.01, 
   37.660, 0.3805, 0.6285,  3.82048,  3.82114,     0.00,  24.85,   0.01, 
   38.127, 0.3805, 0.6285,  3.82051,  3.82114,     0.00,  24.85,   0.01, 
   38.640, 0.3805, 0.6285,  3.82053,  3.82114,     0.00,  24.85,   0.01, 
   39.153, 0.3805, 0.6285,  3.82055,  3.82114,     0.00,  24.85,   0.01, 
   39.666, 0.3805, 0.6285,  3.82057,  3.82114,     0.00,  24.85,   0.01, 
   40.179, 0.3805, 0.6285,  3.82058,  3.82114,     0.00,  24.85,   0.01, 
   40.692, 0.3805, 0.6285,  3.82059,  3.82114,     0.00,  24.85,   0.00, 
   41.205, 0.3805, 0.6285,  3.82060,  3.82114,     0.00,  24.85,   0.00, 
   41.718, 0.3805, 0.6285,  3.82061,  3.82114,     0.00,  24.85,   0.00, 
   42.231, 0.3805, 0.6285,  3.82061,  3.82114,     0.00,  24.85,   0.00, 
   42.744, 0.3805, 0.6285,  3.82062,  3.82114,     0.00,  24.85,   0.00, 
   43.257, 0.3805, 0.6285,  3.82063,  3.82114,     0.00,  24.85,   0.00, 
   43.770, 0.3805, 0.6285,  3.82063,  3.82114,     0.00,  24.85,   0.00, 
   44.283, 0.3805, 0.6285,  3.82064,  3.82114,     0.00,  24.85,   0.00, 
   44.796, 0.3805, 0.6285,  3.82064,  3.82114,     0.00,  24.85,   0.00, 
   45.309, 0.3805, 0.6285,  3.82065,  3.82114,     0.00,  24.85,   0.00, 
   45.822, 0.3805, 0.6285,  3.82066,  3.82114,     0.00,  24.85,   0.00, 
   46.335, 0.3805, 0.6285,  3.82067,  3.82114,     0.00,  24.85,   0.00, 
   46.848, 0.3805, 0.6285,  3.82067,  3.82114,     0.00,  24.85,   0.00, 
   47.361, 0.3805, 0.6285,  3.82068,  3.82114,     0.00,  24.85,   0.00, 
   47.874, 0.3805, 0.6285,  3.82069,  3.82114,     0.00,  24.85,   0.00, 
   48.387, 0.3805, 0.6285,  3.82070,  3.82114,     0.00,  24.85,   0.00, 
   48.900, 0.3805, 0.6285,  3.82071,  3.82114,     0.00,  24.85,   0.00, 
   49.413, 0.3805, 0.6285,  3.82072,  3.82114,     0.00,  24.85,   0.00, 
   49.926, 0.3805, 0.6285,  3.82073,  3.82114,     0.00,  24.85,   0.00, 
   50.439, 0.3805, 0.6285,  3.82074,  3.82114,     0.00,  24.85,   0.00, 
   50.952, 0.3805, 0.6285,  3.82075,  3.82114,     0.00,  24.85,   0.00, 
   51.465, 0.3805, 0.6285,  3.82076,  3.82114,     0.00,  24.85,   0.00, 
   51.978, 0.3805, 0.6285,  3.82077,  3.82114,     0.00,  24.85,   0.00, 
   52.491, 0.3805, 0.6285,  3.82079,  3.82114,     0.00,  24.85,   0.00, 
   53.004, 0.3805, 0.6285,  3.82080,  3.82114,     0.00,  24.85,   0.00, 
   53.517, 0.3805, 0.6285,  3.82081,  3.82114,     0.00,  24.85,   0.00, 
   54.030, 0.3805, 0.6285,  3.82082,  3.82114,     0.00,  24.85,   0.00, 
   54.543, 0.3805, 0.6285,  3.82083,  3.82114,     0.00,  24.85,   0.00, 
   55.056, 0.3805, 0.6285,  3.82084,  3.82114,     0.00,  24.85,   0.00, 
   55.569, 0.3805, 0.6285,  3.82085,  3.82114,     0.00,  24.85,   0.00, 
   56.082, 0.3805, 0.6285,  3.82086,  3.82114,     0.00,  24.85,   0.00, 
   56.595, 0.3805, 0.6285,  3.82087,  3.82114,     0.00,  24.85,   0.00, 
   57.108, 0.3805, 0.6285,  3.82088,  3.82114,     0.00,  24.85,   0.00, 
   57.621, 0.3805, 0.6285,  3.82089,  3.82114,     0.00,  24.85,   0.00, 
   58.134, 0.3805, 0.6285,  3.82090,  3.82114,     0.00,  24.85,   0.00, 
   58.647, 0.3805, 0.6285,  3.82091,  3.82114,     0.00,  24.85,   0.00, 
   59.160, 0.3805, 0.6285,  3.82092,  3.82114,     0.00,  24.85,   0.00, 
   59.673, 0.3805, 0.6285,  3.82092,  3.82114,     0.00,  24.85,   0.00, 
   60.186, 0.3805, 0.6285,  3.82093,  3.82114,     0.00,  24.85,   0.00, 
   60.699, 0.3805, 0.6285,  3.82094,  3.82114,     0.00,  24.85,   0.00, 
   61.212, 0.3805, 0.6285,  3.82095,  3.82114,     0.00,  24.85,   0.00, 
   61.725, 0.3805, 0.6285,  3.82095,  3.82114,     0.00,  24.85,   0.00, 
   62.238, 0.3805, 0.6285,  3.82096,  3.82114,     0.00,  24.85,   0.00, 
   62.751, 0.3805, 0.6285,  3.82097,  3.82114,     0.00,  24.85,   0.00, 
   63.264, 0.3805, 0.6285,  3.82098,  3.82114,     0.00,  24.85,   0.00, 
   63.777, 0.3805, 0.6285,  3.82098,  3.82114,     0.00,  24.85,   0.00, 
   64.290, 0.3805, 0.6285,  3.82099,  3.82114,     0.00,  24.85,   0.00, 
   64.803, 0.3805, 0.6285,  3.82099,  3.82114,     0.00,  24.85,   0.00, 
   65.316, 0.3805, 0.6285,  3.82100,  3.82114,     0.00,  24.85,   0.00, 
   65.829, 0.3805, 0.6285,  3.82100,  3.82114,     0.00,  24.85,   0.00, 
   66.342, 0.3805, 0.6285,  3.82101,  3.82114,     0.00,  24.85,   0.00, 
   66.855, 0.3805, 0.6285,  3.82101,  3.82114,     0.00,  24.85,   0.00, 
   67.368, 0.3805, 0.6285,  3.82102,  3.82114,     0.00,  24.85,   0.00, 
   67.881, 0.3805, 0.6285,  3.82102,  3.82114,     0.00,  24.85,   0.00, 
   68.394, 0.3805, 0.6285,  3.82103,  3.82114,     0.00,  24.85,   0.00, 
   68.907, 0.3805, 0.6285,  3.82103,  3.82114,     0.00,  24.85,   0.00, 
   69.420, 0.3805, 0.6285,  3.82104,  3.82114,     0.00,  24.85,   0.00, 
   69.933, 0.3805, 0.6285,  3.82104,  3.82114,     0.00,  24.85,   0.00, 
   70.446, 0.3805, 0.6285,  3.82105,  3.82114,     0.00,  24.85,   0.00, 
   70.959, 0.3805, 0.6285,  3.82105,  3.82114,     0.00,  24.85,   0.00, 
   71.472, 0.3805, 0.6285,  3.82105,  3.82114,     0.00,  24.85,   0.00, 
   71.984, 0.3805, 0.6285,  3.82106,  3.82114,     0.00,  24.85,   0.00, 
   72.497, 0.3805, 0.6285,  3.82106,  3.82114,     0.00,  24.85,   0.00, 
   73.010, 0.3805, 0.6285,  3.82106,  3.82114,     0.00,  24.85,   0.00, 
   73.523, 0.3805, 0.6285,  3.82107,  3.82114,     0.00,  24.85,   0.00, 
   74.036, 0.3805, 0.6285,  3.82107,  3.82114,     0.00,  24.85,   0.00, 
   74.549, 0.3805, 0.6285,  3.82107,  3.82114,     0.00,  24.85,   0.00, 
   75.062, 0.3805, 0.6285,  3.82107,  3.82114,     0.00,  24.85,   0.00, 
   75.575, 0.3805, 0.6285,  3.82108,  3.82114,     0.00,  24.85,   0.00, 
   76.088, 0.3805, 0.6285,  3.82108,  3.82114,     0.00,  24.85,   0.00, 
   76.601, 0.3805, 0.6285,  3.82108,  3.82114,     0.00,  24.85,   0.00, 
   77.114, 0.3805, 0.6285,  3.82108,  3.82114,     0.00,  24.85,   0.00, 
   77.627, 0.3805, 0.6285,  3.82109,  3.82114,     0.00,  24.85,   0.00, 
   78.140, 0.3805, 0.6285,  3.82109,  3.82114,     0.00,  24.85,   0.00, 
   78.653, 0.3805, 0.6285,  3.82109,  3.82114,     0.00,  24.85,   0.00, 
   79.166, 0.3805, 0.6285,  3.82109,  3.82114,     0.00,  24.85,   0.00, 
   79.679, 0.3805, 0.6285,  3.82109,  3.82114,     0.00,  24.85,   0.00, 
   80.192, 0.3805, 0.6285,  3.82109,  3.82114,     0.00,  24.85,   0.00, 
   80.705, 0.3805, 0.6285,  3.82110,  3.82114,     0.00,  24.85,   0.00, 
   81.218, 0.3805, 0.6285,  3.82110,  3.82114,     0.00,  24.85,   0.00, 
   81.731, 0.3805, 0.6285,  3.82110,  3.82114,     0.00,  24.85,   0.00, 
   82.244, 0.3805, 0.6285,  3.82110,  3.82114,     0.00,  24.85,   0.00, 
   82.757, 0.3805, 0.6285,  3.82110,  3.82114,     0.00,  24.85,   0.00, 
   83.270, 0.3805, 0.6285,  3.82110,  3.82114,     0.00,  24.85,   0.00, 
   83.783, 0.3805, 0.6285,  3.82111,  3.82114,     0.00,  24.85,   0.00, 
   84.296, 0.3805, 0.6285,  3.82111,  3.82114,     0.00,  24.85,   0.00, 
   84.809, 0.3805, 0.6285,  3.82111,  3.82114,     0.00,  24.85,   0.00, 
   85.322, 0.3805, 0.6285,  3.82111,  3.82114,     0.00,  24.85,   0.00, 
   85.835, 0.3805, 0.6285,  3.82111,  3.82114,     0.00,  24.85,   0.00, 
   86.348, 0.3805, 0.6285,  3.82111,  3.82114,     0.00,  24.85,   0.00, 
   86.861, 0.3805, 0.6285,  3.82111,  3.82114,     0.00,  24.85,   0.00, 
   87.374, 0.3805, 0.6285,  3.82111,  3.82114,     0.00,  24.85,   0.00, 
   87.887, 0.3805, 0.6285,  3.82111,  3.82114,     0.00,  24.85,   0.00, 
   88.400, 0.3805, 0.6285,  3.82112,  3.82114,     0.00,  24.85,   0.00, 
   88.913, 0.3805, 0.6285,  3.82112,  3.82114,     0.00,  24.85,   0.00, 
   89.426, 0.3805, 0.6285,  3.82112,  3.82114,     0.00,  24.85,   0.00, 
   89.939, 0.3805, 0.6285,  3.82112,  3.82114,     0.00,  24.85,   0.00, 
   90.452, 0.3805, 0.6285,  3.82112,  3.82114,     0.00,  24.85,   0.00, 
   90.965, 0.3805, 0.6285,  3.82112,  3.82114,     0.00,  24.85,   0.00, 
   91.478, 0.3805, 0.6285,  3.82112,  3.82114,     0.00,  24.85,   0.00, 
   91.991, 0.3805, 0.6285,  3.82112,  3.82114,     0.00,  24.85,   0.00, 
   92.504, 0.3805, 0.6285,  3.82112,  3.82114,     0.00,  24.85,   0.00, 
   93.017, 0.3805, 0.6285,  3.82112,  3.82114,     0.00,  24.85,   0.00, 
   93.530, 0.3805, 0.6285,  3.82112,  3.82114,     0.00,  24.85,   0.00, 
   94.043, 0.3805, 0.6285,  3.82112,  3.82114,     0.00,  24.85,   0.00, 
   94.556, 0.3805, 0.6285,  3.82112,  3.82114,     0.00,  24.85,   0.00, 
   95.069, 0.3805, 0.6285,  3.82112,  3.82114,     0.00,  24.85,   0.00, 
   95.582, 0.3805, 0.6285,  3.82112,  3.82114,     0.00,  24.85,   0.00, 
   96.095, 0.3805, 0.6285,  3.82112,  3.82114,     0.00,  24.85,   0.00, 
   96.608, 0.3805, 0.6285,  3.82113,  3.82114,     0.00,  24.85,   0.00, 
   97.121, 0.3805, 0.6285,  3.82113,  3.82114,     0.00,  24.85,   0.00, 
   97.634, 0.3805, 0.6285,  3.82113,  3.82114,     0.00,  24.85,   0.00, 
   98.147, 0.3805, 0.6285,  3.82113,  3.82114,     0.00,  24.85,   0.00, 
   98.660, 0.3805, 0.6285,  3.82113,  3.82114,     0.00,  24.85,   0.00, 
   99.173, 0.3805, 0.6285,  3.82113,  3.82114,     0.00,  24.85,   0.00, 
   99.686, 0.3805, 0.6285,  3.82113,  3.82114,     0.00,  24.85,   0.00, 
  100.199, 0.3805, 0.6285,  3.82113,  3.82114,     0.00,  24.85,   0.00, 
  100.712, 0.3805, 0.6285,  3.82113,  3.82114,     0.00,  24.85,   0.00, 
  101.225, 0.3805, 0.6285,  3.82113,  3.82114,     0.00,  24.85,   0.00, 
  101.738, 0.3805, 0.6285,  3.82113,  3.82114,     0.00,  24.85,   0.00, 
  102.251, 0.3805, 0.6285,  3.82113,  3.82114,     0.00,  24.85,   0.00, 
  102.764, 0.3805, 0.6285,  3.82113,  3.82114,     0.00,  24.85,   0.00, 
  103.277, 0.3805, 0.6285,  3.82113,  3.82114,     0.00,  24.85,   0.00, 
  103.790, 0.3805, 0.6285,  3.82113,  3.82114,     0.00,  24.85,   0.00, 
  104.303, 0.3805, 0.6285,  3.82113,  3.82114,     0.00,  24.85,   0.00, 
  104.816, 0.3805, 0.6285,  3.82113,  3.82114,     0.00,  24.85,   0.00, 
  105.329, 0.3805, 0.6285,  3.82113,  3.82114,     0.00,  24.85,   0.00, 
  105.842, 0.3805, 0.6285,  3.82113,  3.82114,     0.00,  24.85,   0.00, 
  106.355, 0.3805, 0.6285,  3.82113,  3.82114,     0.00,  24.85,   0.00, 
  106.868, 0.3805, 0.6285,  3.82113,  3.82114,     0.00,  24.85,   0.00, 
  107.381, 0.3805, 0.6285,  3.82113,  3.82114,     0.00,  24.85,   0.00, 
  107.894, 0.3805, 0.6285,  3.82113,  3.82114,     0.00,  24.85,   0.00, 
  108.407, 0.3805, 0.6285,  3.82113,  3.82114,     0.00,  24.85,   0.00, 
  108.920, 0.3805, 0.6285,  3.82113,  3.82114,     0.00,  24.85,   0.00, 
  109.433, 0.3805, 0.6285,  3.82113,  3.82114,     0.00,  24.85,   0.00, 
  109.946, 0.3805, 0.6285,  3.82113,  3.82114,     0.00,  24.85,   0.00, 
  110.459, 0.3805, 0.6285,  3.82113,  3.82114,     0.00,  24.85,   0.00, 
  110.972, 0.3805, 0.6285,  3.82113,  3.82114,     0.00,  24.85,   0.00, 
  111.485, 0.3805, 0.6285,  3.82113,  3.82114,     0.00,  24.85,   0.00, 
  111.998, 0.3805, 0.6285,  3.82113,  3.82114,     0.00,  24.85,   0.00, 
  112.511, 0.3805, 0.6285,  3.82113,  3.82114,     0.00,  24.85,   0.00, 
  113.024, 0.3805, 0.6285,  3.82113,  3.82114,     0.00,  24.85,   0.00, 
  113.537, 0.3805, 0.6285,  3.82113,  3.82114,     0.00,  24.85,   0.00, 
  114.050, 0.3805, 0.6285,  3.82113,  3.82114,     0.00,  24.85,   0.00, 
  114.563, 0.3805, 0.6285,  3.82113,  3.82114,     0.00,  24.85,   0.00, 
  115.076, 0.3805, 0.6285,  3.82113,  3.82114,     0.00,  24.85,   0.00, 
  115.589, 0.3805, 0.6285,  3.82113,  3.82114,     0.00,  24.85,   0.00, 
  116.102, 0.3805, 0.6285,  3.82113,  3.82114,     0.00,  24.85,   0.00, 
  116.615, 0.3805, 0.6285,  3.82113,  3.82114,     0.00,  24.85,   0.00, 
  117.128, 0.3805, 0.6285,  3.82113,  3.82114,     0.00,  24.85,   0.00, 
  117.641, 0.3805, 0.6285,  3.82113,  3.82114,     0.00,  24.85,   0.00, 
  118.154, 0.3805, 0.6285,  3.82113,  3.82114,     0.00,  24.85,   0.00, 
  118.667, 0.3805, 0.6285,  3.82113,  3.82114,     0.00,  24.85,   0.00, 
  119.180, 0.3805, 0.6285,  3.82113,  3.82114,     0.00,  24.85,   0.00, 
  119.693, 0.3805, 0.6285,  3.82113,  3.82114,     0.00,  24.85,   0.00, 
  120.206, 0.3805, 0.6285,  3.82113,  3.82114,     0.00,  24.85,   0.00, 
  120.719, 0.3805, 0.6285,  3.82113,  3.82114,     0.00,  24.85,   0.00, 
  121.232, 0.3805, 0.6285,  3.82113,  3.82114,     0.00,  24.85,   0.00, 
  121.745, 0.3805, 0.6285,  3.82114,  3.82114,     0.00,  24.85,   0.00, 
  122.258, 0.3805, 0.6285,  3.82114,  3.82114,     0.00,  24.85,   0.00, 
  122.771, 0.3805, 0.6285,  3.82114,  3.82114,     0.00,  24.85,   0.00, 
  123.284, 0.3805, 0.6285,  3.82114,  3.82114,     0.00,  24.85,   0.00, 
  123.797, 0.3805, 0.6285,  3.82114,  3.82114,     0.00,  24.85,   0.00, 
  124.310, 0.3805, 0.6285,  3.82114,  3.82114,     0.00,  24.85,   0.00, 
  124.823, 0.3805, 0.6285,  3.82114,  3.82114,     0.00,  24.85,   0.00, 
  125.336, 0.3805, 0.6285,  3.82114,  3.82114,     0.00,  24.85,   0.00, 
  125.849, 0.3805, 0.6285,  3.82114,  3.82114,     0.00,  24.85,   0.00, 
  126.362, 0.3805, 0.6285,  3.82114,  3.82114,     0.00,  24.85,   0.00, 
  126.875, 0.3805, 0.6285,  3.82114,  3.82114,     0.00,  24.85,   0.00, 
  127.388, 0.3805, 0.6285,  3.82114,  3.82114,     0.00,  24.85,   0.00, 
  127.901, 0.3805, 0.6285,  3.82114,  3.82114,     0.00,  24.85,   0.00, 
  128.414, 0.3805, 0.6285,  3.82114,  3.82114,     0.00,  24.85,   0.00, 
  128.927, 0.3805, 0.6285,  3.82114,  3.82114,     0.00,  24.85,   0.00, 
  129.440, 0.3805, 0.6285,  3.82114,  3.82114,     0.00,  24.85,   0.00, 
  129.953, 0.3805, 0.6285,  3.82114,  3.82114,     0.00,  24.85,   0.00, 
  130.466, 0.3805, 0.6285,  3.82114,  3.82114,     0.00,  24.85,   0.00, 
  130.979, 0.3805, 0.6285,  3.82114,  3.82114,     0.00,  24.85,   0.00, 
  131.492, 0.3805, 0.6285,  3.82114,  3.82114,     0.00,  24.85,   0.00, 
  132.005, 0.3805, 0.6285,  3.82114,  3.82114,     0.00,  24.85,   0.00, 
  132.518, 0.3805, 0.6285,  3.82114,  3.82114,     0.00,  24.85,   0.00, 
  133.000, 0.3805, 0.6285,  3.82114,  3.82114,     0.00,  24.85,   0.00, 

            mass  =  0.8166 kg/m2
 specific energy segment =     0.00 W-h/kg
 specific power segment  =     0.00 W/kg
 total heat =          0.4220 W-h/m2
  
