     50  lim, limit on number of iterations
 100.00  h1,  thickness of negative electrode (microns)
  25.00  h2,  thickness of separator (microns)
 100.00  h3,  thickness of positive electrode (microns)
  25.00  hcn, thickness of negative electrode current collector (microns)
  25.00  hcp, thickness of positive electrode current collector (microns)
     80  n1,  number of nodes in negative electrode
     40  n2,  number of nodes in separator
     80  n3,  number of nodes in positive electrode
 298.00  T,   temperature (K)

 1000.0  xx(1,n1+2), initial concentration (mol/m3)
 0.6000  csx,   initial stoichiometric parameter for negative
 0.5000  csy,   initial stoichiometric parameter for positive
   30.0  tmmax, maximum time step size (s)
 .4E-13  dfs1, diffusion coefficient in negative solid (m2/s)
 .1E-12  dfs3, diffusion coefficient in positive solid (m2/s)
  10.00  Rad1,  radius of negative particles (microns)
  10.00  Rad3,  radius of positive particles (microns)

  0.300  ep1,   volume fraction of electrolyte in negative electrode
  0.000  epp1,  volume fraction of polymer phase in negative electrode
  0.100  epf1,  volume fraction of inert filler in negative electrode
  1.000  ep2,   volume fraction of electrolyte in separator
  0.000  epp2,  volume fraction of polymer phase in separator
  0.300  ep3,   volume fraction of electrolyte in positive electrode
  0.000  epp3,  volume fraction of polymer phase in positive electrode
  0.200  epf3,  volume fraction of inert filler in positive electrode
 0.10E+03  sig1,  conductivity of negative matrix (S/m)
  10.      sig3,  conductivity of positive matrix (S/m)
  372.00  cot1,  coulombic capacity of negative material (mAh/g)
  274.00  cot3,  coulombic capacity of positive material (mAh/g)
 .1E-04  rka1,  reaction rate constant for negative reaction 
 .3E-10  rka3,  reaction rate constant for positive reaction

 1324.0  re,   density of electrolyte (kg/m3)
 1800.0  rs1,  density of negative insertion material (kg/m3)
 5010.0  rs3,  density of positive insertion material (kg/m3)
 1800.0  rf,   density of inert filler (kg/m3)
 1780.0  rpl,  density of polymer phase (kg/m3)
    0.0  rc,   density of separator material (kg/m3)
 8954.0  rcn,  density of negative current collector (kg/m3)
 2707.0  rcp,  density of positive current collector (kg/m3)

   0.001000  ranode,   anode film resistance (ohm-m2)
   0.000000  rcathde,  cathode film resistance (ohm-m2)
   0.00  htc,   heat-transfer coefficient with external medium (W/m2K)
   0.000000  dUdT,  temperature coefficient of EMF (V/K)
 2000.0  Cp,    heat capacity of cell (J/kg-K)
   0.00  residm,    residual mass (kg/m2)
 298.00  Tam,   ambient temperature (K)
      1  ncell, number of cells in a cell stack
      2  lht,   0 uses htc,  1 calcs htc,  2 isothermal

      0    nside, side reaction flag 

      1  il1,   1 for long print-out  0 for short print-out
     10  il2,   prints every il2 th node in long print-out
     10  il3,   prints every il3 th time step in long print-out
      1  lflag, 0 for electrolyte in separator only, 1 for uniform
      0  imp, 0 for no impedance, 1 for impedance
   0.00  capp1,  capacitance of negative material (F/m2)
   0.00  capp3,  capacitance of positive material (F/m2)
      3  lcurs, number of current changes
  
 MCMB 2528 Graphite (Bellcore)
 LiPF6 in EC:DMC
 LiCoO2 (Cobalt dioxide)
 open-circuit potential, negative   0.178978294
 delta S negative   0.
 open-circuit potential, positive   4.24165195
 delta S positive   0.
  
      DUAL INSERTION CELL VERSION 5.1
  
   Time     Util N  Util P  Cell Pot   Uocp      Curr      Temp   heatgen
   (min)       x       y      (V)       (V)      (A/m2)    (C)    (W/m2)
  
    0.000, 0.6000, 0.5000,  4.06267,  4.06267,     0.00,  24.85,   0.00, 
    0.001, 0.6000, 0.5000,  4.06267,  4.06267,     0.00,  24.85,   0.00, 
    0.001, 0.6000, 0.5000,  4.06267,  4.06267,     0.00,  24.85,   0.00, 
    0.001, 0.6000, 0.5000,  4.06267,  4.06267,     0.00,  24.85,   0.00, 
    0.002, 0.6000, 0.5000,  4.06267,  4.06267,     0.00,  24.85,   0.00, 
    0.002, 0.6000, 0.5000,  4.06267,  4.06267,     0.00,  24.85,   0.00, 
    0.003, 0.6000, 0.5000,  4.06267,  4.06267,     0.00,  24.85,   0.00, 
    0.003, 0.6000, 0.5000,  4.06267,  4.06267,     0.00,  24.85,   0.00, 
    0.004, 0.6000, 0.5000,  4.06267,  4.06267,     0.00,  24.85,   0.00, 
    0.005, 0.6000, 0.5000,  4.06267,  4.06267,     0.00,  24.85,   0.00, 
    0.006, 0.6000, 0.5000,  4.06267,  4.06267,     0.00,  24.85,   0.00, 
    0.007, 0.6000, 0.5000,  4.06267,  4.06267,     0.00,  24.85,   0.00, 
    0.007, 0.6000, 0.5000,  4.06267,  4.06267,     0.00,  24.85,   0.00, 
    0.009, 0.6000, 0.5000,  4.06267,  4.06267,     0.00,  24.85,   0.00, 
    0.010, 0.6000, 0.5000,  4.06267,  4.06267,     0.00,  24.85,   0.00, 
    0.011, 0.6000, 0.5000,  4.06267,  4.06267,     0.00,  24.85,   0.00, 
    0.012, 0.6000, 0.5000,  4.06267,  4.06267,     0.00,  24.85,   0.00, 
    0.014, 0.6000, 0.5000,  4.06267,  4.06267,     0.00,  24.85,   0.00, 
    0.016, 0.6000, 0.5000,  4.06267,  4.06267,     0.00,  24.85,   0.00, 
    0.017, 0.6000, 0.5000,  4.06267,  4.06267,     0.00,  24.85,   0.00, 
    0.019, 0.6000, 0.5000,  4.06267,  4.06267,     0.00,  24.85,   0.00, 
    0.022, 0.6000, 0.5000,  4.06267,  4.06267,     0.00,  24.85,   0.00, 
    0.024, 0.6000, 0.5000,  4.06267,  4.06267,     0.00,  24.85,   0.00, 
    0.027, 0.6000, 0.5000,  4.06267,  4.06267,     0.00,  24.85,   0.00, 
    0.030, 0.6000, 0.5000,  4.06267,  4.06267,     0.00,  24.85,   0.00, 
    0.033, 0.6000, 0.5000,  4.06267,  4.06267,     0.00,  24.85,   0.00, 
    0.037, 0.6000, 0.5000,  4.06267,  4.06267,     0.00,  24.85,   0.00, 
    0.041, 0.6000, 0.5000,  4.06267,  4.06267,     0.00,  24.85,   0.00, 
    0.045, 0.6000, 0.5000,  4.06267,  4.06267,     0.00,  24.85,   0.00, 
    0.050, 0.6000, 0.5000,  4.06267,  4.06267,     0.00,  24.85,   0.00, 
    0.055, 0.6000, 0.5000,  4.06267,  4.06267,     0.00,  24.85,   0.00, 
    0.061, 0.6000, 0.5000,  4.06267,  4.06267,     0.00,  24.85,   0.00, 
    0.067, 0.6000, 0.5000,  4.06267,  4.06267,     0.00,  24.85,   0.00, 
    0.074, 0.6000, 0.5000,  4.06267,  4.06267,     0.00,  24.85,   0.00, 
    0.082, 0.6000, 0.5000,  4.06267,  4.06267,     0.00,  24.85,   0.00, 
    0.091, 0.6000, 0.5000,  4.06267,  4.06267,     0.00,  24.85,   0.00, 
    0.100, 0.6000, 0.5000,  4.06267,  4.06267,     0.00,  24.85,   0.00, 
    0.110, 0.6000, 0.5000,  4.06267,  4.06267,     0.00,  24.85,   0.00, 
    0.122, 0.6000, 0.5000,  4.06267,  4.06267,     0.00,  24.85,   0.00, 
    0.134, 0.6000, 0.5000,  4.06267,  4.06267,     0.00,  24.85,   0.00, 
    0.148, 0.6000, 0.5000,  4.06267,  4.06267,     0.00,  24.85,   0.00, 
    0.163, 0.6000, 0.5000,  4.06267,  4.06267,     0.00,  24.85,   0.00, 
    0.180, 0.6000, 0.5000,  4.06267,  4.06267,     0.00,  24.85,   0.00, 
    0.198, 0.6000, 0.5000,  4.06267,  4.06267,     0.00,  24.85,   0.00, 
    0.218, 0.6000, 0.5000,  4.06267,  4.06267,     0.00,  24.85,   0.00, 
    0.240, 0.6000, 0.5000,  4.06267,  4.06267,     0.00,  24.85,   0.00, 
    0.264, 0.6000, 0.5000,  4.06267,  4.06267,     0.00,  24.85,   0.00, 
    0.291, 0.6000, 0.5000,  4.06267,  4.06267,     0.00,  24.85,   0.00, 
    0.320, 0.6000, 0.5000,  4.06267,  4.06267,     0.00,  24.85,   0.00, 
    0.353, 0.6000, 0.5000,  4.06267,  4.06267,     0.00,  24.85,   0.00, 
    0.388, 0.6000, 0.5000,  4.06267,  4.06267,     0.00,  24.85,   0.00, 
    0.427, 0.6000, 0.5000,  4.06267,  4.06267,     0.00,  24.85,   0.00, 
    0.470, 0.6000, 0.5000,  4.06267,  4.06267,     0.00,  24.85,   0.00, 
    0.518, 0.6000, 0.5000,  4.06267,  4.06267,     0.00,  24.85,   0.00, 
    0.570, 0.6000, 0.5000,  4.06267,  4.06267,     0.00,  24.85,   0.00, 
    0.627, 0.6000, 0.5000,  4.06267,  4.06267,     0.00,  24.85,   0.00, 
    0.690, 0.6000, 0.5000,  4.06267,  4.06267,     0.00,  24.85,   0.00, 
    0.760, 0.6000, 0.5000,  4.06267,  4.06267,     0.00,  24.85,   0.00, 
    0.836, 0.6000, 0.5000,  4.06267,  4.06267,     0.00,  24.85,   0.00, 
    0.920, 0.6000, 0.5000,  4.06267,  4.06267,     0.00,  24.85,   0.00, 
    1.012, 0.6000, 0.5000,  4.06267,  4.06267,     0.00,  24.85,   0.00, 
    1.113, 0.6000, 0.5000,  4.06267,  4.06267,     0.00,  24.85,   0.00, 
    1.225, 0.6000, 0.5000,  4.06267,  4.06267,     0.00,  24.85,   0.00, 
    1.348, 0.6000, 0.5000,  4.06267,  4.06267,     0.00,  24.85,   0.00, 
    1.483, 0.6000, 0.5000,  4.06267,  4.06267,     0.00,  24.85,   0.00, 
    1.632, 0.6000, 0.5000,  4.06267,  4.06267,     0.00,  24.85,   0.00, 
    1.795, 0.6000, 0.5000,  4.06267,  4.06267,     0.00,  24.85,   0.00, 
    1.975, 0.6000, 0.5000,  4.06267,  4.06267,     0.00,  24.85,   0.00, 
    2.173, 0.6000, 0.5000,  4.06267,  4.06267,     0.00,  24.85,   0.00, 
    2.390, 0.6000, 0.5000,  4.06267,  4.06267,     0.00,  24.85,   0.00, 
    2.629, 0.6000, 0.5000,  4.06267,  4.06267,     0.00,  24.85,   0.00, 
    2.893, 0.6000, 0.5000,  4.06267,  4.06267,     0.00,  24.85,   0.00, 
    3.182, 0.6000, 0.5000,  4.06267,  4.06267,     0.00,  24.85,   0.00, 
    3.501, 0.6000, 0.5000,  4.06267,  4.06267,     0.00,  24.85,   0.00, 
    3.851, 0.6000, 0.5000,  4.06267,  4.06267,     0.00,  24.85,   0.00, 
    4.237, 0.6000, 0.5000,  4.06267,  4.06267,     0.00,  24.85,   0.00, 
    4.661, 0.6000, 0.5000,  4.06267,  4.06267,     0.00,  24.85,   0.00, 
    5.127, 0.6000, 0.5000,  4.06267,  4.06267,     0.00,  24.85,   0.00, 
    5.640, 0.6000, 0.5000,  4.06267,  4.06267,     0.00,  24.85,   0.00, 
    6.153, 0.6000, 0.5000,  4.06267,  4.06267,     0.00,  24.85,   0.00, 
    6.666, 0.6000, 0.5000,  4.06267,  4.06267,     0.00,  24.85,   0.00, 
    7.179, 0.6000, 0.5000,  4.06267,  4.06267,     0.00,  24.85,   0.00, 
    7.692, 0.6000, 0.5000,  4.06267,  4.06267,     0.00,  24.85,   0.00, 
    8.205, 0.6000, 0.5000,  4.06267,  4.06267,     0.00,  24.85,   0.00, 
    8.718, 0.6000, 0.5000,  4.06267,  4.06267,     0.00,  24.85,   0.00, 
    9.231, 0.6000, 0.5000,  4.06267,  4.06267,     0.00,  24.85,   0.00, 
    9.744, 0.6000, 0.5000,  4.06267,  4.06267,     0.00,  24.85,   0.00, 
   10.000, 0.6000, 0.5000,  4.06267,  4.06267,     0.00,  24.85,   0.00, 
   10.000, 0.6000, 0.5000,  4.03743,  4.06267,    23.00,  24.85,   0.58, 
 specific energy segment =     0.00 W-h/kg
 specific power segment  =     0.00 W/kg
 total heat =          0.0000 W-h/m2
  
   10.000, 0.6000, 0.5000,  4.03743,  4.06267,    23.00,  24.85,   0.58, 
   10.000, 0.6000, 0.5000,  4.03730,  4.06267,    23.00,  24.85,   0.58, 
   10.001, 0.6000, 0.5000,  4.03721,  4.06267,    23.00,  24.85,   0.59, 
   10.001, 0.6000, 0.5000,  4.03714,  4.06267,    23.00,  24.85,   0.59, 
   10.002, 0.6000, 0.5000,  4.03707,  4.06267,    23.00,  24.85,   0.59, 
   10.002, 0.6000, 0.5000,  4.03701,  4.06266,    23.00,  24.85,   0.59, 
   10.003, 0.6000, 0.5000,  4.03695,  4.06266,    23.00,  24.85,   0.59, 
   10.003, 0.6000, 0.5000,  4.03689,  4.06266,    23.00,  24.85,   0.59, 
   10.004, 0.6000, 0.5000,  4.03682,  4.06265,    23.00,  24.85,   0.59, 
   10.005, 0.6000, 0.5000,  4.03676,  4.06265,    23.00,  24.85,   0.60, 
   10.005, 0.5999, 0.5000,  4.03669,  4.06265,    23.00,  24.85,   0.60, 
   10.006, 0.5999, 0.5000,  4.03662,  4.06264,    23.00,  24.85,   0.60, 
   10.007, 0.5999, 0.5000,  4.03655,  4.06264,    23.00,  24.85,   0.60, 
   10.008, 0.5999, 0.5000,  4.03648,  4.06263,    23.00,  24.85,   0.60, 
   10.009, 0.5999, 0.5001,  4.03640,  4.06262,    23.00,  24.85,   0.60, 
   10.011, 0.5999, 0.5001,  4.03632,  4.06262,    23.00,  24.85,   0.60, 
   10.012, 0.5999, 0.5001,  4.03624,  4.06261,    23.00,  24.85,   0.61, 
   10.014, 0.5999, 0.5001,  4.03615,  4.06260,    23.00,  24.85,   0.61, 
   10.015, 0.5999, 0.5001,  4.03606,  4.06259,    23.00,  24.85,   0.61, 
   10.017, 0.5998, 0.5001,  4.03596,  4.06258,    23.00,  24.85,   0.61, 
   10.019, 0.5998, 0.5001,  4.03586,  4.06257,    23.00,  24.85,   0.61, 
   10.021, 0.5998, 0.5001,  4.03575,  4.06256,    23.00,  24.85,   0.62, 
   10.024, 0.5998, 0.5001,  4.03564,  4.06255,    23.00,  24.85,   0.62, 
   10.027, 0.5997, 0.5001,  4.03552,  4.06253,    23.00,  24.85,   0.62, 
   10.029, 0.5997, 0.5002,  4.03539,  4.06252,    23.00,  24.85,   0.62, 
   10.033, 0.5997, 0.5002,  4.03526,  4.06250,    23.00,  24.85,   0.63, 
   10.036, 0.5997, 0.5002,  4.03512,  4.06248,    23.00,  24.85,   0.63, 
   10.040, 0.5996, 0.5002,  4.03497,  4.06246,    23.00,  24.85,   0.63, 
   10.045, 0.5996, 0.5002,  4.03481,  4.06243,    23.00,  24.85,   0.64, 
   10.050, 0.5995, 0.5003,  4.03465,  4.06241,    23.00,  24.85,   0.64, 
   10.055, 0.5995, 0.5003,  4.03447,  4.06238,    23.00,  24.85,   0.64, 
   10.061, 0.5994, 0.5003,  4.03429,  4.06235,    23.00,  24.85,   0.65, 
   10.067, 0.5994, 0.5004,  4.03409,  4.06232,    23.00,  24.85,   0.65, 
   10.074, 0.5993, 0.5004,  4.03388,  4.06228,    23.00,  24.85,   0.65, 
   10.082, 0.5992, 0.5005,  4.03367,  4.06224,    23.00,  24.85,   0.66, 
   10.090, 0.5991, 0.5005,  4.03343,  4.06219,    23.00,  24.85,   0.66, 
   10.100, 0.5990, 0.5006,  4.03319,  4.06214,    23.00,  24.85,   0.67, 
   10.110, 0.5990, 0.5006,  4.03293,  4.06209,    23.00,  24.85,   0.67, 
   10.121, 0.5988, 0.5007,  4.03266,  4.06203,    23.00,  24.85,   0.68, 
   10.134, 0.5987, 0.5007,  4.03237,  4.06196,    23.00,  24.85,   0.68, 
   10.148, 0.5986, 0.5008,  4.03206,  4.06189,    23.00,  24.85,   0.69, 
   10.163, 0.5984, 0.5009,  4.03174,  4.06181,    23.00,  24.85,   0.69, 
   10.179, 0.5983, 0.5010,  4.03140,  4.06172,    23.00,  24.85,   0.70, 
   10.197, 0.5981, 0.5011,  4.03104,  4.06163,    23.00,  24.85,   0.70, 
   10.218, 0.5979, 0.5012,  4.03066,  4.06152,    23.00,  24.85,   0.71, 
   10.240, 0.5977, 0.5013,  4.03026,  4.06141,    23.00,  24.85,   0.72, 
   10.264, 0.5975, 0.5015,  4.02983,  4.06128,    23.00,  24.85,   0.72, 
   10.291, 0.5972, 0.5016,  4.02939,  4.06114,    23.00,  24.85,   0.73, 
   10.320, 0.5969, 0.5018,  4.02892,  4.06099,    23.00,  24.85,   0.74, 
   10.352, 0.5966, 0.5020,  4.02842,  4.06082,    23.00,  24.85,   0.74, 
   10.388, 0.5963, 0.5022,  4.02791,  4.06064,    23.00,  24.85,   0.75, 
   10.427, 0.5959, 0.5024,  4.02737,  4.06044,    23.00,  24.85,   0.76, 
   10.470, 0.5955, 0.5026,  4.02680,  4.06022,    23.00,  24.85,   0.77, 
   10.517, 0.5951, 0.5029,  4.02620,  4.05998,    23.00,  24.85,   0.77, 
   10.570, 0.5946, 0.5032,  4.02558,  4.05972,    23.00,  24.85,   0.78, 
   10.627, 0.5940, 0.5035,  4.02493,  4.05943,    23.00,  24.85,   0.79, 
   10.690, 0.5934, 0.5039,  4.02425,  4.05912,    23.00,  24.85,   0.80, 
   10.759, 0.5928, 0.5042,  4.02354,  4.05877,    23.00,  24.85,   0.81, 
   10.835, 0.5920, 0.5047,  4.02279,  4.05840,    23.00,  24.85,   0.82, 
   10.919, 0.5912, 0.5051,  4.02200,  4.05799,    23.00,  24.85,   0.82, 
   11.012, 0.5903, 0.5056,  4.02116,  4.05755,    23.00,  24.85,   0.83, 
   11.113, 0.5894, 0.5062,  4.02025,  4.05706,    23.00,  24.85,   0.84, 
   11.225, 0.5883, 0.5068,  4.01928,  4.05653,    23.00,  24.85,   0.85, 
   11.348, 0.5871, 0.5075,  4.01821,  4.05596,    23.00,  24.85,   0.86, 
   11.483, 0.5859, 0.5083,  4.01701,  4.05533,    23.00,  24.85,   0.88, 
   11.631, 0.5844, 0.5091,  4.01564,  4.05464,    23.00,  24.85,   0.89, 
   11.795, 0.5829, 0.5100,  4.01404,  4.05388,    23.00,  24.85,   0.91, 
   11.974, 0.5812, 0.5110,  4.01213,  4.05303,    23.00,  24.85,   0.94, 
   12.172, 0.5793, 0.5121,  4.00978,  4.05208,    23.00,  24.85,   0.97, 
   12.390, 0.5772, 0.5133,  4.00681,  4.05098,    23.00,  24.85,   1.01, 
   12.629, 0.5749, 0.5147,  4.00297,  4.04964,    23.00,  24.85,   1.07, 
   12.892, 0.5724, 0.5162,  3.99796,  4.04793,    23.00,  24.85,   1.14, 
   13.182, 0.5696, 0.5178,  3.99160,  4.04557,    23.00,  24.85,   1.23, 
   13.501, 0.5666, 0.5196,  3.98413,  4.04212,    23.00,  24.85,   1.32, 
   13.851, 0.5633, 0.5215,  3.97651,  4.03687,    23.00,  24.85,   1.38, 
   14.236, 0.5596, 0.5237,  3.96989,  4.02924,    23.00,  24.85,   1.35, 
   14.660, 0.5555, 0.5260,  3.96477,  4.01973,    23.00,  24.85,   1.26, 
   15.127, 0.5511, 0.5286,  3.96079,  4.01053,    23.00,  24.85,   1.14, 
   15.640, 0.5462, 0.5315,  3.95720,  4.00374,    23.00,  24.85,   1.07, 
   16.153, 0.5413, 0.5344,  3.95360,  3.99967,    23.00,  24.85,   1.06, 
   16.666, 0.5364, 0.5372,  3.94954,  3.99683,    23.00,  24.85,   1.08, 
   17.179, 0.5315, 0.5401,  3.94477,  3.99420,    23.00,  24.85,   1.13, 
   17.692, 0.5266, 0.5430,  3.93912,  3.99118,    23.00,  24.85,   1.19, 
   18.205, 0.5217, 0.5458,  3.93248,  3.98737,    23.00,  24.85,   1.25, 
   18.718, 0.5168, 0.5487,  3.92474,  3.98250,    23.00,  24.85,   1.32, 
   19.231, 0.5119, 0.5516,  3.91589,  3.97632,    23.00,  24.85,   1.38, 
   19.744, 0.5070, 0.5544,  3.90604,  3.96869,    23.00,  24.85,   1.43, 
   20.257, 0.5021, 0.5573,  3.89545,  3.95960,    23.00,  24.85,   1.47, 
   20.770, 0.4972, 0.5601,  3.88451,  3.94918,    23.00,  24.85,   1.48, 
   21.283, 0.4923, 0.5630,  3.87371,  3.93776,    23.00,  24.85,   1.46, 
   21.796, 0.4875, 0.5659,  3.86352,  3.92583,    23.00,  24.85,   1.43, 
   22.309, 0.4826, 0.5687,  3.85429,  3.91394,    23.00,  24.85,   1.37, 
   22.822, 0.4777, 0.5716,  3.84625,  3.90266,    23.00,  24.85,   1.29, 
   23.335, 0.4728, 0.5745,  3.83943,  3.89241,    23.00,  24.85,   1.22, 
   23.848, 0.4679, 0.5773,  3.83377,  3.88345,    23.00,  24.85,   1.14, 
   24.000, 0.4664, 0.5782,  3.83228,  3.88105,    23.00,  24.85,   1.12, 
   24.000, 0.4664, 0.5782,  3.85866,  3.88105,     0.00,  24.85,   0.04, 
 specific energy segment =    25.88 W-h/kg
 specific power segment  =   110.93 W/kg
 total heat =          0.2797 W-h/m2
  
   24.000, 0.4664, 0.5782,  3.85866,  3.88105,     0.00,  24.85,   0.04, 
   24.000, 0.4664, 0.5782,  3.85889,  3.88105,     0.00,  24.85,   0.04, 
   24.001, 0.4664, 0.5782,  3.85903,  3.88105,     0.00,  24.85,   0.04, 
   24.001, 0.4664, 0.5782,  3.85915,  3.88105,     0.00,  24.85,   0.04, 
   24.002, 0.4664, 0.5782,  3.85926,  3.88105,     0.00,  24.85,   0.04, 
   24.002, 0.4664, 0.5782,  3.85936,  3.88105,     0.00,  24.85,   0.04, 
   24.003, 0.4664, 0.5782,  3.85946,  3.88105,     0.00,  24.85,   0.04, 
   24.003, 0.4664, 0.5782,  3.85956,  3.88105,     0.00,  24.85,   0.04, 
   24.004, 0.4664, 0.5782,  3.85966,  3.88105,     0.00,  24.85,   0.04, 
   24.005, 0.4664, 0.5782,  3.85976,  3.88105,     0.00,  24.85,   0.04, 
   24.005, 0.4664, 0.5782,  3.85986,  3.88105,     0.00,  24.85,   0.04, 
   24.006, 0.4664, 0.5782,  3.85996,  3.88105,     0.00,  24.85,   0.04, 
   24.007, 0.4664, 0.5782,  3.86007,  3.88105,     0.00,  24.85,   0.04, 
   24.008, 0.4664, 0.5782,  3.86018,  3.88105,     0.00,  24.85,   0.04, 
   24.009, 0.4664, 0.5782,  3.86029,  3.88105,     0.00,  24.85,   0.04, 
   24.011, 0.4664, 0.5782,  3.86041,  3.88105,     0.00,  24.85,   0.04, 
   24.012, 0.4664, 0.5782,  3.86053,  3.88105,     0.00,  24.85,   0.04, 
   24.014, 0.4664, 0.5782,  3.86066,  3.88105,     0.00,  24.85,   0.04, 
   24.015, 0.4664, 0.5782,  3.86079,  3.88105,     0.00,  24.85,   0.04, 
   24.017, 0.4664, 0.5782,  3.86093,  3.88105,     0.00,  24.85,   0.04, 
   24.019, 0.4664, 0.5782,  3.86107,  3.88105,     0.00,  24.85,   0.04, 
   24.021, 0.4664, 0.5782,  3.86122,  3.88105,     0.00,  24.85,   0.04, 
   24.024, 0.4664, 0.5782,  3.86138,  3.88105,     0.00,  24.85,   0.04, 
   24.027, 0.4664, 0.5782,  3.86154,  3.88105,     0.00,  24.85,   0.04, 
   24.029, 0.4664, 0.5782,  3.86172,  3.88105,     0.00,  24.85,   0.04, 
   24.033, 0.4664, 0.5782,  3.86190,  3.88105,     0.00,  24.85,   0.04, 
   24.036, 0.4664, 0.5782,  3.86208,  3.88105,     0.00,  24.85,   0.04, 
   24.040, 0.4664, 0.5782,  3.86228,  3.88105,     0.00,  24.85,   0.04, 
   24.045, 0.4664, 0.5782,  3.86249,  3.88105,     0.00,  24.85,   0.04, 
   24.050, 0.4664, 0.5782,  3.86270,  3.88105,     0.00,  24.85,   0.04, 
   24.055, 0.4664, 0.5782,  3.86293,  3.88105,     0.00,  24.85,   0.04, 
   24.061, 0.4664, 0.5782,  3.86317,  3.88105,     0.00,  24.85,   0.04, 
   24.067, 0.4664, 0.5782,  3.86341,  3.88105,     0.00,  24.85,   0.04, 
   24.074, 0.4664, 0.5782,  3.86367,  3.88105,     0.00,  24.85,   0.04, 
   24.082, 0.4664, 0.5782,  3.86395,  3.88105,     0.00,  24.85,   0.04, 
   24.090, 0.4664, 0.5782,  3.86423,  3.88105,     0.00,  24.85,   0.04, 
   24.100, 0.4664, 0.5782,  3.86453,  3.88105,     0.00,  24.85,   0.04, 
   24.110, 0.4664, 0.5782,  3.86484,  3.88105,     0.00,  24.85,   0.04, 
   24.121, 0.4664, 0.5782,  3.86516,  3.88105,     0.00,  24.85,   0.04, 
   24.134, 0.4664, 0.5782,  3.86550,  3.88105,     0.00,  24.85,   0.04, 
   24.148, 0.4664, 0.5782,  3.86585,  3.88105,     0.00,  24.85,   0.04, 
   24.163, 0.4664, 0.5782,  3.86622,  3.88105,     0.00,  24.85,   0.04, 
   24.179, 0.4664, 0.5782,  3.86660,  3.88105,     0.00,  24.85,   0.04, 
   24.197, 0.4664, 0.5782,  3.86700,  3.88105,     0.00,  24.85,   0.04, 
   24.218, 0.4664, 0.5782,  3.86741,  3.88105,     0.00,  24.85,   0.04, 
   24.240, 0.4664, 0.5782,  3.86784,  3.88105,     0.00,  24.85,   0.04, 
   24.264, 0.4664, 0.5782,  3.86828,  3.88105,     0.00,  24.85,   0.04, 
   24.291, 0.4664, 0.5782,  3.86873,  3.88105,     0.00,  24.85,   0.04, 
   24.320, 0.4664, 0.5782,  3.86920,  3.88105,     0.00,  24.85,   0.04, 
   24.352, 0.4664, 0.5782,  3.86968,  3.88105,     0.00,  24.85,   0.04, 
   24.388, 0.4664, 0.5782,  3.87017,  3.88105,     0.00,  24.85,   0.04, 
   24.427, 0.4664, 0.5782,  3.87067,  3.88105,     0.00,  24.85,   0.04, 
   24.470, 0.4664, 0.5782,  3.87117,  3.88105,     0.00,  24.85,   0.04, 
   24.517, 0.4664, 0.5782,  3.87168,  3.88105,     0.00,  24.85,   0.04, 
   24.570, 0.4664, 0.5782,  3.87220,  3.88105,     0.00,  24.85,   0.04, 
   24.627, 0.4664, 0.5782,  3.87271,  3.88105,     0.00,  24.85,   0.04, 
   24.690, 0.4664, 0.5782,  3.87323,  3.88105,     0.00,  24.85,   0.03, 
   24.759, 0.4664, 0.5782,  3.87374,  3.88105,     0.00,  24.85,   0.03, 
   24.835, 0.4664, 0.5782,  3.87424,  3.88105,     0.00,  24.85,   0.03, 
   24.919, 0.4664, 0.5782,  3.87474,  3.88105,     0.00,  24.85,   0.03, 
   25.012, 0.4664, 0.5782,  3.87522,  3.88105,     0.00,  24.85,   0.03, 
   25.113, 0.4664, 0.5782,  3.87569,  3.88105,     0.00,  24.85,   0.03, 
   25.225, 0.4664, 0.5782,  3.87614,  3.88105,     0.00,  24.85,   0.03, 
   25.348, 0.4664, 0.5782,  3.87657,  3.88105,     0.00,  24.85,   0.02, 
   25.483, 0.4664, 0.5782,  3.87699,  3.88105,     0.00,  24.85,   0.02, 
   25.631, 0.4664, 0.5782,  3.87738,  3.88105,     0.00,  24.85,   0.02, 
   25.795, 0.4664, 0.5782,  3.87775,  3.88105,     0.00,  24.85,   0.02, 
   25.974, 0.4664, 0.5782,  3.87810,  3.88105,     0.00,  24.85,   0.02, 
   26.172, 0.4664, 0.5782,  3.87842,  3.88105,     0.00,  24.85,   0.02, 
   26.390, 0.4664, 0.5782,  3.87871,  3.88105,     0.00,  24.85,   0.01, 
   26.629, 0.4664, 0.5782,  3.87899,  3.88105,     0.00,  24.85,   0.01, 
   26.892, 0.4664, 0.5782,  3.87924,  3.88105,     0.00,  24.85,   0.01, 
   27.182, 0.4664, 0.5782,  3.87946,  3.88105,     0.00,  24.85,   0.01, 
   27.501, 0.4664, 0.5782,  3.87967,  3.88105,     0.00,  24.85,   0.01, 
   27.851, 0.4664, 0.5782,  3.87985,  3.88105,     0.00,  24.85,   0.01, 
   28.236, 0.4664, 0.5782,  3.88002,  3.88105,     0.00,  24.85,   0.01, 
   28.660, 0.4664, 0.5782,  3.88016,  3.88105,     0.00,  24.85,   0.00, 
   29.127, 0.4664, 0.5782,  3.88029,  3.88105,     0.00,  24.85,   0.00, 
   29.640, 0.4664, 0.5782,  3.88041,  3.88105,     0.00,  24.85,   0.00, 
   30.153, 0.4664, 0.5782,  3.88050,  3.88105,     0.00,  24.85,   0.00, 
   30.666, 0.4664, 0.5782,  3.88058,  3.88105,     0.00,  24.85,   0.00, 
   31.179, 0.4664, 0.5782,  3.88064,  3.88105,     0.00,  24.85,   0.00, 
   31.692, 0.4664, 0.5782,  3.88070,  3.88105,     0.00,  24.85,   0.00, 
   32.205, 0.4664, 0.5782,  3.88074,  3.88105,     0.00,  24.85,   0.00, 
   32.718, 0.4664, 0.5782,  3.88078,  3.88105,     0.00,  24.85,   0.00, 
   33.231, 0.4664, 0.5782,  3.88081,  3.88105,     0.00,  24.85,   0.00, 
   33.744, 0.4664, 0.5782,  3.88084,  3.88105,     0.00,  24.85,   0.00, 
   34.257, 0.4664, 0.5782,  3.88086,  3.88105,     0.00,  24.85,   0.00, 
   34.770, 0.4664, 0.5782,  3.88088,  3.88105,     0.00,  24.85,   0.00, 
   35.283, 0.4664, 0.5782,  3.88090,  3.88105,     0.00,  24.85,   0.00, 
   35.796, 0.4664, 0.5782,  3.88092,  3.88105,     0.00,  24.85,   0.00, 
   36.309, 0.4664, 0.5782,  3.88093,  3.88105,     0.00,  24.85,   0.00, 
   36.822, 0.4664, 0.5782,  3.88094,  3.88105,     0.00,  24.85,   0.00, 
   37.335, 0.4664, 0.5782,  3.88095,  3.88105,     0.00,  24.85,   0.00, 
   37.848, 0.4664, 0.5782,  3.88096,  3.88105,     0.00,  24.85,   0.00, 
   38.361, 0.4664, 0.5782,  3.88097,  3.88105,     0.00,  24.85,   0.00, 
   38.874, 0.4664, 0.5782,  3.88098,  3.88105,     0.00,  24.85,   0.00, 
   39.387, 0.4664, 0.5782,  3.88099,  3.88105,     0.00,  24.85,   0.00, 
   39.900, 0.4664, 0.5782,  3.88099,  3.88105,     0.00,  24.85,   0.00, 
   40.413, 0.4664, 0.5782,  3.88100,  3.88105,     0.00,  24.85,   0.00, 
   40.926, 0.4664, 0.5782,  3.88100,  3.88105,     0.00,  24.85,   0.00, 
   41.439, 0.4664, 0.5782,  3.88101,  3.88105,     0.00,  24.85,   0.00, 
   41.952, 0.4664, 0.5782,  3.88101,  3.88105,     0.00,  24.85,   0.00, 
   42.465, 0.4664, 0.5782,  3.88101,  3.88105,     0.00,  24.85,   0.00, 
   42.978, 0.4664, 0.5782,  3.88102,  3.88105,     0.00,  24.85,   0.00, 
   43.491, 0.4664, 0.5782,  3.88102,  3.88105,     0.00,  24.85,   0.00, 
   44.004, 0.4664, 0.5782,  3.88102,  3.88105,     0.00,  24.85,   0.00, 
   44.517, 0.4664, 0.5782,  3.88103,  3.88105,     0.00,  24.85,   0.00, 
   45.030, 0.4664, 0.5782,  3.88103,  3.88105,     0.00,  24.85,   0.00, 
   45.543, 0.4664, 0.5782,  3.88103,  3.88105,     0.00,  24.85,   0.00, 
   46.056, 0.4664, 0.5782,  3.88103,  3.88105,     0.00,  24.85,   0.00, 
   46.569, 0.4664, 0.5782,  3.88103,  3.88105,     0.00,  24.85,   0.00, 
   47.082, 0.4664, 0.5782,  3.88103,  3.88105,     0.00,  24.85,   0.00, 
   47.595, 0.4664, 0.5782,  3.88104,  3.88105,     0.00,  24.85,   0.00, 
   48.108, 0.4664, 0.5782,  3.88104,  3.88105,     0.00,  24.85,   0.00, 
   48.621, 0.4664, 0.5782,  3.88104,  3.88105,     0.00,  24.85,   0.00, 
   49.134, 0.4664, 0.5782,  3.88104,  3.88105,     0.00,  24.85,   0.00, 
   49.647, 0.4664, 0.5782,  3.88104,  3.88105,     0.00,  24.85,   0.00, 
   50.160, 0.4664, 0.5782,  3.88104,  3.88105,     0.00,  24.85,   0.00, 
   50.673, 0.4664, 0.5782,  3.88104,  3.88105,     0.00,  24.85,   0.00, 
   51.186, 0.4664, 0.5782,  3.88104,  3.88105,     0.00,  24.85,   0.00, 
   51.699, 0.4664, 0.5782,  3.88104,  3.88105,     0.00,  24.85,   0.00, 
   52.212, 0.4664, 0.5782,  3.88104,  3.88105,     0.00,  24.85,   0.00, 
   52.725, 0.4664, 0.5782,  3.88104,  3.88105,     0.00,  24.85,   0.00, 
   53.238, 0.4664, 0.5782,  3.88104,  3.88105,     0.00,  24.85,   0.00, 
   53.751, 0.4664, 0.5782,  3.88104,  3.88105,     0.00,  24.85,   0.00, 
   54.264, 0.4664, 0.5782,  3.88105,  3.88105,     0.00,  24.85,   0.00, 
   54.777, 0.4664, 0.5782,  3.88105,  3.88105,     0.00,  24.85,   0.00, 
   55.290, 0.4664, 0.5782,  3.88105,  3.88105,     0.00,  24.85,   0.00, 
   55.803, 0.4664, 0.5782,  3.88105,  3.88105,     0.00,  24.85,   0.00, 
   56.316, 0.4664, 0.5782,  3.88105,  3.88105,     0.00,  24.85,   0.00, 
   56.829, 0.4664, 0.5782,  3.88105,  3.88105,     0.00,  24.85,   0.00, 
   57.342, 0.4664, 0.5782,  3.88105,  3.88105,     0.00,  24.85,   0.00, 
   57.855, 0.4664, 0.5782,  3.88105,  3.88105,     0.00,  24.85,   0.00, 
   58.368, 0.4664, 0.5782,  3.88105,  3.88105,     0.00,  24.85,   0.00, 
   58.881, 0.4664, 0.5782,  3.88105,  3.88105,     0.00,  24.85,   0.00, 
   59.394, 0.4664, 0.5782,  3.88105,  3.88105,     0.00,  24.85,   0.00, 
   59.907, 0.4664, 0.5782,  3.88105,  3.88105,     0.00,  24.85,   0.00, 
   60.420, 0.4664, 0.5782,  3.88105,  3.88105,     0.00,  24.85,   0.00, 
   60.933, 0.4664, 0.5782,  3.88105,  3.88105,     0.00,  24.85,   0.00, 
   61.446, 0.4664, 0.5782,  3.88105,  3.88105,     0.00,  24.85,   0.00, 
   61.959, 0.4664, 0.5782,  3.88105,  3.88105,     0.00,  24.85,   0.00, 
   62.472, 0.4664, 0.5782,  3.88105,  3.88105,     0.00,  24.85,   0.00, 
   62.984, 0.4664, 0.5782,  3.88105,  3.88105,     0.00,  24.85,   0.00, 
   63.497, 0.4664, 0.5782,  3.88105,  3.88105,     0.00,  24.85,   0.00, 
   64.010, 0.4664, 0.5782,  3.88105,  3.88105,     0.00,  24.85,   0.00, 
   64.523, 0.4664, 0.5782,  3.88105,  3.88105,     0.00,  24.85,   0.00, 
   65.036, 0.4664, 0.5782,  3.88105,  3.88105,     0.00,  24.85,   0.00, 
   65.549, 0.4664, 0.5782,  3.88105,  3.88105,     0.00,  24.85,   0.00, 
   66.062, 0.4664, 0.5782,  3.88105,  3.88105,     0.00,  24.85,   0.00, 
   66.575, 0.4664, 0.5782,  3.88105,  3.88105,     0.00,  24.85,   0.00, 
   67.088, 0.4664, 0.5782,  3.88105,  3.88105,     0.00,  24.85,   0.00, 
   67.601, 0.4664, 0.5782,  3.88105,  3.88105,     0.00,  24.85,   0.00, 
   68.114, 0.4664, 0.5782,  3.88105,  3.88105,     0.00,  24.85,   0.00, 
   68.627, 0.4664, 0.5782,  3.88105,  3.88105,     0.00,  24.85,   0.00, 
   69.140, 0.4664, 0.5782,  3.88105,  3.88105,     0.00,  24.85,   0.00, 
   69.653, 0.4664, 0.5782,  3.88105,  3.88105,     0.00,  24.85,   0.00, 
   70.166, 0.4664, 0.5782,  3.88105,  3.88105,     0.00,  24.85,   0.00, 
   70.679, 0.4664, 0.5782,  3.88105,  3.88105,     0.00,  24.85,   0.00, 
   71.192, 0.4664, 0.5782,  3.88105,  3.88105,     0.00,  24.85,   0.00, 
   71.705, 0.4664, 0.5782,  3.88105,  3.88105,     0.00,  24.85,   0.00, 
   72.218, 0.4664, 0.5782,  3.88105,  3.88105,     0.00,  24.85,   0.00, 
   72.731, 0.4664, 0.5782,  3.88105,  3.88105,     0.00,  24.85,   0.00, 
   73.244, 0.4664, 0.5782,  3.88105,  3.88105,     0.00,  24.85,   0.00, 
   73.757, 0.4664, 0.5782,  3.88105,  3.88105,     0.00,  24.85,   0.00, 
   74.270, 0.4664, 0.5782,  3.88105,  3.88105,     0.00,  24.85,   0.00, 
   74.783, 0.4664, 0.5782,  3.88105,  3.88105,     0.00,  24.85,   0.00, 
   75.296, 0.4664, 0.5782,  3.88105,  3.88105,     0.00,  24.85,   0.00, 
   75.809, 0.4664, 0.5782,  3.88105,  3.88105,     0.00,  24.85,   0.00, 
   76.322, 0.4664, 0.5782,  3.88105,  3.88105,     0.00,  24.85,   0.00, 
   76.835, 0.4664, 0.5782,  3.88105,  3.88105,     0.00,  24.85,   0.00, 
   77.348, 0.4664, 0.5782,  3.88105,  3.88105,     0.00,  24.85,   0.00, 
   77.861, 0.4664, 0.5782,  3.88105,  3.88105,     0.00,  24.85,   0.00, 
   78.374, 0.4664, 0.5782,  3.88105,  3.88105,     0.00,  24.85,   0.00, 
   78.887, 0.4664, 0.5782,  3.88105,  3.88105,     0.00,  24.85,   0.00, 
   79.400, 0.4664, 0.5782,  3.88105,  3.88105,     0.00,  24.85,   0.00, 
   79.913, 0.4664, 0.5782,  3.88105,  3.88105,     0.00,  24.85,   0.00, 
   80.426, 0.4664, 0.5782,  3.88105,  3.88105,     0.00,  24.85,   0.00, 
   80.939, 0.4664, 0.5782,  3.88105,  3.88105,     0.00,  24.85,   0.00, 
   81.452, 0.4664, 0.5782,  3.88105,  3.88105,     0.00,  24.85,   0.00, 
   81.965, 0.4664, 0.5782,  3.88105,  3.88105,     0.00,  24.85,   0.00, 
   82.478, 0.4664, 0.5782,  3.88105,  3.88105,     0.00,  24.85,   0.00, 
   82.991, 0.4664, 0.5782,  3.88105,  3.88105,     0.00,  24.85,   0.00, 
   83.504, 0.4664, 0.5782,  3.88105,  3.88105,     0.00,  24.85,   0.00, 
   84.017, 0.4664, 0.5782,  3.88105,  3.88105,     0.00,  24.85,   0.00, 
   84.530, 0.4664, 0.5782,  3.88105,  3.88105,     0.00,  24.85,   0.00, 
   85.043, 0.4664, 0.5782,  3.88105,  3.88105,     0.00,  24.85,   0.00, 
   85.556, 0.4664, 0.5782,  3.88105,  3.88105,     0.00,  24.85,   0.00, 
   86.069, 0.4664, 0.5782,  3.88105,  3.88105,     0.00,  24.85,   0.00, 
   86.582, 0.4664, 0.5782,  3.88105,  3.88105,     0.00,  24.85,   0.00, 
   87.095, 0.4664, 0.5782,  3.88105,  3.88105,     0.00,  24.85,   0.00, 
   87.608, 0.4664, 0.5782,  3.88105,  3.88105,     0.00,  24.85,   0.00, 
   88.121, 0.4664, 0.5782,  3.88105,  3.88105,     0.00,  24.85,   0.00, 
   88.634, 0.4664, 0.5782,  3.88105,  3.88105,     0.00,  24.85,   0.00, 
   89.147, 0.4664, 0.5782,  3.88105,  3.88105,     0.00,  24.85,   0.00, 
   89.660, 0.4664, 0.5782,  3.88105,  3.88105,     0.00,  24.85,   0.00, 
   90.173, 0.4664, 0.5782,  3.88105,  3.88105,     0.00,  24.85,   0.00, 
   90.686, 0.4664, 0.5782,  3.88105,  3.88105,     0.00,  24.85,   0.00, 
   91.199, 0.4664, 0.5782,  3.88105,  3.88105,     0.00,  24.85,   0.00, 
   91.712, 0.4664, 0.5782,  3.88105,  3.88105,     0.00,  24.85,   0.00, 
   92.225, 0.4664, 0.5782,  3.88105,  3.88105,     0.00,  24.85,   0.00, 
   92.738, 0.4664, 0.5782,  3.88105,  3.88105,     0.00,  24.85,   0.00, 
   93.251, 0.4664, 0.5782,  3.88105,  3.88105,     0.00,  24.85,   0.00, 
   93.764, 0.4664, 0.5782,  3.88105,  3.88105,     0.00,  24.85,   0.00, 
   94.277, 0.4664, 0.5782,  3.88105,  3.88105,     0.00,  24.85,   0.00, 
   94.790, 0.4664, 0.5782,  3.88105,  3.88105,     0.00,  24.85,   0.00, 
   95.303, 0.4664, 0.5782,  3.88105,  3.88105,     0.00,  24.85,   0.00, 
   95.816, 0.4664, 0.5782,  3.88105,  3.88105,     0.00,  24.85,   0.00, 
   96.329, 0.4664, 0.5782,  3.88105,  3.88105,     0.00,  24.85,   0.00, 
   96.842, 0.4664, 0.5782,  3.88105,  3.88105,     0.00,  24.85,   0.00, 
   97.355, 0.4664, 0.5782,  3.88105,  3.88105,     0.00,  24.85,   0.00, 
   97.868, 0.4664, 0.5782,  3.88105,  3.88105,     0.00,  24.85,   0.00, 
   98.381, 0.4664, 0.5782,  3.88105,  3.88105,     0.00,  24.85,   0.00, 
   98.894, 0.4664, 0.5782,  3.88105,  3.88105,     0.00,  24.85,   0.00, 
   99.407, 0.4664, 0.5782,  3.88105,  3.88105,     0.00,  24.85,   0.00, 
   99.920, 0.4664, 0.5782,  3.88105,  3.88105,     0.00,  24.85,   0.00, 
  100.433, 0.4664, 0.5782,  3.88105,  3.88105,     0.00,  24.85,   0.00, 
  100.946, 0.4664, 0.5782,  3.88105,  3.88105,     0.00,  24.85,   0.00, 
  101.459, 0.4664, 0.5782,  3.88105,  3.88105,     0.00,  24.85,   0.00, 
  101.972, 0.4664, 0.5782,  3.88105,  3.88105,     0.00,  24.85,   0.00, 
  102.485, 0.4664, 0.5782,  3.88105,  3.88105,     0.00,  24.85,   0.00, 
  102.998, 0.4664, 0.5782,  3.88105,  3.88105,     0.00,  24.85,   0.00, 
  103.511, 0.4664, 0.5782,  3.88105,  3.88105,     0.00,  24.85,   0.00, 
  104.024, 0.4664, 0.5782,  3.88105,  3.88105,     0.00,  24.85,   0.00, 
  104.537, 0.4664, 0.5782,  3.88105,  3.88105,     0.00,  24.85,   0.00, 
  105.050, 0.4664, 0.5782,  3.88105,  3.88105,     0.00,  24.85,   0.00, 
  105.563, 0.4664, 0.5782,  3.88105,  3.88105,     0.00,  24.85,   0.00, 
  106.076, 0.4664, 0.5782,  3.88105,  3.88105,     0.00,  24.85,   0.00, 
  106.589, 0.4664, 0.5782,  3.88105,  3.88105,     0.00,  24.85,   0.00, 
  107.102, 0.4664, 0.5782,  3.88105,  3.88105,     0.00,  24.85,   0.00, 
  107.615, 0.4664, 0.5782,  3.88105,  3.88105,     0.00,  24.85,   0.00, 
  108.128, 0.4664, 0.5782,  3.88105,  3.88105,     0.00,  24.85,   0.00, 
  108.641, 0.4664, 0.5782,  3.88105,  3.88105,     0.00,  24.85,   0.00, 
  109.154, 0.4664, 0.5782,  3.88105,  3.88105,     0.00,  24.85,   0.00, 
  109.667, 0.4664, 0.5782,  3.88105,  3.88105,     0.00,  24.85,   0.00, 
  110.180, 0.4664, 0.5782,  3.88105,  3.88105,     0.00,  24.85,   0.00, 
  110.693, 0.4664, 0.5782,  3.88105,  3.88105,     0.00,  24.85,   0.00, 
  111.206, 0.4664, 0.5782,  3.88105,  3.88105,     0.00,  24.85,   0.00, 
  111.719, 0.4664, 0.5782,  3.88105,  3.88105,     0.00,  24.85,   0.00, 
  112.232, 0.4664, 0.5782,  3.88105,  3.88105,     0.00,  24.85,   0.00, 
  112.745, 0.4664, 0.5782,  3.88105,  3.88105,     0.00,  24.85,   0.00, 
  113.258, 0.4664, 0.5782,  3.88105,  3.88105,     0.00,  24.85,   0.00, 
  113.771, 0.4664, 0.5782,  3.88105,  3.88105,     0.00,  24.85,   0.00, 
  114.284, 0.4664, 0.5782,  3.88105,  3.88105,     0.00,  24.85,   0.00, 
  114.797, 0.4664, 0.5782,  3.88105,  3.88105,     0.00,  24.85,   0.00, 
  115.310, 0.4664, 0.5782,  3.88105,  3.88105,     0.00,  24.85,   0.00, 
  115.823, 0.4664, 0.5782,  3.88105,  3.88105,     0.00,  24.85,   0.00, 
  116.336, 0.4664, 0.5782,  3.88105,  3.88105,     0.00,  24.85,   0.00, 
  116.849, 0.4664, 0.5782,  3.88105,  3.88105,     0.00,  24.85,   0.00, 
  117.362, 0.4664, 0.5782,  3.88105,  3.88105,     0.00,  24.85,   0.00, 
  117.875, 0.4664, 0.5782,  3.88105,  3.88105,     0.00,  24.85,   0.00, 
  118.388, 0.4664, 0.5782,  3.88105,  3.88105,     0.00,  24.85,   0.00, 
  118.901, 0.4664, 0.5782,  3.88105,  3.88105,     0.00,  24.85,   0.00, 
  119.414, 0.4664, 0.5782,  3.88105,  3.88105,     0.00,  24.85,   0.00, 
  119.927, 0.4664, 0.5782,  3.88105,  3.88105,     0.00,  24.85,   0.00, 
  120.440, 0.4664, 0.5782,  3.88105,  3.88105,     0.00,  24.85,   0.00, 
  120.953, 0.4664, 0.5782,  3.88105,  3.88105,     0.00,  24.85,   0.00, 
  121.466, 0.4664, 0.5782,  3.88105,  3.88105,     0.00,  24.85,   0.00, 
  121.979, 0.4664, 0.5782,  3.88105,  3.88105,     0.00,  24.85,   0.00, 
  122.492, 0.4664, 0.5782,  3.88105,  3.88105,     0.00,  24.85,   0.00, 
  123.005, 0.4664, 0.5782,  3.88105,  3.88105,     0.00,  24.85,   0.00, 
  123.518, 0.4664, 0.5782,  3.88105,  3.88105,     0.00,  24.85,   0.00, 
  124.000, 0.4664, 0.5782,  3.88105,  3.88105,     0.00,  24.85,   0.00, 

            mass  =  0.8166 kg/m2
 specific energy segment =     0.00 W-h/kg
 specific power segment  =     0.00 W/kg
 total heat =          0.2812 W-h/m2
  
