     50  lim, limit on number of iterations
 100.00  h1,  thickness of negative electrode (microns)
  25.00  h2,  thickness of separator (microns)
 100.00  h3,  thickness of positive electrode (microns)
  25.00  hcn, thickness of negative electrode current collector (microns)
  25.00  hcp, thickness of positive electrode current collector (microns)
     80  n1,  number of nodes in negative electrode
     40  n2,  number of nodes in separator
     80  n3,  number of nodes in positive electrode
 298.00  T,   temperature (K)

 1000.0  xx(1,n1+2), initial concentration (mol/m3)
 0.6000  csx,   initial stoichiometric parameter for negative
 0.5000  csy,   initial stoichiometric parameter for positive
   30.0  tmmax, maximum time step size (s)
 .4E-13  dfs1, diffusion coefficient in negative solid (m2/s)
 .1E-12  dfs3, diffusion coefficient in positive solid (m2/s)
  10.00  Rad1,  radius of negative particles (microns)
  10.00  Rad3,  radius of positive particles (microns)

  0.300  ep1,   volume fraction of electrolyte in negative electrode
  0.000  epp1,  volume fraction of polymer phase in negative electrode
  0.100  epf1,  volume fraction of inert filler in negative electrode
  1.000  ep2,   volume fraction of electrolyte in separator
  0.000  epp2,  volume fraction of polymer phase in separator
  0.300  ep3,   volume fraction of electrolyte in positive electrode
  0.000  epp3,  volume fraction of polymer phase in positive electrode
  0.200  epf3,  volume fraction of inert filler in positive electrode
 0.10E+03  sig1,  conductivity of negative matrix (S/m)
  10.      sig3,  conductivity of positive matrix (S/m)
  372.00  cot1,  coulombic capacity of negative material (mAh/g)
  274.00  cot3,  coulombic capacity of positive material (mAh/g)
 .1E-04  rka1,  reaction rate constant for negative reaction 
 .3E-10  rka3,  reaction rate constant for positive reaction

 1324.0  re,   density of electrolyte (kg/m3)
 1800.0  rs1,  density of negative insertion material (kg/m3)
 5010.0  rs3,  density of positive insertion material (kg/m3)
 1800.0  rf,   density of inert filler (kg/m3)
 1780.0  rpl,  density of polymer phase (kg/m3)
    0.0  rc,   density of separator material (kg/m3)
 8954.0  rcn,  density of negative current collector (kg/m3)
 2707.0  rcp,  density of positive current collector (kg/m3)

   0.001000  ranode,   anode film resistance (ohm-m2)
   0.000000  rcathde,  cathode film resistance (ohm-m2)
   0.00  htc,   heat-transfer coefficient with external medium (W/m2K)
   0.000000  dUdT,  temperature coefficient of EMF (V/K)
 2000.0  Cp,    heat capacity of cell (J/kg-K)
   0.00  residm,    residual mass (kg/m2)
 298.00  Tam,   ambient temperature (K)
      1  ncell, number of cells in a cell stack
      2  lht,   0 uses htc,  1 calcs htc,  2 isothermal

      0    nside, side reaction flag 

      1  il1,   1 for long print-out  0 for short print-out
     10  il2,   prints every il2 th node in long print-out
     10  il3,   prints every il3 th time step in long print-out
      1  lflag, 0 for electrolyte in separator only, 1 for uniform
      0  imp, 0 for no impedance, 1 for impedance
   0.00  capp1,  capacitance of negative material (F/m2)
   0.00  capp3,  capacitance of positive material (F/m2)
      3  lcurs, number of current changes
  
 MCMB 2528 Graphite (Bellcore)
 LiPF6 in EC:DMC
 LiCoO2 (Cobalt dioxide)
 open-circuit potential, negative   0.178978294
 delta S negative   0.
 open-circuit potential, positive   4.24165195
 delta S positive   0.
  
      DUAL INSERTION CELL VERSION 5.1
  
   Time     Util N  Util P  Cell Pot   Uocp      Curr      Temp   heatgen
   (min)       x       y      (V)       (V)      (A/m2)    (C)    (W/m2)
  
    0.000, 0.6000, 0.5000,  4.06267,  4.06267,     0.00,  24.85,   0.00, 
    0.001, 0.6000, 0.5000,  4.06267,  4.06267,     0.00,  24.85,   0.00, 
    0.001, 0.6000, 0.5000,  4.06267,  4.06267,     0.00,  24.85,   0.00, 
    0.001, 0.6000, 0.5000,  4.06267,  4.06267,     0.00,  24.85,   0.00, 
    0.002, 0.6000, 0.5000,  4.06267,  4.06267,     0.00,  24.85,   0.00, 
    0.002, 0.6000, 0.5000,  4.06267,  4.06267,     0.00,  24.85,   0.00, 
    0.003, 0.6000, 0.5000,  4.06267,  4.06267,     0.00,  24.85,   0.00, 
    0.003, 0.6000, 0.5000,  4.06267,  4.06267,     0.00,  24.85,   0.00, 
    0.004, 0.6000, 0.5000,  4.06267,  4.06267,     0.00,  24.85,   0.00, 
    0.005, 0.6000, 0.5000,  4.06267,  4.06267,     0.00,  24.85,   0.00, 
    0.006, 0.6000, 0.5000,  4.06267,  4.06267,     0.00,  24.85,   0.00, 
    0.007, 0.6000, 0.5000,  4.06267,  4.06267,     0.00,  24.85,   0.00, 
    0.007, 0.6000, 0.5000,  4.06267,  4.06267,     0.00,  24.85,   0.00, 
    0.009, 0.6000, 0.5000,  4.06267,  4.06267,     0.00,  24.85,   0.00, 
    0.010, 0.6000, 0.5000,  4.06267,  4.06267,     0.00,  24.85,   0.00, 
    0.011, 0.6000, 0.5000,  4.06267,  4.06267,     0.00,  24.85,   0.00, 
    0.012, 0.6000, 0.5000,  4.06267,  4.06267,     0.00,  24.85,   0.00, 
    0.014, 0.6000, 0.5000,  4.06267,  4.06267,     0.00,  24.85,   0.00, 
    0.016, 0.6000, 0.5000,  4.06267,  4.06267,     0.00,  24.85,   0.00, 
    0.017, 0.6000, 0.5000,  4.06267,  4.06267,     0.00,  24.85,   0.00, 
    0.019, 0.6000, 0.5000,  4.06267,  4.06267,     0.00,  24.85,   0.00, 
    0.022, 0.6000, 0.5000,  4.06267,  4.06267,     0.00,  24.85,   0.00, 
    0.024, 0.6000, 0.5000,  4.06267,  4.06267,     0.00,  24.85,   0.00, 
    0.027, 0.6000, 0.5000,  4.06267,  4.06267,     0.00,  24.85,   0.00, 
    0.030, 0.6000, 0.5000,  4.06267,  4.06267,     0.00,  24.85,   0.00, 
    0.033, 0.6000, 0.5000,  4.06267,  4.06267,     0.00,  24.85,   0.00, 
    0.037, 0.6000, 0.5000,  4.06267,  4.06267,     0.00,  24.85,   0.00, 
    0.041, 0.6000, 0.5000,  4.06267,  4.06267,     0.00,  24.85,   0.00, 
    0.045, 0.6000, 0.5000,  4.06267,  4.06267,     0.00,  24.85,   0.00, 
    0.050, 0.6000, 0.5000,  4.06267,  4.06267,     0.00,  24.85,   0.00, 
    0.055, 0.6000, 0.5000,  4.06267,  4.06267,     0.00,  24.85,   0.00, 
    0.061, 0.6000, 0.5000,  4.06267,  4.06267,     0.00,  24.85,   0.00, 
    0.067, 0.6000, 0.5000,  4.06267,  4.06267,     0.00,  24.85,   0.00, 
    0.074, 0.6000, 0.5000,  4.06267,  4.06267,     0.00,  24.85,   0.00, 
    0.082, 0.6000, 0.5000,  4.06267,  4.06267,     0.00,  24.85,   0.00, 
    0.091, 0.6000, 0.5000,  4.06267,  4.06267,     0.00,  24.85,   0.00, 
    0.100, 0.6000, 0.5000,  4.06267,  4.06267,     0.00,  24.85,   0.00, 
    0.110, 0.6000, 0.5000,  4.06267,  4.06267,     0.00,  24.85,   0.00, 
    0.122, 0.6000, 0.5000,  4.06267,  4.06267,     0.00,  24.85,   0.00, 
    0.134, 0.6000, 0.5000,  4.06267,  4.06267,     0.00,  24.85,   0.00, 
    0.148, 0.6000, 0.5000,  4.06267,  4.06267,     0.00,  24.85,   0.00, 
    0.163, 0.6000, 0.5000,  4.06267,  4.06267,     0.00,  24.85,   0.00, 
    0.180, 0.6000, 0.5000,  4.06267,  4.06267,     0.00,  24.85,   0.00, 
    0.198, 0.6000, 0.5000,  4.06267,  4.06267,     0.00,  24.85,   0.00, 
    0.218, 0.6000, 0.5000,  4.06267,  4.06267,     0.00,  24.85,   0.00, 
    0.240, 0.6000, 0.5000,  4.06267,  4.06267,     0.00,  24.85,   0.00, 
    0.264, 0.6000, 0.5000,  4.06267,  4.06267,     0.00,  24.85,   0.00, 
    0.291, 0.6000, 0.5000,  4.06267,  4.06267,     0.00,  24.85,   0.00, 
    0.320, 0.6000, 0.5000,  4.06267,  4.06267,     0.00,  24.85,   0.00, 
    0.353, 0.6000, 0.5000,  4.06267,  4.06267,     0.00,  24.85,   0.00, 
    0.388, 0.6000, 0.5000,  4.06267,  4.06267,     0.00,  24.85,   0.00, 
    0.427, 0.6000, 0.5000,  4.06267,  4.06267,     0.00,  24.85,   0.00, 
    0.470, 0.6000, 0.5000,  4.06267,  4.06267,     0.00,  24.85,   0.00, 
    0.518, 0.6000, 0.5000,  4.06267,  4.06267,     0.00,  24.85,   0.00, 
    0.570, 0.6000, 0.5000,  4.06267,  4.06267,     0.00,  24.85,   0.00, 
    0.627, 0.6000, 0.5000,  4.06267,  4.06267,     0.00,  24.85,   0.00, 
    0.690, 0.6000, 0.5000,  4.06267,  4.06267,     0.00,  24.85,   0.00, 
    0.760, 0.6000, 0.5000,  4.06267,  4.06267,     0.00,  24.85,   0.00, 
    0.836, 0.6000, 0.5000,  4.06267,  4.06267,     0.00,  24.85,   0.00, 
    0.920, 0.6000, 0.5000,  4.06267,  4.06267,     0.00,  24.85,   0.00, 
    1.012, 0.6000, 0.5000,  4.06267,  4.06267,     0.00,  24.85,   0.00, 
    1.113, 0.6000, 0.5000,  4.06267,  4.06267,     0.00,  24.85,   0.00, 
    1.225, 0.6000, 0.5000,  4.06267,  4.06267,     0.00,  24.85,   0.00, 
    1.348, 0.6000, 0.5000,  4.06267,  4.06267,     0.00,  24.85,   0.00, 
    1.483, 0.6000, 0.5000,  4.06267,  4.06267,     0.00,  24.85,   0.00, 
    1.632, 0.6000, 0.5000,  4.06267,  4.06267,     0.00,  24.85,   0.00, 
    1.795, 0.6000, 0.5000,  4.06267,  4.06267,     0.00,  24.85,   0.00, 
    1.975, 0.6000, 0.5000,  4.06267,  4.06267,     0.00,  24.85,   0.00, 
    2.173, 0.6000, 0.5000,  4.06267,  4.06267,     0.00,  24.85,   0.00, 
    2.390, 0.6000, 0.5000,  4.06267,  4.06267,     0.00,  24.85,   0.00, 
    2.629, 0.6000, 0.5000,  4.06267,  4.06267,     0.00,  24.85,   0.00, 
    2.893, 0.6000, 0.5000,  4.06267,  4.06267,     0.00,  24.85,   0.00, 
    3.182, 0.6000, 0.5000,  4.06267,  4.06267,     0.00,  24.85,   0.00, 
    3.501, 0.6000, 0.5000,  4.06267,  4.06267,     0.00,  24.85,   0.00, 
    3.851, 0.6000, 0.5000,  4.06267,  4.06267,     0.00,  24.85,   0.00, 
    4.237, 0.6000, 0.5000,  4.06267,  4.06267,     0.00,  24.85,   0.00, 
    4.661, 0.6000, 0.5000,  4.06267,  4.06267,     0.00,  24.85,   0.00, 
    5.127, 0.6000, 0.5000,  4.06267,  4.06267,     0.00,  24.85,   0.00, 
    5.640, 0.6000, 0.5000,  4.06267,  4.06267,     0.00,  24.85,   0.00, 
    6.153, 0.6000, 0.5000,  4.06267,  4.06267,     0.00,  24.85,   0.00, 
    6.666, 0.6000, 0.5000,  4.06267,  4.06267,     0.00,  24.85,   0.00, 
    7.179, 0.6000, 0.5000,  4.06267,  4.06267,     0.00,  24.85,   0.00, 
    7.692, 0.6000, 0.5000,  4.06267,  4.06267,     0.00,  24.85,   0.00, 
    8.205, 0.6000, 0.5000,  4.06267,  4.06267,     0.00,  24.85,   0.00, 
    8.718, 0.6000, 0.5000,  4.06267,  4.06267,     0.00,  24.85,   0.00, 
    9.231, 0.6000, 0.5000,  4.06267,  4.06267,     0.00,  24.85,   0.00, 
    9.744, 0.6000, 0.5000,  4.06267,  4.06267,     0.00,  24.85,   0.00, 
   10.000, 0.6000, 0.5000,  4.06267,  4.06267,     0.00,  24.85,   0.00, 
   10.000, 0.6000, 0.5000,  4.03743,  4.06267,    23.00,  24.85,   0.58, 
 specific energy segment =     0.00 W-h/kg
 specific power segment  =     0.00 W/kg
 total heat =          0.0000 W-h/m2
  
   10.000, 0.6000, 0.5000,  4.03743,  4.06267,    23.00,  24.85,   0.58, 
   10.000, 0.6000, 0.5000,  4.03730,  4.06267,    23.00,  24.85,   0.58, 
   10.001, 0.6000, 0.5000,  4.03721,  4.06267,    23.00,  24.85,   0.59, 
   10.001, 0.6000, 0.5000,  4.03714,  4.06267,    23.00,  24.85,   0.59, 
   10.002, 0.6000, 0.5000,  4.03707,  4.06267,    23.00,  24.85,   0.59, 
   10.002, 0.6000, 0.5000,  4.03701,  4.06266,    23.00,  24.85,   0.59, 
   10.003, 0.6000, 0.5000,  4.03695,  4.06266,    23.00,  24.85,   0.59, 
   10.003, 0.6000, 0.5000,  4.03689,  4.06266,    23.00,  24.85,   0.59, 
   10.004, 0.6000, 0.5000,  4.03682,  4.06265,    23.00,  24.85,   0.59, 
   10.005, 0.6000, 0.5000,  4.03676,  4.06265,    23.00,  24.85,   0.60, 
   10.005, 0.5999, 0.5000,  4.03669,  4.06265,    23.00,  24.85,   0.60, 
   10.006, 0.5999, 0.5000,  4.03662,  4.06264,    23.00,  24.85,   0.60, 
   10.007, 0.5999, 0.5000,  4.03655,  4.06264,    23.00,  24.85,   0.60, 
   10.008, 0.5999, 0.5000,  4.03648,  4.06263,    23.00,  24.85,   0.60, 
   10.009, 0.5999, 0.5001,  4.03640,  4.06262,    23.00,  24.85,   0.60, 
   10.011, 0.5999, 0.5001,  4.03632,  4.06262,    23.00,  24.85,   0.60, 
   10.012, 0.5999, 0.5001,  4.03624,  4.06261,    23.00,  24.85,   0.61, 
   10.014, 0.5999, 0.5001,  4.03615,  4.06260,    23.00,  24.85,   0.61, 
   10.015, 0.5999, 0.5001,  4.03606,  4.06259,    23.00,  24.85,   0.61, 
   10.017, 0.5998, 0.5001,  4.03596,  4.06258,    23.00,  24.85,   0.61, 
   10.019, 0.5998, 0.5001,  4.03586,  4.06257,    23.00,  24.85,   0.61, 
   10.021, 0.5998, 0.5001,  4.03575,  4.06256,    23.00,  24.85,   0.62, 
   10.024, 0.5998, 0.5001,  4.03564,  4.06255,    23.00,  24.85,   0.62, 
   10.027, 0.5997, 0.5001,  4.03552,  4.06253,    23.00,  24.85,   0.62, 
   10.029, 0.5997, 0.5002,  4.03539,  4.06252,    23.00,  24.85,   0.62, 
   10.033, 0.5997, 0.5002,  4.03526,  4.06250,    23.00,  24.85,   0.63, 
   10.036, 0.5997, 0.5002,  4.03512,  4.06248,    23.00,  24.85,   0.63, 
   10.040, 0.5996, 0.5002,  4.03497,  4.06246,    23.00,  24.85,   0.63, 
   10.045, 0.5996, 0.5002,  4.03481,  4.06243,    23.00,  24.85,   0.64, 
   10.050, 0.5995, 0.5003,  4.03465,  4.06241,    23.00,  24.85,   0.64, 
   10.055, 0.5995, 0.5003,  4.03447,  4.06238,    23.00,  24.85,   0.64, 
   10.061, 0.5994, 0.5003,  4.03429,  4.06235,    23.00,  24.85,   0.65, 
   10.067, 0.5994, 0.5004,  4.03409,  4.06232,    23.00,  24.85,   0.65, 
   10.074, 0.5993, 0.5004,  4.03388,  4.06228,    23.00,  24.85,   0.65, 
   10.082, 0.5992, 0.5005,  4.03367,  4.06224,    23.00,  24.85,   0.66, 
   10.090, 0.5991, 0.5005,  4.03343,  4.06219,    23.00,  24.85,   0.66, 
   10.100, 0.5990, 0.5006,  4.03319,  4.06214,    23.00,  24.85,   0.67, 
   10.110, 0.5990, 0.5006,  4.03293,  4.06209,    23.00,  24.85,   0.67, 
   10.121, 0.5988, 0.5007,  4.03266,  4.06203,    23.00,  24.85,   0.68, 
   10.134, 0.5987, 0.5007,  4.03237,  4.06196,    23.00,  24.85,   0.68, 
   10.148, 0.5986, 0.5008,  4.03206,  4.06189,    23.00,  24.85,   0.69, 
   10.163, 0.5984, 0.5009,  4.03174,  4.06181,    23.00,  24.85,   0.69, 
   10.179, 0.5983, 0.5010,  4.03140,  4.06172,    23.00,  24.85,   0.70, 
   10.197, 0.5981, 0.5011,  4.03104,  4.06163,    23.00,  24.85,   0.70, 
   10.218, 0.5979, 0.5012,  4.03066,  4.06152,    23.00,  24.85,   0.71, 
   10.240, 0.5977, 0.5013,  4.03026,  4.06141,    23.00,  24.85,   0.72, 
   10.264, 0.5975, 0.5015,  4.02983,  4.06128,    23.00,  24.85,   0.72, 
   10.291, 0.5972, 0.5016,  4.02939,  4.06114,    23.00,  24.85,   0.73, 
   10.320, 0.5969, 0.5018,  4.02892,  4.06099,    23.00,  24.85,   0.74, 
   10.352, 0.5966, 0.5020,  4.02842,  4.06082,    23.00,  24.85,   0.74, 
   10.388, 0.5963, 0.5022,  4.02791,  4.06064,    23.00,  24.85,   0.75, 
   10.427, 0.5959, 0.5024,  4.02737,  4.06044,    23.00,  24.85,   0.76, 
   10.470, 0.5955, 0.5026,  4.02680,  4.06022,    23.00,  24.85,   0.77, 
   10.517, 0.5951, 0.5029,  4.02620,  4.05998,    23.00,  24.85,   0.77, 
   10.570, 0.5946, 0.5032,  4.02558,  4.05972,    23.00,  24.85,   0.78, 
   10.627, 0.5940, 0.5035,  4.02493,  4.05943,    23.00,  24.85,   0.79, 
   10.690, 0.5934, 0.5039,  4.02425,  4.05912,    23.00,  24.85,   0.80, 
   10.759, 0.5928, 0.5042,  4.02354,  4.05877,    23.00,  24.85,   0.81, 
   10.835, 0.5920, 0.5047,  4.02279,  4.05840,    23.00,  24.85,   0.82, 
   10.919, 0.5912, 0.5051,  4.02200,  4.05799,    23.00,  24.85,   0.82, 
   11.012, 0.5903, 0.5056,  4.02116,  4.05755,    23.00,  24.85,   0.83, 
   11.113, 0.5894, 0.5062,  4.02025,  4.05706,    23.00,  24.85,   0.84, 
   11.225, 0.5883, 0.5068,  4.01928,  4.05653,    23.00,  24.85,   0.85, 
   11.348, 0.5871, 0.5075,  4.01821,  4.05596,    23.00,  24.85,   0.86, 
   11.483, 0.5859, 0.5083,  4.01701,  4.05533,    23.00,  24.85,   0.88, 
   11.631, 0.5844, 0.5091,  4.01564,  4.05464,    23.00,  24.85,   0.89, 
   11.795, 0.5829, 0.5100,  4.01404,  4.05388,    23.00,  24.85,   0.91, 
   11.974, 0.5812, 0.5110,  4.01213,  4.05303,    23.00,  24.85,   0.94, 
   12.172, 0.5793, 0.5121,  4.00978,  4.05208,    23.00,  24.85,   0.97, 
   12.390, 0.5772, 0.5133,  4.00681,  4.05098,    23.00,  24.85,   1.01, 
   12.629, 0.5749, 0.5147,  4.00297,  4.04964,    23.00,  24.85,   1.07, 
   12.892, 0.5724, 0.5162,  3.99796,  4.04793,    23.00,  24.85,   1.14, 
   13.182, 0.5696, 0.5178,  3.99160,  4.04557,    23.00,  24.85,   1.23, 
   13.501, 0.5666, 0.5196,  3.98413,  4.04212,    23.00,  24.85,   1.32, 
   13.851, 0.5633, 0.5215,  3.97651,  4.03687,    23.00,  24.85,   1.38, 
   14.236, 0.5596, 0.5237,  3.96989,  4.02924,    23.00,  24.85,   1.35, 
   14.660, 0.5555, 0.5260,  3.96477,  4.01973,    23.00,  24.85,   1.26, 
   15.127, 0.5511, 0.5286,  3.96079,  4.01053,    23.00,  24.85,   1.14, 
   15.640, 0.5462, 0.5315,  3.95720,  4.00374,    23.00,  24.85,   1.07, 
   16.153, 0.5413, 0.5344,  3.95360,  3.99967,    23.00,  24.85,   1.06, 
   16.666, 0.5364, 0.5372,  3.94954,  3.99683,    23.00,  24.85,   1.08, 
   17.179, 0.5315, 0.5401,  3.94477,  3.99420,    23.00,  24.85,   1.13, 
   17.692, 0.5266, 0.5430,  3.93912,  3.99118,    23.00,  24.85,   1.19, 
   18.205, 0.5217, 0.5458,  3.93248,  3.98737,    23.00,  24.85,   1.25, 
   18.718, 0.5168, 0.5487,  3.92474,  3.98250,    23.00,  24.85,   1.32, 
   19.231, 0.5119, 0.5516,  3.91589,  3.97632,    23.00,  24.85,   1.38, 
   19.744, 0.5070, 0.5544,  3.90604,  3.96869,    23.00,  24.85,   1.43, 
   20.257, 0.5021, 0.5573,  3.89545,  3.95960,    23.00,  24.85,   1.47, 
   20.770, 0.4972, 0.5601,  3.88451,  3.94918,    23.00,  24.85,   1.48, 
   21.283, 0.4923, 0.5630,  3.87371,  3.93776,    23.00,  24.85,   1.46, 
   21.796, 0.4875, 0.5659,  3.86352,  3.92583,    23.00,  24.85,   1.43, 
   22.309, 0.4826, 0.5687,  3.85429,  3.91394,    23.00,  24.85,   1.37, 
   22.822, 0.4777, 0.5716,  3.84625,  3.90266,    23.00,  24.85,   1.29, 
   23.335, 0.4728, 0.5745,  3.83943,  3.89241,    23.00,  24.85,   1.22, 
   23.848, 0.4679, 0.5773,  3.83377,  3.88345,    23.00,  24.85,   1.14, 
   24.361, 0.4630, 0.5802,  3.82909,  3.87585,    23.00,  24.85,   1.08, 
   24.874, 0.4581, 0.5831,  3.82521,  3.86955,    23.00,  24.85,   1.02, 
   25.387, 0.4532, 0.5859,  3.82193,  3.86436,    23.00,  24.85,   0.97, 
   25.900, 0.4483, 0.5888,  3.81906,  3.86008,    23.00,  24.85,   0.94, 
   26.413, 0.4434, 0.5917,  3.81644,  3.85649,    23.00,  24.85,   0.92, 
   26.926, 0.4385, 0.5945,  3.81394,  3.85339,    23.00,  24.85,   0.90, 
   27.439, 0.4336, 0.5974,  3.81145,  3.85061,    23.00,  24.85,   0.89, 
   27.952, 0.4287, 0.6003,  3.80893,  3.84802,    23.00,  24.85,   0.89, 
   28.465, 0.4238, 0.6031,  3.80635,  3.84551,    23.00,  24.85,   0.89, 
   28.978, 0.4189, 0.6060,  3.80367,  3.84303,    23.00,  24.85,   0.90, 
   29.491, 0.4140, 0.6089,  3.80089,  3.84051,    23.00,  24.85,   0.91, 
   30.004, 0.4091, 0.6117,  3.79800,  3.83793,    23.00,  24.85,   0.91, 
   30.517, 0.4042, 0.6146,  3.79501,  3.83526,    23.00,  24.85,   0.92, 
   31.030, 0.3993, 0.6174,  3.79192,  3.83251,    23.00,  24.85,   0.93, 
   31.543, 0.3945, 0.6203,  3.78874,  3.82966,    23.00,  24.85,   0.94, 
   32.056, 0.3896, 0.6232,  3.78547,  3.82673,    23.00,  24.85,   0.95, 
   32.569, 0.3847, 0.6260,  3.78213,  3.82372,    23.00,  24.85,   0.96, 
   33.082, 0.3798, 0.6289,  3.77874,  3.82064,    23.00,  24.85,   0.97, 
   33.595, 0.3749, 0.6318,  3.77529,  3.81752,    23.00,  24.85,   0.98, 
   34.108, 0.3700, 0.6346,  3.77181,  3.81436,    23.00,  24.85,   0.99, 
   34.621, 0.3651, 0.6375,  3.76831,  3.81117,    23.00,  24.85,   1.00, 
   35.134, 0.3602, 0.6404,  3.76478,  3.80798,    23.00,  24.85,   1.00, 
   35.647, 0.3553, 0.6432,  3.76125,  3.80478,    23.00,  24.85,   1.01, 
   36.160, 0.3504, 0.6461,  3.75772,  3.80160,    23.00,  24.85,   1.02, 
   36.673, 0.3455, 0.6490,  3.75421,  3.79844,    23.00,  24.85,   1.02, 
   37.186, 0.3406, 0.6518,  3.75071,  3.79531,    23.00,  24.85,   1.03, 
   37.699, 0.3357, 0.6547,  3.74723,  3.79221,    23.00,  24.85,   1.04, 
   38.212, 0.3308, 0.6576,  3.74378,  3.78916,    23.00,  24.85,   1.04, 
   38.725, 0.3259, 0.6604,  3.74037,  3.78614,    23.00,  24.85,   1.05, 
   39.238, 0.3210, 0.6633,  3.73699,  3.78317,    23.00,  24.85,   1.05, 
   39.751, 0.3161, 0.6662,  3.73366,  3.78024,    23.00,  24.85,   1.06, 
   40.000, 0.3138, 0.6675,  3.73205,  3.77882,    23.00,  24.85,   1.06, 
   40.000, 0.3138, 0.6675,  3.75944,  3.77882,     0.00,  24.85,   0.07, 
 specific energy segment =    54.30 W-h/kg
 specific power segment  =   108.61 W/kg
 total heat =          0.5394 W-h/m2
  
   40.000, 0.3138, 0.6675,  3.75944,  3.77882,     0.00,  24.85,   0.07, 
   40.000, 0.3138, 0.6675,  3.75973,  3.77882,     0.00,  24.85,   0.07, 
   40.001, 0.3138, 0.6675,  3.75991,  3.77882,     0.00,  24.85,   0.07, 
   40.001, 0.3138, 0.6675,  3.76006,  3.77882,     0.00,  24.85,   0.07, 
   40.002, 0.3138, 0.6675,  3.76019,  3.77882,     0.00,  24.85,   0.07, 
   40.002, 0.3138, 0.6675,  3.76031,  3.77882,     0.00,  24.85,   0.06, 
   40.003, 0.3138, 0.6675,  3.76042,  3.77882,     0.00,  24.85,   0.06, 
   40.003, 0.3138, 0.6675,  3.76054,  3.77882,     0.00,  24.85,   0.06, 
   40.004, 0.3138, 0.6675,  3.76065,  3.77882,     0.00,  24.85,   0.06, 
   40.005, 0.3138, 0.6675,  3.76076,  3.77882,     0.00,  24.85,   0.06, 
   40.005, 0.3138, 0.6675,  3.76087,  3.77882,     0.00,  24.85,   0.06, 
   40.006, 0.3138, 0.6675,  3.76098,  3.77882,     0.00,  24.85,   0.06, 
   40.007, 0.3138, 0.6675,  3.76110,  3.77882,     0.00,  24.85,   0.06, 
   40.008, 0.3138, 0.6675,  3.76121,  3.77882,     0.00,  24.85,   0.06, 
   40.009, 0.3138, 0.6675,  3.76133,  3.77882,     0.00,  24.85,   0.06, 
   40.011, 0.3138, 0.6675,  3.76146,  3.77882,     0.00,  24.85,   0.06, 
   40.012, 0.3138, 0.6675,  3.76158,  3.77882,     0.00,  24.85,   0.05, 
   40.014, 0.3138, 0.6675,  3.76171,  3.77882,     0.00,  24.85,   0.05, 
   40.015, 0.3138, 0.6675,  3.76185,  3.77882,     0.00,  24.85,   0.05, 
   40.017, 0.3138, 0.6675,  3.76198,  3.77882,     0.00,  24.85,   0.05, 
   40.019, 0.3138, 0.6675,  3.76213,  3.77882,     0.00,  24.85,   0.05, 
   40.021, 0.3138, 0.6675,  3.76227,  3.77882,     0.00,  24.85,   0.05, 
   40.024, 0.3138, 0.6675,  3.76243,  3.77882,     0.00,  24.85,   0.05, 
   40.027, 0.3138, 0.6675,  3.76259,  3.77882,     0.00,  24.85,   0.05, 
   40.029, 0.3138, 0.6675,  3.76275,  3.77882,     0.00,  24.85,   0.05, 
   40.033, 0.3138, 0.6675,  3.76292,  3.77882,     0.00,  24.85,   0.05, 
   40.036, 0.3138, 0.6675,  3.76310,  3.77882,     0.00,  24.85,   0.05, 
   40.040, 0.3138, 0.6675,  3.76329,  3.77882,     0.00,  24.85,   0.05, 
   40.045, 0.3138, 0.6675,  3.76348,  3.77882,     0.00,  24.85,   0.04, 
   40.050, 0.3138, 0.6675,  3.76368,  3.77882,     0.00,  24.85,   0.04, 
   40.055, 0.3138, 0.6675,  3.76389,  3.77882,     0.00,  24.85,   0.04, 
   40.061, 0.3138, 0.6675,  3.76410,  3.77882,     0.00,  24.85,   0.04, 
   40.067, 0.3138, 0.6675,  3.76433,  3.77882,     0.00,  24.85,   0.04, 
   40.074, 0.3138, 0.6675,  3.76456,  3.77882,     0.00,  24.85,   0.04, 
   40.082, 0.3138, 0.6675,  3.76481,  3.77882,     0.00,  24.85,   0.04, 
   40.090, 0.3138, 0.6675,  3.76506,  3.77882,     0.00,  24.85,   0.04, 
   40.100, 0.3138, 0.6675,  3.76533,  3.77882,     0.00,  24.85,   0.04, 
   40.110, 0.3138, 0.6675,  3.76560,  3.77882,     0.00,  24.85,   0.04, 
   40.121, 0.3138, 0.6675,  3.76589,  3.77882,     0.00,  24.85,   0.04, 
   40.134, 0.3138, 0.6675,  3.76619,  3.77882,     0.00,  24.85,   0.04, 
   40.148, 0.3138, 0.6675,  3.76650,  3.77882,     0.00,  24.85,   0.04, 
   40.163, 0.3138, 0.6675,  3.76683,  3.77882,     0.00,  24.85,   0.04, 
   40.179, 0.3138, 0.6675,  3.76716,  3.77882,     0.00,  24.85,   0.03, 
   40.197, 0.3138, 0.6675,  3.76751,  3.77882,     0.00,  24.85,   0.03, 
   40.218, 0.3138, 0.6675,  3.76787,  3.77882,     0.00,  24.85,   0.03, 
   40.240, 0.3138, 0.6675,  3.76824,  3.77882,     0.00,  24.85,   0.03, 
   40.264, 0.3138, 0.6675,  3.76863,  3.77882,     0.00,  24.85,   0.03, 
   40.291, 0.3138, 0.6675,  3.76903,  3.77882,     0.00,  24.85,   0.03, 
   40.320, 0.3138, 0.6675,  3.76943,  3.77882,     0.00,  24.85,   0.03, 
   40.352, 0.3138, 0.6675,  3.76985,  3.77882,     0.00,  24.85,   0.03, 
   40.388, 0.3138, 0.6675,  3.77027,  3.77882,     0.00,  24.85,   0.03, 
   40.427, 0.3138, 0.6675,  3.77070,  3.77882,     0.00,  24.85,   0.03, 
   40.470, 0.3138, 0.6675,  3.77114,  3.77882,     0.00,  24.85,   0.03, 
   40.517, 0.3138, 0.6675,  3.77157,  3.77882,     0.00,  24.85,   0.03, 
   40.570, 0.3138, 0.6675,  3.77201,  3.77882,     0.00,  24.85,   0.03, 
   40.627, 0.3138, 0.6675,  3.77244,  3.77882,     0.00,  24.85,   0.03, 
   40.690, 0.3138, 0.6675,  3.77286,  3.77882,     0.00,  24.85,   0.03, 
   40.759, 0.3138, 0.6675,  3.77328,  3.77882,     0.00,  24.85,   0.03, 
   40.835, 0.3138, 0.6675,  3.77369,  3.77882,     0.00,  24.85,   0.02, 
   40.919, 0.3138, 0.6675,  3.77408,  3.77882,     0.00,  24.85,   0.02, 
   41.012, 0.3138, 0.6675,  3.77445,  3.77882,     0.00,  24.85,   0.02, 
   41.113, 0.3138, 0.6675,  3.77480,  3.77882,     0.00,  24.85,   0.02, 
   41.225, 0.3138, 0.6675,  3.77513,  3.77882,     0.00,  24.85,   0.02, 
   41.348, 0.3138, 0.6675,  3.77544,  3.77882,     0.00,  24.85,   0.02, 
   41.483, 0.3138, 0.6675,  3.77573,  3.77882,     0.00,  24.85,   0.02, 
   41.631, 0.3138, 0.6675,  3.77599,  3.77882,     0.00,  24.85,   0.02, 
   41.795, 0.3138, 0.6675,  3.77623,  3.77882,     0.00,  24.85,   0.02, 
   41.974, 0.3138, 0.6675,  3.77645,  3.77882,     0.00,  24.85,   0.01, 
   42.172, 0.3138, 0.6675,  3.77664,  3.77882,     0.00,  24.85,   0.01, 
   42.390, 0.3138, 0.6675,  3.77682,  3.77882,     0.00,  24.85,   0.01, 
   42.629, 0.3138, 0.6675,  3.77698,  3.77882,     0.00,  24.85,   0.01, 
   42.892, 0.3138, 0.6675,  3.77712,  3.77882,     0.00,  24.85,   0.01, 
   43.182, 0.3138, 0.6675,  3.77725,  3.77882,     0.00,  24.85,   0.01, 
   43.501, 0.3138, 0.6675,  3.77736,  3.77882,     0.00,  24.85,   0.01, 
   43.851, 0.3138, 0.6675,  3.77747,  3.77882,     0.00,  24.85,   0.01, 
   44.236, 0.3138, 0.6675,  3.77756,  3.77882,     0.00,  24.85,   0.01, 
   44.660, 0.3138, 0.6675,  3.77765,  3.77882,     0.00,  24.85,   0.01, 
   45.127, 0.3138, 0.6675,  3.77773,  3.77882,     0.00,  24.85,   0.00, 
   45.640, 0.3138, 0.6675,  3.77781,  3.77882,     0.00,  24.85,   0.00, 
   46.153, 0.3138, 0.6675,  3.77788,  3.77882,     0.00,  24.85,   0.00, 
   46.666, 0.3138, 0.6675,  3.77794,  3.77882,     0.00,  24.85,   0.00, 
   47.179, 0.3138, 0.6675,  3.77799,  3.77882,     0.00,  24.85,   0.00, 
   47.692, 0.3138, 0.6675,  3.77803,  3.77882,     0.00,  24.85,   0.00, 
   48.205, 0.3138, 0.6675,  3.77807,  3.77882,     0.00,  24.85,   0.00, 
   48.718, 0.3138, 0.6675,  3.77811,  3.77882,     0.00,  24.85,   0.00, 
   49.231, 0.3138, 0.6675,  3.77815,  3.77882,     0.00,  24.85,   0.00, 
   49.744, 0.3138, 0.6675,  3.77818,  3.77882,     0.00,  24.85,   0.00, 
   50.257, 0.3138, 0.6675,  3.77821,  3.77882,     0.00,  24.85,   0.00, 
   50.770, 0.3138, 0.6675,  3.77823,  3.77882,     0.00,  24.85,   0.00, 
   51.283, 0.3138, 0.6675,  3.77826,  3.77882,     0.00,  24.85,   0.00, 
   51.796, 0.3138, 0.6675,  3.77828,  3.77882,     0.00,  24.85,   0.00, 
   52.309, 0.3138, 0.6675,  3.77830,  3.77882,     0.00,  24.85,   0.00, 
   52.822, 0.3138, 0.6675,  3.77832,  3.77882,     0.00,  24.85,   0.00, 
   53.335, 0.3138, 0.6675,  3.77834,  3.77882,     0.00,  24.85,   0.00, 
   53.848, 0.3138, 0.6675,  3.77836,  3.77882,     0.00,  24.85,   0.00, 
   54.361, 0.3138, 0.6675,  3.77838,  3.77882,     0.00,  24.85,   0.00, 
   54.874, 0.3138, 0.6675,  3.77839,  3.77882,     0.00,  24.85,   0.00, 
   55.387, 0.3138, 0.6675,  3.77841,  3.77882,     0.00,  24.85,   0.00, 
   55.900, 0.3138, 0.6675,  3.77842,  3.77882,     0.00,  24.85,   0.00, 
   56.413, 0.3138, 0.6675,  3.77843,  3.77882,     0.00,  24.85,   0.00, 
   56.926, 0.3138, 0.6675,  3.77844,  3.77882,     0.00,  24.85,   0.00, 
   57.439, 0.3138, 0.6675,  3.77846,  3.77882,     0.00,  24.85,   0.00, 
   57.952, 0.3138, 0.6675,  3.77847,  3.77882,     0.00,  24.85,   0.00, 
   58.465, 0.3138, 0.6675,  3.77848,  3.77882,     0.00,  24.85,   0.00, 
   58.978, 0.3138, 0.6675,  3.77849,  3.77882,     0.00,  24.85,   0.00, 
   59.491, 0.3138, 0.6675,  3.77850,  3.77882,     0.00,  24.85,   0.00, 
   60.004, 0.3138, 0.6675,  3.77850,  3.77882,     0.00,  24.85,   0.00, 
   60.517, 0.3138, 0.6675,  3.77851,  3.77882,     0.00,  24.85,   0.00, 
   61.030, 0.3138, 0.6675,  3.77852,  3.77882,     0.00,  24.85,   0.00, 
   61.543, 0.3138, 0.6675,  3.77853,  3.77882,     0.00,  24.85,   0.00, 
   62.056, 0.3138, 0.6675,  3.77853,  3.77882,     0.00,  24.85,   0.00, 
   62.569, 0.3138, 0.6675,  3.77854,  3.77882,     0.00,  24.85,   0.00, 
   63.082, 0.3138, 0.6675,  3.77855,  3.77882,     0.00,  24.85,   0.00, 
   63.595, 0.3138, 0.6675,  3.77855,  3.77882,     0.00,  24.85,   0.00, 
   64.108, 0.3138, 0.6675,  3.77856,  3.77882,     0.00,  24.85,   0.00, 
   64.621, 0.3138, 0.6675,  3.77857,  3.77882,     0.00,  24.85,   0.00, 
   65.134, 0.3138, 0.6675,  3.77857,  3.77882,     0.00,  24.85,   0.00, 
   65.647, 0.3138, 0.6675,  3.77858,  3.77882,     0.00,  24.85,   0.00, 
   66.160, 0.3138, 0.6675,  3.77858,  3.77882,     0.00,  24.85,   0.00, 
   66.673, 0.3138, 0.6675,  3.77859,  3.77882,     0.00,  24.85,   0.00, 
   67.186, 0.3138, 0.6675,  3.77859,  3.77882,     0.00,  24.85,   0.00, 
   67.699, 0.3138, 0.6675,  3.77859,  3.77882,     0.00,  24.85,   0.00, 
   68.212, 0.3138, 0.6675,  3.77860,  3.77882,     0.00,  24.85,   0.00, 
   68.725, 0.3138, 0.6675,  3.77860,  3.77882,     0.00,  24.85,   0.00, 
   69.238, 0.3138, 0.6675,  3.77861,  3.77882,     0.00,  24.85,   0.00, 
   69.751, 0.3138, 0.6675,  3.77861,  3.77882,     0.00,  24.85,   0.00, 
   70.264, 0.3138, 0.6675,  3.77861,  3.77882,     0.00,  24.85,   0.00, 
   70.777, 0.3138, 0.6675,  3.77862,  3.77882,     0.00,  24.85,   0.00, 
   71.290, 0.3138, 0.6675,  3.77862,  3.77882,     0.00,  24.85,   0.00, 
   71.803, 0.3138, 0.6675,  3.77863,  3.77882,     0.00,  24.85,   0.00, 
   72.316, 0.3138, 0.6675,  3.77863,  3.77882,     0.00,  24.85,   0.00, 
   72.829, 0.3138, 0.6675,  3.77863,  3.77882,     0.00,  24.85,   0.00, 
   73.342, 0.3138, 0.6675,  3.77863,  3.77882,     0.00,  24.85,   0.00, 
   73.855, 0.3138, 0.6675,  3.77864,  3.77882,     0.00,  24.85,   0.00, 
   74.368, 0.3138, 0.6675,  3.77864,  3.77882,     0.00,  24.85,   0.00, 
   74.881, 0.3138, 0.6675,  3.77864,  3.77882,     0.00,  24.85,   0.00, 
   75.394, 0.3138, 0.6675,  3.77865,  3.77882,     0.00,  24.85,   0.00, 
   75.907, 0.3138, 0.6675,  3.77865,  3.77882,     0.00,  24.85,   0.00, 
   76.420, 0.3138, 0.6675,  3.77865,  3.77882,     0.00,  24.85,   0.00, 
   76.933, 0.3138, 0.6675,  3.77865,  3.77882,     0.00,  24.85,   0.00, 
   77.446, 0.3138, 0.6675,  3.77866,  3.77882,     0.00,  24.85,   0.00, 
   77.959, 0.3138, 0.6675,  3.77866,  3.77882,     0.00,  24.85,   0.00, 
   78.472, 0.3138, 0.6675,  3.77866,  3.77882,     0.00,  24.85,   0.00, 
   78.984, 0.3138, 0.6675,  3.77866,  3.77882,     0.00,  24.85,   0.00, 
   79.497, 0.3138, 0.6675,  3.77866,  3.77882,     0.00,  24.85,   0.00, 
   80.010, 0.3138, 0.6675,  3.77867,  3.77882,     0.00,  24.85,   0.00, 
   80.523, 0.3138, 0.6675,  3.77867,  3.77882,     0.00,  24.85,   0.00, 
   81.036, 0.3138, 0.6675,  3.77867,  3.77882,     0.00,  24.85,   0.00, 
   81.549, 0.3138, 0.6675,  3.77867,  3.77882,     0.00,  24.85,   0.00, 
   82.062, 0.3138, 0.6675,  3.77867,  3.77882,     0.00,  24.85,   0.00, 
   82.575, 0.3138, 0.6675,  3.77868,  3.77882,     0.00,  24.85,   0.00, 
   83.088, 0.3138, 0.6675,  3.77868,  3.77882,     0.00,  24.85,   0.00, 
   83.601, 0.3138, 0.6675,  3.77868,  3.77882,     0.00,  24.85,   0.00, 
   84.114, 0.3138, 0.6675,  3.77868,  3.77882,     0.00,  24.85,   0.00, 
   84.627, 0.3138, 0.6675,  3.77868,  3.77882,     0.00,  24.85,   0.00, 
   85.140, 0.3138, 0.6675,  3.77868,  3.77882,     0.00,  24.85,   0.00, 
   85.653, 0.3138, 0.6675,  3.77869,  3.77882,     0.00,  24.85,   0.00, 
   86.166, 0.3138, 0.6675,  3.77869,  3.77882,     0.00,  24.85,   0.00, 
   86.679, 0.3138, 0.6675,  3.77869,  3.77882,     0.00,  24.85,   0.00, 
   87.192, 0.3138, 0.6675,  3.77869,  3.77882,     0.00,  24.85,   0.00, 
   87.705, 0.3138, 0.6675,  3.77869,  3.77882,     0.00,  24.85,   0.00, 
   88.218, 0.3138, 0.6675,  3.77869,  3.77882,     0.00,  24.85,   0.00, 
   88.731, 0.3138, 0.6675,  3.77869,  3.77882,     0.00,  24.85,   0.00, 
   89.244, 0.3138, 0.6675,  3.77870,  3.77882,     0.00,  24.85,   0.00, 
   89.757, 0.3138, 0.6675,  3.77870,  3.77882,     0.00,  24.85,   0.00, 
   90.270, 0.3138, 0.6675,  3.77870,  3.77882,     0.00,  24.85,   0.00, 
   90.783, 0.3138, 0.6675,  3.77870,  3.77882,     0.00,  24.85,   0.00, 
   91.296, 0.3138, 0.6675,  3.77870,  3.77882,     0.00,  24.85,   0.00, 
   91.809, 0.3138, 0.6675,  3.77870,  3.77882,     0.00,  24.85,   0.00, 
   92.322, 0.3138, 0.6675,  3.77870,  3.77882,     0.00,  24.85,   0.00, 
   92.835, 0.3138, 0.6675,  3.77870,  3.77882,     0.00,  24.85,   0.00, 
   93.348, 0.3138, 0.6675,  3.77870,  3.77882,     0.00,  24.85,   0.00, 
   93.861, 0.3138, 0.6675,  3.77871,  3.77882,     0.00,  24.85,   0.00, 
   94.374, 0.3138, 0.6675,  3.77871,  3.77882,     0.00,  24.85,   0.00, 
   94.887, 0.3138, 0.6675,  3.77871,  3.77882,     0.00,  24.85,   0.00, 
   95.400, 0.3138, 0.6675,  3.77871,  3.77882,     0.00,  24.85,   0.00, 
   95.913, 0.3138, 0.6675,  3.77871,  3.77882,     0.00,  24.85,   0.00, 
   96.426, 0.3138, 0.6675,  3.77871,  3.77882,     0.00,  24.85,   0.00, 
   96.939, 0.3138, 0.6675,  3.77871,  3.77882,     0.00,  24.85,   0.00, 
   97.452, 0.3138, 0.6675,  3.77871,  3.77882,     0.00,  24.85,   0.00, 
   97.965, 0.3138, 0.6675,  3.77871,  3.77882,     0.00,  24.85,   0.00, 
   98.478, 0.3138, 0.6675,  3.77871,  3.77882,     0.00,  24.85,   0.00, 
   98.991, 0.3138, 0.6675,  3.77872,  3.77882,     0.00,  24.85,   0.00, 
   99.504, 0.3138, 0.6675,  3.77872,  3.77882,     0.00,  24.85,   0.00, 
  100.017, 0.3138, 0.6675,  3.77872,  3.77882,     0.00,  24.85,   0.00, 
  100.530, 0.3138, 0.6675,  3.77872,  3.77882,     0.00,  24.85,   0.00, 
  101.043, 0.3138, 0.6675,  3.77872,  3.77882,     0.00,  24.85,   0.00, 
  101.556, 0.3138, 0.6675,  3.77872,  3.77882,     0.00,  24.85,   0.00, 
  102.069, 0.3138, 0.6675,  3.77872,  3.77882,     0.00,  24.85,   0.00, 
  102.582, 0.3138, 0.6675,  3.77872,  3.77882,     0.00,  24.85,   0.00, 
  103.095, 0.3138, 0.6675,  3.77872,  3.77882,     0.00,  24.85,   0.00, 
  103.608, 0.3138, 0.6675,  3.77872,  3.77882,     0.00,  24.85,   0.00, 
  104.121, 0.3138, 0.6675,  3.77872,  3.77882,     0.00,  24.85,   0.00, 
  104.634, 0.3138, 0.6675,  3.77872,  3.77882,     0.00,  24.85,   0.00, 
  105.147, 0.3138, 0.6675,  3.77872,  3.77882,     0.00,  24.85,   0.00, 
  105.660, 0.3138, 0.6675,  3.77873,  3.77882,     0.00,  24.85,   0.00, 
  106.173, 0.3138, 0.6675,  3.77873,  3.77882,     0.00,  24.85,   0.00, 
  106.686, 0.3138, 0.6675,  3.77873,  3.77882,     0.00,  24.85,   0.00, 
  107.199, 0.3138, 0.6675,  3.77873,  3.77882,     0.00,  24.85,   0.00, 
  107.712, 0.3138, 0.6675,  3.77873,  3.77882,     0.00,  24.85,   0.00, 
  108.225, 0.3138, 0.6675,  3.77873,  3.77882,     0.00,  24.85,   0.00, 
  108.738, 0.3138, 0.6675,  3.77873,  3.77882,     0.00,  24.85,   0.00, 
  109.251, 0.3138, 0.6675,  3.77873,  3.77882,     0.00,  24.85,   0.00, 
  109.764, 0.3138, 0.6675,  3.77873,  3.77882,     0.00,  24.85,   0.00, 
  110.277, 0.3138, 0.6675,  3.77873,  3.77882,     0.00,  24.85,   0.00, 
  110.790, 0.3138, 0.6675,  3.77873,  3.77882,     0.00,  24.85,   0.00, 
  111.303, 0.3138, 0.6675,  3.77873,  3.77882,     0.00,  24.85,   0.00, 
  111.816, 0.3138, 0.6675,  3.77873,  3.77882,     0.00,  24.85,   0.00, 
  112.329, 0.3138, 0.6675,  3.77873,  3.77882,     0.00,  24.85,   0.00, 
  112.842, 0.3138, 0.6675,  3.77873,  3.77882,     0.00,  24.85,   0.00, 
  113.355, 0.3138, 0.6675,  3.77873,  3.77882,     0.00,  24.85,   0.00, 
  113.868, 0.3138, 0.6675,  3.77874,  3.77882,     0.00,  24.85,   0.00, 
  114.381, 0.3138, 0.6675,  3.77874,  3.77882,     0.00,  24.85,   0.00, 
  114.894, 0.3138, 0.6675,  3.77874,  3.77882,     0.00,  24.85,   0.00, 
  115.407, 0.3138, 0.6675,  3.77874,  3.77882,     0.00,  24.85,   0.00, 
  115.920, 0.3138, 0.6675,  3.77874,  3.77882,     0.00,  24.85,   0.00, 
  116.433, 0.3138, 0.6675,  3.77874,  3.77882,     0.00,  24.85,   0.00, 
  116.946, 0.3138, 0.6675,  3.77874,  3.77882,     0.00,  24.85,   0.00, 
  117.459, 0.3138, 0.6675,  3.77874,  3.77882,     0.00,  24.85,   0.00, 
  117.972, 0.3138, 0.6675,  3.77874,  3.77882,     0.00,  24.85,   0.00, 
  118.485, 0.3138, 0.6675,  3.77874,  3.77882,     0.00,  24.85,   0.00, 
  118.998, 0.3138, 0.6675,  3.77874,  3.77882,     0.00,  24.85,   0.00, 
  119.511, 0.3138, 0.6675,  3.77874,  3.77882,     0.00,  24.85,   0.00, 
  120.024, 0.3138, 0.6675,  3.77874,  3.77882,     0.00,  24.85,   0.00, 
  120.537, 0.3138, 0.6675,  3.77874,  3.77882,     0.00,  24.85,   0.00, 
  121.050, 0.3138, 0.6675,  3.77874,  3.77882,     0.00,  24.85,   0.00, 
  121.563, 0.3138, 0.6675,  3.77874,  3.77882,     0.00,  24.85,   0.00, 
  122.076, 0.3138, 0.6675,  3.77874,  3.77882,     0.00,  24.85,   0.00, 
  122.589, 0.3138, 0.6675,  3.77874,  3.77882,     0.00,  24.85,   0.00, 
  123.102, 0.3138, 0.6675,  3.77874,  3.77882,     0.00,  24.85,   0.00, 
  123.615, 0.3138, 0.6675,  3.77874,  3.77882,     0.00,  24.85,   0.00, 
  124.128, 0.3138, 0.6675,  3.77874,  3.77882,     0.00,  24.85,   0.00, 
  124.641, 0.3138, 0.6675,  3.77874,  3.77882,     0.00,  24.85,   0.00, 
  125.154, 0.3138, 0.6675,  3.77875,  3.77882,     0.00,  24.85,   0.00, 
  125.667, 0.3138, 0.6675,  3.77875,  3.77882,     0.00,  24.85,   0.00, 
  126.180, 0.3138, 0.6675,  3.77875,  3.77882,     0.00,  24.85,   0.00, 
  126.693, 0.3138, 0.6675,  3.77875,  3.77882,     0.00,  24.85,   0.00, 
  127.206, 0.3138, 0.6675,  3.77875,  3.77882,     0.00,  24.85,   0.00, 
  127.719, 0.3138, 0.6675,  3.77875,  3.77882,     0.00,  24.85,   0.00, 
  128.232, 0.3138, 0.6675,  3.77875,  3.77882,     0.00,  24.85,   0.00, 
  128.745, 0.3138, 0.6675,  3.77875,  3.77882,     0.00,  24.85,   0.00, 
  129.258, 0.3138, 0.6675,  3.77875,  3.77882,     0.00,  24.85,   0.00, 
  129.771, 0.3138, 0.6675,  3.77875,  3.77882,     0.00,  24.85,   0.00, 
  130.284, 0.3138, 0.6675,  3.77875,  3.77882,     0.00,  24.85,   0.00, 
  130.797, 0.3138, 0.6675,  3.77875,  3.77882,     0.00,  24.85,   0.00, 
  131.310, 0.3138, 0.6675,  3.77875,  3.77882,     0.00,  24.85,   0.00, 
  131.823, 0.3138, 0.6675,  3.77875,  3.77882,     0.00,  24.85,   0.00, 
  132.336, 0.3138, 0.6675,  3.77875,  3.77882,     0.00,  24.85,   0.00, 
  132.849, 0.3138, 0.6675,  3.77875,  3.77882,     0.00,  24.85,   0.00, 
  133.362, 0.3138, 0.6675,  3.77875,  3.77882,     0.00,  24.85,   0.00, 
  133.875, 0.3138, 0.6675,  3.77875,  3.77882,     0.00,  24.85,   0.00, 
  134.388, 0.3138, 0.6675,  3.77875,  3.77882,     0.00,  24.85,   0.00, 
  134.901, 0.3138, 0.6675,  3.77875,  3.77882,     0.00,  24.85,   0.00, 
  135.414, 0.3138, 0.6675,  3.77875,  3.77882,     0.00,  24.85,   0.00, 
  135.927, 0.3138, 0.6675,  3.77875,  3.77882,     0.00,  24.85,   0.00, 
  136.440, 0.3138, 0.6675,  3.77875,  3.77882,     0.00,  24.85,   0.00, 
  136.953, 0.3138, 0.6675,  3.77875,  3.77882,     0.00,  24.85,   0.00, 
  137.466, 0.3138, 0.6675,  3.77875,  3.77882,     0.00,  24.85,   0.00, 
  137.979, 0.3138, 0.6675,  3.77875,  3.77882,     0.00,  24.85,   0.00, 
  138.492, 0.3138, 0.6675,  3.77875,  3.77882,     0.00,  24.85,   0.00, 
  139.005, 0.3138, 0.6675,  3.77875,  3.77882,     0.00,  24.85,   0.00, 
  139.518, 0.3138, 0.6675,  3.77875,  3.77882,     0.00,  24.85,   0.00, 
  140.000, 0.3138, 0.6675,  3.77875,  3.77882,     0.00,  24.85,   0.00, 

            mass  =  0.8166 kg/m2
 specific energy segment =     0.00 W-h/kg
 specific power segment  =     0.00 W/kg
 total heat =          0.5409 W-h/m2
  
