     50  lim, limit on number of iterations
 100.00  h1,  thickness of negative electrode (microns)
  25.00  h2,  thickness of separator (microns)
 100.00  h3,  thickness of positive electrode (microns)
  25.00  hcn, thickness of negative electrode current collector (microns)
  25.00  hcp, thickness of positive electrode current collector (microns)
     80  n1,  number of nodes in negative electrode
     40  n2,  number of nodes in separator
     80  n3,  number of nodes in positive electrode
 298.00  T,   temperature (K)

 1000.0  xx(1,n1+2), initial concentration (mol/m3)
 0.6000  csx,   initial stoichiometric parameter for negative
 0.5000  csy,   initial stoichiometric parameter for positive
   30.0  tmmax, maximum time step size (s)
 .4E-13  dfs1, diffusion coefficient in negative solid (m2/s)
 .1E-12  dfs3, diffusion coefficient in positive solid (m2/s)
  10.00  Rad1,  radius of negative particles (microns)
  10.00  Rad3,  radius of positive particles (microns)

  0.300  ep1,   volume fraction of electrolyte in negative electrode
  0.000  epp1,  volume fraction of polymer phase in negative electrode
  0.100  epf1,  volume fraction of inert filler in negative electrode
  1.000  ep2,   volume fraction of electrolyte in separator
  0.000  epp2,  volume fraction of polymer phase in separator
  0.300  ep3,   volume fraction of electrolyte in positive electrode
  0.000  epp3,  volume fraction of polymer phase in positive electrode
  0.200  epf3,  volume fraction of inert filler in positive electrode
 0.10E+03  sig1,  conductivity of negative matrix (S/m)
  10.      sig3,  conductivity of positive matrix (S/m)
  372.00  cot1,  coulombic capacity of negative material (mAh/g)
  274.00  cot3,  coulombic capacity of positive material (mAh/g)
 .1E-04  rka1,  reaction rate constant for negative reaction 
 .3E-10  rka3,  reaction rate constant for positive reaction

 1324.0  re,   density of electrolyte (kg/m3)
 1800.0  rs1,  density of negative insertion material (kg/m3)
 5010.0  rs3,  density of positive insertion material (kg/m3)
 1800.0  rf,   density of inert filler (kg/m3)
 1780.0  rpl,  density of polymer phase (kg/m3)
    0.0  rc,   density of separator material (kg/m3)
 8954.0  rcn,  density of negative current collector (kg/m3)
 2707.0  rcp,  density of positive current collector (kg/m3)

   0.001000  ranode,   anode film resistance (ohm-m2)
   0.000000  rcathde,  cathode film resistance (ohm-m2)
   0.00  htc,   heat-transfer coefficient with external medium (W/m2K)
   0.000000  dUdT,  temperature coefficient of EMF (V/K)
 2000.0  Cp,    heat capacity of cell (J/kg-K)
   0.00  residm,    residual mass (kg/m2)
 298.00  Tam,   ambient temperature (K)
      1  ncell, number of cells in a cell stack
      2  lht,   0 uses htc,  1 calcs htc,  2 isothermal

      0    nside, side reaction flag 

      1  il1,   1 for long print-out  0 for short print-out
     10  il2,   prints every il2 th node in long print-out
     10  il3,   prints every il3 th time step in long print-out
      1  lflag, 0 for electrolyte in separator only, 1 for uniform
      0  imp, 0 for no impedance, 1 for impedance
   0.00  capp1,  capacitance of negative material (F/m2)
   0.00  capp3,  capacitance of positive material (F/m2)
      3  lcurs, number of current changes
  
 MCMB 2528 Graphite (Bellcore)
 LiPF6 in EC:DMC
 LiCoO2 (Cobalt dioxide)
 open-circuit potential, negative   0.178978294
 delta S negative   0.
 open-circuit potential, positive   4.24165195
 delta S positive   0.
  
      DUAL INSERTION CELL VERSION 5.1
  
   Time     Util N  Util P  Cell Pot   Uocp      Curr      Temp   heatgen
   (min)       x       y      (V)       (V)      (A/m2)    (C)    (W/m2)
  
    0.000, 0.6000, 0.5000,  4.06267,  4.06267,     0.00,  24.85,   0.00, 
    0.001, 0.6000, 0.5000,  4.06267,  4.06267,     0.00,  24.85,   0.00, 
    0.001, 0.6000, 0.5000,  4.06267,  4.06267,     0.00,  24.85,   0.00, 
    0.001, 0.6000, 0.5000,  4.06267,  4.06267,     0.00,  24.85,   0.00, 
    0.002, 0.6000, 0.5000,  4.06267,  4.06267,     0.00,  24.85,   0.00, 
    0.002, 0.6000, 0.5000,  4.06267,  4.06267,     0.00,  24.85,   0.00, 
    0.003, 0.6000, 0.5000,  4.06267,  4.06267,     0.00,  24.85,   0.00, 
    0.003, 0.6000, 0.5000,  4.06267,  4.06267,     0.00,  24.85,   0.00, 
    0.004, 0.6000, 0.5000,  4.06267,  4.06267,     0.00,  24.85,   0.00, 
    0.005, 0.6000, 0.5000,  4.06267,  4.06267,     0.00,  24.85,   0.00, 
    0.006, 0.6000, 0.5000,  4.06267,  4.06267,     0.00,  24.85,   0.00, 
    0.007, 0.6000, 0.5000,  4.06267,  4.06267,     0.00,  24.85,   0.00, 
    0.007, 0.6000, 0.5000,  4.06267,  4.06267,     0.00,  24.85,   0.00, 
    0.009, 0.6000, 0.5000,  4.06267,  4.06267,     0.00,  24.85,   0.00, 
    0.010, 0.6000, 0.5000,  4.06267,  4.06267,     0.00,  24.85,   0.00, 
    0.011, 0.6000, 0.5000,  4.06267,  4.06267,     0.00,  24.85,   0.00, 
    0.012, 0.6000, 0.5000,  4.06267,  4.06267,     0.00,  24.85,   0.00, 
    0.014, 0.6000, 0.5000,  4.06267,  4.06267,     0.00,  24.85,   0.00, 
    0.016, 0.6000, 0.5000,  4.06267,  4.06267,     0.00,  24.85,   0.00, 
    0.017, 0.6000, 0.5000,  4.06267,  4.06267,     0.00,  24.85,   0.00, 
    0.019, 0.6000, 0.5000,  4.06267,  4.06267,     0.00,  24.85,   0.00, 
    0.022, 0.6000, 0.5000,  4.06267,  4.06267,     0.00,  24.85,   0.00, 
    0.024, 0.6000, 0.5000,  4.06267,  4.06267,     0.00,  24.85,   0.00, 
    0.027, 0.6000, 0.5000,  4.06267,  4.06267,     0.00,  24.85,   0.00, 
    0.030, 0.6000, 0.5000,  4.06267,  4.06267,     0.00,  24.85,   0.00, 
    0.033, 0.6000, 0.5000,  4.06267,  4.06267,     0.00,  24.85,   0.00, 
    0.037, 0.6000, 0.5000,  4.06267,  4.06267,     0.00,  24.85,   0.00, 
    0.041, 0.6000, 0.5000,  4.06267,  4.06267,     0.00,  24.85,   0.00, 
    0.045, 0.6000, 0.5000,  4.06267,  4.06267,     0.00,  24.85,   0.00, 
    0.050, 0.6000, 0.5000,  4.06267,  4.06267,     0.00,  24.85,   0.00, 
    0.055, 0.6000, 0.5000,  4.06267,  4.06267,     0.00,  24.85,   0.00, 
    0.061, 0.6000, 0.5000,  4.06267,  4.06267,     0.00,  24.85,   0.00, 
    0.067, 0.6000, 0.5000,  4.06267,  4.06267,     0.00,  24.85,   0.00, 
    0.074, 0.6000, 0.5000,  4.06267,  4.06267,     0.00,  24.85,   0.00, 
    0.082, 0.6000, 0.5000,  4.06267,  4.06267,     0.00,  24.85,   0.00, 
    0.091, 0.6000, 0.5000,  4.06267,  4.06267,     0.00,  24.85,   0.00, 
    0.100, 0.6000, 0.5000,  4.06267,  4.06267,     0.00,  24.85,   0.00, 
    0.110, 0.6000, 0.5000,  4.06267,  4.06267,     0.00,  24.85,   0.00, 
    0.122, 0.6000, 0.5000,  4.06267,  4.06267,     0.00,  24.85,   0.00, 
    0.134, 0.6000, 0.5000,  4.06267,  4.06267,     0.00,  24.85,   0.00, 
    0.148, 0.6000, 0.5000,  4.06267,  4.06267,     0.00,  24.85,   0.00, 
    0.163, 0.6000, 0.5000,  4.06267,  4.06267,     0.00,  24.85,   0.00, 
    0.180, 0.6000, 0.5000,  4.06267,  4.06267,     0.00,  24.85,   0.00, 
    0.198, 0.6000, 0.5000,  4.06267,  4.06267,     0.00,  24.85,   0.00, 
    0.218, 0.6000, 0.5000,  4.06267,  4.06267,     0.00,  24.85,   0.00, 
    0.240, 0.6000, 0.5000,  4.06267,  4.06267,     0.00,  24.85,   0.00, 
    0.264, 0.6000, 0.5000,  4.06267,  4.06267,     0.00,  24.85,   0.00, 
    0.291, 0.6000, 0.5000,  4.06267,  4.06267,     0.00,  24.85,   0.00, 
    0.320, 0.6000, 0.5000,  4.06267,  4.06267,     0.00,  24.85,   0.00, 
    0.353, 0.6000, 0.5000,  4.06267,  4.06267,     0.00,  24.85,   0.00, 
    0.388, 0.6000, 0.5000,  4.06267,  4.06267,     0.00,  24.85,   0.00, 
    0.427, 0.6000, 0.5000,  4.06267,  4.06267,     0.00,  24.85,   0.00, 
    0.470, 0.6000, 0.5000,  4.06267,  4.06267,     0.00,  24.85,   0.00, 
    0.518, 0.6000, 0.5000,  4.06267,  4.06267,     0.00,  24.85,   0.00, 
    0.570, 0.6000, 0.5000,  4.06267,  4.06267,     0.00,  24.85,   0.00, 
    0.627, 0.6000, 0.5000,  4.06267,  4.06267,     0.00,  24.85,   0.00, 
    0.690, 0.6000, 0.5000,  4.06267,  4.06267,     0.00,  24.85,   0.00, 
    0.760, 0.6000, 0.5000,  4.06267,  4.06267,     0.00,  24.85,   0.00, 
    0.836, 0.6000, 0.5000,  4.06267,  4.06267,     0.00,  24.85,   0.00, 
    0.920, 0.6000, 0.5000,  4.06267,  4.06267,     0.00,  24.85,   0.00, 
    1.012, 0.6000, 0.5000,  4.06267,  4.06267,     0.00,  24.85,   0.00, 
    1.113, 0.6000, 0.5000,  4.06267,  4.06267,     0.00,  24.85,   0.00, 
    1.225, 0.6000, 0.5000,  4.06267,  4.06267,     0.00,  24.85,   0.00, 
    1.348, 0.6000, 0.5000,  4.06267,  4.06267,     0.00,  24.85,   0.00, 
    1.483, 0.6000, 0.5000,  4.06267,  4.06267,     0.00,  24.85,   0.00, 
    1.632, 0.6000, 0.5000,  4.06267,  4.06267,     0.00,  24.85,   0.00, 
    1.795, 0.6000, 0.5000,  4.06267,  4.06267,     0.00,  24.85,   0.00, 
    1.975, 0.6000, 0.5000,  4.06267,  4.06267,     0.00,  24.85,   0.00, 
    2.173, 0.6000, 0.5000,  4.06267,  4.06267,     0.00,  24.85,   0.00, 
    2.390, 0.6000, 0.5000,  4.06267,  4.06267,     0.00,  24.85,   0.00, 
    2.629, 0.6000, 0.5000,  4.06267,  4.06267,     0.00,  24.85,   0.00, 
    2.893, 0.6000, 0.5000,  4.06267,  4.06267,     0.00,  24.85,   0.00, 
    3.182, 0.6000, 0.5000,  4.06267,  4.06267,     0.00,  24.85,   0.00, 
    3.501, 0.6000, 0.5000,  4.06267,  4.06267,     0.00,  24.85,   0.00, 
    3.851, 0.6000, 0.5000,  4.06267,  4.06267,     0.00,  24.85,   0.00, 
    4.237, 0.6000, 0.5000,  4.06267,  4.06267,     0.00,  24.85,   0.00, 
    4.661, 0.6000, 0.5000,  4.06267,  4.06267,     0.00,  24.85,   0.00, 
    5.127, 0.6000, 0.5000,  4.06267,  4.06267,     0.00,  24.85,   0.00, 
    5.640, 0.6000, 0.5000,  4.06267,  4.06267,     0.00,  24.85,   0.00, 
    6.153, 0.6000, 0.5000,  4.06267,  4.06267,     0.00,  24.85,   0.00, 
    6.666, 0.6000, 0.5000,  4.06267,  4.06267,     0.00,  24.85,   0.00, 
    7.179, 0.6000, 0.5000,  4.06267,  4.06267,     0.00,  24.85,   0.00, 
    7.692, 0.6000, 0.5000,  4.06267,  4.06267,     0.00,  24.85,   0.00, 
    8.205, 0.6000, 0.5000,  4.06267,  4.06267,     0.00,  24.85,   0.00, 
    8.718, 0.6000, 0.5000,  4.06267,  4.06267,     0.00,  24.85,   0.00, 
    9.231, 0.6000, 0.5000,  4.06267,  4.06267,     0.00,  24.85,   0.00, 
    9.744, 0.6000, 0.5000,  4.06267,  4.06267,     0.00,  24.85,   0.00, 
   10.000, 0.6000, 0.5000,  4.06267,  4.06267,     0.00,  24.85,   0.00, 
   10.000, 0.6000, 0.5000,  4.03743,  4.06267,    23.00,  24.85,   0.58, 
 specific energy segment =     0.00 W-h/kg
 specific power segment  =     0.00 W/kg
 total heat =          0.0000 W-h/m2
  
   10.000, 0.6000, 0.5000,  4.03743,  4.06267,    23.00,  24.85,   0.58, 
   10.000, 0.6000, 0.5000,  4.03730,  4.06267,    23.00,  24.85,   0.58, 
   10.001, 0.6000, 0.5000,  4.03721,  4.06267,    23.00,  24.85,   0.59, 
   10.001, 0.6000, 0.5000,  4.03714,  4.06267,    23.00,  24.85,   0.59, 
   10.002, 0.6000, 0.5000,  4.03707,  4.06267,    23.00,  24.85,   0.59, 
   10.002, 0.6000, 0.5000,  4.03701,  4.06266,    23.00,  24.85,   0.59, 
   10.003, 0.6000, 0.5000,  4.03695,  4.06266,    23.00,  24.85,   0.59, 
   10.003, 0.6000, 0.5000,  4.03689,  4.06266,    23.00,  24.85,   0.59, 
   10.004, 0.6000, 0.5000,  4.03682,  4.06265,    23.00,  24.85,   0.59, 
   10.005, 0.6000, 0.5000,  4.03676,  4.06265,    23.00,  24.85,   0.60, 
   10.005, 0.5999, 0.5000,  4.03669,  4.06265,    23.00,  24.85,   0.60, 
   10.006, 0.5999, 0.5000,  4.03662,  4.06264,    23.00,  24.85,   0.60, 
   10.007, 0.5999, 0.5000,  4.03655,  4.06264,    23.00,  24.85,   0.60, 
   10.008, 0.5999, 0.5000,  4.03648,  4.06263,    23.00,  24.85,   0.60, 
   10.009, 0.5999, 0.5001,  4.03640,  4.06262,    23.00,  24.85,   0.60, 
   10.011, 0.5999, 0.5001,  4.03632,  4.06262,    23.00,  24.85,   0.60, 
   10.012, 0.5999, 0.5001,  4.03624,  4.06261,    23.00,  24.85,   0.61, 
   10.014, 0.5999, 0.5001,  4.03615,  4.06260,    23.00,  24.85,   0.61, 
   10.015, 0.5999, 0.5001,  4.03606,  4.06259,    23.00,  24.85,   0.61, 
   10.017, 0.5998, 0.5001,  4.03596,  4.06258,    23.00,  24.85,   0.61, 
   10.019, 0.5998, 0.5001,  4.03586,  4.06257,    23.00,  24.85,   0.61, 
   10.021, 0.5998, 0.5001,  4.03575,  4.06256,    23.00,  24.85,   0.62, 
   10.024, 0.5998, 0.5001,  4.03564,  4.06255,    23.00,  24.85,   0.62, 
   10.027, 0.5997, 0.5001,  4.03552,  4.06253,    23.00,  24.85,   0.62, 
   10.029, 0.5997, 0.5002,  4.03539,  4.06252,    23.00,  24.85,   0.62, 
   10.033, 0.5997, 0.5002,  4.03526,  4.06250,    23.00,  24.85,   0.63, 
   10.036, 0.5997, 0.5002,  4.03512,  4.06248,    23.00,  24.85,   0.63, 
   10.040, 0.5996, 0.5002,  4.03497,  4.06246,    23.00,  24.85,   0.63, 
   10.045, 0.5996, 0.5002,  4.03481,  4.06243,    23.00,  24.85,   0.64, 
   10.050, 0.5995, 0.5003,  4.03465,  4.06241,    23.00,  24.85,   0.64, 
   10.055, 0.5995, 0.5003,  4.03447,  4.06238,    23.00,  24.85,   0.64, 
   10.061, 0.5994, 0.5003,  4.03429,  4.06235,    23.00,  24.85,   0.65, 
   10.067, 0.5994, 0.5004,  4.03409,  4.06232,    23.00,  24.85,   0.65, 
   10.074, 0.5993, 0.5004,  4.03388,  4.06228,    23.00,  24.85,   0.65, 
   10.082, 0.5992, 0.5005,  4.03367,  4.06224,    23.00,  24.85,   0.66, 
   10.090, 0.5991, 0.5005,  4.03343,  4.06219,    23.00,  24.85,   0.66, 
   10.100, 0.5990, 0.5006,  4.03319,  4.06214,    23.00,  24.85,   0.67, 
   10.110, 0.5990, 0.5006,  4.03293,  4.06209,    23.00,  24.85,   0.67, 
   10.121, 0.5988, 0.5007,  4.03266,  4.06203,    23.00,  24.85,   0.68, 
   10.134, 0.5987, 0.5007,  4.03237,  4.06196,    23.00,  24.85,   0.68, 
   10.148, 0.5986, 0.5008,  4.03206,  4.06189,    23.00,  24.85,   0.69, 
   10.163, 0.5984, 0.5009,  4.03174,  4.06181,    23.00,  24.85,   0.69, 
   10.179, 0.5983, 0.5010,  4.03140,  4.06172,    23.00,  24.85,   0.70, 
   10.197, 0.5981, 0.5011,  4.03104,  4.06163,    23.00,  24.85,   0.70, 
   10.218, 0.5979, 0.5012,  4.03066,  4.06152,    23.00,  24.85,   0.71, 
   10.240, 0.5977, 0.5013,  4.03026,  4.06141,    23.00,  24.85,   0.72, 
   10.264, 0.5975, 0.5015,  4.02983,  4.06128,    23.00,  24.85,   0.72, 
   10.291, 0.5972, 0.5016,  4.02939,  4.06114,    23.00,  24.85,   0.73, 
   10.320, 0.5969, 0.5018,  4.02892,  4.06099,    23.00,  24.85,   0.74, 
   10.352, 0.5966, 0.5020,  4.02842,  4.06082,    23.00,  24.85,   0.74, 
   10.388, 0.5963, 0.5022,  4.02791,  4.06064,    23.00,  24.85,   0.75, 
   10.427, 0.5959, 0.5024,  4.02737,  4.06044,    23.00,  24.85,   0.76, 
   10.470, 0.5955, 0.5026,  4.02680,  4.06022,    23.00,  24.85,   0.77, 
   10.517, 0.5951, 0.5029,  4.02620,  4.05998,    23.00,  24.85,   0.77, 
   10.570, 0.5946, 0.5032,  4.02558,  4.05972,    23.00,  24.85,   0.78, 
   10.627, 0.5940, 0.5035,  4.02493,  4.05943,    23.00,  24.85,   0.79, 
   10.690, 0.5934, 0.5039,  4.02425,  4.05912,    23.00,  24.85,   0.80, 
   10.759, 0.5928, 0.5042,  4.02354,  4.05877,    23.00,  24.85,   0.81, 
   10.835, 0.5920, 0.5047,  4.02279,  4.05840,    23.00,  24.85,   0.82, 
   10.919, 0.5912, 0.5051,  4.02200,  4.05799,    23.00,  24.85,   0.82, 
   11.012, 0.5903, 0.5056,  4.02116,  4.05755,    23.00,  24.85,   0.83, 
   11.113, 0.5894, 0.5062,  4.02025,  4.05706,    23.00,  24.85,   0.84, 
   11.225, 0.5883, 0.5068,  4.01928,  4.05653,    23.00,  24.85,   0.85, 
   11.348, 0.5871, 0.5075,  4.01821,  4.05596,    23.00,  24.85,   0.86, 
   11.483, 0.5859, 0.5083,  4.01701,  4.05533,    23.00,  24.85,   0.88, 
   11.631, 0.5844, 0.5091,  4.01564,  4.05464,    23.00,  24.85,   0.89, 
   11.795, 0.5829, 0.5100,  4.01404,  4.05388,    23.00,  24.85,   0.91, 
   11.974, 0.5812, 0.5110,  4.01213,  4.05303,    23.00,  24.85,   0.94, 
   12.172, 0.5793, 0.5121,  4.00978,  4.05208,    23.00,  24.85,   0.97, 
   12.390, 0.5772, 0.5133,  4.00681,  4.05098,    23.00,  24.85,   1.01, 
   12.629, 0.5749, 0.5147,  4.00297,  4.04964,    23.00,  24.85,   1.07, 
   12.892, 0.5724, 0.5162,  3.99796,  4.04793,    23.00,  24.85,   1.14, 
   13.182, 0.5696, 0.5178,  3.99160,  4.04557,    23.00,  24.85,   1.23, 
   13.501, 0.5666, 0.5196,  3.98413,  4.04212,    23.00,  24.85,   1.32, 
   13.851, 0.5633, 0.5215,  3.97651,  4.03687,    23.00,  24.85,   1.38, 
   14.236, 0.5596, 0.5237,  3.96989,  4.02924,    23.00,  24.85,   1.35, 
   14.660, 0.5555, 0.5260,  3.96477,  4.01973,    23.00,  24.85,   1.26, 
   15.127, 0.5511, 0.5286,  3.96079,  4.01053,    23.00,  24.85,   1.14, 
   15.640, 0.5462, 0.5315,  3.95720,  4.00374,    23.00,  24.85,   1.07, 
   16.000, 0.5428, 0.5335,  3.95470,  4.00069,    23.00,  24.85,   1.06, 
   16.000, 0.5428, 0.5335,  3.98094,  4.00069,     0.00,  24.85,   0.04, 
 specific energy segment =    11.25 W-h/kg
 specific power segment  =   112.47 W/kg
 total heat =          0.1062 W-h/m2
  
   16.000, 0.5428, 0.5335,  3.98094,  4.00069,     0.00,  24.85,   0.04, 
   16.000, 0.5428, 0.5335,  3.98126,  4.00069,     0.00,  24.85,   0.03, 
   16.001, 0.5428, 0.5335,  3.98145,  4.00069,     0.00,  24.85,   0.03, 
   16.001, 0.5428, 0.5335,  3.98161,  4.00069,     0.00,  24.85,   0.03, 
   16.002, 0.5428, 0.5335,  3.98175,  4.00069,     0.00,  24.85,   0.03, 
   16.002, 0.5428, 0.5335,  3.98188,  4.00069,     0.00,  24.85,   0.03, 
   16.003, 0.5428, 0.5335,  3.98200,  4.00069,     0.00,  24.85,   0.03, 
   16.003, 0.5428, 0.5335,  3.98212,  4.00069,     0.00,  24.85,   0.03, 
   16.004, 0.5428, 0.5335,  3.98224,  4.00069,     0.00,  24.85,   0.03, 
   16.005, 0.5428, 0.5335,  3.98236,  4.00069,     0.00,  24.85,   0.03, 
   16.005, 0.5428, 0.5335,  3.98248,  4.00069,     0.00,  24.85,   0.03, 
   16.006, 0.5428, 0.5335,  3.98260,  4.00069,     0.00,  24.85,   0.03, 
   16.007, 0.5428, 0.5335,  3.98272,  4.00069,     0.00,  24.85,   0.03, 
   16.008, 0.5428, 0.5335,  3.98285,  4.00069,     0.00,  24.85,   0.02, 
   16.009, 0.5428, 0.5335,  3.98297,  4.00069,     0.00,  24.85,   0.02, 
   16.011, 0.5428, 0.5335,  3.98310,  4.00069,     0.00,  24.85,   0.02, 
   16.012, 0.5428, 0.5335,  3.98324,  4.00069,     0.00,  24.85,   0.02, 
   16.014, 0.5428, 0.5335,  3.98337,  4.00069,     0.00,  24.85,   0.02, 
   16.015, 0.5428, 0.5335,  3.98352,  4.00069,     0.00,  24.85,   0.02, 
   16.017, 0.5428, 0.5335,  3.98366,  4.00069,     0.00,  24.85,   0.02, 
   16.019, 0.5428, 0.5335,  3.98381,  4.00069,     0.00,  24.85,   0.02, 
   16.021, 0.5428, 0.5335,  3.98397,  4.00069,     0.00,  24.85,   0.02, 
   16.024, 0.5428, 0.5335,  3.98413,  4.00069,     0.00,  24.85,   0.02, 
   16.027, 0.5428, 0.5335,  3.98430,  4.00069,     0.00,  24.85,   0.02, 
   16.029, 0.5428, 0.5335,  3.98447,  4.00069,     0.00,  24.85,   0.02, 
   16.033, 0.5428, 0.5335,  3.98465,  4.00069,     0.00,  24.85,   0.02, 
   16.036, 0.5428, 0.5335,  3.98484,  4.00069,     0.00,  24.85,   0.02, 
   16.040, 0.5428, 0.5335,  3.98503,  4.00069,     0.00,  24.85,   0.02, 
   16.045, 0.5428, 0.5335,  3.98524,  4.00069,     0.00,  24.85,   0.02, 
   16.050, 0.5428, 0.5335,  3.98545,  4.00069,     0.00,  24.85,   0.02, 
   16.055, 0.5428, 0.5335,  3.98566,  4.00069,     0.00,  24.85,   0.02, 
   16.061, 0.5428, 0.5335,  3.98589,  4.00069,     0.00,  24.85,   0.02, 
   16.067, 0.5428, 0.5335,  3.98613,  4.00069,     0.00,  24.85,   0.01, 
   16.074, 0.5428, 0.5335,  3.98637,  4.00069,     0.00,  24.85,   0.01, 
   16.082, 0.5428, 0.5335,  3.98663,  4.00069,     0.00,  24.85,   0.01, 
   16.090, 0.5428, 0.5335,  3.98690,  4.00069,     0.00,  24.85,   0.01, 
   16.100, 0.5428, 0.5335,  3.98718,  4.00069,     0.00,  24.85,   0.01, 
   16.110, 0.5428, 0.5335,  3.98747,  4.00069,     0.00,  24.85,   0.01, 
   16.121, 0.5428, 0.5335,  3.98777,  4.00069,     0.00,  24.85,   0.01, 
   16.134, 0.5428, 0.5335,  3.98808,  4.00069,     0.00,  24.85,   0.01, 
   16.148, 0.5428, 0.5335,  3.98841,  4.00069,     0.00,  24.85,   0.01, 
   16.163, 0.5428, 0.5335,  3.98875,  4.00069,     0.00,  24.85,   0.01, 
   16.179, 0.5428, 0.5335,  3.98910,  4.00069,     0.00,  24.85,   0.01, 
   16.197, 0.5428, 0.5335,  3.98947,  4.00069,     0.00,  24.85,   0.01, 
   16.218, 0.5428, 0.5335,  3.98984,  4.00069,     0.00,  24.85,   0.01, 
   16.240, 0.5428, 0.5335,  3.99023,  4.00069,     0.00,  24.85,   0.01, 
   16.264, 0.5428, 0.5335,  3.99064,  4.00069,     0.00,  24.85,   0.01, 
   16.291, 0.5428, 0.5335,  3.99105,  4.00069,     0.00,  24.85,   0.01, 
   16.320, 0.5428, 0.5335,  3.99148,  4.00069,     0.00,  24.85,   0.01, 
   16.352, 0.5428, 0.5335,  3.99192,  4.00069,     0.00,  24.85,   0.01, 
   16.388, 0.5428, 0.5335,  3.99236,  4.00069,     0.00,  24.85,   0.01, 
   16.427, 0.5428, 0.5335,  3.99281,  4.00069,     0.00,  24.85,   0.01, 
   16.470, 0.5428, 0.5335,  3.99327,  4.00069,     0.00,  24.85,   0.01, 
   16.517, 0.5428, 0.5335,  3.99372,  4.00069,     0.00,  24.85,   0.01, 
   16.570, 0.5428, 0.5335,  3.99418,  4.00069,     0.00,  24.85,   0.01, 
   16.627, 0.5428, 0.5335,  3.99463,  4.00069,     0.00,  24.85,   0.01, 
   16.690, 0.5428, 0.5335,  3.99508,  4.00069,     0.00,  24.85,   0.01, 
   16.759, 0.5428, 0.5335,  3.99552,  4.00069,     0.00,  24.85,   0.01, 
   16.835, 0.5428, 0.5335,  3.99594,  4.00069,     0.00,  24.85,   0.01, 
   16.919, 0.5428, 0.5335,  3.99635,  4.00069,     0.00,  24.85,   0.01, 
   17.012, 0.5428, 0.5335,  3.99675,  4.00069,     0.00,  24.85,   0.01, 
   17.113, 0.5428, 0.5335,  3.99712,  4.00069,     0.00,  24.85,   0.01, 
   17.225, 0.5428, 0.5335,  3.99747,  4.00069,     0.00,  24.85,   0.01, 
   17.348, 0.5428, 0.5335,  3.99780,  4.00069,     0.00,  24.85,   0.01, 
   17.483, 0.5428, 0.5335,  3.99811,  4.00069,     0.00,  24.85,   0.01, 
   17.631, 0.5428, 0.5335,  3.99839,  4.00069,     0.00,  24.85,   0.01, 
   17.795, 0.5428, 0.5335,  3.99864,  4.00069,     0.00,  24.85,   0.01, 
   17.974, 0.5428, 0.5335,  3.99888,  4.00069,     0.00,  24.85,   0.01, 
   18.172, 0.5428, 0.5335,  3.99909,  4.00069,     0.00,  24.85,   0.00, 
   18.390, 0.5428, 0.5335,  3.99927,  4.00069,     0.00,  24.85,   0.00, 
   18.629, 0.5428, 0.5335,  3.99944,  4.00069,     0.00,  24.85,   0.00, 
   18.892, 0.5428, 0.5335,  3.99959,  4.00069,     0.00,  24.85,   0.00, 
   19.182, 0.5428, 0.5335,  3.99973,  4.00069,     0.00,  24.85,   0.00, 
   19.501, 0.5428, 0.5335,  3.99985,  4.00069,     0.00,  24.85,   0.00, 
   19.851, 0.5428, 0.5335,  3.99995,  4.00069,     0.00,  24.85,   0.00, 
   20.236, 0.5428, 0.5335,  4.00004,  4.00069,     0.00,  24.85,   0.00, 
   20.660, 0.5428, 0.5335,  4.00013,  4.00069,     0.00,  24.85,   0.00, 
   21.127, 0.5428, 0.5335,  4.00020,  4.00069,     0.00,  24.85,   0.00, 
   21.640, 0.5428, 0.5335,  4.00026,  4.00069,     0.00,  24.85,   0.00, 
   22.153, 0.5428, 0.5335,  4.00032,  4.00069,     0.00,  24.85,   0.00, 
   22.666, 0.5428, 0.5335,  4.00036,  4.00069,     0.00,  24.85,   0.00, 
   23.179, 0.5428, 0.5335,  4.00040,  4.00069,     0.00,  24.85,   0.00, 
   23.692, 0.5428, 0.5335,  4.00043,  4.00069,     0.00,  24.85,   0.00, 
   24.205, 0.5428, 0.5335,  4.00046,  4.00069,     0.00,  24.85,   0.00, 
   24.718, 0.5428, 0.5335,  4.00048,  4.00069,     0.00,  24.85,   0.00, 
   25.231, 0.5428, 0.5335,  4.00050,  4.00069,     0.00,  24.85,   0.00, 
   25.744, 0.5428, 0.5335,  4.00052,  4.00069,     0.00,  24.85,   0.00, 
   26.257, 0.5428, 0.5335,  4.00054,  4.00069,     0.00,  24.85,   0.00, 
   26.770, 0.5428, 0.5335,  4.00055,  4.00069,     0.00,  24.85,   0.00, 
   27.283, 0.5428, 0.5335,  4.00056,  4.00069,     0.00,  24.85,   0.00, 
   27.796, 0.5428, 0.5335,  4.00057,  4.00069,     0.00,  24.85,   0.00, 
   28.309, 0.5428, 0.5335,  4.00059,  4.00069,     0.00,  24.85,   0.00, 
   28.822, 0.5428, 0.5335,  4.00059,  4.00069,     0.00,  24.85,   0.00, 
   29.335, 0.5428, 0.5335,  4.00060,  4.00069,     0.00,  24.85,   0.00, 
   29.848, 0.5428, 0.5335,  4.00061,  4.00069,     0.00,  24.85,   0.00, 
   30.361, 0.5428, 0.5335,  4.00062,  4.00069,     0.00,  24.85,   0.00, 
   30.874, 0.5428, 0.5335,  4.00062,  4.00069,     0.00,  24.85,   0.00, 
   31.387, 0.5428, 0.5335,  4.00063,  4.00069,     0.00,  24.85,   0.00, 
   31.900, 0.5428, 0.5335,  4.00063,  4.00069,     0.00,  24.85,   0.00, 
   32.413, 0.5428, 0.5335,  4.00064,  4.00069,     0.00,  24.85,   0.00, 
   32.926, 0.5428, 0.5335,  4.00064,  4.00069,     0.00,  24.85,   0.00, 
   33.439, 0.5428, 0.5335,  4.00065,  4.00069,     0.00,  24.85,   0.00, 
   33.952, 0.5428, 0.5335,  4.00065,  4.00069,     0.00,  24.85,   0.00, 
   34.465, 0.5428, 0.5335,  4.00065,  4.00069,     0.00,  24.85,   0.00, 
   34.978, 0.5428, 0.5335,  4.00065,  4.00069,     0.00,  24.85,   0.00, 
   35.491, 0.5428, 0.5335,  4.00066,  4.00069,     0.00,  24.85,   0.00, 
   36.004, 0.5428, 0.5335,  4.00066,  4.00069,     0.00,  24.85,   0.00, 
   36.517, 0.5428, 0.5335,  4.00066,  4.00069,     0.00,  24.85,   0.00, 
   37.030, 0.5428, 0.5335,  4.00066,  4.00069,     0.00,  24.85,   0.00, 
   37.543, 0.5428, 0.5335,  4.00067,  4.00069,     0.00,  24.85,   0.00, 
   38.056, 0.5428, 0.5335,  4.00067,  4.00069,     0.00,  24.85,   0.00, 
   38.569, 0.5428, 0.5335,  4.00067,  4.00069,     0.00,  24.85,   0.00, 
   39.082, 0.5428, 0.5335,  4.00067,  4.00069,     0.00,  24.85,   0.00, 
   39.595, 0.5428, 0.5335,  4.00067,  4.00069,     0.00,  24.85,   0.00, 
   40.108, 0.5428, 0.5335,  4.00067,  4.00069,     0.00,  24.85,   0.00, 
   40.621, 0.5428, 0.5335,  4.00067,  4.00069,     0.00,  24.85,   0.00, 
   41.134, 0.5428, 0.5335,  4.00068,  4.00069,     0.00,  24.85,   0.00, 
   41.647, 0.5428, 0.5335,  4.00068,  4.00069,     0.00,  24.85,   0.00, 
   42.160, 0.5428, 0.5335,  4.00068,  4.00069,     0.00,  24.85,   0.00, 
   42.673, 0.5428, 0.5335,  4.00068,  4.00069,     0.00,  24.85,   0.00, 
   43.186, 0.5428, 0.5335,  4.00068,  4.00069,     0.00,  24.85,   0.00, 
   43.699, 0.5428, 0.5335,  4.00068,  4.00069,     0.00,  24.85,   0.00, 
   44.212, 0.5428, 0.5335,  4.00068,  4.00069,     0.00,  24.85,   0.00, 
   44.725, 0.5428, 0.5335,  4.00068,  4.00069,     0.00,  24.85,   0.00, 
   45.238, 0.5428, 0.5335,  4.00068,  4.00069,     0.00,  24.85,   0.00, 
   45.751, 0.5428, 0.5335,  4.00068,  4.00069,     0.00,  24.85,   0.00, 
   46.264, 0.5428, 0.5335,  4.00068,  4.00069,     0.00,  24.85,   0.00, 
   46.777, 0.5428, 0.5335,  4.00068,  4.00069,     0.00,  24.85,   0.00, 
   47.290, 0.5428, 0.5335,  4.00068,  4.00069,     0.00,  24.85,   0.00, 
   47.803, 0.5428, 0.5335,  4.00068,  4.00069,     0.00,  24.85,   0.00, 
   48.316, 0.5428, 0.5335,  4.00068,  4.00069,     0.00,  24.85,   0.00, 
   48.829, 0.5428, 0.5335,  4.00068,  4.00069,     0.00,  24.85,   0.00, 
   49.342, 0.5428, 0.5335,  4.00068,  4.00069,     0.00,  24.85,   0.00, 
   49.855, 0.5428, 0.5335,  4.00068,  4.00069,     0.00,  24.85,   0.00, 
   50.368, 0.5428, 0.5335,  4.00068,  4.00069,     0.00,  24.85,   0.00, 
   50.881, 0.5428, 0.5335,  4.00068,  4.00069,     0.00,  24.85,   0.00, 
   51.394, 0.5428, 0.5335,  4.00068,  4.00069,     0.00,  24.85,   0.00, 
   51.907, 0.5428, 0.5335,  4.00068,  4.00069,     0.00,  24.85,   0.00, 
   52.420, 0.5428, 0.5335,  4.00068,  4.00069,     0.00,  24.85,   0.00, 
   52.933, 0.5428, 0.5335,  4.00068,  4.00069,     0.00,  24.85,   0.00, 
   53.446, 0.5428, 0.5335,  4.00068,  4.00069,     0.00,  24.85,   0.00, 
   53.959, 0.5428, 0.5335,  4.00068,  4.00069,     0.00,  24.85,   0.00, 
   54.472, 0.5428, 0.5335,  4.00068,  4.00069,     0.00,  24.85,   0.00, 
   54.984, 0.5428, 0.5335,  4.00068,  4.00069,     0.00,  24.85,   0.00, 
   55.497, 0.5428, 0.5335,  4.00069,  4.00069,     0.00,  24.85,   0.00, 
   56.010, 0.5428, 0.5335,  4.00069,  4.00069,     0.00,  24.85,   0.00, 
   56.523, 0.5428, 0.5335,  4.00069,  4.00069,     0.00,  24.85,   0.00, 
   57.036, 0.5428, 0.5335,  4.00069,  4.00069,     0.00,  24.85,   0.00, 
   57.549, 0.5428, 0.5335,  4.00069,  4.00069,     0.00,  24.85,   0.00, 
   58.062, 0.5428, 0.5335,  4.00069,  4.00069,     0.00,  24.85,   0.00, 
   58.575, 0.5428, 0.5335,  4.00069,  4.00069,     0.00,  24.85,   0.00, 
   59.088, 0.5428, 0.5335,  4.00069,  4.00069,     0.00,  24.85,   0.00, 
   59.601, 0.5428, 0.5335,  4.00069,  4.00069,     0.00,  24.85,   0.00, 
   60.114, 0.5428, 0.5335,  4.00069,  4.00069,     0.00,  24.85,   0.00, 
   60.627, 0.5428, 0.5335,  4.00069,  4.00069,     0.00,  24.85,   0.00, 
   61.140, 0.5428, 0.5335,  4.00069,  4.00069,     0.00,  24.85,   0.00, 
   61.653, 0.5428, 0.5335,  4.00069,  4.00069,     0.00,  24.85,   0.00, 
   62.166, 0.5428, 0.5335,  4.00069,  4.00069,     0.00,  24.85,   0.00, 
   62.679, 0.5428, 0.5335,  4.00069,  4.00069,     0.00,  24.85,   0.00, 
   63.192, 0.5428, 0.5335,  4.00069,  4.00069,     0.00,  24.85,   0.00, 
   63.705, 0.5428, 0.5335,  4.00069,  4.00069,     0.00,  24.85,   0.00, 
   64.218, 0.5428, 0.5335,  4.00069,  4.00069,     0.00,  24.85,   0.00, 
   64.731, 0.5428, 0.5335,  4.00069,  4.00069,     0.00,  24.85,   0.00, 
   65.244, 0.5428, 0.5335,  4.00069,  4.00069,     0.00,  24.85,   0.00, 
   65.757, 0.5428, 0.5335,  4.00069,  4.00069,     0.00,  24.85,   0.00, 
   66.270, 0.5428, 0.5335,  4.00069,  4.00069,     0.00,  24.85,   0.00, 
   66.783, 0.5428, 0.5335,  4.00069,  4.00069,     0.00,  24.85,   0.00, 
   67.296, 0.5428, 0.5335,  4.00069,  4.00069,     0.00,  24.85,   0.00, 
   67.809, 0.5428, 0.5335,  4.00069,  4.00069,     0.00,  24.85,   0.00, 
   68.322, 0.5428, 0.5335,  4.00069,  4.00069,     0.00,  24.85,   0.00, 
   68.835, 0.5428, 0.5335,  4.00069,  4.00069,     0.00,  24.85,   0.00, 
   69.348, 0.5428, 0.5335,  4.00069,  4.00069,     0.00,  24.85,   0.00, 
   69.861, 0.5428, 0.5335,  4.00069,  4.00069,     0.00,  24.85,   0.00, 
   70.374, 0.5428, 0.5335,  4.00069,  4.00069,     0.00,  24.85,   0.00, 
   70.887, 0.5428, 0.5335,  4.00069,  4.00069,     0.00,  24.85,   0.00, 
   71.400, 0.5428, 0.5335,  4.00069,  4.00069,     0.00,  24.85,   0.00, 
   71.913, 0.5428, 0.5335,  4.00069,  4.00069,     0.00,  24.85,   0.00, 
   72.426, 0.5428, 0.5335,  4.00069,  4.00069,     0.00,  24.85,   0.00, 
   72.939, 0.5428, 0.5335,  4.00069,  4.00069,     0.00,  24.85,   0.00, 
   73.452, 0.5428, 0.5335,  4.00069,  4.00069,     0.00,  24.85,   0.00, 
   73.965, 0.5428, 0.5335,  4.00069,  4.00069,     0.00,  24.85,   0.00, 
   74.478, 0.5428, 0.5335,  4.00069,  4.00069,     0.00,  24.85,   0.00, 
   74.991, 0.5428, 0.5335,  4.00069,  4.00069,     0.00,  24.85,   0.00, 
   75.504, 0.5428, 0.5335,  4.00069,  4.00069,     0.00,  24.85,   0.00, 
   76.017, 0.5428, 0.5335,  4.00069,  4.00069,     0.00,  24.85,   0.00, 
   76.530, 0.5428, 0.5335,  4.00069,  4.00069,     0.00,  24.85,   0.00, 
   77.043, 0.5428, 0.5335,  4.00069,  4.00069,     0.00,  24.85,   0.00, 
   77.556, 0.5428, 0.5335,  4.00069,  4.00069,     0.00,  24.85,   0.00, 
   78.069, 0.5428, 0.5335,  4.00069,  4.00069,     0.00,  24.85,   0.00, 
   78.582, 0.5428, 0.5335,  4.00069,  4.00069,     0.00,  24.85,   0.00, 
   79.095, 0.5428, 0.5335,  4.00069,  4.00069,     0.00,  24.85,   0.00, 
   79.608, 0.5428, 0.5335,  4.00069,  4.00069,     0.00,  24.85,   0.00, 
   80.121, 0.5428, 0.5335,  4.00069,  4.00069,     0.00,  24.85,   0.00, 
   80.634, 0.5428, 0.5335,  4.00069,  4.00069,     0.00,  24.85,   0.00, 
   81.147, 0.5428, 0.5335,  4.00069,  4.00069,     0.00,  24.85,   0.00, 
   81.660, 0.5428, 0.5335,  4.00069,  4.00069,     0.00,  24.85,   0.00, 
   82.173, 0.5428, 0.5335,  4.00069,  4.00069,     0.00,  24.85,   0.00, 
   82.686, 0.5428, 0.5335,  4.00069,  4.00069,     0.00,  24.85,   0.00, 
   83.199, 0.5428, 0.5335,  4.00069,  4.00069,     0.00,  24.85,   0.00, 
   83.712, 0.5428, 0.5335,  4.00069,  4.00069,     0.00,  24.85,   0.00, 
   84.225, 0.5428, 0.5335,  4.00069,  4.00069,     0.00,  24.85,   0.00, 
   84.738, 0.5428, 0.5335,  4.00069,  4.00069,     0.00,  24.85,   0.00, 
   85.251, 0.5428, 0.5335,  4.00069,  4.00069,     0.00,  24.85,   0.00, 
   85.764, 0.5428, 0.5335,  4.00069,  4.00069,     0.00,  24.85,   0.00, 
   86.277, 0.5428, 0.5335,  4.00069,  4.00069,     0.00,  24.85,   0.00, 
   86.790, 0.5428, 0.5335,  4.00069,  4.00069,     0.00,  24.85,   0.00, 
   87.303, 0.5428, 0.5335,  4.00069,  4.00069,     0.00,  24.85,   0.00, 
   87.816, 0.5428, 0.5335,  4.00069,  4.00069,     0.00,  24.85,   0.00, 
   88.329, 0.5428, 0.5335,  4.00069,  4.00069,     0.00,  24.85,   0.00, 
   88.842, 0.5428, 0.5335,  4.00069,  4.00069,     0.00,  24.85,   0.00, 
   89.355, 0.5428, 0.5335,  4.00069,  4.00069,     0.00,  24.85,   0.00, 
   89.868, 0.5428, 0.5335,  4.00069,  4.00069,     0.00,  24.85,   0.00, 
   90.381, 0.5428, 0.5335,  4.00069,  4.00069,     0.00,  24.85,   0.00, 
   90.894, 0.5428, 0.5335,  4.00069,  4.00069,     0.00,  24.85,   0.00, 
   91.407, 0.5428, 0.5335,  4.00069,  4.00069,     0.00,  24.85,   0.00, 
   91.920, 0.5428, 0.5335,  4.00069,  4.00069,     0.00,  24.85,   0.00, 
   92.433, 0.5428, 0.5335,  4.00069,  4.00069,     0.00,  24.85,   0.00, 
   92.946, 0.5428, 0.5335,  4.00069,  4.00069,     0.00,  24.85,   0.00, 
   93.459, 0.5428, 0.5335,  4.00069,  4.00069,     0.00,  24.85,   0.00, 
   93.972, 0.5428, 0.5335,  4.00069,  4.00069,     0.00,  24.85,   0.00, 
   94.485, 0.5428, 0.5335,  4.00069,  4.00069,     0.00,  24.85,   0.00, 
   94.998, 0.5428, 0.5335,  4.00069,  4.00069,     0.00,  24.85,   0.00, 
   95.511, 0.5428, 0.5335,  4.00069,  4.00069,     0.00,  24.85,   0.00, 
   96.024, 0.5428, 0.5335,  4.00069,  4.00069,     0.00,  24.85,   0.00, 
   96.537, 0.5428, 0.5335,  4.00069,  4.00069,     0.00,  24.85,   0.00, 
   97.050, 0.5428, 0.5335,  4.00069,  4.00069,     0.00,  24.85,   0.00, 
   97.563, 0.5428, 0.5335,  4.00069,  4.00069,     0.00,  24.85,   0.00, 
   98.076, 0.5428, 0.5335,  4.00069,  4.00069,     0.00,  24.85,   0.00, 
   98.589, 0.5428, 0.5335,  4.00069,  4.00069,     0.00,  24.85,   0.00, 
   99.102, 0.5428, 0.5335,  4.00069,  4.00069,     0.00,  24.85,   0.00, 
   99.615, 0.5428, 0.5335,  4.00069,  4.00069,     0.00,  24.85,   0.00, 
  100.128, 0.5428, 0.5335,  4.00069,  4.00069,     0.00,  24.85,   0.00, 
  100.641, 0.5428, 0.5335,  4.00069,  4.00069,     0.00,  24.85,   0.00, 
  101.154, 0.5428, 0.5335,  4.00069,  4.00069,     0.00,  24.85,   0.00, 
  101.667, 0.5428, 0.5335,  4.00069,  4.00069,     0.00,  24.85,   0.00, 
  102.180, 0.5428, 0.5335,  4.00069,  4.00069,     0.00,  24.85,   0.00, 
  102.693, 0.5428, 0.5335,  4.00069,  4.00069,     0.00,  24.85,   0.00, 
  103.206, 0.5428, 0.5335,  4.00069,  4.00069,     0.00,  24.85,   0.00, 
  103.719, 0.5428, 0.5335,  4.00069,  4.00069,     0.00,  24.85,   0.00, 
  104.232, 0.5428, 0.5335,  4.00069,  4.00069,     0.00,  24.85,   0.00, 
  104.745, 0.5428, 0.5335,  4.00069,  4.00069,     0.00,  24.85,   0.00, 
  105.258, 0.5428, 0.5335,  4.00069,  4.00069,     0.00,  24.85,   0.00, 
  105.771, 0.5428, 0.5335,  4.00069,  4.00069,     0.00,  24.85,   0.00, 
  106.284, 0.5428, 0.5335,  4.00069,  4.00069,     0.00,  24.85,   0.00, 
  106.797, 0.5428, 0.5335,  4.00069,  4.00069,     0.00,  24.85,   0.00, 
  107.310, 0.5428, 0.5335,  4.00069,  4.00069,     0.00,  24.85,   0.00, 
  107.823, 0.5428, 0.5335,  4.00069,  4.00069,     0.00,  24.85,   0.00, 
  108.336, 0.5428, 0.5335,  4.00069,  4.00069,     0.00,  24.85,   0.00, 
  108.849, 0.5428, 0.5335,  4.00069,  4.00069,     0.00,  24.85,   0.00, 
  109.362, 0.5428, 0.5335,  4.00069,  4.00069,     0.00,  24.85,   0.00, 
  109.875, 0.5428, 0.5335,  4.00069,  4.00069,     0.00,  24.85,   0.00, 
  110.388, 0.5428, 0.5335,  4.00069,  4.00069,     0.00,  24.85,   0.00, 
  110.901, 0.5428, 0.5335,  4.00069,  4.00069,     0.00,  24.85,   0.00, 
  111.414, 0.5428, 0.5335,  4.00069,  4.00069,     0.00,  24.85,   0.00, 
  111.927, 0.5428, 0.5335,  4.00069,  4.00069,     0.00,  24.85,   0.00, 
  112.440, 0.5428, 0.5335,  4.00069,  4.00069,     0.00,  24.85,   0.00, 
  112.953, 0.5428, 0.5335,  4.00069,  4.00069,     0.00,  24.85,   0.00, 
  113.466, 0.5428, 0.5335,  4.00069,  4.00069,     0.00,  24.85,   0.00, 
  113.979, 0.5428, 0.5335,  4.00069,  4.00069,     0.00,  24.85,   0.00, 
  114.492, 0.5428, 0.5335,  4.00069,  4.00069,     0.00,  24.85,   0.00, 
  115.005, 0.5428, 0.5335,  4.00069,  4.00069,     0.00,  24.85,   0.00, 
  115.518, 0.5428, 0.5335,  4.00069,  4.00069,     0.00,  24.85,   0.00, 
  116.000, 0.5428, 0.5335,  4.00069,  4.00069,     0.00,  24.85,   0.00, 

            mass  =  0.8166 kg/m2
 specific energy segment =     0.00 W-h/kg
 specific power segment  =     0.00 W/kg
 total heat =          0.1067 W-h/m2
  
