     50  lim, limit on number of iterations
 100.00  h1,  thickness of negative electrode (microns)
  25.00  h2,  thickness of separator (microns)
 100.00  h3,  thickness of positive electrode (microns)
  25.00  hcn, thickness of negative electrode current collector (microns)
  25.00  hcp, thickness of positive electrode current collector (microns)
     80  n1,  number of nodes in negative electrode
     40  n2,  number of nodes in separator
     80  n3,  number of nodes in positive electrode
 298.00  T,   temperature (K)

 1000.0  xx(1,n1+2), initial concentration (mol/m3)
 0.6000  csx,   initial stoichiometric parameter for negative
 0.5000  csy,   initial stoichiometric parameter for positive
   30.0  tmmax, maximum time step size (s)
 .4E-13  dfs1, diffusion coefficient in negative solid (m2/s)
 .1E-12  dfs3, diffusion coefficient in positive solid (m2/s)
  10.00  Rad1,  radius of negative particles (microns)
  10.00  Rad3,  radius of positive particles (microns)

  0.300  ep1,   volume fraction of electrolyte in negative electrode
  0.000  epp1,  volume fraction of polymer phase in negative electrode
  0.100  epf1,  volume fraction of inert filler in negative electrode
  1.000  ep2,   volume fraction of electrolyte in separator
  0.000  epp2,  volume fraction of polymer phase in separator
  0.300  ep3,   volume fraction of electrolyte in positive electrode
  0.000  epp3,  volume fraction of polymer phase in positive electrode
  0.200  epf3,  volume fraction of inert filler in positive electrode
 0.10E+03  sig1,  conductivity of negative matrix (S/m)
  10.      sig3,  conductivity of positive matrix (S/m)
  372.00  cot1,  coulombic capacity of negative material (mAh/g)
  274.00  cot3,  coulombic capacity of positive material (mAh/g)
 .1E-04  rka1,  reaction rate constant for negative reaction 
 .3E-10  rka3,  reaction rate constant for positive reaction

 1324.0  re,   density of electrolyte (kg/m3)
 1800.0  rs1,  density of negative insertion material (kg/m3)
 5010.0  rs3,  density of positive insertion material (kg/m3)
 1800.0  rf,   density of inert filler (kg/m3)
 1780.0  rpl,  density of polymer phase (kg/m3)
    0.0  rc,   density of separator material (kg/m3)
 8954.0  rcn,  density of negative current collector (kg/m3)
 2707.0  rcp,  density of positive current collector (kg/m3)

   0.001000  ranode,   anode film resistance (ohm-m2)
   0.000000  rcathde,  cathode film resistance (ohm-m2)
   0.00  htc,   heat-transfer coefficient with external medium (W/m2K)
   0.000000  dUdT,  temperature coefficient of EMF (V/K)
 2000.0  Cp,    heat capacity of cell (J/kg-K)
   0.00  residm,    residual mass (kg/m2)
 298.00  Tam,   ambient temperature (K)
      1  ncell, number of cells in a cell stack
      2  lht,   0 uses htc,  1 calcs htc,  2 isothermal

      0    nside, side reaction flag 

      1  il1,   1 for long print-out  0 for short print-out
     10  il2,   prints every il2 th node in long print-out
     10  il3,   prints every il3 th time step in long print-out
      1  lflag, 0 for electrolyte in separator only, 1 for uniform
      0  imp, 0 for no impedance, 1 for impedance
   0.00  capp1,  capacitance of negative material (F/m2)
   0.00  capp3,  capacitance of positive material (F/m2)
      3  lcurs, number of current changes
  
 MCMB 2528 Graphite (Bellcore)
 LiPF6 in EC:DMC
 LiCoO2 (Cobalt dioxide)
 open-circuit potential, negative   0.178978294
 delta S negative   0.
 open-circuit potential, positive   4.24165195
 delta S positive   0.
  
      DUAL INSERTION CELL VERSION 5.1
  
   Time     Util N  Util P  Cell Pot   Uocp      Curr      Temp   heatgen
   (min)       x       y      (V)       (V)      (A/m2)    (C)    (W/m2)
  
    0.000, 0.6000, 0.5000,  4.06267,  4.06267,     0.00,  24.85,   0.00, 
    0.001, 0.6000, 0.5000,  4.06267,  4.06267,     0.00,  24.85,   0.00, 
    0.001, 0.6000, 0.5000,  4.06267,  4.06267,     0.00,  24.85,   0.00, 
    0.001, 0.6000, 0.5000,  4.06267,  4.06267,     0.00,  24.85,   0.00, 
    0.002, 0.6000, 0.5000,  4.06267,  4.06267,     0.00,  24.85,   0.00, 
    0.002, 0.6000, 0.5000,  4.06267,  4.06267,     0.00,  24.85,   0.00, 
    0.003, 0.6000, 0.5000,  4.06267,  4.06267,     0.00,  24.85,   0.00, 
    0.003, 0.6000, 0.5000,  4.06267,  4.06267,     0.00,  24.85,   0.00, 
    0.004, 0.6000, 0.5000,  4.06267,  4.06267,     0.00,  24.85,   0.00, 
    0.005, 0.6000, 0.5000,  4.06267,  4.06267,     0.00,  24.85,   0.00, 
    0.006, 0.6000, 0.5000,  4.06267,  4.06267,     0.00,  24.85,   0.00, 
    0.007, 0.6000, 0.5000,  4.06267,  4.06267,     0.00,  24.85,   0.00, 
    0.007, 0.6000, 0.5000,  4.06267,  4.06267,     0.00,  24.85,   0.00, 
    0.009, 0.6000, 0.5000,  4.06267,  4.06267,     0.00,  24.85,   0.00, 
    0.010, 0.6000, 0.5000,  4.06267,  4.06267,     0.00,  24.85,   0.00, 
    0.011, 0.6000, 0.5000,  4.06267,  4.06267,     0.00,  24.85,   0.00, 
    0.012, 0.6000, 0.5000,  4.06267,  4.06267,     0.00,  24.85,   0.00, 
    0.014, 0.6000, 0.5000,  4.06267,  4.06267,     0.00,  24.85,   0.00, 
    0.016, 0.6000, 0.5000,  4.06267,  4.06267,     0.00,  24.85,   0.00, 
    0.017, 0.6000, 0.5000,  4.06267,  4.06267,     0.00,  24.85,   0.00, 
    0.019, 0.6000, 0.5000,  4.06267,  4.06267,     0.00,  24.85,   0.00, 
    0.022, 0.6000, 0.5000,  4.06267,  4.06267,     0.00,  24.85,   0.00, 
    0.024, 0.6000, 0.5000,  4.06267,  4.06267,     0.00,  24.85,   0.00, 
    0.027, 0.6000, 0.5000,  4.06267,  4.06267,     0.00,  24.85,   0.00, 
    0.030, 0.6000, 0.5000,  4.06267,  4.06267,     0.00,  24.85,   0.00, 
    0.033, 0.6000, 0.5000,  4.06267,  4.06267,     0.00,  24.85,   0.00, 
    0.037, 0.6000, 0.5000,  4.06267,  4.06267,     0.00,  24.85,   0.00, 
    0.041, 0.6000, 0.5000,  4.06267,  4.06267,     0.00,  24.85,   0.00, 
    0.045, 0.6000, 0.5000,  4.06267,  4.06267,     0.00,  24.85,   0.00, 
    0.050, 0.6000, 0.5000,  4.06267,  4.06267,     0.00,  24.85,   0.00, 
    0.055, 0.6000, 0.5000,  4.06267,  4.06267,     0.00,  24.85,   0.00, 
    0.061, 0.6000, 0.5000,  4.06267,  4.06267,     0.00,  24.85,   0.00, 
    0.067, 0.6000, 0.5000,  4.06267,  4.06267,     0.00,  24.85,   0.00, 
    0.074, 0.6000, 0.5000,  4.06267,  4.06267,     0.00,  24.85,   0.00, 
    0.082, 0.6000, 0.5000,  4.06267,  4.06267,     0.00,  24.85,   0.00, 
    0.091, 0.6000, 0.5000,  4.06267,  4.06267,     0.00,  24.85,   0.00, 
    0.100, 0.6000, 0.5000,  4.06267,  4.06267,     0.00,  24.85,   0.00, 
    0.110, 0.6000, 0.5000,  4.06267,  4.06267,     0.00,  24.85,   0.00, 
    0.122, 0.6000, 0.5000,  4.06267,  4.06267,     0.00,  24.85,   0.00, 
    0.134, 0.6000, 0.5000,  4.06267,  4.06267,     0.00,  24.85,   0.00, 
    0.148, 0.6000, 0.5000,  4.06267,  4.06267,     0.00,  24.85,   0.00, 
    0.163, 0.6000, 0.5000,  4.06267,  4.06267,     0.00,  24.85,   0.00, 
    0.180, 0.6000, 0.5000,  4.06267,  4.06267,     0.00,  24.85,   0.00, 
    0.198, 0.6000, 0.5000,  4.06267,  4.06267,     0.00,  24.85,   0.00, 
    0.218, 0.6000, 0.5000,  4.06267,  4.06267,     0.00,  24.85,   0.00, 
    0.240, 0.6000, 0.5000,  4.06267,  4.06267,     0.00,  24.85,   0.00, 
    0.264, 0.6000, 0.5000,  4.06267,  4.06267,     0.00,  24.85,   0.00, 
    0.291, 0.6000, 0.5000,  4.06267,  4.06267,     0.00,  24.85,   0.00, 
    0.320, 0.6000, 0.5000,  4.06267,  4.06267,     0.00,  24.85,   0.00, 
    0.353, 0.6000, 0.5000,  4.06267,  4.06267,     0.00,  24.85,   0.00, 
    0.388, 0.6000, 0.5000,  4.06267,  4.06267,     0.00,  24.85,   0.00, 
    0.427, 0.6000, 0.5000,  4.06267,  4.06267,     0.00,  24.85,   0.00, 
    0.470, 0.6000, 0.5000,  4.06267,  4.06267,     0.00,  24.85,   0.00, 
    0.518, 0.6000, 0.5000,  4.06267,  4.06267,     0.00,  24.85,   0.00, 
    0.570, 0.6000, 0.5000,  4.06267,  4.06267,     0.00,  24.85,   0.00, 
    0.627, 0.6000, 0.5000,  4.06267,  4.06267,     0.00,  24.85,   0.00, 
    0.690, 0.6000, 0.5000,  4.06267,  4.06267,     0.00,  24.85,   0.00, 
    0.760, 0.6000, 0.5000,  4.06267,  4.06267,     0.00,  24.85,   0.00, 
    0.836, 0.6000, 0.5000,  4.06267,  4.06267,     0.00,  24.85,   0.00, 
    0.920, 0.6000, 0.5000,  4.06267,  4.06267,     0.00,  24.85,   0.00, 
    1.012, 0.6000, 0.5000,  4.06267,  4.06267,     0.00,  24.85,   0.00, 
    1.113, 0.6000, 0.5000,  4.06267,  4.06267,     0.00,  24.85,   0.00, 
    1.225, 0.6000, 0.5000,  4.06267,  4.06267,     0.00,  24.85,   0.00, 
    1.348, 0.6000, 0.5000,  4.06267,  4.06267,     0.00,  24.85,   0.00, 
    1.483, 0.6000, 0.5000,  4.06267,  4.06267,     0.00,  24.85,   0.00, 
    1.632, 0.6000, 0.5000,  4.06267,  4.06267,     0.00,  24.85,   0.00, 
    1.795, 0.6000, 0.5000,  4.06267,  4.06267,     0.00,  24.85,   0.00, 
    1.975, 0.6000, 0.5000,  4.06267,  4.06267,     0.00,  24.85,   0.00, 
    2.173, 0.6000, 0.5000,  4.06267,  4.06267,     0.00,  24.85,   0.00, 
    2.390, 0.6000, 0.5000,  4.06267,  4.06267,     0.00,  24.85,   0.00, 
    2.629, 0.6000, 0.5000,  4.06267,  4.06267,     0.00,  24.85,   0.00, 
    2.893, 0.6000, 0.5000,  4.06267,  4.06267,     0.00,  24.85,   0.00, 
    3.182, 0.6000, 0.5000,  4.06267,  4.06267,     0.00,  24.85,   0.00, 
    3.501, 0.6000, 0.5000,  4.06267,  4.06267,     0.00,  24.85,   0.00, 
    3.851, 0.6000, 0.5000,  4.06267,  4.06267,     0.00,  24.85,   0.00, 
    4.237, 0.6000, 0.5000,  4.06267,  4.06267,     0.00,  24.85,   0.00, 
    4.661, 0.6000, 0.5000,  4.06267,  4.06267,     0.00,  24.85,   0.00, 
    5.127, 0.6000, 0.5000,  4.06267,  4.06267,     0.00,  24.85,   0.00, 
    5.640, 0.6000, 0.5000,  4.06267,  4.06267,     0.00,  24.85,   0.00, 
    6.153, 0.6000, 0.5000,  4.06267,  4.06267,     0.00,  24.85,   0.00, 
    6.666, 0.6000, 0.5000,  4.06267,  4.06267,     0.00,  24.85,   0.00, 
    7.179, 0.6000, 0.5000,  4.06267,  4.06267,     0.00,  24.85,   0.00, 
    7.692, 0.6000, 0.5000,  4.06267,  4.06267,     0.00,  24.85,   0.00, 
    8.205, 0.6000, 0.5000,  4.06267,  4.06267,     0.00,  24.85,   0.00, 
    8.718, 0.6000, 0.5000,  4.06267,  4.06267,     0.00,  24.85,   0.00, 
    9.231, 0.6000, 0.5000,  4.06267,  4.06267,     0.00,  24.85,   0.00, 
    9.744, 0.6000, 0.5000,  4.06267,  4.06267,     0.00,  24.85,   0.00, 
   10.000, 0.6000, 0.5000,  4.06267,  4.06267,     0.00,  24.85,   0.00, 
   10.000, 0.6000, 0.5000,  4.03743,  4.06267,    23.00,  24.85,   0.58, 
 specific energy segment =     0.00 W-h/kg
 specific power segment  =     0.00 W/kg
 total heat =          0.0000 W-h/m2
  
   10.000, 0.6000, 0.5000,  4.03743,  4.06267,    23.00,  24.85,   0.58, 
   10.000, 0.6000, 0.5000,  4.03730,  4.06267,    23.00,  24.85,   0.58, 
   10.001, 0.6000, 0.5000,  4.03721,  4.06267,    23.00,  24.85,   0.59, 
   10.001, 0.6000, 0.5000,  4.03714,  4.06267,    23.00,  24.85,   0.59, 
   10.002, 0.6000, 0.5000,  4.03707,  4.06267,    23.00,  24.85,   0.59, 
   10.002, 0.6000, 0.5000,  4.03701,  4.06266,    23.00,  24.85,   0.59, 
   10.003, 0.6000, 0.5000,  4.03695,  4.06266,    23.00,  24.85,   0.59, 
   10.003, 0.6000, 0.5000,  4.03689,  4.06266,    23.00,  24.85,   0.59, 
   10.004, 0.6000, 0.5000,  4.03682,  4.06265,    23.00,  24.85,   0.59, 
   10.005, 0.6000, 0.5000,  4.03676,  4.06265,    23.00,  24.85,   0.60, 
   10.005, 0.5999, 0.5000,  4.03669,  4.06265,    23.00,  24.85,   0.60, 
   10.006, 0.5999, 0.5000,  4.03662,  4.06264,    23.00,  24.85,   0.60, 
   10.007, 0.5999, 0.5000,  4.03655,  4.06264,    23.00,  24.85,   0.60, 
   10.008, 0.5999, 0.5000,  4.03648,  4.06263,    23.00,  24.85,   0.60, 
   10.009, 0.5999, 0.5001,  4.03640,  4.06262,    23.00,  24.85,   0.60, 
   10.011, 0.5999, 0.5001,  4.03632,  4.06262,    23.00,  24.85,   0.60, 
   10.012, 0.5999, 0.5001,  4.03624,  4.06261,    23.00,  24.85,   0.61, 
   10.014, 0.5999, 0.5001,  4.03615,  4.06260,    23.00,  24.85,   0.61, 
   10.015, 0.5999, 0.5001,  4.03606,  4.06259,    23.00,  24.85,   0.61, 
   10.017, 0.5998, 0.5001,  4.03596,  4.06258,    23.00,  24.85,   0.61, 
   10.019, 0.5998, 0.5001,  4.03586,  4.06257,    23.00,  24.85,   0.61, 
   10.021, 0.5998, 0.5001,  4.03575,  4.06256,    23.00,  24.85,   0.62, 
   10.024, 0.5998, 0.5001,  4.03564,  4.06255,    23.00,  24.85,   0.62, 
   10.027, 0.5997, 0.5001,  4.03552,  4.06253,    23.00,  24.85,   0.62, 
   10.029, 0.5997, 0.5002,  4.03539,  4.06252,    23.00,  24.85,   0.62, 
   10.033, 0.5997, 0.5002,  4.03526,  4.06250,    23.00,  24.85,   0.63, 
   10.036, 0.5997, 0.5002,  4.03512,  4.06248,    23.00,  24.85,   0.63, 
   10.040, 0.5996, 0.5002,  4.03497,  4.06246,    23.00,  24.85,   0.63, 
   10.045, 0.5996, 0.5002,  4.03481,  4.06243,    23.00,  24.85,   0.64, 
   10.050, 0.5995, 0.5003,  4.03465,  4.06241,    23.00,  24.85,   0.64, 
   10.055, 0.5995, 0.5003,  4.03447,  4.06238,    23.00,  24.85,   0.64, 
   10.061, 0.5994, 0.5003,  4.03429,  4.06235,    23.00,  24.85,   0.65, 
   10.067, 0.5994, 0.5004,  4.03409,  4.06232,    23.00,  24.85,   0.65, 
   10.074, 0.5993, 0.5004,  4.03388,  4.06228,    23.00,  24.85,   0.65, 
   10.082, 0.5992, 0.5005,  4.03367,  4.06224,    23.00,  24.85,   0.66, 
   10.090, 0.5991, 0.5005,  4.03343,  4.06219,    23.00,  24.85,   0.66, 
   10.100, 0.5990, 0.5006,  4.03319,  4.06214,    23.00,  24.85,   0.67, 
   10.110, 0.5990, 0.5006,  4.03293,  4.06209,    23.00,  24.85,   0.67, 
   10.121, 0.5988, 0.5007,  4.03266,  4.06203,    23.00,  24.85,   0.68, 
   10.134, 0.5987, 0.5007,  4.03237,  4.06196,    23.00,  24.85,   0.68, 
   10.148, 0.5986, 0.5008,  4.03206,  4.06189,    23.00,  24.85,   0.69, 
   10.163, 0.5984, 0.5009,  4.03174,  4.06181,    23.00,  24.85,   0.69, 
   10.179, 0.5983, 0.5010,  4.03140,  4.06172,    23.00,  24.85,   0.70, 
   10.197, 0.5981, 0.5011,  4.03104,  4.06163,    23.00,  24.85,   0.70, 
   10.218, 0.5979, 0.5012,  4.03066,  4.06152,    23.00,  24.85,   0.71, 
   10.240, 0.5977, 0.5013,  4.03026,  4.06141,    23.00,  24.85,   0.72, 
   10.264, 0.5975, 0.5015,  4.02983,  4.06128,    23.00,  24.85,   0.72, 
   10.291, 0.5972, 0.5016,  4.02939,  4.06114,    23.00,  24.85,   0.73, 
   10.320, 0.5969, 0.5018,  4.02892,  4.06099,    23.00,  24.85,   0.74, 
   10.352, 0.5966, 0.5020,  4.02842,  4.06082,    23.00,  24.85,   0.74, 
   10.388, 0.5963, 0.5022,  4.02791,  4.06064,    23.00,  24.85,   0.75, 
   10.427, 0.5959, 0.5024,  4.02737,  4.06044,    23.00,  24.85,   0.76, 
   10.470, 0.5955, 0.5026,  4.02680,  4.06022,    23.00,  24.85,   0.77, 
   10.517, 0.5951, 0.5029,  4.02620,  4.05998,    23.00,  24.85,   0.77, 
   10.570, 0.5946, 0.5032,  4.02558,  4.05972,    23.00,  24.85,   0.78, 
   10.627, 0.5940, 0.5035,  4.02493,  4.05943,    23.00,  24.85,   0.79, 
   10.690, 0.5934, 0.5039,  4.02425,  4.05912,    23.00,  24.85,   0.80, 
   10.759, 0.5928, 0.5042,  4.02354,  4.05877,    23.00,  24.85,   0.81, 
   10.835, 0.5920, 0.5047,  4.02279,  4.05840,    23.00,  24.85,   0.82, 
   10.919, 0.5912, 0.5051,  4.02200,  4.05799,    23.00,  24.85,   0.82, 
   11.012, 0.5903, 0.5056,  4.02116,  4.05755,    23.00,  24.85,   0.83, 
   11.113, 0.5894, 0.5062,  4.02025,  4.05706,    23.00,  24.85,   0.84, 
   11.225, 0.5883, 0.5068,  4.01928,  4.05653,    23.00,  24.85,   0.85, 
   11.348, 0.5871, 0.5075,  4.01821,  4.05596,    23.00,  24.85,   0.86, 
   11.483, 0.5859, 0.5083,  4.01701,  4.05533,    23.00,  24.85,   0.88, 
   11.631, 0.5844, 0.5091,  4.01564,  4.05464,    23.00,  24.85,   0.89, 
   11.795, 0.5829, 0.5100,  4.01404,  4.05388,    23.00,  24.85,   0.91, 
   11.974, 0.5812, 0.5110,  4.01213,  4.05303,    23.00,  24.85,   0.94, 
   12.172, 0.5793, 0.5121,  4.00978,  4.05208,    23.00,  24.85,   0.97, 
   12.390, 0.5772, 0.5133,  4.00681,  4.05098,    23.00,  24.85,   1.01, 
   12.629, 0.5749, 0.5147,  4.00297,  4.04964,    23.00,  24.85,   1.07, 
   12.892, 0.5724, 0.5162,  3.99796,  4.04793,    23.00,  24.85,   1.14, 
   13.182, 0.5696, 0.5178,  3.99160,  4.04557,    23.00,  24.85,   1.23, 
   13.501, 0.5666, 0.5196,  3.98413,  4.04212,    23.00,  24.85,   1.32, 
   13.851, 0.5633, 0.5215,  3.97651,  4.03687,    23.00,  24.85,   1.38, 
   14.236, 0.5596, 0.5237,  3.96989,  4.02924,    23.00,  24.85,   1.35, 
   14.660, 0.5555, 0.5260,  3.96477,  4.01973,    23.00,  24.85,   1.26, 
   15.127, 0.5511, 0.5286,  3.96079,  4.01053,    23.00,  24.85,   1.14, 
   15.640, 0.5462, 0.5315,  3.95720,  4.00374,    23.00,  24.85,   1.07, 
   16.153, 0.5413, 0.5344,  3.95360,  3.99967,    23.00,  24.85,   1.06, 
   16.666, 0.5364, 0.5372,  3.94954,  3.99683,    23.00,  24.85,   1.08, 
   17.179, 0.5315, 0.5401,  3.94477,  3.99420,    23.00,  24.85,   1.13, 
   17.692, 0.5266, 0.5430,  3.93912,  3.99118,    23.00,  24.85,   1.19, 
   18.205, 0.5217, 0.5458,  3.93248,  3.98737,    23.00,  24.85,   1.25, 
   18.718, 0.5168, 0.5487,  3.92474,  3.98250,    23.00,  24.85,   1.32, 
   19.231, 0.5119, 0.5516,  3.91589,  3.97632,    23.00,  24.85,   1.38, 
   19.744, 0.5070, 0.5544,  3.90604,  3.96869,    23.00,  24.85,   1.43, 
   20.257, 0.5021, 0.5573,  3.89545,  3.95960,    23.00,  24.85,   1.47, 
   20.770, 0.4972, 0.5601,  3.88451,  3.94918,    23.00,  24.85,   1.48, 
   21.283, 0.4923, 0.5630,  3.87371,  3.93776,    23.00,  24.85,   1.46, 
   21.796, 0.4875, 0.5659,  3.86352,  3.92583,    23.00,  24.85,   1.43, 
   22.309, 0.4826, 0.5687,  3.85429,  3.91394,    23.00,  24.85,   1.37, 
   22.822, 0.4777, 0.5716,  3.84625,  3.90266,    23.00,  24.85,   1.29, 
   23.335, 0.4728, 0.5745,  3.83943,  3.89241,    23.00,  24.85,   1.22, 
   23.848, 0.4679, 0.5773,  3.83377,  3.88345,    23.00,  24.85,   1.14, 
   24.361, 0.4630, 0.5802,  3.82909,  3.87585,    23.00,  24.85,   1.08, 
   24.874, 0.4581, 0.5831,  3.82521,  3.86955,    23.00,  24.85,   1.02, 
   25.000, 0.4569, 0.5838,  3.82435,  3.86817,    23.00,  24.85,   1.01, 
   25.000, 0.4569, 0.5838,  3.85074,  3.86817,     0.00,  24.85,   0.03, 
 specific energy segment =    27.68 W-h/kg
 specific power segment  =   110.72 W/kg
 total heat =          0.2969 W-h/m2
  
   25.000, 0.4569, 0.5838,  3.85074,  3.86817,     0.00,  24.85,   0.03, 
   25.000, 0.4569, 0.5838,  3.85091,  3.86817,     0.00,  24.85,   0.03, 
   25.001, 0.4569, 0.5838,  3.85101,  3.86817,     0.00,  24.85,   0.03, 
   25.001, 0.4569, 0.5838,  3.85110,  3.86817,     0.00,  24.85,   0.03, 
   25.002, 0.4569, 0.5838,  3.85118,  3.86817,     0.00,  24.85,   0.03, 
   25.002, 0.4569, 0.5838,  3.85125,  3.86817,     0.00,  24.85,   0.03, 
   25.003, 0.4569, 0.5838,  3.85133,  3.86817,     0.00,  24.85,   0.03, 
   25.003, 0.4569, 0.5838,  3.85140,  3.86817,     0.00,  24.85,   0.03, 
   25.004, 0.4569, 0.5838,  3.85147,  3.86817,     0.00,  24.85,   0.03, 
   25.005, 0.4569, 0.5838,  3.85154,  3.86817,     0.00,  24.85,   0.03, 
   25.005, 0.4569, 0.5838,  3.85162,  3.86817,     0.00,  24.85,   0.03, 
   25.006, 0.4569, 0.5838,  3.85170,  3.86817,     0.00,  24.85,   0.03, 
   25.007, 0.4569, 0.5838,  3.85178,  3.86817,     0.00,  24.85,   0.03, 
   25.008, 0.4569, 0.5838,  3.85186,  3.86817,     0.00,  24.85,   0.03, 
   25.009, 0.4569, 0.5838,  3.85194,  3.86817,     0.00,  24.85,   0.03, 
   25.011, 0.4569, 0.5838,  3.85203,  3.86817,     0.00,  24.85,   0.03, 
   25.012, 0.4569, 0.5838,  3.85212,  3.86817,     0.00,  24.85,   0.03, 
   25.014, 0.4569, 0.5838,  3.85222,  3.86817,     0.00,  24.85,   0.03, 
   25.015, 0.4569, 0.5838,  3.85232,  3.86817,     0.00,  24.85,   0.03, 
   25.017, 0.4569, 0.5838,  3.85243,  3.86817,     0.00,  24.85,   0.03, 
   25.019, 0.4569, 0.5838,  3.85254,  3.86817,     0.00,  24.85,   0.03, 
   25.021, 0.4569, 0.5838,  3.85265,  3.86817,     0.00,  24.85,   0.03, 
   25.024, 0.4569, 0.5838,  3.85277,  3.86817,     0.00,  24.85,   0.03, 
   25.027, 0.4569, 0.5838,  3.85290,  3.86817,     0.00,  24.85,   0.03, 
   25.029, 0.4569, 0.5838,  3.85303,  3.86817,     0.00,  24.85,   0.03, 
   25.033, 0.4569, 0.5838,  3.85317,  3.86817,     0.00,  24.85,   0.03, 
   25.036, 0.4569, 0.5838,  3.85331,  3.86817,     0.00,  24.85,   0.03, 
   25.040, 0.4569, 0.5838,  3.85346,  3.86817,     0.00,  24.85,   0.03, 
   25.045, 0.4569, 0.5838,  3.85362,  3.86817,     0.00,  24.85,   0.03, 
   25.050, 0.4569, 0.5838,  3.85379,  3.86817,     0.00,  24.85,   0.03, 
   25.055, 0.4569, 0.5838,  3.85397,  3.86817,     0.00,  24.85,   0.03, 
   25.061, 0.4569, 0.5838,  3.85415,  3.86817,     0.00,  24.85,   0.03, 
   25.067, 0.4569, 0.5838,  3.85434,  3.86817,     0.00,  24.85,   0.03, 
   25.074, 0.4569, 0.5838,  3.85455,  3.86817,     0.00,  24.85,   0.03, 
   25.082, 0.4569, 0.5838,  3.85476,  3.86817,     0.00,  24.85,   0.03, 
   25.090, 0.4569, 0.5838,  3.85498,  3.86817,     0.00,  24.85,   0.03, 
   25.100, 0.4569, 0.5838,  3.85521,  3.86817,     0.00,  24.85,   0.03, 
   25.110, 0.4569, 0.5838,  3.85546,  3.86817,     0.00,  24.85,   0.03, 
   25.121, 0.4569, 0.5838,  3.85571,  3.86817,     0.00,  24.85,   0.03, 
   25.134, 0.4569, 0.5838,  3.85598,  3.86817,     0.00,  24.85,   0.03, 
   25.148, 0.4569, 0.5838,  3.85626,  3.86817,     0.00,  24.85,   0.03, 
   25.163, 0.4569, 0.5838,  3.85655,  3.86817,     0.00,  24.85,   0.03, 
   25.179, 0.4569, 0.5838,  3.85685,  3.86817,     0.00,  24.85,   0.03, 
   25.197, 0.4569, 0.5838,  3.85716,  3.86817,     0.00,  24.85,   0.03, 
   25.218, 0.4569, 0.5838,  3.85749,  3.86817,     0.00,  24.85,   0.03, 
   25.240, 0.4569, 0.5838,  3.85783,  3.86817,     0.00,  24.85,   0.03, 
   25.264, 0.4569, 0.5838,  3.85818,  3.86817,     0.00,  24.85,   0.03, 
   25.291, 0.4569, 0.5838,  3.85854,  3.86817,     0.00,  24.85,   0.03, 
   25.320, 0.4569, 0.5838,  3.85890,  3.86817,     0.00,  24.85,   0.03, 
   25.352, 0.4569, 0.5838,  3.85928,  3.86817,     0.00,  24.85,   0.03, 
   25.388, 0.4569, 0.5838,  3.85967,  3.86817,     0.00,  24.85,   0.03, 
   25.427, 0.4569, 0.5838,  3.86006,  3.86817,     0.00,  24.85,   0.03, 
   25.470, 0.4569, 0.5838,  3.86046,  3.86817,     0.00,  24.85,   0.03, 
   25.517, 0.4569, 0.5838,  3.86086,  3.86817,     0.00,  24.85,   0.03, 
   25.570, 0.4569, 0.5838,  3.86127,  3.86817,     0.00,  24.85,   0.03, 
   25.627, 0.4569, 0.5838,  3.86167,  3.86817,     0.00,  24.85,   0.03, 
   25.690, 0.4569, 0.5838,  3.86207,  3.86817,     0.00,  24.85,   0.03, 
   25.759, 0.4569, 0.5838,  3.86246,  3.86817,     0.00,  24.85,   0.03, 
   25.835, 0.4569, 0.5838,  3.86285,  3.86817,     0.00,  24.85,   0.03, 
   25.919, 0.4569, 0.5838,  3.86323,  3.86817,     0.00,  24.85,   0.03, 
   26.012, 0.4569, 0.5838,  3.86359,  3.86817,     0.00,  24.85,   0.03, 
   26.113, 0.4569, 0.5838,  3.86394,  3.86817,     0.00,  24.85,   0.03, 
   26.225, 0.4569, 0.5838,  3.86428,  3.86817,     0.00,  24.85,   0.03, 
   26.348, 0.4569, 0.5838,  3.86460,  3.86817,     0.00,  24.85,   0.02, 
   26.483, 0.4569, 0.5838,  3.86491,  3.86817,     0.00,  24.85,   0.02, 
   26.631, 0.4569, 0.5838,  3.86520,  3.86817,     0.00,  24.85,   0.02, 
   26.795, 0.4569, 0.5838,  3.86547,  3.86817,     0.00,  24.85,   0.02, 
   26.974, 0.4569, 0.5838,  3.86572,  3.86817,     0.00,  24.85,   0.02, 
   27.172, 0.4569, 0.5838,  3.86595,  3.86817,     0.00,  24.85,   0.02, 
   27.390, 0.4569, 0.5838,  3.86617,  3.86817,     0.00,  24.85,   0.01, 
   27.629, 0.4569, 0.5838,  3.86637,  3.86817,     0.00,  24.85,   0.01, 
   27.892, 0.4569, 0.5838,  3.86656,  3.86817,     0.00,  24.85,   0.01, 
   28.182, 0.4569, 0.5838,  3.86673,  3.86817,     0.00,  24.85,   0.01, 
   28.501, 0.4569, 0.5838,  3.86688,  3.86817,     0.00,  24.85,   0.01, 
   28.851, 0.4569, 0.5838,  3.86703,  3.86817,     0.00,  24.85,   0.01, 
   29.236, 0.4569, 0.5838,  3.86716,  3.86817,     0.00,  24.85,   0.01, 
   29.660, 0.4569, 0.5838,  3.86728,  3.86817,     0.00,  24.85,   0.01, 
   30.127, 0.4569, 0.5838,  3.86739,  3.86817,     0.00,  24.85,   0.00, 
   30.640, 0.4569, 0.5838,  3.86749,  3.86817,     0.00,  24.85,   0.00, 
   31.153, 0.4569, 0.5838,  3.86758,  3.86817,     0.00,  24.85,   0.00, 
   31.666, 0.4569, 0.5838,  3.86765,  3.86817,     0.00,  24.85,   0.00, 
   32.179, 0.4569, 0.5838,  3.86771,  3.86817,     0.00,  24.85,   0.00, 
   32.692, 0.4569, 0.5838,  3.86776,  3.86817,     0.00,  24.85,   0.00, 
   33.205, 0.4569, 0.5838,  3.86780,  3.86817,     0.00,  24.85,   0.00, 
   33.718, 0.4569, 0.5838,  3.86784,  3.86817,     0.00,  24.85,   0.00, 
   34.231, 0.4569, 0.5838,  3.86787,  3.86817,     0.00,  24.85,   0.00, 
   34.744, 0.4569, 0.5838,  3.86790,  3.86817,     0.00,  24.85,   0.00, 
   35.257, 0.4569, 0.5838,  3.86793,  3.86817,     0.00,  24.85,   0.00, 
   35.770, 0.4569, 0.5838,  3.86795,  3.86817,     0.00,  24.85,   0.00, 
   36.283, 0.4569, 0.5838,  3.86797,  3.86817,     0.00,  24.85,   0.00, 
   36.796, 0.4569, 0.5838,  3.86799,  3.86817,     0.00,  24.85,   0.00, 
   37.309, 0.4569, 0.5838,  3.86801,  3.86817,     0.00,  24.85,   0.00, 
   37.822, 0.4569, 0.5838,  3.86802,  3.86817,     0.00,  24.85,   0.00, 
   38.335, 0.4569, 0.5838,  3.86804,  3.86817,     0.00,  24.85,   0.00, 
   38.848, 0.4569, 0.5838,  3.86805,  3.86817,     0.00,  24.85,   0.00, 
   39.361, 0.4569, 0.5838,  3.86806,  3.86817,     0.00,  24.85,   0.00, 
   39.874, 0.4569, 0.5838,  3.86807,  3.86817,     0.00,  24.85,   0.00, 
   40.387, 0.4569, 0.5838,  3.86808,  3.86817,     0.00,  24.85,   0.00, 
   40.900, 0.4569, 0.5838,  3.86809,  3.86817,     0.00,  24.85,   0.00, 
   41.413, 0.4569, 0.5838,  3.86809,  3.86817,     0.00,  24.85,   0.00, 
   41.926, 0.4569, 0.5838,  3.86810,  3.86817,     0.00,  24.85,   0.00, 
   42.439, 0.4569, 0.5838,  3.86811,  3.86817,     0.00,  24.85,   0.00, 
   42.952, 0.4569, 0.5838,  3.86811,  3.86817,     0.00,  24.85,   0.00, 
   43.465, 0.4569, 0.5838,  3.86812,  3.86817,     0.00,  24.85,   0.00, 
   43.978, 0.4569, 0.5838,  3.86812,  3.86817,     0.00,  24.85,   0.00, 
   44.491, 0.4569, 0.5838,  3.86813,  3.86817,     0.00,  24.85,   0.00, 
   45.004, 0.4569, 0.5838,  3.86813,  3.86817,     0.00,  24.85,   0.00, 
   45.517, 0.4569, 0.5838,  3.86813,  3.86817,     0.00,  24.85,   0.00, 
   46.030, 0.4569, 0.5838,  3.86814,  3.86817,     0.00,  24.85,   0.00, 
   46.543, 0.4569, 0.5838,  3.86814,  3.86817,     0.00,  24.85,   0.00, 
   47.056, 0.4569, 0.5838,  3.86814,  3.86817,     0.00,  24.85,   0.00, 
   47.569, 0.4569, 0.5838,  3.86814,  3.86817,     0.00,  24.85,   0.00, 
   48.082, 0.4569, 0.5838,  3.86815,  3.86817,     0.00,  24.85,   0.00, 
   48.595, 0.4569, 0.5838,  3.86815,  3.86817,     0.00,  24.85,   0.00, 
   49.108, 0.4569, 0.5838,  3.86815,  3.86817,     0.00,  24.85,   0.00, 
   49.621, 0.4569, 0.5838,  3.86815,  3.86817,     0.00,  24.85,   0.00, 
   50.134, 0.4569, 0.5838,  3.86815,  3.86817,     0.00,  24.85,   0.00, 
   50.647, 0.4569, 0.5838,  3.86816,  3.86817,     0.00,  24.85,   0.00, 
   51.160, 0.4569, 0.5838,  3.86816,  3.86817,     0.00,  24.85,   0.00, 
   51.673, 0.4569, 0.5838,  3.86816,  3.86817,     0.00,  24.85,   0.00, 
   52.186, 0.4569, 0.5838,  3.86816,  3.86817,     0.00,  24.85,   0.00, 
   52.699, 0.4569, 0.5838,  3.86816,  3.86817,     0.00,  24.85,   0.00, 
   53.212, 0.4569, 0.5838,  3.86816,  3.86817,     0.00,  24.85,   0.00, 
   53.725, 0.4569, 0.5838,  3.86816,  3.86817,     0.00,  24.85,   0.00, 
   54.238, 0.4569, 0.5838,  3.86816,  3.86817,     0.00,  24.85,   0.00, 
   54.751, 0.4569, 0.5838,  3.86816,  3.86817,     0.00,  24.85,   0.00, 
   55.264, 0.4569, 0.5838,  3.86816,  3.86817,     0.00,  24.85,   0.00, 
   55.777, 0.4569, 0.5838,  3.86817,  3.86817,     0.00,  24.85,   0.00, 
   56.290, 0.4569, 0.5838,  3.86817,  3.86817,     0.00,  24.85,   0.00, 
   56.803, 0.4569, 0.5838,  3.86817,  3.86817,     0.00,  24.85,   0.00, 
   57.316, 0.4569, 0.5838,  3.86817,  3.86817,     0.00,  24.85,   0.00, 
   57.829, 0.4569, 0.5838,  3.86817,  3.86817,     0.00,  24.85,   0.00, 
   58.342, 0.4569, 0.5838,  3.86817,  3.86817,     0.00,  24.85,   0.00, 
   58.855, 0.4569, 0.5838,  3.86817,  3.86817,     0.00,  24.85,   0.00, 
   59.368, 0.4569, 0.5838,  3.86817,  3.86817,     0.00,  24.85,   0.00, 
   59.881, 0.4569, 0.5838,  3.86817,  3.86817,     0.00,  24.85,   0.00, 
   60.394, 0.4569, 0.5838,  3.86817,  3.86817,     0.00,  24.85,   0.00, 
   60.907, 0.4569, 0.5838,  3.86817,  3.86817,     0.00,  24.85,   0.00, 
   61.420, 0.4569, 0.5838,  3.86817,  3.86817,     0.00,  24.85,   0.00, 
   61.933, 0.4569, 0.5838,  3.86817,  3.86817,     0.00,  24.85,   0.00, 
   62.446, 0.4569, 0.5838,  3.86817,  3.86817,     0.00,  24.85,   0.00, 
   62.959, 0.4569, 0.5838,  3.86817,  3.86817,     0.00,  24.85,   0.00, 
   63.472, 0.4569, 0.5838,  3.86817,  3.86817,     0.00,  24.85,   0.00, 
   63.984, 0.4569, 0.5838,  3.86817,  3.86817,     0.00,  24.85,   0.00, 
   64.497, 0.4569, 0.5838,  3.86817,  3.86817,     0.00,  24.85,   0.00, 
   65.010, 0.4569, 0.5838,  3.86817,  3.86817,     0.00,  24.85,   0.00, 
   65.523, 0.4569, 0.5838,  3.86817,  3.86817,     0.00,  24.85,   0.00, 
   66.036, 0.4569, 0.5838,  3.86817,  3.86817,     0.00,  24.85,   0.00, 
   66.549, 0.4569, 0.5838,  3.86817,  3.86817,     0.00,  24.85,   0.00, 
   67.062, 0.4569, 0.5838,  3.86817,  3.86817,     0.00,  24.85,   0.00, 
   67.575, 0.4569, 0.5838,  3.86817,  3.86817,     0.00,  24.85,   0.00, 
   68.088, 0.4569, 0.5838,  3.86817,  3.86817,     0.00,  24.85,   0.00, 
   68.601, 0.4569, 0.5838,  3.86817,  3.86817,     0.00,  24.85,   0.00, 
   69.114, 0.4569, 0.5838,  3.86817,  3.86817,     0.00,  24.85,   0.00, 
   69.627, 0.4569, 0.5838,  3.86817,  3.86817,     0.00,  24.85,   0.00, 
   70.140, 0.4569, 0.5838,  3.86817,  3.86817,     0.00,  24.85,   0.00, 
   70.653, 0.4569, 0.5838,  3.86817,  3.86817,     0.00,  24.85,   0.00, 
   71.166, 0.4569, 0.5838,  3.86817,  3.86817,     0.00,  24.85,   0.00, 
   71.679, 0.4569, 0.5838,  3.86817,  3.86817,     0.00,  24.85,   0.00, 
   72.192, 0.4569, 0.5838,  3.86817,  3.86817,     0.00,  24.85,   0.00, 
   72.705, 0.4569, 0.5838,  3.86817,  3.86817,     0.00,  24.85,   0.00, 
   73.218, 0.4569, 0.5838,  3.86817,  3.86817,     0.00,  24.85,   0.00, 
   73.731, 0.4569, 0.5838,  3.86817,  3.86817,     0.00,  24.85,   0.00, 
   74.244, 0.4569, 0.5838,  3.86817,  3.86817,     0.00,  24.85,   0.00, 
   74.757, 0.4569, 0.5838,  3.86817,  3.86817,     0.00,  24.85,   0.00, 
   75.270, 0.4569, 0.5838,  3.86817,  3.86817,     0.00,  24.85,   0.00, 
   75.783, 0.4569, 0.5838,  3.86817,  3.86817,     0.00,  24.85,   0.00, 
   76.296, 0.4569, 0.5838,  3.86817,  3.86817,     0.00,  24.85,   0.00, 
   76.809, 0.4569, 0.5838,  3.86817,  3.86817,     0.00,  24.85,   0.00, 
   77.322, 0.4569, 0.5838,  3.86817,  3.86817,     0.00,  24.85,   0.00, 
   77.835, 0.4569, 0.5838,  3.86817,  3.86817,     0.00,  24.85,   0.00, 
   78.348, 0.4569, 0.5838,  3.86817,  3.86817,     0.00,  24.85,   0.00, 
   78.861, 0.4569, 0.5838,  3.86817,  3.86817,     0.00,  24.85,   0.00, 
   79.374, 0.4569, 0.5838,  3.86817,  3.86817,     0.00,  24.85,   0.00, 
   79.887, 0.4569, 0.5838,  3.86817,  3.86817,     0.00,  24.85,   0.00, 
   80.400, 0.4569, 0.5838,  3.86817,  3.86817,     0.00,  24.85,   0.00, 
   80.913, 0.4569, 0.5838,  3.86817,  3.86817,     0.00,  24.85,   0.00, 
   81.426, 0.4569, 0.5838,  3.86817,  3.86817,     0.00,  24.85,   0.00, 
   81.939, 0.4569, 0.5838,  3.86817,  3.86817,     0.00,  24.85,   0.00, 
   82.452, 0.4569, 0.5838,  3.86817,  3.86817,     0.00,  24.85,   0.00, 
   82.965, 0.4569, 0.5838,  3.86817,  3.86817,     0.00,  24.85,   0.00, 
   83.478, 0.4569, 0.5838,  3.86817,  3.86817,     0.00,  24.85,   0.00, 
   83.991, 0.4569, 0.5838,  3.86817,  3.86817,     0.00,  24.85,   0.00, 
   84.504, 0.4569, 0.5838,  3.86817,  3.86817,     0.00,  24.85,   0.00, 
   85.017, 0.4569, 0.5838,  3.86817,  3.86817,     0.00,  24.85,   0.00, 
   85.530, 0.4569, 0.5838,  3.86817,  3.86817,     0.00,  24.85,   0.00, 
   86.043, 0.4569, 0.5838,  3.86817,  3.86817,     0.00,  24.85,   0.00, 
   86.556, 0.4569, 0.5838,  3.86817,  3.86817,     0.00,  24.85,   0.00, 
   87.069, 0.4569, 0.5838,  3.86817,  3.86817,     0.00,  24.85,   0.00, 
   87.582, 0.4569, 0.5838,  3.86817,  3.86817,     0.00,  24.85,   0.00, 
   88.095, 0.4569, 0.5838,  3.86817,  3.86817,     0.00,  24.85,   0.00, 
   88.608, 0.4569, 0.5838,  3.86817,  3.86817,     0.00,  24.85,   0.00, 
   89.121, 0.4569, 0.5838,  3.86817,  3.86817,     0.00,  24.85,   0.00, 
   89.634, 0.4569, 0.5838,  3.86817,  3.86817,     0.00,  24.85,   0.00, 
   90.147, 0.4569, 0.5838,  3.86817,  3.86817,     0.00,  24.85,   0.00, 
   90.660, 0.4569, 0.5838,  3.86817,  3.86817,     0.00,  24.85,   0.00, 
   91.173, 0.4569, 0.5838,  3.86817,  3.86817,     0.00,  24.85,   0.00, 
   91.686, 0.4569, 0.5838,  3.86817,  3.86817,     0.00,  24.85,   0.00, 
   92.199, 0.4569, 0.5838,  3.86817,  3.86817,     0.00,  24.85,   0.00, 
   92.712, 0.4569, 0.5838,  3.86817,  3.86817,     0.00,  24.85,   0.00, 
   93.225, 0.4569, 0.5838,  3.86817,  3.86817,     0.00,  24.85,   0.00, 
   93.738, 0.4569, 0.5838,  3.86817,  3.86817,     0.00,  24.85,   0.00, 
   94.251, 0.4569, 0.5838,  3.86817,  3.86817,     0.00,  24.85,   0.00, 
   94.764, 0.4569, 0.5838,  3.86817,  3.86817,     0.00,  24.85,   0.00, 
   95.277, 0.4569, 0.5838,  3.86817,  3.86817,     0.00,  24.85,   0.00, 
   95.790, 0.4569, 0.5838,  3.86817,  3.86817,     0.00,  24.85,   0.00, 
   96.303, 0.4569, 0.5838,  3.86817,  3.86817,     0.00,  24.85,   0.00, 
   96.816, 0.4569, 0.5838,  3.86817,  3.86817,     0.00,  24.85,   0.00, 
   97.329, 0.4569, 0.5838,  3.86817,  3.86817,     0.00,  24.85,   0.00, 
   97.842, 0.4569, 0.5838,  3.86817,  3.86817,     0.00,  24.85,   0.00, 
   98.355, 0.4569, 0.5838,  3.86817,  3.86817,     0.00,  24.85,   0.00, 
   98.868, 0.4569, 0.5838,  3.86817,  3.86817,     0.00,  24.85,   0.00, 
   99.381, 0.4569, 0.5838,  3.86817,  3.86817,     0.00,  24.85,   0.00, 
   99.894, 0.4569, 0.5838,  3.86817,  3.86817,     0.00,  24.85,   0.00, 
  100.407, 0.4569, 0.5838,  3.86817,  3.86817,     0.00,  24.85,   0.00, 
  100.920, 0.4569, 0.5838,  3.86817,  3.86817,     0.00,  24.85,   0.00, 
  101.433, 0.4569, 0.5838,  3.86817,  3.86817,     0.00,  24.85,   0.00, 
  101.946, 0.4569, 0.5838,  3.86817,  3.86817,     0.00,  24.85,   0.00, 
  102.459, 0.4569, 0.5838,  3.86817,  3.86817,     0.00,  24.85,   0.00, 
  102.972, 0.4569, 0.5838,  3.86817,  3.86817,     0.00,  24.85,   0.00, 
  103.485, 0.4569, 0.5838,  3.86817,  3.86817,     0.00,  24.85,   0.00, 
  103.998, 0.4569, 0.5838,  3.86817,  3.86817,     0.00,  24.85,   0.00, 
  104.511, 0.4569, 0.5838,  3.86817,  3.86817,     0.00,  24.85,   0.00, 
  105.024, 0.4569, 0.5838,  3.86817,  3.86817,     0.00,  24.85,   0.00, 
  105.537, 0.4569, 0.5838,  3.86817,  3.86817,     0.00,  24.85,   0.00, 
  106.050, 0.4569, 0.5838,  3.86817,  3.86817,     0.00,  24.85,   0.00, 
  106.563, 0.4569, 0.5838,  3.86817,  3.86817,     0.00,  24.85,   0.00, 
  107.076, 0.4569, 0.5838,  3.86817,  3.86817,     0.00,  24.85,   0.00, 
  107.589, 0.4569, 0.5838,  3.86817,  3.86817,     0.00,  24.85,   0.00, 
  108.102, 0.4569, 0.5838,  3.86817,  3.86817,     0.00,  24.85,   0.00, 
  108.615, 0.4569, 0.5838,  3.86817,  3.86817,     0.00,  24.85,   0.00, 
  109.128, 0.4569, 0.5838,  3.86817,  3.86817,     0.00,  24.85,   0.00, 
  109.641, 0.4569, 0.5838,  3.86817,  3.86817,     0.00,  24.85,   0.00, 
  110.154, 0.4569, 0.5838,  3.86817,  3.86817,     0.00,  24.85,   0.00, 
  110.667, 0.4569, 0.5838,  3.86817,  3.86817,     0.00,  24.85,   0.00, 
  111.180, 0.4569, 0.5838,  3.86817,  3.86817,     0.00,  24.85,   0.00, 
  111.693, 0.4569, 0.5838,  3.86817,  3.86817,     0.00,  24.85,   0.00, 
  112.206, 0.4569, 0.5838,  3.86817,  3.86817,     0.00,  24.85,   0.00, 
  112.719, 0.4569, 0.5838,  3.86817,  3.86817,     0.00,  24.85,   0.00, 
  113.232, 0.4569, 0.5838,  3.86817,  3.86817,     0.00,  24.85,   0.00, 
  113.745, 0.4569, 0.5838,  3.86817,  3.86817,     0.00,  24.85,   0.00, 
  114.258, 0.4569, 0.5838,  3.86817,  3.86817,     0.00,  24.85,   0.00, 
  114.771, 0.4569, 0.5838,  3.86817,  3.86817,     0.00,  24.85,   0.00, 
  115.284, 0.4569, 0.5838,  3.86817,  3.86817,     0.00,  24.85,   0.00, 
  115.797, 0.4569, 0.5838,  3.86817,  3.86817,     0.00,  24.85,   0.00, 
  116.310, 0.4569, 0.5838,  3.86817,  3.86817,     0.00,  24.85,   0.00, 
  116.823, 0.4569, 0.5838,  3.86817,  3.86817,     0.00,  24.85,   0.00, 
  117.336, 0.4569, 0.5838,  3.86817,  3.86817,     0.00,  24.85,   0.00, 
  117.849, 0.4569, 0.5838,  3.86817,  3.86817,     0.00,  24.85,   0.00, 
  118.362, 0.4569, 0.5838,  3.86817,  3.86817,     0.00,  24.85,   0.00, 
  118.875, 0.4569, 0.5838,  3.86817,  3.86817,     0.00,  24.85,   0.00, 
  119.388, 0.4569, 0.5838,  3.86817,  3.86817,     0.00,  24.85,   0.00, 
  119.901, 0.4569, 0.5838,  3.86817,  3.86817,     0.00,  24.85,   0.00, 
  120.414, 0.4569, 0.5838,  3.86817,  3.86817,     0.00,  24.85,   0.00, 
  120.927, 0.4569, 0.5838,  3.86817,  3.86817,     0.00,  24.85,   0.00, 
  121.440, 0.4569, 0.5838,  3.86817,  3.86817,     0.00,  24.85,   0.00, 
  121.953, 0.4569, 0.5838,  3.86817,  3.86817,     0.00,  24.85,   0.00, 
  122.466, 0.4569, 0.5838,  3.86817,  3.86817,     0.00,  24.85,   0.00, 
  122.979, 0.4569, 0.5838,  3.86817,  3.86817,     0.00,  24.85,   0.00, 
  123.492, 0.4569, 0.5838,  3.86817,  3.86817,     0.00,  24.85,   0.00, 
  124.005, 0.4569, 0.5838,  3.86817,  3.86817,     0.00,  24.85,   0.00, 
  124.518, 0.4569, 0.5838,  3.86817,  3.86817,     0.00,  24.85,   0.00, 
  125.000, 0.4569, 0.5838,  3.86817,  3.86817,     0.00,  24.85,   0.00, 

            mass  =  0.8166 kg/m2
 specific energy segment =     0.00 W-h/kg
 specific power segment  =     0.00 W/kg
 total heat =          0.2985 W-h/m2
  
