     50  lim, limit on number of iterations
 100.00  h1,  thickness of negative electrode (microns)
  25.00  h2,  thickness of separator (microns)
 100.00  h3,  thickness of positive electrode (microns)
  25.00  hcn, thickness of negative electrode current collector (microns)
  25.00  hcp, thickness of positive electrode current collector (microns)
     80  n1,  number of nodes in negative electrode
     40  n2,  number of nodes in separator
     80  n3,  number of nodes in positive electrode
 298.00  T,   temperature (K)

 1000.0  xx(1,n1+2), initial concentration (mol/m3)
 0.6000  csx,   initial stoichiometric parameter for negative
 0.5000  csy,   initial stoichiometric parameter for positive
   30.0  tmmax, maximum time step size (s)
 .4E-13  dfs1, diffusion coefficient in negative solid (m2/s)
 .1E-12  dfs3, diffusion coefficient in positive solid (m2/s)
  10.00  Rad1,  radius of negative particles (microns)
  10.00  Rad3,  radius of positive particles (microns)

  0.300  ep1,   volume fraction of electrolyte in negative electrode
  0.000  epp1,  volume fraction of polymer phase in negative electrode
  0.100  epf1,  volume fraction of inert filler in negative electrode
  1.000  ep2,   volume fraction of electrolyte in separator
  0.000  epp2,  volume fraction of polymer phase in separator
  0.300  ep3,   volume fraction of electrolyte in positive electrode
  0.000  epp3,  volume fraction of polymer phase in positive electrode
  0.200  epf3,  volume fraction of inert filler in positive electrode
 0.10E+03  sig1,  conductivity of negative matrix (S/m)
  10.      sig3,  conductivity of positive matrix (S/m)
  372.00  cot1,  coulombic capacity of negative material (mAh/g)
  274.00  cot3,  coulombic capacity of positive material (mAh/g)
 .1E-04  rka1,  reaction rate constant for negative reaction 
 .3E-10  rka3,  reaction rate constant for positive reaction

 1324.0  re,   density of electrolyte (kg/m3)
 1800.0  rs1,  density of negative insertion material (kg/m3)
 5010.0  rs3,  density of positive insertion material (kg/m3)
 1800.0  rf,   density of inert filler (kg/m3)
 1780.0  rpl,  density of polymer phase (kg/m3)
    0.0  rc,   density of separator material (kg/m3)
 8954.0  rcn,  density of negative current collector (kg/m3)
 2707.0  rcp,  density of positive current collector (kg/m3)

   0.001000  ranode,   anode film resistance (ohm-m2)
   0.000000  rcathde,  cathode film resistance (ohm-m2)
   0.00  htc,   heat-transfer coefficient with external medium (W/m2K)
   0.000000  dUdT,  temperature coefficient of EMF (V/K)
 2000.0  Cp,    heat capacity of cell (J/kg-K)
   0.00  residm,    residual mass (kg/m2)
 298.00  Tam,   ambient temperature (K)
      1  ncell, number of cells in a cell stack
      2  lht,   0 uses htc,  1 calcs htc,  2 isothermal

      0    nside, side reaction flag 

      1  il1,   1 for long print-out  0 for short print-out
     10  il2,   prints every il2 th node in long print-out
     10  il3,   prints every il3 th time step in long print-out
      1  lflag, 0 for electrolyte in separator only, 1 for uniform
      0  imp, 0 for no impedance, 1 for impedance
   0.00  capp1,  capacitance of negative material (F/m2)
   0.00  capp3,  capacitance of positive material (F/m2)
      3  lcurs, number of current changes
  
 MCMB 2528 Graphite (Bellcore)
 LiPF6 in EC:DMC
 LiCoO2 (Cobalt dioxide)
 open-circuit potential, negative   0.178978294
 delta S negative   0.
 open-circuit potential, positive   4.24165195
 delta S positive   0.
  
      DUAL INSERTION CELL VERSION 5.1
  
   Time     Util N  Util P  Cell Pot   Uocp      Curr      Temp   heatgen
   (min)       x       y      (V)       (V)      (A/m2)    (C)    (W/m2)
  
    0.000, 0.6000, 0.5000,  4.06267,  4.06267,     0.00,  24.85,   0.00, 
    0.001, 0.6000, 0.5000,  4.06267,  4.06267,     0.00,  24.85,   0.00, 
    0.001, 0.6000, 0.5000,  4.06267,  4.06267,     0.00,  24.85,   0.00, 
    0.001, 0.6000, 0.5000,  4.06267,  4.06267,     0.00,  24.85,   0.00, 
    0.002, 0.6000, 0.5000,  4.06267,  4.06267,     0.00,  24.85,   0.00, 
    0.002, 0.6000, 0.5000,  4.06267,  4.06267,     0.00,  24.85,   0.00, 
    0.003, 0.6000, 0.5000,  4.06267,  4.06267,     0.00,  24.85,   0.00, 
    0.003, 0.6000, 0.5000,  4.06267,  4.06267,     0.00,  24.85,   0.00, 
    0.004, 0.6000, 0.5000,  4.06267,  4.06267,     0.00,  24.85,   0.00, 
    0.005, 0.6000, 0.5000,  4.06267,  4.06267,     0.00,  24.85,   0.00, 
    0.006, 0.6000, 0.5000,  4.06267,  4.06267,     0.00,  24.85,   0.00, 
    0.007, 0.6000, 0.5000,  4.06267,  4.06267,     0.00,  24.85,   0.00, 
    0.007, 0.6000, 0.5000,  4.06267,  4.06267,     0.00,  24.85,   0.00, 
    0.009, 0.6000, 0.5000,  4.06267,  4.06267,     0.00,  24.85,   0.00, 
    0.010, 0.6000, 0.5000,  4.06267,  4.06267,     0.00,  24.85,   0.00, 
    0.011, 0.6000, 0.5000,  4.06267,  4.06267,     0.00,  24.85,   0.00, 
    0.012, 0.6000, 0.5000,  4.06267,  4.06267,     0.00,  24.85,   0.00, 
    0.014, 0.6000, 0.5000,  4.06267,  4.06267,     0.00,  24.85,   0.00, 
    0.016, 0.6000, 0.5000,  4.06267,  4.06267,     0.00,  24.85,   0.00, 
    0.017, 0.6000, 0.5000,  4.06267,  4.06267,     0.00,  24.85,   0.00, 
    0.019, 0.6000, 0.5000,  4.06267,  4.06267,     0.00,  24.85,   0.00, 
    0.022, 0.6000, 0.5000,  4.06267,  4.06267,     0.00,  24.85,   0.00, 
    0.024, 0.6000, 0.5000,  4.06267,  4.06267,     0.00,  24.85,   0.00, 
    0.027, 0.6000, 0.5000,  4.06267,  4.06267,     0.00,  24.85,   0.00, 
    0.030, 0.6000, 0.5000,  4.06267,  4.06267,     0.00,  24.85,   0.00, 
    0.033, 0.6000, 0.5000,  4.06267,  4.06267,     0.00,  24.85,   0.00, 
    0.037, 0.6000, 0.5000,  4.06267,  4.06267,     0.00,  24.85,   0.00, 
    0.041, 0.6000, 0.5000,  4.06267,  4.06267,     0.00,  24.85,   0.00, 
    0.045, 0.6000, 0.5000,  4.06267,  4.06267,     0.00,  24.85,   0.00, 
    0.050, 0.6000, 0.5000,  4.06267,  4.06267,     0.00,  24.85,   0.00, 
    0.055, 0.6000, 0.5000,  4.06267,  4.06267,     0.00,  24.85,   0.00, 
    0.061, 0.6000, 0.5000,  4.06267,  4.06267,     0.00,  24.85,   0.00, 
    0.067, 0.6000, 0.5000,  4.06267,  4.06267,     0.00,  24.85,   0.00, 
    0.074, 0.6000, 0.5000,  4.06267,  4.06267,     0.00,  24.85,   0.00, 
    0.082, 0.6000, 0.5000,  4.06267,  4.06267,     0.00,  24.85,   0.00, 
    0.091, 0.6000, 0.5000,  4.06267,  4.06267,     0.00,  24.85,   0.00, 
    0.100, 0.6000, 0.5000,  4.06267,  4.06267,     0.00,  24.85,   0.00, 
    0.110, 0.6000, 0.5000,  4.06267,  4.06267,     0.00,  24.85,   0.00, 
    0.122, 0.6000, 0.5000,  4.06267,  4.06267,     0.00,  24.85,   0.00, 
    0.134, 0.6000, 0.5000,  4.06267,  4.06267,     0.00,  24.85,   0.00, 
    0.148, 0.6000, 0.5000,  4.06267,  4.06267,     0.00,  24.85,   0.00, 
    0.163, 0.6000, 0.5000,  4.06267,  4.06267,     0.00,  24.85,   0.00, 
    0.180, 0.6000, 0.5000,  4.06267,  4.06267,     0.00,  24.85,   0.00, 
    0.198, 0.6000, 0.5000,  4.06267,  4.06267,     0.00,  24.85,   0.00, 
    0.218, 0.6000, 0.5000,  4.06267,  4.06267,     0.00,  24.85,   0.00, 
    0.240, 0.6000, 0.5000,  4.06267,  4.06267,     0.00,  24.85,   0.00, 
    0.264, 0.6000, 0.5000,  4.06267,  4.06267,     0.00,  24.85,   0.00, 
    0.291, 0.6000, 0.5000,  4.06267,  4.06267,     0.00,  24.85,   0.00, 
    0.320, 0.6000, 0.5000,  4.06267,  4.06267,     0.00,  24.85,   0.00, 
    0.353, 0.6000, 0.5000,  4.06267,  4.06267,     0.00,  24.85,   0.00, 
    0.388, 0.6000, 0.5000,  4.06267,  4.06267,     0.00,  24.85,   0.00, 
    0.427, 0.6000, 0.5000,  4.06267,  4.06267,     0.00,  24.85,   0.00, 
    0.470, 0.6000, 0.5000,  4.06267,  4.06267,     0.00,  24.85,   0.00, 
    0.518, 0.6000, 0.5000,  4.06267,  4.06267,     0.00,  24.85,   0.00, 
    0.570, 0.6000, 0.5000,  4.06267,  4.06267,     0.00,  24.85,   0.00, 
    0.627, 0.6000, 0.5000,  4.06267,  4.06267,     0.00,  24.85,   0.00, 
    0.690, 0.6000, 0.5000,  4.06267,  4.06267,     0.00,  24.85,   0.00, 
    0.760, 0.6000, 0.5000,  4.06267,  4.06267,     0.00,  24.85,   0.00, 
    0.836, 0.6000, 0.5000,  4.06267,  4.06267,     0.00,  24.85,   0.00, 
    0.920, 0.6000, 0.5000,  4.06267,  4.06267,     0.00,  24.85,   0.00, 
    1.012, 0.6000, 0.5000,  4.06267,  4.06267,     0.00,  24.85,   0.00, 
    1.113, 0.6000, 0.5000,  4.06267,  4.06267,     0.00,  24.85,   0.00, 
    1.225, 0.6000, 0.5000,  4.06267,  4.06267,     0.00,  24.85,   0.00, 
    1.348, 0.6000, 0.5000,  4.06267,  4.06267,     0.00,  24.85,   0.00, 
    1.483, 0.6000, 0.5000,  4.06267,  4.06267,     0.00,  24.85,   0.00, 
    1.632, 0.6000, 0.5000,  4.06267,  4.06267,     0.00,  24.85,   0.00, 
    1.795, 0.6000, 0.5000,  4.06267,  4.06267,     0.00,  24.85,   0.00, 
    1.975, 0.6000, 0.5000,  4.06267,  4.06267,     0.00,  24.85,   0.00, 
    2.173, 0.6000, 0.5000,  4.06267,  4.06267,     0.00,  24.85,   0.00, 
    2.390, 0.6000, 0.5000,  4.06267,  4.06267,     0.00,  24.85,   0.00, 
    2.629, 0.6000, 0.5000,  4.06267,  4.06267,     0.00,  24.85,   0.00, 
    2.893, 0.6000, 0.5000,  4.06267,  4.06267,     0.00,  24.85,   0.00, 
    3.182, 0.6000, 0.5000,  4.06267,  4.06267,     0.00,  24.85,   0.00, 
    3.501, 0.6000, 0.5000,  4.06267,  4.06267,     0.00,  24.85,   0.00, 
    3.851, 0.6000, 0.5000,  4.06267,  4.06267,     0.00,  24.85,   0.00, 
    4.237, 0.6000, 0.5000,  4.06267,  4.06267,     0.00,  24.85,   0.00, 
    4.661, 0.6000, 0.5000,  4.06267,  4.06267,     0.00,  24.85,   0.00, 
    5.127, 0.6000, 0.5000,  4.06267,  4.06267,     0.00,  24.85,   0.00, 
    5.640, 0.6000, 0.5000,  4.06267,  4.06267,     0.00,  24.85,   0.00, 
    6.153, 0.6000, 0.5000,  4.06267,  4.06267,     0.00,  24.85,   0.00, 
    6.666, 0.6000, 0.5000,  4.06267,  4.06267,     0.00,  24.85,   0.00, 
    7.179, 0.6000, 0.5000,  4.06267,  4.06267,     0.00,  24.85,   0.00, 
    7.692, 0.6000, 0.5000,  4.06267,  4.06267,     0.00,  24.85,   0.00, 
    8.205, 0.6000, 0.5000,  4.06267,  4.06267,     0.00,  24.85,   0.00, 
    8.718, 0.6000, 0.5000,  4.06267,  4.06267,     0.00,  24.85,   0.00, 
    9.231, 0.6000, 0.5000,  4.06267,  4.06267,     0.00,  24.85,   0.00, 
    9.744, 0.6000, 0.5000,  4.06267,  4.06267,     0.00,  24.85,   0.00, 
   10.000, 0.6000, 0.5000,  4.06267,  4.06267,     0.00,  24.85,   0.00, 
   10.000, 0.6000, 0.5000,  4.03743,  4.06267,    23.00,  24.85,   0.58, 
 specific energy segment =     0.00 W-h/kg
 specific power segment  =     0.00 W/kg
 total heat =          0.0000 W-h/m2
  
   10.000, 0.6000, 0.5000,  4.03743,  4.06267,    23.00,  24.85,   0.58, 
   10.000, 0.6000, 0.5000,  4.03730,  4.06267,    23.00,  24.85,   0.58, 
   10.001, 0.6000, 0.5000,  4.03721,  4.06267,    23.00,  24.85,   0.59, 
   10.001, 0.6000, 0.5000,  4.03714,  4.06267,    23.00,  24.85,   0.59, 
   10.002, 0.6000, 0.5000,  4.03707,  4.06267,    23.00,  24.85,   0.59, 
   10.002, 0.6000, 0.5000,  4.03701,  4.06266,    23.00,  24.85,   0.59, 
   10.003, 0.6000, 0.5000,  4.03695,  4.06266,    23.00,  24.85,   0.59, 
   10.003, 0.6000, 0.5000,  4.03689,  4.06266,    23.00,  24.85,   0.59, 
   10.004, 0.6000, 0.5000,  4.03682,  4.06265,    23.00,  24.85,   0.59, 
   10.005, 0.6000, 0.5000,  4.03676,  4.06265,    23.00,  24.85,   0.60, 
   10.005, 0.5999, 0.5000,  4.03669,  4.06265,    23.00,  24.85,   0.60, 
   10.006, 0.5999, 0.5000,  4.03662,  4.06264,    23.00,  24.85,   0.60, 
   10.007, 0.5999, 0.5000,  4.03655,  4.06264,    23.00,  24.85,   0.60, 
   10.008, 0.5999, 0.5000,  4.03648,  4.06263,    23.00,  24.85,   0.60, 
   10.009, 0.5999, 0.5001,  4.03640,  4.06262,    23.00,  24.85,   0.60, 
   10.011, 0.5999, 0.5001,  4.03632,  4.06262,    23.00,  24.85,   0.60, 
   10.012, 0.5999, 0.5001,  4.03624,  4.06261,    23.00,  24.85,   0.61, 
   10.014, 0.5999, 0.5001,  4.03615,  4.06260,    23.00,  24.85,   0.61, 
   10.015, 0.5999, 0.5001,  4.03606,  4.06259,    23.00,  24.85,   0.61, 
   10.017, 0.5998, 0.5001,  4.03596,  4.06258,    23.00,  24.85,   0.61, 
   10.019, 0.5998, 0.5001,  4.03586,  4.06257,    23.00,  24.85,   0.61, 
   10.021, 0.5998, 0.5001,  4.03575,  4.06256,    23.00,  24.85,   0.62, 
   10.024, 0.5998, 0.5001,  4.03564,  4.06255,    23.00,  24.85,   0.62, 
   10.027, 0.5997, 0.5001,  4.03552,  4.06253,    23.00,  24.85,   0.62, 
   10.029, 0.5997, 0.5002,  4.03539,  4.06252,    23.00,  24.85,   0.62, 
   10.033, 0.5997, 0.5002,  4.03526,  4.06250,    23.00,  24.85,   0.63, 
   10.036, 0.5997, 0.5002,  4.03512,  4.06248,    23.00,  24.85,   0.63, 
   10.040, 0.5996, 0.5002,  4.03497,  4.06246,    23.00,  24.85,   0.63, 
   10.045, 0.5996, 0.5002,  4.03481,  4.06243,    23.00,  24.85,   0.64, 
   10.050, 0.5995, 0.5003,  4.03465,  4.06241,    23.00,  24.85,   0.64, 
   10.055, 0.5995, 0.5003,  4.03447,  4.06238,    23.00,  24.85,   0.64, 
   10.061, 0.5994, 0.5003,  4.03429,  4.06235,    23.00,  24.85,   0.65, 
   10.067, 0.5994, 0.5004,  4.03409,  4.06232,    23.00,  24.85,   0.65, 
   10.074, 0.5993, 0.5004,  4.03388,  4.06228,    23.00,  24.85,   0.65, 
   10.082, 0.5992, 0.5005,  4.03367,  4.06224,    23.00,  24.85,   0.66, 
   10.090, 0.5991, 0.5005,  4.03343,  4.06219,    23.00,  24.85,   0.66, 
   10.100, 0.5990, 0.5006,  4.03319,  4.06214,    23.00,  24.85,   0.67, 
   10.110, 0.5990, 0.5006,  4.03293,  4.06209,    23.00,  24.85,   0.67, 
   10.121, 0.5988, 0.5007,  4.03266,  4.06203,    23.00,  24.85,   0.68, 
   10.134, 0.5987, 0.5007,  4.03237,  4.06196,    23.00,  24.85,   0.68, 
   10.148, 0.5986, 0.5008,  4.03206,  4.06189,    23.00,  24.85,   0.69, 
   10.163, 0.5984, 0.5009,  4.03174,  4.06181,    23.00,  24.85,   0.69, 
   10.179, 0.5983, 0.5010,  4.03140,  4.06172,    23.00,  24.85,   0.70, 
   10.197, 0.5981, 0.5011,  4.03104,  4.06163,    23.00,  24.85,   0.70, 
   10.218, 0.5979, 0.5012,  4.03066,  4.06152,    23.00,  24.85,   0.71, 
   10.240, 0.5977, 0.5013,  4.03026,  4.06141,    23.00,  24.85,   0.72, 
   10.264, 0.5975, 0.5015,  4.02983,  4.06128,    23.00,  24.85,   0.72, 
   10.291, 0.5972, 0.5016,  4.02939,  4.06114,    23.00,  24.85,   0.73, 
   10.320, 0.5969, 0.5018,  4.02892,  4.06099,    23.00,  24.85,   0.74, 
   10.352, 0.5966, 0.5020,  4.02842,  4.06082,    23.00,  24.85,   0.74, 
   10.388, 0.5963, 0.5022,  4.02791,  4.06064,    23.00,  24.85,   0.75, 
   10.427, 0.5959, 0.5024,  4.02737,  4.06044,    23.00,  24.85,   0.76, 
   10.470, 0.5955, 0.5026,  4.02680,  4.06022,    23.00,  24.85,   0.77, 
   10.517, 0.5951, 0.5029,  4.02620,  4.05998,    23.00,  24.85,   0.77, 
   10.570, 0.5946, 0.5032,  4.02558,  4.05972,    23.00,  24.85,   0.78, 
   10.627, 0.5940, 0.5035,  4.02493,  4.05943,    23.00,  24.85,   0.79, 
   10.690, 0.5934, 0.5039,  4.02425,  4.05912,    23.00,  24.85,   0.80, 
   10.759, 0.5928, 0.5042,  4.02354,  4.05877,    23.00,  24.85,   0.81, 
   10.835, 0.5920, 0.5047,  4.02279,  4.05840,    23.00,  24.85,   0.82, 
   10.919, 0.5912, 0.5051,  4.02200,  4.05799,    23.00,  24.85,   0.82, 
   11.012, 0.5903, 0.5056,  4.02116,  4.05755,    23.00,  24.85,   0.83, 
   11.113, 0.5894, 0.5062,  4.02025,  4.05706,    23.00,  24.85,   0.84, 
   11.225, 0.5883, 0.5068,  4.01928,  4.05653,    23.00,  24.85,   0.85, 
   11.348, 0.5871, 0.5075,  4.01821,  4.05596,    23.00,  24.85,   0.86, 
   11.483, 0.5859, 0.5083,  4.01701,  4.05533,    23.00,  24.85,   0.88, 
   11.631, 0.5844, 0.5091,  4.01564,  4.05464,    23.00,  24.85,   0.89, 
   11.795, 0.5829, 0.5100,  4.01404,  4.05388,    23.00,  24.85,   0.91, 
   11.974, 0.5812, 0.5110,  4.01213,  4.05303,    23.00,  24.85,   0.94, 
   12.172, 0.5793, 0.5121,  4.00978,  4.05208,    23.00,  24.85,   0.97, 
   12.390, 0.5772, 0.5133,  4.00681,  4.05098,    23.00,  24.85,   1.01, 
   12.629, 0.5749, 0.5147,  4.00297,  4.04964,    23.00,  24.85,   1.07, 
   12.892, 0.5724, 0.5162,  3.99796,  4.04793,    23.00,  24.85,   1.14, 
   13.182, 0.5696, 0.5178,  3.99160,  4.04557,    23.00,  24.85,   1.23, 
   13.501, 0.5666, 0.5196,  3.98413,  4.04212,    23.00,  24.85,   1.32, 
   13.851, 0.5633, 0.5215,  3.97651,  4.03687,    23.00,  24.85,   1.38, 
   14.236, 0.5596, 0.5237,  3.96989,  4.02924,    23.00,  24.85,   1.35, 
   14.660, 0.5555, 0.5260,  3.96477,  4.01973,    23.00,  24.85,   1.26, 
   15.127, 0.5511, 0.5286,  3.96079,  4.01053,    23.00,  24.85,   1.14, 
   15.640, 0.5462, 0.5315,  3.95720,  4.00374,    23.00,  24.85,   1.07, 
   16.153, 0.5413, 0.5344,  3.95360,  3.99967,    23.00,  24.85,   1.06, 
   16.666, 0.5364, 0.5372,  3.94954,  3.99683,    23.00,  24.85,   1.08, 
   17.179, 0.5315, 0.5401,  3.94477,  3.99420,    23.00,  24.85,   1.13, 
   17.692, 0.5266, 0.5430,  3.93912,  3.99118,    23.00,  24.85,   1.19, 
   18.205, 0.5217, 0.5458,  3.93248,  3.98737,    23.00,  24.85,   1.25, 
   18.718, 0.5168, 0.5487,  3.92474,  3.98250,    23.00,  24.85,   1.32, 
   19.000, 0.5141, 0.5503,  3.92001,  3.97927,    23.00,  24.85,   1.35, 
   19.000, 0.5141, 0.5503,  3.94633,  3.97927,     0.00,  24.85,   0.08, 
 specific energy segment =    16.80 W-h/kg
 specific power segment  =   111.97 W/kg
 total heat =          0.1664 W-h/m2
  
   19.000, 0.5141, 0.5503,  3.94633,  3.97927,     0.00,  24.85,   0.08, 
   19.000, 0.5141, 0.5503,  3.94681,  3.97927,     0.00,  24.85,   0.07, 
   19.001, 0.5141, 0.5503,  3.94712,  3.97927,     0.00,  24.85,   0.07, 
   19.001, 0.5141, 0.5503,  3.94737,  3.97927,     0.00,  24.85,   0.07, 
   19.002, 0.5141, 0.5503,  3.94759,  3.97927,     0.00,  24.85,   0.07, 
   19.002, 0.5141, 0.5503,  3.94779,  3.97927,     0.00,  24.85,   0.07, 
   19.003, 0.5141, 0.5503,  3.94799,  3.97927,     0.00,  24.85,   0.07, 
   19.003, 0.5141, 0.5503,  3.94818,  3.97927,     0.00,  24.85,   0.07, 
   19.004, 0.5141, 0.5503,  3.94837,  3.97927,     0.00,  24.85,   0.07, 
   19.005, 0.5141, 0.5503,  3.94856,  3.97927,     0.00,  24.85,   0.06, 
   19.005, 0.5141, 0.5503,  3.94876,  3.97927,     0.00,  24.85,   0.06, 
   19.006, 0.5141, 0.5503,  3.94895,  3.97927,     0.00,  24.85,   0.06, 
   19.007, 0.5141, 0.5503,  3.94915,  3.97927,     0.00,  24.85,   0.06, 
   19.008, 0.5141, 0.5503,  3.94935,  3.97927,     0.00,  24.85,   0.06, 
   19.009, 0.5141, 0.5503,  3.94956,  3.97927,     0.00,  24.85,   0.06, 
   19.011, 0.5141, 0.5503,  3.94978,  3.97927,     0.00,  24.85,   0.06, 
   19.012, 0.5141, 0.5503,  3.95000,  3.97927,     0.00,  24.85,   0.06, 
   19.014, 0.5141, 0.5503,  3.95023,  3.97927,     0.00,  24.85,   0.06, 
   19.015, 0.5141, 0.5503,  3.95046,  3.97927,     0.00,  24.85,   0.06, 
   19.017, 0.5141, 0.5503,  3.95071,  3.97927,     0.00,  24.85,   0.06, 
   19.019, 0.5141, 0.5503,  3.95096,  3.97927,     0.00,  24.85,   0.05, 
   19.021, 0.5141, 0.5503,  3.95122,  3.97927,     0.00,  24.85,   0.05, 
   19.024, 0.5141, 0.5503,  3.95149,  3.97927,     0.00,  24.85,   0.05, 
   19.027, 0.5141, 0.5503,  3.95178,  3.97927,     0.00,  24.85,   0.05, 
   19.029, 0.5141, 0.5503,  3.95207,  3.97927,     0.00,  24.85,   0.05, 
   19.033, 0.5141, 0.5503,  3.95237,  3.97927,     0.00,  24.85,   0.05, 
   19.036, 0.5141, 0.5503,  3.95269,  3.97927,     0.00,  24.85,   0.05, 
   19.040, 0.5141, 0.5503,  3.95302,  3.97927,     0.00,  24.85,   0.05, 
   19.045, 0.5141, 0.5503,  3.95336,  3.97927,     0.00,  24.85,   0.05, 
   19.050, 0.5141, 0.5503,  3.95371,  3.97927,     0.00,  24.85,   0.05, 
   19.055, 0.5141, 0.5503,  3.95408,  3.97927,     0.00,  24.85,   0.04, 
   19.061, 0.5141, 0.5503,  3.95446,  3.97927,     0.00,  24.85,   0.04, 
   19.067, 0.5141, 0.5503,  3.95485,  3.97927,     0.00,  24.85,   0.04, 
   19.074, 0.5141, 0.5503,  3.95527,  3.97927,     0.00,  24.85,   0.04, 
   19.082, 0.5141, 0.5503,  3.95569,  3.97927,     0.00,  24.85,   0.04, 
   19.090, 0.5141, 0.5503,  3.95614,  3.97927,     0.00,  24.85,   0.04, 
   19.100, 0.5141, 0.5503,  3.95660,  3.97927,     0.00,  24.85,   0.04, 
   19.110, 0.5141, 0.5503,  3.95708,  3.97927,     0.00,  24.85,   0.04, 
   19.121, 0.5141, 0.5503,  3.95758,  3.97927,     0.00,  24.85,   0.04, 
   19.134, 0.5141, 0.5503,  3.95809,  3.97927,     0.00,  24.85,   0.04, 
   19.148, 0.5141, 0.5503,  3.95862,  3.97927,     0.00,  24.85,   0.04, 
   19.163, 0.5141, 0.5503,  3.95917,  3.97927,     0.00,  24.85,   0.03, 
   19.179, 0.5141, 0.5503,  3.95974,  3.97927,     0.00,  24.85,   0.03, 
   19.197, 0.5141, 0.5503,  3.96033,  3.97927,     0.00,  24.85,   0.03, 
   19.218, 0.5141, 0.5503,  3.96094,  3.97927,     0.00,  24.85,   0.03, 
   19.240, 0.5141, 0.5503,  3.96156,  3.97927,     0.00,  24.85,   0.03, 
   19.264, 0.5141, 0.5503,  3.96221,  3.97927,     0.00,  24.85,   0.03, 
   19.291, 0.5141, 0.5503,  3.96286,  3.97927,     0.00,  24.85,   0.03, 
   19.320, 0.5141, 0.5503,  3.96354,  3.97927,     0.00,  24.85,   0.03, 
   19.352, 0.5141, 0.5503,  3.96423,  3.97927,     0.00,  24.85,   0.03, 
   19.388, 0.5141, 0.5503,  3.96492,  3.97927,     0.00,  24.85,   0.03, 
   19.427, 0.5141, 0.5503,  3.96563,  3.97927,     0.00,  24.85,   0.03, 
   19.470, 0.5141, 0.5503,  3.96635,  3.97927,     0.00,  24.85,   0.02, 
   19.517, 0.5141, 0.5503,  3.96707,  3.97927,     0.00,  24.85,   0.02, 
   19.570, 0.5141, 0.5503,  3.96779,  3.97927,     0.00,  24.85,   0.02, 
   19.627, 0.5141, 0.5503,  3.96851,  3.97927,     0.00,  24.85,   0.02, 
   19.690, 0.5141, 0.5503,  3.96923,  3.97927,     0.00,  24.85,   0.02, 
   19.759, 0.5141, 0.5503,  3.96993,  3.97927,     0.00,  24.85,   0.02, 
   19.835, 0.5141, 0.5503,  3.97062,  3.97927,     0.00,  24.85,   0.02, 
   19.919, 0.5141, 0.5503,  3.97130,  3.97927,     0.00,  24.85,   0.02, 
   20.012, 0.5141, 0.5503,  3.97195,  3.97927,     0.00,  24.85,   0.02, 
   20.113, 0.5141, 0.5503,  3.97258,  3.97927,     0.00,  24.85,   0.01, 
   20.225, 0.5141, 0.5503,  3.97318,  3.97927,     0.00,  24.85,   0.01, 
   20.348, 0.5141, 0.5503,  3.97376,  3.97927,     0.00,  24.85,   0.01, 
   20.483, 0.5141, 0.5503,  3.97430,  3.97927,     0.00,  24.85,   0.01, 
   20.631, 0.5141, 0.5503,  3.97481,  3.97927,     0.00,  24.85,   0.01, 
   20.795, 0.5141, 0.5503,  3.97529,  3.97927,     0.00,  24.85,   0.01, 
   20.974, 0.5141, 0.5503,  3.97573,  3.97927,     0.00,  24.85,   0.01, 
   21.172, 0.5141, 0.5503,  3.97614,  3.97927,     0.00,  24.85,   0.01, 
   21.390, 0.5141, 0.5503,  3.97651,  3.97927,     0.00,  24.85,   0.01, 
   21.629, 0.5141, 0.5503,  3.97686,  3.97927,     0.00,  24.85,   0.01, 
   21.892, 0.5141, 0.5503,  3.97717,  3.97927,     0.00,  24.85,   0.00, 
   22.182, 0.5141, 0.5503,  3.97746,  3.97927,     0.00,  24.85,   0.00, 
   22.501, 0.5141, 0.5503,  3.97772,  3.97927,     0.00,  24.85,   0.00, 
   22.851, 0.5141, 0.5503,  3.97795,  3.97927,     0.00,  24.85,   0.00, 
   23.236, 0.5141, 0.5503,  3.97815,  3.97927,     0.00,  24.85,   0.00, 
   23.660, 0.5141, 0.5503,  3.97834,  3.97927,     0.00,  24.85,   0.00, 
   24.127, 0.5141, 0.5503,  3.97850,  3.97927,     0.00,  24.85,   0.00, 
   24.640, 0.5141, 0.5503,  3.97864,  3.97927,     0.00,  24.85,   0.00, 
   25.153, 0.5141, 0.5503,  3.97875,  3.97927,     0.00,  24.85,   0.00, 
   25.666, 0.5141, 0.5503,  3.97884,  3.97927,     0.00,  24.85,   0.00, 
   26.179, 0.5141, 0.5503,  3.97891,  3.97927,     0.00,  24.85,   0.00, 
   26.692, 0.5141, 0.5503,  3.97897,  3.97927,     0.00,  24.85,   0.00, 
   27.205, 0.5141, 0.5503,  3.97902,  3.97927,     0.00,  24.85,   0.00, 
   27.718, 0.5141, 0.5503,  3.97906,  3.97927,     0.00,  24.85,   0.00, 
   28.231, 0.5141, 0.5503,  3.97909,  3.97927,     0.00,  24.85,   0.00, 
   28.744, 0.5141, 0.5503,  3.97912,  3.97927,     0.00,  24.85,   0.00, 
   29.257, 0.5141, 0.5503,  3.97914,  3.97927,     0.00,  24.85,   0.00, 
   29.770, 0.5141, 0.5503,  3.97916,  3.97927,     0.00,  24.85,   0.00, 
   30.283, 0.5141, 0.5503,  3.97917,  3.97927,     0.00,  24.85,   0.00, 
   30.796, 0.5141, 0.5503,  3.97919,  3.97927,     0.00,  24.85,   0.00, 
   31.309, 0.5141, 0.5503,  3.97920,  3.97927,     0.00,  24.85,   0.00, 
   31.822, 0.5141, 0.5503,  3.97921,  3.97927,     0.00,  24.85,   0.00, 
   32.335, 0.5141, 0.5503,  3.97922,  3.97927,     0.00,  24.85,   0.00, 
   32.848, 0.5141, 0.5503,  3.97922,  3.97927,     0.00,  24.85,   0.00, 
   33.361, 0.5141, 0.5503,  3.97923,  3.97927,     0.00,  24.85,   0.00, 
   33.874, 0.5141, 0.5503,  3.97923,  3.97927,     0.00,  24.85,   0.00, 
   34.387, 0.5141, 0.5503,  3.97924,  3.97927,     0.00,  24.85,   0.00, 
   34.900, 0.5141, 0.5503,  3.97924,  3.97927,     0.00,  24.85,   0.00, 
   35.413, 0.5141, 0.5503,  3.97924,  3.97927,     0.00,  24.85,   0.00, 
   35.926, 0.5141, 0.5503,  3.97925,  3.97927,     0.00,  24.85,   0.00, 
   36.439, 0.5141, 0.5503,  3.97925,  3.97927,     0.00,  24.85,   0.00, 
   36.952, 0.5141, 0.5503,  3.97925,  3.97927,     0.00,  24.85,   0.00, 
   37.465, 0.5141, 0.5503,  3.97925,  3.97927,     0.00,  24.85,   0.00, 
   37.978, 0.5141, 0.5503,  3.97926,  3.97927,     0.00,  24.85,   0.00, 
   38.491, 0.5141, 0.5503,  3.97926,  3.97927,     0.00,  24.85,   0.00, 
   39.004, 0.5141, 0.5503,  3.97926,  3.97927,     0.00,  24.85,   0.00, 
   39.517, 0.5141, 0.5503,  3.97926,  3.97927,     0.00,  24.85,   0.00, 
   40.030, 0.5141, 0.5503,  3.97926,  3.97927,     0.00,  24.85,   0.00, 
   40.543, 0.5141, 0.5503,  3.97926,  3.97927,     0.00,  24.85,   0.00, 
   41.056, 0.5141, 0.5503,  3.97926,  3.97927,     0.00,  24.85,   0.00, 
   41.569, 0.5141, 0.5503,  3.97926,  3.97927,     0.00,  24.85,   0.00, 
   42.082, 0.5141, 0.5503,  3.97926,  3.97927,     0.00,  24.85,   0.00, 
   42.595, 0.5141, 0.5503,  3.97926,  3.97927,     0.00,  24.85,   0.00, 
   43.108, 0.5141, 0.5503,  3.97926,  3.97927,     0.00,  24.85,   0.00, 
   43.621, 0.5141, 0.5503,  3.97927,  3.97927,     0.00,  24.85,   0.00, 
   44.134, 0.5141, 0.5503,  3.97927,  3.97927,     0.00,  24.85,   0.00, 
   44.647, 0.5141, 0.5503,  3.97927,  3.97927,     0.00,  24.85,   0.00, 
   45.160, 0.5141, 0.5503,  3.97927,  3.97927,     0.00,  24.85,   0.00, 
   45.673, 0.5141, 0.5503,  3.97927,  3.97927,     0.00,  24.85,   0.00, 
   46.186, 0.5141, 0.5503,  3.97927,  3.97927,     0.00,  24.85,   0.00, 
   46.699, 0.5141, 0.5503,  3.97927,  3.97927,     0.00,  24.85,   0.00, 
   47.212, 0.5141, 0.5503,  3.97927,  3.97927,     0.00,  24.85,   0.00, 
   47.725, 0.5141, 0.5503,  3.97927,  3.97927,     0.00,  24.85,   0.00, 
   48.238, 0.5141, 0.5503,  3.97927,  3.97927,     0.00,  24.85,   0.00, 
   48.751, 0.5141, 0.5503,  3.97927,  3.97927,     0.00,  24.85,   0.00, 
   49.264, 0.5141, 0.5503,  3.97927,  3.97927,     0.00,  24.85,   0.00, 
   49.777, 0.5141, 0.5503,  3.97927,  3.97927,     0.00,  24.85,   0.00, 
   50.290, 0.5141, 0.5503,  3.97927,  3.97927,     0.00,  24.85,   0.00, 
   50.803, 0.5141, 0.5503,  3.97927,  3.97927,     0.00,  24.85,   0.00, 
   51.316, 0.5141, 0.5503,  3.97927,  3.97927,     0.00,  24.85,   0.00, 
   51.829, 0.5141, 0.5503,  3.97927,  3.97927,     0.00,  24.85,   0.00, 
   52.342, 0.5141, 0.5503,  3.97927,  3.97927,     0.00,  24.85,   0.00, 
   52.855, 0.5141, 0.5503,  3.97927,  3.97927,     0.00,  24.85,   0.00, 
   53.368, 0.5141, 0.5503,  3.97927,  3.97927,     0.00,  24.85,   0.00, 
   53.881, 0.5141, 0.5503,  3.97927,  3.97927,     0.00,  24.85,   0.00, 
   54.394, 0.5141, 0.5503,  3.97927,  3.97927,     0.00,  24.85,   0.00, 
   54.907, 0.5141, 0.5503,  3.97927,  3.97927,     0.00,  24.85,   0.00, 
   55.420, 0.5141, 0.5503,  3.97927,  3.97927,     0.00,  24.85,   0.00, 
   55.933, 0.5141, 0.5503,  3.97927,  3.97927,     0.00,  24.85,   0.00, 
   56.446, 0.5141, 0.5503,  3.97927,  3.97927,     0.00,  24.85,   0.00, 
   56.959, 0.5141, 0.5503,  3.97927,  3.97927,     0.00,  24.85,   0.00, 
   57.472, 0.5141, 0.5503,  3.97927,  3.97927,     0.00,  24.85,   0.00, 
   57.984, 0.5141, 0.5503,  3.97927,  3.97927,     0.00,  24.85,   0.00, 
   58.497, 0.5141, 0.5503,  3.97927,  3.97927,     0.00,  24.85,   0.00, 
   59.010, 0.5141, 0.5503,  3.97927,  3.97927,     0.00,  24.85,   0.00, 
   59.523, 0.5141, 0.5503,  3.97927,  3.97927,     0.00,  24.85,   0.00, 
   60.036, 0.5141, 0.5503,  3.97927,  3.97927,     0.00,  24.85,   0.00, 
   60.549, 0.5141, 0.5503,  3.97927,  3.97927,     0.00,  24.85,   0.00, 
   61.062, 0.5141, 0.5503,  3.97927,  3.97927,     0.00,  24.85,   0.00, 
   61.575, 0.5141, 0.5503,  3.97927,  3.97927,     0.00,  24.85,   0.00, 
   62.088, 0.5141, 0.5503,  3.97927,  3.97927,     0.00,  24.85,   0.00, 
   62.601, 0.5141, 0.5503,  3.97927,  3.97927,     0.00,  24.85,   0.00, 
   63.114, 0.5141, 0.5503,  3.97927,  3.97927,     0.00,  24.85,   0.00, 
   63.627, 0.5141, 0.5503,  3.97927,  3.97927,     0.00,  24.85,   0.00, 
   64.140, 0.5141, 0.5503,  3.97927,  3.97927,     0.00,  24.85,   0.00, 
   64.653, 0.5141, 0.5503,  3.97927,  3.97927,     0.00,  24.85,   0.00, 
   65.166, 0.5141, 0.5503,  3.97927,  3.97927,     0.00,  24.85,   0.00, 
   65.679, 0.5141, 0.5503,  3.97927,  3.97927,     0.00,  24.85,   0.00, 
   66.192, 0.5141, 0.5503,  3.97927,  3.97927,     0.00,  24.85,   0.00, 
   66.705, 0.5141, 0.5503,  3.97927,  3.97927,     0.00,  24.85,   0.00, 
   67.218, 0.5141, 0.5503,  3.97927,  3.97927,     0.00,  24.85,   0.00, 
   67.731, 0.5141, 0.5503,  3.97927,  3.97927,     0.00,  24.85,   0.00, 
   68.244, 0.5141, 0.5503,  3.97927,  3.97927,     0.00,  24.85,   0.00, 
   68.757, 0.5141, 0.5503,  3.97927,  3.97927,     0.00,  24.85,   0.00, 
   69.270, 0.5141, 0.5503,  3.97927,  3.97927,     0.00,  24.85,   0.00, 
   69.783, 0.5141, 0.5503,  3.97927,  3.97927,     0.00,  24.85,   0.00, 
   70.296, 0.5141, 0.5503,  3.97927,  3.97927,     0.00,  24.85,   0.00, 
   70.809, 0.5141, 0.5503,  3.97927,  3.97927,     0.00,  24.85,   0.00, 
   71.322, 0.5141, 0.5503,  3.97927,  3.97927,     0.00,  24.85,   0.00, 
   71.835, 0.5141, 0.5503,  3.97927,  3.97927,     0.00,  24.85,   0.00, 
   72.348, 0.5141, 0.5503,  3.97927,  3.97927,     0.00,  24.85,   0.00, 
   72.861, 0.5141, 0.5503,  3.97927,  3.97927,     0.00,  24.85,   0.00, 
   73.374, 0.5141, 0.5503,  3.97927,  3.97927,     0.00,  24.85,   0.00, 
   73.887, 0.5141, 0.5503,  3.97927,  3.97927,     0.00,  24.85,   0.00, 
   74.400, 0.5141, 0.5503,  3.97927,  3.97927,     0.00,  24.85,   0.00, 
   74.913, 0.5141, 0.5503,  3.97927,  3.97927,     0.00,  24.85,   0.00, 
   75.426, 0.5141, 0.5503,  3.97927,  3.97927,     0.00,  24.85,   0.00, 
   75.939, 0.5141, 0.5503,  3.97927,  3.97927,     0.00,  24.85,   0.00, 
   76.452, 0.5141, 0.5503,  3.97927,  3.97927,     0.00,  24.85,   0.00, 
   76.965, 0.5141, 0.5503,  3.97927,  3.97927,     0.00,  24.85,   0.00, 
   77.478, 0.5141, 0.5503,  3.97927,  3.97927,     0.00,  24.85,   0.00, 
   77.991, 0.5141, 0.5503,  3.97927,  3.97927,     0.00,  24.85,   0.00, 
   78.504, 0.5141, 0.5503,  3.97927,  3.97927,     0.00,  24.85,   0.00, 
   79.017, 0.5141, 0.5503,  3.97927,  3.97927,     0.00,  24.85,   0.00, 
   79.530, 0.5141, 0.5503,  3.97927,  3.97927,     0.00,  24.85,   0.00, 
   80.043, 0.5141, 0.5503,  3.97927,  3.97927,     0.00,  24.85,   0.00, 
   80.556, 0.5141, 0.5503,  3.97927,  3.97927,     0.00,  24.85,   0.00, 
   81.069, 0.5141, 0.5503,  3.97927,  3.97927,     0.00,  24.85,   0.00, 
   81.582, 0.5141, 0.5503,  3.97927,  3.97927,     0.00,  24.85,   0.00, 
   82.095, 0.5141, 0.5503,  3.97927,  3.97927,     0.00,  24.85,   0.00, 
   82.608, 0.5141, 0.5503,  3.97927,  3.97927,     0.00,  24.85,   0.00, 
   83.121, 0.5141, 0.5503,  3.97927,  3.97927,     0.00,  24.85,   0.00, 
   83.634, 0.5141, 0.5503,  3.97927,  3.97927,     0.00,  24.85,   0.00, 
   84.147, 0.5141, 0.5503,  3.97927,  3.97927,     0.00,  24.85,   0.00, 
   84.660, 0.5141, 0.5503,  3.97927,  3.97927,     0.00,  24.85,   0.00, 
   85.173, 0.5141, 0.5503,  3.97927,  3.97927,     0.00,  24.85,   0.00, 
   85.686, 0.5141, 0.5503,  3.97927,  3.97927,     0.00,  24.85,   0.00, 
   86.199, 0.5141, 0.5503,  3.97927,  3.97927,     0.00,  24.85,   0.00, 
   86.712, 0.5141, 0.5503,  3.97927,  3.97927,     0.00,  24.85,   0.00, 
   87.225, 0.5141, 0.5503,  3.97927,  3.97927,     0.00,  24.85,   0.00, 
   87.738, 0.5141, 0.5503,  3.97927,  3.97927,     0.00,  24.85,   0.00, 
   88.251, 0.5141, 0.5503,  3.97927,  3.97927,     0.00,  24.85,   0.00, 
   88.764, 0.5141, 0.5503,  3.97927,  3.97927,     0.00,  24.85,   0.00, 
   89.277, 0.5141, 0.5503,  3.97927,  3.97927,     0.00,  24.85,   0.00, 
   89.790, 0.5141, 0.5503,  3.97927,  3.97927,     0.00,  24.85,   0.00, 
   90.303, 0.5141, 0.5503,  3.97927,  3.97927,     0.00,  24.85,   0.00, 
   90.816, 0.5141, 0.5503,  3.97927,  3.97927,     0.00,  24.85,   0.00, 
   91.329, 0.5141, 0.5503,  3.97927,  3.97927,     0.00,  24.85,   0.00, 
   91.842, 0.5141, 0.5503,  3.97927,  3.97927,     0.00,  24.85,   0.00, 
   92.355, 0.5141, 0.5503,  3.97927,  3.97927,     0.00,  24.85,   0.00, 
   92.868, 0.5141, 0.5503,  3.97927,  3.97927,     0.00,  24.85,   0.00, 
   93.381, 0.5141, 0.5503,  3.97927,  3.97927,     0.00,  24.85,   0.00, 
   93.894, 0.5141, 0.5503,  3.97927,  3.97927,     0.00,  24.85,   0.00, 
   94.407, 0.5141, 0.5503,  3.97927,  3.97927,     0.00,  24.85,   0.00, 
   94.920, 0.5141, 0.5503,  3.97927,  3.97927,     0.00,  24.85,   0.00, 
   95.433, 0.5141, 0.5503,  3.97927,  3.97927,     0.00,  24.85,   0.00, 
   95.946, 0.5141, 0.5503,  3.97927,  3.97927,     0.00,  24.85,   0.00, 
   96.459, 0.5141, 0.5503,  3.97927,  3.97927,     0.00,  24.85,   0.00, 
   96.972, 0.5141, 0.5503,  3.97927,  3.97927,     0.00,  24.85,   0.00, 
   97.485, 0.5141, 0.5503,  3.97927,  3.97927,     0.00,  24.85,   0.00, 
   97.998, 0.5141, 0.5503,  3.97927,  3.97927,     0.00,  24.85,   0.00, 
   98.511, 0.5141, 0.5503,  3.97927,  3.97927,     0.00,  24.85,   0.00, 
   99.024, 0.5141, 0.5503,  3.97927,  3.97927,     0.00,  24.85,   0.00, 
   99.537, 0.5141, 0.5503,  3.97927,  3.97927,     0.00,  24.85,   0.00, 
  100.050, 0.5141, 0.5503,  3.97927,  3.97927,     0.00,  24.85,   0.00, 
  100.563, 0.5141, 0.5503,  3.97927,  3.97927,     0.00,  24.85,   0.00, 
  101.076, 0.5141, 0.5503,  3.97927,  3.97927,     0.00,  24.85,   0.00, 
  101.589, 0.5141, 0.5503,  3.97927,  3.97927,     0.00,  24.85,   0.00, 
  102.102, 0.5141, 0.5503,  3.97927,  3.97927,     0.00,  24.85,   0.00, 
  102.615, 0.5141, 0.5503,  3.97927,  3.97927,     0.00,  24.85,   0.00, 
  103.128, 0.5141, 0.5503,  3.97927,  3.97927,     0.00,  24.85,   0.00, 
  103.641, 0.5141, 0.5503,  3.97927,  3.97927,     0.00,  24.85,   0.00, 
  104.154, 0.5141, 0.5503,  3.97927,  3.97927,     0.00,  24.85,   0.00, 
  104.667, 0.5141, 0.5503,  3.97927,  3.97927,     0.00,  24.85,   0.00, 
  105.180, 0.5141, 0.5503,  3.97927,  3.97927,     0.00,  24.85,   0.00, 
  105.693, 0.5141, 0.5503,  3.97927,  3.97927,     0.00,  24.85,   0.00, 
  106.206, 0.5141, 0.5503,  3.97927,  3.97927,     0.00,  24.85,   0.00, 
  106.719, 0.5141, 0.5503,  3.97927,  3.97927,     0.00,  24.85,   0.00, 
  107.232, 0.5141, 0.5503,  3.97927,  3.97927,     0.00,  24.85,   0.00, 
  107.745, 0.5141, 0.5503,  3.97927,  3.97927,     0.00,  24.85,   0.00, 
  108.258, 0.5141, 0.5503,  3.97927,  3.97927,     0.00,  24.85,   0.00, 
  108.771, 0.5141, 0.5503,  3.97927,  3.97927,     0.00,  24.85,   0.00, 
  109.284, 0.5141, 0.5503,  3.97927,  3.97927,     0.00,  24.85,   0.00, 
  109.797, 0.5141, 0.5503,  3.97927,  3.97927,     0.00,  24.85,   0.00, 
  110.310, 0.5141, 0.5503,  3.97927,  3.97927,     0.00,  24.85,   0.00, 
  110.823, 0.5141, 0.5503,  3.97927,  3.97927,     0.00,  24.85,   0.00, 
  111.336, 0.5141, 0.5503,  3.97927,  3.97927,     0.00,  24.85,   0.00, 
  111.849, 0.5141, 0.5503,  3.97927,  3.97927,     0.00,  24.85,   0.00, 
  112.362, 0.5141, 0.5503,  3.97927,  3.97927,     0.00,  24.85,   0.00, 
  112.875, 0.5141, 0.5503,  3.97927,  3.97927,     0.00,  24.85,   0.00, 
  113.388, 0.5141, 0.5503,  3.97927,  3.97927,     0.00,  24.85,   0.00, 
  113.901, 0.5141, 0.5503,  3.97927,  3.97927,     0.00,  24.85,   0.00, 
  114.414, 0.5141, 0.5503,  3.97927,  3.97927,     0.00,  24.85,   0.00, 
  114.927, 0.5141, 0.5503,  3.97927,  3.97927,     0.00,  24.85,   0.00, 
  115.440, 0.5141, 0.5503,  3.97927,  3.97927,     0.00,  24.85,   0.00, 
  115.953, 0.5141, 0.5503,  3.97927,  3.97927,     0.00,  24.85,   0.00, 
  116.466, 0.5141, 0.5503,  3.97927,  3.97927,     0.00,  24.85,   0.00, 
  116.979, 0.5141, 0.5503,  3.97927,  3.97927,     0.00,  24.85,   0.00, 
  117.492, 0.5141, 0.5503,  3.97927,  3.97927,     0.00,  24.85,   0.00, 
  118.005, 0.5141, 0.5503,  3.97927,  3.97927,     0.00,  24.85,   0.00, 
  118.518, 0.5141, 0.5503,  3.97927,  3.97927,     0.00,  24.85,   0.00, 
  119.000, 0.5141, 0.5503,  3.97927,  3.97927,     0.00,  24.85,   0.00, 

            mass  =  0.8166 kg/m2
 specific energy segment =     0.00 W-h/kg
 specific power segment  =     0.00 W/kg
 total heat =          0.1672 W-h/m2
  
