     50  lim, limit on number of iterations
 100.00  h1,  thickness of negative electrode (microns)
  25.00  h2,  thickness of separator (microns)
 100.00  h3,  thickness of positive electrode (microns)
  25.00  hcn, thickness of negative electrode current collector (microns)
  25.00  hcp, thickness of positive electrode current collector (microns)
     80  n1,  number of nodes in negative electrode
     40  n2,  number of nodes in separator
     80  n3,  number of nodes in positive electrode
 298.00  T,   temperature (K)

 1000.0  xx(1,n1+2), initial concentration (mol/m3)
 0.6000  csx,   initial stoichiometric parameter for negative
 0.5000  csy,   initial stoichiometric parameter for positive
   30.0  tmmax, maximum time step size (s)
 .4E-13  dfs1, diffusion coefficient in negative solid (m2/s)
 .1E-12  dfs3, diffusion coefficient in positive solid (m2/s)
  10.00  Rad1,  radius of negative particles (microns)
  10.00  Rad3,  radius of positive particles (microns)

  0.300  ep1,   volume fraction of electrolyte in negative electrode
  0.000  epp1,  volume fraction of polymer phase in negative electrode
  0.100  epf1,  volume fraction of inert filler in negative electrode
  1.000  ep2,   volume fraction of electrolyte in separator
  0.000  epp2,  volume fraction of polymer phase in separator
  0.300  ep3,   volume fraction of electrolyte in positive electrode
  0.000  epp3,  volume fraction of polymer phase in positive electrode
  0.200  epf3,  volume fraction of inert filler in positive electrode
 0.10E+03  sig1,  conductivity of negative matrix (S/m)
  10.      sig3,  conductivity of positive matrix (S/m)
  372.00  cot1,  coulombic capacity of negative material (mAh/g)
  274.00  cot3,  coulombic capacity of positive material (mAh/g)
 .1E-04  rka1,  reaction rate constant for negative reaction 
 .3E-10  rka3,  reaction rate constant for positive reaction

 1324.0  re,   density of electrolyte (kg/m3)
 1800.0  rs1,  density of negative insertion material (kg/m3)
 5010.0  rs3,  density of positive insertion material (kg/m3)
 1800.0  rf,   density of inert filler (kg/m3)
 1780.0  rpl,  density of polymer phase (kg/m3)
    0.0  rc,   density of separator material (kg/m3)
 8954.0  rcn,  density of negative current collector (kg/m3)
 2707.0  rcp,  density of positive current collector (kg/m3)

   0.001000  ranode,   anode film resistance (ohm-m2)
   0.000000  rcathde,  cathode film resistance (ohm-m2)
   0.00  htc,   heat-transfer coefficient with external medium (W/m2K)
   0.000000  dUdT,  temperature coefficient of EMF (V/K)
 2000.0  Cp,    heat capacity of cell (J/kg-K)
   0.00  residm,    residual mass (kg/m2)
 298.00  Tam,   ambient temperature (K)
      1  ncell, number of cells in a cell stack
      2  lht,   0 uses htc,  1 calcs htc,  2 isothermal

      0    nside, side reaction flag 

      1  il1,   1 for long print-out  0 for short print-out
     10  il2,   prints every il2 th node in long print-out
     10  il3,   prints every il3 th time step in long print-out
      1  lflag, 0 for electrolyte in separator only, 1 for uniform
      0  imp, 0 for no impedance, 1 for impedance
   0.00  capp1,  capacitance of negative material (F/m2)
   0.00  capp3,  capacitance of positive material (F/m2)
      3  lcurs, number of current changes
  
 MCMB 2528 Graphite (Bellcore)
 LiPF6 in EC:DMC
 LiCoO2 (Cobalt dioxide)
 open-circuit potential, negative   0.178978294
 delta S negative   0.
 open-circuit potential, positive   4.24165195
 delta S positive   0.
  
      DUAL INSERTION CELL VERSION 5.1
  
   Time     Util N  Util P  Cell Pot   Uocp      Curr      Temp   heatgen
   (min)       x       y      (V)       (V)      (A/m2)    (C)    (W/m2)
  
    0.000, 0.6000, 0.5000,  4.06267,  4.06267,     0.00,  24.85,   0.00, 
    0.001, 0.6000, 0.5000,  4.06267,  4.06267,     0.00,  24.85,   0.00, 
    0.001, 0.6000, 0.5000,  4.06267,  4.06267,     0.00,  24.85,   0.00, 
    0.001, 0.6000, 0.5000,  4.06267,  4.06267,     0.00,  24.85,   0.00, 
    0.002, 0.6000, 0.5000,  4.06267,  4.06267,     0.00,  24.85,   0.00, 
    0.002, 0.6000, 0.5000,  4.06267,  4.06267,     0.00,  24.85,   0.00, 
    0.003, 0.6000, 0.5000,  4.06267,  4.06267,     0.00,  24.85,   0.00, 
    0.003, 0.6000, 0.5000,  4.06267,  4.06267,     0.00,  24.85,   0.00, 
    0.004, 0.6000, 0.5000,  4.06267,  4.06267,     0.00,  24.85,   0.00, 
    0.005, 0.6000, 0.5000,  4.06267,  4.06267,     0.00,  24.85,   0.00, 
    0.006, 0.6000, 0.5000,  4.06267,  4.06267,     0.00,  24.85,   0.00, 
    0.007, 0.6000, 0.5000,  4.06267,  4.06267,     0.00,  24.85,   0.00, 
    0.007, 0.6000, 0.5000,  4.06267,  4.06267,     0.00,  24.85,   0.00, 
    0.009, 0.6000, 0.5000,  4.06267,  4.06267,     0.00,  24.85,   0.00, 
    0.010, 0.6000, 0.5000,  4.06267,  4.06267,     0.00,  24.85,   0.00, 
    0.011, 0.6000, 0.5000,  4.06267,  4.06267,     0.00,  24.85,   0.00, 
    0.012, 0.6000, 0.5000,  4.06267,  4.06267,     0.00,  24.85,   0.00, 
    0.014, 0.6000, 0.5000,  4.06267,  4.06267,     0.00,  24.85,   0.00, 
    0.016, 0.6000, 0.5000,  4.06267,  4.06267,     0.00,  24.85,   0.00, 
    0.017, 0.6000, 0.5000,  4.06267,  4.06267,     0.00,  24.85,   0.00, 
    0.019, 0.6000, 0.5000,  4.06267,  4.06267,     0.00,  24.85,   0.00, 
    0.022, 0.6000, 0.5000,  4.06267,  4.06267,     0.00,  24.85,   0.00, 
    0.024, 0.6000, 0.5000,  4.06267,  4.06267,     0.00,  24.85,   0.00, 
    0.027, 0.6000, 0.5000,  4.06267,  4.06267,     0.00,  24.85,   0.00, 
    0.030, 0.6000, 0.5000,  4.06267,  4.06267,     0.00,  24.85,   0.00, 
    0.033, 0.6000, 0.5000,  4.06267,  4.06267,     0.00,  24.85,   0.00, 
    0.037, 0.6000, 0.5000,  4.06267,  4.06267,     0.00,  24.85,   0.00, 
    0.041, 0.6000, 0.5000,  4.06267,  4.06267,     0.00,  24.85,   0.00, 
    0.045, 0.6000, 0.5000,  4.06267,  4.06267,     0.00,  24.85,   0.00, 
    0.050, 0.6000, 0.5000,  4.06267,  4.06267,     0.00,  24.85,   0.00, 
    0.055, 0.6000, 0.5000,  4.06267,  4.06267,     0.00,  24.85,   0.00, 
    0.061, 0.6000, 0.5000,  4.06267,  4.06267,     0.00,  24.85,   0.00, 
    0.067, 0.6000, 0.5000,  4.06267,  4.06267,     0.00,  24.85,   0.00, 
    0.074, 0.6000, 0.5000,  4.06267,  4.06267,     0.00,  24.85,   0.00, 
    0.082, 0.6000, 0.5000,  4.06267,  4.06267,     0.00,  24.85,   0.00, 
    0.091, 0.6000, 0.5000,  4.06267,  4.06267,     0.00,  24.85,   0.00, 
    0.100, 0.6000, 0.5000,  4.06267,  4.06267,     0.00,  24.85,   0.00, 
    0.110, 0.6000, 0.5000,  4.06267,  4.06267,     0.00,  24.85,   0.00, 
    0.122, 0.6000, 0.5000,  4.06267,  4.06267,     0.00,  24.85,   0.00, 
    0.134, 0.6000, 0.5000,  4.06267,  4.06267,     0.00,  24.85,   0.00, 
    0.148, 0.6000, 0.5000,  4.06267,  4.06267,     0.00,  24.85,   0.00, 
    0.163, 0.6000, 0.5000,  4.06267,  4.06267,     0.00,  24.85,   0.00, 
    0.180, 0.6000, 0.5000,  4.06267,  4.06267,     0.00,  24.85,   0.00, 
    0.198, 0.6000, 0.5000,  4.06267,  4.06267,     0.00,  24.85,   0.00, 
    0.218, 0.6000, 0.5000,  4.06267,  4.06267,     0.00,  24.85,   0.00, 
    0.240, 0.6000, 0.5000,  4.06267,  4.06267,     0.00,  24.85,   0.00, 
    0.264, 0.6000, 0.5000,  4.06267,  4.06267,     0.00,  24.85,   0.00, 
    0.291, 0.6000, 0.5000,  4.06267,  4.06267,     0.00,  24.85,   0.00, 
    0.320, 0.6000, 0.5000,  4.06267,  4.06267,     0.00,  24.85,   0.00, 
    0.353, 0.6000, 0.5000,  4.06267,  4.06267,     0.00,  24.85,   0.00, 
    0.388, 0.6000, 0.5000,  4.06267,  4.06267,     0.00,  24.85,   0.00, 
    0.427, 0.6000, 0.5000,  4.06267,  4.06267,     0.00,  24.85,   0.00, 
    0.470, 0.6000, 0.5000,  4.06267,  4.06267,     0.00,  24.85,   0.00, 
    0.518, 0.6000, 0.5000,  4.06267,  4.06267,     0.00,  24.85,   0.00, 
    0.570, 0.6000, 0.5000,  4.06267,  4.06267,     0.00,  24.85,   0.00, 
    0.627, 0.6000, 0.5000,  4.06267,  4.06267,     0.00,  24.85,   0.00, 
    0.690, 0.6000, 0.5000,  4.06267,  4.06267,     0.00,  24.85,   0.00, 
    0.760, 0.6000, 0.5000,  4.06267,  4.06267,     0.00,  24.85,   0.00, 
    0.836, 0.6000, 0.5000,  4.06267,  4.06267,     0.00,  24.85,   0.00, 
    0.920, 0.6000, 0.5000,  4.06267,  4.06267,     0.00,  24.85,   0.00, 
    1.012, 0.6000, 0.5000,  4.06267,  4.06267,     0.00,  24.85,   0.00, 
    1.113, 0.6000, 0.5000,  4.06267,  4.06267,     0.00,  24.85,   0.00, 
    1.225, 0.6000, 0.5000,  4.06267,  4.06267,     0.00,  24.85,   0.00, 
    1.348, 0.6000, 0.5000,  4.06267,  4.06267,     0.00,  24.85,   0.00, 
    1.483, 0.6000, 0.5000,  4.06267,  4.06267,     0.00,  24.85,   0.00, 
    1.632, 0.6000, 0.5000,  4.06267,  4.06267,     0.00,  24.85,   0.00, 
    1.795, 0.6000, 0.5000,  4.06267,  4.06267,     0.00,  24.85,   0.00, 
    1.975, 0.6000, 0.5000,  4.06267,  4.06267,     0.00,  24.85,   0.00, 
    2.173, 0.6000, 0.5000,  4.06267,  4.06267,     0.00,  24.85,   0.00, 
    2.390, 0.6000, 0.5000,  4.06267,  4.06267,     0.00,  24.85,   0.00, 
    2.629, 0.6000, 0.5000,  4.06267,  4.06267,     0.00,  24.85,   0.00, 
    2.893, 0.6000, 0.5000,  4.06267,  4.06267,     0.00,  24.85,   0.00, 
    3.182, 0.6000, 0.5000,  4.06267,  4.06267,     0.00,  24.85,   0.00, 
    3.501, 0.6000, 0.5000,  4.06267,  4.06267,     0.00,  24.85,   0.00, 
    3.851, 0.6000, 0.5000,  4.06267,  4.06267,     0.00,  24.85,   0.00, 
    4.237, 0.6000, 0.5000,  4.06267,  4.06267,     0.00,  24.85,   0.00, 
    4.661, 0.6000, 0.5000,  4.06267,  4.06267,     0.00,  24.85,   0.00, 
    5.127, 0.6000, 0.5000,  4.06267,  4.06267,     0.00,  24.85,   0.00, 
    5.640, 0.6000, 0.5000,  4.06267,  4.06267,     0.00,  24.85,   0.00, 
    6.153, 0.6000, 0.5000,  4.06267,  4.06267,     0.00,  24.85,   0.00, 
    6.666, 0.6000, 0.5000,  4.06267,  4.06267,     0.00,  24.85,   0.00, 
    7.179, 0.6000, 0.5000,  4.06267,  4.06267,     0.00,  24.85,   0.00, 
    7.692, 0.6000, 0.5000,  4.06267,  4.06267,     0.00,  24.85,   0.00, 
    8.205, 0.6000, 0.5000,  4.06267,  4.06267,     0.00,  24.85,   0.00, 
    8.718, 0.6000, 0.5000,  4.06267,  4.06267,     0.00,  24.85,   0.00, 
    9.231, 0.6000, 0.5000,  4.06267,  4.06267,     0.00,  24.85,   0.00, 
    9.744, 0.6000, 0.5000,  4.06267,  4.06267,     0.00,  24.85,   0.00, 
   10.000, 0.6000, 0.5000,  4.06267,  4.06267,     0.00,  24.85,   0.00, 
   10.000, 0.6000, 0.5000,  4.03743,  4.06267,    23.00,  24.85,   0.58, 
 specific energy segment =     0.00 W-h/kg
 specific power segment  =     0.00 W/kg
 total heat =          0.0000 W-h/m2
  
   10.000, 0.6000, 0.5000,  4.03743,  4.06267,    23.00,  24.85,   0.58, 
   10.000, 0.6000, 0.5000,  4.03730,  4.06267,    23.00,  24.85,   0.58, 
   10.001, 0.6000, 0.5000,  4.03721,  4.06267,    23.00,  24.85,   0.59, 
   10.001, 0.6000, 0.5000,  4.03714,  4.06267,    23.00,  24.85,   0.59, 
   10.002, 0.6000, 0.5000,  4.03707,  4.06267,    23.00,  24.85,   0.59, 
   10.002, 0.6000, 0.5000,  4.03701,  4.06266,    23.00,  24.85,   0.59, 
   10.003, 0.6000, 0.5000,  4.03695,  4.06266,    23.00,  24.85,   0.59, 
   10.003, 0.6000, 0.5000,  4.03689,  4.06266,    23.00,  24.85,   0.59, 
   10.004, 0.6000, 0.5000,  4.03682,  4.06265,    23.00,  24.85,   0.59, 
   10.005, 0.6000, 0.5000,  4.03676,  4.06265,    23.00,  24.85,   0.60, 
   10.005, 0.5999, 0.5000,  4.03669,  4.06265,    23.00,  24.85,   0.60, 
   10.006, 0.5999, 0.5000,  4.03662,  4.06264,    23.00,  24.85,   0.60, 
   10.007, 0.5999, 0.5000,  4.03655,  4.06264,    23.00,  24.85,   0.60, 
   10.008, 0.5999, 0.5000,  4.03648,  4.06263,    23.00,  24.85,   0.60, 
   10.009, 0.5999, 0.5001,  4.03640,  4.06262,    23.00,  24.85,   0.60, 
   10.011, 0.5999, 0.5001,  4.03632,  4.06262,    23.00,  24.85,   0.60, 
   10.012, 0.5999, 0.5001,  4.03624,  4.06261,    23.00,  24.85,   0.61, 
   10.014, 0.5999, 0.5001,  4.03615,  4.06260,    23.00,  24.85,   0.61, 
   10.015, 0.5999, 0.5001,  4.03606,  4.06259,    23.00,  24.85,   0.61, 
   10.017, 0.5998, 0.5001,  4.03596,  4.06258,    23.00,  24.85,   0.61, 
   10.019, 0.5998, 0.5001,  4.03586,  4.06257,    23.00,  24.85,   0.61, 
   10.021, 0.5998, 0.5001,  4.03575,  4.06256,    23.00,  24.85,   0.62, 
   10.024, 0.5998, 0.5001,  4.03564,  4.06255,    23.00,  24.85,   0.62, 
   10.027, 0.5997, 0.5001,  4.03552,  4.06253,    23.00,  24.85,   0.62, 
   10.029, 0.5997, 0.5002,  4.03539,  4.06252,    23.00,  24.85,   0.62, 
   10.033, 0.5997, 0.5002,  4.03526,  4.06250,    23.00,  24.85,   0.63, 
   10.036, 0.5997, 0.5002,  4.03512,  4.06248,    23.00,  24.85,   0.63, 
   10.040, 0.5996, 0.5002,  4.03497,  4.06246,    23.00,  24.85,   0.63, 
   10.045, 0.5996, 0.5002,  4.03481,  4.06243,    23.00,  24.85,   0.64, 
   10.050, 0.5995, 0.5003,  4.03465,  4.06241,    23.00,  24.85,   0.64, 
   10.055, 0.5995, 0.5003,  4.03447,  4.06238,    23.00,  24.85,   0.64, 
   10.061, 0.5994, 0.5003,  4.03429,  4.06235,    23.00,  24.85,   0.65, 
   10.067, 0.5994, 0.5004,  4.03409,  4.06232,    23.00,  24.85,   0.65, 
   10.074, 0.5993, 0.5004,  4.03388,  4.06228,    23.00,  24.85,   0.65, 
   10.082, 0.5992, 0.5005,  4.03367,  4.06224,    23.00,  24.85,   0.66, 
   10.090, 0.5991, 0.5005,  4.03343,  4.06219,    23.00,  24.85,   0.66, 
   10.100, 0.5990, 0.5006,  4.03319,  4.06214,    23.00,  24.85,   0.67, 
   10.110, 0.5990, 0.5006,  4.03293,  4.06209,    23.00,  24.85,   0.67, 
   10.121, 0.5988, 0.5007,  4.03266,  4.06203,    23.00,  24.85,   0.68, 
   10.134, 0.5987, 0.5007,  4.03237,  4.06196,    23.00,  24.85,   0.68, 
   10.148, 0.5986, 0.5008,  4.03206,  4.06189,    23.00,  24.85,   0.69, 
   10.163, 0.5984, 0.5009,  4.03174,  4.06181,    23.00,  24.85,   0.69, 
   10.179, 0.5983, 0.5010,  4.03140,  4.06172,    23.00,  24.85,   0.70, 
   10.197, 0.5981, 0.5011,  4.03104,  4.06163,    23.00,  24.85,   0.70, 
   10.218, 0.5979, 0.5012,  4.03066,  4.06152,    23.00,  24.85,   0.71, 
   10.240, 0.5977, 0.5013,  4.03026,  4.06141,    23.00,  24.85,   0.72, 
   10.264, 0.5975, 0.5015,  4.02983,  4.06128,    23.00,  24.85,   0.72, 
   10.291, 0.5972, 0.5016,  4.02939,  4.06114,    23.00,  24.85,   0.73, 
   10.320, 0.5969, 0.5018,  4.02892,  4.06099,    23.00,  24.85,   0.74, 
   10.352, 0.5966, 0.5020,  4.02842,  4.06082,    23.00,  24.85,   0.74, 
   10.388, 0.5963, 0.5022,  4.02791,  4.06064,    23.00,  24.85,   0.75, 
   10.427, 0.5959, 0.5024,  4.02737,  4.06044,    23.00,  24.85,   0.76, 
   10.470, 0.5955, 0.5026,  4.02680,  4.06022,    23.00,  24.85,   0.77, 
   10.517, 0.5951, 0.5029,  4.02620,  4.05998,    23.00,  24.85,   0.77, 
   10.570, 0.5946, 0.5032,  4.02558,  4.05972,    23.00,  24.85,   0.78, 
   10.627, 0.5940, 0.5035,  4.02493,  4.05943,    23.00,  24.85,   0.79, 
   10.690, 0.5934, 0.5039,  4.02425,  4.05912,    23.00,  24.85,   0.80, 
   10.759, 0.5928, 0.5042,  4.02354,  4.05877,    23.00,  24.85,   0.81, 
   10.835, 0.5920, 0.5047,  4.02279,  4.05840,    23.00,  24.85,   0.82, 
   10.919, 0.5912, 0.5051,  4.02200,  4.05799,    23.00,  24.85,   0.82, 
   11.012, 0.5903, 0.5056,  4.02116,  4.05755,    23.00,  24.85,   0.83, 
   11.113, 0.5894, 0.5062,  4.02025,  4.05706,    23.00,  24.85,   0.84, 
   11.225, 0.5883, 0.5068,  4.01928,  4.05653,    23.00,  24.85,   0.85, 
   11.348, 0.5871, 0.5075,  4.01821,  4.05596,    23.00,  24.85,   0.86, 
   11.483, 0.5859, 0.5083,  4.01701,  4.05533,    23.00,  24.85,   0.88, 
   11.631, 0.5844, 0.5091,  4.01564,  4.05464,    23.00,  24.85,   0.89, 
   11.795, 0.5829, 0.5100,  4.01404,  4.05388,    23.00,  24.85,   0.91, 
   11.974, 0.5812, 0.5110,  4.01213,  4.05303,    23.00,  24.85,   0.94, 
   12.172, 0.5793, 0.5121,  4.00978,  4.05208,    23.00,  24.85,   0.97, 
   12.390, 0.5772, 0.5133,  4.00681,  4.05098,    23.00,  24.85,   1.01, 
   12.629, 0.5749, 0.5147,  4.00297,  4.04964,    23.00,  24.85,   1.07, 
   12.892, 0.5724, 0.5162,  3.99796,  4.04793,    23.00,  24.85,   1.14, 
   13.182, 0.5696, 0.5178,  3.99160,  4.04557,    23.00,  24.85,   1.23, 
   13.501, 0.5666, 0.5196,  3.98413,  4.04212,    23.00,  24.85,   1.32, 
   13.851, 0.5633, 0.5215,  3.97651,  4.03687,    23.00,  24.85,   1.38, 
   14.236, 0.5596, 0.5237,  3.96989,  4.02924,    23.00,  24.85,   1.35, 
   14.660, 0.5555, 0.5260,  3.96477,  4.01973,    23.00,  24.85,   1.26, 
   15.127, 0.5511, 0.5286,  3.96079,  4.01053,    23.00,  24.85,   1.14, 
   15.640, 0.5462, 0.5315,  3.95720,  4.00374,    23.00,  24.85,   1.07, 
   16.153, 0.5413, 0.5344,  3.95360,  3.99967,    23.00,  24.85,   1.06, 
   16.666, 0.5364, 0.5372,  3.94954,  3.99683,    23.00,  24.85,   1.08, 
   17.179, 0.5315, 0.5401,  3.94477,  3.99420,    23.00,  24.85,   1.13, 
   17.692, 0.5266, 0.5430,  3.93912,  3.99118,    23.00,  24.85,   1.19, 
   18.205, 0.5217, 0.5458,  3.93248,  3.98737,    23.00,  24.85,   1.25, 
   18.718, 0.5168, 0.5487,  3.92474,  3.98250,    23.00,  24.85,   1.32, 
   19.231, 0.5119, 0.5516,  3.91589,  3.97632,    23.00,  24.85,   1.38, 
   19.744, 0.5070, 0.5544,  3.90604,  3.96869,    23.00,  24.85,   1.43, 
   20.257, 0.5021, 0.5573,  3.89545,  3.95960,    23.00,  24.85,   1.47, 
   20.770, 0.4972, 0.5601,  3.88451,  3.94918,    23.00,  24.85,   1.48, 
   21.283, 0.4923, 0.5630,  3.87371,  3.93776,    23.00,  24.85,   1.46, 
   21.796, 0.4875, 0.5659,  3.86352,  3.92583,    23.00,  24.85,   1.43, 
   22.309, 0.4826, 0.5687,  3.85429,  3.91394,    23.00,  24.85,   1.37, 
   22.822, 0.4777, 0.5716,  3.84625,  3.90266,    23.00,  24.85,   1.29, 
   23.000, 0.4760, 0.5726,  3.84374,  3.89896,    23.00,  24.85,   1.27, 
   23.000, 0.4760, 0.5726,  3.87010,  3.89896,     0.00,  24.85,   0.05, 
 specific energy segment =    24.08 W-h/kg
 specific power segment  =   111.15 W/kg
 total heat =          0.2604 W-h/m2
  
   23.000, 0.4760, 0.5726,  3.87010,  3.89896,     0.00,  24.85,   0.05, 
   23.000, 0.4760, 0.5726,  3.87042,  3.89896,     0.00,  24.85,   0.05, 
   23.001, 0.4760, 0.5726,  3.87063,  3.89896,     0.00,  24.85,   0.05, 
   23.001, 0.4760, 0.5726,  3.87080,  3.89896,     0.00,  24.85,   0.05, 
   23.002, 0.4760, 0.5726,  3.87095,  3.89896,     0.00,  24.85,   0.05, 
   23.002, 0.4760, 0.5726,  3.87109,  3.89896,     0.00,  24.85,   0.05, 
   23.003, 0.4760, 0.5726,  3.87123,  3.89896,     0.00,  24.85,   0.05, 
   23.003, 0.4760, 0.5726,  3.87137,  3.89896,     0.00,  24.85,   0.05, 
   23.004, 0.4760, 0.5726,  3.87150,  3.89896,     0.00,  24.85,   0.05, 
   23.005, 0.4760, 0.5726,  3.87164,  3.89896,     0.00,  24.85,   0.05, 
   23.005, 0.4760, 0.5726,  3.87178,  3.89896,     0.00,  24.85,   0.05, 
   23.006, 0.4760, 0.5726,  3.87192,  3.89896,     0.00,  24.85,   0.05, 
   23.007, 0.4760, 0.5726,  3.87206,  3.89896,     0.00,  24.85,   0.05, 
   23.008, 0.4760, 0.5726,  3.87221,  3.89896,     0.00,  24.85,   0.05, 
   23.009, 0.4760, 0.5726,  3.87236,  3.89896,     0.00,  24.85,   0.05, 
   23.011, 0.4760, 0.5726,  3.87252,  3.89896,     0.00,  24.85,   0.05, 
   23.012, 0.4760, 0.5726,  3.87269,  3.89896,     0.00,  24.85,   0.05, 
   23.014, 0.4760, 0.5726,  3.87286,  3.89896,     0.00,  24.85,   0.05, 
   23.015, 0.4760, 0.5726,  3.87304,  3.89896,     0.00,  24.85,   0.05, 
   23.017, 0.4760, 0.5726,  3.87322,  3.89896,     0.00,  24.85,   0.05, 
   23.019, 0.4760, 0.5726,  3.87341,  3.89896,     0.00,  24.85,   0.05, 
   23.021, 0.4760, 0.5726,  3.87361,  3.89896,     0.00,  24.85,   0.05, 
   23.024, 0.4760, 0.5726,  3.87382,  3.89896,     0.00,  24.85,   0.05, 
   23.027, 0.4760, 0.5726,  3.87404,  3.89896,     0.00,  24.85,   0.05, 
   23.029, 0.4760, 0.5726,  3.87427,  3.89896,     0.00,  24.85,   0.05, 
   23.033, 0.4760, 0.5726,  3.87450,  3.89896,     0.00,  24.85,   0.05, 
   23.036, 0.4760, 0.5726,  3.87475,  3.89896,     0.00,  24.85,   0.05, 
   23.040, 0.4760, 0.5726,  3.87501,  3.89896,     0.00,  24.85,   0.05, 
   23.045, 0.4760, 0.5726,  3.87528,  3.89896,     0.00,  24.85,   0.05, 
   23.050, 0.4760, 0.5726,  3.87556,  3.89896,     0.00,  24.85,   0.05, 
   23.055, 0.4760, 0.5726,  3.87586,  3.89896,     0.00,  24.85,   0.05, 
   23.061, 0.4760, 0.5726,  3.87617,  3.89896,     0.00,  24.85,   0.05, 
   23.067, 0.4760, 0.5726,  3.87649,  3.89896,     0.00,  24.85,   0.05, 
   23.074, 0.4760, 0.5726,  3.87683,  3.89896,     0.00,  24.85,   0.05, 
   23.082, 0.4760, 0.5726,  3.87718,  3.89896,     0.00,  24.85,   0.05, 
   23.090, 0.4760, 0.5726,  3.87755,  3.89896,     0.00,  24.85,   0.05, 
   23.100, 0.4760, 0.5726,  3.87793,  3.89896,     0.00,  24.85,   0.05, 
   23.110, 0.4760, 0.5726,  3.87833,  3.89896,     0.00,  24.85,   0.05, 
   23.121, 0.4760, 0.5726,  3.87875,  3.89896,     0.00,  24.85,   0.05, 
   23.134, 0.4760, 0.5726,  3.87918,  3.89896,     0.00,  24.85,   0.05, 
   23.148, 0.4760, 0.5726,  3.87964,  3.89896,     0.00,  24.85,   0.05, 
   23.163, 0.4760, 0.5726,  3.88011,  3.89896,     0.00,  24.85,   0.05, 
   23.179, 0.4760, 0.5726,  3.88059,  3.89896,     0.00,  24.85,   0.05, 
   23.197, 0.4760, 0.5726,  3.88110,  3.89896,     0.00,  24.85,   0.05, 
   23.218, 0.4760, 0.5726,  3.88163,  3.89896,     0.00,  24.85,   0.05, 
   23.240, 0.4760, 0.5726,  3.88217,  3.89896,     0.00,  24.85,   0.05, 
   23.264, 0.4760, 0.5726,  3.88273,  3.89896,     0.00,  24.85,   0.05, 
   23.291, 0.4760, 0.5726,  3.88331,  3.89896,     0.00,  24.85,   0.05, 
   23.320, 0.4760, 0.5726,  3.88390,  3.89896,     0.00,  24.85,   0.04, 
   23.352, 0.4760, 0.5726,  3.88451,  3.89896,     0.00,  24.85,   0.04, 
   23.388, 0.4760, 0.5726,  3.88513,  3.89896,     0.00,  24.85,   0.04, 
   23.427, 0.4760, 0.5726,  3.88577,  3.89896,     0.00,  24.85,   0.04, 
   23.470, 0.4760, 0.5726,  3.88642,  3.89896,     0.00,  24.85,   0.04, 
   23.517, 0.4760, 0.5726,  3.88707,  3.89896,     0.00,  24.85,   0.04, 
   23.570, 0.4760, 0.5726,  3.88773,  3.89896,     0.00,  24.85,   0.04, 
   23.627, 0.4760, 0.5726,  3.88839,  3.89896,     0.00,  24.85,   0.04, 
   23.690, 0.4760, 0.5726,  3.88905,  3.89896,     0.00,  24.85,   0.04, 
   23.759, 0.4760, 0.5726,  3.88972,  3.89896,     0.00,  24.85,   0.04, 
   23.835, 0.4760, 0.5726,  3.89037,  3.89896,     0.00,  24.85,   0.03, 
   23.919, 0.4760, 0.5726,  3.89102,  3.89896,     0.00,  24.85,   0.03, 
   24.012, 0.4760, 0.5726,  3.89165,  3.89896,     0.00,  24.85,   0.03, 
   24.113, 0.4760, 0.5726,  3.89226,  3.89896,     0.00,  24.85,   0.03, 
   24.225, 0.4760, 0.5726,  3.89286,  3.89896,     0.00,  24.85,   0.03, 
   24.348, 0.4760, 0.5726,  3.89344,  3.89896,     0.00,  24.85,   0.02, 
   24.483, 0.4760, 0.5726,  3.89398,  3.89896,     0.00,  24.85,   0.02, 
   24.631, 0.4760, 0.5726,  3.89450,  3.89896,     0.00,  24.85,   0.02, 
   24.795, 0.4760, 0.5726,  3.89499,  3.89896,     0.00,  24.85,   0.02, 
   24.974, 0.4760, 0.5726,  3.89544,  3.89896,     0.00,  24.85,   0.02, 
   25.172, 0.4760, 0.5726,  3.89586,  3.89896,     0.00,  24.85,   0.01, 
   25.390, 0.4760, 0.5726,  3.89625,  3.89896,     0.00,  24.85,   0.01, 
   25.629, 0.4760, 0.5726,  3.89660,  3.89896,     0.00,  24.85,   0.01, 
   25.892, 0.4760, 0.5726,  3.89692,  3.89896,     0.00,  24.85,   0.01, 
   26.182, 0.4760, 0.5726,  3.89720,  3.89896,     0.00,  24.85,   0.01, 
   26.501, 0.4760, 0.5726,  3.89745,  3.89896,     0.00,  24.85,   0.01, 
   26.851, 0.4760, 0.5726,  3.89768,  3.89896,     0.00,  24.85,   0.01, 
   27.236, 0.4760, 0.5726,  3.89788,  3.89896,     0.00,  24.85,   0.00, 
   27.660, 0.4760, 0.5726,  3.89805,  3.89896,     0.00,  24.85,   0.00, 
   28.127, 0.4760, 0.5726,  3.89820,  3.89896,     0.00,  24.85,   0.00, 
   28.640, 0.4760, 0.5726,  3.89833,  3.89896,     0.00,  24.85,   0.00, 
   29.153, 0.4760, 0.5726,  3.89844,  3.89896,     0.00,  24.85,   0.00, 
   29.666, 0.4760, 0.5726,  3.89852,  3.89896,     0.00,  24.85,   0.00, 
   30.179, 0.4760, 0.5726,  3.89859,  3.89896,     0.00,  24.85,   0.00, 
   30.692, 0.4760, 0.5726,  3.89864,  3.89896,     0.00,  24.85,   0.00, 
   31.205, 0.4760, 0.5726,  3.89869,  3.89896,     0.00,  24.85,   0.00, 
   31.718, 0.4760, 0.5726,  3.89873,  3.89896,     0.00,  24.85,   0.00, 
   32.231, 0.4760, 0.5726,  3.89876,  3.89896,     0.00,  24.85,   0.00, 
   32.744, 0.4760, 0.5726,  3.89879,  3.89896,     0.00,  24.85,   0.00, 
   33.257, 0.4760, 0.5726,  3.89881,  3.89896,     0.00,  24.85,   0.00, 
   33.770, 0.4760, 0.5726,  3.89883,  3.89896,     0.00,  24.85,   0.00, 
   34.283, 0.4760, 0.5726,  3.89884,  3.89896,     0.00,  24.85,   0.00, 
   34.796, 0.4760, 0.5726,  3.89886,  3.89896,     0.00,  24.85,   0.00, 
   35.309, 0.4760, 0.5726,  3.89887,  3.89896,     0.00,  24.85,   0.00, 
   35.822, 0.4760, 0.5726,  3.89888,  3.89896,     0.00,  24.85,   0.00, 
   36.335, 0.4760, 0.5726,  3.89889,  3.89896,     0.00,  24.85,   0.00, 
   36.848, 0.4760, 0.5726,  3.89890,  3.89896,     0.00,  24.85,   0.00, 
   37.361, 0.4760, 0.5726,  3.89890,  3.89896,     0.00,  24.85,   0.00, 
   37.874, 0.4760, 0.5726,  3.89891,  3.89896,     0.00,  24.85,   0.00, 
   38.387, 0.4760, 0.5726,  3.89892,  3.89896,     0.00,  24.85,   0.00, 
   38.900, 0.4760, 0.5726,  3.89892,  3.89896,     0.00,  24.85,   0.00, 
   39.413, 0.4760, 0.5726,  3.89892,  3.89896,     0.00,  24.85,   0.00, 
   39.926, 0.4760, 0.5726,  3.89893,  3.89896,     0.00,  24.85,   0.00, 
   40.439, 0.4760, 0.5726,  3.89893,  3.89896,     0.00,  24.85,   0.00, 
   40.952, 0.4760, 0.5726,  3.89893,  3.89896,     0.00,  24.85,   0.00, 
   41.465, 0.4760, 0.5726,  3.89894,  3.89896,     0.00,  24.85,   0.00, 
   41.978, 0.4760, 0.5726,  3.89894,  3.89896,     0.00,  24.85,   0.00, 
   42.491, 0.4760, 0.5726,  3.89894,  3.89896,     0.00,  24.85,   0.00, 
   43.004, 0.4760, 0.5726,  3.89894,  3.89896,     0.00,  24.85,   0.00, 
   43.517, 0.4760, 0.5726,  3.89894,  3.89896,     0.00,  24.85,   0.00, 
   44.030, 0.4760, 0.5726,  3.89895,  3.89896,     0.00,  24.85,   0.00, 
   44.543, 0.4760, 0.5726,  3.89895,  3.89896,     0.00,  24.85,   0.00, 
   45.056, 0.4760, 0.5726,  3.89895,  3.89896,     0.00,  24.85,   0.00, 
   45.569, 0.4760, 0.5726,  3.89895,  3.89896,     0.00,  24.85,   0.00, 
   46.082, 0.4760, 0.5726,  3.89895,  3.89896,     0.00,  24.85,   0.00, 
   46.595, 0.4760, 0.5726,  3.89895,  3.89896,     0.00,  24.85,   0.00, 
   47.108, 0.4760, 0.5726,  3.89895,  3.89896,     0.00,  24.85,   0.00, 
   47.621, 0.4760, 0.5726,  3.89895,  3.89896,     0.00,  24.85,   0.00, 
   48.134, 0.4760, 0.5726,  3.89895,  3.89896,     0.00,  24.85,   0.00, 
   48.647, 0.4760, 0.5726,  3.89895,  3.89896,     0.00,  24.85,   0.00, 
   49.160, 0.4760, 0.5726,  3.89896,  3.89896,     0.00,  24.85,   0.00, 
   49.673, 0.4760, 0.5726,  3.89896,  3.89896,     0.00,  24.85,   0.00, 
   50.186, 0.4760, 0.5726,  3.89896,  3.89896,     0.00,  24.85,   0.00, 
   50.699, 0.4760, 0.5726,  3.89896,  3.89896,     0.00,  24.85,   0.00, 
   51.212, 0.4760, 0.5726,  3.89896,  3.89896,     0.00,  24.85,   0.00, 
   51.725, 0.4760, 0.5726,  3.89896,  3.89896,     0.00,  24.85,   0.00, 
   52.238, 0.4760, 0.5726,  3.89896,  3.89896,     0.00,  24.85,   0.00, 
   52.751, 0.4760, 0.5726,  3.89896,  3.89896,     0.00,  24.85,   0.00, 
   53.264, 0.4760, 0.5726,  3.89896,  3.89896,     0.00,  24.85,   0.00, 
   53.777, 0.4760, 0.5726,  3.89896,  3.89896,     0.00,  24.85,   0.00, 
   54.290, 0.4760, 0.5726,  3.89896,  3.89896,     0.00,  24.85,   0.00, 
   54.803, 0.4760, 0.5726,  3.89896,  3.89896,     0.00,  24.85,   0.00, 
   55.316, 0.4760, 0.5726,  3.89896,  3.89896,     0.00,  24.85,   0.00, 
   55.829, 0.4760, 0.5726,  3.89896,  3.89896,     0.00,  24.85,   0.00, 
   56.342, 0.4760, 0.5726,  3.89896,  3.89896,     0.00,  24.85,   0.00, 
   56.855, 0.4760, 0.5726,  3.89896,  3.89896,     0.00,  24.85,   0.00, 
   57.368, 0.4760, 0.5726,  3.89896,  3.89896,     0.00,  24.85,   0.00, 
   57.881, 0.4760, 0.5726,  3.89896,  3.89896,     0.00,  24.85,   0.00, 
   58.394, 0.4760, 0.5726,  3.89896,  3.89896,     0.00,  24.85,   0.00, 
   58.907, 0.4760, 0.5726,  3.89896,  3.89896,     0.00,  24.85,   0.00, 
   59.420, 0.4760, 0.5726,  3.89896,  3.89896,     0.00,  24.85,   0.00, 
   59.933, 0.4760, 0.5726,  3.89896,  3.89896,     0.00,  24.85,   0.00, 
   60.446, 0.4760, 0.5726,  3.89896,  3.89896,     0.00,  24.85,   0.00, 
   60.959, 0.4760, 0.5726,  3.89896,  3.89896,     0.00,  24.85,   0.00, 
   61.472, 0.4760, 0.5726,  3.89896,  3.89896,     0.00,  24.85,   0.00, 
   61.984, 0.4760, 0.5726,  3.89896,  3.89896,     0.00,  24.85,   0.00, 
   62.497, 0.4760, 0.5726,  3.89896,  3.89896,     0.00,  24.85,   0.00, 
   63.010, 0.4760, 0.5726,  3.89896,  3.89896,     0.00,  24.85,   0.00, 
   63.523, 0.4760, 0.5726,  3.89896,  3.89896,     0.00,  24.85,   0.00, 
   64.036, 0.4760, 0.5726,  3.89896,  3.89896,     0.00,  24.85,   0.00, 
   64.549, 0.4760, 0.5726,  3.89896,  3.89896,     0.00,  24.85,   0.00, 
   65.062, 0.4760, 0.5726,  3.89896,  3.89896,     0.00,  24.85,   0.00, 
   65.575, 0.4760, 0.5726,  3.89896,  3.89896,     0.00,  24.85,   0.00, 
   66.088, 0.4760, 0.5726,  3.89896,  3.89896,     0.00,  24.85,   0.00, 
   66.601, 0.4760, 0.5726,  3.89896,  3.89896,     0.00,  24.85,   0.00, 
   67.114, 0.4760, 0.5726,  3.89896,  3.89896,     0.00,  24.85,   0.00, 
   67.627, 0.4760, 0.5726,  3.89896,  3.89896,     0.00,  24.85,   0.00, 
   68.140, 0.4760, 0.5726,  3.89896,  3.89896,     0.00,  24.85,   0.00, 
   68.653, 0.4760, 0.5726,  3.89896,  3.89896,     0.00,  24.85,   0.00, 
   69.166, 0.4760, 0.5726,  3.89896,  3.89896,     0.00,  24.85,   0.00, 
   69.679, 0.4760, 0.5726,  3.89896,  3.89896,     0.00,  24.85,   0.00, 
   70.192, 0.4760, 0.5726,  3.89896,  3.89896,     0.00,  24.85,   0.00, 
   70.705, 0.4760, 0.5726,  3.89896,  3.89896,     0.00,  24.85,   0.00, 
   71.218, 0.4760, 0.5726,  3.89896,  3.89896,     0.00,  24.85,   0.00, 
   71.731, 0.4760, 0.5726,  3.89896,  3.89896,     0.00,  24.85,   0.00, 
   72.244, 0.4760, 0.5726,  3.89896,  3.89896,     0.00,  24.85,   0.00, 
   72.757, 0.4760, 0.5726,  3.89896,  3.89896,     0.00,  24.85,   0.00, 
   73.270, 0.4760, 0.5726,  3.89896,  3.89896,     0.00,  24.85,   0.00, 
   73.783, 0.4760, 0.5726,  3.89896,  3.89896,     0.00,  24.85,   0.00, 
   74.296, 0.4760, 0.5726,  3.89896,  3.89896,     0.00,  24.85,   0.00, 
   74.809, 0.4760, 0.5726,  3.89896,  3.89896,     0.00,  24.85,   0.00, 
   75.322, 0.4760, 0.5726,  3.89896,  3.89896,     0.00,  24.85,   0.00, 
   75.835, 0.4760, 0.5726,  3.89896,  3.89896,     0.00,  24.85,   0.00, 
   76.348, 0.4760, 0.5726,  3.89896,  3.89896,     0.00,  24.85,   0.00, 
   76.861, 0.4760, 0.5726,  3.89896,  3.89896,     0.00,  24.85,   0.00, 
   77.374, 0.4760, 0.5726,  3.89896,  3.89896,     0.00,  24.85,   0.00, 
   77.887, 0.4760, 0.5726,  3.89896,  3.89896,     0.00,  24.85,   0.00, 
   78.400, 0.4760, 0.5726,  3.89896,  3.89896,     0.00,  24.85,   0.00, 
   78.913, 0.4760, 0.5726,  3.89896,  3.89896,     0.00,  24.85,   0.00, 
   79.426, 0.4760, 0.5726,  3.89896,  3.89896,     0.00,  24.85,   0.00, 
   79.939, 0.4760, 0.5726,  3.89896,  3.89896,     0.00,  24.85,   0.00, 
   80.452, 0.4760, 0.5726,  3.89896,  3.89896,     0.00,  24.85,   0.00, 
   80.965, 0.4760, 0.5726,  3.89896,  3.89896,     0.00,  24.85,   0.00, 
   81.478, 0.4760, 0.5726,  3.89896,  3.89896,     0.00,  24.85,   0.00, 
   81.991, 0.4760, 0.5726,  3.89896,  3.89896,     0.00,  24.85,   0.00, 
   82.504, 0.4760, 0.5726,  3.89896,  3.89896,     0.00,  24.85,   0.00, 
   83.017, 0.4760, 0.5726,  3.89896,  3.89896,     0.00,  24.85,   0.00, 
   83.530, 0.4760, 0.5726,  3.89896,  3.89896,     0.00,  24.85,   0.00, 
   84.043, 0.4760, 0.5726,  3.89896,  3.89896,     0.00,  24.85,   0.00, 
   84.556, 0.4760, 0.5726,  3.89896,  3.89896,     0.00,  24.85,   0.00, 
   85.069, 0.4760, 0.5726,  3.89896,  3.89896,     0.00,  24.85,   0.00, 
   85.582, 0.4760, 0.5726,  3.89896,  3.89896,     0.00,  24.85,   0.00, 
   86.095, 0.4760, 0.5726,  3.89896,  3.89896,     0.00,  24.85,   0.00, 
   86.608, 0.4760, 0.5726,  3.89896,  3.89896,     0.00,  24.85,   0.00, 
   87.121, 0.4760, 0.5726,  3.89896,  3.89896,     0.00,  24.85,   0.00, 
   87.634, 0.4760, 0.5726,  3.89896,  3.89896,     0.00,  24.85,   0.00, 
   88.147, 0.4760, 0.5726,  3.89896,  3.89896,     0.00,  24.85,   0.00, 
   88.660, 0.4760, 0.5726,  3.89896,  3.89896,     0.00,  24.85,   0.00, 
   89.173, 0.4760, 0.5726,  3.89896,  3.89896,     0.00,  24.85,   0.00, 
   89.686, 0.4760, 0.5726,  3.89896,  3.89896,     0.00,  24.85,   0.00, 
   90.199, 0.4760, 0.5726,  3.89896,  3.89896,     0.00,  24.85,   0.00, 
   90.712, 0.4760, 0.5726,  3.89896,  3.89896,     0.00,  24.85,   0.00, 
   91.225, 0.4760, 0.5726,  3.89896,  3.89896,     0.00,  24.85,   0.00, 
   91.738, 0.4760, 0.5726,  3.89896,  3.89896,     0.00,  24.85,   0.00, 
   92.251, 0.4760, 0.5726,  3.89896,  3.89896,     0.00,  24.85,   0.00, 
   92.764, 0.4760, 0.5726,  3.89896,  3.89896,     0.00,  24.85,   0.00, 
   93.277, 0.4760, 0.5726,  3.89896,  3.89896,     0.00,  24.85,   0.00, 
   93.790, 0.4760, 0.5726,  3.89896,  3.89896,     0.00,  24.85,   0.00, 
   94.303, 0.4760, 0.5726,  3.89896,  3.89896,     0.00,  24.85,   0.00, 
   94.816, 0.4760, 0.5726,  3.89896,  3.89896,     0.00,  24.85,   0.00, 
   95.329, 0.4760, 0.5726,  3.89896,  3.89896,     0.00,  24.85,   0.00, 
   95.842, 0.4760, 0.5726,  3.89896,  3.89896,     0.00,  24.85,   0.00, 
   96.355, 0.4760, 0.5726,  3.89896,  3.89896,     0.00,  24.85,   0.00, 
   96.868, 0.4760, 0.5726,  3.89896,  3.89896,     0.00,  24.85,   0.00, 
   97.381, 0.4760, 0.5726,  3.89896,  3.89896,     0.00,  24.85,   0.00, 
   97.894, 0.4760, 0.5726,  3.89896,  3.89896,     0.00,  24.85,   0.00, 
   98.407, 0.4760, 0.5726,  3.89896,  3.89896,     0.00,  24.85,   0.00, 
   98.920, 0.4760, 0.5726,  3.89896,  3.89896,     0.00,  24.85,   0.00, 
   99.433, 0.4760, 0.5726,  3.89896,  3.89896,     0.00,  24.85,   0.00, 
   99.946, 0.4760, 0.5726,  3.89896,  3.89896,     0.00,  24.85,   0.00, 
  100.459, 0.4760, 0.5726,  3.89896,  3.89896,     0.00,  24.85,   0.00, 
  100.972, 0.4760, 0.5726,  3.89896,  3.89896,     0.00,  24.85,   0.00, 
  101.485, 0.4760, 0.5726,  3.89896,  3.89896,     0.00,  24.85,   0.00, 
  101.998, 0.4760, 0.5726,  3.89896,  3.89896,     0.00,  24.85,   0.00, 
  102.511, 0.4760, 0.5726,  3.89896,  3.89896,     0.00,  24.85,   0.00, 
  103.024, 0.4760, 0.5726,  3.89896,  3.89896,     0.00,  24.85,   0.00, 
  103.537, 0.4760, 0.5726,  3.89896,  3.89896,     0.00,  24.85,   0.00, 
  104.050, 0.4760, 0.5726,  3.89896,  3.89896,     0.00,  24.85,   0.00, 
  104.563, 0.4760, 0.5726,  3.89896,  3.89896,     0.00,  24.85,   0.00, 
  105.076, 0.4760, 0.5726,  3.89896,  3.89896,     0.00,  24.85,   0.00, 
  105.589, 0.4760, 0.5726,  3.89896,  3.89896,     0.00,  24.85,   0.00, 
  106.102, 0.4760, 0.5726,  3.89896,  3.89896,     0.00,  24.85,   0.00, 
  106.615, 0.4760, 0.5726,  3.89896,  3.89896,     0.00,  24.85,   0.00, 
  107.128, 0.4760, 0.5726,  3.89896,  3.89896,     0.00,  24.85,   0.00, 
  107.641, 0.4760, 0.5726,  3.89896,  3.89896,     0.00,  24.85,   0.00, 
  108.154, 0.4760, 0.5726,  3.89896,  3.89896,     0.00,  24.85,   0.00, 
  108.667, 0.4760, 0.5726,  3.89896,  3.89896,     0.00,  24.85,   0.00, 
  109.180, 0.4760, 0.5726,  3.89896,  3.89896,     0.00,  24.85,   0.00, 
  109.693, 0.4760, 0.5726,  3.89896,  3.89896,     0.00,  24.85,   0.00, 
  110.206, 0.4760, 0.5726,  3.89896,  3.89896,     0.00,  24.85,   0.00, 
  110.719, 0.4760, 0.5726,  3.89896,  3.89896,     0.00,  24.85,   0.00, 
  111.232, 0.4760, 0.5726,  3.89896,  3.89896,     0.00,  24.85,   0.00, 
  111.745, 0.4760, 0.5726,  3.89896,  3.89896,     0.00,  24.85,   0.00, 
  112.258, 0.4760, 0.5726,  3.89896,  3.89896,     0.00,  24.85,   0.00, 
  112.771, 0.4760, 0.5726,  3.89896,  3.89896,     0.00,  24.85,   0.00, 
  113.284, 0.4760, 0.5726,  3.89896,  3.89896,     0.00,  24.85,   0.00, 
  113.797, 0.4760, 0.5726,  3.89896,  3.89896,     0.00,  24.85,   0.00, 
  114.310, 0.4760, 0.5726,  3.89896,  3.89896,     0.00,  24.85,   0.00, 
  114.823, 0.4760, 0.5726,  3.89896,  3.89896,     0.00,  24.85,   0.00, 
  115.336, 0.4760, 0.5726,  3.89896,  3.89896,     0.00,  24.85,   0.00, 
  115.849, 0.4760, 0.5726,  3.89896,  3.89896,     0.00,  24.85,   0.00, 
  116.362, 0.4760, 0.5726,  3.89896,  3.89896,     0.00,  24.85,   0.00, 
  116.875, 0.4760, 0.5726,  3.89896,  3.89896,     0.00,  24.85,   0.00, 
  117.388, 0.4760, 0.5726,  3.89896,  3.89896,     0.00,  24.85,   0.00, 
  117.901, 0.4760, 0.5726,  3.89896,  3.89896,     0.00,  24.85,   0.00, 
  118.414, 0.4760, 0.5726,  3.89896,  3.89896,     0.00,  24.85,   0.00, 
  118.927, 0.4760, 0.5726,  3.89896,  3.89896,     0.00,  24.85,   0.00, 
  119.440, 0.4760, 0.5726,  3.89896,  3.89896,     0.00,  24.85,   0.00, 
  119.953, 0.4760, 0.5726,  3.89896,  3.89896,     0.00,  24.85,   0.00, 
  120.466, 0.4760, 0.5726,  3.89896,  3.89896,     0.00,  24.85,   0.00, 
  120.979, 0.4760, 0.5726,  3.89896,  3.89896,     0.00,  24.85,   0.00, 
  121.492, 0.4760, 0.5726,  3.89896,  3.89896,     0.00,  24.85,   0.00, 
  122.005, 0.4760, 0.5726,  3.89896,  3.89896,     0.00,  24.85,   0.00, 
  122.518, 0.4760, 0.5726,  3.89896,  3.89896,     0.00,  24.85,   0.00, 
  123.000, 0.4760, 0.5726,  3.89896,  3.89896,     0.00,  24.85,   0.00, 

            mass  =  0.8166 kg/m2
 specific energy segment =     0.00 W-h/kg
 specific power segment  =     0.00 W/kg
 total heat =          0.2620 W-h/m2
  
