     50  lim, limit on number of iterations
 100.00  h1,  thickness of negative electrode (microns)
  25.00  h2,  thickness of separator (microns)
 100.00  h3,  thickness of positive electrode (microns)
  25.00  hcn, thickness of negative electrode current collector (microns)
  25.00  hcp, thickness of positive electrode current collector (microns)
     80  n1,  number of nodes in negative electrode
     40  n2,  number of nodes in separator
     80  n3,  number of nodes in positive electrode
 298.00  T,   temperature (K)

 1000.0  xx(1,n1+2), initial concentration (mol/m3)
 0.6000  csx,   initial stoichiometric parameter for negative
 0.5000  csy,   initial stoichiometric parameter for positive
   30.0  tmmax, maximum time step size (s)
 .4E-13  dfs1, diffusion coefficient in negative solid (m2/s)
 .1E-12  dfs3, diffusion coefficient in positive solid (m2/s)
  10.00  Rad1,  radius of negative particles (microns)
  10.00  Rad3,  radius of positive particles (microns)

  0.300  ep1,   volume fraction of electrolyte in negative electrode
  0.000  epp1,  volume fraction of polymer phase in negative electrode
  0.100  epf1,  volume fraction of inert filler in negative electrode
  1.000  ep2,   volume fraction of electrolyte in separator
  0.000  epp2,  volume fraction of polymer phase in separator
  0.300  ep3,   volume fraction of electrolyte in positive electrode
  0.000  epp3,  volume fraction of polymer phase in positive electrode
  0.200  epf3,  volume fraction of inert filler in positive electrode
 0.10E+03  sig1,  conductivity of negative matrix (S/m)
  10.      sig3,  conductivity of positive matrix (S/m)
  372.00  cot1,  coulombic capacity of negative material (mAh/g)
  274.00  cot3,  coulombic capacity of positive material (mAh/g)
 .1E-04  rka1,  reaction rate constant for negative reaction 
 .3E-10  rka3,  reaction rate constant for positive reaction

 1324.0  re,   density of electrolyte (kg/m3)
 1800.0  rs1,  density of negative insertion material (kg/m3)
 5010.0  rs3,  density of positive insertion material (kg/m3)
 1800.0  rf,   density of inert filler (kg/m3)
 1780.0  rpl,  density of polymer phase (kg/m3)
    0.0  rc,   density of separator material (kg/m3)
 8954.0  rcn,  density of negative current collector (kg/m3)
 2707.0  rcp,  density of positive current collector (kg/m3)

   0.001000  ranode,   anode film resistance (ohm-m2)
   0.000000  rcathde,  cathode film resistance (ohm-m2)
   0.00  htc,   heat-transfer coefficient with external medium (W/m2K)
   0.000000  dUdT,  temperature coefficient of EMF (V/K)
 2000.0  Cp,    heat capacity of cell (J/kg-K)
   0.00  residm,    residual mass (kg/m2)
 298.00  Tam,   ambient temperature (K)
      1  ncell, number of cells in a cell stack
      2  lht,   0 uses htc,  1 calcs htc,  2 isothermal

      0    nside, side reaction flag 

      1  il1,   1 for long print-out  0 for short print-out
     10  il2,   prints every il2 th node in long print-out
     10  il3,   prints every il3 th time step in long print-out
      1  lflag, 0 for electrolyte in separator only, 1 for uniform
      0  imp, 0 for no impedance, 1 for impedance
   0.00  capp1,  capacitance of negative material (F/m2)
   0.00  capp3,  capacitance of positive material (F/m2)
      3  lcurs, number of current changes
  
 MCMB 2528 Graphite (Bellcore)
 LiPF6 in EC:DMC
 LiCoO2 (Cobalt dioxide)
 open-circuit potential, negative   0.178978294
 delta S negative   0.
 open-circuit potential, positive   4.24165195
 delta S positive   0.
  
      DUAL INSERTION CELL VERSION 5.1
  
   Time     Util N  Util P  Cell Pot   Uocp      Curr      Temp   heatgen
   (min)       x       y      (V)       (V)      (A/m2)    (C)    (W/m2)
  
    0.000, 0.6000, 0.5000,  4.06267,  4.06267,     0.00,  24.85,   0.00, 
    0.001, 0.6000, 0.5000,  4.06267,  4.06267,     0.00,  24.85,   0.00, 
    0.001, 0.6000, 0.5000,  4.06267,  4.06267,     0.00,  24.85,   0.00, 
    0.001, 0.6000, 0.5000,  4.06267,  4.06267,     0.00,  24.85,   0.00, 
    0.002, 0.6000, 0.5000,  4.06267,  4.06267,     0.00,  24.85,   0.00, 
    0.002, 0.6000, 0.5000,  4.06267,  4.06267,     0.00,  24.85,   0.00, 
    0.003, 0.6000, 0.5000,  4.06267,  4.06267,     0.00,  24.85,   0.00, 
    0.003, 0.6000, 0.5000,  4.06267,  4.06267,     0.00,  24.85,   0.00, 
    0.004, 0.6000, 0.5000,  4.06267,  4.06267,     0.00,  24.85,   0.00, 
    0.005, 0.6000, 0.5000,  4.06267,  4.06267,     0.00,  24.85,   0.00, 
    0.006, 0.6000, 0.5000,  4.06267,  4.06267,     0.00,  24.85,   0.00, 
    0.007, 0.6000, 0.5000,  4.06267,  4.06267,     0.00,  24.85,   0.00, 
    0.007, 0.6000, 0.5000,  4.06267,  4.06267,     0.00,  24.85,   0.00, 
    0.009, 0.6000, 0.5000,  4.06267,  4.06267,     0.00,  24.85,   0.00, 
    0.010, 0.6000, 0.5000,  4.06267,  4.06267,     0.00,  24.85,   0.00, 
    0.011, 0.6000, 0.5000,  4.06267,  4.06267,     0.00,  24.85,   0.00, 
    0.012, 0.6000, 0.5000,  4.06267,  4.06267,     0.00,  24.85,   0.00, 
    0.014, 0.6000, 0.5000,  4.06267,  4.06267,     0.00,  24.85,   0.00, 
    0.016, 0.6000, 0.5000,  4.06267,  4.06267,     0.00,  24.85,   0.00, 
    0.017, 0.6000, 0.5000,  4.06267,  4.06267,     0.00,  24.85,   0.00, 
    0.019, 0.6000, 0.5000,  4.06267,  4.06267,     0.00,  24.85,   0.00, 
    0.022, 0.6000, 0.5000,  4.06267,  4.06267,     0.00,  24.85,   0.00, 
    0.024, 0.6000, 0.5000,  4.06267,  4.06267,     0.00,  24.85,   0.00, 
    0.027, 0.6000, 0.5000,  4.06267,  4.06267,     0.00,  24.85,   0.00, 
    0.030, 0.6000, 0.5000,  4.06267,  4.06267,     0.00,  24.85,   0.00, 
    0.033, 0.6000, 0.5000,  4.06267,  4.06267,     0.00,  24.85,   0.00, 
    0.037, 0.6000, 0.5000,  4.06267,  4.06267,     0.00,  24.85,   0.00, 
    0.041, 0.6000, 0.5000,  4.06267,  4.06267,     0.00,  24.85,   0.00, 
    0.045, 0.6000, 0.5000,  4.06267,  4.06267,     0.00,  24.85,   0.00, 
    0.050, 0.6000, 0.5000,  4.06267,  4.06267,     0.00,  24.85,   0.00, 
    0.055, 0.6000, 0.5000,  4.06267,  4.06267,     0.00,  24.85,   0.00, 
    0.061, 0.6000, 0.5000,  4.06267,  4.06267,     0.00,  24.85,   0.00, 
    0.067, 0.6000, 0.5000,  4.06267,  4.06267,     0.00,  24.85,   0.00, 
    0.074, 0.6000, 0.5000,  4.06267,  4.06267,     0.00,  24.85,   0.00, 
    0.082, 0.6000, 0.5000,  4.06267,  4.06267,     0.00,  24.85,   0.00, 
    0.091, 0.6000, 0.5000,  4.06267,  4.06267,     0.00,  24.85,   0.00, 
    0.100, 0.6000, 0.5000,  4.06267,  4.06267,     0.00,  24.85,   0.00, 
    0.110, 0.6000, 0.5000,  4.06267,  4.06267,     0.00,  24.85,   0.00, 
    0.122, 0.6000, 0.5000,  4.06267,  4.06267,     0.00,  24.85,   0.00, 
    0.134, 0.6000, 0.5000,  4.06267,  4.06267,     0.00,  24.85,   0.00, 
    0.148, 0.6000, 0.5000,  4.06267,  4.06267,     0.00,  24.85,   0.00, 
    0.163, 0.6000, 0.5000,  4.06267,  4.06267,     0.00,  24.85,   0.00, 
    0.180, 0.6000, 0.5000,  4.06267,  4.06267,     0.00,  24.85,   0.00, 
    0.198, 0.6000, 0.5000,  4.06267,  4.06267,     0.00,  24.85,   0.00, 
    0.218, 0.6000, 0.5000,  4.06267,  4.06267,     0.00,  24.85,   0.00, 
    0.240, 0.6000, 0.5000,  4.06267,  4.06267,     0.00,  24.85,   0.00, 
    0.264, 0.6000, 0.5000,  4.06267,  4.06267,     0.00,  24.85,   0.00, 
    0.291, 0.6000, 0.5000,  4.06267,  4.06267,     0.00,  24.85,   0.00, 
    0.320, 0.6000, 0.5000,  4.06267,  4.06267,     0.00,  24.85,   0.00, 
    0.353, 0.6000, 0.5000,  4.06267,  4.06267,     0.00,  24.85,   0.00, 
    0.388, 0.6000, 0.5000,  4.06267,  4.06267,     0.00,  24.85,   0.00, 
    0.427, 0.6000, 0.5000,  4.06267,  4.06267,     0.00,  24.85,   0.00, 
    0.470, 0.6000, 0.5000,  4.06267,  4.06267,     0.00,  24.85,   0.00, 
    0.518, 0.6000, 0.5000,  4.06267,  4.06267,     0.00,  24.85,   0.00, 
    0.570, 0.6000, 0.5000,  4.06267,  4.06267,     0.00,  24.85,   0.00, 
    0.627, 0.6000, 0.5000,  4.06267,  4.06267,     0.00,  24.85,   0.00, 
    0.690, 0.6000, 0.5000,  4.06267,  4.06267,     0.00,  24.85,   0.00, 
    0.760, 0.6000, 0.5000,  4.06267,  4.06267,     0.00,  24.85,   0.00, 
    0.836, 0.6000, 0.5000,  4.06267,  4.06267,     0.00,  24.85,   0.00, 
    0.920, 0.6000, 0.5000,  4.06267,  4.06267,     0.00,  24.85,   0.00, 
    1.012, 0.6000, 0.5000,  4.06267,  4.06267,     0.00,  24.85,   0.00, 
    1.113, 0.6000, 0.5000,  4.06267,  4.06267,     0.00,  24.85,   0.00, 
    1.225, 0.6000, 0.5000,  4.06267,  4.06267,     0.00,  24.85,   0.00, 
    1.348, 0.6000, 0.5000,  4.06267,  4.06267,     0.00,  24.85,   0.00, 
    1.483, 0.6000, 0.5000,  4.06267,  4.06267,     0.00,  24.85,   0.00, 
    1.632, 0.6000, 0.5000,  4.06267,  4.06267,     0.00,  24.85,   0.00, 
    1.795, 0.6000, 0.5000,  4.06267,  4.06267,     0.00,  24.85,   0.00, 
    1.975, 0.6000, 0.5000,  4.06267,  4.06267,     0.00,  24.85,   0.00, 
    2.173, 0.6000, 0.5000,  4.06267,  4.06267,     0.00,  24.85,   0.00, 
    2.390, 0.6000, 0.5000,  4.06267,  4.06267,     0.00,  24.85,   0.00, 
    2.629, 0.6000, 0.5000,  4.06267,  4.06267,     0.00,  24.85,   0.00, 
    2.893, 0.6000, 0.5000,  4.06267,  4.06267,     0.00,  24.85,   0.00, 
    3.182, 0.6000, 0.5000,  4.06267,  4.06267,     0.00,  24.85,   0.00, 
    3.501, 0.6000, 0.5000,  4.06267,  4.06267,     0.00,  24.85,   0.00, 
    3.851, 0.6000, 0.5000,  4.06267,  4.06267,     0.00,  24.85,   0.00, 
    4.237, 0.6000, 0.5000,  4.06267,  4.06267,     0.00,  24.85,   0.00, 
    4.661, 0.6000, 0.5000,  4.06267,  4.06267,     0.00,  24.85,   0.00, 
    5.127, 0.6000, 0.5000,  4.06267,  4.06267,     0.00,  24.85,   0.00, 
    5.640, 0.6000, 0.5000,  4.06267,  4.06267,     0.00,  24.85,   0.00, 
    6.153, 0.6000, 0.5000,  4.06267,  4.06267,     0.00,  24.85,   0.00, 
    6.666, 0.6000, 0.5000,  4.06267,  4.06267,     0.00,  24.85,   0.00, 
    7.179, 0.6000, 0.5000,  4.06267,  4.06267,     0.00,  24.85,   0.00, 
    7.692, 0.6000, 0.5000,  4.06267,  4.06267,     0.00,  24.85,   0.00, 
    8.205, 0.6000, 0.5000,  4.06267,  4.06267,     0.00,  24.85,   0.00, 
    8.718, 0.6000, 0.5000,  4.06267,  4.06267,     0.00,  24.85,   0.00, 
    9.231, 0.6000, 0.5000,  4.06267,  4.06267,     0.00,  24.85,   0.00, 
    9.744, 0.6000, 0.5000,  4.06267,  4.06267,     0.00,  24.85,   0.00, 
   10.000, 0.6000, 0.5000,  4.06267,  4.06267,     0.00,  24.85,   0.00, 
   10.000, 0.6000, 0.5000,  4.03743,  4.06267,    23.00,  24.85,   0.58, 
 specific energy segment =     0.00 W-h/kg
 specific power segment  =     0.00 W/kg
 total heat =          0.0000 W-h/m2
  
   10.000, 0.6000, 0.5000,  4.03743,  4.06267,    23.00,  24.85,   0.58, 
   10.000, 0.6000, 0.5000,  4.03730,  4.06267,    23.00,  24.85,   0.58, 
   10.001, 0.6000, 0.5000,  4.03721,  4.06267,    23.00,  24.85,   0.59, 
   10.001, 0.6000, 0.5000,  4.03714,  4.06267,    23.00,  24.85,   0.59, 
   10.002, 0.6000, 0.5000,  4.03707,  4.06267,    23.00,  24.85,   0.59, 
   10.002, 0.6000, 0.5000,  4.03701,  4.06266,    23.00,  24.85,   0.59, 
   10.003, 0.6000, 0.5000,  4.03695,  4.06266,    23.00,  24.85,   0.59, 
   10.003, 0.6000, 0.5000,  4.03689,  4.06266,    23.00,  24.85,   0.59, 
   10.004, 0.6000, 0.5000,  4.03682,  4.06265,    23.00,  24.85,   0.59, 
   10.005, 0.6000, 0.5000,  4.03676,  4.06265,    23.00,  24.85,   0.60, 
   10.005, 0.5999, 0.5000,  4.03669,  4.06265,    23.00,  24.85,   0.60, 
   10.006, 0.5999, 0.5000,  4.03662,  4.06264,    23.00,  24.85,   0.60, 
   10.007, 0.5999, 0.5000,  4.03655,  4.06264,    23.00,  24.85,   0.60, 
   10.008, 0.5999, 0.5000,  4.03648,  4.06263,    23.00,  24.85,   0.60, 
   10.009, 0.5999, 0.5001,  4.03640,  4.06262,    23.00,  24.85,   0.60, 
   10.011, 0.5999, 0.5001,  4.03632,  4.06262,    23.00,  24.85,   0.60, 
   10.012, 0.5999, 0.5001,  4.03624,  4.06261,    23.00,  24.85,   0.61, 
   10.014, 0.5999, 0.5001,  4.03615,  4.06260,    23.00,  24.85,   0.61, 
   10.015, 0.5999, 0.5001,  4.03606,  4.06259,    23.00,  24.85,   0.61, 
   10.017, 0.5998, 0.5001,  4.03596,  4.06258,    23.00,  24.85,   0.61, 
   10.019, 0.5998, 0.5001,  4.03586,  4.06257,    23.00,  24.85,   0.61, 
   10.021, 0.5998, 0.5001,  4.03575,  4.06256,    23.00,  24.85,   0.62, 
   10.024, 0.5998, 0.5001,  4.03564,  4.06255,    23.00,  24.85,   0.62, 
   10.027, 0.5997, 0.5001,  4.03552,  4.06253,    23.00,  24.85,   0.62, 
   10.029, 0.5997, 0.5002,  4.03539,  4.06252,    23.00,  24.85,   0.62, 
   10.033, 0.5997, 0.5002,  4.03526,  4.06250,    23.00,  24.85,   0.63, 
   10.036, 0.5997, 0.5002,  4.03512,  4.06248,    23.00,  24.85,   0.63, 
   10.040, 0.5996, 0.5002,  4.03497,  4.06246,    23.00,  24.85,   0.63, 
   10.045, 0.5996, 0.5002,  4.03481,  4.06243,    23.00,  24.85,   0.64, 
   10.050, 0.5995, 0.5003,  4.03465,  4.06241,    23.00,  24.85,   0.64, 
   10.055, 0.5995, 0.5003,  4.03447,  4.06238,    23.00,  24.85,   0.64, 
   10.061, 0.5994, 0.5003,  4.03429,  4.06235,    23.00,  24.85,   0.65, 
   10.067, 0.5994, 0.5004,  4.03409,  4.06232,    23.00,  24.85,   0.65, 
   10.074, 0.5993, 0.5004,  4.03388,  4.06228,    23.00,  24.85,   0.65, 
   10.082, 0.5992, 0.5005,  4.03367,  4.06224,    23.00,  24.85,   0.66, 
   10.090, 0.5991, 0.5005,  4.03343,  4.06219,    23.00,  24.85,   0.66, 
   10.100, 0.5990, 0.5006,  4.03319,  4.06214,    23.00,  24.85,   0.67, 
   10.110, 0.5990, 0.5006,  4.03293,  4.06209,    23.00,  24.85,   0.67, 
   10.121, 0.5988, 0.5007,  4.03266,  4.06203,    23.00,  24.85,   0.68, 
   10.134, 0.5987, 0.5007,  4.03237,  4.06196,    23.00,  24.85,   0.68, 
   10.148, 0.5986, 0.5008,  4.03206,  4.06189,    23.00,  24.85,   0.69, 
   10.163, 0.5984, 0.5009,  4.03174,  4.06181,    23.00,  24.85,   0.69, 
   10.179, 0.5983, 0.5010,  4.03140,  4.06172,    23.00,  24.85,   0.70, 
   10.197, 0.5981, 0.5011,  4.03104,  4.06163,    23.00,  24.85,   0.70, 
   10.218, 0.5979, 0.5012,  4.03066,  4.06152,    23.00,  24.85,   0.71, 
   10.240, 0.5977, 0.5013,  4.03026,  4.06141,    23.00,  24.85,   0.72, 
   10.264, 0.5975, 0.5015,  4.02983,  4.06128,    23.00,  24.85,   0.72, 
   10.291, 0.5972, 0.5016,  4.02939,  4.06114,    23.00,  24.85,   0.73, 
   10.320, 0.5969, 0.5018,  4.02892,  4.06099,    23.00,  24.85,   0.74, 
   10.352, 0.5966, 0.5020,  4.02842,  4.06082,    23.00,  24.85,   0.74, 
   10.388, 0.5963, 0.5022,  4.02791,  4.06064,    23.00,  24.85,   0.75, 
   10.427, 0.5959, 0.5024,  4.02737,  4.06044,    23.00,  24.85,   0.76, 
   10.470, 0.5955, 0.5026,  4.02680,  4.06022,    23.00,  24.85,   0.77, 
   10.517, 0.5951, 0.5029,  4.02620,  4.05998,    23.00,  24.85,   0.77, 
   10.570, 0.5946, 0.5032,  4.02558,  4.05972,    23.00,  24.85,   0.78, 
   10.627, 0.5940, 0.5035,  4.02493,  4.05943,    23.00,  24.85,   0.79, 
   10.690, 0.5934, 0.5039,  4.02425,  4.05912,    23.00,  24.85,   0.80, 
   10.759, 0.5928, 0.5042,  4.02354,  4.05877,    23.00,  24.85,   0.81, 
   10.835, 0.5920, 0.5047,  4.02279,  4.05840,    23.00,  24.85,   0.82, 
   10.919, 0.5912, 0.5051,  4.02200,  4.05799,    23.00,  24.85,   0.82, 
   11.012, 0.5903, 0.5056,  4.02116,  4.05755,    23.00,  24.85,   0.83, 
   11.113, 0.5894, 0.5062,  4.02025,  4.05706,    23.00,  24.85,   0.84, 
   11.225, 0.5883, 0.5068,  4.01928,  4.05653,    23.00,  24.85,   0.85, 
   11.348, 0.5871, 0.5075,  4.01821,  4.05596,    23.00,  24.85,   0.86, 
   11.483, 0.5859, 0.5083,  4.01701,  4.05533,    23.00,  24.85,   0.88, 
   11.631, 0.5844, 0.5091,  4.01564,  4.05464,    23.00,  24.85,   0.89, 
   11.795, 0.5829, 0.5100,  4.01404,  4.05388,    23.00,  24.85,   0.91, 
   11.974, 0.5812, 0.5110,  4.01213,  4.05303,    23.00,  24.85,   0.94, 
   12.172, 0.5793, 0.5121,  4.00978,  4.05208,    23.00,  24.85,   0.97, 
   12.390, 0.5772, 0.5133,  4.00681,  4.05098,    23.00,  24.85,   1.01, 
   12.629, 0.5749, 0.5147,  4.00297,  4.04964,    23.00,  24.85,   1.07, 
   12.892, 0.5724, 0.5162,  3.99796,  4.04793,    23.00,  24.85,   1.14, 
   13.182, 0.5696, 0.5178,  3.99160,  4.04557,    23.00,  24.85,   1.23, 
   13.501, 0.5666, 0.5196,  3.98413,  4.04212,    23.00,  24.85,   1.32, 
   13.851, 0.5633, 0.5215,  3.97651,  4.03687,    23.00,  24.85,   1.38, 
   14.236, 0.5596, 0.5237,  3.96989,  4.02924,    23.00,  24.85,   1.35, 
   14.660, 0.5555, 0.5260,  3.96477,  4.01973,    23.00,  24.85,   1.26, 
   15.127, 0.5511, 0.5286,  3.96079,  4.01053,    23.00,  24.85,   1.14, 
   15.640, 0.5462, 0.5315,  3.95720,  4.00374,    23.00,  24.85,   1.07, 
   16.153, 0.5413, 0.5344,  3.95360,  3.99967,    23.00,  24.85,   1.06, 
   16.666, 0.5364, 0.5372,  3.94954,  3.99683,    23.00,  24.85,   1.08, 
   17.179, 0.5315, 0.5401,  3.94477,  3.99420,    23.00,  24.85,   1.13, 
   17.692, 0.5266, 0.5430,  3.93912,  3.99118,    23.00,  24.85,   1.19, 
   18.205, 0.5217, 0.5458,  3.93248,  3.98737,    23.00,  24.85,   1.25, 
   18.718, 0.5168, 0.5487,  3.92474,  3.98250,    23.00,  24.85,   1.32, 
   19.231, 0.5119, 0.5516,  3.91589,  3.97632,    23.00,  24.85,   1.38, 
   19.744, 0.5070, 0.5544,  3.90604,  3.96869,    23.00,  24.85,   1.43, 
   20.257, 0.5021, 0.5573,  3.89545,  3.95960,    23.00,  24.85,   1.47, 
   20.770, 0.4972, 0.5601,  3.88451,  3.94918,    23.00,  24.85,   1.48, 
   21.283, 0.4923, 0.5630,  3.87371,  3.93776,    23.00,  24.85,   1.46, 
   21.796, 0.4875, 0.5659,  3.86352,  3.92583,    23.00,  24.85,   1.43, 
   22.309, 0.4826, 0.5687,  3.85429,  3.91394,    23.00,  24.85,   1.37, 
   22.822, 0.4777, 0.5716,  3.84625,  3.90266,    23.00,  24.85,   1.29, 
   23.335, 0.4728, 0.5745,  3.83943,  3.89241,    23.00,  24.85,   1.22, 
   23.848, 0.4679, 0.5773,  3.83377,  3.88345,    23.00,  24.85,   1.14, 
   24.361, 0.4630, 0.5802,  3.82909,  3.87585,    23.00,  24.85,   1.08, 
   24.874, 0.4581, 0.5831,  3.82521,  3.86955,    23.00,  24.85,   1.02, 
   25.387, 0.4532, 0.5859,  3.82193,  3.86436,    23.00,  24.85,   0.97, 
   25.900, 0.4483, 0.5888,  3.81906,  3.86008,    23.00,  24.85,   0.94, 
   26.413, 0.4434, 0.5917,  3.81644,  3.85649,    23.00,  24.85,   0.92, 
   26.926, 0.4385, 0.5945,  3.81394,  3.85339,    23.00,  24.85,   0.90, 
   27.439, 0.4336, 0.5974,  3.81145,  3.85061,    23.00,  24.85,   0.89, 
   27.952, 0.4287, 0.6003,  3.80893,  3.84802,    23.00,  24.85,   0.89, 
   28.465, 0.4238, 0.6031,  3.80635,  3.84551,    23.00,  24.85,   0.89, 
   28.978, 0.4189, 0.6060,  3.80367,  3.84303,    23.00,  24.85,   0.90, 
   29.491, 0.4140, 0.6089,  3.80089,  3.84051,    23.00,  24.85,   0.91, 
   30.004, 0.4091, 0.6117,  3.79800,  3.83793,    23.00,  24.85,   0.91, 
   30.517, 0.4042, 0.6146,  3.79501,  3.83526,    23.00,  24.85,   0.92, 
   31.030, 0.3993, 0.6174,  3.79192,  3.83251,    23.00,  24.85,   0.93, 
   31.543, 0.3945, 0.6203,  3.78874,  3.82966,    23.00,  24.85,   0.94, 
   32.056, 0.3896, 0.6232,  3.78547,  3.82673,    23.00,  24.85,   0.95, 
   32.569, 0.3847, 0.6260,  3.78213,  3.82372,    23.00,  24.85,   0.96, 
   33.082, 0.3798, 0.6289,  3.77874,  3.82064,    23.00,  24.85,   0.97, 
   33.595, 0.3749, 0.6318,  3.77529,  3.81752,    23.00,  24.85,   0.98, 
   34.108, 0.3700, 0.6346,  3.77181,  3.81436,    23.00,  24.85,   0.99, 
   34.621, 0.3651, 0.6375,  3.76831,  3.81117,    23.00,  24.85,   1.00, 
   35.134, 0.3602, 0.6404,  3.76478,  3.80798,    23.00,  24.85,   1.00, 
   35.647, 0.3553, 0.6432,  3.76125,  3.80478,    23.00,  24.85,   1.01, 
   36.160, 0.3504, 0.6461,  3.75772,  3.80160,    23.00,  24.85,   1.02, 
   36.673, 0.3455, 0.6490,  3.75421,  3.79844,    23.00,  24.85,   1.02, 
   37.186, 0.3406, 0.6518,  3.75071,  3.79531,    23.00,  24.85,   1.03, 
   37.699, 0.3357, 0.6547,  3.74723,  3.79221,    23.00,  24.85,   1.04, 
   38.000, 0.3328, 0.6564,  3.74520,  3.79041,    23.00,  24.85,   1.04, 
   38.000, 0.3328, 0.6564,  3.77240,  3.79041,     0.00,  24.85,   0.05, 
 specific energy segment =    50.79 W-h/kg
 specific power segment  =   108.84 W/kg
 total heat =          0.5043 W-h/m2
  
   38.000, 0.3328, 0.6564,  3.77240,  3.79041,     0.00,  24.85,   0.05, 
   38.000, 0.3328, 0.6564,  3.77268,  3.79041,     0.00,  24.85,   0.05, 
   38.001, 0.3328, 0.6564,  3.77286,  3.79041,     0.00,  24.85,   0.05, 
   38.001, 0.3328, 0.6564,  3.77300,  3.79041,     0.00,  24.85,   0.05, 
   38.002, 0.3328, 0.6564,  3.77312,  3.79041,     0.00,  24.85,   0.05, 
   38.002, 0.3328, 0.6564,  3.77324,  3.79041,     0.00,  24.85,   0.05, 
   38.003, 0.3328, 0.6564,  3.77335,  3.79041,     0.00,  24.85,   0.05, 
   38.003, 0.3328, 0.6564,  3.77346,  3.79041,     0.00,  24.85,   0.05, 
   38.004, 0.3328, 0.6564,  3.77356,  3.79041,     0.00,  24.85,   0.05, 
   38.005, 0.3328, 0.6564,  3.77367,  3.79041,     0.00,  24.85,   0.05, 
   38.005, 0.3328, 0.6564,  3.77378,  3.79041,     0.00,  24.85,   0.04, 
   38.006, 0.3328, 0.6564,  3.77389,  3.79041,     0.00,  24.85,   0.04, 
   38.007, 0.3328, 0.6564,  3.77400,  3.79041,     0.00,  24.85,   0.04, 
   38.008, 0.3328, 0.6564,  3.77411,  3.79041,     0.00,  24.85,   0.04, 
   38.009, 0.3328, 0.6564,  3.77422,  3.79041,     0.00,  24.85,   0.04, 
   38.011, 0.3328, 0.6564,  3.77434,  3.79041,     0.00,  24.85,   0.04, 
   38.012, 0.3328, 0.6564,  3.77447,  3.79041,     0.00,  24.85,   0.04, 
   38.014, 0.3328, 0.6564,  3.77459,  3.79041,     0.00,  24.85,   0.04, 
   38.015, 0.3328, 0.6564,  3.77472,  3.79041,     0.00,  24.85,   0.04, 
   38.017, 0.3328, 0.6564,  3.77486,  3.79041,     0.00,  24.85,   0.04, 
   38.019, 0.3328, 0.6564,  3.77499,  3.79041,     0.00,  24.85,   0.04, 
   38.021, 0.3328, 0.6564,  3.77514,  3.79041,     0.00,  24.85,   0.04, 
   38.024, 0.3328, 0.6564,  3.77529,  3.79041,     0.00,  24.85,   0.04, 
   38.027, 0.3328, 0.6564,  3.77544,  3.79041,     0.00,  24.85,   0.04, 
   38.029, 0.3328, 0.6564,  3.77560,  3.79041,     0.00,  24.85,   0.04, 
   38.033, 0.3328, 0.6564,  3.77577,  3.79041,     0.00,  24.85,   0.04, 
   38.036, 0.3328, 0.6564,  3.77594,  3.79041,     0.00,  24.85,   0.03, 
   38.040, 0.3328, 0.6564,  3.77613,  3.79041,     0.00,  24.85,   0.03, 
   38.045, 0.3328, 0.6564,  3.77631,  3.79041,     0.00,  24.85,   0.03, 
   38.050, 0.3328, 0.6564,  3.77651,  3.79041,     0.00,  24.85,   0.03, 
   38.055, 0.3328, 0.6564,  3.77671,  3.79041,     0.00,  24.85,   0.03, 
   38.061, 0.3328, 0.6564,  3.77692,  3.79041,     0.00,  24.85,   0.03, 
   38.067, 0.3328, 0.6564,  3.77715,  3.79041,     0.00,  24.85,   0.03, 
   38.074, 0.3328, 0.6564,  3.77738,  3.79041,     0.00,  24.85,   0.03, 
   38.082, 0.3328, 0.6564,  3.77761,  3.79041,     0.00,  24.85,   0.03, 
   38.090, 0.3328, 0.6564,  3.77786,  3.79041,     0.00,  24.85,   0.03, 
   38.100, 0.3328, 0.6564,  3.77812,  3.79041,     0.00,  24.85,   0.03, 
   38.110, 0.3328, 0.6564,  3.77839,  3.79041,     0.00,  24.85,   0.03, 
   38.121, 0.3328, 0.6564,  3.77868,  3.79041,     0.00,  24.85,   0.03, 
   38.134, 0.3328, 0.6564,  3.77897,  3.79041,     0.00,  24.85,   0.03, 
   38.148, 0.3328, 0.6564,  3.77927,  3.79041,     0.00,  24.85,   0.03, 
   38.163, 0.3328, 0.6564,  3.77959,  3.79041,     0.00,  24.85,   0.03, 
   38.179, 0.3328, 0.6564,  3.77992,  3.79041,     0.00,  24.85,   0.03, 
   38.197, 0.3328, 0.6564,  3.78026,  3.79041,     0.00,  24.85,   0.03, 
   38.218, 0.3328, 0.6564,  3.78061,  3.79041,     0.00,  24.85,   0.03, 
   38.240, 0.3328, 0.6564,  3.78097,  3.79041,     0.00,  24.85,   0.03, 
   38.264, 0.3328, 0.6564,  3.78134,  3.79041,     0.00,  24.85,   0.03, 
   38.291, 0.3328, 0.6564,  3.78173,  3.79041,     0.00,  24.85,   0.02, 
   38.320, 0.3328, 0.6564,  3.78212,  3.79041,     0.00,  24.85,   0.02, 
   38.352, 0.3328, 0.6564,  3.78253,  3.79041,     0.00,  24.85,   0.02, 
   38.388, 0.3328, 0.6564,  3.78294,  3.79041,     0.00,  24.85,   0.02, 
   38.427, 0.3328, 0.6564,  3.78335,  3.79041,     0.00,  24.85,   0.02, 
   38.470, 0.3328, 0.6564,  3.78377,  3.79041,     0.00,  24.85,   0.02, 
   38.517, 0.3328, 0.6564,  3.78419,  3.79041,     0.00,  24.85,   0.02, 
   38.570, 0.3328, 0.6564,  3.78460,  3.79041,     0.00,  24.85,   0.02, 
   38.627, 0.3328, 0.6564,  3.78502,  3.79041,     0.00,  24.85,   0.02, 
   38.690, 0.3328, 0.6564,  3.78542,  3.79041,     0.00,  24.85,   0.02, 
   38.759, 0.3328, 0.6564,  3.78582,  3.79041,     0.00,  24.85,   0.02, 
   38.835, 0.3328, 0.6564,  3.78620,  3.79041,     0.00,  24.85,   0.02, 
   38.919, 0.3328, 0.6564,  3.78657,  3.79041,     0.00,  24.85,   0.02, 
   39.012, 0.3328, 0.6564,  3.78692,  3.79041,     0.00,  24.85,   0.02, 
   39.113, 0.3328, 0.6564,  3.78725,  3.79041,     0.00,  24.85,   0.02, 
   39.225, 0.3328, 0.6564,  3.78755,  3.79041,     0.00,  24.85,   0.02, 
   39.348, 0.3328, 0.6564,  3.78784,  3.79041,     0.00,  24.85,   0.02, 
   39.483, 0.3328, 0.6564,  3.78810,  3.79041,     0.00,  24.85,   0.01, 
   39.631, 0.3328, 0.6564,  3.78834,  3.79041,     0.00,  24.85,   0.01, 
   39.795, 0.3328, 0.6564,  3.78856,  3.79041,     0.00,  24.85,   0.01, 
   39.974, 0.3328, 0.6564,  3.78875,  3.79041,     0.00,  24.85,   0.01, 
   40.172, 0.3328, 0.6564,  3.78892,  3.79041,     0.00,  24.85,   0.01, 
   40.390, 0.3328, 0.6564,  3.78908,  3.79041,     0.00,  24.85,   0.01, 
   40.629, 0.3328, 0.6564,  3.78921,  3.79041,     0.00,  24.85,   0.01, 
   40.892, 0.3328, 0.6564,  3.78934,  3.79041,     0.00,  24.85,   0.01, 
   41.182, 0.3328, 0.6564,  3.78944,  3.79041,     0.00,  24.85,   0.01, 
   41.501, 0.3328, 0.6564,  3.78954,  3.79041,     0.00,  24.85,   0.01, 
   41.851, 0.3328, 0.6564,  3.78962,  3.79041,     0.00,  24.85,   0.01, 
   42.236, 0.3328, 0.6564,  3.78970,  3.79041,     0.00,  24.85,   0.01, 
   42.660, 0.3328, 0.6564,  3.78977,  3.79041,     0.00,  24.85,   0.00, 
   43.127, 0.3328, 0.6564,  3.78983,  3.79041,     0.00,  24.85,   0.00, 
   43.640, 0.3328, 0.6564,  3.78989,  3.79041,     0.00,  24.85,   0.00, 
   44.153, 0.3328, 0.6564,  3.78994,  3.79041,     0.00,  24.85,   0.00, 
   44.666, 0.3328, 0.6564,  3.78998,  3.79041,     0.00,  24.85,   0.00, 
   45.179, 0.3328, 0.6564,  3.79002,  3.79041,     0.00,  24.85,   0.00, 
   45.692, 0.3328, 0.6564,  3.79005,  3.79041,     0.00,  24.85,   0.00, 
   46.205, 0.3328, 0.6564,  3.79008,  3.79041,     0.00,  24.85,   0.00, 
   46.718, 0.3328, 0.6564,  3.79011,  3.79041,     0.00,  24.85,   0.00, 
   47.231, 0.3328, 0.6564,  3.79013,  3.79041,     0.00,  24.85,   0.00, 
   47.744, 0.3328, 0.6564,  3.79015,  3.79041,     0.00,  24.85,   0.00, 
   48.257, 0.3328, 0.6564,  3.79017,  3.79041,     0.00,  24.85,   0.00, 
   48.770, 0.3328, 0.6564,  3.79019,  3.79041,     0.00,  24.85,   0.00, 
   49.283, 0.3328, 0.6564,  3.79021,  3.79041,     0.00,  24.85,   0.00, 
   49.796, 0.3328, 0.6564,  3.79022,  3.79041,     0.00,  24.85,   0.00, 
   50.309, 0.3328, 0.6564,  3.79024,  3.79041,     0.00,  24.85,   0.00, 
   50.822, 0.3328, 0.6564,  3.79025,  3.79041,     0.00,  24.85,   0.00, 
   51.335, 0.3328, 0.6564,  3.79026,  3.79041,     0.00,  24.85,   0.00, 
   51.848, 0.3328, 0.6564,  3.79027,  3.79041,     0.00,  24.85,   0.00, 
   52.361, 0.3328, 0.6564,  3.79028,  3.79041,     0.00,  24.85,   0.00, 
   52.874, 0.3328, 0.6564,  3.79029,  3.79041,     0.00,  24.85,   0.00, 
   53.387, 0.3328, 0.6564,  3.79030,  3.79041,     0.00,  24.85,   0.00, 
   53.900, 0.3328, 0.6564,  3.79031,  3.79041,     0.00,  24.85,   0.00, 
   54.413, 0.3328, 0.6564,  3.79032,  3.79041,     0.00,  24.85,   0.00, 
   54.926, 0.3328, 0.6564,  3.79032,  3.79041,     0.00,  24.85,   0.00, 
   55.439, 0.3328, 0.6564,  3.79033,  3.79041,     0.00,  24.85,   0.00, 
   55.952, 0.3328, 0.6564,  3.79034,  3.79041,     0.00,  24.85,   0.00, 
   56.465, 0.3328, 0.6564,  3.79034,  3.79041,     0.00,  24.85,   0.00, 
   56.978, 0.3328, 0.6564,  3.79035,  3.79041,     0.00,  24.85,   0.00, 
   57.491, 0.3328, 0.6564,  3.79035,  3.79041,     0.00,  24.85,   0.00, 
   58.004, 0.3328, 0.6564,  3.79036,  3.79041,     0.00,  24.85,   0.00, 
   58.517, 0.3328, 0.6564,  3.79036,  3.79041,     0.00,  24.85,   0.00, 
   59.030, 0.3328, 0.6564,  3.79037,  3.79041,     0.00,  24.85,   0.00, 
   59.543, 0.3328, 0.6564,  3.79037,  3.79041,     0.00,  24.85,   0.00, 
   60.056, 0.3328, 0.6564,  3.79037,  3.79041,     0.00,  24.85,   0.00, 
   60.569, 0.3328, 0.6564,  3.79038,  3.79041,     0.00,  24.85,   0.00, 
   61.082, 0.3328, 0.6564,  3.79038,  3.79041,     0.00,  24.85,   0.00, 
   61.595, 0.3328, 0.6564,  3.79038,  3.79041,     0.00,  24.85,   0.00, 
   62.108, 0.3328, 0.6564,  3.79039,  3.79041,     0.00,  24.85,   0.00, 
   62.621, 0.3328, 0.6564,  3.79039,  3.79041,     0.00,  24.85,   0.00, 
   63.134, 0.3328, 0.6564,  3.79039,  3.79041,     0.00,  24.85,   0.00, 
   63.647, 0.3328, 0.6564,  3.79039,  3.79041,     0.00,  24.85,   0.00, 
   64.160, 0.3328, 0.6564,  3.79040,  3.79041,     0.00,  24.85,   0.00, 
   64.673, 0.3328, 0.6564,  3.79040,  3.79041,     0.00,  24.85,   0.00, 
   65.186, 0.3328, 0.6564,  3.79040,  3.79041,     0.00,  24.85,   0.00, 
   65.699, 0.3328, 0.6564,  3.79040,  3.79041,     0.00,  24.85,   0.00, 
   66.212, 0.3328, 0.6564,  3.79041,  3.79041,     0.00,  24.85,   0.00, 
   66.725, 0.3328, 0.6564,  3.79041,  3.79041,     0.00,  24.85,   0.00, 
   67.238, 0.3328, 0.6564,  3.79041,  3.79041,     0.00,  24.85,   0.00, 
   67.751, 0.3328, 0.6564,  3.79041,  3.79041,     0.00,  24.85,   0.00, 
   68.264, 0.3328, 0.6564,  3.79041,  3.79041,     0.00,  24.85,   0.00, 
   68.777, 0.3328, 0.6564,  3.79041,  3.79041,     0.00,  24.85,   0.00, 
   69.290, 0.3328, 0.6564,  3.79042,  3.79041,     0.00,  24.85,   0.00, 
   69.803, 0.3328, 0.6564,  3.79042,  3.79041,     0.00,  24.85,   0.00, 
   70.316, 0.3328, 0.6564,  3.79042,  3.79041,     0.00,  24.85,   0.00, 
   70.829, 0.3328, 0.6564,  3.79042,  3.79041,     0.00,  24.85,   0.00, 
   71.342, 0.3328, 0.6564,  3.79042,  3.79041,     0.00,  24.85,   0.00, 
   71.855, 0.3328, 0.6564,  3.79042,  3.79041,     0.00,  24.85,   0.00, 
   72.368, 0.3328, 0.6564,  3.79042,  3.79041,     0.00,  24.85,   0.00, 
   72.881, 0.3328, 0.6564,  3.79042,  3.79041,     0.00,  24.85,   0.00, 
   73.394, 0.3328, 0.6564,  3.79043,  3.79041,     0.00,  24.85,   0.00, 
   73.907, 0.3328, 0.6564,  3.79043,  3.79041,     0.00,  24.85,   0.00, 
   74.420, 0.3328, 0.6564,  3.79043,  3.79041,     0.00,  24.85,   0.00, 
   74.933, 0.3328, 0.6564,  3.79043,  3.79041,     0.00,  24.85,   0.00, 
   75.446, 0.3328, 0.6564,  3.79043,  3.79041,     0.00,  24.85,   0.00, 
   75.959, 0.3328, 0.6564,  3.79043,  3.79041,     0.00,  24.85,   0.00, 
   76.472, 0.3328, 0.6564,  3.79043,  3.79041,     0.00,  24.85,   0.00, 
   76.984, 0.3328, 0.6564,  3.79043,  3.79041,     0.00,  24.85,   0.00, 
   77.497, 0.3328, 0.6564,  3.79043,  3.79041,     0.00,  24.85,   0.00, 
   78.010, 0.3328, 0.6564,  3.79043,  3.79041,     0.00,  24.85,   0.00, 
   78.523, 0.3328, 0.6564,  3.79043,  3.79041,     0.00,  24.85,   0.00, 
   79.036, 0.3328, 0.6564,  3.79043,  3.79041,     0.00,  24.85,   0.00, 
   79.549, 0.3328, 0.6564,  3.79044,  3.79041,     0.00,  24.85,   0.00, 
   80.062, 0.3328, 0.6564,  3.79044,  3.79041,     0.00,  24.85,   0.00, 
   80.575, 0.3328, 0.6564,  3.79044,  3.79041,     0.00,  24.85,   0.00, 
   81.088, 0.3328, 0.6564,  3.79044,  3.79041,     0.00,  24.85,   0.00, 
   81.601, 0.3328, 0.6564,  3.79044,  3.79041,     0.00,  24.85,   0.00, 
   82.114, 0.3328, 0.6564,  3.79044,  3.79041,     0.00,  24.85,   0.00, 
   82.627, 0.3328, 0.6564,  3.79044,  3.79041,     0.00,  24.85,   0.00, 
   83.140, 0.3328, 0.6564,  3.79044,  3.79041,     0.00,  24.85,   0.00, 
   83.653, 0.3328, 0.6564,  3.79044,  3.79041,     0.00,  24.85,   0.00, 
   84.166, 0.3328, 0.6564,  3.79044,  3.79041,     0.00,  24.85,   0.00, 
   84.679, 0.3328, 0.6564,  3.79044,  3.79041,     0.00,  24.85,   0.00, 
   85.192, 0.3328, 0.6564,  3.79044,  3.79041,     0.00,  24.85,   0.00, 
   85.705, 0.3328, 0.6564,  3.79044,  3.79041,     0.00,  24.85,   0.00, 
   86.218, 0.3328, 0.6564,  3.79044,  3.79041,     0.00,  24.85,   0.00, 
   86.731, 0.3328, 0.6564,  3.79044,  3.79041,     0.00,  24.85,   0.00, 
   87.244, 0.3328, 0.6564,  3.79044,  3.79041,     0.00,  24.85,   0.00, 
   87.757, 0.3328, 0.6564,  3.79044,  3.79041,     0.00,  24.85,   0.00, 
   88.270, 0.3328, 0.6564,  3.79044,  3.79041,     0.00,  24.85,   0.00, 
   88.783, 0.3328, 0.6564,  3.79044,  3.79041,     0.00,  24.85,   0.00, 
   89.296, 0.3328, 0.6564,  3.79044,  3.79041,     0.00,  24.85,   0.00, 
   89.809, 0.3328, 0.6564,  3.79044,  3.79041,     0.00,  24.85,   0.00, 
   90.322, 0.3328, 0.6564,  3.79044,  3.79041,     0.00,  24.85,   0.00, 
   90.835, 0.3328, 0.6564,  3.79044,  3.79041,     0.00,  24.85,   0.00, 
   91.348, 0.3328, 0.6564,  3.79044,  3.79041,     0.00,  24.85,   0.00, 
   91.861, 0.3328, 0.6564,  3.79045,  3.79041,     0.00,  24.85,   0.00, 
   92.374, 0.3328, 0.6564,  3.79045,  3.79041,     0.00,  24.85,   0.00, 
   92.887, 0.3328, 0.6564,  3.79045,  3.79041,     0.00,  24.85,   0.00, 
   93.400, 0.3328, 0.6564,  3.79045,  3.79041,     0.00,  24.85,   0.00, 
   93.913, 0.3328, 0.6564,  3.79045,  3.79041,     0.00,  24.85,   0.00, 
   94.426, 0.3328, 0.6564,  3.79045,  3.79041,     0.00,  24.85,   0.00, 
   94.939, 0.3328, 0.6564,  3.79045,  3.79041,     0.00,  24.85,   0.00, 
   95.452, 0.3328, 0.6564,  3.79045,  3.79041,     0.00,  24.85,   0.00, 
   95.965, 0.3328, 0.6564,  3.79045,  3.79041,     0.00,  24.85,   0.00, 
   96.478, 0.3328, 0.6564,  3.79045,  3.79041,     0.00,  24.85,   0.00, 
   96.991, 0.3328, 0.6564,  3.79045,  3.79041,     0.00,  24.85,   0.00, 
   97.504, 0.3328, 0.6564,  3.79045,  3.79041,     0.00,  24.85,   0.00, 
   98.017, 0.3328, 0.6564,  3.79045,  3.79041,     0.00,  24.85,   0.00, 
   98.530, 0.3328, 0.6564,  3.79045,  3.79041,     0.00,  24.85,   0.00, 
   99.043, 0.3328, 0.6564,  3.79045,  3.79041,     0.00,  24.85,   0.00, 
   99.556, 0.3328, 0.6564,  3.79045,  3.79041,     0.00,  24.85,   0.00, 
  100.069, 0.3328, 0.6564,  3.79045,  3.79041,     0.00,  24.85,   0.00, 
  100.582, 0.3328, 0.6564,  3.79045,  3.79041,     0.00,  24.85,   0.00, 
  101.095, 0.3328, 0.6564,  3.79045,  3.79041,     0.00,  24.85,   0.00, 
  101.608, 0.3328, 0.6564,  3.79045,  3.79041,     0.00,  24.85,   0.00, 
  102.121, 0.3328, 0.6564,  3.79045,  3.79041,     0.00,  24.85,   0.00, 
  102.634, 0.3328, 0.6564,  3.79045,  3.79041,     0.00,  24.85,   0.00, 
  103.147, 0.3328, 0.6564,  3.79045,  3.79041,     0.00,  24.85,   0.00, 
  103.660, 0.3328, 0.6564,  3.79045,  3.79041,     0.00,  24.85,   0.00, 
  104.173, 0.3328, 0.6564,  3.79045,  3.79041,     0.00,  24.85,   0.00, 
  104.686, 0.3328, 0.6564,  3.79045,  3.79041,     0.00,  24.85,   0.00, 
  105.199, 0.3328, 0.6564,  3.79045,  3.79041,     0.00,  24.85,   0.00, 
  105.712, 0.3328, 0.6564,  3.79045,  3.79041,     0.00,  24.85,   0.00, 
  106.225, 0.3328, 0.6564,  3.79045,  3.79041,     0.00,  24.85,   0.00, 
  106.738, 0.3328, 0.6564,  3.79045,  3.79041,     0.00,  24.85,   0.00, 
  107.251, 0.3328, 0.6564,  3.79045,  3.79041,     0.00,  24.85,   0.00, 
  107.764, 0.3328, 0.6564,  3.79045,  3.79041,     0.00,  24.85,   0.00, 
  108.277, 0.3328, 0.6564,  3.79045,  3.79041,     0.00,  24.85,   0.00, 
  108.790, 0.3328, 0.6564,  3.79045,  3.79041,     0.00,  24.85,   0.00, 
  109.303, 0.3328, 0.6564,  3.79045,  3.79041,     0.00,  24.85,   0.00, 
  109.816, 0.3328, 0.6564,  3.79045,  3.79041,     0.00,  24.85,   0.00, 
  110.329, 0.3328, 0.6564,  3.79045,  3.79041,     0.00,  24.85,   0.00, 
  110.842, 0.3328, 0.6564,  3.79045,  3.79041,     0.00,  24.85,   0.00, 
  111.355, 0.3328, 0.6564,  3.79045,  3.79041,     0.00,  24.85,   0.00, 
  111.868, 0.3328, 0.6564,  3.79045,  3.79041,     0.00,  24.85,   0.00, 
  112.381, 0.3328, 0.6564,  3.79045,  3.79041,     0.00,  24.85,   0.00, 
  112.894, 0.3328, 0.6564,  3.79045,  3.79041,     0.00,  24.85,   0.00, 
  113.407, 0.3328, 0.6564,  3.79045,  3.79041,     0.00,  24.85,   0.00, 
  113.920, 0.3328, 0.6564,  3.79045,  3.79041,     0.00,  24.85,   0.00, 
  114.433, 0.3328, 0.6564,  3.79045,  3.79041,     0.00,  24.85,   0.00, 
  114.946, 0.3328, 0.6564,  3.79045,  3.79041,     0.00,  24.85,   0.00, 
  115.459, 0.3328, 0.6564,  3.79045,  3.79041,     0.00,  24.85,   0.00, 
  115.972, 0.3328, 0.6564,  3.79045,  3.79041,     0.00,  24.85,   0.00, 
  116.485, 0.3328, 0.6564,  3.79045,  3.79041,     0.00,  24.85,   0.00, 
  116.998, 0.3328, 0.6564,  3.79045,  3.79041,     0.00,  24.85,   0.00, 
  117.511, 0.3328, 0.6564,  3.79045,  3.79041,     0.00,  24.85,   0.00, 
  118.024, 0.3328, 0.6564,  3.79045,  3.79041,     0.00,  24.85,   0.00, 
  118.537, 0.3328, 0.6564,  3.79045,  3.79041,     0.00,  24.85,   0.00, 
  119.050, 0.3328, 0.6564,  3.79045,  3.79041,     0.00,  24.85,   0.00, 
  119.563, 0.3328, 0.6564,  3.79045,  3.79041,     0.00,  24.85,   0.00, 
  120.076, 0.3328, 0.6564,  3.79045,  3.79041,     0.00,  24.85,   0.00, 
  120.589, 0.3328, 0.6564,  3.79045,  3.79041,     0.00,  24.85,   0.00, 
  121.102, 0.3328, 0.6564,  3.79045,  3.79041,     0.00,  24.85,   0.00, 
  121.615, 0.3328, 0.6564,  3.79045,  3.79041,     0.00,  24.85,   0.00, 
  122.128, 0.3328, 0.6564,  3.79045,  3.79041,     0.00,  24.85,   0.00, 
  122.641, 0.3328, 0.6564,  3.79045,  3.79041,     0.00,  24.85,   0.00, 
  123.154, 0.3328, 0.6564,  3.79045,  3.79041,     0.00,  24.85,   0.00, 
  123.667, 0.3328, 0.6564,  3.79045,  3.79041,     0.00,  24.85,   0.00, 
  124.180, 0.3328, 0.6564,  3.79045,  3.79041,     0.00,  24.85,   0.00, 
  124.693, 0.3328, 0.6564,  3.79045,  3.79041,     0.00,  24.85,   0.00, 
  125.206, 0.3328, 0.6564,  3.79045,  3.79041,     0.00,  24.85,   0.00, 
  125.719, 0.3328, 0.6564,  3.79045,  3.79041,     0.00,  24.85,   0.00, 
  126.232, 0.3328, 0.6564,  3.79045,  3.79041,     0.00,  24.85,   0.00, 
  126.745, 0.3328, 0.6564,  3.79045,  3.79041,     0.00,  24.85,   0.00, 
  127.258, 0.3328, 0.6564,  3.79045,  3.79041,     0.00,  24.85,   0.00, 
  127.771, 0.3328, 0.6564,  3.79045,  3.79041,     0.00,  24.85,   0.00, 
  128.284, 0.3328, 0.6564,  3.79045,  3.79041,     0.00,  24.85,   0.00, 
  128.797, 0.3328, 0.6564,  3.79045,  3.79041,     0.00,  24.85,   0.00, 
  129.310, 0.3328, 0.6564,  3.79045,  3.79041,     0.00,  24.85,   0.00, 
  129.823, 0.3328, 0.6564,  3.79045,  3.79041,     0.00,  24.85,   0.00, 
  130.336, 0.3328, 0.6564,  3.79045,  3.79041,     0.00,  24.85,   0.00, 
  130.849, 0.3328, 0.6564,  3.79045,  3.79041,     0.00,  24.85,   0.00, 
  131.362, 0.3328, 0.6564,  3.79045,  3.79041,     0.00,  24.85,   0.00, 
  131.875, 0.3328, 0.6564,  3.79045,  3.79041,     0.00,  24.85,   0.00, 
  132.388, 0.3328, 0.6564,  3.79045,  3.79041,     0.00,  24.85,   0.00, 
  132.901, 0.3328, 0.6564,  3.79045,  3.79041,     0.00,  24.85,   0.00, 
  133.414, 0.3328, 0.6564,  3.79045,  3.79041,     0.00,  24.85,   0.00, 
  133.927, 0.3328, 0.6564,  3.79045,  3.79041,     0.00,  24.85,   0.00, 
  134.440, 0.3328, 0.6564,  3.79045,  3.79041,     0.00,  24.85,   0.00, 
  134.953, 0.3328, 0.6564,  3.79045,  3.79041,     0.00,  24.85,   0.00, 
  135.466, 0.3328, 0.6564,  3.79045,  3.79041,     0.00,  24.85,   0.00, 
  135.979, 0.3328, 0.6564,  3.79045,  3.79041,     0.00,  24.85,   0.00, 
  136.492, 0.3328, 0.6564,  3.79045,  3.79041,     0.00,  24.85,   0.00, 
  137.005, 0.3328, 0.6564,  3.79045,  3.79041,     0.00,  24.85,   0.00, 
  137.518, 0.3328, 0.6564,  3.79045,  3.79041,     0.00,  24.85,   0.00, 
  138.000, 0.3328, 0.6564,  3.79045,  3.79041,     0.00,  24.85,   0.00, 

            mass  =  0.8166 kg/m2
 specific energy segment =     0.00 W-h/kg
 specific power segment  =     0.00 W/kg
 total heat =          0.5056 W-h/m2
  
